[2025-07-28T23:28:28.205+0000] {taskinstance.py:1083} INFO - Dependencies all met for <TaskInstance: quarta_dag.tsk2 manual__2025-07-28T23:28:20.797365+00:00 [queued]>
[2025-07-28T23:28:28.222+0000] {taskinstance.py:1083} INFO - Dependencies all met for <TaskInstance: quarta_dag.tsk2 manual__2025-07-28T23:28:20.797365+00:00 [queued]>
[2025-07-28T23:28:28.223+0000] {taskinstance.py:1279} INFO - 
--------------------------------------------------------------------------------
[2025-07-28T23:28:28.223+0000] {taskinstance.py:1280} INFO - Starting attempt 1 of 1
[2025-07-28T23:28:28.224+0000] {taskinstance.py:1281} INFO - 
--------------------------------------------------------------------------------
[2025-07-28T23:28:28.250+0000] {taskinstance.py:1300} INFO - Executing <Task(BashOperator): tsk2> on 2025-07-28 23:28:20.797365+00:00
[2025-07-28T23:28:28.258+0000] {standard_task_runner.py:55} INFO - Started process 1625 to run task
[2025-07-28T23:28:28.265+0000] {standard_task_runner.py:82} INFO - Running: ['***', 'tasks', 'run', 'quarta_dag', 'tsk2', 'manual__2025-07-28T23:28:20.797365+00:00', '--job-id', '15', '--raw', '--subdir', 'DAGS_FOLDER/fourth_dag.py', '--cfg-path', '/tmp/tmpail94n58']
[2025-07-28T23:28:28.267+0000] {standard_task_runner.py:83} INFO - Job 15: Subtask tsk2
[2025-07-28T23:28:28.387+0000] {task_command.py:388} INFO - Running <TaskInstance: quarta_dag.tsk2 manual__2025-07-28T23:28:20.797365+00:00 [running]> on host e4f4c2abe5cf
[2025-07-28T23:28:28.491+0000] {taskinstance.py:1509} INFO - Exporting the following env vars:
AIRFLOW_CTX_DAG_OWNER=***
AIRFLOW_CTX_DAG_ID=quarta_dag
AIRFLOW_CTX_TASK_ID=tsk2
AIRFLOW_CTX_EXECUTION_DATE=2025-07-28T23:28:20.797365+00:00
AIRFLOW_CTX_TRY_NUMBER=1
AIRFLOW_CTX_DAG_RUN_ID=manual__2025-07-28T23:28:20.797365+00:00
[2025-07-28T23:28:28.493+0000] {subprocess.py:63} INFO - Tmp dir root location: 
 /tmp
[2025-07-28T23:28:28.494+0000] {subprocess.py:75} INFO - Running command: ['/bin/bash', '-c', 'sleep 5']
[2025-07-28T23:28:28.518+0000] {subprocess.py:86} INFO - Output:
[2025-07-28T23:28:33.521+0000] {subprocess.py:97} INFO - Command exited with return code 0
[2025-07-28T23:28:33.559+0000] {taskinstance.py:1323} INFO - Marking task as SUCCESS. dag_id=quarta_dag, task_id=tsk2, execution_date=20250728T232820, start_date=20250728T232828, end_date=20250728T232833
[2025-07-28T23:28:33.599+0000] {local_task_job.py:208} INFO - Task exited with return code 0
[2025-07-28T23:28:33.622+0000] {taskinstance.py:2578} INFO - 1 downstream tasks scheduled from follow-on schedule check
