[2025-07-28T23:10:44.702+0000] {taskinstance.py:1083} INFO - Dependencies all met for <TaskInstance: primeira_dag.tsk3 manual__2025-07-28T23:10:30.079577+00:00 [queued]>
[2025-07-28T23:10:44.713+0000] {taskinstance.py:1083} INFO - Dependencies all met for <TaskInstance: primeira_dag.tsk3 manual__2025-07-28T23:10:30.079577+00:00 [queued]>
[2025-07-28T23:10:44.714+0000] {taskinstance.py:1279} INFO - 
--------------------------------------------------------------------------------
[2025-07-28T23:10:44.715+0000] {taskinstance.py:1280} INFO - Starting attempt 1 of 1
[2025-07-28T23:10:44.716+0000] {taskinstance.py:1281} INFO - 
--------------------------------------------------------------------------------
[2025-07-28T23:10:44.731+0000] {taskinstance.py:1300} INFO - Executing <Task(BashOperator): tsk3> on 2025-07-28 23:10:30.079577+00:00
[2025-07-28T23:10:44.735+0000] {standard_task_runner.py:55} INFO - Started process 238 to run task
[2025-07-28T23:10:44.739+0000] {standard_task_runner.py:82} INFO - Running: ['***', 'tasks', 'run', 'primeira_dag', 'tsk3', 'manual__2025-07-28T23:10:30.079577+00:00', '--job-id', '7', '--raw', '--subdir', 'DAGS_FOLDER/firts_dag.py', '--cfg-path', '/tmp/tmp_b8ua3eo']
[2025-07-28T23:10:44.740+0000] {standard_task_runner.py:83} INFO - Job 7: Subtask tsk3
[2025-07-28T23:10:44.848+0000] {task_command.py:388} INFO - Running <TaskInstance: primeira_dag.tsk3 manual__2025-07-28T23:10:30.079577+00:00 [running]> on host e4f4c2abe5cf
[2025-07-28T23:10:44.919+0000] {taskinstance.py:1509} INFO - Exporting the following env vars:
AIRFLOW_CTX_DAG_OWNER=***
AIRFLOW_CTX_DAG_ID=primeira_dag
AIRFLOW_CTX_TASK_ID=tsk3
AIRFLOW_CTX_EXECUTION_DATE=2025-07-28T23:10:30.079577+00:00
AIRFLOW_CTX_TRY_NUMBER=1
AIRFLOW_CTX_DAG_RUN_ID=manual__2025-07-28T23:10:30.079577+00:00
[2025-07-28T23:10:44.922+0000] {subprocess.py:63} INFO - Tmp dir root location: 
 /tmp
[2025-07-28T23:10:44.923+0000] {subprocess.py:75} INFO - Running command: ['/bin/bash', '-c', 'sleep 5']
[2025-07-28T23:10:44.934+0000] {subprocess.py:86} INFO - Output:
[2025-07-28T23:10:49.937+0000] {subprocess.py:97} INFO - Command exited with return code 0
[2025-07-28T23:10:49.970+0000] {taskinstance.py:1323} INFO - Marking task as SUCCESS. dag_id=primeira_dag, task_id=tsk3, execution_date=20250728T231030, start_date=20250728T231044, end_date=20250728T231049
[2025-07-28T23:10:50.027+0000] {local_task_job.py:208} INFO - Task exited with return code 0
[2025-07-28T23:10:50.047+0000] {taskinstance.py:2578} INFO - 0 downstream tasks scheduled from follow-on schedule check
