[2025-07-28T23:20:09.186+0000] {taskinstance.py:1083} INFO - Dependencies all met for <TaskInstance: terceira_dag.tsk2 manual__2025-07-28T23:20:07.939684+00:00 [queued]>
[2025-07-28T23:20:09.200+0000] {taskinstance.py:1083} INFO - Dependencies all met for <TaskInstance: terceira_dag.tsk2 manual__2025-07-28T23:20:07.939684+00:00 [queued]>
[2025-07-28T23:20:09.200+0000] {taskinstance.py:1279} INFO - 
--------------------------------------------------------------------------------
[2025-07-28T23:20:09.201+0000] {taskinstance.py:1280} INFO - Starting attempt 1 of 1
[2025-07-28T23:20:09.201+0000] {taskinstance.py:1281} INFO - 
--------------------------------------------------------------------------------
[2025-07-28T23:20:09.227+0000] {taskinstance.py:1300} INFO - Executing <Task(BashOperator): tsk2> on 2025-07-28 23:20:07.939684+00:00
[2025-07-28T23:20:09.236+0000] {standard_task_runner.py:55} INFO - Started process 974 to run task
[2025-07-28T23:20:09.240+0000] {standard_task_runner.py:82} INFO - Running: ['***', 'tasks', 'run', 'terceira_dag', 'tsk2', 'manual__2025-07-28T23:20:07.939684+00:00', '--job-id', '12', '--raw', '--subdir', 'DAGS_FOLDER/third.py', '--cfg-path', '/tmp/tmpntoft95e']
[2025-07-28T23:20:09.241+0000] {standard_task_runner.py:83} INFO - Job 12: Subtask tsk2
[2025-07-28T23:20:09.374+0000] {task_command.py:388} INFO - Running <TaskInstance: terceira_dag.tsk2 manual__2025-07-28T23:20:07.939684+00:00 [running]> on host e4f4c2abe5cf
[2025-07-28T23:20:09.472+0000] {taskinstance.py:1509} INFO - Exporting the following env vars:
AIRFLOW_CTX_DAG_OWNER=***
AIRFLOW_CTX_DAG_ID=terceira_dag
AIRFLOW_CTX_TASK_ID=tsk2
AIRFLOW_CTX_EXECUTION_DATE=2025-07-28T23:20:07.939684+00:00
AIRFLOW_CTX_TRY_NUMBER=1
AIRFLOW_CTX_DAG_RUN_ID=manual__2025-07-28T23:20:07.939684+00:00
[2025-07-28T23:20:09.474+0000] {subprocess.py:63} INFO - Tmp dir root location: 
 /tmp
[2025-07-28T23:20:09.476+0000] {subprocess.py:75} INFO - Running command: ['/bin/bash', '-c', 'sleep 5']
[2025-07-28T23:20:09.493+0000] {subprocess.py:86} INFO - Output:
[2025-07-28T23:20:14.498+0000] {subprocess.py:97} INFO - Command exited with return code 0
[2025-07-28T23:20:14.544+0000] {taskinstance.py:1323} INFO - Marking task as SUCCESS. dag_id=terceira_dag, task_id=tsk2, execution_date=20250728T232007, start_date=20250728T232009, end_date=20250728T232014
[2025-07-28T23:20:14.625+0000] {local_task_job.py:208} INFO - Task exited with return code 0
[2025-07-28T23:20:14.658+0000] {taskinstance.py:2578} INFO - 0 downstream tasks scheduled from follow-on schedule check
