[2025-07-28T23:15:53.563+0000] {taskinstance.py:1083} INFO - Dependencies all met for <TaskInstance: segunda_dag.tsk2 manual__2025-07-28T23:15:46.255613+00:00 [queued]>
[2025-07-28T23:15:53.575+0000] {taskinstance.py:1083} INFO - Dependencies all met for <TaskInstance: segunda_dag.tsk2 manual__2025-07-28T23:15:46.255613+00:00 [queued]>
[2025-07-28T23:15:53.576+0000] {taskinstance.py:1279} INFO - 
--------------------------------------------------------------------------------
[2025-07-28T23:15:53.577+0000] {taskinstance.py:1280} INFO - Starting attempt 1 of 1
[2025-07-28T23:15:53.578+0000] {taskinstance.py:1281} INFO - 
--------------------------------------------------------------------------------
[2025-07-28T23:15:53.593+0000] {taskinstance.py:1300} INFO - Executing <Task(BashOperator): tsk2> on 2025-07-28 23:15:46.255613+00:00
[2025-07-28T23:15:53.600+0000] {standard_task_runner.py:55} INFO - Started process 630 to run task
[2025-07-28T23:15:53.604+0000] {standard_task_runner.py:82} INFO - Running: ['***', 'tasks', 'run', 'segunda_dag', 'tsk2', 'manual__2025-07-28T23:15:46.255613+00:00', '--job-id', '10', '--raw', '--subdir', 'DAGS_FOLDER/seconde_dag.py', '--cfg-path', '/tmp/tmpy1lw_d08']
[2025-07-28T23:15:53.605+0000] {standard_task_runner.py:83} INFO - Job 10: Subtask tsk2
[2025-07-28T23:15:53.701+0000] {task_command.py:388} INFO - Running <TaskInstance: segunda_dag.tsk2 manual__2025-07-28T23:15:46.255613+00:00 [running]> on host e4f4c2abe5cf
[2025-07-28T23:15:53.799+0000] {taskinstance.py:1509} INFO - Exporting the following env vars:
AIRFLOW_CTX_DAG_OWNER=***
AIRFLOW_CTX_DAG_ID=segunda_dag
AIRFLOW_CTX_TASK_ID=tsk2
AIRFLOW_CTX_EXECUTION_DATE=2025-07-28T23:15:46.255613+00:00
AIRFLOW_CTX_TRY_NUMBER=1
AIRFLOW_CTX_DAG_RUN_ID=manual__2025-07-28T23:15:46.255613+00:00
[2025-07-28T23:15:53.800+0000] {subprocess.py:63} INFO - Tmp dir root location: 
 /tmp
[2025-07-28T23:15:53.802+0000] {subprocess.py:75} INFO - Running command: ['/bin/bash', '-c', 'sleep 5']
[2025-07-28T23:15:53.815+0000] {subprocess.py:86} INFO - Output:
[2025-07-28T23:15:58.818+0000] {subprocess.py:97} INFO - Command exited with return code 0
[2025-07-28T23:15:58.860+0000] {taskinstance.py:1323} INFO - Marking task as SUCCESS. dag_id=segunda_dag, task_id=tsk2, execution_date=20250728T231546, start_date=20250728T231553, end_date=20250728T231558
[2025-07-28T23:15:58.902+0000] {local_task_job.py:208} INFO - Task exited with return code 0
[2025-07-28T23:15:58.924+0000] {taskinstance.py:2578} INFO - 0 downstream tasks scheduled from follow-on schedule check
