[2025-07-28T23:10:38.535+0000] {taskinstance.py:1083} INFO - Dependencies all met for <TaskInstance: primeira_dag.tsk2 manual__2025-07-28T23:10:30.079577+00:00 [queued]>
[2025-07-28T23:10:38.547+0000] {taskinstance.py:1083} INFO - Dependencies all met for <TaskInstance: primeira_dag.tsk2 manual__2025-07-28T23:10:30.079577+00:00 [queued]>
[2025-07-28T23:10:38.548+0000] {taskinstance.py:1279} INFO - 
--------------------------------------------------------------------------------
[2025-07-28T23:10:38.549+0000] {taskinstance.py:1280} INFO - Starting attempt 1 of 1
[2025-07-28T23:10:38.550+0000] {taskinstance.py:1281} INFO - 
--------------------------------------------------------------------------------
[2025-07-28T23:10:38.565+0000] {taskinstance.py:1300} INFO - Executing <Task(BashOperator): tsk2> on 2025-07-28 23:10:30.079577+00:00
[2025-07-28T23:10:38.570+0000] {standard_task_runner.py:55} INFO - Started process 219 to run task
[2025-07-28T23:10:38.574+0000] {standard_task_runner.py:82} INFO - Running: ['***', 'tasks', 'run', 'primeira_dag', 'tsk2', 'manual__2025-07-28T23:10:30.079577+00:00', '--job-id', '6', '--raw', '--subdir', 'DAGS_FOLDER/firts_dag.py', '--cfg-path', '/tmp/tmpdyk9hwt7']
[2025-07-28T23:10:38.575+0000] {standard_task_runner.py:83} INFO - Job 6: Subtask tsk2
[2025-07-28T23:10:38.702+0000] {task_command.py:388} INFO - Running <TaskInstance: primeira_dag.tsk2 manual__2025-07-28T23:10:30.079577+00:00 [running]> on host e4f4c2abe5cf
[2025-07-28T23:10:38.778+0000] {taskinstance.py:1509} INFO - Exporting the following env vars:
AIRFLOW_CTX_DAG_OWNER=***
AIRFLOW_CTX_DAG_ID=primeira_dag
AIRFLOW_CTX_TASK_ID=tsk2
AIRFLOW_CTX_EXECUTION_DATE=2025-07-28T23:10:30.079577+00:00
AIRFLOW_CTX_TRY_NUMBER=1
AIRFLOW_CTX_DAG_RUN_ID=manual__2025-07-28T23:10:30.079577+00:00
[2025-07-28T23:10:38.779+0000] {subprocess.py:63} INFO - Tmp dir root location: 
 /tmp
[2025-07-28T23:10:38.780+0000] {subprocess.py:75} INFO - Running command: ['/bin/bash', '-c', 'sleep 5']
[2025-07-28T23:10:38.793+0000] {subprocess.py:86} INFO - Output:
[2025-07-28T23:10:43.799+0000] {subprocess.py:97} INFO - Command exited with return code 0
[2025-07-28T23:10:43.834+0000] {taskinstance.py:1323} INFO - Marking task as SUCCESS. dag_id=primeira_dag, task_id=tsk2, execution_date=20250728T231030, start_date=20250728T231038, end_date=20250728T231043
[2025-07-28T23:10:43.862+0000] {local_task_job.py:208} INFO - Task exited with return code 0
[2025-07-28T23:10:43.890+0000] {taskinstance.py:2578} INFO - 1 downstream tasks scheduled from follow-on schedule check
