[2025-07-28T23:28:21.805+0000] {taskinstance.py:1083} INFO - Dependencies all met for <TaskInstance: quarta_dag.tsk3 manual__2025-07-28T23:28:20.797365+00:00 [queued]>
[2025-07-28T23:28:21.815+0000] {taskinstance.py:1083} INFO - Dependencies all met for <TaskInstance: quarta_dag.tsk3 manual__2025-07-28T23:28:20.797365+00:00 [queued]>
[2025-07-28T23:28:21.817+0000] {taskinstance.py:1279} INFO - 
--------------------------------------------------------------------------------
[2025-07-28T23:28:21.818+0000] {taskinstance.py:1280} INFO - Starting attempt 1 of 1
[2025-07-28T23:28:21.819+0000] {taskinstance.py:1281} INFO - 
--------------------------------------------------------------------------------
[2025-07-28T23:28:21.834+0000] {taskinstance.py:1300} INFO - Executing <Task(BashOperator): tsk3> on 2025-07-28 23:28:20.797365+00:00
[2025-07-28T23:28:21.839+0000] {standard_task_runner.py:55} INFO - Started process 1622 to run task
[2025-07-28T23:28:21.842+0000] {standard_task_runner.py:82} INFO - Running: ['***', 'tasks', 'run', 'quarta_dag', 'tsk3', 'manual__2025-07-28T23:28:20.797365+00:00', '--job-id', '14', '--raw', '--subdir', 'DAGS_FOLDER/fourth_dag.py', '--cfg-path', '/tmp/tmpkz_1fe4k']
[2025-07-28T23:28:21.843+0000] {standard_task_runner.py:83} INFO - Job 14: Subtask tsk3
[2025-07-28T23:28:21.979+0000] {task_command.py:388} INFO - Running <TaskInstance: quarta_dag.tsk3 manual__2025-07-28T23:28:20.797365+00:00 [running]> on host e4f4c2abe5cf
[2025-07-28T23:28:22.047+0000] {taskinstance.py:1509} INFO - Exporting the following env vars:
AIRFLOW_CTX_DAG_OWNER=***
AIRFLOW_CTX_DAG_ID=quarta_dag
AIRFLOW_CTX_TASK_ID=tsk3
AIRFLOW_CTX_EXECUTION_DATE=2025-07-28T23:28:20.797365+00:00
AIRFLOW_CTX_TRY_NUMBER=1
AIRFLOW_CTX_DAG_RUN_ID=manual__2025-07-28T23:28:20.797365+00:00
[2025-07-28T23:28:22.048+0000] {subprocess.py:63} INFO - Tmp dir root location: 
 /tmp
[2025-07-28T23:28:22.051+0000] {subprocess.py:75} INFO - Running command: ['/bin/bash', '-c', 'sleep 5']
[2025-07-28T23:28:22.061+0000] {subprocess.py:86} INFO - Output:
[2025-07-28T23:28:27.065+0000] {subprocess.py:97} INFO - Command exited with return code 0
[2025-07-28T23:28:27.110+0000] {taskinstance.py:1323} INFO - Marking task as SUCCESS. dag_id=quarta_dag, task_id=tsk3, execution_date=20250728T232820, start_date=20250728T232821, end_date=20250728T232827
[2025-07-28T23:28:27.150+0000] {local_task_job.py:208} INFO - Task exited with return code 0
[2025-07-28T23:28:27.192+0000] {taskinstance.py:2578} INFO - 1 downstream tasks scheduled from follow-on schedule check
