[2025-07-28T22:45:39.025+0000] {processor.py:153} INFO - Started process (PID=73) to work on /home/airflow/.local/lib/python3.7/site-packages/airflow/example_dags/example_subdag_operator.py
[2025-07-28T22:45:39.028+0000] {processor.py:743} INFO - Processing file /home/airflow/.local/lib/python3.7/site-packages/airflow/example_dags/example_subdag_operator.py for tasks to queue
[2025-07-28T22:45:39.029+0000] {logging_mixin.py:137} INFO - [2025-07-28T22:45:39.029+0000] {dagbag.py:538} INFO - Filling up the DagBag from /home/airflow/.local/lib/python3.7/site-packages/airflow/example_dags/example_subdag_operator.py
[2025-07-28T22:45:39.098+0000] {processor.py:753} INFO - DAG(s) dict_keys(['example_subdag_operator.section-1', 'example_subdag_operator.section-2', 'example_subdag_operator']) retrieved from /home/airflow/.local/lib/python3.7/site-packages/airflow/example_dags/example_subdag_operator.py
[2025-07-28T22:45:39.343+0000] {logging_mixin.py:137} INFO - [2025-07-28T22:45:39.342+0000] {manager.py:504} INFO - Created Permission View: can delete on DAG:example_subdag_operator
[2025-07-28T22:45:39.361+0000] {logging_mixin.py:137} INFO - [2025-07-28T22:45:39.360+0000] {manager.py:504} INFO - Created Permission View: can read on DAG:example_subdag_operator
[2025-07-28T22:45:39.376+0000] {logging_mixin.py:137} INFO - [2025-07-28T22:45:39.376+0000] {manager.py:504} INFO - Created Permission View: can edit on DAG:example_subdag_operator
[2025-07-28T22:45:39.377+0000] {logging_mixin.py:137} INFO - [2025-07-28T22:45:39.377+0000] {dag.py:2690} INFO - Sync 3 DAGs
[2025-07-28T22:45:39.402+0000] {logging_mixin.py:137} INFO - [2025-07-28T22:45:39.402+0000] {dag.py:2711} INFO - Creating ORM DAG for example_subdag_operator.section-1
[2025-07-28T22:45:39.403+0000] {logging_mixin.py:137} INFO - [2025-07-28T22:45:39.403+0000] {dag.py:2711} INFO - Creating ORM DAG for example_subdag_operator.section-2
[2025-07-28T22:45:39.404+0000] {logging_mixin.py:137} INFO - [2025-07-28T22:45:39.404+0000] {dag.py:2711} INFO - Creating ORM DAG for example_subdag_operator
[2025-07-28T22:45:39.423+0000] {logging_mixin.py:137} INFO - [2025-07-28T22:45:39.422+0000] {dag.py:3441} INFO - Setting next_dagrun for example_subdag_operator to 2022-01-01T00:00:00+00:00, run_after=2022-01-01T00:00:00+00:00
[2025-07-28T22:45:39.424+0000] {logging_mixin.py:137} INFO - [2025-07-28T22:45:39.424+0000] {dag.py:3441} INFO - Setting next_dagrun for example_subdag_operator.section-1 to None, run_after=None
[2025-07-28T22:45:39.426+0000] {logging_mixin.py:137} INFO - [2025-07-28T22:45:39.425+0000] {dag.py:3441} INFO - Setting next_dagrun for example_subdag_operator.section-2 to None, run_after=None
[2025-07-28T22:45:39.446+0000] {logging_mixin.py:137} INFO - [2025-07-28T22:45:39.445+0000] {dag.py:2690} INFO - Sync 2 DAGs
[2025-07-28T22:45:39.460+0000] {logging_mixin.py:137} INFO - [2025-07-28T22:45:39.460+0000] {dag.py:3441} INFO - Setting next_dagrun for example_subdag_operator.section-1 to None, run_after=None
[2025-07-28T22:45:39.471+0000] {logging_mixin.py:137} INFO - [2025-07-28T22:45:39.471+0000] {dag.py:3441} INFO - Setting next_dagrun for example_subdag_operator.section-2 to None, run_after=None
[2025-07-28T22:45:39.497+0000] {processor.py:175} INFO - Processing /home/airflow/.local/lib/python3.7/site-packages/airflow/example_dags/example_subdag_operator.py took 0.481 seconds
[2025-07-28T22:46:09.981+0000] {processor.py:153} INFO - Started process (PID=144) to work on /home/airflow/.local/lib/python3.7/site-packages/airflow/example_dags/example_subdag_operator.py
[2025-07-28T22:46:09.988+0000] {processor.py:743} INFO - Processing file /home/airflow/.local/lib/python3.7/site-packages/airflow/example_dags/example_subdag_operator.py for tasks to queue
[2025-07-28T22:46:09.996+0000] {logging_mixin.py:137} INFO - [2025-07-28T22:46:09.995+0000] {dagbag.py:538} INFO - Filling up the DagBag from /home/airflow/.local/lib/python3.7/site-packages/airflow/example_dags/example_subdag_operator.py
[2025-07-28T22:46:10.128+0000] {processor.py:753} INFO - DAG(s) dict_keys(['example_subdag_operator.section-1', 'example_subdag_operator.section-2', 'example_subdag_operator']) retrieved from /home/airflow/.local/lib/python3.7/site-packages/airflow/example_dags/example_subdag_operator.py
[2025-07-28T22:46:10.137+0000] {logging_mixin.py:137} INFO - [2025-07-28T22:46:10.136+0000] {dag.py:2690} INFO - Sync 3 DAGs
[2025-07-28T22:46:10.264+0000] {logging_mixin.py:137} INFO - [2025-07-28T22:46:10.263+0000] {dag.py:3441} INFO - Setting next_dagrun for example_subdag_operator to 2022-01-01T00:00:00+00:00, run_after=2022-01-01T00:00:00+00:00
[2025-07-28T22:46:10.278+0000] {logging_mixin.py:137} INFO - [2025-07-28T22:46:10.278+0000] {dag.py:3441} INFO - Setting next_dagrun for example_subdag_operator.section-1 to None, run_after=None
[2025-07-28T22:46:10.286+0000] {logging_mixin.py:137} INFO - [2025-07-28T22:46:10.286+0000] {dag.py:3441} INFO - Setting next_dagrun for example_subdag_operator.section-2 to None, run_after=None
[2025-07-28T22:46:10.326+0000] {logging_mixin.py:137} INFO - [2025-07-28T22:46:10.325+0000] {dag.py:2690} INFO - Sync 2 DAGs
[2025-07-28T22:46:10.350+0000] {logging_mixin.py:137} INFO - [2025-07-28T22:46:10.350+0000] {dag.py:3441} INFO - Setting next_dagrun for example_subdag_operator.section-1 to None, run_after=None
[2025-07-28T22:46:10.351+0000] {logging_mixin.py:137} INFO - [2025-07-28T22:46:10.351+0000] {dag.py:3441} INFO - Setting next_dagrun for example_subdag_operator.section-2 to None, run_after=None
[2025-07-28T22:46:10.398+0000] {processor.py:175} INFO - Processing /home/airflow/.local/lib/python3.7/site-packages/airflow/example_dags/example_subdag_operator.py took 0.427 seconds
[2025-07-28T22:46:41.167+0000] {processor.py:153} INFO - Started process (PID=214) to work on /home/airflow/.local/lib/python3.7/site-packages/airflow/example_dags/example_subdag_operator.py
[2025-07-28T22:46:41.169+0000] {processor.py:743} INFO - Processing file /home/airflow/.local/lib/python3.7/site-packages/airflow/example_dags/example_subdag_operator.py for tasks to queue
[2025-07-28T22:46:41.171+0000] {logging_mixin.py:137} INFO - [2025-07-28T22:46:41.171+0000] {dagbag.py:538} INFO - Filling up the DagBag from /home/airflow/.local/lib/python3.7/site-packages/airflow/example_dags/example_subdag_operator.py
[2025-07-28T22:46:41.231+0000] {processor.py:753} INFO - DAG(s) dict_keys(['example_subdag_operator.section-1', 'example_subdag_operator.section-2', 'example_subdag_operator']) retrieved from /home/airflow/.local/lib/python3.7/site-packages/airflow/example_dags/example_subdag_operator.py
[2025-07-28T22:46:41.262+0000] {logging_mixin.py:137} INFO - [2025-07-28T22:46:41.262+0000] {dag.py:2690} INFO - Sync 3 DAGs
[2025-07-28T22:46:41.310+0000] {logging_mixin.py:137} INFO - [2025-07-28T22:46:41.310+0000] {dag.py:3441} INFO - Setting next_dagrun for example_subdag_operator to 2022-01-01T00:00:00+00:00, run_after=2022-01-01T00:00:00+00:00
[2025-07-28T22:46:41.315+0000] {logging_mixin.py:137} INFO - [2025-07-28T22:46:41.315+0000] {dag.py:3441} INFO - Setting next_dagrun for example_subdag_operator.section-1 to None, run_after=None
[2025-07-28T22:46:41.319+0000] {logging_mixin.py:137} INFO - [2025-07-28T22:46:41.318+0000] {dag.py:3441} INFO - Setting next_dagrun for example_subdag_operator.section-2 to None, run_after=None
[2025-07-28T22:46:41.332+0000] {logging_mixin.py:137} INFO - [2025-07-28T22:46:41.332+0000] {dag.py:2690} INFO - Sync 2 DAGs
[2025-07-28T22:46:41.344+0000] {logging_mixin.py:137} INFO - [2025-07-28T22:46:41.344+0000] {dag.py:3441} INFO - Setting next_dagrun for example_subdag_operator.section-1 to None, run_after=None
[2025-07-28T22:46:41.345+0000] {logging_mixin.py:137} INFO - [2025-07-28T22:46:41.345+0000] {dag.py:3441} INFO - Setting next_dagrun for example_subdag_operator.section-2 to None, run_after=None
[2025-07-28T22:46:41.367+0000] {processor.py:175} INFO - Processing /home/airflow/.local/lib/python3.7/site-packages/airflow/example_dags/example_subdag_operator.py took 0.205 seconds
[2025-07-28T22:47:11.515+0000] {processor.py:153} INFO - Started process (PID=285) to work on /home/airflow/.local/lib/python3.7/site-packages/airflow/example_dags/example_subdag_operator.py
[2025-07-28T22:47:11.523+0000] {processor.py:743} INFO - Processing file /home/airflow/.local/lib/python3.7/site-packages/airflow/example_dags/example_subdag_operator.py for tasks to queue
[2025-07-28T22:47:11.525+0000] {logging_mixin.py:137} INFO - [2025-07-28T22:47:11.524+0000] {dagbag.py:538} INFO - Filling up the DagBag from /home/airflow/.local/lib/python3.7/site-packages/airflow/example_dags/example_subdag_operator.py
[2025-07-28T22:47:11.588+0000] {processor.py:753} INFO - DAG(s) dict_keys(['example_subdag_operator.section-1', 'example_subdag_operator.section-2', 'example_subdag_operator']) retrieved from /home/airflow/.local/lib/python3.7/site-packages/airflow/example_dags/example_subdag_operator.py
[2025-07-28T22:47:11.618+0000] {logging_mixin.py:137} INFO - [2025-07-28T22:47:11.618+0000] {dag.py:2690} INFO - Sync 3 DAGs
[2025-07-28T22:47:11.660+0000] {logging_mixin.py:137} INFO - [2025-07-28T22:47:11.660+0000] {dag.py:3441} INFO - Setting next_dagrun for example_subdag_operator to 2022-01-01T00:00:00+00:00, run_after=2022-01-01T00:00:00+00:00
[2025-07-28T22:47:11.668+0000] {logging_mixin.py:137} INFO - [2025-07-28T22:47:11.667+0000] {dag.py:3441} INFO - Setting next_dagrun for example_subdag_operator.section-1 to None, run_after=None
[2025-07-28T22:47:11.671+0000] {logging_mixin.py:137} INFO - [2025-07-28T22:47:11.671+0000] {dag.py:3441} INFO - Setting next_dagrun for example_subdag_operator.section-2 to None, run_after=None
[2025-07-28T22:47:11.685+0000] {logging_mixin.py:137} INFO - [2025-07-28T22:47:11.685+0000] {dag.py:2690} INFO - Sync 2 DAGs
[2025-07-28T22:47:11.695+0000] {logging_mixin.py:137} INFO - [2025-07-28T22:47:11.694+0000] {dag.py:3441} INFO - Setting next_dagrun for example_subdag_operator.section-1 to None, run_after=None
[2025-07-28T22:47:11.696+0000] {logging_mixin.py:137} INFO - [2025-07-28T22:47:11.695+0000] {dag.py:3441} INFO - Setting next_dagrun for example_subdag_operator.section-2 to None, run_after=None
[2025-07-28T22:47:11.719+0000] {processor.py:175} INFO - Processing /home/airflow/.local/lib/python3.7/site-packages/airflow/example_dags/example_subdag_operator.py took 0.211 seconds
[2025-07-28T22:47:42.144+0000] {processor.py:153} INFO - Started process (PID=365) to work on /home/airflow/.local/lib/python3.7/site-packages/airflow/example_dags/example_subdag_operator.py
[2025-07-28T22:47:42.146+0000] {processor.py:743} INFO - Processing file /home/airflow/.local/lib/python3.7/site-packages/airflow/example_dags/example_subdag_operator.py for tasks to queue
[2025-07-28T22:47:42.148+0000] {logging_mixin.py:137} INFO - [2025-07-28T22:47:42.148+0000] {dagbag.py:538} INFO - Filling up the DagBag from /home/airflow/.local/lib/python3.7/site-packages/airflow/example_dags/example_subdag_operator.py
[2025-07-28T22:47:42.230+0000] {processor.py:753} INFO - DAG(s) dict_keys(['example_subdag_operator.section-1', 'example_subdag_operator.section-2', 'example_subdag_operator']) retrieved from /home/airflow/.local/lib/python3.7/site-packages/airflow/example_dags/example_subdag_operator.py
[2025-07-28T22:47:42.284+0000] {logging_mixin.py:137} INFO - [2025-07-28T22:47:42.283+0000] {dag.py:2690} INFO - Sync 3 DAGs
[2025-07-28T22:47:42.335+0000] {logging_mixin.py:137} INFO - [2025-07-28T22:47:42.335+0000] {dag.py:3441} INFO - Setting next_dagrun for example_subdag_operator to 2022-01-01T00:00:00+00:00, run_after=2022-01-01T00:00:00+00:00
[2025-07-28T22:47:42.343+0000] {logging_mixin.py:137} INFO - [2025-07-28T22:47:42.342+0000] {dag.py:3441} INFO - Setting next_dagrun for example_subdag_operator.section-1 to None, run_after=None
[2025-07-28T22:47:42.349+0000] {logging_mixin.py:137} INFO - [2025-07-28T22:47:42.348+0000] {dag.py:3441} INFO - Setting next_dagrun for example_subdag_operator.section-2 to None, run_after=None
[2025-07-28T22:47:42.366+0000] {logging_mixin.py:137} INFO - [2025-07-28T22:47:42.366+0000] {dag.py:2690} INFO - Sync 2 DAGs
[2025-07-28T22:47:42.374+0000] {logging_mixin.py:137} INFO - [2025-07-28T22:47:42.374+0000] {dag.py:3441} INFO - Setting next_dagrun for example_subdag_operator.section-1 to None, run_after=None
[2025-07-28T22:47:42.375+0000] {logging_mixin.py:137} INFO - [2025-07-28T22:47:42.375+0000] {dag.py:3441} INFO - Setting next_dagrun for example_subdag_operator.section-2 to None, run_after=None
[2025-07-28T22:47:42.397+0000] {processor.py:175} INFO - Processing /home/airflow/.local/lib/python3.7/site-packages/airflow/example_dags/example_subdag_operator.py took 0.261 seconds
[2025-07-28T22:48:12.913+0000] {processor.py:153} INFO - Started process (PID=442) to work on /home/airflow/.local/lib/python3.7/site-packages/airflow/example_dags/example_subdag_operator.py
[2025-07-28T22:48:12.916+0000] {processor.py:743} INFO - Processing file /home/airflow/.local/lib/python3.7/site-packages/airflow/example_dags/example_subdag_operator.py for tasks to queue
[2025-07-28T22:48:12.918+0000] {logging_mixin.py:137} INFO - [2025-07-28T22:48:12.917+0000] {dagbag.py:538} INFO - Filling up the DagBag from /home/airflow/.local/lib/python3.7/site-packages/airflow/example_dags/example_subdag_operator.py
[2025-07-28T22:48:13.149+0000] {processor.py:753} INFO - DAG(s) dict_keys(['example_subdag_operator.section-1', 'example_subdag_operator.section-2', 'example_subdag_operator']) retrieved from /home/airflow/.local/lib/python3.7/site-packages/airflow/example_dags/example_subdag_operator.py
[2025-07-28T22:48:13.209+0000] {logging_mixin.py:137} INFO - [2025-07-28T22:48:13.208+0000] {dag.py:2690} INFO - Sync 3 DAGs
[2025-07-28T22:48:13.297+0000] {logging_mixin.py:137} INFO - [2025-07-28T22:48:13.296+0000] {dag.py:3441} INFO - Setting next_dagrun for example_subdag_operator to 2022-01-01T00:00:00+00:00, run_after=2022-01-01T00:00:00+00:00
[2025-07-28T22:48:13.304+0000] {logging_mixin.py:137} INFO - [2025-07-28T22:48:13.303+0000] {dag.py:3441} INFO - Setting next_dagrun for example_subdag_operator.section-1 to None, run_after=None
[2025-07-28T22:48:13.309+0000] {logging_mixin.py:137} INFO - [2025-07-28T22:48:13.309+0000] {dag.py:3441} INFO - Setting next_dagrun for example_subdag_operator.section-2 to None, run_after=None
[2025-07-28T22:48:13.338+0000] {logging_mixin.py:137} INFO - [2025-07-28T22:48:13.337+0000] {dag.py:2690} INFO - Sync 2 DAGs
[2025-07-28T22:48:13.375+0000] {logging_mixin.py:137} INFO - [2025-07-28T22:48:13.374+0000] {dag.py:3441} INFO - Setting next_dagrun for example_subdag_operator.section-1 to None, run_after=None
[2025-07-28T22:48:13.391+0000] {logging_mixin.py:137} INFO - [2025-07-28T22:48:13.390+0000] {dag.py:3441} INFO - Setting next_dagrun for example_subdag_operator.section-2 to None, run_after=None
[2025-07-28T22:48:13.444+0000] {processor.py:175} INFO - Processing /home/airflow/.local/lib/python3.7/site-packages/airflow/example_dags/example_subdag_operator.py took 0.541 seconds
[2025-07-28T22:48:43.729+0000] {processor.py:153} INFO - Started process (PID=513) to work on /home/airflow/.local/lib/python3.7/site-packages/airflow/example_dags/example_subdag_operator.py
[2025-07-28T22:48:43.731+0000] {processor.py:743} INFO - Processing file /home/airflow/.local/lib/python3.7/site-packages/airflow/example_dags/example_subdag_operator.py for tasks to queue
[2025-07-28T22:48:43.733+0000] {logging_mixin.py:137} INFO - [2025-07-28T22:48:43.733+0000] {dagbag.py:538} INFO - Filling up the DagBag from /home/airflow/.local/lib/python3.7/site-packages/airflow/example_dags/example_subdag_operator.py
[2025-07-28T22:48:43.859+0000] {processor.py:753} INFO - DAG(s) dict_keys(['example_subdag_operator.section-1', 'example_subdag_operator.section-2', 'example_subdag_operator']) retrieved from /home/airflow/.local/lib/python3.7/site-packages/airflow/example_dags/example_subdag_operator.py
[2025-07-28T22:48:43.914+0000] {logging_mixin.py:137} INFO - [2025-07-28T22:48:43.914+0000] {dag.py:2690} INFO - Sync 3 DAGs
[2025-07-28T22:48:43.964+0000] {logging_mixin.py:137} INFO - [2025-07-28T22:48:43.964+0000] {dag.py:3441} INFO - Setting next_dagrun for example_subdag_operator to 2022-01-01T00:00:00+00:00, run_after=2022-01-01T00:00:00+00:00
[2025-07-28T22:48:43.971+0000] {logging_mixin.py:137} INFO - [2025-07-28T22:48:43.970+0000] {dag.py:3441} INFO - Setting next_dagrun for example_subdag_operator.section-1 to None, run_after=None
[2025-07-28T22:48:43.975+0000] {logging_mixin.py:137} INFO - [2025-07-28T22:48:43.975+0000] {dag.py:3441} INFO - Setting next_dagrun for example_subdag_operator.section-2 to None, run_after=None
[2025-07-28T22:48:43.985+0000] {logging_mixin.py:137} INFO - [2025-07-28T22:48:43.985+0000] {dag.py:2690} INFO - Sync 2 DAGs
[2025-07-28T22:48:43.999+0000] {logging_mixin.py:137} INFO - [2025-07-28T22:48:43.999+0000] {dag.py:3441} INFO - Setting next_dagrun for example_subdag_operator.section-1 to None, run_after=None
[2025-07-28T22:48:44.000+0000] {logging_mixin.py:137} INFO - [2025-07-28T22:48:44.000+0000] {dag.py:3441} INFO - Setting next_dagrun for example_subdag_operator.section-2 to None, run_after=None
[2025-07-28T22:48:44.026+0000] {processor.py:175} INFO - Processing /home/airflow/.local/lib/python3.7/site-packages/airflow/example_dags/example_subdag_operator.py took 0.307 seconds
[2025-07-28T22:49:14.360+0000] {processor.py:153} INFO - Started process (PID=584) to work on /home/airflow/.local/lib/python3.7/site-packages/airflow/example_dags/example_subdag_operator.py
[2025-07-28T22:49:14.363+0000] {processor.py:743} INFO - Processing file /home/airflow/.local/lib/python3.7/site-packages/airflow/example_dags/example_subdag_operator.py for tasks to queue
[2025-07-28T22:49:14.369+0000] {logging_mixin.py:137} INFO - [2025-07-28T22:49:14.368+0000] {dagbag.py:538} INFO - Filling up the DagBag from /home/airflow/.local/lib/python3.7/site-packages/airflow/example_dags/example_subdag_operator.py
[2025-07-28T22:49:14.486+0000] {processor.py:753} INFO - DAG(s) dict_keys(['example_subdag_operator.section-1', 'example_subdag_operator.section-2', 'example_subdag_operator']) retrieved from /home/airflow/.local/lib/python3.7/site-packages/airflow/example_dags/example_subdag_operator.py
[2025-07-28T22:49:14.557+0000] {logging_mixin.py:137} INFO - [2025-07-28T22:49:14.556+0000] {dag.py:2690} INFO - Sync 3 DAGs
[2025-07-28T22:49:14.650+0000] {logging_mixin.py:137} INFO - [2025-07-28T22:49:14.650+0000] {dag.py:3441} INFO - Setting next_dagrun for example_subdag_operator to 2022-01-01T00:00:00+00:00, run_after=2022-01-01T00:00:00+00:00
[2025-07-28T22:49:14.667+0000] {logging_mixin.py:137} INFO - [2025-07-28T22:49:14.667+0000] {dag.py:3441} INFO - Setting next_dagrun for example_subdag_operator.section-1 to None, run_after=None
[2025-07-28T22:49:14.672+0000] {logging_mixin.py:137} INFO - [2025-07-28T22:49:14.671+0000] {dag.py:3441} INFO - Setting next_dagrun for example_subdag_operator.section-2 to None, run_after=None
[2025-07-28T22:49:14.713+0000] {logging_mixin.py:137} INFO - [2025-07-28T22:49:14.713+0000] {dag.py:2690} INFO - Sync 2 DAGs
[2025-07-28T22:49:14.736+0000] {logging_mixin.py:137} INFO - [2025-07-28T22:49:14.736+0000] {dag.py:3441} INFO - Setting next_dagrun for example_subdag_operator.section-1 to None, run_after=None
[2025-07-28T22:49:14.737+0000] {logging_mixin.py:137} INFO - [2025-07-28T22:49:14.737+0000] {dag.py:3441} INFO - Setting next_dagrun for example_subdag_operator.section-2 to None, run_after=None
[2025-07-28T22:49:14.763+0000] {processor.py:175} INFO - Processing /home/airflow/.local/lib/python3.7/site-packages/airflow/example_dags/example_subdag_operator.py took 0.412 seconds
[2025-07-28T22:49:45.230+0000] {processor.py:153} INFO - Started process (PID=655) to work on /home/airflow/.local/lib/python3.7/site-packages/airflow/example_dags/example_subdag_operator.py
[2025-07-28T22:49:45.232+0000] {processor.py:743} INFO - Processing file /home/airflow/.local/lib/python3.7/site-packages/airflow/example_dags/example_subdag_operator.py for tasks to queue
[2025-07-28T22:49:45.233+0000] {logging_mixin.py:137} INFO - [2025-07-28T22:49:45.233+0000] {dagbag.py:538} INFO - Filling up the DagBag from /home/airflow/.local/lib/python3.7/site-packages/airflow/example_dags/example_subdag_operator.py
[2025-07-28T22:49:45.280+0000] {processor.py:753} INFO - DAG(s) dict_keys(['example_subdag_operator.section-1', 'example_subdag_operator.section-2', 'example_subdag_operator']) retrieved from /home/airflow/.local/lib/python3.7/site-packages/airflow/example_dags/example_subdag_operator.py
[2025-07-28T22:49:45.304+0000] {logging_mixin.py:137} INFO - [2025-07-28T22:49:45.303+0000] {dag.py:2690} INFO - Sync 3 DAGs
[2025-07-28T22:49:45.341+0000] {logging_mixin.py:137} INFO - [2025-07-28T22:49:45.340+0000] {dag.py:3441} INFO - Setting next_dagrun for example_subdag_operator to 2022-01-01T00:00:00+00:00, run_after=2022-01-01T00:00:00+00:00
[2025-07-28T22:49:45.344+0000] {logging_mixin.py:137} INFO - [2025-07-28T22:49:45.344+0000] {dag.py:3441} INFO - Setting next_dagrun for example_subdag_operator.section-1 to None, run_after=None
[2025-07-28T22:49:45.348+0000] {logging_mixin.py:137} INFO - [2025-07-28T22:49:45.348+0000] {dag.py:3441} INFO - Setting next_dagrun for example_subdag_operator.section-2 to None, run_after=None
[2025-07-28T22:49:45.363+0000] {logging_mixin.py:137} INFO - [2025-07-28T22:49:45.363+0000] {dag.py:2690} INFO - Sync 2 DAGs
[2025-07-28T22:49:45.376+0000] {logging_mixin.py:137} INFO - [2025-07-28T22:49:45.376+0000] {dag.py:3441} INFO - Setting next_dagrun for example_subdag_operator.section-1 to None, run_after=None
[2025-07-28T22:49:45.377+0000] {logging_mixin.py:137} INFO - [2025-07-28T22:49:45.377+0000] {dag.py:3441} INFO - Setting next_dagrun for example_subdag_operator.section-2 to None, run_after=None
[2025-07-28T22:49:45.399+0000] {processor.py:175} INFO - Processing /home/airflow/.local/lib/python3.7/site-packages/airflow/example_dags/example_subdag_operator.py took 0.174 seconds
[2025-07-28T22:50:15.845+0000] {processor.py:153} INFO - Started process (PID=742) to work on /home/airflow/.local/lib/python3.7/site-packages/airflow/example_dags/example_subdag_operator.py
[2025-07-28T22:50:15.847+0000] {processor.py:743} INFO - Processing file /home/airflow/.local/lib/python3.7/site-packages/airflow/example_dags/example_subdag_operator.py for tasks to queue
[2025-07-28T22:50:15.849+0000] {logging_mixin.py:137} INFO - [2025-07-28T22:50:15.848+0000] {dagbag.py:538} INFO - Filling up the DagBag from /home/airflow/.local/lib/python3.7/site-packages/airflow/example_dags/example_subdag_operator.py
[2025-07-28T22:50:15.911+0000] {processor.py:753} INFO - DAG(s) dict_keys(['example_subdag_operator.section-1', 'example_subdag_operator.section-2', 'example_subdag_operator']) retrieved from /home/airflow/.local/lib/python3.7/site-packages/airflow/example_dags/example_subdag_operator.py
[2025-07-28T22:50:15.949+0000] {logging_mixin.py:137} INFO - [2025-07-28T22:50:15.949+0000] {dag.py:2690} INFO - Sync 3 DAGs
[2025-07-28T22:50:15.999+0000] {logging_mixin.py:137} INFO - [2025-07-28T22:50:15.998+0000] {dag.py:3441} INFO - Setting next_dagrun for example_subdag_operator to 2022-01-01T00:00:00+00:00, run_after=2022-01-01T00:00:00+00:00
[2025-07-28T22:50:16.004+0000] {logging_mixin.py:137} INFO - [2025-07-28T22:50:16.004+0000] {dag.py:3441} INFO - Setting next_dagrun for example_subdag_operator.section-1 to None, run_after=None
[2025-07-28T22:50:16.010+0000] {logging_mixin.py:137} INFO - [2025-07-28T22:50:16.010+0000] {dag.py:3441} INFO - Setting next_dagrun for example_subdag_operator.section-2 to None, run_after=None
[2025-07-28T22:50:16.025+0000] {logging_mixin.py:137} INFO - [2025-07-28T22:50:16.024+0000] {dag.py:2690} INFO - Sync 2 DAGs
[2025-07-28T22:50:16.035+0000] {logging_mixin.py:137} INFO - [2025-07-28T22:50:16.035+0000] {dag.py:3441} INFO - Setting next_dagrun for example_subdag_operator.section-1 to None, run_after=None
[2025-07-28T22:50:16.036+0000] {logging_mixin.py:137} INFO - [2025-07-28T22:50:16.036+0000] {dag.py:3441} INFO - Setting next_dagrun for example_subdag_operator.section-2 to None, run_after=None
[2025-07-28T22:50:16.061+0000] {processor.py:175} INFO - Processing /home/airflow/.local/lib/python3.7/site-packages/airflow/example_dags/example_subdag_operator.py took 0.226 seconds
[2025-07-28T22:50:46.799+0000] {processor.py:153} INFO - Started process (PID=813) to work on /home/airflow/.local/lib/python3.7/site-packages/airflow/example_dags/example_subdag_operator.py
[2025-07-28T22:50:46.801+0000] {processor.py:743} INFO - Processing file /home/airflow/.local/lib/python3.7/site-packages/airflow/example_dags/example_subdag_operator.py for tasks to queue
[2025-07-28T22:50:46.802+0000] {logging_mixin.py:137} INFO - [2025-07-28T22:50:46.802+0000] {dagbag.py:538} INFO - Filling up the DagBag from /home/airflow/.local/lib/python3.7/site-packages/airflow/example_dags/example_subdag_operator.py
[2025-07-28T22:50:46.860+0000] {processor.py:753} INFO - DAG(s) dict_keys(['example_subdag_operator.section-1', 'example_subdag_operator.section-2', 'example_subdag_operator']) retrieved from /home/airflow/.local/lib/python3.7/site-packages/airflow/example_dags/example_subdag_operator.py
[2025-07-28T22:50:46.882+0000] {logging_mixin.py:137} INFO - [2025-07-28T22:50:46.882+0000] {dag.py:2690} INFO - Sync 3 DAGs
[2025-07-28T22:50:46.913+0000] {logging_mixin.py:137} INFO - [2025-07-28T22:50:46.913+0000] {dag.py:3441} INFO - Setting next_dagrun for example_subdag_operator to 2022-01-01T00:00:00+00:00, run_after=2022-01-01T00:00:00+00:00
[2025-07-28T22:50:46.918+0000] {logging_mixin.py:137} INFO - [2025-07-28T22:50:46.918+0000] {dag.py:3441} INFO - Setting next_dagrun for example_subdag_operator.section-1 to None, run_after=None
[2025-07-28T22:50:46.920+0000] {logging_mixin.py:137} INFO - [2025-07-28T22:50:46.919+0000] {dag.py:3441} INFO - Setting next_dagrun for example_subdag_operator.section-2 to None, run_after=None
[2025-07-28T22:50:46.930+0000] {logging_mixin.py:137} INFO - [2025-07-28T22:50:46.930+0000] {dag.py:2690} INFO - Sync 2 DAGs
[2025-07-28T22:50:46.936+0000] {logging_mixin.py:137} INFO - [2025-07-28T22:50:46.936+0000] {dag.py:3441} INFO - Setting next_dagrun for example_subdag_operator.section-1 to None, run_after=None
[2025-07-28T22:50:46.937+0000] {logging_mixin.py:137} INFO - [2025-07-28T22:50:46.936+0000] {dag.py:3441} INFO - Setting next_dagrun for example_subdag_operator.section-2 to None, run_after=None
[2025-07-28T22:50:46.958+0000] {processor.py:175} INFO - Processing /home/airflow/.local/lib/python3.7/site-packages/airflow/example_dags/example_subdag_operator.py took 0.166 seconds
[2025-07-28T22:51:17.618+0000] {processor.py:153} INFO - Started process (PID=884) to work on /home/airflow/.local/lib/python3.7/site-packages/airflow/example_dags/example_subdag_operator.py
[2025-07-28T22:51:17.620+0000] {processor.py:743} INFO - Processing file /home/airflow/.local/lib/python3.7/site-packages/airflow/example_dags/example_subdag_operator.py for tasks to queue
[2025-07-28T22:51:17.621+0000] {logging_mixin.py:137} INFO - [2025-07-28T22:51:17.620+0000] {dagbag.py:538} INFO - Filling up the DagBag from /home/airflow/.local/lib/python3.7/site-packages/airflow/example_dags/example_subdag_operator.py
[2025-07-28T22:51:17.663+0000] {processor.py:753} INFO - DAG(s) dict_keys(['example_subdag_operator.section-1', 'example_subdag_operator.section-2', 'example_subdag_operator']) retrieved from /home/airflow/.local/lib/python3.7/site-packages/airflow/example_dags/example_subdag_operator.py
[2025-07-28T22:51:17.686+0000] {logging_mixin.py:137} INFO - [2025-07-28T22:51:17.686+0000] {dag.py:2690} INFO - Sync 3 DAGs
[2025-07-28T22:51:17.717+0000] {logging_mixin.py:137} INFO - [2025-07-28T22:51:17.716+0000] {dag.py:3441} INFO - Setting next_dagrun for example_subdag_operator to 2022-01-01T00:00:00+00:00, run_after=2022-01-01T00:00:00+00:00
[2025-07-28T22:51:17.721+0000] {logging_mixin.py:137} INFO - [2025-07-28T22:51:17.721+0000] {dag.py:3441} INFO - Setting next_dagrun for example_subdag_operator.section-1 to None, run_after=None
[2025-07-28T22:51:17.724+0000] {logging_mixin.py:137} INFO - [2025-07-28T22:51:17.724+0000] {dag.py:3441} INFO - Setting next_dagrun for example_subdag_operator.section-2 to None, run_after=None
[2025-07-28T22:51:17.735+0000] {logging_mixin.py:137} INFO - [2025-07-28T22:51:17.734+0000] {dag.py:2690} INFO - Sync 2 DAGs
[2025-07-28T22:51:17.747+0000] {logging_mixin.py:137} INFO - [2025-07-28T22:51:17.746+0000] {dag.py:3441} INFO - Setting next_dagrun for example_subdag_operator.section-1 to None, run_after=None
[2025-07-28T22:51:17.747+0000] {logging_mixin.py:137} INFO - [2025-07-28T22:51:17.747+0000] {dag.py:3441} INFO - Setting next_dagrun for example_subdag_operator.section-2 to None, run_after=None
[2025-07-28T22:51:17.770+0000] {processor.py:175} INFO - Processing /home/airflow/.local/lib/python3.7/site-packages/airflow/example_dags/example_subdag_operator.py took 0.155 seconds
[2025-07-28T22:51:47.886+0000] {processor.py:153} INFO - Started process (PID=971) to work on /home/airflow/.local/lib/python3.7/site-packages/airflow/example_dags/example_subdag_operator.py
[2025-07-28T22:51:47.888+0000] {processor.py:743} INFO - Processing file /home/airflow/.local/lib/python3.7/site-packages/airflow/example_dags/example_subdag_operator.py for tasks to queue
[2025-07-28T22:51:47.890+0000] {logging_mixin.py:137} INFO - [2025-07-28T22:51:47.890+0000] {dagbag.py:538} INFO - Filling up the DagBag from /home/airflow/.local/lib/python3.7/site-packages/airflow/example_dags/example_subdag_operator.py
[2025-07-28T22:51:47.937+0000] {processor.py:753} INFO - DAG(s) dict_keys(['example_subdag_operator.section-1', 'example_subdag_operator.section-2', 'example_subdag_operator']) retrieved from /home/airflow/.local/lib/python3.7/site-packages/airflow/example_dags/example_subdag_operator.py
[2025-07-28T22:51:47.962+0000] {logging_mixin.py:137} INFO - [2025-07-28T22:51:47.962+0000] {dag.py:2690} INFO - Sync 3 DAGs
[2025-07-28T22:51:47.994+0000] {logging_mixin.py:137} INFO - [2025-07-28T22:51:47.994+0000] {dag.py:3441} INFO - Setting next_dagrun for example_subdag_operator to 2022-01-01T00:00:00+00:00, run_after=2022-01-01T00:00:00+00:00
[2025-07-28T22:51:48.002+0000] {logging_mixin.py:137} INFO - [2025-07-28T22:51:48.002+0000] {dag.py:3441} INFO - Setting next_dagrun for example_subdag_operator.section-1 to None, run_after=None
[2025-07-28T22:51:48.004+0000] {logging_mixin.py:137} INFO - [2025-07-28T22:51:48.004+0000] {dag.py:3441} INFO - Setting next_dagrun for example_subdag_operator.section-2 to None, run_after=None
[2025-07-28T22:51:48.016+0000] {logging_mixin.py:137} INFO - [2025-07-28T22:51:48.015+0000] {dag.py:2690} INFO - Sync 2 DAGs
[2025-07-28T22:51:48.024+0000] {logging_mixin.py:137} INFO - [2025-07-28T22:51:48.023+0000] {dag.py:3441} INFO - Setting next_dagrun for example_subdag_operator.section-1 to None, run_after=None
[2025-07-28T22:51:48.025+0000] {logging_mixin.py:137} INFO - [2025-07-28T22:51:48.024+0000] {dag.py:3441} INFO - Setting next_dagrun for example_subdag_operator.section-2 to None, run_after=None
[2025-07-28T22:51:48.045+0000] {processor.py:175} INFO - Processing /home/airflow/.local/lib/python3.7/site-packages/airflow/example_dags/example_subdag_operator.py took 0.167 seconds
[2025-07-28T22:52:18.573+0000] {processor.py:153} INFO - Started process (PID=1042) to work on /home/airflow/.local/lib/python3.7/site-packages/airflow/example_dags/example_subdag_operator.py
[2025-07-28T22:52:18.574+0000] {processor.py:743} INFO - Processing file /home/airflow/.local/lib/python3.7/site-packages/airflow/example_dags/example_subdag_operator.py for tasks to queue
[2025-07-28T22:52:18.575+0000] {logging_mixin.py:137} INFO - [2025-07-28T22:52:18.575+0000] {dagbag.py:538} INFO - Filling up the DagBag from /home/airflow/.local/lib/python3.7/site-packages/airflow/example_dags/example_subdag_operator.py
[2025-07-28T22:52:18.620+0000] {processor.py:753} INFO - DAG(s) dict_keys(['example_subdag_operator.section-1', 'example_subdag_operator.section-2', 'example_subdag_operator']) retrieved from /home/airflow/.local/lib/python3.7/site-packages/airflow/example_dags/example_subdag_operator.py
[2025-07-28T22:52:18.643+0000] {logging_mixin.py:137} INFO - [2025-07-28T22:52:18.642+0000] {dag.py:2690} INFO - Sync 3 DAGs
[2025-07-28T22:52:18.670+0000] {logging_mixin.py:137} INFO - [2025-07-28T22:52:18.669+0000] {dag.py:3441} INFO - Setting next_dagrun for example_subdag_operator to 2022-01-01T00:00:00+00:00, run_after=2022-01-01T00:00:00+00:00
[2025-07-28T22:52:18.675+0000] {logging_mixin.py:137} INFO - [2025-07-28T22:52:18.675+0000] {dag.py:3441} INFO - Setting next_dagrun for example_subdag_operator.section-1 to None, run_after=None
[2025-07-28T22:52:18.677+0000] {logging_mixin.py:137} INFO - [2025-07-28T22:52:18.677+0000] {dag.py:3441} INFO - Setting next_dagrun for example_subdag_operator.section-2 to None, run_after=None
[2025-07-28T22:52:18.686+0000] {logging_mixin.py:137} INFO - [2025-07-28T22:52:18.686+0000] {dag.py:2690} INFO - Sync 2 DAGs
[2025-07-28T22:52:18.695+0000] {logging_mixin.py:137} INFO - [2025-07-28T22:52:18.695+0000] {dag.py:3441} INFO - Setting next_dagrun for example_subdag_operator.section-1 to None, run_after=None
[2025-07-28T22:52:18.696+0000] {logging_mixin.py:137} INFO - [2025-07-28T22:52:18.696+0000] {dag.py:3441} INFO - Setting next_dagrun for example_subdag_operator.section-2 to None, run_after=None
[2025-07-28T22:52:18.714+0000] {processor.py:175} INFO - Processing /home/airflow/.local/lib/python3.7/site-packages/airflow/example_dags/example_subdag_operator.py took 0.147 seconds
[2025-07-28T22:52:49.529+0000] {processor.py:153} INFO - Started process (PID=1129) to work on /home/airflow/.local/lib/python3.7/site-packages/airflow/example_dags/example_subdag_operator.py
[2025-07-28T22:52:49.531+0000] {processor.py:743} INFO - Processing file /home/airflow/.local/lib/python3.7/site-packages/airflow/example_dags/example_subdag_operator.py for tasks to queue
[2025-07-28T22:52:49.532+0000] {logging_mixin.py:137} INFO - [2025-07-28T22:52:49.532+0000] {dagbag.py:538} INFO - Filling up the DagBag from /home/airflow/.local/lib/python3.7/site-packages/airflow/example_dags/example_subdag_operator.py
[2025-07-28T22:52:49.582+0000] {processor.py:753} INFO - DAG(s) dict_keys(['example_subdag_operator.section-1', 'example_subdag_operator.section-2', 'example_subdag_operator']) retrieved from /home/airflow/.local/lib/python3.7/site-packages/airflow/example_dags/example_subdag_operator.py
[2025-07-28T22:52:49.611+0000] {logging_mixin.py:137} INFO - [2025-07-28T22:52:49.611+0000] {dag.py:2690} INFO - Sync 3 DAGs
[2025-07-28T22:52:49.647+0000] {logging_mixin.py:137} INFO - [2025-07-28T22:52:49.647+0000] {dag.py:3441} INFO - Setting next_dagrun for example_subdag_operator to 2022-01-01T00:00:00+00:00, run_after=2022-01-01T00:00:00+00:00
[2025-07-28T22:52:49.656+0000] {logging_mixin.py:137} INFO - [2025-07-28T22:52:49.656+0000] {dag.py:3441} INFO - Setting next_dagrun for example_subdag_operator.section-1 to None, run_after=None
[2025-07-28T22:52:49.659+0000] {logging_mixin.py:137} INFO - [2025-07-28T22:52:49.659+0000] {dag.py:3441} INFO - Setting next_dagrun for example_subdag_operator.section-2 to None, run_after=None
[2025-07-28T22:52:49.673+0000] {logging_mixin.py:137} INFO - [2025-07-28T22:52:49.672+0000] {dag.py:2690} INFO - Sync 2 DAGs
[2025-07-28T22:52:49.682+0000] {logging_mixin.py:137} INFO - [2025-07-28T22:52:49.682+0000] {dag.py:3441} INFO - Setting next_dagrun for example_subdag_operator.section-1 to None, run_after=None
[2025-07-28T22:52:49.683+0000] {logging_mixin.py:137} INFO - [2025-07-28T22:52:49.683+0000] {dag.py:3441} INFO - Setting next_dagrun for example_subdag_operator.section-2 to None, run_after=None
[2025-07-28T22:52:49.706+0000] {processor.py:175} INFO - Processing /home/airflow/.local/lib/python3.7/site-packages/airflow/example_dags/example_subdag_operator.py took 0.183 seconds
[2025-07-28T22:53:20.012+0000] {processor.py:153} INFO - Started process (PID=1200) to work on /home/airflow/.local/lib/python3.7/site-packages/airflow/example_dags/example_subdag_operator.py
[2025-07-28T22:53:20.013+0000] {processor.py:743} INFO - Processing file /home/airflow/.local/lib/python3.7/site-packages/airflow/example_dags/example_subdag_operator.py for tasks to queue
[2025-07-28T22:53:20.014+0000] {logging_mixin.py:137} INFO - [2025-07-28T22:53:20.014+0000] {dagbag.py:538} INFO - Filling up the DagBag from /home/airflow/.local/lib/python3.7/site-packages/airflow/example_dags/example_subdag_operator.py
[2025-07-28T22:53:20.064+0000] {processor.py:753} INFO - DAG(s) dict_keys(['example_subdag_operator.section-1', 'example_subdag_operator.section-2', 'example_subdag_operator']) retrieved from /home/airflow/.local/lib/python3.7/site-packages/airflow/example_dags/example_subdag_operator.py
[2025-07-28T22:53:20.093+0000] {logging_mixin.py:137} INFO - [2025-07-28T22:53:20.093+0000] {dag.py:2690} INFO - Sync 3 DAGs
[2025-07-28T22:53:20.124+0000] {logging_mixin.py:137} INFO - [2025-07-28T22:53:20.123+0000] {dag.py:3441} INFO - Setting next_dagrun for example_subdag_operator to 2022-01-01T00:00:00+00:00, run_after=2022-01-01T00:00:00+00:00
[2025-07-28T22:53:20.127+0000] {logging_mixin.py:137} INFO - [2025-07-28T22:53:20.127+0000] {dag.py:3441} INFO - Setting next_dagrun for example_subdag_operator.section-1 to None, run_after=None
[2025-07-28T22:53:20.129+0000] {logging_mixin.py:137} INFO - [2025-07-28T22:53:20.129+0000] {dag.py:3441} INFO - Setting next_dagrun for example_subdag_operator.section-2 to None, run_after=None
[2025-07-28T22:53:20.141+0000] {logging_mixin.py:137} INFO - [2025-07-28T22:53:20.140+0000] {dag.py:2690} INFO - Sync 2 DAGs
[2025-07-28T22:53:20.147+0000] {logging_mixin.py:137} INFO - [2025-07-28T22:53:20.147+0000] {dag.py:3441} INFO - Setting next_dagrun for example_subdag_operator.section-1 to None, run_after=None
[2025-07-28T22:53:20.148+0000] {logging_mixin.py:137} INFO - [2025-07-28T22:53:20.148+0000] {dag.py:3441} INFO - Setting next_dagrun for example_subdag_operator.section-2 to None, run_after=None
[2025-07-28T22:53:20.168+0000] {processor.py:175} INFO - Processing /home/airflow/.local/lib/python3.7/site-packages/airflow/example_dags/example_subdag_operator.py took 0.160 seconds
[2025-07-28T22:53:50.542+0000] {processor.py:153} INFO - Started process (PID=1278) to work on /home/airflow/.local/lib/python3.7/site-packages/airflow/example_dags/example_subdag_operator.py
[2025-07-28T22:53:50.546+0000] {processor.py:743} INFO - Processing file /home/airflow/.local/lib/python3.7/site-packages/airflow/example_dags/example_subdag_operator.py for tasks to queue
[2025-07-28T22:53:50.548+0000] {logging_mixin.py:137} INFO - [2025-07-28T22:53:50.548+0000] {dagbag.py:538} INFO - Filling up the DagBag from /home/airflow/.local/lib/python3.7/site-packages/airflow/example_dags/example_subdag_operator.py
[2025-07-28T22:53:50.641+0000] {processor.py:753} INFO - DAG(s) dict_keys(['example_subdag_operator.section-1', 'example_subdag_operator.section-2', 'example_subdag_operator']) retrieved from /home/airflow/.local/lib/python3.7/site-packages/airflow/example_dags/example_subdag_operator.py
[2025-07-28T22:53:50.752+0000] {logging_mixin.py:137} INFO - [2025-07-28T22:53:50.752+0000] {dag.py:2690} INFO - Sync 3 DAGs
[2025-07-28T22:53:50.860+0000] {logging_mixin.py:137} INFO - [2025-07-28T22:53:50.860+0000] {dag.py:3441} INFO - Setting next_dagrun for example_subdag_operator to 2022-01-01T00:00:00+00:00, run_after=2022-01-01T00:00:00+00:00
[2025-07-28T22:53:50.879+0000] {logging_mixin.py:137} INFO - [2025-07-28T22:53:50.879+0000] {dag.py:3441} INFO - Setting next_dagrun for example_subdag_operator.section-1 to None, run_after=None
[2025-07-28T22:53:50.884+0000] {logging_mixin.py:137} INFO - [2025-07-28T22:53:50.884+0000] {dag.py:3441} INFO - Setting next_dagrun for example_subdag_operator.section-2 to None, run_after=None
[2025-07-28T22:53:50.923+0000] {logging_mixin.py:137} INFO - [2025-07-28T22:53:50.923+0000] {dag.py:2690} INFO - Sync 2 DAGs
[2025-07-28T22:53:50.940+0000] {logging_mixin.py:137} INFO - [2025-07-28T22:53:50.939+0000] {dag.py:3441} INFO - Setting next_dagrun for example_subdag_operator.section-1 to None, run_after=None
[2025-07-28T22:53:50.946+0000] {logging_mixin.py:137} INFO - [2025-07-28T22:53:50.945+0000] {dag.py:3441} INFO - Setting next_dagrun for example_subdag_operator.section-2 to None, run_after=None
[2025-07-28T22:53:50.987+0000] {processor.py:175} INFO - Processing /home/airflow/.local/lib/python3.7/site-packages/airflow/example_dags/example_subdag_operator.py took 0.458 seconds
[2025-07-28T22:54:22.671+0000] {processor.py:153} INFO - Started process (PID=1350) to work on /home/airflow/.local/lib/python3.7/site-packages/airflow/example_dags/example_subdag_operator.py
[2025-07-28T22:54:22.692+0000] {processor.py:743} INFO - Processing file /home/airflow/.local/lib/python3.7/site-packages/airflow/example_dags/example_subdag_operator.py for tasks to queue
[2025-07-28T22:54:22.694+0000] {logging_mixin.py:137} INFO - [2025-07-28T22:54:22.694+0000] {dagbag.py:538} INFO - Filling up the DagBag from /home/airflow/.local/lib/python3.7/site-packages/airflow/example_dags/example_subdag_operator.py
[2025-07-28T22:54:23.042+0000] {processor.py:753} INFO - DAG(s) dict_keys(['example_subdag_operator.section-1', 'example_subdag_operator.section-2', 'example_subdag_operator']) retrieved from /home/airflow/.local/lib/python3.7/site-packages/airflow/example_dags/example_subdag_operator.py
[2025-07-28T22:54:23.191+0000] {logging_mixin.py:137} INFO - [2025-07-28T22:54:23.190+0000] {dag.py:2690} INFO - Sync 3 DAGs
[2025-07-28T22:54:23.306+0000] {logging_mixin.py:137} INFO - [2025-07-28T22:54:23.306+0000] {dag.py:3441} INFO - Setting next_dagrun for example_subdag_operator to 2022-01-01T00:00:00+00:00, run_after=2022-01-01T00:00:00+00:00
[2025-07-28T22:54:23.317+0000] {logging_mixin.py:137} INFO - [2025-07-28T22:54:23.317+0000] {dag.py:3441} INFO - Setting next_dagrun for example_subdag_operator.section-1 to None, run_after=None
[2025-07-28T22:54:23.320+0000] {logging_mixin.py:137} INFO - [2025-07-28T22:54:23.320+0000] {dag.py:3441} INFO - Setting next_dagrun for example_subdag_operator.section-2 to None, run_after=None
[2025-07-28T22:54:23.352+0000] {logging_mixin.py:137} INFO - [2025-07-28T22:54:23.351+0000] {dag.py:2690} INFO - Sync 2 DAGs
[2025-07-28T22:54:23.370+0000] {logging_mixin.py:137} INFO - [2025-07-28T22:54:23.370+0000] {dag.py:3441} INFO - Setting next_dagrun for example_subdag_operator.section-1 to None, run_after=None
[2025-07-28T22:54:23.372+0000] {logging_mixin.py:137} INFO - [2025-07-28T22:54:23.371+0000] {dag.py:3441} INFO - Setting next_dagrun for example_subdag_operator.section-2 to None, run_after=None
[2025-07-28T22:54:23.413+0000] {processor.py:175} INFO - Processing /home/airflow/.local/lib/python3.7/site-packages/airflow/example_dags/example_subdag_operator.py took 0.785 seconds
[2025-07-28T22:54:54.079+0000] {processor.py:153} INFO - Started process (PID=1422) to work on /home/airflow/.local/lib/python3.7/site-packages/airflow/example_dags/example_subdag_operator.py
[2025-07-28T22:54:54.081+0000] {processor.py:743} INFO - Processing file /home/airflow/.local/lib/python3.7/site-packages/airflow/example_dags/example_subdag_operator.py for tasks to queue
[2025-07-28T22:54:54.082+0000] {logging_mixin.py:137} INFO - [2025-07-28T22:54:54.082+0000] {dagbag.py:538} INFO - Filling up the DagBag from /home/airflow/.local/lib/python3.7/site-packages/airflow/example_dags/example_subdag_operator.py
[2025-07-28T22:54:54.145+0000] {processor.py:753} INFO - DAG(s) dict_keys(['example_subdag_operator.section-1', 'example_subdag_operator.section-2', 'example_subdag_operator']) retrieved from /home/airflow/.local/lib/python3.7/site-packages/airflow/example_dags/example_subdag_operator.py
[2025-07-28T22:54:54.194+0000] {logging_mixin.py:137} INFO - [2025-07-28T22:54:54.194+0000] {dag.py:2690} INFO - Sync 3 DAGs
[2025-07-28T22:54:54.256+0000] {logging_mixin.py:137} INFO - [2025-07-28T22:54:54.255+0000] {dag.py:3441} INFO - Setting next_dagrun for example_subdag_operator to 2022-01-01T00:00:00+00:00, run_after=2022-01-01T00:00:00+00:00
[2025-07-28T22:54:54.264+0000] {logging_mixin.py:137} INFO - [2025-07-28T22:54:54.264+0000] {dag.py:3441} INFO - Setting next_dagrun for example_subdag_operator.section-1 to None, run_after=None
[2025-07-28T22:54:54.269+0000] {logging_mixin.py:137} INFO - [2025-07-28T22:54:54.269+0000] {dag.py:3441} INFO - Setting next_dagrun for example_subdag_operator.section-2 to None, run_after=None
[2025-07-28T22:54:54.288+0000] {logging_mixin.py:137} INFO - [2025-07-28T22:54:54.288+0000] {dag.py:2690} INFO - Sync 2 DAGs
[2025-07-28T22:54:54.300+0000] {logging_mixin.py:137} INFO - [2025-07-28T22:54:54.299+0000] {dag.py:3441} INFO - Setting next_dagrun for example_subdag_operator.section-1 to None, run_after=None
[2025-07-28T22:54:54.300+0000] {logging_mixin.py:137} INFO - [2025-07-28T22:54:54.300+0000] {dag.py:3441} INFO - Setting next_dagrun for example_subdag_operator.section-2 to None, run_after=None
[2025-07-28T22:54:54.327+0000] {processor.py:175} INFO - Processing /home/airflow/.local/lib/python3.7/site-packages/airflow/example_dags/example_subdag_operator.py took 0.255 seconds
[2025-07-28T22:55:24.588+0000] {processor.py:153} INFO - Started process (PID=1501) to work on /home/airflow/.local/lib/python3.7/site-packages/airflow/example_dags/example_subdag_operator.py
[2025-07-28T22:55:24.589+0000] {processor.py:743} INFO - Processing file /home/airflow/.local/lib/python3.7/site-packages/airflow/example_dags/example_subdag_operator.py for tasks to queue
[2025-07-28T22:55:24.590+0000] {logging_mixin.py:137} INFO - [2025-07-28T22:55:24.590+0000] {dagbag.py:538} INFO - Filling up the DagBag from /home/airflow/.local/lib/python3.7/site-packages/airflow/example_dags/example_subdag_operator.py
[2025-07-28T22:55:24.631+0000] {processor.py:753} INFO - DAG(s) dict_keys(['example_subdag_operator.section-1', 'example_subdag_operator.section-2', 'example_subdag_operator']) retrieved from /home/airflow/.local/lib/python3.7/site-packages/airflow/example_dags/example_subdag_operator.py
[2025-07-28T22:55:24.655+0000] {logging_mixin.py:137} INFO - [2025-07-28T22:55:24.655+0000] {dag.py:2690} INFO - Sync 3 DAGs
[2025-07-28T22:55:24.684+0000] {logging_mixin.py:137} INFO - [2025-07-28T22:55:24.684+0000] {dag.py:3441} INFO - Setting next_dagrun for example_subdag_operator to 2022-01-01T00:00:00+00:00, run_after=2022-01-01T00:00:00+00:00
[2025-07-28T22:55:24.689+0000] {logging_mixin.py:137} INFO - [2025-07-28T22:55:24.689+0000] {dag.py:3441} INFO - Setting next_dagrun for example_subdag_operator.section-1 to None, run_after=None
[2025-07-28T22:55:24.691+0000] {logging_mixin.py:137} INFO - [2025-07-28T22:55:24.691+0000] {dag.py:3441} INFO - Setting next_dagrun for example_subdag_operator.section-2 to None, run_after=None
[2025-07-28T22:55:24.699+0000] {logging_mixin.py:137} INFO - [2025-07-28T22:55:24.699+0000] {dag.py:2690} INFO - Sync 2 DAGs
[2025-07-28T22:55:24.713+0000] {logging_mixin.py:137} INFO - [2025-07-28T22:55:24.713+0000] {dag.py:3441} INFO - Setting next_dagrun for example_subdag_operator.section-1 to None, run_after=None
[2025-07-28T22:55:24.714+0000] {logging_mixin.py:137} INFO - [2025-07-28T22:55:24.714+0000] {dag.py:3441} INFO - Setting next_dagrun for example_subdag_operator.section-2 to None, run_after=None
[2025-07-28T22:55:24.736+0000] {processor.py:175} INFO - Processing /home/airflow/.local/lib/python3.7/site-packages/airflow/example_dags/example_subdag_operator.py took 0.153 seconds
[2025-07-28T22:55:54.869+0000] {processor.py:153} INFO - Started process (PID=1572) to work on /home/airflow/.local/lib/python3.7/site-packages/airflow/example_dags/example_subdag_operator.py
[2025-07-28T22:55:54.870+0000] {processor.py:743} INFO - Processing file /home/airflow/.local/lib/python3.7/site-packages/airflow/example_dags/example_subdag_operator.py for tasks to queue
[2025-07-28T22:55:54.871+0000] {logging_mixin.py:137} INFO - [2025-07-28T22:55:54.871+0000] {dagbag.py:538} INFO - Filling up the DagBag from /home/airflow/.local/lib/python3.7/site-packages/airflow/example_dags/example_subdag_operator.py
[2025-07-28T22:55:54.911+0000] {processor.py:753} INFO - DAG(s) dict_keys(['example_subdag_operator.section-1', 'example_subdag_operator.section-2', 'example_subdag_operator']) retrieved from /home/airflow/.local/lib/python3.7/site-packages/airflow/example_dags/example_subdag_operator.py
[2025-07-28T22:55:54.933+0000] {logging_mixin.py:137} INFO - [2025-07-28T22:55:54.933+0000] {dag.py:2690} INFO - Sync 3 DAGs
[2025-07-28T22:55:54.961+0000] {logging_mixin.py:137} INFO - [2025-07-28T22:55:54.961+0000] {dag.py:3441} INFO - Setting next_dagrun for example_subdag_operator to 2022-01-01T00:00:00+00:00, run_after=2022-01-01T00:00:00+00:00
[2025-07-28T22:55:54.968+0000] {logging_mixin.py:137} INFO - [2025-07-28T22:55:54.968+0000] {dag.py:3441} INFO - Setting next_dagrun for example_subdag_operator.section-1 to None, run_after=None
[2025-07-28T22:55:54.971+0000] {logging_mixin.py:137} INFO - [2025-07-28T22:55:54.971+0000] {dag.py:3441} INFO - Setting next_dagrun for example_subdag_operator.section-2 to None, run_after=None
[2025-07-28T22:55:54.989+0000] {logging_mixin.py:137} INFO - [2025-07-28T22:55:54.989+0000] {dag.py:2690} INFO - Sync 2 DAGs
[2025-07-28T22:55:55.000+0000] {logging_mixin.py:137} INFO - [2025-07-28T22:55:55.000+0000] {dag.py:3441} INFO - Setting next_dagrun for example_subdag_operator.section-1 to None, run_after=None
[2025-07-28T22:55:55.001+0000] {logging_mixin.py:137} INFO - [2025-07-28T22:55:55.001+0000] {dag.py:3441} INFO - Setting next_dagrun for example_subdag_operator.section-2 to None, run_after=None
[2025-07-28T22:55:55.020+0000] {processor.py:175} INFO - Processing /home/airflow/.local/lib/python3.7/site-packages/airflow/example_dags/example_subdag_operator.py took 0.155 seconds
[2025-07-28T22:56:25.666+0000] {processor.py:153} INFO - Started process (PID=1643) to work on /home/airflow/.local/lib/python3.7/site-packages/airflow/example_dags/example_subdag_operator.py
[2025-07-28T22:56:25.668+0000] {processor.py:743} INFO - Processing file /home/airflow/.local/lib/python3.7/site-packages/airflow/example_dags/example_subdag_operator.py for tasks to queue
[2025-07-28T22:56:25.669+0000] {logging_mixin.py:137} INFO - [2025-07-28T22:56:25.669+0000] {dagbag.py:538} INFO - Filling up the DagBag from /home/airflow/.local/lib/python3.7/site-packages/airflow/example_dags/example_subdag_operator.py
[2025-07-28T22:56:25.751+0000] {processor.py:753} INFO - DAG(s) dict_keys(['example_subdag_operator.section-1', 'example_subdag_operator.section-2', 'example_subdag_operator']) retrieved from /home/airflow/.local/lib/python3.7/site-packages/airflow/example_dags/example_subdag_operator.py
[2025-07-28T22:56:25.800+0000] {logging_mixin.py:137} INFO - [2025-07-28T22:56:25.799+0000] {dag.py:2690} INFO - Sync 3 DAGs
[2025-07-28T22:56:25.858+0000] {logging_mixin.py:137} INFO - [2025-07-28T22:56:25.858+0000] {dag.py:3441} INFO - Setting next_dagrun for example_subdag_operator to 2022-01-01T00:00:00+00:00, run_after=2022-01-01T00:00:00+00:00
[2025-07-28T22:56:25.874+0000] {logging_mixin.py:137} INFO - [2025-07-28T22:56:25.873+0000] {dag.py:3441} INFO - Setting next_dagrun for example_subdag_operator.section-1 to None, run_after=None
[2025-07-28T22:56:25.877+0000] {logging_mixin.py:137} INFO - [2025-07-28T22:56:25.877+0000] {dag.py:3441} INFO - Setting next_dagrun for example_subdag_operator.section-2 to None, run_after=None
[2025-07-28T22:56:25.896+0000] {logging_mixin.py:137} INFO - [2025-07-28T22:56:25.896+0000] {dag.py:2690} INFO - Sync 2 DAGs
[2025-07-28T22:56:25.912+0000] {logging_mixin.py:137} INFO - [2025-07-28T22:56:25.911+0000] {dag.py:3441} INFO - Setting next_dagrun for example_subdag_operator.section-1 to None, run_after=None
[2025-07-28T22:56:25.913+0000] {logging_mixin.py:137} INFO - [2025-07-28T22:56:25.913+0000] {dag.py:3441} INFO - Setting next_dagrun for example_subdag_operator.section-2 to None, run_after=None
[2025-07-28T22:56:25.965+0000] {processor.py:175} INFO - Processing /home/airflow/.local/lib/python3.7/site-packages/airflow/example_dags/example_subdag_operator.py took 0.309 seconds
[2025-07-28T22:56:56.729+0000] {processor.py:153} INFO - Started process (PID=1715) to work on /home/airflow/.local/lib/python3.7/site-packages/airflow/example_dags/example_subdag_operator.py
[2025-07-28T22:56:56.730+0000] {processor.py:743} INFO - Processing file /home/airflow/.local/lib/python3.7/site-packages/airflow/example_dags/example_subdag_operator.py for tasks to queue
[2025-07-28T22:56:56.731+0000] {logging_mixin.py:137} INFO - [2025-07-28T22:56:56.731+0000] {dagbag.py:538} INFO - Filling up the DagBag from /home/airflow/.local/lib/python3.7/site-packages/airflow/example_dags/example_subdag_operator.py
[2025-07-28T22:56:56.777+0000] {processor.py:753} INFO - DAG(s) dict_keys(['example_subdag_operator.section-1', 'example_subdag_operator.section-2', 'example_subdag_operator']) retrieved from /home/airflow/.local/lib/python3.7/site-packages/airflow/example_dags/example_subdag_operator.py
[2025-07-28T22:56:56.799+0000] {logging_mixin.py:137} INFO - [2025-07-28T22:56:56.799+0000] {dag.py:2690} INFO - Sync 3 DAGs
[2025-07-28T22:56:56.829+0000] {logging_mixin.py:137} INFO - [2025-07-28T22:56:56.829+0000] {dag.py:3441} INFO - Setting next_dagrun for example_subdag_operator to 2022-01-01T00:00:00+00:00, run_after=2022-01-01T00:00:00+00:00
[2025-07-28T22:56:56.833+0000] {logging_mixin.py:137} INFO - [2025-07-28T22:56:56.833+0000] {dag.py:3441} INFO - Setting next_dagrun for example_subdag_operator.section-1 to None, run_after=None
[2025-07-28T22:56:56.835+0000] {logging_mixin.py:137} INFO - [2025-07-28T22:56:56.835+0000] {dag.py:3441} INFO - Setting next_dagrun for example_subdag_operator.section-2 to None, run_after=None
[2025-07-28T22:56:56.845+0000] {logging_mixin.py:137} INFO - [2025-07-28T22:56:56.845+0000] {dag.py:2690} INFO - Sync 2 DAGs
[2025-07-28T22:56:56.852+0000] {logging_mixin.py:137} INFO - [2025-07-28T22:56:56.852+0000] {dag.py:3441} INFO - Setting next_dagrun for example_subdag_operator.section-1 to None, run_after=None
[2025-07-28T22:56:56.853+0000] {logging_mixin.py:137} INFO - [2025-07-28T22:56:56.853+0000] {dag.py:3441} INFO - Setting next_dagrun for example_subdag_operator.section-2 to None, run_after=None
[2025-07-28T22:56:56.871+0000] {processor.py:175} INFO - Processing /home/airflow/.local/lib/python3.7/site-packages/airflow/example_dags/example_subdag_operator.py took 0.146 seconds
[2025-07-28T22:57:27.688+0000] {processor.py:153} INFO - Started process (PID=1795) to work on /home/airflow/.local/lib/python3.7/site-packages/airflow/example_dags/example_subdag_operator.py
[2025-07-28T22:57:27.689+0000] {processor.py:743} INFO - Processing file /home/airflow/.local/lib/python3.7/site-packages/airflow/example_dags/example_subdag_operator.py for tasks to queue
[2025-07-28T22:57:27.690+0000] {logging_mixin.py:137} INFO - [2025-07-28T22:57:27.690+0000] {dagbag.py:538} INFO - Filling up the DagBag from /home/airflow/.local/lib/python3.7/site-packages/airflow/example_dags/example_subdag_operator.py
[2025-07-28T22:57:27.741+0000] {processor.py:753} INFO - DAG(s) dict_keys(['example_subdag_operator.section-1', 'example_subdag_operator.section-2', 'example_subdag_operator']) retrieved from /home/airflow/.local/lib/python3.7/site-packages/airflow/example_dags/example_subdag_operator.py
[2025-07-28T22:57:27.774+0000] {logging_mixin.py:137} INFO - [2025-07-28T22:57:27.774+0000] {dag.py:2690} INFO - Sync 3 DAGs
[2025-07-28T22:57:27.813+0000] {logging_mixin.py:137} INFO - [2025-07-28T22:57:27.813+0000] {dag.py:3441} INFO - Setting next_dagrun for example_subdag_operator to 2022-01-01T00:00:00+00:00, run_after=2022-01-01T00:00:00+00:00
[2025-07-28T22:57:27.819+0000] {logging_mixin.py:137} INFO - [2025-07-28T22:57:27.819+0000] {dag.py:3441} INFO - Setting next_dagrun for example_subdag_operator.section-1 to None, run_after=None
[2025-07-28T22:57:27.822+0000] {logging_mixin.py:137} INFO - [2025-07-28T22:57:27.822+0000] {dag.py:3441} INFO - Setting next_dagrun for example_subdag_operator.section-2 to None, run_after=None
[2025-07-28T22:57:27.837+0000] {logging_mixin.py:137} INFO - [2025-07-28T22:57:27.836+0000] {dag.py:2690} INFO - Sync 2 DAGs
[2025-07-28T22:57:27.847+0000] {logging_mixin.py:137} INFO - [2025-07-28T22:57:27.847+0000] {dag.py:3441} INFO - Setting next_dagrun for example_subdag_operator.section-1 to None, run_after=None
[2025-07-28T22:57:27.848+0000] {logging_mixin.py:137} INFO - [2025-07-28T22:57:27.848+0000] {dag.py:3441} INFO - Setting next_dagrun for example_subdag_operator.section-2 to None, run_after=None
[2025-07-28T22:57:27.874+0000] {processor.py:175} INFO - Processing /home/airflow/.local/lib/python3.7/site-packages/airflow/example_dags/example_subdag_operator.py took 0.193 seconds
[2025-07-28T22:57:58.202+0000] {processor.py:153} INFO - Started process (PID=1873) to work on /home/airflow/.local/lib/python3.7/site-packages/airflow/example_dags/example_subdag_operator.py
[2025-07-28T22:57:58.203+0000] {processor.py:743} INFO - Processing file /home/airflow/.local/lib/python3.7/site-packages/airflow/example_dags/example_subdag_operator.py for tasks to queue
[2025-07-28T22:57:58.204+0000] {logging_mixin.py:137} INFO - [2025-07-28T22:57:58.203+0000] {dagbag.py:538} INFO - Filling up the DagBag from /home/airflow/.local/lib/python3.7/site-packages/airflow/example_dags/example_subdag_operator.py
[2025-07-28T22:57:58.250+0000] {processor.py:753} INFO - DAG(s) dict_keys(['example_subdag_operator.section-1', 'example_subdag_operator.section-2', 'example_subdag_operator']) retrieved from /home/airflow/.local/lib/python3.7/site-packages/airflow/example_dags/example_subdag_operator.py
[2025-07-28T22:57:58.270+0000] {logging_mixin.py:137} INFO - [2025-07-28T22:57:58.270+0000] {dag.py:2690} INFO - Sync 3 DAGs
[2025-07-28T22:57:58.298+0000] {logging_mixin.py:137} INFO - [2025-07-28T22:57:58.298+0000] {dag.py:3441} INFO - Setting next_dagrun for example_subdag_operator to 2022-01-01T00:00:00+00:00, run_after=2022-01-01T00:00:00+00:00
[2025-07-28T22:57:58.304+0000] {logging_mixin.py:137} INFO - [2025-07-28T22:57:58.304+0000] {dag.py:3441} INFO - Setting next_dagrun for example_subdag_operator.section-1 to None, run_after=None
[2025-07-28T22:57:58.305+0000] {logging_mixin.py:137} INFO - [2025-07-28T22:57:58.305+0000] {dag.py:3441} INFO - Setting next_dagrun for example_subdag_operator.section-2 to None, run_after=None
[2025-07-28T22:57:58.315+0000] {logging_mixin.py:137} INFO - [2025-07-28T22:57:58.315+0000] {dag.py:2690} INFO - Sync 2 DAGs
[2025-07-28T22:57:58.324+0000] {logging_mixin.py:137} INFO - [2025-07-28T22:57:58.324+0000] {dag.py:3441} INFO - Setting next_dagrun for example_subdag_operator.section-1 to None, run_after=None
[2025-07-28T22:57:58.328+0000] {logging_mixin.py:137} INFO - [2025-07-28T22:57:58.327+0000] {dag.py:3441} INFO - Setting next_dagrun for example_subdag_operator.section-2 to None, run_after=None
[2025-07-28T22:57:58.345+0000] {processor.py:175} INFO - Processing /home/airflow/.local/lib/python3.7/site-packages/airflow/example_dags/example_subdag_operator.py took 0.147 seconds
[2025-07-28T22:58:28.650+0000] {processor.py:153} INFO - Started process (PID=1944) to work on /home/airflow/.local/lib/python3.7/site-packages/airflow/example_dags/example_subdag_operator.py
[2025-07-28T22:58:28.652+0000] {processor.py:743} INFO - Processing file /home/airflow/.local/lib/python3.7/site-packages/airflow/example_dags/example_subdag_operator.py for tasks to queue
[2025-07-28T22:58:28.653+0000] {logging_mixin.py:137} INFO - [2025-07-28T22:58:28.653+0000] {dagbag.py:538} INFO - Filling up the DagBag from /home/airflow/.local/lib/python3.7/site-packages/airflow/example_dags/example_subdag_operator.py
[2025-07-28T22:58:28.706+0000] {processor.py:753} INFO - DAG(s) dict_keys(['example_subdag_operator.section-1', 'example_subdag_operator.section-2', 'example_subdag_operator']) retrieved from /home/airflow/.local/lib/python3.7/site-packages/airflow/example_dags/example_subdag_operator.py
[2025-07-28T22:58:28.741+0000] {logging_mixin.py:137} INFO - [2025-07-28T22:58:28.740+0000] {dag.py:2690} INFO - Sync 3 DAGs
[2025-07-28T22:58:28.774+0000] {logging_mixin.py:137} INFO - [2025-07-28T22:58:28.774+0000] {dag.py:3441} INFO - Setting next_dagrun for example_subdag_operator to 2022-01-01T00:00:00+00:00, run_after=2022-01-01T00:00:00+00:00
[2025-07-28T22:58:28.782+0000] {logging_mixin.py:137} INFO - [2025-07-28T22:58:28.782+0000] {dag.py:3441} INFO - Setting next_dagrun for example_subdag_operator.section-1 to None, run_after=None
[2025-07-28T22:58:28.784+0000] {logging_mixin.py:137} INFO - [2025-07-28T22:58:28.784+0000] {dag.py:3441} INFO - Setting next_dagrun for example_subdag_operator.section-2 to None, run_after=None
[2025-07-28T22:58:28.795+0000] {logging_mixin.py:137} INFO - [2025-07-28T22:58:28.794+0000] {dag.py:2690} INFO - Sync 2 DAGs
[2025-07-28T22:58:28.804+0000] {logging_mixin.py:137} INFO - [2025-07-28T22:58:28.804+0000] {dag.py:3441} INFO - Setting next_dagrun for example_subdag_operator.section-1 to None, run_after=None
[2025-07-28T22:58:28.805+0000] {logging_mixin.py:137} INFO - [2025-07-28T22:58:28.804+0000] {dag.py:3441} INFO - Setting next_dagrun for example_subdag_operator.section-2 to None, run_after=None
[2025-07-28T22:58:28.826+0000] {processor.py:175} INFO - Processing /home/airflow/.local/lib/python3.7/site-packages/airflow/example_dags/example_subdag_operator.py took 0.183 seconds
[2025-07-28T22:58:59.192+0000] {processor.py:153} INFO - Started process (PID=2024) to work on /home/airflow/.local/lib/python3.7/site-packages/airflow/example_dags/example_subdag_operator.py
[2025-07-28T22:58:59.195+0000] {processor.py:743} INFO - Processing file /home/airflow/.local/lib/python3.7/site-packages/airflow/example_dags/example_subdag_operator.py for tasks to queue
[2025-07-28T22:58:59.197+0000] {logging_mixin.py:137} INFO - [2025-07-28T22:58:59.197+0000] {dagbag.py:538} INFO - Filling up the DagBag from /home/airflow/.local/lib/python3.7/site-packages/airflow/example_dags/example_subdag_operator.py
[2025-07-28T22:58:59.253+0000] {processor.py:753} INFO - DAG(s) dict_keys(['example_subdag_operator.section-1', 'example_subdag_operator.section-2', 'example_subdag_operator']) retrieved from /home/airflow/.local/lib/python3.7/site-packages/airflow/example_dags/example_subdag_operator.py
[2025-07-28T22:58:59.289+0000] {logging_mixin.py:137} INFO - [2025-07-28T22:58:59.289+0000] {dag.py:2690} INFO - Sync 3 DAGs
[2025-07-28T22:58:59.333+0000] {logging_mixin.py:137} INFO - [2025-07-28T22:58:59.333+0000] {dag.py:3441} INFO - Setting next_dagrun for example_subdag_operator to 2022-01-01T00:00:00+00:00, run_after=2022-01-01T00:00:00+00:00
[2025-07-28T22:58:59.338+0000] {logging_mixin.py:137} INFO - [2025-07-28T22:58:59.338+0000] {dag.py:3441} INFO - Setting next_dagrun for example_subdag_operator.section-1 to None, run_after=None
[2025-07-28T22:58:59.341+0000] {logging_mixin.py:137} INFO - [2025-07-28T22:58:59.341+0000] {dag.py:3441} INFO - Setting next_dagrun for example_subdag_operator.section-2 to None, run_after=None
[2025-07-28T22:58:59.352+0000] {logging_mixin.py:137} INFO - [2025-07-28T22:58:59.352+0000] {dag.py:2690} INFO - Sync 2 DAGs
[2025-07-28T22:58:59.362+0000] {logging_mixin.py:137} INFO - [2025-07-28T22:58:59.362+0000] {dag.py:3441} INFO - Setting next_dagrun for example_subdag_operator.section-1 to None, run_after=None
[2025-07-28T22:58:59.363+0000] {logging_mixin.py:137} INFO - [2025-07-28T22:58:59.363+0000] {dag.py:3441} INFO - Setting next_dagrun for example_subdag_operator.section-2 to None, run_after=None
[2025-07-28T22:58:59.388+0000] {processor.py:175} INFO - Processing /home/airflow/.local/lib/python3.7/site-packages/airflow/example_dags/example_subdag_operator.py took 0.202 seconds
[2025-07-28T22:59:29.951+0000] {processor.py:153} INFO - Started process (PID=2102) to work on /home/airflow/.local/lib/python3.7/site-packages/airflow/example_dags/example_subdag_operator.py
[2025-07-28T22:59:29.953+0000] {processor.py:743} INFO - Processing file /home/airflow/.local/lib/python3.7/site-packages/airflow/example_dags/example_subdag_operator.py for tasks to queue
[2025-07-28T22:59:29.954+0000] {logging_mixin.py:137} INFO - [2025-07-28T22:59:29.954+0000] {dagbag.py:538} INFO - Filling up the DagBag from /home/airflow/.local/lib/python3.7/site-packages/airflow/example_dags/example_subdag_operator.py
[2025-07-28T22:59:30.003+0000] {processor.py:753} INFO - DAG(s) dict_keys(['example_subdag_operator.section-1', 'example_subdag_operator.section-2', 'example_subdag_operator']) retrieved from /home/airflow/.local/lib/python3.7/site-packages/airflow/example_dags/example_subdag_operator.py
[2025-07-28T22:59:30.029+0000] {logging_mixin.py:137} INFO - [2025-07-28T22:59:30.029+0000] {dag.py:2690} INFO - Sync 3 DAGs
[2025-07-28T22:59:30.068+0000] {logging_mixin.py:137} INFO - [2025-07-28T22:59:30.068+0000] {dag.py:3441} INFO - Setting next_dagrun for example_subdag_operator to 2022-01-01T00:00:00+00:00, run_after=2022-01-01T00:00:00+00:00
[2025-07-28T22:59:30.075+0000] {logging_mixin.py:137} INFO - [2025-07-28T22:59:30.075+0000] {dag.py:3441} INFO - Setting next_dagrun for example_subdag_operator.section-1 to None, run_after=None
[2025-07-28T22:59:30.077+0000] {logging_mixin.py:137} INFO - [2025-07-28T22:59:30.077+0000] {dag.py:3441} INFO - Setting next_dagrun for example_subdag_operator.section-2 to None, run_after=None
[2025-07-28T22:59:30.087+0000] {logging_mixin.py:137} INFO - [2025-07-28T22:59:30.087+0000] {dag.py:2690} INFO - Sync 2 DAGs
[2025-07-28T22:59:30.096+0000] {logging_mixin.py:137} INFO - [2025-07-28T22:59:30.096+0000] {dag.py:3441} INFO - Setting next_dagrun for example_subdag_operator.section-1 to None, run_after=None
[2025-07-28T22:59:30.097+0000] {logging_mixin.py:137} INFO - [2025-07-28T22:59:30.097+0000] {dag.py:3441} INFO - Setting next_dagrun for example_subdag_operator.section-2 to None, run_after=None
[2025-07-28T22:59:30.120+0000] {processor.py:175} INFO - Processing /home/airflow/.local/lib/python3.7/site-packages/airflow/example_dags/example_subdag_operator.py took 0.173 seconds
[2025-07-28T23:00:01.165+0000] {processor.py:153} INFO - Started process (PID=2174) to work on /home/airflow/.local/lib/python3.7/site-packages/airflow/example_dags/example_subdag_operator.py
[2025-07-28T23:00:01.171+0000] {processor.py:743} INFO - Processing file /home/airflow/.local/lib/python3.7/site-packages/airflow/example_dags/example_subdag_operator.py for tasks to queue
[2025-07-28T23:00:01.174+0000] {logging_mixin.py:137} INFO - [2025-07-28T23:00:01.173+0000] {dagbag.py:538} INFO - Filling up the DagBag from /home/airflow/.local/lib/python3.7/site-packages/airflow/example_dags/example_subdag_operator.py
[2025-07-28T23:00:01.251+0000] {processor.py:753} INFO - DAG(s) dict_keys(['example_subdag_operator.section-1', 'example_subdag_operator.section-2', 'example_subdag_operator']) retrieved from /home/airflow/.local/lib/python3.7/site-packages/airflow/example_dags/example_subdag_operator.py
[2025-07-28T23:00:01.291+0000] {logging_mixin.py:137} INFO - [2025-07-28T23:00:01.291+0000] {dag.py:2690} INFO - Sync 3 DAGs
[2025-07-28T23:00:01.354+0000] {logging_mixin.py:137} INFO - [2025-07-28T23:00:01.354+0000] {dag.py:3441} INFO - Setting next_dagrun for example_subdag_operator to 2022-01-01T00:00:00+00:00, run_after=2022-01-01T00:00:00+00:00
[2025-07-28T23:00:01.362+0000] {logging_mixin.py:137} INFO - [2025-07-28T23:00:01.362+0000] {dag.py:3441} INFO - Setting next_dagrun for example_subdag_operator.section-1 to None, run_after=None
[2025-07-28T23:00:01.367+0000] {logging_mixin.py:137} INFO - [2025-07-28T23:00:01.367+0000] {dag.py:3441} INFO - Setting next_dagrun for example_subdag_operator.section-2 to None, run_after=None
[2025-07-28T23:00:01.394+0000] {logging_mixin.py:137} INFO - [2025-07-28T23:00:01.393+0000] {dag.py:2690} INFO - Sync 2 DAGs
[2025-07-28T23:00:01.407+0000] {logging_mixin.py:137} INFO - [2025-07-28T23:00:01.407+0000] {dag.py:3441} INFO - Setting next_dagrun for example_subdag_operator.section-1 to None, run_after=None
[2025-07-28T23:00:01.462+0000] {logging_mixin.py:137} INFO - [2025-07-28T23:00:01.462+0000] {dag.py:3441} INFO - Setting next_dagrun for example_subdag_operator.section-2 to None, run_after=None
[2025-07-28T23:00:01.552+0000] {processor.py:175} INFO - Processing /home/airflow/.local/lib/python3.7/site-packages/airflow/example_dags/example_subdag_operator.py took 0.392 seconds
[2025-07-28T23:00:32.184+0000] {processor.py:153} INFO - Started process (PID=2261) to work on /home/airflow/.local/lib/python3.7/site-packages/airflow/example_dags/example_subdag_operator.py
[2025-07-28T23:00:32.185+0000] {processor.py:743} INFO - Processing file /home/airflow/.local/lib/python3.7/site-packages/airflow/example_dags/example_subdag_operator.py for tasks to queue
[2025-07-28T23:00:32.186+0000] {logging_mixin.py:137} INFO - [2025-07-28T23:00:32.186+0000] {dagbag.py:538} INFO - Filling up the DagBag from /home/airflow/.local/lib/python3.7/site-packages/airflow/example_dags/example_subdag_operator.py
[2025-07-28T23:00:32.231+0000] {processor.py:753} INFO - DAG(s) dict_keys(['example_subdag_operator.section-1', 'example_subdag_operator.section-2', 'example_subdag_operator']) retrieved from /home/airflow/.local/lib/python3.7/site-packages/airflow/example_dags/example_subdag_operator.py
[2025-07-28T23:00:32.254+0000] {logging_mixin.py:137} INFO - [2025-07-28T23:00:32.253+0000] {dag.py:2690} INFO - Sync 3 DAGs
[2025-07-28T23:00:32.283+0000] {logging_mixin.py:137} INFO - [2025-07-28T23:00:32.282+0000] {dag.py:3441} INFO - Setting next_dagrun for example_subdag_operator to 2022-01-01T00:00:00+00:00, run_after=2022-01-01T00:00:00+00:00
[2025-07-28T23:00:32.288+0000] {logging_mixin.py:137} INFO - [2025-07-28T23:00:32.288+0000] {dag.py:3441} INFO - Setting next_dagrun for example_subdag_operator.section-1 to None, run_after=None
[2025-07-28T23:00:32.290+0000] {logging_mixin.py:137} INFO - [2025-07-28T23:00:32.290+0000] {dag.py:3441} INFO - Setting next_dagrun for example_subdag_operator.section-2 to None, run_after=None
[2025-07-28T23:00:32.301+0000] {logging_mixin.py:137} INFO - [2025-07-28T23:00:32.301+0000] {dag.py:2690} INFO - Sync 2 DAGs
[2025-07-28T23:00:32.308+0000] {logging_mixin.py:137} INFO - [2025-07-28T23:00:32.308+0000] {dag.py:3441} INFO - Setting next_dagrun for example_subdag_operator.section-1 to None, run_after=None
[2025-07-28T23:00:32.309+0000] {logging_mixin.py:137} INFO - [2025-07-28T23:00:32.309+0000] {dag.py:3441} INFO - Setting next_dagrun for example_subdag_operator.section-2 to None, run_after=None
[2025-07-28T23:00:32.330+0000] {processor.py:175} INFO - Processing /home/airflow/.local/lib/python3.7/site-packages/airflow/example_dags/example_subdag_operator.py took 0.152 seconds
[2025-07-28T23:01:03.252+0000] {processor.py:153} INFO - Started process (PID=2332) to work on /home/airflow/.local/lib/python3.7/site-packages/airflow/example_dags/example_subdag_operator.py
[2025-07-28T23:01:03.254+0000] {processor.py:743} INFO - Processing file /home/airflow/.local/lib/python3.7/site-packages/airflow/example_dags/example_subdag_operator.py for tasks to queue
[2025-07-28T23:01:03.259+0000] {logging_mixin.py:137} INFO - [2025-07-28T23:01:03.258+0000] {dagbag.py:538} INFO - Filling up the DagBag from /home/airflow/.local/lib/python3.7/site-packages/airflow/example_dags/example_subdag_operator.py
[2025-07-28T23:01:03.366+0000] {processor.py:753} INFO - DAG(s) dict_keys(['example_subdag_operator.section-1', 'example_subdag_operator.section-2', 'example_subdag_operator']) retrieved from /home/airflow/.local/lib/python3.7/site-packages/airflow/example_dags/example_subdag_operator.py
[2025-07-28T23:01:03.420+0000] {logging_mixin.py:137} INFO - [2025-07-28T23:01:03.419+0000] {dag.py:2690} INFO - Sync 3 DAGs
[2025-07-28T23:01:03.495+0000] {logging_mixin.py:137} INFO - [2025-07-28T23:01:03.495+0000] {dag.py:3441} INFO - Setting next_dagrun for example_subdag_operator to 2022-01-01T00:00:00+00:00, run_after=2022-01-01T00:00:00+00:00
[2025-07-28T23:01:03.505+0000] {logging_mixin.py:137} INFO - [2025-07-28T23:01:03.504+0000] {dag.py:3441} INFO - Setting next_dagrun for example_subdag_operator.section-1 to None, run_after=None
[2025-07-28T23:01:03.511+0000] {logging_mixin.py:137} INFO - [2025-07-28T23:01:03.510+0000] {dag.py:3441} INFO - Setting next_dagrun for example_subdag_operator.section-2 to None, run_after=None
[2025-07-28T23:01:03.537+0000] {logging_mixin.py:137} INFO - [2025-07-28T23:01:03.537+0000] {dag.py:2690} INFO - Sync 2 DAGs
[2025-07-28T23:01:03.562+0000] {logging_mixin.py:137} INFO - [2025-07-28T23:01:03.562+0000] {dag.py:3441} INFO - Setting next_dagrun for example_subdag_operator.section-1 to None, run_after=None
[2025-07-28T23:01:03.564+0000] {logging_mixin.py:137} INFO - [2025-07-28T23:01:03.564+0000] {dag.py:3441} INFO - Setting next_dagrun for example_subdag_operator.section-2 to None, run_after=None
[2025-07-28T23:01:03.597+0000] {processor.py:175} INFO - Processing /home/airflow/.local/lib/python3.7/site-packages/airflow/example_dags/example_subdag_operator.py took 0.357 seconds
[2025-07-28T23:01:34.553+0000] {processor.py:153} INFO - Started process (PID=2420) to work on /home/airflow/.local/lib/python3.7/site-packages/airflow/example_dags/example_subdag_operator.py
[2025-07-28T23:01:34.556+0000] {processor.py:743} INFO - Processing file /home/airflow/.local/lib/python3.7/site-packages/airflow/example_dags/example_subdag_operator.py for tasks to queue
[2025-07-28T23:01:34.558+0000] {logging_mixin.py:137} INFO - [2025-07-28T23:01:34.558+0000] {dagbag.py:538} INFO - Filling up the DagBag from /home/airflow/.local/lib/python3.7/site-packages/airflow/example_dags/example_subdag_operator.py
[2025-07-28T23:01:34.607+0000] {processor.py:753} INFO - DAG(s) dict_keys(['example_subdag_operator.section-1', 'example_subdag_operator.section-2', 'example_subdag_operator']) retrieved from /home/airflow/.local/lib/python3.7/site-packages/airflow/example_dags/example_subdag_operator.py
[2025-07-28T23:01:34.632+0000] {logging_mixin.py:137} INFO - [2025-07-28T23:01:34.632+0000] {dag.py:2690} INFO - Sync 3 DAGs
[2025-07-28T23:01:34.681+0000] {logging_mixin.py:137} INFO - [2025-07-28T23:01:34.681+0000] {dag.py:3441} INFO - Setting next_dagrun for example_subdag_operator to 2022-01-01T00:00:00+00:00, run_after=2022-01-01T00:00:00+00:00
[2025-07-28T23:01:34.684+0000] {logging_mixin.py:137} INFO - [2025-07-28T23:01:34.684+0000] {dag.py:3441} INFO - Setting next_dagrun for example_subdag_operator.section-1 to None, run_after=None
[2025-07-28T23:01:34.686+0000] {logging_mixin.py:137} INFO - [2025-07-28T23:01:34.686+0000] {dag.py:3441} INFO - Setting next_dagrun for example_subdag_operator.section-2 to None, run_after=None
[2025-07-28T23:01:34.697+0000] {logging_mixin.py:137} INFO - [2025-07-28T23:01:34.697+0000] {dag.py:2690} INFO - Sync 2 DAGs
[2025-07-28T23:01:34.703+0000] {logging_mixin.py:137} INFO - [2025-07-28T23:01:34.703+0000] {dag.py:3441} INFO - Setting next_dagrun for example_subdag_operator.section-1 to None, run_after=None
[2025-07-28T23:01:34.707+0000] {logging_mixin.py:137} INFO - [2025-07-28T23:01:34.706+0000] {dag.py:3441} INFO - Setting next_dagrun for example_subdag_operator.section-2 to None, run_after=None
[2025-07-28T23:01:34.726+0000] {processor.py:175} INFO - Processing /home/airflow/.local/lib/python3.7/site-packages/airflow/example_dags/example_subdag_operator.py took 0.177 seconds
[2025-07-28T23:02:04.934+0000] {processor.py:153} INFO - Started process (PID=2491) to work on /home/airflow/.local/lib/python3.7/site-packages/airflow/example_dags/example_subdag_operator.py
[2025-07-28T23:02:04.936+0000] {processor.py:743} INFO - Processing file /home/airflow/.local/lib/python3.7/site-packages/airflow/example_dags/example_subdag_operator.py for tasks to queue
[2025-07-28T23:02:04.937+0000] {logging_mixin.py:137} INFO - [2025-07-28T23:02:04.937+0000] {dagbag.py:538} INFO - Filling up the DagBag from /home/airflow/.local/lib/python3.7/site-packages/airflow/example_dags/example_subdag_operator.py
[2025-07-28T23:02:04.991+0000] {processor.py:753} INFO - DAG(s) dict_keys(['example_subdag_operator.section-1', 'example_subdag_operator.section-2', 'example_subdag_operator']) retrieved from /home/airflow/.local/lib/python3.7/site-packages/airflow/example_dags/example_subdag_operator.py
[2025-07-28T23:02:05.018+0000] {logging_mixin.py:137} INFO - [2025-07-28T23:02:05.018+0000] {dag.py:2690} INFO - Sync 3 DAGs
[2025-07-28T23:02:05.061+0000] {logging_mixin.py:137} INFO - [2025-07-28T23:02:05.061+0000] {dag.py:3441} INFO - Setting next_dagrun for example_subdag_operator to 2022-01-01T00:00:00+00:00, run_after=2022-01-01T00:00:00+00:00
[2025-07-28T23:02:05.069+0000] {logging_mixin.py:137} INFO - [2025-07-28T23:02:05.068+0000] {dag.py:3441} INFO - Setting next_dagrun for example_subdag_operator.section-1 to None, run_after=None
[2025-07-28T23:02:05.072+0000] {logging_mixin.py:137} INFO - [2025-07-28T23:02:05.072+0000] {dag.py:3441} INFO - Setting next_dagrun for example_subdag_operator.section-2 to None, run_after=None
[2025-07-28T23:02:05.088+0000] {logging_mixin.py:137} INFO - [2025-07-28T23:02:05.088+0000] {dag.py:2690} INFO - Sync 2 DAGs
[2025-07-28T23:02:05.099+0000] {logging_mixin.py:137} INFO - [2025-07-28T23:02:05.098+0000] {dag.py:3441} INFO - Setting next_dagrun for example_subdag_operator.section-1 to None, run_after=None
[2025-07-28T23:02:05.099+0000] {logging_mixin.py:137} INFO - [2025-07-28T23:02:05.099+0000] {dag.py:3441} INFO - Setting next_dagrun for example_subdag_operator.section-2 to None, run_after=None
[2025-07-28T23:02:05.120+0000] {processor.py:175} INFO - Processing /home/airflow/.local/lib/python3.7/site-packages/airflow/example_dags/example_subdag_operator.py took 0.190 seconds
[2025-07-28T23:02:35.235+0000] {processor.py:153} INFO - Started process (PID=2562) to work on /home/airflow/.local/lib/python3.7/site-packages/airflow/example_dags/example_subdag_operator.py
[2025-07-28T23:02:35.237+0000] {processor.py:743} INFO - Processing file /home/airflow/.local/lib/python3.7/site-packages/airflow/example_dags/example_subdag_operator.py for tasks to queue
[2025-07-28T23:02:35.239+0000] {logging_mixin.py:137} INFO - [2025-07-28T23:02:35.238+0000] {dagbag.py:538} INFO - Filling up the DagBag from /home/airflow/.local/lib/python3.7/site-packages/airflow/example_dags/example_subdag_operator.py
[2025-07-28T23:02:35.296+0000] {processor.py:753} INFO - DAG(s) dict_keys(['example_subdag_operator.section-1', 'example_subdag_operator.section-2', 'example_subdag_operator']) retrieved from /home/airflow/.local/lib/python3.7/site-packages/airflow/example_dags/example_subdag_operator.py
[2025-07-28T23:02:35.309+0000] {logging_mixin.py:137} INFO - [2025-07-28T23:02:35.309+0000] {dag.py:2690} INFO - Sync 3 DAGs
[2025-07-28T23:02:35.347+0000] {logging_mixin.py:137} INFO - [2025-07-28T23:02:35.347+0000] {dag.py:3441} INFO - Setting next_dagrun for example_subdag_operator to 2022-01-01T00:00:00+00:00, run_after=2022-01-01T00:00:00+00:00
[2025-07-28T23:02:35.353+0000] {logging_mixin.py:137} INFO - [2025-07-28T23:02:35.353+0000] {dag.py:3441} INFO - Setting next_dagrun for example_subdag_operator.section-1 to None, run_after=None
[2025-07-28T23:02:35.355+0000] {logging_mixin.py:137} INFO - [2025-07-28T23:02:35.355+0000] {dag.py:3441} INFO - Setting next_dagrun for example_subdag_operator.section-2 to None, run_after=None
[2025-07-28T23:02:35.366+0000] {logging_mixin.py:137} INFO - [2025-07-28T23:02:35.366+0000] {dag.py:2690} INFO - Sync 2 DAGs
[2025-07-28T23:02:35.396+0000] {logging_mixin.py:137} INFO - [2025-07-28T23:02:35.396+0000] {dag.py:3441} INFO - Setting next_dagrun for example_subdag_operator.section-1 to None, run_after=None
[2025-07-28T23:02:35.412+0000] {logging_mixin.py:137} INFO - [2025-07-28T23:02:35.411+0000] {dag.py:3441} INFO - Setting next_dagrun for example_subdag_operator.section-2 to None, run_after=None
[2025-07-28T23:02:35.445+0000] {processor.py:175} INFO - Processing /home/airflow/.local/lib/python3.7/site-packages/airflow/example_dags/example_subdag_operator.py took 0.216 seconds
[2025-07-28T23:03:06.383+0000] {processor.py:153} INFO - Started process (PID=2648) to work on /home/airflow/.local/lib/python3.7/site-packages/airflow/example_dags/example_subdag_operator.py
[2025-07-28T23:03:06.384+0000] {processor.py:743} INFO - Processing file /home/airflow/.local/lib/python3.7/site-packages/airflow/example_dags/example_subdag_operator.py for tasks to queue
[2025-07-28T23:03:06.385+0000] {logging_mixin.py:137} INFO - [2025-07-28T23:03:06.385+0000] {dagbag.py:538} INFO - Filling up the DagBag from /home/airflow/.local/lib/python3.7/site-packages/airflow/example_dags/example_subdag_operator.py
[2025-07-28T23:03:06.422+0000] {processor.py:753} INFO - DAG(s) dict_keys(['example_subdag_operator.section-1', 'example_subdag_operator.section-2', 'example_subdag_operator']) retrieved from /home/airflow/.local/lib/python3.7/site-packages/airflow/example_dags/example_subdag_operator.py
[2025-07-28T23:03:06.428+0000] {logging_mixin.py:137} INFO - [2025-07-28T23:03:06.428+0000] {dag.py:2690} INFO - Sync 3 DAGs
[2025-07-28T23:03:06.455+0000] {logging_mixin.py:137} INFO - [2025-07-28T23:03:06.455+0000] {dag.py:3441} INFO - Setting next_dagrun for example_subdag_operator to 2022-01-01T00:00:00+00:00, run_after=2022-01-01T00:00:00+00:00
[2025-07-28T23:03:06.460+0000] {logging_mixin.py:137} INFO - [2025-07-28T23:03:06.460+0000] {dag.py:3441} INFO - Setting next_dagrun for example_subdag_operator.section-1 to None, run_after=None
[2025-07-28T23:03:06.463+0000] {logging_mixin.py:137} INFO - [2025-07-28T23:03:06.462+0000] {dag.py:3441} INFO - Setting next_dagrun for example_subdag_operator.section-2 to None, run_after=None
[2025-07-28T23:03:06.471+0000] {logging_mixin.py:137} INFO - [2025-07-28T23:03:06.471+0000] {dag.py:2690} INFO - Sync 2 DAGs
[2025-07-28T23:03:06.480+0000] {logging_mixin.py:137} INFO - [2025-07-28T23:03:06.480+0000] {dag.py:3441} INFO - Setting next_dagrun for example_subdag_operator.section-1 to None, run_after=None
[2025-07-28T23:03:06.481+0000] {logging_mixin.py:137} INFO - [2025-07-28T23:03:06.481+0000] {dag.py:3441} INFO - Setting next_dagrun for example_subdag_operator.section-2 to None, run_after=None
[2025-07-28T23:03:06.501+0000] {processor.py:175} INFO - Processing /home/airflow/.local/lib/python3.7/site-packages/airflow/example_dags/example_subdag_operator.py took 0.120 seconds
[2025-07-28T23:03:36.565+0000] {processor.py:153} INFO - Started process (PID=2719) to work on /home/airflow/.local/lib/python3.7/site-packages/airflow/example_dags/example_subdag_operator.py
[2025-07-28T23:03:36.567+0000] {processor.py:743} INFO - Processing file /home/airflow/.local/lib/python3.7/site-packages/airflow/example_dags/example_subdag_operator.py for tasks to queue
[2025-07-28T23:03:36.568+0000] {logging_mixin.py:137} INFO - [2025-07-28T23:03:36.568+0000] {dagbag.py:538} INFO - Filling up the DagBag from /home/airflow/.local/lib/python3.7/site-packages/airflow/example_dags/example_subdag_operator.py
[2025-07-28T23:03:36.631+0000] {processor.py:753} INFO - DAG(s) dict_keys(['example_subdag_operator.section-1', 'example_subdag_operator.section-2', 'example_subdag_operator']) retrieved from /home/airflow/.local/lib/python3.7/site-packages/airflow/example_dags/example_subdag_operator.py
[2025-07-28T23:03:36.640+0000] {logging_mixin.py:137} INFO - [2025-07-28T23:03:36.639+0000] {dag.py:2690} INFO - Sync 3 DAGs
[2025-07-28T23:03:36.683+0000] {logging_mixin.py:137} INFO - [2025-07-28T23:03:36.683+0000] {dag.py:3441} INFO - Setting next_dagrun for example_subdag_operator to 2022-01-01T00:00:00+00:00, run_after=2022-01-01T00:00:00+00:00
[2025-07-28T23:03:36.689+0000] {logging_mixin.py:137} INFO - [2025-07-28T23:03:36.689+0000] {dag.py:3441} INFO - Setting next_dagrun for example_subdag_operator.section-1 to None, run_after=None
[2025-07-28T23:03:36.692+0000] {logging_mixin.py:137} INFO - [2025-07-28T23:03:36.692+0000] {dag.py:3441} INFO - Setting next_dagrun for example_subdag_operator.section-2 to None, run_after=None
[2025-07-28T23:03:36.711+0000] {logging_mixin.py:137} INFO - [2025-07-28T23:03:36.710+0000] {dag.py:2690} INFO - Sync 2 DAGs
[2025-07-28T23:03:36.721+0000] {logging_mixin.py:137} INFO - [2025-07-28T23:03:36.721+0000] {dag.py:3441} INFO - Setting next_dagrun for example_subdag_operator.section-1 to None, run_after=None
[2025-07-28T23:03:36.722+0000] {logging_mixin.py:137} INFO - [2025-07-28T23:03:36.722+0000] {dag.py:3441} INFO - Setting next_dagrun for example_subdag_operator.section-2 to None, run_after=None
[2025-07-28T23:03:36.743+0000] {processor.py:175} INFO - Processing /home/airflow/.local/lib/python3.7/site-packages/airflow/example_dags/example_subdag_operator.py took 0.184 seconds
[2025-07-28T23:04:07.298+0000] {processor.py:153} INFO - Started process (PID=2799) to work on /home/airflow/.local/lib/python3.7/site-packages/airflow/example_dags/example_subdag_operator.py
[2025-07-28T23:04:07.304+0000] {processor.py:743} INFO - Processing file /home/airflow/.local/lib/python3.7/site-packages/airflow/example_dags/example_subdag_operator.py for tasks to queue
[2025-07-28T23:04:07.306+0000] {logging_mixin.py:137} INFO - [2025-07-28T23:04:07.306+0000] {dagbag.py:538} INFO - Filling up the DagBag from /home/airflow/.local/lib/python3.7/site-packages/airflow/example_dags/example_subdag_operator.py
[2025-07-28T23:04:07.448+0000] {processor.py:753} INFO - DAG(s) dict_keys(['example_subdag_operator.section-1', 'example_subdag_operator.section-2', 'example_subdag_operator']) retrieved from /home/airflow/.local/lib/python3.7/site-packages/airflow/example_dags/example_subdag_operator.py
[2025-07-28T23:04:07.611+0000] {logging_mixin.py:137} INFO - [2025-07-28T23:04:07.610+0000] {dag.py:2690} INFO - Sync 3 DAGs
[2025-07-28T23:04:07.685+0000] {logging_mixin.py:137} INFO - [2025-07-28T23:04:07.683+0000] {dag.py:3441} INFO - Setting next_dagrun for example_subdag_operator to 2022-01-01T00:00:00+00:00, run_after=2022-01-01T00:00:00+00:00
[2025-07-28T23:04:07.698+0000] {logging_mixin.py:137} INFO - [2025-07-28T23:04:07.698+0000] {dag.py:3441} INFO - Setting next_dagrun for example_subdag_operator.section-1 to None, run_after=None
[2025-07-28T23:04:07.704+0000] {logging_mixin.py:137} INFO - [2025-07-28T23:04:07.703+0000] {dag.py:3441} INFO - Setting next_dagrun for example_subdag_operator.section-2 to None, run_after=None
[2025-07-28T23:04:07.730+0000] {logging_mixin.py:137} INFO - [2025-07-28T23:04:07.729+0000] {dag.py:2690} INFO - Sync 2 DAGs
[2025-07-28T23:04:07.750+0000] {logging_mixin.py:137} INFO - [2025-07-28T23:04:07.749+0000] {dag.py:3441} INFO - Setting next_dagrun for example_subdag_operator.section-1 to None, run_after=None
[2025-07-28T23:04:07.751+0000] {logging_mixin.py:137} INFO - [2025-07-28T23:04:07.750+0000] {dag.py:3441} INFO - Setting next_dagrun for example_subdag_operator.section-2 to None, run_after=None
[2025-07-28T23:04:07.780+0000] {processor.py:175} INFO - Processing /home/airflow/.local/lib/python3.7/site-packages/airflow/example_dags/example_subdag_operator.py took 0.489 seconds
[2025-07-28T23:04:38.256+0000] {processor.py:153} INFO - Started process (PID=2876) to work on /home/airflow/.local/lib/python3.7/site-packages/airflow/example_dags/example_subdag_operator.py
[2025-07-28T23:04:38.257+0000] {processor.py:743} INFO - Processing file /home/airflow/.local/lib/python3.7/site-packages/airflow/example_dags/example_subdag_operator.py for tasks to queue
[2025-07-28T23:04:38.258+0000] {logging_mixin.py:137} INFO - [2025-07-28T23:04:38.258+0000] {dagbag.py:538} INFO - Filling up the DagBag from /home/airflow/.local/lib/python3.7/site-packages/airflow/example_dags/example_subdag_operator.py
[2025-07-28T23:04:38.306+0000] {processor.py:753} INFO - DAG(s) dict_keys(['example_subdag_operator.section-1', 'example_subdag_operator.section-2', 'example_subdag_operator']) retrieved from /home/airflow/.local/lib/python3.7/site-packages/airflow/example_dags/example_subdag_operator.py
[2025-07-28T23:04:38.329+0000] {logging_mixin.py:137} INFO - [2025-07-28T23:04:38.329+0000] {dag.py:2690} INFO - Sync 3 DAGs
[2025-07-28T23:04:38.362+0000] {logging_mixin.py:137} INFO - [2025-07-28T23:04:38.362+0000] {dag.py:3441} INFO - Setting next_dagrun for example_subdag_operator to 2022-01-01T00:00:00+00:00, run_after=2022-01-01T00:00:00+00:00
[2025-07-28T23:04:38.368+0000] {logging_mixin.py:137} INFO - [2025-07-28T23:04:38.368+0000] {dag.py:3441} INFO - Setting next_dagrun for example_subdag_operator.section-1 to None, run_after=None
[2025-07-28T23:04:38.370+0000] {logging_mixin.py:137} INFO - [2025-07-28T23:04:38.370+0000] {dag.py:3441} INFO - Setting next_dagrun for example_subdag_operator.section-2 to None, run_after=None
[2025-07-28T23:04:38.380+0000] {logging_mixin.py:137} INFO - [2025-07-28T23:04:38.380+0000] {dag.py:2690} INFO - Sync 2 DAGs
[2025-07-28T23:04:38.389+0000] {logging_mixin.py:137} INFO - [2025-07-28T23:04:38.389+0000] {dag.py:3441} INFO - Setting next_dagrun for example_subdag_operator.section-1 to None, run_after=None
[2025-07-28T23:04:38.390+0000] {logging_mixin.py:137} INFO - [2025-07-28T23:04:38.390+0000] {dag.py:3441} INFO - Setting next_dagrun for example_subdag_operator.section-2 to None, run_after=None
[2025-07-28T23:04:38.410+0000] {processor.py:175} INFO - Processing /home/airflow/.local/lib/python3.7/site-packages/airflow/example_dags/example_subdag_operator.py took 0.157 seconds
[2025-07-28T23:05:08.761+0000] {processor.py:153} INFO - Started process (PID=2947) to work on /home/airflow/.local/lib/python3.7/site-packages/airflow/example_dags/example_subdag_operator.py
[2025-07-28T23:05:08.762+0000] {processor.py:743} INFO - Processing file /home/airflow/.local/lib/python3.7/site-packages/airflow/example_dags/example_subdag_operator.py for tasks to queue
[2025-07-28T23:05:08.764+0000] {logging_mixin.py:137} INFO - [2025-07-28T23:05:08.763+0000] {dagbag.py:538} INFO - Filling up the DagBag from /home/airflow/.local/lib/python3.7/site-packages/airflow/example_dags/example_subdag_operator.py
[2025-07-28T23:05:08.803+0000] {processor.py:753} INFO - DAG(s) dict_keys(['example_subdag_operator.section-1', 'example_subdag_operator.section-2', 'example_subdag_operator']) retrieved from /home/airflow/.local/lib/python3.7/site-packages/airflow/example_dags/example_subdag_operator.py
[2025-07-28T23:05:08.824+0000] {logging_mixin.py:137} INFO - [2025-07-28T23:05:08.824+0000] {dag.py:2690} INFO - Sync 3 DAGs
[2025-07-28T23:05:08.859+0000] {logging_mixin.py:137} INFO - [2025-07-28T23:05:08.859+0000] {dag.py:3441} INFO - Setting next_dagrun for example_subdag_operator to 2022-01-01T00:00:00+00:00, run_after=2022-01-01T00:00:00+00:00
[2025-07-28T23:05:08.864+0000] {logging_mixin.py:137} INFO - [2025-07-28T23:05:08.864+0000] {dag.py:3441} INFO - Setting next_dagrun for example_subdag_operator.section-1 to None, run_after=None
[2025-07-28T23:05:08.866+0000] {logging_mixin.py:137} INFO - [2025-07-28T23:05:08.866+0000] {dag.py:3441} INFO - Setting next_dagrun for example_subdag_operator.section-2 to None, run_after=None
[2025-07-28T23:05:08.877+0000] {logging_mixin.py:137} INFO - [2025-07-28T23:05:08.877+0000] {dag.py:2690} INFO - Sync 2 DAGs
[2025-07-28T23:05:08.885+0000] {logging_mixin.py:137} INFO - [2025-07-28T23:05:08.885+0000] {dag.py:3441} INFO - Setting next_dagrun for example_subdag_operator.section-1 to None, run_after=None
[2025-07-28T23:05:08.886+0000] {logging_mixin.py:137} INFO - [2025-07-28T23:05:08.886+0000] {dag.py:3441} INFO - Setting next_dagrun for example_subdag_operator.section-2 to None, run_after=None
[2025-07-28T23:05:08.905+0000] {processor.py:175} INFO - Processing /home/airflow/.local/lib/python3.7/site-packages/airflow/example_dags/example_subdag_operator.py took 0.148 seconds
[2025-07-28T23:05:39.678+0000] {processor.py:153} INFO - Started process (PID=3035) to work on /home/airflow/.local/lib/python3.7/site-packages/airflow/example_dags/example_subdag_operator.py
[2025-07-28T23:05:39.680+0000] {processor.py:743} INFO - Processing file /home/airflow/.local/lib/python3.7/site-packages/airflow/example_dags/example_subdag_operator.py for tasks to queue
[2025-07-28T23:05:39.681+0000] {logging_mixin.py:137} INFO - [2025-07-28T23:05:39.681+0000] {dagbag.py:538} INFO - Filling up the DagBag from /home/airflow/.local/lib/python3.7/site-packages/airflow/example_dags/example_subdag_operator.py
[2025-07-28T23:05:39.739+0000] {processor.py:753} INFO - DAG(s) dict_keys(['example_subdag_operator.section-1', 'example_subdag_operator.section-2', 'example_subdag_operator']) retrieved from /home/airflow/.local/lib/python3.7/site-packages/airflow/example_dags/example_subdag_operator.py
[2025-07-28T23:05:39.769+0000] {logging_mixin.py:137} INFO - [2025-07-28T23:05:39.768+0000] {dag.py:2690} INFO - Sync 3 DAGs
[2025-07-28T23:05:39.842+0000] {logging_mixin.py:137} INFO - [2025-07-28T23:05:39.841+0000] {dag.py:3441} INFO - Setting next_dagrun for example_subdag_operator to 2022-01-01T00:00:00+00:00, run_after=2022-01-01T00:00:00+00:00
[2025-07-28T23:05:39.850+0000] {logging_mixin.py:137} INFO - [2025-07-28T23:05:39.849+0000] {dag.py:3441} INFO - Setting next_dagrun for example_subdag_operator.section-1 to None, run_after=None
[2025-07-28T23:05:39.854+0000] {logging_mixin.py:137} INFO - [2025-07-28T23:05:39.854+0000] {dag.py:3441} INFO - Setting next_dagrun for example_subdag_operator.section-2 to None, run_after=None
[2025-07-28T23:05:39.874+0000] {logging_mixin.py:137} INFO - [2025-07-28T23:05:39.874+0000] {dag.py:2690} INFO - Sync 2 DAGs
[2025-07-28T23:05:39.883+0000] {logging_mixin.py:137} INFO - [2025-07-28T23:05:39.883+0000] {dag.py:3441} INFO - Setting next_dagrun for example_subdag_operator.section-1 to None, run_after=None
[2025-07-28T23:05:39.884+0000] {logging_mixin.py:137} INFO - [2025-07-28T23:05:39.884+0000] {dag.py:3441} INFO - Setting next_dagrun for example_subdag_operator.section-2 to None, run_after=None
[2025-07-28T23:05:39.908+0000] {processor.py:175} INFO - Processing /home/airflow/.local/lib/python3.7/site-packages/airflow/example_dags/example_subdag_operator.py took 0.233 seconds
[2025-07-28T23:06:10.259+0000] {processor.py:153} INFO - Started process (PID=3107) to work on /home/airflow/.local/lib/python3.7/site-packages/airflow/example_dags/example_subdag_operator.py
[2025-07-28T23:06:10.260+0000] {processor.py:743} INFO - Processing file /home/airflow/.local/lib/python3.7/site-packages/airflow/example_dags/example_subdag_operator.py for tasks to queue
[2025-07-28T23:06:10.261+0000] {logging_mixin.py:137} INFO - [2025-07-28T23:06:10.260+0000] {dagbag.py:538} INFO - Filling up the DagBag from /home/airflow/.local/lib/python3.7/site-packages/airflow/example_dags/example_subdag_operator.py
[2025-07-28T23:06:10.293+0000] {processor.py:753} INFO - DAG(s) dict_keys(['example_subdag_operator.section-1', 'example_subdag_operator.section-2', 'example_subdag_operator']) retrieved from /home/airflow/.local/lib/python3.7/site-packages/airflow/example_dags/example_subdag_operator.py
[2025-07-28T23:06:10.311+0000] {logging_mixin.py:137} INFO - [2025-07-28T23:06:10.311+0000] {dag.py:2690} INFO - Sync 3 DAGs
[2025-07-28T23:06:10.333+0000] {logging_mixin.py:137} INFO - [2025-07-28T23:06:10.333+0000] {dag.py:3441} INFO - Setting next_dagrun for example_subdag_operator to 2022-01-01T00:00:00+00:00, run_after=2022-01-01T00:00:00+00:00
[2025-07-28T23:06:10.337+0000] {logging_mixin.py:137} INFO - [2025-07-28T23:06:10.337+0000] {dag.py:3441} INFO - Setting next_dagrun for example_subdag_operator.section-1 to None, run_after=None
[2025-07-28T23:06:10.339+0000] {logging_mixin.py:137} INFO - [2025-07-28T23:06:10.339+0000] {dag.py:3441} INFO - Setting next_dagrun for example_subdag_operator.section-2 to None, run_after=None
[2025-07-28T23:06:10.347+0000] {logging_mixin.py:137} INFO - [2025-07-28T23:06:10.347+0000] {dag.py:2690} INFO - Sync 2 DAGs
[2025-07-28T23:06:10.354+0000] {logging_mixin.py:137} INFO - [2025-07-28T23:06:10.354+0000] {dag.py:3441} INFO - Setting next_dagrun for example_subdag_operator.section-1 to None, run_after=None
[2025-07-28T23:06:10.355+0000] {logging_mixin.py:137} INFO - [2025-07-28T23:06:10.354+0000] {dag.py:3441} INFO - Setting next_dagrun for example_subdag_operator.section-2 to None, run_after=None
[2025-07-28T23:06:10.372+0000] {processor.py:175} INFO - Processing /home/airflow/.local/lib/python3.7/site-packages/airflow/example_dags/example_subdag_operator.py took 0.117 seconds
[2025-07-28T23:06:40.514+0000] {processor.py:153} INFO - Started process (PID=3179) to work on /home/airflow/.local/lib/python3.7/site-packages/airflow/example_dags/example_subdag_operator.py
[2025-07-28T23:06:40.517+0000] {processor.py:743} INFO - Processing file /home/airflow/.local/lib/python3.7/site-packages/airflow/example_dags/example_subdag_operator.py for tasks to queue
[2025-07-28T23:06:40.519+0000] {logging_mixin.py:137} INFO - [2025-07-28T23:06:40.519+0000] {dagbag.py:538} INFO - Filling up the DagBag from /home/airflow/.local/lib/python3.7/site-packages/airflow/example_dags/example_subdag_operator.py
[2025-07-28T23:06:40.574+0000] {processor.py:753} INFO - DAG(s) dict_keys(['example_subdag_operator.section-1', 'example_subdag_operator.section-2', 'example_subdag_operator']) retrieved from /home/airflow/.local/lib/python3.7/site-packages/airflow/example_dags/example_subdag_operator.py
[2025-07-28T23:06:40.601+0000] {logging_mixin.py:137} INFO - [2025-07-28T23:06:40.600+0000] {dag.py:2690} INFO - Sync 3 DAGs
[2025-07-28T23:06:40.640+0000] {logging_mixin.py:137} INFO - [2025-07-28T23:06:40.640+0000] {dag.py:3441} INFO - Setting next_dagrun for example_subdag_operator to 2022-01-01T00:00:00+00:00, run_after=2022-01-01T00:00:00+00:00
[2025-07-28T23:06:40.644+0000] {logging_mixin.py:137} INFO - [2025-07-28T23:06:40.644+0000] {dag.py:3441} INFO - Setting next_dagrun for example_subdag_operator.section-1 to None, run_after=None
[2025-07-28T23:06:40.646+0000] {logging_mixin.py:137} INFO - [2025-07-28T23:06:40.646+0000] {dag.py:3441} INFO - Setting next_dagrun for example_subdag_operator.section-2 to None, run_after=None
[2025-07-28T23:06:40.660+0000] {logging_mixin.py:137} INFO - [2025-07-28T23:06:40.660+0000] {dag.py:2690} INFO - Sync 2 DAGs
[2025-07-28T23:06:40.668+0000] {logging_mixin.py:137} INFO - [2025-07-28T23:06:40.668+0000] {dag.py:3441} INFO - Setting next_dagrun for example_subdag_operator.section-1 to None, run_after=None
[2025-07-28T23:06:40.669+0000] {logging_mixin.py:137} INFO - [2025-07-28T23:06:40.669+0000] {dag.py:3441} INFO - Setting next_dagrun for example_subdag_operator.section-2 to None, run_after=None
[2025-07-28T23:06:40.690+0000] {processor.py:175} INFO - Processing /home/airflow/.local/lib/python3.7/site-packages/airflow/example_dags/example_subdag_operator.py took 0.183 seconds
