[2025-07-28T22:45:40.299+0000] {processor.py:153} INFO - Started process (PID=79) to work on /home/airflow/.local/lib/python3.7/site-packages/airflow/example_dags/example_short_circuit_decorator.py
[2025-07-28T22:45:40.301+0000] {processor.py:743} INFO - Processing file /home/airflow/.local/lib/python3.7/site-packages/airflow/example_dags/example_short_circuit_decorator.py for tasks to queue
[2025-07-28T22:45:40.302+0000] {logging_mixin.py:137} INFO - [2025-07-28T22:45:40.302+0000] {dagbag.py:538} INFO - Filling up the DagBag from /home/airflow/.local/lib/python3.7/site-packages/airflow/example_dags/example_short_circuit_decorator.py
[2025-07-28T22:45:40.348+0000] {processor.py:753} INFO - DAG(s) dict_keys(['example_short_circuit_decorator']) retrieved from /home/airflow/.local/lib/python3.7/site-packages/airflow/example_dags/example_short_circuit_decorator.py
[2025-07-28T22:45:40.534+0000] {logging_mixin.py:137} INFO - [2025-07-28T22:45:40.534+0000] {manager.py:504} INFO - Created Permission View: can delete on DAG:example_short_circuit_decorator
[2025-07-28T22:45:40.547+0000] {logging_mixin.py:137} INFO - [2025-07-28T22:45:40.547+0000] {manager.py:504} INFO - Created Permission View: can read on DAG:example_short_circuit_decorator
[2025-07-28T22:45:40.558+0000] {logging_mixin.py:137} INFO - [2025-07-28T22:45:40.558+0000] {manager.py:504} INFO - Created Permission View: can edit on DAG:example_short_circuit_decorator
[2025-07-28T22:45:40.559+0000] {logging_mixin.py:137} INFO - [2025-07-28T22:45:40.559+0000] {dag.py:2690} INFO - Sync 1 DAGs
[2025-07-28T22:45:40.592+0000] {logging_mixin.py:137} INFO - [2025-07-28T22:45:40.591+0000] {dag.py:2711} INFO - Creating ORM DAG for example_short_circuit_decorator
[2025-07-28T22:45:40.621+0000] {logging_mixin.py:137} INFO - [2025-07-28T22:45:40.620+0000] {dag.py:3441} INFO - Setting next_dagrun for example_short_circuit_decorator to 2025-07-27T22:45:40.620182+00:00, run_after=2025-07-28T22:45:40.620182+00:00
[2025-07-28T22:45:40.669+0000] {processor.py:175} INFO - Processing /home/airflow/.local/lib/python3.7/site-packages/airflow/example_dags/example_short_circuit_decorator.py took 0.375 seconds
[2025-07-28T22:46:11.335+0000] {processor.py:153} INFO - Started process (PID=150) to work on /home/airflow/.local/lib/python3.7/site-packages/airflow/example_dags/example_short_circuit_decorator.py
[2025-07-28T22:46:11.338+0000] {processor.py:743} INFO - Processing file /home/airflow/.local/lib/python3.7/site-packages/airflow/example_dags/example_short_circuit_decorator.py for tasks to queue
[2025-07-28T22:46:11.348+0000] {logging_mixin.py:137} INFO - [2025-07-28T22:46:11.348+0000] {dagbag.py:538} INFO - Filling up the DagBag from /home/airflow/.local/lib/python3.7/site-packages/airflow/example_dags/example_short_circuit_decorator.py
[2025-07-28T22:46:11.504+0000] {processor.py:753} INFO - DAG(s) dict_keys(['example_short_circuit_decorator']) retrieved from /home/airflow/.local/lib/python3.7/site-packages/airflow/example_dags/example_short_circuit_decorator.py
[2025-07-28T22:46:11.600+0000] {logging_mixin.py:137} INFO - [2025-07-28T22:46:11.600+0000] {dag.py:2690} INFO - Sync 1 DAGs
[2025-07-28T22:46:11.788+0000] {logging_mixin.py:137} INFO - [2025-07-28T22:46:11.788+0000] {dag.py:3441} INFO - Setting next_dagrun for example_short_circuit_decorator to 2025-07-27T22:46:11.787615+00:00, run_after=2025-07-28T22:46:11.787615+00:00
[2025-07-28T22:46:11.946+0000] {processor.py:175} INFO - Processing /home/airflow/.local/lib/python3.7/site-packages/airflow/example_dags/example_short_circuit_decorator.py took 0.629 seconds
[2025-07-28T22:46:42.263+0000] {processor.py:153} INFO - Started process (PID=220) to work on /home/airflow/.local/lib/python3.7/site-packages/airflow/example_dags/example_short_circuit_decorator.py
[2025-07-28T22:46:42.265+0000] {processor.py:743} INFO - Processing file /home/airflow/.local/lib/python3.7/site-packages/airflow/example_dags/example_short_circuit_decorator.py for tasks to queue
[2025-07-28T22:46:42.266+0000] {logging_mixin.py:137} INFO - [2025-07-28T22:46:42.266+0000] {dagbag.py:538} INFO - Filling up the DagBag from /home/airflow/.local/lib/python3.7/site-packages/airflow/example_dags/example_short_circuit_decorator.py
[2025-07-28T22:46:42.302+0000] {processor.py:753} INFO - DAG(s) dict_keys(['example_short_circuit_decorator']) retrieved from /home/airflow/.local/lib/python3.7/site-packages/airflow/example_dags/example_short_circuit_decorator.py
[2025-07-28T22:46:42.343+0000] {logging_mixin.py:137} INFO - [2025-07-28T22:46:42.342+0000] {dag.py:2690} INFO - Sync 1 DAGs
[2025-07-28T22:46:42.379+0000] {logging_mixin.py:137} INFO - [2025-07-28T22:46:42.379+0000] {dag.py:3441} INFO - Setting next_dagrun for example_short_circuit_decorator to 2025-07-27T22:46:42.378944+00:00, run_after=2025-07-28T22:46:42.378944+00:00
[2025-07-28T22:46:42.404+0000] {processor.py:175} INFO - Processing /home/airflow/.local/lib/python3.7/site-packages/airflow/example_dags/example_short_circuit_decorator.py took 0.150 seconds
[2025-07-28T22:47:13.113+0000] {processor.py:153} INFO - Started process (PID=300) to work on /home/airflow/.local/lib/python3.7/site-packages/airflow/example_dags/example_short_circuit_decorator.py
[2025-07-28T22:47:13.115+0000] {processor.py:743} INFO - Processing file /home/airflow/.local/lib/python3.7/site-packages/airflow/example_dags/example_short_circuit_decorator.py for tasks to queue
[2025-07-28T22:47:13.116+0000] {logging_mixin.py:137} INFO - [2025-07-28T22:47:13.116+0000] {dagbag.py:538} INFO - Filling up the DagBag from /home/airflow/.local/lib/python3.7/site-packages/airflow/example_dags/example_short_circuit_decorator.py
[2025-07-28T22:47:13.193+0000] {processor.py:753} INFO - DAG(s) dict_keys(['example_short_circuit_decorator']) retrieved from /home/airflow/.local/lib/python3.7/site-packages/airflow/example_dags/example_short_circuit_decorator.py
[2025-07-28T22:47:13.274+0000] {logging_mixin.py:137} INFO - [2025-07-28T22:47:13.274+0000] {dag.py:2690} INFO - Sync 1 DAGs
[2025-07-28T22:47:13.405+0000] {logging_mixin.py:137} INFO - [2025-07-28T22:47:13.405+0000] {dag.py:3441} INFO - Setting next_dagrun for example_short_circuit_decorator to 2025-07-27T22:47:13.404625+00:00, run_after=2025-07-28T22:47:13.404625+00:00
[2025-07-28T22:47:13.531+0000] {processor.py:175} INFO - Processing /home/airflow/.local/lib/python3.7/site-packages/airflow/example_dags/example_short_circuit_decorator.py took 0.425 seconds
[2025-07-28T22:47:43.619+0000] {processor.py:153} INFO - Started process (PID=378) to work on /home/airflow/.local/lib/python3.7/site-packages/airflow/example_dags/example_short_circuit_decorator.py
[2025-07-28T22:47:43.621+0000] {processor.py:743} INFO - Processing file /home/airflow/.local/lib/python3.7/site-packages/airflow/example_dags/example_short_circuit_decorator.py for tasks to queue
[2025-07-28T22:47:43.624+0000] {logging_mixin.py:137} INFO - [2025-07-28T22:47:43.624+0000] {dagbag.py:538} INFO - Filling up the DagBag from /home/airflow/.local/lib/python3.7/site-packages/airflow/example_dags/example_short_circuit_decorator.py
[2025-07-28T22:47:43.739+0000] {processor.py:753} INFO - DAG(s) dict_keys(['example_short_circuit_decorator']) retrieved from /home/airflow/.local/lib/python3.7/site-packages/airflow/example_dags/example_short_circuit_decorator.py
[2025-07-28T22:47:43.808+0000] {logging_mixin.py:137} INFO - [2025-07-28T22:47:43.808+0000] {dag.py:2690} INFO - Sync 1 DAGs
[2025-07-28T22:47:43.884+0000] {logging_mixin.py:137} INFO - [2025-07-28T22:47:43.883+0000] {dag.py:3441} INFO - Setting next_dagrun for example_short_circuit_decorator to 2025-07-27T22:47:43.883244+00:00, run_after=2025-07-28T22:47:43.883244+00:00
[2025-07-28T22:47:43.938+0000] {processor.py:175} INFO - Processing /home/airflow/.local/lib/python3.7/site-packages/airflow/example_dags/example_short_circuit_decorator.py took 0.328 seconds
[2025-07-28T22:48:14.360+0000] {processor.py:153} INFO - Started process (PID=448) to work on /home/airflow/.local/lib/python3.7/site-packages/airflow/example_dags/example_short_circuit_decorator.py
[2025-07-28T22:48:14.363+0000] {processor.py:743} INFO - Processing file /home/airflow/.local/lib/python3.7/site-packages/airflow/example_dags/example_short_circuit_decorator.py for tasks to queue
[2025-07-28T22:48:14.365+0000] {logging_mixin.py:137} INFO - [2025-07-28T22:48:14.365+0000] {dagbag.py:538} INFO - Filling up the DagBag from /home/airflow/.local/lib/python3.7/site-packages/airflow/example_dags/example_short_circuit_decorator.py
[2025-07-28T22:48:14.445+0000] {processor.py:753} INFO - DAG(s) dict_keys(['example_short_circuit_decorator']) retrieved from /home/airflow/.local/lib/python3.7/site-packages/airflow/example_dags/example_short_circuit_decorator.py
[2025-07-28T22:48:14.536+0000] {logging_mixin.py:137} INFO - [2025-07-28T22:48:14.536+0000] {dag.py:2690} INFO - Sync 1 DAGs
[2025-07-28T22:48:14.606+0000] {logging_mixin.py:137} INFO - [2025-07-28T22:48:14.604+0000] {dag.py:3441} INFO - Setting next_dagrun for example_short_circuit_decorator to 2025-07-27T22:48:14.604399+00:00, run_after=2025-07-28T22:48:14.604399+00:00
[2025-07-28T22:48:14.701+0000] {processor.py:175} INFO - Processing /home/airflow/.local/lib/python3.7/site-packages/airflow/example_dags/example_short_circuit_decorator.py took 0.350 seconds
[2025-07-28T22:48:44.983+0000] {processor.py:153} INFO - Started process (PID=519) to work on /home/airflow/.local/lib/python3.7/site-packages/airflow/example_dags/example_short_circuit_decorator.py
[2025-07-28T22:48:44.984+0000] {processor.py:743} INFO - Processing file /home/airflow/.local/lib/python3.7/site-packages/airflow/example_dags/example_short_circuit_decorator.py for tasks to queue
[2025-07-28T22:48:44.986+0000] {logging_mixin.py:137} INFO - [2025-07-28T22:48:44.986+0000] {dagbag.py:538} INFO - Filling up the DagBag from /home/airflow/.local/lib/python3.7/site-packages/airflow/example_dags/example_short_circuit_decorator.py
[2025-07-28T22:48:45.023+0000] {processor.py:753} INFO - DAG(s) dict_keys(['example_short_circuit_decorator']) retrieved from /home/airflow/.local/lib/python3.7/site-packages/airflow/example_dags/example_short_circuit_decorator.py
[2025-07-28T22:48:45.058+0000] {logging_mixin.py:137} INFO - [2025-07-28T22:48:45.058+0000] {dag.py:2690} INFO - Sync 1 DAGs
[2025-07-28T22:48:45.091+0000] {logging_mixin.py:137} INFO - [2025-07-28T22:48:45.091+0000] {dag.py:3441} INFO - Setting next_dagrun for example_short_circuit_decorator to 2025-07-27T22:48:45.091090+00:00, run_after=2025-07-28T22:48:45.091090+00:00
[2025-07-28T22:48:45.115+0000] {processor.py:175} INFO - Processing /home/airflow/.local/lib/python3.7/site-packages/airflow/example_dags/example_short_circuit_decorator.py took 0.136 seconds
[2025-07-28T22:49:15.423+0000] {processor.py:153} INFO - Started process (PID=590) to work on /home/airflow/.local/lib/python3.7/site-packages/airflow/example_dags/example_short_circuit_decorator.py
[2025-07-28T22:49:15.425+0000] {processor.py:743} INFO - Processing file /home/airflow/.local/lib/python3.7/site-packages/airflow/example_dags/example_short_circuit_decorator.py for tasks to queue
[2025-07-28T22:49:15.428+0000] {logging_mixin.py:137} INFO - [2025-07-28T22:49:15.428+0000] {dagbag.py:538} INFO - Filling up the DagBag from /home/airflow/.local/lib/python3.7/site-packages/airflow/example_dags/example_short_circuit_decorator.py
[2025-07-28T22:49:15.485+0000] {processor.py:753} INFO - DAG(s) dict_keys(['example_short_circuit_decorator']) retrieved from /home/airflow/.local/lib/python3.7/site-packages/airflow/example_dags/example_short_circuit_decorator.py
[2025-07-28T22:49:15.544+0000] {logging_mixin.py:137} INFO - [2025-07-28T22:49:15.544+0000] {dag.py:2690} INFO - Sync 1 DAGs
[2025-07-28T22:49:15.608+0000] {logging_mixin.py:137} INFO - [2025-07-28T22:49:15.608+0000] {dag.py:3441} INFO - Setting next_dagrun for example_short_circuit_decorator to 2025-07-27T22:49:15.604353+00:00, run_after=2025-07-28T22:49:15.604353+00:00
[2025-07-28T22:49:15.675+0000] {processor.py:175} INFO - Processing /home/airflow/.local/lib/python3.7/site-packages/airflow/example_dags/example_short_circuit_decorator.py took 0.263 seconds
[2025-07-28T22:49:45.843+0000] {processor.py:153} INFO - Started process (PID=661) to work on /home/airflow/.local/lib/python3.7/site-packages/airflow/example_dags/example_short_circuit_decorator.py
[2025-07-28T22:49:45.845+0000] {processor.py:743} INFO - Processing file /home/airflow/.local/lib/python3.7/site-packages/airflow/example_dags/example_short_circuit_decorator.py for tasks to queue
[2025-07-28T22:49:45.847+0000] {logging_mixin.py:137} INFO - [2025-07-28T22:49:45.847+0000] {dagbag.py:538} INFO - Filling up the DagBag from /home/airflow/.local/lib/python3.7/site-packages/airflow/example_dags/example_short_circuit_decorator.py
[2025-07-28T22:49:45.883+0000] {processor.py:753} INFO - DAG(s) dict_keys(['example_short_circuit_decorator']) retrieved from /home/airflow/.local/lib/python3.7/site-packages/airflow/example_dags/example_short_circuit_decorator.py
[2025-07-28T22:49:45.919+0000] {logging_mixin.py:137} INFO - [2025-07-28T22:49:45.918+0000] {dag.py:2690} INFO - Sync 1 DAGs
[2025-07-28T22:49:45.960+0000] {logging_mixin.py:137} INFO - [2025-07-28T22:49:45.960+0000] {dag.py:3441} INFO - Setting next_dagrun for example_short_circuit_decorator to 2025-07-27T22:49:45.960431+00:00, run_after=2025-07-28T22:49:45.960431+00:00
[2025-07-28T22:49:45.991+0000] {processor.py:175} INFO - Processing /home/airflow/.local/lib/python3.7/site-packages/airflow/example_dags/example_short_circuit_decorator.py took 0.155 seconds
[2025-07-28T22:50:16.752+0000] {processor.py:153} INFO - Started process (PID=748) to work on /home/airflow/.local/lib/python3.7/site-packages/airflow/example_dags/example_short_circuit_decorator.py
[2025-07-28T22:50:16.753+0000] {processor.py:743} INFO - Processing file /home/airflow/.local/lib/python3.7/site-packages/airflow/example_dags/example_short_circuit_decorator.py for tasks to queue
[2025-07-28T22:50:16.754+0000] {logging_mixin.py:137} INFO - [2025-07-28T22:50:16.754+0000] {dagbag.py:538} INFO - Filling up the DagBag from /home/airflow/.local/lib/python3.7/site-packages/airflow/example_dags/example_short_circuit_decorator.py
[2025-07-28T22:50:16.799+0000] {processor.py:753} INFO - DAG(s) dict_keys(['example_short_circuit_decorator']) retrieved from /home/airflow/.local/lib/python3.7/site-packages/airflow/example_dags/example_short_circuit_decorator.py
[2025-07-28T22:50:16.847+0000] {logging_mixin.py:137} INFO - [2025-07-28T22:50:16.846+0000] {dag.py:2690} INFO - Sync 1 DAGs
[2025-07-28T22:50:16.888+0000] {logging_mixin.py:137} INFO - [2025-07-28T22:50:16.888+0000] {dag.py:3441} INFO - Setting next_dagrun for example_short_circuit_decorator to 2025-07-27T22:50:16.887945+00:00, run_after=2025-07-28T22:50:16.887945+00:00
[2025-07-28T22:50:16.925+0000] {processor.py:175} INFO - Processing /home/airflow/.local/lib/python3.7/site-packages/airflow/example_dags/example_short_circuit_decorator.py took 0.177 seconds
[2025-07-28T22:50:47.512+0000] {processor.py:153} INFO - Started process (PID=819) to work on /home/airflow/.local/lib/python3.7/site-packages/airflow/example_dags/example_short_circuit_decorator.py
[2025-07-28T22:50:47.513+0000] {processor.py:743} INFO - Processing file /home/airflow/.local/lib/python3.7/site-packages/airflow/example_dags/example_short_circuit_decorator.py for tasks to queue
[2025-07-28T22:50:47.514+0000] {logging_mixin.py:137} INFO - [2025-07-28T22:50:47.514+0000] {dagbag.py:538} INFO - Filling up the DagBag from /home/airflow/.local/lib/python3.7/site-packages/airflow/example_dags/example_short_circuit_decorator.py
[2025-07-28T22:50:47.552+0000] {processor.py:753} INFO - DAG(s) dict_keys(['example_short_circuit_decorator']) retrieved from /home/airflow/.local/lib/python3.7/site-packages/airflow/example_dags/example_short_circuit_decorator.py
[2025-07-28T22:50:47.593+0000] {logging_mixin.py:137} INFO - [2025-07-28T22:50:47.592+0000] {dag.py:2690} INFO - Sync 1 DAGs
[2025-07-28T22:50:47.633+0000] {logging_mixin.py:137} INFO - [2025-07-28T22:50:47.633+0000] {dag.py:3441} INFO - Setting next_dagrun for example_short_circuit_decorator to 2025-07-27T22:50:47.633122+00:00, run_after=2025-07-28T22:50:47.633122+00:00
[2025-07-28T22:50:47.664+0000] {processor.py:175} INFO - Processing /home/airflow/.local/lib/python3.7/site-packages/airflow/example_dags/example_short_circuit_decorator.py took 0.156 seconds
[2025-07-28T22:51:18.317+0000] {processor.py:153} INFO - Started process (PID=890) to work on /home/airflow/.local/lib/python3.7/site-packages/airflow/example_dags/example_short_circuit_decorator.py
[2025-07-28T22:51:18.318+0000] {processor.py:743} INFO - Processing file /home/airflow/.local/lib/python3.7/site-packages/airflow/example_dags/example_short_circuit_decorator.py for tasks to queue
[2025-07-28T22:51:18.319+0000] {logging_mixin.py:137} INFO - [2025-07-28T22:51:18.319+0000] {dagbag.py:538} INFO - Filling up the DagBag from /home/airflow/.local/lib/python3.7/site-packages/airflow/example_dags/example_short_circuit_decorator.py
[2025-07-28T22:51:18.346+0000] {processor.py:753} INFO - DAG(s) dict_keys(['example_short_circuit_decorator']) retrieved from /home/airflow/.local/lib/python3.7/site-packages/airflow/example_dags/example_short_circuit_decorator.py
[2025-07-28T22:51:18.378+0000] {logging_mixin.py:137} INFO - [2025-07-28T22:51:18.378+0000] {dag.py:2690} INFO - Sync 1 DAGs
[2025-07-28T22:51:18.402+0000] {logging_mixin.py:137} INFO - [2025-07-28T22:51:18.402+0000] {dag.py:3441} INFO - Setting next_dagrun for example_short_circuit_decorator to 2025-07-27T22:51:18.402360+00:00, run_after=2025-07-28T22:51:18.402360+00:00
[2025-07-28T22:51:18.429+0000] {processor.py:175} INFO - Processing /home/airflow/.local/lib/python3.7/site-packages/airflow/example_dags/example_short_circuit_decorator.py took 0.116 seconds
[2025-07-28T22:51:48.757+0000] {processor.py:153} INFO - Started process (PID=977) to work on /home/airflow/.local/lib/python3.7/site-packages/airflow/example_dags/example_short_circuit_decorator.py
[2025-07-28T22:51:48.758+0000] {processor.py:743} INFO - Processing file /home/airflow/.local/lib/python3.7/site-packages/airflow/example_dags/example_short_circuit_decorator.py for tasks to queue
[2025-07-28T22:51:48.759+0000] {logging_mixin.py:137} INFO - [2025-07-28T22:51:48.759+0000] {dagbag.py:538} INFO - Filling up the DagBag from /home/airflow/.local/lib/python3.7/site-packages/airflow/example_dags/example_short_circuit_decorator.py
[2025-07-28T22:51:48.794+0000] {processor.py:753} INFO - DAG(s) dict_keys(['example_short_circuit_decorator']) retrieved from /home/airflow/.local/lib/python3.7/site-packages/airflow/example_dags/example_short_circuit_decorator.py
[2025-07-28T22:51:48.833+0000] {logging_mixin.py:137} INFO - [2025-07-28T22:51:48.833+0000] {dag.py:2690} INFO - Sync 1 DAGs
[2025-07-28T22:51:48.868+0000] {logging_mixin.py:137} INFO - [2025-07-28T22:51:48.868+0000] {dag.py:3441} INFO - Setting next_dagrun for example_short_circuit_decorator to 2025-07-27T22:51:48.867647+00:00, run_after=2025-07-28T22:51:48.867647+00:00
[2025-07-28T22:51:48.899+0000] {processor.py:175} INFO - Processing /home/airflow/.local/lib/python3.7/site-packages/airflow/example_dags/example_short_circuit_decorator.py took 0.148 seconds
[2025-07-28T22:52:19.375+0000] {processor.py:153} INFO - Started process (PID=1048) to work on /home/airflow/.local/lib/python3.7/site-packages/airflow/example_dags/example_short_circuit_decorator.py
[2025-07-28T22:52:19.377+0000] {processor.py:743} INFO - Processing file /home/airflow/.local/lib/python3.7/site-packages/airflow/example_dags/example_short_circuit_decorator.py for tasks to queue
[2025-07-28T22:52:19.378+0000] {logging_mixin.py:137} INFO - [2025-07-28T22:52:19.378+0000] {dagbag.py:538} INFO - Filling up the DagBag from /home/airflow/.local/lib/python3.7/site-packages/airflow/example_dags/example_short_circuit_decorator.py
[2025-07-28T22:52:19.435+0000] {processor.py:753} INFO - DAG(s) dict_keys(['example_short_circuit_decorator']) retrieved from /home/airflow/.local/lib/python3.7/site-packages/airflow/example_dags/example_short_circuit_decorator.py
[2025-07-28T22:52:19.481+0000] {logging_mixin.py:137} INFO - [2025-07-28T22:52:19.481+0000] {dag.py:2690} INFO - Sync 1 DAGs
[2025-07-28T22:52:19.524+0000] {logging_mixin.py:137} INFO - [2025-07-28T22:52:19.524+0000] {dag.py:3441} INFO - Setting next_dagrun for example_short_circuit_decorator to 2025-07-27T22:52:19.524082+00:00, run_after=2025-07-28T22:52:19.524082+00:00
[2025-07-28T22:52:19.568+0000] {processor.py:175} INFO - Processing /home/airflow/.local/lib/python3.7/site-packages/airflow/example_dags/example_short_circuit_decorator.py took 0.201 seconds
[2025-07-28T22:52:50.270+0000] {processor.py:153} INFO - Started process (PID=1135) to work on /home/airflow/.local/lib/python3.7/site-packages/airflow/example_dags/example_short_circuit_decorator.py
[2025-07-28T22:52:50.273+0000] {processor.py:743} INFO - Processing file /home/airflow/.local/lib/python3.7/site-packages/airflow/example_dags/example_short_circuit_decorator.py for tasks to queue
[2025-07-28T22:52:50.275+0000] {logging_mixin.py:137} INFO - [2025-07-28T22:52:50.275+0000] {dagbag.py:538} INFO - Filling up the DagBag from /home/airflow/.local/lib/python3.7/site-packages/airflow/example_dags/example_short_circuit_decorator.py
[2025-07-28T22:52:50.327+0000] {processor.py:753} INFO - DAG(s) dict_keys(['example_short_circuit_decorator']) retrieved from /home/airflow/.local/lib/python3.7/site-packages/airflow/example_dags/example_short_circuit_decorator.py
[2025-07-28T22:52:50.369+0000] {logging_mixin.py:137} INFO - [2025-07-28T22:52:50.369+0000] {dag.py:2690} INFO - Sync 1 DAGs
[2025-07-28T22:52:50.411+0000] {logging_mixin.py:137} INFO - [2025-07-28T22:52:50.411+0000] {dag.py:3441} INFO - Setting next_dagrun for example_short_circuit_decorator to 2025-07-27T22:52:50.411273+00:00, run_after=2025-07-28T22:52:50.411273+00:00
[2025-07-28T22:52:50.444+0000] {processor.py:175} INFO - Processing /home/airflow/.local/lib/python3.7/site-packages/airflow/example_dags/example_short_circuit_decorator.py took 0.180 seconds
[2025-07-28T22:53:20.729+0000] {processor.py:153} INFO - Started process (PID=1206) to work on /home/airflow/.local/lib/python3.7/site-packages/airflow/example_dags/example_short_circuit_decorator.py
[2025-07-28T22:53:20.730+0000] {processor.py:743} INFO - Processing file /home/airflow/.local/lib/python3.7/site-packages/airflow/example_dags/example_short_circuit_decorator.py for tasks to queue
[2025-07-28T22:53:20.731+0000] {logging_mixin.py:137} INFO - [2025-07-28T22:53:20.731+0000] {dagbag.py:538} INFO - Filling up the DagBag from /home/airflow/.local/lib/python3.7/site-packages/airflow/example_dags/example_short_circuit_decorator.py
[2025-07-28T22:53:20.767+0000] {processor.py:753} INFO - DAG(s) dict_keys(['example_short_circuit_decorator']) retrieved from /home/airflow/.local/lib/python3.7/site-packages/airflow/example_dags/example_short_circuit_decorator.py
[2025-07-28T22:53:20.810+0000] {logging_mixin.py:137} INFO - [2025-07-28T22:53:20.809+0000] {dag.py:2690} INFO - Sync 1 DAGs
[2025-07-28T22:53:20.845+0000] {logging_mixin.py:137} INFO - [2025-07-28T22:53:20.845+0000] {dag.py:3441} INFO - Setting next_dagrun for example_short_circuit_decorator to 2025-07-27T22:53:20.845082+00:00, run_after=2025-07-28T22:53:20.845082+00:00
[2025-07-28T22:53:20.899+0000] {processor.py:175} INFO - Processing /home/airflow/.local/lib/python3.7/site-packages/airflow/example_dags/example_short_circuit_decorator.py took 0.175 seconds
[2025-07-28T22:53:52.663+0000] {processor.py:153} INFO - Started process (PID=1286) to work on /home/airflow/.local/lib/python3.7/site-packages/airflow/example_dags/example_short_circuit_decorator.py
[2025-07-28T22:53:52.667+0000] {processor.py:743} INFO - Processing file /home/airflow/.local/lib/python3.7/site-packages/airflow/example_dags/example_short_circuit_decorator.py for tasks to queue
[2025-07-28T22:53:52.669+0000] {logging_mixin.py:137} INFO - [2025-07-28T22:53:52.668+0000] {dagbag.py:538} INFO - Filling up the DagBag from /home/airflow/.local/lib/python3.7/site-packages/airflow/example_dags/example_short_circuit_decorator.py
[2025-07-28T22:53:52.743+0000] {processor.py:753} INFO - DAG(s) dict_keys(['example_short_circuit_decorator']) retrieved from /home/airflow/.local/lib/python3.7/site-packages/airflow/example_dags/example_short_circuit_decorator.py
[2025-07-28T22:53:52.820+0000] {logging_mixin.py:137} INFO - [2025-07-28T22:53:52.819+0000] {dag.py:2690} INFO - Sync 1 DAGs
[2025-07-28T22:53:52.898+0000] {logging_mixin.py:137} INFO - [2025-07-28T22:53:52.897+0000] {dag.py:3441} INFO - Setting next_dagrun for example_short_circuit_decorator to 2025-07-27T22:53:52.897431+00:00, run_after=2025-07-28T22:53:52.897431+00:00
[2025-07-28T22:53:52.948+0000] {processor.py:175} INFO - Processing /home/airflow/.local/lib/python3.7/site-packages/airflow/example_dags/example_short_circuit_decorator.py took 0.294 seconds
[2025-07-28T22:54:24.712+0000] {processor.py:153} INFO - Started process (PID=1363) to work on /home/airflow/.local/lib/python3.7/site-packages/airflow/example_dags/example_short_circuit_decorator.py
[2025-07-28T22:54:24.714+0000] {processor.py:743} INFO - Processing file /home/airflow/.local/lib/python3.7/site-packages/airflow/example_dags/example_short_circuit_decorator.py for tasks to queue
[2025-07-28T22:54:24.717+0000] {logging_mixin.py:137} INFO - [2025-07-28T22:54:24.717+0000] {dagbag.py:538} INFO - Filling up the DagBag from /home/airflow/.local/lib/python3.7/site-packages/airflow/example_dags/example_short_circuit_decorator.py
[2025-07-28T22:54:24.777+0000] {processor.py:753} INFO - DAG(s) dict_keys(['example_short_circuit_decorator']) retrieved from /home/airflow/.local/lib/python3.7/site-packages/airflow/example_dags/example_short_circuit_decorator.py
[2025-07-28T22:54:24.859+0000] {logging_mixin.py:137} INFO - [2025-07-28T22:54:24.859+0000] {dag.py:2690} INFO - Sync 1 DAGs
[2025-07-28T22:54:24.956+0000] {logging_mixin.py:137} INFO - [2025-07-28T22:54:24.956+0000] {dag.py:3441} INFO - Setting next_dagrun for example_short_circuit_decorator to 2025-07-27T22:54:24.955564+00:00, run_after=2025-07-28T22:54:24.955564+00:00
[2025-07-28T22:54:25.041+0000] {processor.py:175} INFO - Processing /home/airflow/.local/lib/python3.7/site-packages/airflow/example_dags/example_short_circuit_decorator.py took 0.337 seconds
[2025-07-28T22:54:55.318+0000] {processor.py:153} INFO - Started process (PID=1435) to work on /home/airflow/.local/lib/python3.7/site-packages/airflow/example_dags/example_short_circuit_decorator.py
[2025-07-28T22:54:55.320+0000] {processor.py:743} INFO - Processing file /home/airflow/.local/lib/python3.7/site-packages/airflow/example_dags/example_short_circuit_decorator.py for tasks to queue
[2025-07-28T22:54:55.321+0000] {logging_mixin.py:137} INFO - [2025-07-28T22:54:55.321+0000] {dagbag.py:538} INFO - Filling up the DagBag from /home/airflow/.local/lib/python3.7/site-packages/airflow/example_dags/example_short_circuit_decorator.py
[2025-07-28T22:54:55.382+0000] {processor.py:753} INFO - DAG(s) dict_keys(['example_short_circuit_decorator']) retrieved from /home/airflow/.local/lib/python3.7/site-packages/airflow/example_dags/example_short_circuit_decorator.py
[2025-07-28T22:54:55.447+0000] {logging_mixin.py:137} INFO - [2025-07-28T22:54:55.447+0000] {dag.py:2690} INFO - Sync 1 DAGs
[2025-07-28T22:54:55.524+0000] {logging_mixin.py:137} INFO - [2025-07-28T22:54:55.524+0000] {dag.py:3441} INFO - Setting next_dagrun for example_short_circuit_decorator to 2025-07-27T22:54:55.523507+00:00, run_after=2025-07-28T22:54:55.523507+00:00
[2025-07-28T22:54:55.585+0000] {processor.py:175} INFO - Processing /home/airflow/.local/lib/python3.7/site-packages/airflow/example_dags/example_short_circuit_decorator.py took 0.273 seconds
[2025-07-28T22:55:26.152+0000] {processor.py:153} INFO - Started process (PID=1507) to work on /home/airflow/.local/lib/python3.7/site-packages/airflow/example_dags/example_short_circuit_decorator.py
[2025-07-28T22:55:26.154+0000] {processor.py:743} INFO - Processing file /home/airflow/.local/lib/python3.7/site-packages/airflow/example_dags/example_short_circuit_decorator.py for tasks to queue
[2025-07-28T22:55:26.155+0000] {logging_mixin.py:137} INFO - [2025-07-28T22:55:26.155+0000] {dagbag.py:538} INFO - Filling up the DagBag from /home/airflow/.local/lib/python3.7/site-packages/airflow/example_dags/example_short_circuit_decorator.py
[2025-07-28T22:55:26.192+0000] {processor.py:753} INFO - DAG(s) dict_keys(['example_short_circuit_decorator']) retrieved from /home/airflow/.local/lib/python3.7/site-packages/airflow/example_dags/example_short_circuit_decorator.py
[2025-07-28T22:55:26.228+0000] {logging_mixin.py:137} INFO - [2025-07-28T22:55:26.228+0000] {dag.py:2690} INFO - Sync 1 DAGs
[2025-07-28T22:55:26.266+0000] {logging_mixin.py:137} INFO - [2025-07-28T22:55:26.266+0000] {dag.py:3441} INFO - Setting next_dagrun for example_short_circuit_decorator to 2025-07-27T22:55:26.266300+00:00, run_after=2025-07-28T22:55:26.266300+00:00
[2025-07-28T22:55:26.298+0000] {processor.py:175} INFO - Processing /home/airflow/.local/lib/python3.7/site-packages/airflow/example_dags/example_short_circuit_decorator.py took 0.152 seconds
[2025-07-28T22:55:56.416+0000] {processor.py:153} INFO - Started process (PID=1578) to work on /home/airflow/.local/lib/python3.7/site-packages/airflow/example_dags/example_short_circuit_decorator.py
[2025-07-28T22:55:56.418+0000] {processor.py:743} INFO - Processing file /home/airflow/.local/lib/python3.7/site-packages/airflow/example_dags/example_short_circuit_decorator.py for tasks to queue
[2025-07-28T22:55:56.419+0000] {logging_mixin.py:137} INFO - [2025-07-28T22:55:56.419+0000] {dagbag.py:538} INFO - Filling up the DagBag from /home/airflow/.local/lib/python3.7/site-packages/airflow/example_dags/example_short_circuit_decorator.py
[2025-07-28T22:55:56.466+0000] {processor.py:753} INFO - DAG(s) dict_keys(['example_short_circuit_decorator']) retrieved from /home/airflow/.local/lib/python3.7/site-packages/airflow/example_dags/example_short_circuit_decorator.py
[2025-07-28T22:55:56.496+0000] {logging_mixin.py:137} INFO - [2025-07-28T22:55:56.496+0000] {dag.py:2690} INFO - Sync 1 DAGs
[2025-07-28T22:55:56.525+0000] {logging_mixin.py:137} INFO - [2025-07-28T22:55:56.525+0000] {dag.py:3441} INFO - Setting next_dagrun for example_short_circuit_decorator to 2025-07-27T22:55:56.524730+00:00, run_after=2025-07-28T22:55:56.524730+00:00
[2025-07-28T22:55:56.553+0000] {processor.py:175} INFO - Processing /home/airflow/.local/lib/python3.7/site-packages/airflow/example_dags/example_short_circuit_decorator.py took 0.145 seconds
[2025-07-28T22:56:26.817+0000] {processor.py:153} INFO - Started process (PID=1649) to work on /home/airflow/.local/lib/python3.7/site-packages/airflow/example_dags/example_short_circuit_decorator.py
[2025-07-28T22:56:26.819+0000] {processor.py:743} INFO - Processing file /home/airflow/.local/lib/python3.7/site-packages/airflow/example_dags/example_short_circuit_decorator.py for tasks to queue
[2025-07-28T22:56:26.821+0000] {logging_mixin.py:137} INFO - [2025-07-28T22:56:26.820+0000] {dagbag.py:538} INFO - Filling up the DagBag from /home/airflow/.local/lib/python3.7/site-packages/airflow/example_dags/example_short_circuit_decorator.py
[2025-07-28T22:56:26.868+0000] {processor.py:753} INFO - DAG(s) dict_keys(['example_short_circuit_decorator']) retrieved from /home/airflow/.local/lib/python3.7/site-packages/airflow/example_dags/example_short_circuit_decorator.py
[2025-07-28T22:56:26.920+0000] {logging_mixin.py:137} INFO - [2025-07-28T22:56:26.920+0000] {dag.py:2690} INFO - Sync 1 DAGs
[2025-07-28T22:56:26.991+0000] {logging_mixin.py:137} INFO - [2025-07-28T22:56:26.991+0000] {dag.py:3441} INFO - Setting next_dagrun for example_short_circuit_decorator to 2025-07-27T22:56:26.990614+00:00, run_after=2025-07-28T22:56:26.990614+00:00
[2025-07-28T22:56:27.030+0000] {processor.py:175} INFO - Processing /home/airflow/.local/lib/python3.7/site-packages/airflow/example_dags/example_short_circuit_decorator.py took 0.221 seconds
[2025-07-28T22:56:57.366+0000] {processor.py:153} INFO - Started process (PID=1721) to work on /home/airflow/.local/lib/python3.7/site-packages/airflow/example_dags/example_short_circuit_decorator.py
[2025-07-28T22:56:57.367+0000] {processor.py:743} INFO - Processing file /home/airflow/.local/lib/python3.7/site-packages/airflow/example_dags/example_short_circuit_decorator.py for tasks to queue
[2025-07-28T22:56:57.368+0000] {logging_mixin.py:137} INFO - [2025-07-28T22:56:57.368+0000] {dagbag.py:538} INFO - Filling up the DagBag from /home/airflow/.local/lib/python3.7/site-packages/airflow/example_dags/example_short_circuit_decorator.py
[2025-07-28T22:56:57.404+0000] {processor.py:753} INFO - DAG(s) dict_keys(['example_short_circuit_decorator']) retrieved from /home/airflow/.local/lib/python3.7/site-packages/airflow/example_dags/example_short_circuit_decorator.py
[2025-07-28T22:56:57.442+0000] {logging_mixin.py:137} INFO - [2025-07-28T22:56:57.442+0000] {dag.py:2690} INFO - Sync 1 DAGs
[2025-07-28T22:56:57.477+0000] {logging_mixin.py:137} INFO - [2025-07-28T22:56:57.477+0000] {dag.py:3441} INFO - Setting next_dagrun for example_short_circuit_decorator to 2025-07-27T22:56:57.476873+00:00, run_after=2025-07-28T22:56:57.476873+00:00
[2025-07-28T22:56:57.507+0000] {processor.py:175} INFO - Processing /home/airflow/.local/lib/python3.7/site-packages/airflow/example_dags/example_short_circuit_decorator.py took 0.145 seconds
[2025-07-28T22:57:28.361+0000] {processor.py:153} INFO - Started process (PID=1801) to work on /home/airflow/.local/lib/python3.7/site-packages/airflow/example_dags/example_short_circuit_decorator.py
[2025-07-28T22:57:28.363+0000] {processor.py:743} INFO - Processing file /home/airflow/.local/lib/python3.7/site-packages/airflow/example_dags/example_short_circuit_decorator.py for tasks to queue
[2025-07-28T22:57:28.364+0000] {logging_mixin.py:137} INFO - [2025-07-28T22:57:28.364+0000] {dagbag.py:538} INFO - Filling up the DagBag from /home/airflow/.local/lib/python3.7/site-packages/airflow/example_dags/example_short_circuit_decorator.py
[2025-07-28T22:57:28.406+0000] {processor.py:753} INFO - DAG(s) dict_keys(['example_short_circuit_decorator']) retrieved from /home/airflow/.local/lib/python3.7/site-packages/airflow/example_dags/example_short_circuit_decorator.py
[2025-07-28T22:57:28.509+0000] {logging_mixin.py:137} INFO - [2025-07-28T22:57:28.509+0000] {dag.py:2690} INFO - Sync 1 DAGs
[2025-07-28T22:57:28.574+0000] {logging_mixin.py:137} INFO - [2025-07-28T22:57:28.573+0000] {dag.py:3441} INFO - Setting next_dagrun for example_short_circuit_decorator to 2025-07-27T22:57:28.573473+00:00, run_after=2025-07-28T22:57:28.573473+00:00
[2025-07-28T22:57:28.610+0000] {processor.py:175} INFO - Processing /home/airflow/.local/lib/python3.7/site-packages/airflow/example_dags/example_short_circuit_decorator.py took 0.255 seconds
[2025-07-28T22:57:58.856+0000] {processor.py:153} INFO - Started process (PID=1879) to work on /home/airflow/.local/lib/python3.7/site-packages/airflow/example_dags/example_short_circuit_decorator.py
[2025-07-28T22:57:58.857+0000] {processor.py:743} INFO - Processing file /home/airflow/.local/lib/python3.7/site-packages/airflow/example_dags/example_short_circuit_decorator.py for tasks to queue
[2025-07-28T22:57:58.858+0000] {logging_mixin.py:137} INFO - [2025-07-28T22:57:58.858+0000] {dagbag.py:538} INFO - Filling up the DagBag from /home/airflow/.local/lib/python3.7/site-packages/airflow/example_dags/example_short_circuit_decorator.py
[2025-07-28T22:57:58.890+0000] {processor.py:753} INFO - DAG(s) dict_keys(['example_short_circuit_decorator']) retrieved from /home/airflow/.local/lib/python3.7/site-packages/airflow/example_dags/example_short_circuit_decorator.py
[2025-07-28T22:57:58.917+0000] {logging_mixin.py:137} INFO - [2025-07-28T22:57:58.917+0000] {dag.py:2690} INFO - Sync 1 DAGs
[2025-07-28T22:57:58.940+0000] {logging_mixin.py:137} INFO - [2025-07-28T22:57:58.940+0000] {dag.py:3441} INFO - Setting next_dagrun for example_short_circuit_decorator to 2025-07-27T22:57:58.940242+00:00, run_after=2025-07-28T22:57:58.940242+00:00
[2025-07-28T22:57:58.962+0000] {processor.py:175} INFO - Processing /home/airflow/.local/lib/python3.7/site-packages/airflow/example_dags/example_short_circuit_decorator.py took 0.110 seconds
[2025-07-28T22:58:29.370+0000] {processor.py:153} INFO - Started process (PID=1950) to work on /home/airflow/.local/lib/python3.7/site-packages/airflow/example_dags/example_short_circuit_decorator.py
[2025-07-28T22:58:29.371+0000] {processor.py:743} INFO - Processing file /home/airflow/.local/lib/python3.7/site-packages/airflow/example_dags/example_short_circuit_decorator.py for tasks to queue
[2025-07-28T22:58:29.372+0000] {logging_mixin.py:137} INFO - [2025-07-28T22:58:29.372+0000] {dagbag.py:538} INFO - Filling up the DagBag from /home/airflow/.local/lib/python3.7/site-packages/airflow/example_dags/example_short_circuit_decorator.py
[2025-07-28T22:58:29.410+0000] {processor.py:753} INFO - DAG(s) dict_keys(['example_short_circuit_decorator']) retrieved from /home/airflow/.local/lib/python3.7/site-packages/airflow/example_dags/example_short_circuit_decorator.py
[2025-07-28T22:58:29.448+0000] {logging_mixin.py:137} INFO - [2025-07-28T22:58:29.448+0000] {dag.py:2690} INFO - Sync 1 DAGs
[2025-07-28T22:58:29.486+0000] {logging_mixin.py:137} INFO - [2025-07-28T22:58:29.486+0000] {dag.py:3441} INFO - Setting next_dagrun for example_short_circuit_decorator to 2025-07-27T22:58:29.485609+00:00, run_after=2025-07-28T22:58:29.485609+00:00
[2025-07-28T22:58:29.519+0000] {processor.py:175} INFO - Processing /home/airflow/.local/lib/python3.7/site-packages/airflow/example_dags/example_short_circuit_decorator.py took 0.155 seconds
[2025-07-28T22:59:00.094+0000] {processor.py:153} INFO - Started process (PID=2037) to work on /home/airflow/.local/lib/python3.7/site-packages/airflow/example_dags/example_short_circuit_decorator.py
[2025-07-28T22:59:00.096+0000] {processor.py:743} INFO - Processing file /home/airflow/.local/lib/python3.7/site-packages/airflow/example_dags/example_short_circuit_decorator.py for tasks to queue
[2025-07-28T22:59:00.098+0000] {logging_mixin.py:137} INFO - [2025-07-28T22:59:00.098+0000] {dagbag.py:538} INFO - Filling up the DagBag from /home/airflow/.local/lib/python3.7/site-packages/airflow/example_dags/example_short_circuit_decorator.py
[2025-07-28T22:59:00.136+0000] {processor.py:753} INFO - DAG(s) dict_keys(['example_short_circuit_decorator']) retrieved from /home/airflow/.local/lib/python3.7/site-packages/airflow/example_dags/example_short_circuit_decorator.py
[2025-07-28T22:59:00.172+0000] {logging_mixin.py:137} INFO - [2025-07-28T22:59:00.172+0000] {dag.py:2690} INFO - Sync 1 DAGs
[2025-07-28T22:59:00.204+0000] {logging_mixin.py:137} INFO - [2025-07-28T22:59:00.204+0000] {dag.py:3441} INFO - Setting next_dagrun for example_short_circuit_decorator to 2025-07-27T22:59:00.204345+00:00, run_after=2025-07-28T22:59:00.204345+00:00
[2025-07-28T22:59:00.232+0000] {processor.py:175} INFO - Processing /home/airflow/.local/lib/python3.7/site-packages/airflow/example_dags/example_short_circuit_decorator.py took 0.144 seconds
[2025-07-28T22:59:30.654+0000] {processor.py:153} INFO - Started process (PID=2108) to work on /home/airflow/.local/lib/python3.7/site-packages/airflow/example_dags/example_short_circuit_decorator.py
[2025-07-28T22:59:30.656+0000] {processor.py:743} INFO - Processing file /home/airflow/.local/lib/python3.7/site-packages/airflow/example_dags/example_short_circuit_decorator.py for tasks to queue
[2025-07-28T22:59:30.658+0000] {logging_mixin.py:137} INFO - [2025-07-28T22:59:30.658+0000] {dagbag.py:538} INFO - Filling up the DagBag from /home/airflow/.local/lib/python3.7/site-packages/airflow/example_dags/example_short_circuit_decorator.py
[2025-07-28T22:59:30.696+0000] {processor.py:753} INFO - DAG(s) dict_keys(['example_short_circuit_decorator']) retrieved from /home/airflow/.local/lib/python3.7/site-packages/airflow/example_dags/example_short_circuit_decorator.py
[2025-07-28T22:59:30.752+0000] {logging_mixin.py:137} INFO - [2025-07-28T22:59:30.752+0000] {dag.py:2690} INFO - Sync 1 DAGs
[2025-07-28T22:59:30.810+0000] {logging_mixin.py:137} INFO - [2025-07-28T22:59:30.810+0000] {dag.py:3441} INFO - Setting next_dagrun for example_short_circuit_decorator to 2025-07-27T22:59:30.809855+00:00, run_after=2025-07-28T22:59:30.809855+00:00
[2025-07-28T22:59:30.851+0000] {processor.py:175} INFO - Processing /home/airflow/.local/lib/python3.7/site-packages/airflow/example_dags/example_short_circuit_decorator.py took 0.202 seconds
[2025-07-28T23:00:01.944+0000] {processor.py:153} INFO - Started process (PID=2180) to work on /home/airflow/.local/lib/python3.7/site-packages/airflow/example_dags/example_short_circuit_decorator.py
[2025-07-28T23:00:01.945+0000] {processor.py:743} INFO - Processing file /home/airflow/.local/lib/python3.7/site-packages/airflow/example_dags/example_short_circuit_decorator.py for tasks to queue
[2025-07-28T23:00:01.946+0000] {logging_mixin.py:137} INFO - [2025-07-28T23:00:01.945+0000] {dagbag.py:538} INFO - Filling up the DagBag from /home/airflow/.local/lib/python3.7/site-packages/airflow/example_dags/example_short_circuit_decorator.py
[2025-07-28T23:00:01.977+0000] {processor.py:753} INFO - DAG(s) dict_keys(['example_short_circuit_decorator']) retrieved from /home/airflow/.local/lib/python3.7/site-packages/airflow/example_dags/example_short_circuit_decorator.py
[2025-07-28T23:00:02.011+0000] {logging_mixin.py:137} INFO - [2025-07-28T23:00:02.011+0000] {dag.py:2690} INFO - Sync 1 DAGs
[2025-07-28T23:00:02.045+0000] {logging_mixin.py:137} INFO - [2025-07-28T23:00:02.045+0000] {dag.py:3441} INFO - Setting next_dagrun for example_short_circuit_decorator to 2025-07-27T23:00:02.045282+00:00, run_after=2025-07-28T23:00:02.045282+00:00
[2025-07-28T23:00:02.074+0000] {processor.py:175} INFO - Processing /home/airflow/.local/lib/python3.7/site-packages/airflow/example_dags/example_short_circuit_decorator.py took 0.135 seconds
[2025-07-28T23:00:32.984+0000] {processor.py:153} INFO - Started process (PID=2267) to work on /home/airflow/.local/lib/python3.7/site-packages/airflow/example_dags/example_short_circuit_decorator.py
[2025-07-28T23:00:32.985+0000] {processor.py:743} INFO - Processing file /home/airflow/.local/lib/python3.7/site-packages/airflow/example_dags/example_short_circuit_decorator.py for tasks to queue
[2025-07-28T23:00:32.986+0000] {logging_mixin.py:137} INFO - [2025-07-28T23:00:32.986+0000] {dagbag.py:538} INFO - Filling up the DagBag from /home/airflow/.local/lib/python3.7/site-packages/airflow/example_dags/example_short_circuit_decorator.py
[2025-07-28T23:00:33.014+0000] {processor.py:753} INFO - DAG(s) dict_keys(['example_short_circuit_decorator']) retrieved from /home/airflow/.local/lib/python3.7/site-packages/airflow/example_dags/example_short_circuit_decorator.py
[2025-07-28T23:00:33.043+0000] {logging_mixin.py:137} INFO - [2025-07-28T23:00:33.043+0000] {dag.py:2690} INFO - Sync 1 DAGs
[2025-07-28T23:00:33.073+0000] {logging_mixin.py:137} INFO - [2025-07-28T23:00:33.073+0000] {dag.py:3441} INFO - Setting next_dagrun for example_short_circuit_decorator to 2025-07-27T23:00:33.072837+00:00, run_after=2025-07-28T23:00:33.072837+00:00
[2025-07-28T23:00:33.098+0000] {processor.py:175} INFO - Processing /home/airflow/.local/lib/python3.7/site-packages/airflow/example_dags/example_short_circuit_decorator.py took 0.120 seconds
[2025-07-28T23:01:04.757+0000] {processor.py:153} INFO - Started process (PID=2338) to work on /home/airflow/.local/lib/python3.7/site-packages/airflow/example_dags/example_short_circuit_decorator.py
[2025-07-28T23:01:04.761+0000] {processor.py:743} INFO - Processing file /home/airflow/.local/lib/python3.7/site-packages/airflow/example_dags/example_short_circuit_decorator.py for tasks to queue
[2025-07-28T23:01:04.764+0000] {logging_mixin.py:137} INFO - [2025-07-28T23:01:04.764+0000] {dagbag.py:538} INFO - Filling up the DagBag from /home/airflow/.local/lib/python3.7/site-packages/airflow/example_dags/example_short_circuit_decorator.py
[2025-07-28T23:01:04.806+0000] {processor.py:753} INFO - DAG(s) dict_keys(['example_short_circuit_decorator']) retrieved from /home/airflow/.local/lib/python3.7/site-packages/airflow/example_dags/example_short_circuit_decorator.py
[2025-07-28T23:01:04.853+0000] {logging_mixin.py:137} INFO - [2025-07-28T23:01:04.852+0000] {dag.py:2690} INFO - Sync 1 DAGs
[2025-07-28T23:01:04.897+0000] {logging_mixin.py:137} INFO - [2025-07-28T23:01:04.897+0000] {dag.py:3441} INFO - Setting next_dagrun for example_short_circuit_decorator to 2025-07-27T23:01:04.896719+00:00, run_after=2025-07-28T23:01:04.896719+00:00
[2025-07-28T23:01:04.922+0000] {processor.py:175} INFO - Processing /home/airflow/.local/lib/python3.7/site-packages/airflow/example_dags/example_short_circuit_decorator.py took 0.171 seconds
[2025-07-28T23:01:35.320+0000] {processor.py:153} INFO - Started process (PID=2426) to work on /home/airflow/.local/lib/python3.7/site-packages/airflow/example_dags/example_short_circuit_decorator.py
[2025-07-28T23:01:35.323+0000] {processor.py:743} INFO - Processing file /home/airflow/.local/lib/python3.7/site-packages/airflow/example_dags/example_short_circuit_decorator.py for tasks to queue
[2025-07-28T23:01:35.327+0000] {logging_mixin.py:137} INFO - [2025-07-28T23:01:35.326+0000] {dagbag.py:538} INFO - Filling up the DagBag from /home/airflow/.local/lib/python3.7/site-packages/airflow/example_dags/example_short_circuit_decorator.py
[2025-07-28T23:01:35.369+0000] {processor.py:753} INFO - DAG(s) dict_keys(['example_short_circuit_decorator']) retrieved from /home/airflow/.local/lib/python3.7/site-packages/airflow/example_dags/example_short_circuit_decorator.py
[2025-07-28T23:01:35.426+0000] {logging_mixin.py:137} INFO - [2025-07-28T23:01:35.426+0000] {dag.py:2690} INFO - Sync 1 DAGs
[2025-07-28T23:01:35.466+0000] {logging_mixin.py:137} INFO - [2025-07-28T23:01:35.466+0000] {dag.py:3441} INFO - Setting next_dagrun for example_short_circuit_decorator to 2025-07-27T23:01:35.466258+00:00, run_after=2025-07-28T23:01:35.466258+00:00
[2025-07-28T23:01:35.503+0000] {processor.py:175} INFO - Processing /home/airflow/.local/lib/python3.7/site-packages/airflow/example_dags/example_short_circuit_decorator.py took 0.187 seconds
[2025-07-28T23:02:05.831+0000] {processor.py:153} INFO - Started process (PID=2497) to work on /home/airflow/.local/lib/python3.7/site-packages/airflow/example_dags/example_short_circuit_decorator.py
[2025-07-28T23:02:05.832+0000] {processor.py:743} INFO - Processing file /home/airflow/.local/lib/python3.7/site-packages/airflow/example_dags/example_short_circuit_decorator.py for tasks to queue
[2025-07-28T23:02:05.835+0000] {logging_mixin.py:137} INFO - [2025-07-28T23:02:05.835+0000] {dagbag.py:538} INFO - Filling up the DagBag from /home/airflow/.local/lib/python3.7/site-packages/airflow/example_dags/example_short_circuit_decorator.py
[2025-07-28T23:02:05.897+0000] {processor.py:753} INFO - DAG(s) dict_keys(['example_short_circuit_decorator']) retrieved from /home/airflow/.local/lib/python3.7/site-packages/airflow/example_dags/example_short_circuit_decorator.py
[2025-07-28T23:02:05.957+0000] {logging_mixin.py:137} INFO - [2025-07-28T23:02:05.957+0000] {dag.py:2690} INFO - Sync 1 DAGs
[2025-07-28T23:02:06.017+0000] {logging_mixin.py:137} INFO - [2025-07-28T23:02:06.016+0000] {dag.py:3441} INFO - Setting next_dagrun for example_short_circuit_decorator to 2025-07-27T23:02:06.015988+00:00, run_after=2025-07-28T23:02:06.015988+00:00
[2025-07-28T23:02:06.061+0000] {processor.py:175} INFO - Processing /home/airflow/.local/lib/python3.7/site-packages/airflow/example_dags/example_short_circuit_decorator.py took 0.237 seconds
[2025-07-28T23:02:36.225+0000] {processor.py:153} INFO - Started process (PID=2576) to work on /home/airflow/.local/lib/python3.7/site-packages/airflow/example_dags/example_short_circuit_decorator.py
[2025-07-28T23:02:36.227+0000] {processor.py:743} INFO - Processing file /home/airflow/.local/lib/python3.7/site-packages/airflow/example_dags/example_short_circuit_decorator.py for tasks to queue
[2025-07-28T23:02:36.228+0000] {logging_mixin.py:137} INFO - [2025-07-28T23:02:36.228+0000] {dagbag.py:538} INFO - Filling up the DagBag from /home/airflow/.local/lib/python3.7/site-packages/airflow/example_dags/example_short_circuit_decorator.py
[2025-07-28T23:02:36.268+0000] {processor.py:753} INFO - DAG(s) dict_keys(['example_short_circuit_decorator']) retrieved from /home/airflow/.local/lib/python3.7/site-packages/airflow/example_dags/example_short_circuit_decorator.py
[2025-07-28T23:02:36.293+0000] {logging_mixin.py:137} INFO - [2025-07-28T23:02:36.293+0000] {dag.py:2690} INFO - Sync 1 DAGs
[2025-07-28T23:02:36.339+0000] {logging_mixin.py:137} INFO - [2025-07-28T23:02:36.339+0000] {dag.py:3441} INFO - Setting next_dagrun for example_short_circuit_decorator to 2025-07-27T23:02:36.338783+00:00, run_after=2025-07-28T23:02:36.338783+00:00
[2025-07-28T23:02:36.366+0000] {processor.py:175} INFO - Processing /home/airflow/.local/lib/python3.7/site-packages/airflow/example_dags/example_short_circuit_decorator.py took 0.146 seconds
[2025-07-28T23:03:06.819+0000] {processor.py:153} INFO - Started process (PID=2654) to work on /home/airflow/.local/lib/python3.7/site-packages/airflow/example_dags/example_short_circuit_decorator.py
[2025-07-28T23:03:06.820+0000] {processor.py:743} INFO - Processing file /home/airflow/.local/lib/python3.7/site-packages/airflow/example_dags/example_short_circuit_decorator.py for tasks to queue
[2025-07-28T23:03:06.821+0000] {logging_mixin.py:137} INFO - [2025-07-28T23:03:06.821+0000] {dagbag.py:538} INFO - Filling up the DagBag from /home/airflow/.local/lib/python3.7/site-packages/airflow/example_dags/example_short_circuit_decorator.py
[2025-07-28T23:03:06.868+0000] {processor.py:753} INFO - DAG(s) dict_keys(['example_short_circuit_decorator']) retrieved from /home/airflow/.local/lib/python3.7/site-packages/airflow/example_dags/example_short_circuit_decorator.py
[2025-07-28T23:03:06.887+0000] {logging_mixin.py:137} INFO - [2025-07-28T23:03:06.887+0000] {dag.py:2690} INFO - Sync 1 DAGs
[2025-07-28T23:03:06.932+0000] {logging_mixin.py:137} INFO - [2025-07-28T23:03:06.931+0000] {dag.py:3441} INFO - Setting next_dagrun for example_short_circuit_decorator to 2025-07-27T23:03:06.931551+00:00, run_after=2025-07-28T23:03:06.931551+00:00
[2025-07-28T23:03:06.955+0000] {processor.py:175} INFO - Processing /home/airflow/.local/lib/python3.7/site-packages/airflow/example_dags/example_short_circuit_decorator.py took 0.141 seconds
[2025-07-28T23:03:37.300+0000] {processor.py:153} INFO - Started process (PID=2725) to work on /home/airflow/.local/lib/python3.7/site-packages/airflow/example_dags/example_short_circuit_decorator.py
[2025-07-28T23:03:37.302+0000] {processor.py:743} INFO - Processing file /home/airflow/.local/lib/python3.7/site-packages/airflow/example_dags/example_short_circuit_decorator.py for tasks to queue
[2025-07-28T23:03:37.303+0000] {logging_mixin.py:137} INFO - [2025-07-28T23:03:37.303+0000] {dagbag.py:538} INFO - Filling up the DagBag from /home/airflow/.local/lib/python3.7/site-packages/airflow/example_dags/example_short_circuit_decorator.py
[2025-07-28T23:03:37.336+0000] {processor.py:753} INFO - DAG(s) dict_keys(['example_short_circuit_decorator']) retrieved from /home/airflow/.local/lib/python3.7/site-packages/airflow/example_dags/example_short_circuit_decorator.py
[2025-07-28T23:03:37.362+0000] {logging_mixin.py:137} INFO - [2025-07-28T23:03:37.361+0000] {dag.py:2690} INFO - Sync 1 DAGs
[2025-07-28T23:03:37.408+0000] {logging_mixin.py:137} INFO - [2025-07-28T23:03:37.408+0000] {dag.py:3441} INFO - Setting next_dagrun for example_short_circuit_decorator to 2025-07-27T23:03:37.407580+00:00, run_after=2025-07-28T23:03:37.407580+00:00
[2025-07-28T23:03:37.442+0000] {processor.py:175} INFO - Processing /home/airflow/.local/lib/python3.7/site-packages/airflow/example_dags/example_short_circuit_decorator.py took 0.148 seconds
[2025-07-28T23:04:08.512+0000] {processor.py:153} INFO - Started process (PID=2812) to work on /home/airflow/.local/lib/python3.7/site-packages/airflow/example_dags/example_short_circuit_decorator.py
[2025-07-28T23:04:08.515+0000] {processor.py:743} INFO - Processing file /home/airflow/.local/lib/python3.7/site-packages/airflow/example_dags/example_short_circuit_decorator.py for tasks to queue
[2025-07-28T23:04:08.517+0000] {logging_mixin.py:137} INFO - [2025-07-28T23:04:08.516+0000] {dagbag.py:538} INFO - Filling up the DagBag from /home/airflow/.local/lib/python3.7/site-packages/airflow/example_dags/example_short_circuit_decorator.py
[2025-07-28T23:04:08.577+0000] {processor.py:753} INFO - DAG(s) dict_keys(['example_short_circuit_decorator']) retrieved from /home/airflow/.local/lib/python3.7/site-packages/airflow/example_dags/example_short_circuit_decorator.py
[2025-07-28T23:04:08.634+0000] {logging_mixin.py:137} INFO - [2025-07-28T23:04:08.634+0000] {dag.py:2690} INFO - Sync 1 DAGs
[2025-07-28T23:04:08.688+0000] {logging_mixin.py:137} INFO - [2025-07-28T23:04:08.688+0000] {dag.py:3441} INFO - Setting next_dagrun for example_short_circuit_decorator to 2025-07-27T23:04:08.688026+00:00, run_after=2025-07-28T23:04:08.688026+00:00
[2025-07-28T23:04:08.729+0000] {processor.py:175} INFO - Processing /home/airflow/.local/lib/python3.7/site-packages/airflow/example_dags/example_short_circuit_decorator.py took 0.234 seconds
[2025-07-28T23:04:38.898+0000] {processor.py:153} INFO - Started process (PID=2882) to work on /home/airflow/.local/lib/python3.7/site-packages/airflow/example_dags/example_short_circuit_decorator.py
[2025-07-28T23:04:38.900+0000] {processor.py:743} INFO - Processing file /home/airflow/.local/lib/python3.7/site-packages/airflow/example_dags/example_short_circuit_decorator.py for tasks to queue
[2025-07-28T23:04:38.901+0000] {logging_mixin.py:137} INFO - [2025-07-28T23:04:38.901+0000] {dagbag.py:538} INFO - Filling up the DagBag from /home/airflow/.local/lib/python3.7/site-packages/airflow/example_dags/example_short_circuit_decorator.py
[2025-07-28T23:04:38.931+0000] {processor.py:753} INFO - DAG(s) dict_keys(['example_short_circuit_decorator']) retrieved from /home/airflow/.local/lib/python3.7/site-packages/airflow/example_dags/example_short_circuit_decorator.py
[2025-07-28T23:04:38.961+0000] {logging_mixin.py:137} INFO - [2025-07-28T23:04:38.960+0000] {dag.py:2690} INFO - Sync 1 DAGs
[2025-07-28T23:04:38.990+0000] {logging_mixin.py:137} INFO - [2025-07-28T23:04:38.990+0000] {dag.py:3441} INFO - Setting next_dagrun for example_short_circuit_decorator to 2025-07-27T23:04:38.990193+00:00, run_after=2025-07-28T23:04:38.990193+00:00
[2025-07-28T23:04:39.019+0000] {processor.py:175} INFO - Processing /home/airflow/.local/lib/python3.7/site-packages/airflow/example_dags/example_short_circuit_decorator.py took 0.126 seconds
[2025-07-28T23:05:09.279+0000] {processor.py:153} INFO - Started process (PID=2953) to work on /home/airflow/.local/lib/python3.7/site-packages/airflow/example_dags/example_short_circuit_decorator.py
[2025-07-28T23:05:09.280+0000] {processor.py:743} INFO - Processing file /home/airflow/.local/lib/python3.7/site-packages/airflow/example_dags/example_short_circuit_decorator.py for tasks to queue
[2025-07-28T23:05:09.281+0000] {logging_mixin.py:137} INFO - [2025-07-28T23:05:09.280+0000] {dagbag.py:538} INFO - Filling up the DagBag from /home/airflow/.local/lib/python3.7/site-packages/airflow/example_dags/example_short_circuit_decorator.py
[2025-07-28T23:05:09.310+0000] {processor.py:753} INFO - DAG(s) dict_keys(['example_short_circuit_decorator']) retrieved from /home/airflow/.local/lib/python3.7/site-packages/airflow/example_dags/example_short_circuit_decorator.py
[2025-07-28T23:05:09.343+0000] {logging_mixin.py:137} INFO - [2025-07-28T23:05:09.343+0000] {dag.py:2690} INFO - Sync 1 DAGs
[2025-07-28T23:05:09.386+0000] {logging_mixin.py:137} INFO - [2025-07-28T23:05:09.386+0000] {dag.py:3441} INFO - Setting next_dagrun for example_short_circuit_decorator to 2025-07-27T23:05:09.385775+00:00, run_after=2025-07-28T23:05:09.385775+00:00
[2025-07-28T23:05:09.414+0000] {processor.py:175} INFO - Processing /home/airflow/.local/lib/python3.7/site-packages/airflow/example_dags/example_short_circuit_decorator.py took 0.140 seconds
[2025-07-28T23:05:40.356+0000] {processor.py:153} INFO - Started process (PID=3041) to work on /home/airflow/.local/lib/python3.7/site-packages/airflow/example_dags/example_short_circuit_decorator.py
[2025-07-28T23:05:40.357+0000] {processor.py:743} INFO - Processing file /home/airflow/.local/lib/python3.7/site-packages/airflow/example_dags/example_short_circuit_decorator.py for tasks to queue
[2025-07-28T23:05:40.359+0000] {logging_mixin.py:137} INFO - [2025-07-28T23:05:40.358+0000] {dagbag.py:538} INFO - Filling up the DagBag from /home/airflow/.local/lib/python3.7/site-packages/airflow/example_dags/example_short_circuit_decorator.py
[2025-07-28T23:05:40.389+0000] {processor.py:753} INFO - DAG(s) dict_keys(['example_short_circuit_decorator']) retrieved from /home/airflow/.local/lib/python3.7/site-packages/airflow/example_dags/example_short_circuit_decorator.py
[2025-07-28T23:05:40.423+0000] {logging_mixin.py:137} INFO - [2025-07-28T23:05:40.423+0000] {dag.py:2690} INFO - Sync 1 DAGs
[2025-07-28T23:05:40.467+0000] {logging_mixin.py:137} INFO - [2025-07-28T23:05:40.466+0000] {dag.py:3441} INFO - Setting next_dagrun for example_short_circuit_decorator to 2025-07-27T23:05:40.466695+00:00, run_after=2025-07-28T23:05:40.466695+00:00
[2025-07-28T23:05:40.497+0000] {processor.py:175} INFO - Processing /home/airflow/.local/lib/python3.7/site-packages/airflow/example_dags/example_short_circuit_decorator.py took 0.146 seconds
[2025-07-28T23:06:10.812+0000] {processor.py:153} INFO - Started process (PID=3113) to work on /home/airflow/.local/lib/python3.7/site-packages/airflow/example_dags/example_short_circuit_decorator.py
[2025-07-28T23:06:10.813+0000] {processor.py:743} INFO - Processing file /home/airflow/.local/lib/python3.7/site-packages/airflow/example_dags/example_short_circuit_decorator.py for tasks to queue
[2025-07-28T23:06:10.814+0000] {logging_mixin.py:137} INFO - [2025-07-28T23:06:10.814+0000] {dagbag.py:538} INFO - Filling up the DagBag from /home/airflow/.local/lib/python3.7/site-packages/airflow/example_dags/example_short_circuit_decorator.py
[2025-07-28T23:06:10.843+0000] {processor.py:753} INFO - DAG(s) dict_keys(['example_short_circuit_decorator']) retrieved from /home/airflow/.local/lib/python3.7/site-packages/airflow/example_dags/example_short_circuit_decorator.py
[2025-07-28T23:06:10.870+0000] {logging_mixin.py:137} INFO - [2025-07-28T23:06:10.870+0000] {dag.py:2690} INFO - Sync 1 DAGs
[2025-07-28T23:06:10.891+0000] {logging_mixin.py:137} INFO - [2025-07-28T23:06:10.891+0000] {dag.py:3441} INFO - Setting next_dagrun for example_short_circuit_decorator to 2025-07-27T23:06:10.890879+00:00, run_after=2025-07-28T23:06:10.890879+00:00
[2025-07-28T23:06:10.911+0000] {processor.py:175} INFO - Processing /home/airflow/.local/lib/python3.7/site-packages/airflow/example_dags/example_short_circuit_decorator.py took 0.104 seconds
[2025-07-28T23:06:41.274+0000] {processor.py:153} INFO - Started process (PID=3185) to work on /home/airflow/.local/lib/python3.7/site-packages/airflow/example_dags/example_short_circuit_decorator.py
[2025-07-28T23:06:41.275+0000] {processor.py:743} INFO - Processing file /home/airflow/.local/lib/python3.7/site-packages/airflow/example_dags/example_short_circuit_decorator.py for tasks to queue
[2025-07-28T23:06:41.277+0000] {logging_mixin.py:137} INFO - [2025-07-28T23:06:41.276+0000] {dagbag.py:538} INFO - Filling up the DagBag from /home/airflow/.local/lib/python3.7/site-packages/airflow/example_dags/example_short_circuit_decorator.py
[2025-07-28T23:06:41.311+0000] {processor.py:753} INFO - DAG(s) dict_keys(['example_short_circuit_decorator']) retrieved from /home/airflow/.local/lib/python3.7/site-packages/airflow/example_dags/example_short_circuit_decorator.py
[2025-07-28T23:06:41.354+0000] {logging_mixin.py:137} INFO - [2025-07-28T23:06:41.354+0000] {dag.py:2690} INFO - Sync 1 DAGs
[2025-07-28T23:06:41.396+0000] {logging_mixin.py:137} INFO - [2025-07-28T23:06:41.396+0000] {dag.py:3441} INFO - Setting next_dagrun for example_short_circuit_decorator to 2025-07-27T23:06:41.395668+00:00, run_after=2025-07-28T23:06:41.395668+00:00
[2025-07-28T23:06:41.433+0000] {processor.py:175} INFO - Processing /home/airflow/.local/lib/python3.7/site-packages/airflow/example_dags/example_short_circuit_decorator.py took 0.165 seconds
