[2025-07-28T22:45:39.547+0000] {processor.py:153} INFO - Started process (PID=75) to work on /home/airflow/.local/lib/python3.7/site-packages/airflow/example_dags/example_short_circuit_operator.py
[2025-07-28T22:45:39.549+0000] {processor.py:743} INFO - Processing file /home/airflow/.local/lib/python3.7/site-packages/airflow/example_dags/example_short_circuit_operator.py for tasks to queue
[2025-07-28T22:45:39.551+0000] {logging_mixin.py:137} INFO - [2025-07-28T22:45:39.550+0000] {dagbag.py:538} INFO - Filling up the DagBag from /home/airflow/.local/lib/python3.7/site-packages/airflow/example_dags/example_short_circuit_operator.py
[2025-07-28T22:45:39.581+0000] {processor.py:753} INFO - DAG(s) dict_keys(['example_short_circuit_operator']) retrieved from /home/airflow/.local/lib/python3.7/site-packages/airflow/example_dags/example_short_circuit_operator.py
[2025-07-28T22:45:39.765+0000] {logging_mixin.py:137} INFO - [2025-07-28T22:45:39.765+0000] {manager.py:504} INFO - Created Permission View: can delete on DAG:example_short_circuit_operator
[2025-07-28T22:45:39.778+0000] {logging_mixin.py:137} INFO - [2025-07-28T22:45:39.778+0000] {manager.py:504} INFO - Created Permission View: can read on DAG:example_short_circuit_operator
[2025-07-28T22:45:39.789+0000] {logging_mixin.py:137} INFO - [2025-07-28T22:45:39.789+0000] {manager.py:504} INFO - Created Permission View: can edit on DAG:example_short_circuit_operator
[2025-07-28T22:45:39.790+0000] {logging_mixin.py:137} INFO - [2025-07-28T22:45:39.790+0000] {dag.py:2690} INFO - Sync 1 DAGs
[2025-07-28T22:45:39.814+0000] {logging_mixin.py:137} INFO - [2025-07-28T22:45:39.814+0000] {dag.py:2711} INFO - Creating ORM DAG for example_short_circuit_operator
[2025-07-28T22:45:39.833+0000] {logging_mixin.py:137} INFO - [2025-07-28T22:45:39.833+0000] {dag.py:3441} INFO - Setting next_dagrun for example_short_circuit_operator to 2025-07-27T22:45:39.833137+00:00, run_after=2025-07-28T22:45:39.833137+00:00
[2025-07-28T22:45:39.865+0000] {processor.py:175} INFO - Processing /home/airflow/.local/lib/python3.7/site-packages/airflow/example_dags/example_short_circuit_operator.py took 0.323 seconds
[2025-07-28T22:46:10.501+0000] {processor.py:153} INFO - Started process (PID=146) to work on /home/airflow/.local/lib/python3.7/site-packages/airflow/example_dags/example_short_circuit_operator.py
[2025-07-28T22:46:10.503+0000] {processor.py:743} INFO - Processing file /home/airflow/.local/lib/python3.7/site-packages/airflow/example_dags/example_short_circuit_operator.py for tasks to queue
[2025-07-28T22:46:10.513+0000] {logging_mixin.py:137} INFO - [2025-07-28T22:46:10.513+0000] {dagbag.py:538} INFO - Filling up the DagBag from /home/airflow/.local/lib/python3.7/site-packages/airflow/example_dags/example_short_circuit_operator.py
[2025-07-28T22:46:10.608+0000] {processor.py:753} INFO - DAG(s) dict_keys(['example_short_circuit_operator']) retrieved from /home/airflow/.local/lib/python3.7/site-packages/airflow/example_dags/example_short_circuit_operator.py
[2025-07-28T22:46:10.667+0000] {logging_mixin.py:137} INFO - [2025-07-28T22:46:10.666+0000] {dag.py:2690} INFO - Sync 1 DAGs
[2025-07-28T22:46:10.776+0000] {logging_mixin.py:137} INFO - [2025-07-28T22:46:10.768+0000] {dag.py:3441} INFO - Setting next_dagrun for example_short_circuit_operator to 2025-07-27T22:46:10.767467+00:00, run_after=2025-07-28T22:46:10.767467+00:00
[2025-07-28T22:46:10.869+0000] {processor.py:175} INFO - Processing /home/airflow/.local/lib/python3.7/site-packages/airflow/example_dags/example_short_circuit_operator.py took 0.381 seconds
[2025-07-28T22:46:41.419+0000] {processor.py:153} INFO - Started process (PID=216) to work on /home/airflow/.local/lib/python3.7/site-packages/airflow/example_dags/example_short_circuit_operator.py
[2025-07-28T22:46:41.420+0000] {processor.py:743} INFO - Processing file /home/airflow/.local/lib/python3.7/site-packages/airflow/example_dags/example_short_circuit_operator.py for tasks to queue
[2025-07-28T22:46:41.422+0000] {logging_mixin.py:137} INFO - [2025-07-28T22:46:41.422+0000] {dagbag.py:538} INFO - Filling up the DagBag from /home/airflow/.local/lib/python3.7/site-packages/airflow/example_dags/example_short_circuit_operator.py
[2025-07-28T22:46:41.450+0000] {processor.py:753} INFO - DAG(s) dict_keys(['example_short_circuit_operator']) retrieved from /home/airflow/.local/lib/python3.7/site-packages/airflow/example_dags/example_short_circuit_operator.py
[2025-07-28T22:46:41.498+0000] {logging_mixin.py:137} INFO - [2025-07-28T22:46:41.498+0000] {dag.py:2690} INFO - Sync 1 DAGs
[2025-07-28T22:46:41.547+0000] {logging_mixin.py:137} INFO - [2025-07-28T22:46:41.547+0000] {dag.py:3441} INFO - Setting next_dagrun for example_short_circuit_operator to 2025-07-27T22:46:41.546804+00:00, run_after=2025-07-28T22:46:41.546804+00:00
[2025-07-28T22:46:41.589+0000] {processor.py:175} INFO - Processing /home/airflow/.local/lib/python3.7/site-packages/airflow/example_dags/example_short_circuit_operator.py took 0.176 seconds
[2025-07-28T22:47:12.204+0000] {processor.py:153} INFO - Started process (PID=287) to work on /home/airflow/.local/lib/python3.7/site-packages/airflow/example_dags/example_short_circuit_operator.py
[2025-07-28T22:47:12.206+0000] {processor.py:743} INFO - Processing file /home/airflow/.local/lib/python3.7/site-packages/airflow/example_dags/example_short_circuit_operator.py for tasks to queue
[2025-07-28T22:47:12.207+0000] {logging_mixin.py:137} INFO - [2025-07-28T22:47:12.207+0000] {dagbag.py:538} INFO - Filling up the DagBag from /home/airflow/.local/lib/python3.7/site-packages/airflow/example_dags/example_short_circuit_operator.py
[2025-07-28T22:47:12.239+0000] {processor.py:753} INFO - DAG(s) dict_keys(['example_short_circuit_operator']) retrieved from /home/airflow/.local/lib/python3.7/site-packages/airflow/example_dags/example_short_circuit_operator.py
[2025-07-28T22:47:12.297+0000] {logging_mixin.py:137} INFO - [2025-07-28T22:47:12.297+0000] {dag.py:2690} INFO - Sync 1 DAGs
[2025-07-28T22:47:12.346+0000] {logging_mixin.py:137} INFO - [2025-07-28T22:47:12.346+0000] {dag.py:3441} INFO - Setting next_dagrun for example_short_circuit_operator to 2025-07-27T22:47:12.346460+00:00, run_after=2025-07-28T22:47:12.346460+00:00
[2025-07-28T22:47:12.380+0000] {processor.py:175} INFO - Processing /home/airflow/.local/lib/python3.7/site-packages/airflow/example_dags/example_short_circuit_operator.py took 0.182 seconds
[2025-07-28T22:47:42.970+0000] {processor.py:153} INFO - Started process (PID=367) to work on /home/airflow/.local/lib/python3.7/site-packages/airflow/example_dags/example_short_circuit_operator.py
[2025-07-28T22:47:42.976+0000] {processor.py:743} INFO - Processing file /home/airflow/.local/lib/python3.7/site-packages/airflow/example_dags/example_short_circuit_operator.py for tasks to queue
[2025-07-28T22:47:42.987+0000] {logging_mixin.py:137} INFO - [2025-07-28T22:47:42.986+0000] {dagbag.py:538} INFO - Filling up the DagBag from /home/airflow/.local/lib/python3.7/site-packages/airflow/example_dags/example_short_circuit_operator.py
[2025-07-28T22:47:43.085+0000] {processor.py:753} INFO - DAG(s) dict_keys(['example_short_circuit_operator']) retrieved from /home/airflow/.local/lib/python3.7/site-packages/airflow/example_dags/example_short_circuit_operator.py
[2025-07-28T22:47:43.161+0000] {logging_mixin.py:137} INFO - [2025-07-28T22:47:43.161+0000] {dag.py:2690} INFO - Sync 1 DAGs
[2025-07-28T22:47:43.223+0000] {logging_mixin.py:137} INFO - [2025-07-28T22:47:43.223+0000] {dag.py:3441} INFO - Setting next_dagrun for example_short_circuit_operator to 2025-07-27T22:47:43.221435+00:00, run_after=2025-07-28T22:47:43.221435+00:00
[2025-07-28T22:47:43.271+0000] {processor.py:175} INFO - Processing /home/airflow/.local/lib/python3.7/site-packages/airflow/example_dags/example_short_circuit_operator.py took 0.321 seconds
[2025-07-28T22:48:13.569+0000] {processor.py:153} INFO - Started process (PID=444) to work on /home/airflow/.local/lib/python3.7/site-packages/airflow/example_dags/example_short_circuit_operator.py
[2025-07-28T22:48:13.574+0000] {processor.py:743} INFO - Processing file /home/airflow/.local/lib/python3.7/site-packages/airflow/example_dags/example_short_circuit_operator.py for tasks to queue
[2025-07-28T22:48:13.576+0000] {logging_mixin.py:137} INFO - [2025-07-28T22:48:13.576+0000] {dagbag.py:538} INFO - Filling up the DagBag from /home/airflow/.local/lib/python3.7/site-packages/airflow/example_dags/example_short_circuit_operator.py
[2025-07-28T22:48:13.639+0000] {processor.py:753} INFO - DAG(s) dict_keys(['example_short_circuit_operator']) retrieved from /home/airflow/.local/lib/python3.7/site-packages/airflow/example_dags/example_short_circuit_operator.py
[2025-07-28T22:48:13.717+0000] {logging_mixin.py:137} INFO - [2025-07-28T22:48:13.716+0000] {dag.py:2690} INFO - Sync 1 DAGs
[2025-07-28T22:48:13.857+0000] {logging_mixin.py:137} INFO - [2025-07-28T22:48:13.855+0000] {dag.py:3441} INFO - Setting next_dagrun for example_short_circuit_operator to 2025-07-27T22:48:13.854683+00:00, run_after=2025-07-28T22:48:13.854683+00:00
[2025-07-28T22:48:13.926+0000] {processor.py:175} INFO - Processing /home/airflow/.local/lib/python3.7/site-packages/airflow/example_dags/example_short_circuit_operator.py took 0.363 seconds
[2025-07-28T22:48:44.081+0000] {processor.py:153} INFO - Started process (PID=515) to work on /home/airflow/.local/lib/python3.7/site-packages/airflow/example_dags/example_short_circuit_operator.py
[2025-07-28T22:48:44.083+0000] {processor.py:743} INFO - Processing file /home/airflow/.local/lib/python3.7/site-packages/airflow/example_dags/example_short_circuit_operator.py for tasks to queue
[2025-07-28T22:48:44.084+0000] {logging_mixin.py:137} INFO - [2025-07-28T22:48:44.083+0000] {dagbag.py:538} INFO - Filling up the DagBag from /home/airflow/.local/lib/python3.7/site-packages/airflow/example_dags/example_short_circuit_operator.py
[2025-07-28T22:48:44.112+0000] {processor.py:753} INFO - DAG(s) dict_keys(['example_short_circuit_operator']) retrieved from /home/airflow/.local/lib/python3.7/site-packages/airflow/example_dags/example_short_circuit_operator.py
[2025-07-28T22:48:44.161+0000] {logging_mixin.py:137} INFO - [2025-07-28T22:48:44.161+0000] {dag.py:2690} INFO - Sync 1 DAGs
[2025-07-28T22:48:44.206+0000] {logging_mixin.py:137} INFO - [2025-07-28T22:48:44.205+0000] {dag.py:3441} INFO - Setting next_dagrun for example_short_circuit_operator to 2025-07-27T22:48:44.204540+00:00, run_after=2025-07-28T22:48:44.204540+00:00
[2025-07-28T22:48:44.247+0000] {processor.py:175} INFO - Processing /home/airflow/.local/lib/python3.7/site-packages/airflow/example_dags/example_short_circuit_operator.py took 0.174 seconds
[2025-07-28T22:49:14.826+0000] {processor.py:153} INFO - Started process (PID=586) to work on /home/airflow/.local/lib/python3.7/site-packages/airflow/example_dags/example_short_circuit_operator.py
[2025-07-28T22:49:14.827+0000] {processor.py:743} INFO - Processing file /home/airflow/.local/lib/python3.7/site-packages/airflow/example_dags/example_short_circuit_operator.py for tasks to queue
[2025-07-28T22:49:14.829+0000] {logging_mixin.py:137} INFO - [2025-07-28T22:49:14.829+0000] {dagbag.py:538} INFO - Filling up the DagBag from /home/airflow/.local/lib/python3.7/site-packages/airflow/example_dags/example_short_circuit_operator.py
[2025-07-28T22:49:14.870+0000] {processor.py:753} INFO - DAG(s) dict_keys(['example_short_circuit_operator']) retrieved from /home/airflow/.local/lib/python3.7/site-packages/airflow/example_dags/example_short_circuit_operator.py
[2025-07-28T22:49:14.927+0000] {logging_mixin.py:137} INFO - [2025-07-28T22:49:14.927+0000] {dag.py:2690} INFO - Sync 1 DAGs
[2025-07-28T22:49:14.995+0000] {logging_mixin.py:137} INFO - [2025-07-28T22:49:14.995+0000] {dag.py:3441} INFO - Setting next_dagrun for example_short_circuit_operator to 2025-07-27T22:49:14.995014+00:00, run_after=2025-07-28T22:49:14.995014+00:00
[2025-07-28T22:49:15.041+0000] {processor.py:175} INFO - Processing /home/airflow/.local/lib/python3.7/site-packages/airflow/example_dags/example_short_circuit_operator.py took 0.222 seconds
[2025-07-28T22:49:45.455+0000] {processor.py:153} INFO - Started process (PID=657) to work on /home/airflow/.local/lib/python3.7/site-packages/airflow/example_dags/example_short_circuit_operator.py
[2025-07-28T22:49:45.458+0000] {processor.py:743} INFO - Processing file /home/airflow/.local/lib/python3.7/site-packages/airflow/example_dags/example_short_circuit_operator.py for tasks to queue
[2025-07-28T22:49:45.459+0000] {logging_mixin.py:137} INFO - [2025-07-28T22:49:45.459+0000] {dagbag.py:538} INFO - Filling up the DagBag from /home/airflow/.local/lib/python3.7/site-packages/airflow/example_dags/example_short_circuit_operator.py
[2025-07-28T22:49:45.487+0000] {processor.py:753} INFO - DAG(s) dict_keys(['example_short_circuit_operator']) retrieved from /home/airflow/.local/lib/python3.7/site-packages/airflow/example_dags/example_short_circuit_operator.py
[2025-07-28T22:49:45.526+0000] {logging_mixin.py:137} INFO - [2025-07-28T22:49:45.526+0000] {dag.py:2690} INFO - Sync 1 DAGs
[2025-07-28T22:49:45.566+0000] {logging_mixin.py:137} INFO - [2025-07-28T22:49:45.565+0000] {dag.py:3441} INFO - Setting next_dagrun for example_short_circuit_operator to 2025-07-27T22:49:45.565598+00:00, run_after=2025-07-28T22:49:45.565598+00:00
[2025-07-28T22:49:45.594+0000] {processor.py:175} INFO - Processing /home/airflow/.local/lib/python3.7/site-packages/airflow/example_dags/example_short_circuit_operator.py took 0.143 seconds
[2025-07-28T22:50:16.106+0000] {processor.py:153} INFO - Started process (PID=744) to work on /home/airflow/.local/lib/python3.7/site-packages/airflow/example_dags/example_short_circuit_operator.py
[2025-07-28T22:50:16.109+0000] {processor.py:743} INFO - Processing file /home/airflow/.local/lib/python3.7/site-packages/airflow/example_dags/example_short_circuit_operator.py for tasks to queue
[2025-07-28T22:50:16.110+0000] {logging_mixin.py:137} INFO - [2025-07-28T22:50:16.110+0000] {dagbag.py:538} INFO - Filling up the DagBag from /home/airflow/.local/lib/python3.7/site-packages/airflow/example_dags/example_short_circuit_operator.py
[2025-07-28T22:50:16.136+0000] {processor.py:753} INFO - DAG(s) dict_keys(['example_short_circuit_operator']) retrieved from /home/airflow/.local/lib/python3.7/site-packages/airflow/example_dags/example_short_circuit_operator.py
[2025-07-28T22:50:16.185+0000] {logging_mixin.py:137} INFO - [2025-07-28T22:50:16.185+0000] {dag.py:2690} INFO - Sync 1 DAGs
[2025-07-28T22:50:16.232+0000] {logging_mixin.py:137} INFO - [2025-07-28T22:50:16.232+0000] {dag.py:3441} INFO - Setting next_dagrun for example_short_circuit_operator to 2025-07-27T22:50:16.232129+00:00, run_after=2025-07-28T22:50:16.232129+00:00
[2025-07-28T22:50:16.270+0000] {processor.py:175} INFO - Processing /home/airflow/.local/lib/python3.7/site-packages/airflow/example_dags/example_short_circuit_operator.py took 0.169 seconds
[2025-07-28T22:50:46.999+0000] {processor.py:153} INFO - Started process (PID=815) to work on /home/airflow/.local/lib/python3.7/site-packages/airflow/example_dags/example_short_circuit_operator.py
[2025-07-28T22:50:47.000+0000] {processor.py:743} INFO - Processing file /home/airflow/.local/lib/python3.7/site-packages/airflow/example_dags/example_short_circuit_operator.py for tasks to queue
[2025-07-28T22:50:47.001+0000] {logging_mixin.py:137} INFO - [2025-07-28T22:50:47.001+0000] {dagbag.py:538} INFO - Filling up the DagBag from /home/airflow/.local/lib/python3.7/site-packages/airflow/example_dags/example_short_circuit_operator.py
[2025-07-28T22:50:47.025+0000] {processor.py:753} INFO - DAG(s) dict_keys(['example_short_circuit_operator']) retrieved from /home/airflow/.local/lib/python3.7/site-packages/airflow/example_dags/example_short_circuit_operator.py
[2025-07-28T22:50:47.060+0000] {logging_mixin.py:137} INFO - [2025-07-28T22:50:47.059+0000] {dag.py:2690} INFO - Sync 1 DAGs
[2025-07-28T22:50:47.091+0000] {logging_mixin.py:137} INFO - [2025-07-28T22:50:47.091+0000] {dag.py:3441} INFO - Setting next_dagrun for example_short_circuit_operator to 2025-07-27T22:50:47.091188+00:00, run_after=2025-07-28T22:50:47.091188+00:00
[2025-07-28T22:50:47.117+0000] {processor.py:175} INFO - Processing /home/airflow/.local/lib/python3.7/site-packages/airflow/example_dags/example_short_circuit_operator.py took 0.122 seconds
[2025-07-28T22:51:17.992+0000] {processor.py:153} INFO - Started process (PID=886) to work on /home/airflow/.local/lib/python3.7/site-packages/airflow/example_dags/example_short_circuit_operator.py
[2025-07-28T22:51:17.993+0000] {processor.py:743} INFO - Processing file /home/airflow/.local/lib/python3.7/site-packages/airflow/example_dags/example_short_circuit_operator.py for tasks to queue
[2025-07-28T22:51:17.994+0000] {logging_mixin.py:137} INFO - [2025-07-28T22:51:17.994+0000] {dagbag.py:538} INFO - Filling up the DagBag from /home/airflow/.local/lib/python3.7/site-packages/airflow/example_dags/example_short_circuit_operator.py
[2025-07-28T22:51:18.015+0000] {processor.py:753} INFO - DAG(s) dict_keys(['example_short_circuit_operator']) retrieved from /home/airflow/.local/lib/python3.7/site-packages/airflow/example_dags/example_short_circuit_operator.py
[2025-07-28T22:51:18.049+0000] {logging_mixin.py:137} INFO - [2025-07-28T22:51:18.049+0000] {dag.py:2690} INFO - Sync 1 DAGs
[2025-07-28T22:51:18.081+0000] {logging_mixin.py:137} INFO - [2025-07-28T22:51:18.081+0000] {dag.py:3441} INFO - Setting next_dagrun for example_short_circuit_operator to 2025-07-27T22:51:18.080701+00:00, run_after=2025-07-28T22:51:18.080701+00:00
[2025-07-28T22:51:18.108+0000] {processor.py:175} INFO - Processing /home/airflow/.local/lib/python3.7/site-packages/airflow/example_dags/example_short_circuit_operator.py took 0.122 seconds
[2025-07-28T22:51:48.239+0000] {processor.py:153} INFO - Started process (PID=973) to work on /home/airflow/.local/lib/python3.7/site-packages/airflow/example_dags/example_short_circuit_operator.py
[2025-07-28T22:51:48.241+0000] {processor.py:743} INFO - Processing file /home/airflow/.local/lib/python3.7/site-packages/airflow/example_dags/example_short_circuit_operator.py for tasks to queue
[2025-07-28T22:51:48.242+0000] {logging_mixin.py:137} INFO - [2025-07-28T22:51:48.242+0000] {dagbag.py:538} INFO - Filling up the DagBag from /home/airflow/.local/lib/python3.7/site-packages/airflow/example_dags/example_short_circuit_operator.py
[2025-07-28T22:51:48.263+0000] {processor.py:753} INFO - DAG(s) dict_keys(['example_short_circuit_operator']) retrieved from /home/airflow/.local/lib/python3.7/site-packages/airflow/example_dags/example_short_circuit_operator.py
[2025-07-28T22:51:48.302+0000] {logging_mixin.py:137} INFO - [2025-07-28T22:51:48.302+0000] {dag.py:2690} INFO - Sync 1 DAGs
[2025-07-28T22:51:48.336+0000] {logging_mixin.py:137} INFO - [2025-07-28T22:51:48.336+0000] {dag.py:3441} INFO - Setting next_dagrun for example_short_circuit_operator to 2025-07-27T22:51:48.336147+00:00, run_after=2025-07-28T22:51:48.336147+00:00
[2025-07-28T22:51:48.370+0000] {processor.py:175} INFO - Processing /home/airflow/.local/lib/python3.7/site-packages/airflow/example_dags/example_short_circuit_operator.py took 0.135 seconds
[2025-07-28T22:52:18.760+0000] {processor.py:153} INFO - Started process (PID=1044) to work on /home/airflow/.local/lib/python3.7/site-packages/airflow/example_dags/example_short_circuit_operator.py
[2025-07-28T22:52:18.762+0000] {processor.py:743} INFO - Processing file /home/airflow/.local/lib/python3.7/site-packages/airflow/example_dags/example_short_circuit_operator.py for tasks to queue
[2025-07-28T22:52:18.763+0000] {logging_mixin.py:137} INFO - [2025-07-28T22:52:18.763+0000] {dagbag.py:538} INFO - Filling up the DagBag from /home/airflow/.local/lib/python3.7/site-packages/airflow/example_dags/example_short_circuit_operator.py
[2025-07-28T22:52:18.784+0000] {processor.py:753} INFO - DAG(s) dict_keys(['example_short_circuit_operator']) retrieved from /home/airflow/.local/lib/python3.7/site-packages/airflow/example_dags/example_short_circuit_operator.py
[2025-07-28T22:52:18.819+0000] {logging_mixin.py:137} INFO - [2025-07-28T22:52:18.819+0000] {dag.py:2690} INFO - Sync 1 DAGs
[2025-07-28T22:52:18.849+0000] {logging_mixin.py:137} INFO - [2025-07-28T22:52:18.849+0000] {dag.py:3441} INFO - Setting next_dagrun for example_short_circuit_operator to 2025-07-27T22:52:18.849005+00:00, run_after=2025-07-28T22:52:18.849005+00:00
[2025-07-28T22:52:18.876+0000] {processor.py:175} INFO - Processing /home/airflow/.local/lib/python3.7/site-packages/airflow/example_dags/example_short_circuit_operator.py took 0.122 seconds
[2025-07-28T22:52:49.751+0000] {processor.py:153} INFO - Started process (PID=1131) to work on /home/airflow/.local/lib/python3.7/site-packages/airflow/example_dags/example_short_circuit_operator.py
[2025-07-28T22:52:49.752+0000] {processor.py:743} INFO - Processing file /home/airflow/.local/lib/python3.7/site-packages/airflow/example_dags/example_short_circuit_operator.py for tasks to queue
[2025-07-28T22:52:49.754+0000] {logging_mixin.py:137} INFO - [2025-07-28T22:52:49.753+0000] {dagbag.py:538} INFO - Filling up the DagBag from /home/airflow/.local/lib/python3.7/site-packages/airflow/example_dags/example_short_circuit_operator.py
[2025-07-28T22:52:49.781+0000] {processor.py:753} INFO - DAG(s) dict_keys(['example_short_circuit_operator']) retrieved from /home/airflow/.local/lib/python3.7/site-packages/airflow/example_dags/example_short_circuit_operator.py
[2025-07-28T22:52:49.817+0000] {logging_mixin.py:137} INFO - [2025-07-28T22:52:49.817+0000] {dag.py:2690} INFO - Sync 1 DAGs
[2025-07-28T22:52:49.850+0000] {logging_mixin.py:137} INFO - [2025-07-28T22:52:49.850+0000] {dag.py:3441} INFO - Setting next_dagrun for example_short_circuit_operator to 2025-07-27T22:52:49.850262+00:00, run_after=2025-07-28T22:52:49.850262+00:00
[2025-07-28T22:52:49.880+0000] {processor.py:175} INFO - Processing /home/airflow/.local/lib/python3.7/site-packages/airflow/example_dags/example_short_circuit_operator.py took 0.134 seconds
[2025-07-28T22:53:20.211+0000] {processor.py:153} INFO - Started process (PID=1202) to work on /home/airflow/.local/lib/python3.7/site-packages/airflow/example_dags/example_short_circuit_operator.py
[2025-07-28T22:53:20.213+0000] {processor.py:743} INFO - Processing file /home/airflow/.local/lib/python3.7/site-packages/airflow/example_dags/example_short_circuit_operator.py for tasks to queue
[2025-07-28T22:53:20.215+0000] {logging_mixin.py:137} INFO - [2025-07-28T22:53:20.215+0000] {dagbag.py:538} INFO - Filling up the DagBag from /home/airflow/.local/lib/python3.7/site-packages/airflow/example_dags/example_short_circuit_operator.py
[2025-07-28T22:53:20.241+0000] {processor.py:753} INFO - DAG(s) dict_keys(['example_short_circuit_operator']) retrieved from /home/airflow/.local/lib/python3.7/site-packages/airflow/example_dags/example_short_circuit_operator.py
[2025-07-28T22:53:20.285+0000] {logging_mixin.py:137} INFO - [2025-07-28T22:53:20.285+0000] {dag.py:2690} INFO - Sync 1 DAGs
[2025-07-28T22:53:20.319+0000] {logging_mixin.py:137} INFO - [2025-07-28T22:53:20.319+0000] {dag.py:3441} INFO - Setting next_dagrun for example_short_circuit_operator to 2025-07-27T22:53:20.319279+00:00, run_after=2025-07-28T22:53:20.319279+00:00
[2025-07-28T22:53:20.352+0000] {processor.py:175} INFO - Processing /home/airflow/.local/lib/python3.7/site-packages/airflow/example_dags/example_short_circuit_operator.py took 0.147 seconds
[2025-07-28T22:53:51.561+0000] {processor.py:153} INFO - Started process (PID=1282) to work on /home/airflow/.local/lib/python3.7/site-packages/airflow/example_dags/example_short_circuit_operator.py
[2025-07-28T22:53:51.564+0000] {processor.py:743} INFO - Processing file /home/airflow/.local/lib/python3.7/site-packages/airflow/example_dags/example_short_circuit_operator.py for tasks to queue
[2025-07-28T22:53:51.566+0000] {logging_mixin.py:137} INFO - [2025-07-28T22:53:51.565+0000] {dagbag.py:538} INFO - Filling up the DagBag from /home/airflow/.local/lib/python3.7/site-packages/airflow/example_dags/example_short_circuit_operator.py
[2025-07-28T22:53:51.623+0000] {processor.py:753} INFO - DAG(s) dict_keys(['example_short_circuit_operator']) retrieved from /home/airflow/.local/lib/python3.7/site-packages/airflow/example_dags/example_short_circuit_operator.py
[2025-07-28T22:53:51.713+0000] {logging_mixin.py:137} INFO - [2025-07-28T22:53:51.713+0000] {dag.py:2690} INFO - Sync 1 DAGs
[2025-07-28T22:53:51.819+0000] {logging_mixin.py:137} INFO - [2025-07-28T22:53:51.819+0000] {dag.py:3441} INFO - Setting next_dagrun for example_short_circuit_operator to 2025-07-27T22:53:51.818549+00:00, run_after=2025-07-28T22:53:51.818549+00:00
[2025-07-28T22:53:51.911+0000] {processor.py:175} INFO - Processing /home/airflow/.local/lib/python3.7/site-packages/airflow/example_dags/example_short_circuit_operator.py took 0.355 seconds
[2025-07-28T22:54:23.520+0000] {processor.py:153} INFO - Started process (PID=1352) to work on /home/airflow/.local/lib/python3.7/site-packages/airflow/example_dags/example_short_circuit_operator.py
[2025-07-28T22:54:23.522+0000] {processor.py:743} INFO - Processing file /home/airflow/.local/lib/python3.7/site-packages/airflow/example_dags/example_short_circuit_operator.py for tasks to queue
[2025-07-28T22:54:23.524+0000] {logging_mixin.py:137} INFO - [2025-07-28T22:54:23.523+0000] {dagbag.py:538} INFO - Filling up the DagBag from /home/airflow/.local/lib/python3.7/site-packages/airflow/example_dags/example_short_circuit_operator.py
[2025-07-28T22:54:23.597+0000] {processor.py:753} INFO - DAG(s) dict_keys(['example_short_circuit_operator']) retrieved from /home/airflow/.local/lib/python3.7/site-packages/airflow/example_dags/example_short_circuit_operator.py
[2025-07-28T22:54:23.682+0000] {logging_mixin.py:137} INFO - [2025-07-28T22:54:23.682+0000] {dag.py:2690} INFO - Sync 1 DAGs
[2025-07-28T22:54:23.766+0000] {logging_mixin.py:137} INFO - [2025-07-28T22:54:23.766+0000] {dag.py:3441} INFO - Setting next_dagrun for example_short_circuit_operator to 2025-07-27T22:54:23.765238+00:00, run_after=2025-07-28T22:54:23.765238+00:00
[2025-07-28T22:54:23.825+0000] {processor.py:175} INFO - Processing /home/airflow/.local/lib/python3.7/site-packages/airflow/example_dags/example_short_circuit_operator.py took 0.324 seconds
[2025-07-28T22:54:54.697+0000] {processor.py:153} INFO - Started process (PID=1431) to work on /home/airflow/.local/lib/python3.7/site-packages/airflow/example_dags/example_short_circuit_operator.py
[2025-07-28T22:54:54.698+0000] {processor.py:743} INFO - Processing file /home/airflow/.local/lib/python3.7/site-packages/airflow/example_dags/example_short_circuit_operator.py for tasks to queue
[2025-07-28T22:54:54.700+0000] {logging_mixin.py:137} INFO - [2025-07-28T22:54:54.699+0000] {dagbag.py:538} INFO - Filling up the DagBag from /home/airflow/.local/lib/python3.7/site-packages/airflow/example_dags/example_short_circuit_operator.py
[2025-07-28T22:54:54.738+0000] {processor.py:753} INFO - DAG(s) dict_keys(['example_short_circuit_operator']) retrieved from /home/airflow/.local/lib/python3.7/site-packages/airflow/example_dags/example_short_circuit_operator.py
[2025-07-28T22:54:54.791+0000] {logging_mixin.py:137} INFO - [2025-07-28T22:54:54.790+0000] {dag.py:2690} INFO - Sync 1 DAGs
[2025-07-28T22:54:54.834+0000] {logging_mixin.py:137} INFO - [2025-07-28T22:54:54.834+0000] {dag.py:3441} INFO - Setting next_dagrun for example_short_circuit_operator to 2025-07-27T22:54:54.833800+00:00, run_after=2025-07-28T22:54:54.833800+00:00
[2025-07-28T22:54:54.872+0000] {processor.py:175} INFO - Processing /home/airflow/.local/lib/python3.7/site-packages/airflow/example_dags/example_short_circuit_operator.py took 0.180 seconds
[2025-07-28T22:55:24.941+0000] {processor.py:153} INFO - Started process (PID=1503) to work on /home/airflow/.local/lib/python3.7/site-packages/airflow/example_dags/example_short_circuit_operator.py
[2025-07-28T22:55:24.942+0000] {processor.py:743} INFO - Processing file /home/airflow/.local/lib/python3.7/site-packages/airflow/example_dags/example_short_circuit_operator.py for tasks to queue
[2025-07-28T22:55:24.944+0000] {logging_mixin.py:137} INFO - [2025-07-28T22:55:24.943+0000] {dagbag.py:538} INFO - Filling up the DagBag from /home/airflow/.local/lib/python3.7/site-packages/airflow/example_dags/example_short_circuit_operator.py
[2025-07-28T22:55:24.962+0000] {processor.py:753} INFO - DAG(s) dict_keys(['example_short_circuit_operator']) retrieved from /home/airflow/.local/lib/python3.7/site-packages/airflow/example_dags/example_short_circuit_operator.py
[2025-07-28T22:55:24.992+0000] {logging_mixin.py:137} INFO - [2025-07-28T22:55:24.991+0000] {dag.py:2690} INFO - Sync 1 DAGs
[2025-07-28T22:55:25.017+0000] {logging_mixin.py:137} INFO - [2025-07-28T22:55:25.017+0000] {dag.py:3441} INFO - Setting next_dagrun for example_short_circuit_operator to 2025-07-27T22:55:25.017178+00:00, run_after=2025-07-28T22:55:25.017178+00:00
[2025-07-28T22:55:25.045+0000] {processor.py:175} INFO - Processing /home/airflow/.local/lib/python3.7/site-packages/airflow/example_dags/example_short_circuit_operator.py took 0.107 seconds
[2025-07-28T22:55:55.240+0000] {processor.py:153} INFO - Started process (PID=1574) to work on /home/airflow/.local/lib/python3.7/site-packages/airflow/example_dags/example_short_circuit_operator.py
[2025-07-28T22:55:55.241+0000] {processor.py:743} INFO - Processing file /home/airflow/.local/lib/python3.7/site-packages/airflow/example_dags/example_short_circuit_operator.py for tasks to queue
[2025-07-28T22:55:55.242+0000] {logging_mixin.py:137} INFO - [2025-07-28T22:55:55.242+0000] {dagbag.py:538} INFO - Filling up the DagBag from /home/airflow/.local/lib/python3.7/site-packages/airflow/example_dags/example_short_circuit_operator.py
[2025-07-28T22:55:55.266+0000] {processor.py:753} INFO - DAG(s) dict_keys(['example_short_circuit_operator']) retrieved from /home/airflow/.local/lib/python3.7/site-packages/airflow/example_dags/example_short_circuit_operator.py
[2025-07-28T22:55:55.313+0000] {logging_mixin.py:137} INFO - [2025-07-28T22:55:55.313+0000] {dag.py:2690} INFO - Sync 1 DAGs
[2025-07-28T22:55:55.341+0000] {logging_mixin.py:137} INFO - [2025-07-28T22:55:55.341+0000] {dag.py:3441} INFO - Setting next_dagrun for example_short_circuit_operator to 2025-07-27T22:55:55.341404+00:00, run_after=2025-07-28T22:55:55.341404+00:00
[2025-07-28T22:55:55.362+0000] {processor.py:175} INFO - Processing /home/airflow/.local/lib/python3.7/site-packages/airflow/example_dags/example_short_circuit_operator.py took 0.126 seconds
[2025-07-28T22:56:26.335+0000] {processor.py:153} INFO - Started process (PID=1645) to work on /home/airflow/.local/lib/python3.7/site-packages/airflow/example_dags/example_short_circuit_operator.py
[2025-07-28T22:56:26.337+0000] {processor.py:743} INFO - Processing file /home/airflow/.local/lib/python3.7/site-packages/airflow/example_dags/example_short_circuit_operator.py for tasks to queue
[2025-07-28T22:56:26.339+0000] {logging_mixin.py:137} INFO - [2025-07-28T22:56:26.339+0000] {dagbag.py:538} INFO - Filling up the DagBag from /home/airflow/.local/lib/python3.7/site-packages/airflow/example_dags/example_short_circuit_operator.py
[2025-07-28T22:56:26.368+0000] {processor.py:753} INFO - DAG(s) dict_keys(['example_short_circuit_operator']) retrieved from /home/airflow/.local/lib/python3.7/site-packages/airflow/example_dags/example_short_circuit_operator.py
[2025-07-28T22:56:26.428+0000] {logging_mixin.py:137} INFO - [2025-07-28T22:56:26.428+0000] {dag.py:2690} INFO - Sync 1 DAGs
[2025-07-28T22:56:26.484+0000] {logging_mixin.py:137} INFO - [2025-07-28T22:56:26.484+0000] {dag.py:3441} INFO - Setting next_dagrun for example_short_circuit_operator to 2025-07-27T22:56:26.484317+00:00, run_after=2025-07-28T22:56:26.484317+00:00
[2025-07-28T22:56:26.512+0000] {processor.py:175} INFO - Processing /home/airflow/.local/lib/python3.7/site-packages/airflow/example_dags/example_short_circuit_operator.py took 0.184 seconds
[2025-07-28T22:56:56.917+0000] {processor.py:153} INFO - Started process (PID=1717) to work on /home/airflow/.local/lib/python3.7/site-packages/airflow/example_dags/example_short_circuit_operator.py
[2025-07-28T22:56:56.919+0000] {processor.py:743} INFO - Processing file /home/airflow/.local/lib/python3.7/site-packages/airflow/example_dags/example_short_circuit_operator.py for tasks to queue
[2025-07-28T22:56:56.920+0000] {logging_mixin.py:137} INFO - [2025-07-28T22:56:56.920+0000] {dagbag.py:538} INFO - Filling up the DagBag from /home/airflow/.local/lib/python3.7/site-packages/airflow/example_dags/example_short_circuit_operator.py
[2025-07-28T22:56:56.942+0000] {processor.py:753} INFO - DAG(s) dict_keys(['example_short_circuit_operator']) retrieved from /home/airflow/.local/lib/python3.7/site-packages/airflow/example_dags/example_short_circuit_operator.py
[2025-07-28T22:56:56.975+0000] {logging_mixin.py:137} INFO - [2025-07-28T22:56:56.975+0000] {dag.py:2690} INFO - Sync 1 DAGs
[2025-07-28T22:56:57.005+0000] {logging_mixin.py:137} INFO - [2025-07-28T22:56:57.005+0000] {dag.py:3441} INFO - Setting next_dagrun for example_short_circuit_operator to 2025-07-27T22:56:57.005101+00:00, run_after=2025-07-28T22:56:57.005101+00:00
[2025-07-28T22:56:57.035+0000] {processor.py:175} INFO - Processing /home/airflow/.local/lib/python3.7/site-packages/airflow/example_dags/example_short_circuit_operator.py took 0.121 seconds
[2025-07-28T22:57:27.926+0000] {processor.py:153} INFO - Started process (PID=1797) to work on /home/airflow/.local/lib/python3.7/site-packages/airflow/example_dags/example_short_circuit_operator.py
[2025-07-28T22:57:27.927+0000] {processor.py:743} INFO - Processing file /home/airflow/.local/lib/python3.7/site-packages/airflow/example_dags/example_short_circuit_operator.py for tasks to queue
[2025-07-28T22:57:27.929+0000] {logging_mixin.py:137} INFO - [2025-07-28T22:57:27.928+0000] {dagbag.py:538} INFO - Filling up the DagBag from /home/airflow/.local/lib/python3.7/site-packages/airflow/example_dags/example_short_circuit_operator.py
[2025-07-28T22:57:27.961+0000] {processor.py:753} INFO - DAG(s) dict_keys(['example_short_circuit_operator']) retrieved from /home/airflow/.local/lib/python3.7/site-packages/airflow/example_dags/example_short_circuit_operator.py
[2025-07-28T22:57:28.009+0000] {logging_mixin.py:137} INFO - [2025-07-28T22:57:28.009+0000] {dag.py:2690} INFO - Sync 1 DAGs
[2025-07-28T22:57:28.054+0000] {logging_mixin.py:137} INFO - [2025-07-28T22:57:28.054+0000] {dag.py:3441} INFO - Setting next_dagrun for example_short_circuit_operator to 2025-07-27T22:57:28.054343+00:00, run_after=2025-07-28T22:57:28.054343+00:00
[2025-07-28T22:57:28.102+0000] {processor.py:175} INFO - Processing /home/airflow/.local/lib/python3.7/site-packages/airflow/example_dags/example_short_circuit_operator.py took 0.182 seconds
[2025-07-28T22:57:58.390+0000] {processor.py:153} INFO - Started process (PID=1875) to work on /home/airflow/.local/lib/python3.7/site-packages/airflow/example_dags/example_short_circuit_operator.py
[2025-07-28T22:57:58.392+0000] {processor.py:743} INFO - Processing file /home/airflow/.local/lib/python3.7/site-packages/airflow/example_dags/example_short_circuit_operator.py for tasks to queue
[2025-07-28T22:57:58.394+0000] {logging_mixin.py:137} INFO - [2025-07-28T22:57:58.393+0000] {dagbag.py:538} INFO - Filling up the DagBag from /home/airflow/.local/lib/python3.7/site-packages/airflow/example_dags/example_short_circuit_operator.py
[2025-07-28T22:57:58.414+0000] {processor.py:753} INFO - DAG(s) dict_keys(['example_short_circuit_operator']) retrieved from /home/airflow/.local/lib/python3.7/site-packages/airflow/example_dags/example_short_circuit_operator.py
[2025-07-28T22:57:58.451+0000] {logging_mixin.py:137} INFO - [2025-07-28T22:57:58.451+0000] {dag.py:2690} INFO - Sync 1 DAGs
[2025-07-28T22:57:58.483+0000] {logging_mixin.py:137} INFO - [2025-07-28T22:57:58.483+0000] {dag.py:3441} INFO - Setting next_dagrun for example_short_circuit_operator to 2025-07-27T22:57:58.482753+00:00, run_after=2025-07-28T22:57:58.482753+00:00
[2025-07-28T22:57:58.510+0000] {processor.py:175} INFO - Processing /home/airflow/.local/lib/python3.7/site-packages/airflow/example_dags/example_short_circuit_operator.py took 0.124 seconds
[2025-07-28T22:58:29.037+0000] {processor.py:153} INFO - Started process (PID=1946) to work on /home/airflow/.local/lib/python3.7/site-packages/airflow/example_dags/example_short_circuit_operator.py
[2025-07-28T22:58:29.038+0000] {processor.py:743} INFO - Processing file /home/airflow/.local/lib/python3.7/site-packages/airflow/example_dags/example_short_circuit_operator.py for tasks to queue
[2025-07-28T22:58:29.039+0000] {logging_mixin.py:137} INFO - [2025-07-28T22:58:29.039+0000] {dagbag.py:538} INFO - Filling up the DagBag from /home/airflow/.local/lib/python3.7/site-packages/airflow/example_dags/example_short_circuit_operator.py
[2025-07-28T22:58:29.055+0000] {processor.py:753} INFO - DAG(s) dict_keys(['example_short_circuit_operator']) retrieved from /home/airflow/.local/lib/python3.7/site-packages/airflow/example_dags/example_short_circuit_operator.py
[2025-07-28T22:58:29.083+0000] {logging_mixin.py:137} INFO - [2025-07-28T22:58:29.082+0000] {dag.py:2690} INFO - Sync 1 DAGs
[2025-07-28T22:58:29.106+0000] {logging_mixin.py:137} INFO - [2025-07-28T22:58:29.106+0000] {dag.py:3441} INFO - Setting next_dagrun for example_short_circuit_operator to 2025-07-27T22:58:29.105971+00:00, run_after=2025-07-28T22:58:29.105971+00:00
[2025-07-28T22:58:29.130+0000] {processor.py:175} INFO - Processing /home/airflow/.local/lib/python3.7/site-packages/airflow/example_dags/example_short_circuit_operator.py took 0.097 seconds
[2025-07-28T22:58:59.438+0000] {processor.py:153} INFO - Started process (PID=2026) to work on /home/airflow/.local/lib/python3.7/site-packages/airflow/example_dags/example_short_circuit_operator.py
[2025-07-28T22:58:59.440+0000] {processor.py:743} INFO - Processing file /home/airflow/.local/lib/python3.7/site-packages/airflow/example_dags/example_short_circuit_operator.py for tasks to queue
[2025-07-28T22:58:59.442+0000] {logging_mixin.py:137} INFO - [2025-07-28T22:58:59.442+0000] {dagbag.py:538} INFO - Filling up the DagBag from /home/airflow/.local/lib/python3.7/site-packages/airflow/example_dags/example_short_circuit_operator.py
[2025-07-28T22:58:59.472+0000] {processor.py:753} INFO - DAG(s) dict_keys(['example_short_circuit_operator']) retrieved from /home/airflow/.local/lib/python3.7/site-packages/airflow/example_dags/example_short_circuit_operator.py
[2025-07-28T22:58:59.518+0000] {logging_mixin.py:137} INFO - [2025-07-28T22:58:59.517+0000] {dag.py:2690} INFO - Sync 1 DAGs
[2025-07-28T22:58:59.568+0000] {logging_mixin.py:137} INFO - [2025-07-28T22:58:59.567+0000] {dag.py:3441} INFO - Setting next_dagrun for example_short_circuit_operator to 2025-07-27T22:58:59.567302+00:00, run_after=2025-07-28T22:58:59.567302+00:00
[2025-07-28T22:58:59.603+0000] {processor.py:175} INFO - Processing /home/airflow/.local/lib/python3.7/site-packages/airflow/example_dags/example_short_circuit_operator.py took 0.171 seconds
[2025-07-28T22:59:30.162+0000] {processor.py:153} INFO - Started process (PID=2104) to work on /home/airflow/.local/lib/python3.7/site-packages/airflow/example_dags/example_short_circuit_operator.py
[2025-07-28T22:59:30.163+0000] {processor.py:743} INFO - Processing file /home/airflow/.local/lib/python3.7/site-packages/airflow/example_dags/example_short_circuit_operator.py for tasks to queue
[2025-07-28T22:59:30.164+0000] {logging_mixin.py:137} INFO - [2025-07-28T22:59:30.164+0000] {dagbag.py:538} INFO - Filling up the DagBag from /home/airflow/.local/lib/python3.7/site-packages/airflow/example_dags/example_short_circuit_operator.py
[2025-07-28T22:59:30.188+0000] {processor.py:753} INFO - DAG(s) dict_keys(['example_short_circuit_operator']) retrieved from /home/airflow/.local/lib/python3.7/site-packages/airflow/example_dags/example_short_circuit_operator.py
[2025-07-28T22:59:30.231+0000] {logging_mixin.py:137} INFO - [2025-07-28T22:59:30.231+0000] {dag.py:2690} INFO - Sync 1 DAGs
[2025-07-28T22:59:30.266+0000] {logging_mixin.py:137} INFO - [2025-07-28T22:59:30.266+0000] {dag.py:3441} INFO - Setting next_dagrun for example_short_circuit_operator to 2025-07-27T22:59:30.266079+00:00, run_after=2025-07-28T22:59:30.266079+00:00
[2025-07-28T22:59:30.294+0000] {processor.py:175} INFO - Processing /home/airflow/.local/lib/python3.7/site-packages/airflow/example_dags/example_short_circuit_operator.py took 0.136 seconds
[2025-07-28T23:00:01.597+0000] {processor.py:153} INFO - Started process (PID=2176) to work on /home/airflow/.local/lib/python3.7/site-packages/airflow/example_dags/example_short_circuit_operator.py
[2025-07-28T23:00:01.598+0000] {processor.py:743} INFO - Processing file /home/airflow/.local/lib/python3.7/site-packages/airflow/example_dags/example_short_circuit_operator.py for tasks to queue
[2025-07-28T23:00:01.603+0000] {logging_mixin.py:137} INFO - [2025-07-28T23:00:01.602+0000] {dagbag.py:538} INFO - Filling up the DagBag from /home/airflow/.local/lib/python3.7/site-packages/airflow/example_dags/example_short_circuit_operator.py
[2025-07-28T23:00:01.628+0000] {processor.py:753} INFO - DAG(s) dict_keys(['example_short_circuit_operator']) retrieved from /home/airflow/.local/lib/python3.7/site-packages/airflow/example_dags/example_short_circuit_operator.py
[2025-07-28T23:00:01.664+0000] {logging_mixin.py:137} INFO - [2025-07-28T23:00:01.664+0000] {dag.py:2690} INFO - Sync 1 DAGs
[2025-07-28T23:00:01.700+0000] {logging_mixin.py:137} INFO - [2025-07-28T23:00:01.699+0000] {dag.py:3441} INFO - Setting next_dagrun for example_short_circuit_operator to 2025-07-27T23:00:01.698613+00:00, run_after=2025-07-28T23:00:01.698613+00:00
[2025-07-28T23:00:01.728+0000] {processor.py:175} INFO - Processing /home/airflow/.local/lib/python3.7/site-packages/airflow/example_dags/example_short_circuit_operator.py took 0.136 seconds
[2025-07-28T23:00:32.397+0000] {processor.py:153} INFO - Started process (PID=2263) to work on /home/airflow/.local/lib/python3.7/site-packages/airflow/example_dags/example_short_circuit_operator.py
[2025-07-28T23:00:32.400+0000] {processor.py:743} INFO - Processing file /home/airflow/.local/lib/python3.7/site-packages/airflow/example_dags/example_short_circuit_operator.py for tasks to queue
[2025-07-28T23:00:32.402+0000] {logging_mixin.py:137} INFO - [2025-07-28T23:00:32.401+0000] {dagbag.py:538} INFO - Filling up the DagBag from /home/airflow/.local/lib/python3.7/site-packages/airflow/example_dags/example_short_circuit_operator.py
[2025-07-28T23:00:32.457+0000] {processor.py:753} INFO - DAG(s) dict_keys(['example_short_circuit_operator']) retrieved from /home/airflow/.local/lib/python3.7/site-packages/airflow/example_dags/example_short_circuit_operator.py
[2025-07-28T23:00:32.512+0000] {logging_mixin.py:137} INFO - [2025-07-28T23:00:32.512+0000] {dag.py:2690} INFO - Sync 1 DAGs
[2025-07-28T23:00:32.566+0000] {logging_mixin.py:137} INFO - [2025-07-28T23:00:32.566+0000] {dag.py:3441} INFO - Setting next_dagrun for example_short_circuit_operator to 2025-07-27T23:00:32.565477+00:00, run_after=2025-07-28T23:00:32.565477+00:00
[2025-07-28T23:00:32.618+0000] {processor.py:175} INFO - Processing /home/airflow/.local/lib/python3.7/site-packages/airflow/example_dags/example_short_circuit_operator.py took 0.228 seconds
[2025-07-28T23:01:04.070+0000] {processor.py:153} INFO - Started process (PID=2334) to work on /home/airflow/.local/lib/python3.7/site-packages/airflow/example_dags/example_short_circuit_operator.py
[2025-07-28T23:01:04.072+0000] {processor.py:743} INFO - Processing file /home/airflow/.local/lib/python3.7/site-packages/airflow/example_dags/example_short_circuit_operator.py for tasks to queue
[2025-07-28T23:01:04.074+0000] {logging_mixin.py:137} INFO - [2025-07-28T23:01:04.074+0000] {dagbag.py:538} INFO - Filling up the DagBag from /home/airflow/.local/lib/python3.7/site-packages/airflow/example_dags/example_short_circuit_operator.py
[2025-07-28T23:01:04.132+0000] {processor.py:753} INFO - DAG(s) dict_keys(['example_short_circuit_operator']) retrieved from /home/airflow/.local/lib/python3.7/site-packages/airflow/example_dags/example_short_circuit_operator.py
[2025-07-28T23:01:04.218+0000] {logging_mixin.py:137} INFO - [2025-07-28T23:01:04.218+0000] {dag.py:2690} INFO - Sync 1 DAGs
[2025-07-28T23:01:04.294+0000] {logging_mixin.py:137} INFO - [2025-07-28T23:01:04.293+0000] {dag.py:3441} INFO - Setting next_dagrun for example_short_circuit_operator to 2025-07-27T23:01:04.293076+00:00, run_after=2025-07-28T23:01:04.293076+00:00
[2025-07-28T23:01:04.357+0000] {processor.py:175} INFO - Processing /home/airflow/.local/lib/python3.7/site-packages/airflow/example_dags/example_short_circuit_operator.py took 0.295 seconds
[2025-07-28T23:01:34.765+0000] {processor.py:153} INFO - Started process (PID=2422) to work on /home/airflow/.local/lib/python3.7/site-packages/airflow/example_dags/example_short_circuit_operator.py
[2025-07-28T23:01:34.767+0000] {processor.py:743} INFO - Processing file /home/airflow/.local/lib/python3.7/site-packages/airflow/example_dags/example_short_circuit_operator.py for tasks to queue
[2025-07-28T23:01:34.768+0000] {logging_mixin.py:137} INFO - [2025-07-28T23:01:34.768+0000] {dagbag.py:538} INFO - Filling up the DagBag from /home/airflow/.local/lib/python3.7/site-packages/airflow/example_dags/example_short_circuit_operator.py
[2025-07-28T23:01:34.791+0000] {processor.py:753} INFO - DAG(s) dict_keys(['example_short_circuit_operator']) retrieved from /home/airflow/.local/lib/python3.7/site-packages/airflow/example_dags/example_short_circuit_operator.py
[2025-07-28T23:01:34.832+0000] {logging_mixin.py:137} INFO - [2025-07-28T23:01:34.832+0000] {dag.py:2690} INFO - Sync 1 DAGs
[2025-07-28T23:01:34.870+0000] {logging_mixin.py:137} INFO - [2025-07-28T23:01:34.870+0000] {dag.py:3441} INFO - Setting next_dagrun for example_short_circuit_operator to 2025-07-27T23:01:34.869777+00:00, run_after=2025-07-28T23:01:34.869777+00:00
[2025-07-28T23:01:34.904+0000] {processor.py:175} INFO - Processing /home/airflow/.local/lib/python3.7/site-packages/airflow/example_dags/example_short_circuit_operator.py took 0.142 seconds
[2025-07-28T23:02:05.169+0000] {processor.py:153} INFO - Started process (PID=2493) to work on /home/airflow/.local/lib/python3.7/site-packages/airflow/example_dags/example_short_circuit_operator.py
[2025-07-28T23:02:05.171+0000] {processor.py:743} INFO - Processing file /home/airflow/.local/lib/python3.7/site-packages/airflow/example_dags/example_short_circuit_operator.py for tasks to queue
[2025-07-28T23:02:05.172+0000] {logging_mixin.py:137} INFO - [2025-07-28T23:02:05.172+0000] {dagbag.py:538} INFO - Filling up the DagBag from /home/airflow/.local/lib/python3.7/site-packages/airflow/example_dags/example_short_circuit_operator.py
[2025-07-28T23:02:05.197+0000] {processor.py:753} INFO - DAG(s) dict_keys(['example_short_circuit_operator']) retrieved from /home/airflow/.local/lib/python3.7/site-packages/airflow/example_dags/example_short_circuit_operator.py
[2025-07-28T23:02:05.248+0000] {logging_mixin.py:137} INFO - [2025-07-28T23:02:05.248+0000] {dag.py:2690} INFO - Sync 1 DAGs
[2025-07-28T23:02:05.314+0000] {logging_mixin.py:137} INFO - [2025-07-28T23:02:05.314+0000] {dag.py:3441} INFO - Setting next_dagrun for example_short_circuit_operator to 2025-07-27T23:02:05.314155+00:00, run_after=2025-07-28T23:02:05.314155+00:00
[2025-07-28T23:02:05.355+0000] {processor.py:175} INFO - Processing /home/airflow/.local/lib/python3.7/site-packages/airflow/example_dags/example_short_circuit_operator.py took 0.191 seconds
[2025-07-28T23:02:35.507+0000] {processor.py:153} INFO - Started process (PID=2569) to work on /home/airflow/.local/lib/python3.7/site-packages/airflow/example_dags/example_short_circuit_operator.py
[2025-07-28T23:02:35.508+0000] {processor.py:743} INFO - Processing file /home/airflow/.local/lib/python3.7/site-packages/airflow/example_dags/example_short_circuit_operator.py for tasks to queue
[2025-07-28T23:02:35.509+0000] {logging_mixin.py:137} INFO - [2025-07-28T23:02:35.509+0000] {dagbag.py:538} INFO - Filling up the DagBag from /home/airflow/.local/lib/python3.7/site-packages/airflow/example_dags/example_short_circuit_operator.py
[2025-07-28T23:02:35.537+0000] {processor.py:753} INFO - DAG(s) dict_keys(['example_short_circuit_operator']) retrieved from /home/airflow/.local/lib/python3.7/site-packages/airflow/example_dags/example_short_circuit_operator.py
[2025-07-28T23:02:35.557+0000] {logging_mixin.py:137} INFO - [2025-07-28T23:02:35.557+0000] {dag.py:2690} INFO - Sync 1 DAGs
[2025-07-28T23:02:35.598+0000] {logging_mixin.py:137} INFO - [2025-07-28T23:02:35.597+0000] {dag.py:3441} INFO - Setting next_dagrun for example_short_circuit_operator to 2025-07-27T23:02:35.597306+00:00, run_after=2025-07-28T23:02:35.597306+00:00
[2025-07-28T23:02:35.637+0000] {processor.py:175} INFO - Processing /home/airflow/.local/lib/python3.7/site-packages/airflow/example_dags/example_short_circuit_operator.py took 0.137 seconds
[2025-07-28T23:03:06.540+0000] {processor.py:153} INFO - Started process (PID=2650) to work on /home/airflow/.local/lib/python3.7/site-packages/airflow/example_dags/example_short_circuit_operator.py
[2025-07-28T23:03:06.542+0000] {processor.py:743} INFO - Processing file /home/airflow/.local/lib/python3.7/site-packages/airflow/example_dags/example_short_circuit_operator.py for tasks to queue
[2025-07-28T23:03:06.544+0000] {logging_mixin.py:137} INFO - [2025-07-28T23:03:06.544+0000] {dagbag.py:538} INFO - Filling up the DagBag from /home/airflow/.local/lib/python3.7/site-packages/airflow/example_dags/example_short_circuit_operator.py
[2025-07-28T23:03:06.566+0000] {processor.py:753} INFO - DAG(s) dict_keys(['example_short_circuit_operator']) retrieved from /home/airflow/.local/lib/python3.7/site-packages/airflow/example_dags/example_short_circuit_operator.py
[2025-07-28T23:03:06.586+0000] {logging_mixin.py:137} INFO - [2025-07-28T23:03:06.586+0000] {dag.py:2690} INFO - Sync 1 DAGs
[2025-07-28T23:03:06.616+0000] {logging_mixin.py:137} INFO - [2025-07-28T23:03:06.615+0000] {dag.py:3441} INFO - Setting next_dagrun for example_short_circuit_operator to 2025-07-27T23:03:06.615663+00:00, run_after=2025-07-28T23:03:06.615663+00:00
[2025-07-28T23:03:06.644+0000] {processor.py:175} INFO - Processing /home/airflow/.local/lib/python3.7/site-packages/airflow/example_dags/example_short_circuit_operator.py took 0.108 seconds
[2025-07-28T23:03:36.965+0000] {processor.py:153} INFO - Started process (PID=2721) to work on /home/airflow/.local/lib/python3.7/site-packages/airflow/example_dags/example_short_circuit_operator.py
[2025-07-28T23:03:36.966+0000] {processor.py:743} INFO - Processing file /home/airflow/.local/lib/python3.7/site-packages/airflow/example_dags/example_short_circuit_operator.py for tasks to queue
[2025-07-28T23:03:36.967+0000] {logging_mixin.py:137} INFO - [2025-07-28T23:03:36.967+0000] {dagbag.py:538} INFO - Filling up the DagBag from /home/airflow/.local/lib/python3.7/site-packages/airflow/example_dags/example_short_circuit_operator.py
[2025-07-28T23:03:36.985+0000] {processor.py:753} INFO - DAG(s) dict_keys(['example_short_circuit_operator']) retrieved from /home/airflow/.local/lib/python3.7/site-packages/airflow/example_dags/example_short_circuit_operator.py
[2025-07-28T23:03:37.003+0000] {logging_mixin.py:137} INFO - [2025-07-28T23:03:37.003+0000] {dag.py:2690} INFO - Sync 1 DAGs
[2025-07-28T23:03:37.032+0000] {logging_mixin.py:137} INFO - [2025-07-28T23:03:37.032+0000] {dag.py:3441} INFO - Setting next_dagrun for example_short_circuit_operator to 2025-07-27T23:03:37.031953+00:00, run_after=2025-07-28T23:03:37.031953+00:00
[2025-07-28T23:03:37.056+0000] {processor.py:175} INFO - Processing /home/airflow/.local/lib/python3.7/site-packages/airflow/example_dags/example_short_circuit_operator.py took 0.095 seconds
[2025-07-28T23:04:07.838+0000] {processor.py:153} INFO - Started process (PID=2808) to work on /home/airflow/.local/lib/python3.7/site-packages/airflow/example_dags/example_short_circuit_operator.py
[2025-07-28T23:04:07.841+0000] {processor.py:743} INFO - Processing file /home/airflow/.local/lib/python3.7/site-packages/airflow/example_dags/example_short_circuit_operator.py for tasks to queue
[2025-07-28T23:04:07.842+0000] {logging_mixin.py:137} INFO - [2025-07-28T23:04:07.842+0000] {dagbag.py:538} INFO - Filling up the DagBag from /home/airflow/.local/lib/python3.7/site-packages/airflow/example_dags/example_short_circuit_operator.py
[2025-07-28T23:04:07.883+0000] {processor.py:753} INFO - DAG(s) dict_keys(['example_short_circuit_operator']) retrieved from /home/airflow/.local/lib/python3.7/site-packages/airflow/example_dags/example_short_circuit_operator.py
[2025-07-28T23:04:07.943+0000] {logging_mixin.py:137} INFO - [2025-07-28T23:04:07.942+0000] {dag.py:2690} INFO - Sync 1 DAGs
[2025-07-28T23:04:08.021+0000] {logging_mixin.py:137} INFO - [2025-07-28T23:04:08.020+0000] {dag.py:3441} INFO - Setting next_dagrun for example_short_circuit_operator to 2025-07-27T23:04:08.019470+00:00, run_after=2025-07-28T23:04:08.019470+00:00
[2025-07-28T23:04:08.067+0000] {processor.py:175} INFO - Processing /home/airflow/.local/lib/python3.7/site-packages/airflow/example_dags/example_short_circuit_operator.py took 0.238 seconds
[2025-07-28T23:04:38.601+0000] {processor.py:153} INFO - Started process (PID=2878) to work on /home/airflow/.local/lib/python3.7/site-packages/airflow/example_dags/example_short_circuit_operator.py
[2025-07-28T23:04:38.602+0000] {processor.py:743} INFO - Processing file /home/airflow/.local/lib/python3.7/site-packages/airflow/example_dags/example_short_circuit_operator.py for tasks to queue
[2025-07-28T23:04:38.603+0000] {logging_mixin.py:137} INFO - [2025-07-28T23:04:38.603+0000] {dagbag.py:538} INFO - Filling up the DagBag from /home/airflow/.local/lib/python3.7/site-packages/airflow/example_dags/example_short_circuit_operator.py
[2025-07-28T23:04:38.619+0000] {processor.py:753} INFO - DAG(s) dict_keys(['example_short_circuit_operator']) retrieved from /home/airflow/.local/lib/python3.7/site-packages/airflow/example_dags/example_short_circuit_operator.py
[2025-07-28T23:04:38.647+0000] {logging_mixin.py:137} INFO - [2025-07-28T23:04:38.647+0000] {dag.py:2690} INFO - Sync 1 DAGs
[2025-07-28T23:04:38.673+0000] {logging_mixin.py:137} INFO - [2025-07-28T23:04:38.673+0000] {dag.py:3441} INFO - Setting next_dagrun for example_short_circuit_operator to 2025-07-27T23:04:38.673072+00:00, run_after=2025-07-28T23:04:38.673072+00:00
[2025-07-28T23:04:38.695+0000] {processor.py:175} INFO - Processing /home/airflow/.local/lib/python3.7/site-packages/airflow/example_dags/example_short_circuit_operator.py took 0.099 seconds
[2025-07-28T23:05:08.968+0000] {processor.py:153} INFO - Started process (PID=2949) to work on /home/airflow/.local/lib/python3.7/site-packages/airflow/example_dags/example_short_circuit_operator.py
[2025-07-28T23:05:08.970+0000] {processor.py:743} INFO - Processing file /home/airflow/.local/lib/python3.7/site-packages/airflow/example_dags/example_short_circuit_operator.py for tasks to queue
[2025-07-28T23:05:08.972+0000] {logging_mixin.py:137} INFO - [2025-07-28T23:05:08.971+0000] {dagbag.py:538} INFO - Filling up the DagBag from /home/airflow/.local/lib/python3.7/site-packages/airflow/example_dags/example_short_circuit_operator.py
[2025-07-28T23:05:08.996+0000] {processor.py:753} INFO - DAG(s) dict_keys(['example_short_circuit_operator']) retrieved from /home/airflow/.local/lib/python3.7/site-packages/airflow/example_dags/example_short_circuit_operator.py
[2025-07-28T23:05:09.029+0000] {logging_mixin.py:137} INFO - [2025-07-28T23:05:09.029+0000] {dag.py:2690} INFO - Sync 1 DAGs
[2025-07-28T23:05:09.068+0000] {logging_mixin.py:137} INFO - [2025-07-28T23:05:09.068+0000] {dag.py:3441} INFO - Setting next_dagrun for example_short_circuit_operator to 2025-07-27T23:05:09.068094+00:00, run_after=2025-07-28T23:05:09.068094+00:00
[2025-07-28T23:05:09.093+0000] {processor.py:175} INFO - Processing /home/airflow/.local/lib/python3.7/site-packages/airflow/example_dags/example_short_circuit_operator.py took 0.137 seconds
[2025-07-28T23:05:39.953+0000] {processor.py:153} INFO - Started process (PID=3037) to work on /home/airflow/.local/lib/python3.7/site-packages/airflow/example_dags/example_short_circuit_operator.py
[2025-07-28T23:05:39.955+0000] {processor.py:743} INFO - Processing file /home/airflow/.local/lib/python3.7/site-packages/airflow/example_dags/example_short_circuit_operator.py for tasks to queue
[2025-07-28T23:05:39.956+0000] {logging_mixin.py:137} INFO - [2025-07-28T23:05:39.956+0000] {dagbag.py:538} INFO - Filling up the DagBag from /home/airflow/.local/lib/python3.7/site-packages/airflow/example_dags/example_short_circuit_operator.py
[2025-07-28T23:05:39.980+0000] {processor.py:753} INFO - DAG(s) dict_keys(['example_short_circuit_operator']) retrieved from /home/airflow/.local/lib/python3.7/site-packages/airflow/example_dags/example_short_circuit_operator.py
[2025-07-28T23:05:40.020+0000] {logging_mixin.py:137} INFO - [2025-07-28T23:05:40.020+0000] {dag.py:2690} INFO - Sync 1 DAGs
[2025-07-28T23:05:40.065+0000] {logging_mixin.py:137} INFO - [2025-07-28T23:05:40.065+0000] {dag.py:3441} INFO - Setting next_dagrun for example_short_circuit_operator to 2025-07-27T23:05:40.064476+00:00, run_after=2025-07-28T23:05:40.064476+00:00
[2025-07-28T23:05:40.104+0000] {processor.py:175} INFO - Processing /home/airflow/.local/lib/python3.7/site-packages/airflow/example_dags/example_short_circuit_operator.py took 0.158 seconds
[2025-07-28T23:06:10.409+0000] {processor.py:153} INFO - Started process (PID=3109) to work on /home/airflow/.local/lib/python3.7/site-packages/airflow/example_dags/example_short_circuit_operator.py
[2025-07-28T23:06:10.411+0000] {processor.py:743} INFO - Processing file /home/airflow/.local/lib/python3.7/site-packages/airflow/example_dags/example_short_circuit_operator.py for tasks to queue
[2025-07-28T23:06:10.411+0000] {logging_mixin.py:137} INFO - [2025-07-28T23:06:10.411+0000] {dagbag.py:538} INFO - Filling up the DagBag from /home/airflow/.local/lib/python3.7/site-packages/airflow/example_dags/example_short_circuit_operator.py
[2025-07-28T23:06:10.428+0000] {processor.py:753} INFO - DAG(s) dict_keys(['example_short_circuit_operator']) retrieved from /home/airflow/.local/lib/python3.7/site-packages/airflow/example_dags/example_short_circuit_operator.py
[2025-07-28T23:06:10.456+0000] {logging_mixin.py:137} INFO - [2025-07-28T23:06:10.456+0000] {dag.py:2690} INFO - Sync 1 DAGs
[2025-07-28T23:06:10.480+0000] {logging_mixin.py:137} INFO - [2025-07-28T23:06:10.480+0000] {dag.py:3441} INFO - Setting next_dagrun for example_short_circuit_operator to 2025-07-27T23:06:10.480077+00:00, run_after=2025-07-28T23:06:10.480077+00:00
[2025-07-28T23:06:10.503+0000] {processor.py:175} INFO - Processing /home/airflow/.local/lib/python3.7/site-packages/airflow/example_dags/example_short_circuit_operator.py took 0.097 seconds
[2025-07-28T23:06:40.733+0000] {processor.py:153} INFO - Started process (PID=3181) to work on /home/airflow/.local/lib/python3.7/site-packages/airflow/example_dags/example_short_circuit_operator.py
[2025-07-28T23:06:40.735+0000] {processor.py:743} INFO - Processing file /home/airflow/.local/lib/python3.7/site-packages/airflow/example_dags/example_short_circuit_operator.py for tasks to queue
[2025-07-28T23:06:40.736+0000] {logging_mixin.py:137} INFO - [2025-07-28T23:06:40.736+0000] {dagbag.py:538} INFO - Filling up the DagBag from /home/airflow/.local/lib/python3.7/site-packages/airflow/example_dags/example_short_circuit_operator.py
[2025-07-28T23:06:40.776+0000] {processor.py:753} INFO - DAG(s) dict_keys(['example_short_circuit_operator']) retrieved from /home/airflow/.local/lib/python3.7/site-packages/airflow/example_dags/example_short_circuit_operator.py
[2025-07-28T23:06:40.832+0000] {logging_mixin.py:137} INFO - [2025-07-28T23:06:40.831+0000] {dag.py:2690} INFO - Sync 1 DAGs
[2025-07-28T23:06:40.878+0000] {logging_mixin.py:137} INFO - [2025-07-28T23:06:40.878+0000] {dag.py:3441} INFO - Setting next_dagrun for example_short_circuit_operator to 2025-07-27T23:06:40.877811+00:00, run_after=2025-07-28T23:06:40.877811+00:00
[2025-07-28T23:06:40.910+0000] {processor.py:175} INFO - Processing /home/airflow/.local/lib/python3.7/site-packages/airflow/example_dags/example_short_circuit_operator.py took 0.184 seconds
