[2025-07-28T22:45:33.655+0000] {processor.py:153} INFO - Started process (PID=54) to work on /home/airflow/.local/lib/python3.7/site-packages/airflow/example_dags/example_task_group.py
[2025-07-28T22:45:33.657+0000] {processor.py:743} INFO - Processing file /home/airflow/.local/lib/python3.7/site-packages/airflow/example_dags/example_task_group.py for tasks to queue
[2025-07-28T22:45:33.664+0000] {logging_mixin.py:137} INFO - [2025-07-28T22:45:33.664+0000] {dagbag.py:538} INFO - Filling up the DagBag from /home/airflow/.local/lib/python3.7/site-packages/airflow/example_dags/example_task_group.py
[2025-07-28T22:45:33.737+0000] {processor.py:753} INFO - DAG(s) dict_keys(['example_task_group']) retrieved from /home/airflow/.local/lib/python3.7/site-packages/airflow/example_dags/example_task_group.py
[2025-07-28T22:45:34.224+0000] {logging_mixin.py:137} INFO - [2025-07-28T22:45:34.224+0000] {manager.py:504} INFO - Created Permission View: can delete on DAG:example_task_group
[2025-07-28T22:45:34.240+0000] {logging_mixin.py:137} INFO - [2025-07-28T22:45:34.240+0000] {manager.py:504} INFO - Created Permission View: can read on DAG:example_task_group
[2025-07-28T22:45:34.255+0000] {logging_mixin.py:137} INFO - [2025-07-28T22:45:34.255+0000] {manager.py:504} INFO - Created Permission View: can edit on DAG:example_task_group
[2025-07-28T22:45:34.256+0000] {logging_mixin.py:137} INFO - [2025-07-28T22:45:34.256+0000] {dag.py:2690} INFO - Sync 1 DAGs
[2025-07-28T22:45:34.283+0000] {logging_mixin.py:137} INFO - [2025-07-28T22:45:34.283+0000] {dag.py:2711} INFO - Creating ORM DAG for example_task_group
[2025-07-28T22:45:34.306+0000] {logging_mixin.py:137} INFO - [2025-07-28T22:45:34.305+0000] {dag.py:3441} INFO - Setting next_dagrun for example_task_group to 2025-07-27T22:45:34.305409+00:00, run_after=2025-07-28T22:45:34.305409+00:00
[2025-07-28T22:45:34.342+0000] {processor.py:175} INFO - Processing /home/airflow/.local/lib/python3.7/site-packages/airflow/example_dags/example_task_group.py took 0.692 seconds
[2025-07-28T22:46:05.173+0000] {processor.py:153} INFO - Started process (PID=125) to work on /home/airflow/.local/lib/python3.7/site-packages/airflow/example_dags/example_task_group.py
[2025-07-28T22:46:05.178+0000] {processor.py:743} INFO - Processing file /home/airflow/.local/lib/python3.7/site-packages/airflow/example_dags/example_task_group.py for tasks to queue
[2025-07-28T22:46:05.180+0000] {logging_mixin.py:137} INFO - [2025-07-28T22:46:05.179+0000] {dagbag.py:538} INFO - Filling up the DagBag from /home/airflow/.local/lib/python3.7/site-packages/airflow/example_dags/example_task_group.py
[2025-07-28T22:46:05.229+0000] {processor.py:753} INFO - DAG(s) dict_keys(['example_task_group']) retrieved from /home/airflow/.local/lib/python3.7/site-packages/airflow/example_dags/example_task_group.py
[2025-07-28T22:46:05.255+0000] {logging_mixin.py:137} INFO - [2025-07-28T22:46:05.255+0000] {dag.py:2690} INFO - Sync 1 DAGs
[2025-07-28T22:46:05.300+0000] {logging_mixin.py:137} INFO - [2025-07-28T22:46:05.300+0000] {dag.py:3441} INFO - Setting next_dagrun for example_task_group to 2025-07-27T22:46:05.299794+00:00, run_after=2025-07-28T22:46:05.299794+00:00
[2025-07-28T22:46:05.333+0000] {processor.py:175} INFO - Processing /home/airflow/.local/lib/python3.7/site-packages/airflow/example_dags/example_task_group.py took 0.167 seconds
[2025-07-28T22:46:35.595+0000] {processor.py:153} INFO - Started process (PID=195) to work on /home/airflow/.local/lib/python3.7/site-packages/airflow/example_dags/example_task_group.py
[2025-07-28T22:46:35.599+0000] {processor.py:743} INFO - Processing file /home/airflow/.local/lib/python3.7/site-packages/airflow/example_dags/example_task_group.py for tasks to queue
[2025-07-28T22:46:35.606+0000] {logging_mixin.py:137} INFO - [2025-07-28T22:46:35.603+0000] {dagbag.py:538} INFO - Filling up the DagBag from /home/airflow/.local/lib/python3.7/site-packages/airflow/example_dags/example_task_group.py
[2025-07-28T22:46:35.665+0000] {processor.py:753} INFO - DAG(s) dict_keys(['example_task_group']) retrieved from /home/airflow/.local/lib/python3.7/site-packages/airflow/example_dags/example_task_group.py
[2025-07-28T22:46:35.776+0000] {logging_mixin.py:137} INFO - [2025-07-28T22:46:35.775+0000] {dag.py:2690} INFO - Sync 1 DAGs
[2025-07-28T22:46:35.873+0000] {logging_mixin.py:137} INFO - [2025-07-28T22:46:35.872+0000] {dag.py:3441} INFO - Setting next_dagrun for example_task_group to 2025-07-27T22:46:35.872364+00:00, run_after=2025-07-28T22:46:35.872364+00:00
[2025-07-28T22:46:35.940+0000] {processor.py:175} INFO - Processing /home/airflow/.local/lib/python3.7/site-packages/airflow/example_dags/example_task_group.py took 0.357 seconds
[2025-07-28T22:47:06.911+0000] {processor.py:153} INFO - Started process (PID=266) to work on /home/airflow/.local/lib/python3.7/site-packages/airflow/example_dags/example_task_group.py
[2025-07-28T22:47:06.913+0000] {processor.py:743} INFO - Processing file /home/airflow/.local/lib/python3.7/site-packages/airflow/example_dags/example_task_group.py for tasks to queue
[2025-07-28T22:47:06.917+0000] {logging_mixin.py:137} INFO - [2025-07-28T22:47:06.917+0000] {dagbag.py:538} INFO - Filling up the DagBag from /home/airflow/.local/lib/python3.7/site-packages/airflow/example_dags/example_task_group.py
[2025-07-28T22:47:06.958+0000] {processor.py:753} INFO - DAG(s) dict_keys(['example_task_group']) retrieved from /home/airflow/.local/lib/python3.7/site-packages/airflow/example_dags/example_task_group.py
[2025-07-28T22:47:07.027+0000] {logging_mixin.py:137} INFO - [2025-07-28T22:47:07.027+0000] {dag.py:2690} INFO - Sync 1 DAGs
[2025-07-28T22:47:07.089+0000] {logging_mixin.py:137} INFO - [2025-07-28T22:47:07.089+0000] {dag.py:3441} INFO - Setting next_dagrun for example_task_group to 2025-07-27T22:47:07.088744+00:00, run_after=2025-07-28T22:47:07.088744+00:00
[2025-07-28T22:47:07.199+0000] {processor.py:175} INFO - Processing /home/airflow/.local/lib/python3.7/site-packages/airflow/example_dags/example_task_group.py took 0.293 seconds
[2025-07-28T22:47:37.516+0000] {processor.py:153} INFO - Started process (PID=337) to work on /home/airflow/.local/lib/python3.7/site-packages/airflow/example_dags/example_task_group.py
[2025-07-28T22:47:37.518+0000] {processor.py:743} INFO - Processing file /home/airflow/.local/lib/python3.7/site-packages/airflow/example_dags/example_task_group.py for tasks to queue
[2025-07-28T22:47:37.520+0000] {logging_mixin.py:137} INFO - [2025-07-28T22:47:37.519+0000] {dagbag.py:538} INFO - Filling up the DagBag from /home/airflow/.local/lib/python3.7/site-packages/airflow/example_dags/example_task_group.py
[2025-07-28T22:47:37.576+0000] {processor.py:753} INFO - DAG(s) dict_keys(['example_task_group']) retrieved from /home/airflow/.local/lib/python3.7/site-packages/airflow/example_dags/example_task_group.py
[2025-07-28T22:47:37.659+0000] {logging_mixin.py:137} INFO - [2025-07-28T22:47:37.658+0000] {dag.py:2690} INFO - Sync 1 DAGs
[2025-07-28T22:47:37.747+0000] {logging_mixin.py:137} INFO - [2025-07-28T22:47:37.747+0000] {dag.py:3441} INFO - Setting next_dagrun for example_task_group to 2025-07-27T22:47:37.746866+00:00, run_after=2025-07-28T22:47:37.746866+00:00
[2025-07-28T22:47:37.803+0000] {processor.py:175} INFO - Processing /home/airflow/.local/lib/python3.7/site-packages/airflow/example_dags/example_task_group.py took 0.293 seconds
[2025-07-28T22:48:07.954+0000] {processor.py:153} INFO - Started process (PID=408) to work on /home/airflow/.local/lib/python3.7/site-packages/airflow/example_dags/example_task_group.py
[2025-07-28T22:48:07.960+0000] {processor.py:743} INFO - Processing file /home/airflow/.local/lib/python3.7/site-packages/airflow/example_dags/example_task_group.py for tasks to queue
[2025-07-28T22:48:07.961+0000] {logging_mixin.py:137} INFO - [2025-07-28T22:48:07.961+0000] {dagbag.py:538} INFO - Filling up the DagBag from /home/airflow/.local/lib/python3.7/site-packages/airflow/example_dags/example_task_group.py
[2025-07-28T22:48:07.995+0000] {processor.py:753} INFO - DAG(s) dict_keys(['example_task_group']) retrieved from /home/airflow/.local/lib/python3.7/site-packages/airflow/example_dags/example_task_group.py
[2025-07-28T22:48:08.054+0000] {logging_mixin.py:137} INFO - [2025-07-28T22:48:08.053+0000] {dag.py:2690} INFO - Sync 1 DAGs
[2025-07-28T22:48:08.115+0000] {logging_mixin.py:137} INFO - [2025-07-28T22:48:08.115+0000] {dag.py:3441} INFO - Setting next_dagrun for example_task_group to 2025-07-27T22:48:08.114796+00:00, run_after=2025-07-28T22:48:08.114796+00:00
[2025-07-28T22:48:08.152+0000] {processor.py:175} INFO - Processing /home/airflow/.local/lib/python3.7/site-packages/airflow/example_dags/example_task_group.py took 0.204 seconds
[2025-07-28T22:48:38.395+0000] {processor.py:153} INFO - Started process (PID=478) to work on /home/airflow/.local/lib/python3.7/site-packages/airflow/example_dags/example_task_group.py
[2025-07-28T22:48:38.397+0000] {processor.py:743} INFO - Processing file /home/airflow/.local/lib/python3.7/site-packages/airflow/example_dags/example_task_group.py for tasks to queue
[2025-07-28T22:48:38.398+0000] {logging_mixin.py:137} INFO - [2025-07-28T22:48:38.398+0000] {dagbag.py:538} INFO - Filling up the DagBag from /home/airflow/.local/lib/python3.7/site-packages/airflow/example_dags/example_task_group.py
[2025-07-28T22:48:38.429+0000] {processor.py:753} INFO - DAG(s) dict_keys(['example_task_group']) retrieved from /home/airflow/.local/lib/python3.7/site-packages/airflow/example_dags/example_task_group.py
[2025-07-28T22:48:38.476+0000] {logging_mixin.py:137} INFO - [2025-07-28T22:48:38.475+0000] {dag.py:2690} INFO - Sync 1 DAGs
[2025-07-28T22:48:38.519+0000] {logging_mixin.py:137} INFO - [2025-07-28T22:48:38.519+0000] {dag.py:3441} INFO - Setting next_dagrun for example_task_group to 2025-07-27T22:48:38.519281+00:00, run_after=2025-07-28T22:48:38.519281+00:00
[2025-07-28T22:48:38.558+0000] {processor.py:175} INFO - Processing /home/airflow/.local/lib/python3.7/site-packages/airflow/example_dags/example_task_group.py took 0.173 seconds
[2025-07-28T22:49:08.848+0000] {processor.py:153} INFO - Started process (PID=565) to work on /home/airflow/.local/lib/python3.7/site-packages/airflow/example_dags/example_task_group.py
[2025-07-28T22:49:08.851+0000] {processor.py:743} INFO - Processing file /home/airflow/.local/lib/python3.7/site-packages/airflow/example_dags/example_task_group.py for tasks to queue
[2025-07-28T22:49:08.852+0000] {logging_mixin.py:137} INFO - [2025-07-28T22:49:08.852+0000] {dagbag.py:538} INFO - Filling up the DagBag from /home/airflow/.local/lib/python3.7/site-packages/airflow/example_dags/example_task_group.py
[2025-07-28T22:49:08.880+0000] {processor.py:753} INFO - DAG(s) dict_keys(['example_task_group']) retrieved from /home/airflow/.local/lib/python3.7/site-packages/airflow/example_dags/example_task_group.py
[2025-07-28T22:49:08.923+0000] {logging_mixin.py:137} INFO - [2025-07-28T22:49:08.923+0000] {dag.py:2690} INFO - Sync 1 DAGs
[2025-07-28T22:49:08.966+0000] {logging_mixin.py:137} INFO - [2025-07-28T22:49:08.966+0000] {dag.py:3441} INFO - Setting next_dagrun for example_task_group to 2025-07-27T22:49:08.965700+00:00, run_after=2025-07-28T22:49:08.965700+00:00
[2025-07-28T22:49:09.011+0000] {processor.py:175} INFO - Processing /home/airflow/.local/lib/python3.7/site-packages/airflow/example_dags/example_task_group.py took 0.169 seconds
[2025-07-28T22:49:39.167+0000] {processor.py:153} INFO - Started process (PID=636) to work on /home/airflow/.local/lib/python3.7/site-packages/airflow/example_dags/example_task_group.py
[2025-07-28T22:49:39.168+0000] {processor.py:743} INFO - Processing file /home/airflow/.local/lib/python3.7/site-packages/airflow/example_dags/example_task_group.py for tasks to queue
[2025-07-28T22:49:39.169+0000] {logging_mixin.py:137} INFO - [2025-07-28T22:49:39.169+0000] {dagbag.py:538} INFO - Filling up the DagBag from /home/airflow/.local/lib/python3.7/site-packages/airflow/example_dags/example_task_group.py
[2025-07-28T22:49:39.191+0000] {processor.py:753} INFO - DAG(s) dict_keys(['example_task_group']) retrieved from /home/airflow/.local/lib/python3.7/site-packages/airflow/example_dags/example_task_group.py
[2025-07-28T22:49:39.227+0000] {logging_mixin.py:137} INFO - [2025-07-28T22:49:39.226+0000] {dag.py:2690} INFO - Sync 1 DAGs
[2025-07-28T22:49:39.260+0000] {logging_mixin.py:137} INFO - [2025-07-28T22:49:39.260+0000] {dag.py:3441} INFO - Setting next_dagrun for example_task_group to 2025-07-27T22:49:39.260486+00:00, run_after=2025-07-28T22:49:39.260486+00:00
[2025-07-28T22:49:39.291+0000] {processor.py:175} INFO - Processing /home/airflow/.local/lib/python3.7/site-packages/airflow/example_dags/example_task_group.py took 0.130 seconds
[2025-07-28T22:50:09.353+0000] {processor.py:153} INFO - Started process (PID=707) to work on /home/airflow/.local/lib/python3.7/site-packages/airflow/example_dags/example_task_group.py
[2025-07-28T22:50:09.356+0000] {processor.py:743} INFO - Processing file /home/airflow/.local/lib/python3.7/site-packages/airflow/example_dags/example_task_group.py for tasks to queue
[2025-07-28T22:50:09.357+0000] {logging_mixin.py:137} INFO - [2025-07-28T22:50:09.357+0000] {dagbag.py:538} INFO - Filling up the DagBag from /home/airflow/.local/lib/python3.7/site-packages/airflow/example_dags/example_task_group.py
[2025-07-28T22:50:09.376+0000] {processor.py:753} INFO - DAG(s) dict_keys(['example_task_group']) retrieved from /home/airflow/.local/lib/python3.7/site-packages/airflow/example_dags/example_task_group.py
[2025-07-28T22:50:09.410+0000] {logging_mixin.py:137} INFO - [2025-07-28T22:50:09.410+0000] {dag.py:2690} INFO - Sync 1 DAGs
[2025-07-28T22:50:09.438+0000] {logging_mixin.py:137} INFO - [2025-07-28T22:50:09.437+0000] {dag.py:3441} INFO - Setting next_dagrun for example_task_group to 2025-07-27T22:50:09.437657+00:00, run_after=2025-07-28T22:50:09.437657+00:00
[2025-07-28T22:50:09.475+0000] {processor.py:175} INFO - Processing /home/airflow/.local/lib/python3.7/site-packages/airflow/example_dags/example_task_group.py took 0.124 seconds
[2025-07-28T22:50:40.279+0000] {processor.py:153} INFO - Started process (PID=785) to work on /home/airflow/.local/lib/python3.7/site-packages/airflow/example_dags/example_task_group.py
[2025-07-28T22:50:40.280+0000] {processor.py:743} INFO - Processing file /home/airflow/.local/lib/python3.7/site-packages/airflow/example_dags/example_task_group.py for tasks to queue
[2025-07-28T22:50:40.281+0000] {logging_mixin.py:137} INFO - [2025-07-28T22:50:40.281+0000] {dagbag.py:538} INFO - Filling up the DagBag from /home/airflow/.local/lib/python3.7/site-packages/airflow/example_dags/example_task_group.py
[2025-07-28T22:50:40.304+0000] {processor.py:753} INFO - DAG(s) dict_keys(['example_task_group']) retrieved from /home/airflow/.local/lib/python3.7/site-packages/airflow/example_dags/example_task_group.py
[2025-07-28T22:50:40.342+0000] {logging_mixin.py:137} INFO - [2025-07-28T22:50:40.342+0000] {dag.py:2690} INFO - Sync 1 DAGs
[2025-07-28T22:50:40.380+0000] {logging_mixin.py:137} INFO - [2025-07-28T22:50:40.380+0000] {dag.py:3441} INFO - Setting next_dagrun for example_task_group to 2025-07-27T22:50:40.379836+00:00, run_after=2025-07-28T22:50:40.379836+00:00
[2025-07-28T22:50:40.424+0000] {processor.py:175} INFO - Processing /home/airflow/.local/lib/python3.7/site-packages/airflow/example_dags/example_task_group.py took 0.150 seconds
[2025-07-28T22:51:11.045+0000] {processor.py:153} INFO - Started process (PID=865) to work on /home/airflow/.local/lib/python3.7/site-packages/airflow/example_dags/example_task_group.py
[2025-07-28T22:51:11.046+0000] {processor.py:743} INFO - Processing file /home/airflow/.local/lib/python3.7/site-packages/airflow/example_dags/example_task_group.py for tasks to queue
[2025-07-28T22:51:11.047+0000] {logging_mixin.py:137} INFO - [2025-07-28T22:51:11.047+0000] {dagbag.py:538} INFO - Filling up the DagBag from /home/airflow/.local/lib/python3.7/site-packages/airflow/example_dags/example_task_group.py
[2025-07-28T22:51:11.064+0000] {processor.py:753} INFO - DAG(s) dict_keys(['example_task_group']) retrieved from /home/airflow/.local/lib/python3.7/site-packages/airflow/example_dags/example_task_group.py
[2025-07-28T22:51:11.093+0000] {logging_mixin.py:137} INFO - [2025-07-28T22:51:11.093+0000] {dag.py:2690} INFO - Sync 1 DAGs
[2025-07-28T22:51:11.119+0000] {logging_mixin.py:137} INFO - [2025-07-28T22:51:11.119+0000] {dag.py:3441} INFO - Setting next_dagrun for example_task_group to 2025-07-27T22:51:11.119525+00:00, run_after=2025-07-28T22:51:11.119525+00:00
[2025-07-28T22:51:11.145+0000] {processor.py:175} INFO - Processing /home/airflow/.local/lib/python3.7/site-packages/airflow/example_dags/example_task_group.py took 0.103 seconds
[2025-07-28T22:51:41.624+0000] {processor.py:153} INFO - Started process (PID=936) to work on /home/airflow/.local/lib/python3.7/site-packages/airflow/example_dags/example_task_group.py
[2025-07-28T22:51:41.626+0000] {processor.py:743} INFO - Processing file /home/airflow/.local/lib/python3.7/site-packages/airflow/example_dags/example_task_group.py for tasks to queue
[2025-07-28T22:51:41.627+0000] {logging_mixin.py:137} INFO - [2025-07-28T22:51:41.627+0000] {dagbag.py:538} INFO - Filling up the DagBag from /home/airflow/.local/lib/python3.7/site-packages/airflow/example_dags/example_task_group.py
[2025-07-28T22:51:41.647+0000] {processor.py:753} INFO - DAG(s) dict_keys(['example_task_group']) retrieved from /home/airflow/.local/lib/python3.7/site-packages/airflow/example_dags/example_task_group.py
[2025-07-28T22:51:41.679+0000] {logging_mixin.py:137} INFO - [2025-07-28T22:51:41.679+0000] {dag.py:2690} INFO - Sync 1 DAGs
[2025-07-28T22:51:41.714+0000] {logging_mixin.py:137} INFO - [2025-07-28T22:51:41.714+0000] {dag.py:3441} INFO - Setting next_dagrun for example_task_group to 2025-07-27T22:51:41.713871+00:00, run_after=2025-07-28T22:51:41.713871+00:00
[2025-07-28T22:51:41.749+0000] {processor.py:175} INFO - Processing /home/airflow/.local/lib/python3.7/site-packages/airflow/example_dags/example_task_group.py took 0.130 seconds
[2025-07-28T22:52:12.113+0000] {processor.py:153} INFO - Started process (PID=1023) to work on /home/airflow/.local/lib/python3.7/site-packages/airflow/example_dags/example_task_group.py
[2025-07-28T22:52:12.115+0000] {processor.py:743} INFO - Processing file /home/airflow/.local/lib/python3.7/site-packages/airflow/example_dags/example_task_group.py for tasks to queue
[2025-07-28T22:52:12.118+0000] {logging_mixin.py:137} INFO - [2025-07-28T22:52:12.117+0000] {dagbag.py:538} INFO - Filling up the DagBag from /home/airflow/.local/lib/python3.7/site-packages/airflow/example_dags/example_task_group.py
[2025-07-28T22:52:12.148+0000] {processor.py:753} INFO - DAG(s) dict_keys(['example_task_group']) retrieved from /home/airflow/.local/lib/python3.7/site-packages/airflow/example_dags/example_task_group.py
[2025-07-28T22:52:12.183+0000] {logging_mixin.py:137} INFO - [2025-07-28T22:52:12.183+0000] {dag.py:2690} INFO - Sync 1 DAGs
[2025-07-28T22:52:12.212+0000] {logging_mixin.py:137} INFO - [2025-07-28T22:52:12.212+0000] {dag.py:3441} INFO - Setting next_dagrun for example_task_group to 2025-07-27T22:52:12.212240+00:00, run_after=2025-07-28T22:52:12.212240+00:00
[2025-07-28T22:52:12.246+0000] {processor.py:175} INFO - Processing /home/airflow/.local/lib/python3.7/site-packages/airflow/example_dags/example_task_group.py took 0.142 seconds
[2025-07-28T22:52:42.876+0000] {processor.py:153} INFO - Started process (PID=1094) to work on /home/airflow/.local/lib/python3.7/site-packages/airflow/example_dags/example_task_group.py
[2025-07-28T22:52:42.877+0000] {processor.py:743} INFO - Processing file /home/airflow/.local/lib/python3.7/site-packages/airflow/example_dags/example_task_group.py for tasks to queue
[2025-07-28T22:52:42.879+0000] {logging_mixin.py:137} INFO - [2025-07-28T22:52:42.879+0000] {dagbag.py:538} INFO - Filling up the DagBag from /home/airflow/.local/lib/python3.7/site-packages/airflow/example_dags/example_task_group.py
[2025-07-28T22:52:42.911+0000] {processor.py:753} INFO - DAG(s) dict_keys(['example_task_group']) retrieved from /home/airflow/.local/lib/python3.7/site-packages/airflow/example_dags/example_task_group.py
[2025-07-28T22:52:42.958+0000] {logging_mixin.py:137} INFO - [2025-07-28T22:52:42.957+0000] {dag.py:2690} INFO - Sync 1 DAGs
[2025-07-28T22:52:43.008+0000] {logging_mixin.py:137} INFO - [2025-07-28T22:52:43.008+0000] {dag.py:3441} INFO - Setting next_dagrun for example_task_group to 2025-07-27T22:52:43.007717+00:00, run_after=2025-07-28T22:52:43.007717+00:00
[2025-07-28T22:52:43.045+0000] {processor.py:175} INFO - Processing /home/airflow/.local/lib/python3.7/site-packages/airflow/example_dags/example_task_group.py took 0.176 seconds
[2025-07-28T22:53:13.513+0000] {processor.py:153} INFO - Started process (PID=1181) to work on /home/airflow/.local/lib/python3.7/site-packages/airflow/example_dags/example_task_group.py
[2025-07-28T22:53:13.515+0000] {processor.py:743} INFO - Processing file /home/airflow/.local/lib/python3.7/site-packages/airflow/example_dags/example_task_group.py for tasks to queue
[2025-07-28T22:53:13.516+0000] {logging_mixin.py:137} INFO - [2025-07-28T22:53:13.516+0000] {dagbag.py:538} INFO - Filling up the DagBag from /home/airflow/.local/lib/python3.7/site-packages/airflow/example_dags/example_task_group.py
[2025-07-28T22:53:13.544+0000] {processor.py:753} INFO - DAG(s) dict_keys(['example_task_group']) retrieved from /home/airflow/.local/lib/python3.7/site-packages/airflow/example_dags/example_task_group.py
[2025-07-28T22:53:13.587+0000] {logging_mixin.py:137} INFO - [2025-07-28T22:53:13.587+0000] {dag.py:2690} INFO - Sync 1 DAGs
[2025-07-28T22:53:13.631+0000] {logging_mixin.py:137} INFO - [2025-07-28T22:53:13.631+0000] {dag.py:3441} INFO - Setting next_dagrun for example_task_group to 2025-07-27T22:53:13.631062+00:00, run_after=2025-07-28T22:53:13.631062+00:00
[2025-07-28T22:53:13.686+0000] {processor.py:175} INFO - Processing /home/airflow/.local/lib/python3.7/site-packages/airflow/example_dags/example_task_group.py took 0.177 seconds
[2025-07-28T22:53:44.587+0000] {processor.py:153} INFO - Started process (PID=1252) to work on /home/airflow/.local/lib/python3.7/site-packages/airflow/example_dags/example_task_group.py
[2025-07-28T22:53:44.590+0000] {processor.py:743} INFO - Processing file /home/airflow/.local/lib/python3.7/site-packages/airflow/example_dags/example_task_group.py for tasks to queue
[2025-07-28T22:53:44.591+0000] {logging_mixin.py:137} INFO - [2025-07-28T22:53:44.591+0000] {dagbag.py:538} INFO - Filling up the DagBag from /home/airflow/.local/lib/python3.7/site-packages/airflow/example_dags/example_task_group.py
[2025-07-28T22:53:44.612+0000] {processor.py:753} INFO - DAG(s) dict_keys(['example_task_group']) retrieved from /home/airflow/.local/lib/python3.7/site-packages/airflow/example_dags/example_task_group.py
[2025-07-28T22:53:44.651+0000] {logging_mixin.py:137} INFO - [2025-07-28T22:53:44.651+0000] {dag.py:2690} INFO - Sync 1 DAGs
[2025-07-28T22:53:44.690+0000] {logging_mixin.py:137} INFO - [2025-07-28T22:53:44.689+0000] {dag.py:3441} INFO - Setting next_dagrun for example_task_group to 2025-07-27T22:53:44.688871+00:00, run_after=2025-07-28T22:53:44.688871+00:00
[2025-07-28T22:53:44.719+0000] {processor.py:175} INFO - Processing /home/airflow/.local/lib/python3.7/site-packages/airflow/example_dags/example_task_group.py took 0.136 seconds
[2025-07-28T22:54:15.730+0000] {processor.py:153} INFO - Started process (PID=1323) to work on /home/airflow/.local/lib/python3.7/site-packages/airflow/example_dags/example_task_group.py
[2025-07-28T22:54:15.740+0000] {processor.py:743} INFO - Processing file /home/airflow/.local/lib/python3.7/site-packages/airflow/example_dags/example_task_group.py for tasks to queue
[2025-07-28T22:54:15.744+0000] {logging_mixin.py:137} INFO - [2025-07-28T22:54:15.743+0000] {dagbag.py:538} INFO - Filling up the DagBag from /home/airflow/.local/lib/python3.7/site-packages/airflow/example_dags/example_task_group.py
[2025-07-28T22:54:15.849+0000] {processor.py:753} INFO - DAG(s) dict_keys(['example_task_group']) retrieved from /home/airflow/.local/lib/python3.7/site-packages/airflow/example_dags/example_task_group.py
[2025-07-28T22:54:15.977+0000] {logging_mixin.py:137} INFO - [2025-07-28T22:54:15.977+0000] {dag.py:2690} INFO - Sync 1 DAGs
[2025-07-28T22:54:16.113+0000] {logging_mixin.py:137} INFO - [2025-07-28T22:54:16.113+0000] {dag.py:3441} INFO - Setting next_dagrun for example_task_group to 2025-07-27T22:54:16.111556+00:00, run_after=2025-07-28T22:54:16.111556+00:00
[2025-07-28T22:54:16.217+0000] {processor.py:175} INFO - Processing /home/airflow/.local/lib/python3.7/site-packages/airflow/example_dags/example_task_group.py took 0.502 seconds
[2025-07-28T22:54:46.929+0000] {processor.py:153} INFO - Started process (PID=1394) to work on /home/airflow/.local/lib/python3.7/site-packages/airflow/example_dags/example_task_group.py
[2025-07-28T22:54:46.933+0000] {processor.py:743} INFO - Processing file /home/airflow/.local/lib/python3.7/site-packages/airflow/example_dags/example_task_group.py for tasks to queue
[2025-07-28T22:54:46.935+0000] {logging_mixin.py:137} INFO - [2025-07-28T22:54:46.935+0000] {dagbag.py:538} INFO - Filling up the DagBag from /home/airflow/.local/lib/python3.7/site-packages/airflow/example_dags/example_task_group.py
[2025-07-28T22:54:46.985+0000] {processor.py:753} INFO - DAG(s) dict_keys(['example_task_group']) retrieved from /home/airflow/.local/lib/python3.7/site-packages/airflow/example_dags/example_task_group.py
[2025-07-28T22:54:47.050+0000] {logging_mixin.py:137} INFO - [2025-07-28T22:54:47.050+0000] {dag.py:2690} INFO - Sync 1 DAGs
[2025-07-28T22:54:47.140+0000] {logging_mixin.py:137} INFO - [2025-07-28T22:54:47.140+0000] {dag.py:3441} INFO - Setting next_dagrun for example_task_group to 2025-07-27T22:54:47.139426+00:00, run_after=2025-07-28T22:54:47.139426+00:00
[2025-07-28T22:54:47.206+0000] {processor.py:175} INFO - Processing /home/airflow/.local/lib/python3.7/site-packages/airflow/example_dags/example_task_group.py took 0.285 seconds
[2025-07-28T22:55:17.589+0000] {processor.py:153} INFO - Started process (PID=1465) to work on /home/airflow/.local/lib/python3.7/site-packages/airflow/example_dags/example_task_group.py
[2025-07-28T22:55:17.591+0000] {processor.py:743} INFO - Processing file /home/airflow/.local/lib/python3.7/site-packages/airflow/example_dags/example_task_group.py for tasks to queue
[2025-07-28T22:55:17.592+0000] {logging_mixin.py:137} INFO - [2025-07-28T22:55:17.592+0000] {dagbag.py:538} INFO - Filling up the DagBag from /home/airflow/.local/lib/python3.7/site-packages/airflow/example_dags/example_task_group.py
[2025-07-28T22:55:17.612+0000] {processor.py:753} INFO - DAG(s) dict_keys(['example_task_group']) retrieved from /home/airflow/.local/lib/python3.7/site-packages/airflow/example_dags/example_task_group.py
[2025-07-28T22:55:17.648+0000] {logging_mixin.py:137} INFO - [2025-07-28T22:55:17.648+0000] {dag.py:2690} INFO - Sync 1 DAGs
[2025-07-28T22:55:17.682+0000] {logging_mixin.py:137} INFO - [2025-07-28T22:55:17.681+0000] {dag.py:3441} INFO - Setting next_dagrun for example_task_group to 2025-07-27T22:55:17.681592+00:00, run_after=2025-07-28T22:55:17.681592+00:00
[2025-07-28T22:55:17.712+0000] {processor.py:175} INFO - Processing /home/airflow/.local/lib/python3.7/site-packages/airflow/example_dags/example_task_group.py took 0.128 seconds
[2025-07-28T22:55:48.560+0000] {processor.py:153} INFO - Started process (PID=1546) to work on /home/airflow/.local/lib/python3.7/site-packages/airflow/example_dags/example_task_group.py
[2025-07-28T22:55:48.561+0000] {processor.py:743} INFO - Processing file /home/airflow/.local/lib/python3.7/site-packages/airflow/example_dags/example_task_group.py for tasks to queue
[2025-07-28T22:55:48.563+0000] {logging_mixin.py:137} INFO - [2025-07-28T22:55:48.562+0000] {dagbag.py:538} INFO - Filling up the DagBag from /home/airflow/.local/lib/python3.7/site-packages/airflow/example_dags/example_task_group.py
[2025-07-28T22:55:48.590+0000] {processor.py:753} INFO - DAG(s) dict_keys(['example_task_group']) retrieved from /home/airflow/.local/lib/python3.7/site-packages/airflow/example_dags/example_task_group.py
[2025-07-28T22:55:48.635+0000] {logging_mixin.py:137} INFO - [2025-07-28T22:55:48.634+0000] {dag.py:2690} INFO - Sync 1 DAGs
[2025-07-28T22:55:48.671+0000] {logging_mixin.py:137} INFO - [2025-07-28T22:55:48.671+0000] {dag.py:3441} INFO - Setting next_dagrun for example_task_group to 2025-07-27T22:55:48.671186+00:00, run_after=2025-07-28T22:55:48.671186+00:00
[2025-07-28T22:55:48.701+0000] {processor.py:175} INFO - Processing /home/airflow/.local/lib/python3.7/site-packages/airflow/example_dags/example_task_group.py took 0.149 seconds
[2025-07-28T22:56:18.939+0000] {processor.py:153} INFO - Started process (PID=1624) to work on /home/airflow/.local/lib/python3.7/site-packages/airflow/example_dags/example_task_group.py
[2025-07-28T22:56:18.942+0000] {processor.py:743} INFO - Processing file /home/airflow/.local/lib/python3.7/site-packages/airflow/example_dags/example_task_group.py for tasks to queue
[2025-07-28T22:56:18.946+0000] {logging_mixin.py:137} INFO - [2025-07-28T22:56:18.946+0000] {dagbag.py:538} INFO - Filling up the DagBag from /home/airflow/.local/lib/python3.7/site-packages/airflow/example_dags/example_task_group.py
[2025-07-28T22:56:19.014+0000] {processor.py:753} INFO - DAG(s) dict_keys(['example_task_group']) retrieved from /home/airflow/.local/lib/python3.7/site-packages/airflow/example_dags/example_task_group.py
[2025-07-28T22:56:19.179+0000] {logging_mixin.py:137} INFO - [2025-07-28T22:56:19.175+0000] {dag.py:2690} INFO - Sync 1 DAGs
[2025-07-28T22:56:19.343+0000] {logging_mixin.py:137} INFO - [2025-07-28T22:56:19.343+0000] {dag.py:3441} INFO - Setting next_dagrun for example_task_group to 2025-07-27T22:56:19.342766+00:00, run_after=2025-07-28T22:56:19.342766+00:00
[2025-07-28T22:56:19.445+0000] {processor.py:175} INFO - Processing /home/airflow/.local/lib/python3.7/site-packages/airflow/example_dags/example_task_group.py took 0.525 seconds
[2025-07-28T22:56:50.361+0000] {processor.py:153} INFO - Started process (PID=1696) to work on /home/airflow/.local/lib/python3.7/site-packages/airflow/example_dags/example_task_group.py
[2025-07-28T22:56:50.362+0000] {processor.py:743} INFO - Processing file /home/airflow/.local/lib/python3.7/site-packages/airflow/example_dags/example_task_group.py for tasks to queue
[2025-07-28T22:56:50.364+0000] {logging_mixin.py:137} INFO - [2025-07-28T22:56:50.363+0000] {dagbag.py:538} INFO - Filling up the DagBag from /home/airflow/.local/lib/python3.7/site-packages/airflow/example_dags/example_task_group.py
[2025-07-28T22:56:50.384+0000] {processor.py:753} INFO - DAG(s) dict_keys(['example_task_group']) retrieved from /home/airflow/.local/lib/python3.7/site-packages/airflow/example_dags/example_task_group.py
[2025-07-28T22:56:50.423+0000] {logging_mixin.py:137} INFO - [2025-07-28T22:56:50.422+0000] {dag.py:2690} INFO - Sync 1 DAGs
[2025-07-28T22:56:50.458+0000] {logging_mixin.py:137} INFO - [2025-07-28T22:56:50.457+0000] {dag.py:3441} INFO - Setting next_dagrun for example_task_group to 2025-07-27T22:56:50.457133+00:00, run_after=2025-07-28T22:56:50.457133+00:00
[2025-07-28T22:56:50.497+0000] {processor.py:175} INFO - Processing /home/airflow/.local/lib/python3.7/site-packages/airflow/example_dags/example_task_group.py took 0.141 seconds
[2025-07-28T22:57:20.703+0000] {processor.py:153} INFO - Started process (PID=1767) to work on /home/airflow/.local/lib/python3.7/site-packages/airflow/example_dags/example_task_group.py
[2025-07-28T22:57:20.705+0000] {processor.py:743} INFO - Processing file /home/airflow/.local/lib/python3.7/site-packages/airflow/example_dags/example_task_group.py for tasks to queue
[2025-07-28T22:57:20.706+0000] {logging_mixin.py:137} INFO - [2025-07-28T22:57:20.706+0000] {dagbag.py:538} INFO - Filling up the DagBag from /home/airflow/.local/lib/python3.7/site-packages/airflow/example_dags/example_task_group.py
[2025-07-28T22:57:20.727+0000] {processor.py:753} INFO - DAG(s) dict_keys(['example_task_group']) retrieved from /home/airflow/.local/lib/python3.7/site-packages/airflow/example_dags/example_task_group.py
[2025-07-28T22:57:20.761+0000] {logging_mixin.py:137} INFO - [2025-07-28T22:57:20.761+0000] {dag.py:2690} INFO - Sync 1 DAGs
[2025-07-28T22:57:20.793+0000] {logging_mixin.py:137} INFO - [2025-07-28T22:57:20.792+0000] {dag.py:3441} INFO - Setting next_dagrun for example_task_group to 2025-07-27T22:57:20.792608+00:00, run_after=2025-07-28T22:57:20.792608+00:00
[2025-07-28T22:57:20.828+0000] {processor.py:175} INFO - Processing /home/airflow/.local/lib/python3.7/site-packages/airflow/example_dags/example_task_group.py took 0.130 seconds
[2025-07-28T22:57:51.091+0000] {processor.py:153} INFO - Started process (PID=1838) to work on /home/airflow/.local/lib/python3.7/site-packages/airflow/example_dags/example_task_group.py
[2025-07-28T22:57:51.093+0000] {processor.py:743} INFO - Processing file /home/airflow/.local/lib/python3.7/site-packages/airflow/example_dags/example_task_group.py for tasks to queue
[2025-07-28T22:57:51.094+0000] {logging_mixin.py:137} INFO - [2025-07-28T22:57:51.094+0000] {dagbag.py:538} INFO - Filling up the DagBag from /home/airflow/.local/lib/python3.7/site-packages/airflow/example_dags/example_task_group.py
[2025-07-28T22:57:51.130+0000] {processor.py:753} INFO - DAG(s) dict_keys(['example_task_group']) retrieved from /home/airflow/.local/lib/python3.7/site-packages/airflow/example_dags/example_task_group.py
[2025-07-28T22:57:51.186+0000] {logging_mixin.py:137} INFO - [2025-07-28T22:57:51.185+0000] {dag.py:2690} INFO - Sync 1 DAGs
[2025-07-28T22:57:51.233+0000] {logging_mixin.py:137} INFO - [2025-07-28T22:57:51.233+0000] {dag.py:3441} INFO - Setting next_dagrun for example_task_group to 2025-07-27T22:57:51.233125+00:00, run_after=2025-07-28T22:57:51.233125+00:00
[2025-07-28T22:57:51.273+0000] {processor.py:175} INFO - Processing /home/airflow/.local/lib/python3.7/site-packages/airflow/example_dags/example_task_group.py took 0.188 seconds
[2025-07-28T22:58:22.039+0000] {processor.py:153} INFO - Started process (PID=1925) to work on /home/airflow/.local/lib/python3.7/site-packages/airflow/example_dags/example_task_group.py
[2025-07-28T22:58:22.040+0000] {processor.py:743} INFO - Processing file /home/airflow/.local/lib/python3.7/site-packages/airflow/example_dags/example_task_group.py for tasks to queue
[2025-07-28T22:58:22.041+0000] {logging_mixin.py:137} INFO - [2025-07-28T22:58:22.041+0000] {dagbag.py:538} INFO - Filling up the DagBag from /home/airflow/.local/lib/python3.7/site-packages/airflow/example_dags/example_task_group.py
[2025-07-28T22:58:22.072+0000] {processor.py:753} INFO - DAG(s) dict_keys(['example_task_group']) retrieved from /home/airflow/.local/lib/python3.7/site-packages/airflow/example_dags/example_task_group.py
[2025-07-28T22:58:22.134+0000] {logging_mixin.py:137} INFO - [2025-07-28T22:58:22.133+0000] {dag.py:2690} INFO - Sync 1 DAGs
[2025-07-28T22:58:22.175+0000] {logging_mixin.py:137} INFO - [2025-07-28T22:58:22.175+0000] {dag.py:3441} INFO - Setting next_dagrun for example_task_group to 2025-07-27T22:58:22.175225+00:00, run_after=2025-07-28T22:58:22.175225+00:00
[2025-07-28T22:58:22.218+0000] {processor.py:175} INFO - Processing /home/airflow/.local/lib/python3.7/site-packages/airflow/example_dags/example_task_group.py took 0.184 seconds
[2025-07-28T22:58:52.545+0000] {processor.py:153} INFO - Started process (PID=1996) to work on /home/airflow/.local/lib/python3.7/site-packages/airflow/example_dags/example_task_group.py
[2025-07-28T22:58:52.547+0000] {processor.py:743} INFO - Processing file /home/airflow/.local/lib/python3.7/site-packages/airflow/example_dags/example_task_group.py for tasks to queue
[2025-07-28T22:58:52.548+0000] {logging_mixin.py:137} INFO - [2025-07-28T22:58:52.548+0000] {dagbag.py:538} INFO - Filling up the DagBag from /home/airflow/.local/lib/python3.7/site-packages/airflow/example_dags/example_task_group.py
[2025-07-28T22:58:52.572+0000] {processor.py:753} INFO - DAG(s) dict_keys(['example_task_group']) retrieved from /home/airflow/.local/lib/python3.7/site-packages/airflow/example_dags/example_task_group.py
[2025-07-28T22:58:52.610+0000] {logging_mixin.py:137} INFO - [2025-07-28T22:58:52.610+0000] {dag.py:2690} INFO - Sync 1 DAGs
[2025-07-28T22:58:52.655+0000] {logging_mixin.py:137} INFO - [2025-07-28T22:58:52.655+0000] {dag.py:3441} INFO - Setting next_dagrun for example_task_group to 2025-07-27T22:58:52.655036+00:00, run_after=2025-07-28T22:58:52.655036+00:00
[2025-07-28T22:58:52.698+0000] {processor.py:175} INFO - Processing /home/airflow/.local/lib/python3.7/site-packages/airflow/example_dags/example_task_group.py took 0.160 seconds
[2025-07-28T22:59:22.905+0000] {processor.py:153} INFO - Started process (PID=2067) to work on /home/airflow/.local/lib/python3.7/site-packages/airflow/example_dags/example_task_group.py
[2025-07-28T22:59:22.907+0000] {processor.py:743} INFO - Processing file /home/airflow/.local/lib/python3.7/site-packages/airflow/example_dags/example_task_group.py for tasks to queue
[2025-07-28T22:59:22.908+0000] {logging_mixin.py:137} INFO - [2025-07-28T22:59:22.908+0000] {dagbag.py:538} INFO - Filling up the DagBag from /home/airflow/.local/lib/python3.7/site-packages/airflow/example_dags/example_task_group.py
[2025-07-28T22:59:22.937+0000] {processor.py:753} INFO - DAG(s) dict_keys(['example_task_group']) retrieved from /home/airflow/.local/lib/python3.7/site-packages/airflow/example_dags/example_task_group.py
[2025-07-28T22:59:22.975+0000] {logging_mixin.py:137} INFO - [2025-07-28T22:59:22.975+0000] {dag.py:2690} INFO - Sync 1 DAGs
[2025-07-28T22:59:23.004+0000] {logging_mixin.py:137} INFO - [2025-07-28T22:59:23.004+0000] {dag.py:3441} INFO - Setting next_dagrun for example_task_group to 2025-07-27T22:59:23.003941+00:00, run_after=2025-07-28T22:59:23.003941+00:00
[2025-07-28T22:59:23.030+0000] {processor.py:175} INFO - Processing /home/airflow/.local/lib/python3.7/site-packages/airflow/example_dags/example_task_group.py took 0.130 seconds
[2025-07-28T22:59:53.281+0000] {processor.py:153} INFO - Started process (PID=2155) to work on /home/airflow/.local/lib/python3.7/site-packages/airflow/example_dags/example_task_group.py
[2025-07-28T22:59:53.283+0000] {processor.py:743} INFO - Processing file /home/airflow/.local/lib/python3.7/site-packages/airflow/example_dags/example_task_group.py for tasks to queue
[2025-07-28T22:59:53.284+0000] {logging_mixin.py:137} INFO - [2025-07-28T22:59:53.284+0000] {dagbag.py:538} INFO - Filling up the DagBag from /home/airflow/.local/lib/python3.7/site-packages/airflow/example_dags/example_task_group.py
[2025-07-28T22:59:53.304+0000] {processor.py:753} INFO - DAG(s) dict_keys(['example_task_group']) retrieved from /home/airflow/.local/lib/python3.7/site-packages/airflow/example_dags/example_task_group.py
[2025-07-28T22:59:53.334+0000] {logging_mixin.py:137} INFO - [2025-07-28T22:59:53.333+0000] {dag.py:2690} INFO - Sync 1 DAGs
[2025-07-28T22:59:53.360+0000] {logging_mixin.py:137} INFO - [2025-07-28T22:59:53.360+0000] {dag.py:3441} INFO - Setting next_dagrun for example_task_group to 2025-07-27T22:59:53.359977+00:00, run_after=2025-07-28T22:59:53.359977+00:00
[2025-07-28T22:59:53.386+0000] {processor.py:175} INFO - Processing /home/airflow/.local/lib/python3.7/site-packages/airflow/example_dags/example_task_group.py took 0.108 seconds
[2025-07-28T23:00:24.425+0000] {processor.py:153} INFO - Started process (PID=2226) to work on /home/airflow/.local/lib/python3.7/site-packages/airflow/example_dags/example_task_group.py
[2025-07-28T23:00:24.426+0000] {processor.py:743} INFO - Processing file /home/airflow/.local/lib/python3.7/site-packages/airflow/example_dags/example_task_group.py for tasks to queue
[2025-07-28T23:00:24.427+0000] {logging_mixin.py:137} INFO - [2025-07-28T23:00:24.427+0000] {dagbag.py:538} INFO - Filling up the DagBag from /home/airflow/.local/lib/python3.7/site-packages/airflow/example_dags/example_task_group.py
[2025-07-28T23:00:24.443+0000] {processor.py:753} INFO - DAG(s) dict_keys(['example_task_group']) retrieved from /home/airflow/.local/lib/python3.7/site-packages/airflow/example_dags/example_task_group.py
[2025-07-28T23:00:24.471+0000] {logging_mixin.py:137} INFO - [2025-07-28T23:00:24.471+0000] {dag.py:2690} INFO - Sync 1 DAGs
[2025-07-28T23:00:24.499+0000] {logging_mixin.py:137} INFO - [2025-07-28T23:00:24.498+0000] {dag.py:3441} INFO - Setting next_dagrun for example_task_group to 2025-07-27T23:00:24.498504+00:00, run_after=2025-07-28T23:00:24.498504+00:00
[2025-07-28T23:00:24.533+0000] {processor.py:175} INFO - Processing /home/airflow/.local/lib/python3.7/site-packages/airflow/example_dags/example_task_group.py took 0.112 seconds
[2025-07-28T23:00:54.884+0000] {processor.py:153} INFO - Started process (PID=2313) to work on /home/airflow/.local/lib/python3.7/site-packages/airflow/example_dags/example_task_group.py
[2025-07-28T23:00:54.885+0000] {processor.py:743} INFO - Processing file /home/airflow/.local/lib/python3.7/site-packages/airflow/example_dags/example_task_group.py for tasks to queue
[2025-07-28T23:00:54.886+0000] {logging_mixin.py:137} INFO - [2025-07-28T23:00:54.886+0000] {dagbag.py:538} INFO - Filling up the DagBag from /home/airflow/.local/lib/python3.7/site-packages/airflow/example_dags/example_task_group.py
[2025-07-28T23:00:54.913+0000] {processor.py:753} INFO - DAG(s) dict_keys(['example_task_group']) retrieved from /home/airflow/.local/lib/python3.7/site-packages/airflow/example_dags/example_task_group.py
[2025-07-28T23:00:54.957+0000] {logging_mixin.py:137} INFO - [2025-07-28T23:00:54.957+0000] {dag.py:2690} INFO - Sync 1 DAGs
[2025-07-28T23:00:54.995+0000] {logging_mixin.py:137} INFO - [2025-07-28T23:00:54.995+0000] {dag.py:3441} INFO - Setting next_dagrun for example_task_group to 2025-07-27T23:00:54.994887+00:00, run_after=2025-07-28T23:00:54.994887+00:00
[2025-07-28T23:00:55.033+0000] {processor.py:175} INFO - Processing /home/airflow/.local/lib/python3.7/site-packages/airflow/example_dags/example_task_group.py took 0.154 seconds
[2025-07-28T23:01:25.329+0000] {processor.py:153} INFO - Started process (PID=2385) to work on /home/airflow/.local/lib/python3.7/site-packages/airflow/example_dags/example_task_group.py
[2025-07-28T23:01:25.331+0000] {processor.py:743} INFO - Processing file /home/airflow/.local/lib/python3.7/site-packages/airflow/example_dags/example_task_group.py for tasks to queue
[2025-07-28T23:01:25.332+0000] {logging_mixin.py:137} INFO - [2025-07-28T23:01:25.331+0000] {dagbag.py:538} INFO - Filling up the DagBag from /home/airflow/.local/lib/python3.7/site-packages/airflow/example_dags/example_task_group.py
[2025-07-28T23:01:25.354+0000] {processor.py:753} INFO - DAG(s) dict_keys(['example_task_group']) retrieved from /home/airflow/.local/lib/python3.7/site-packages/airflow/example_dags/example_task_group.py
[2025-07-28T23:01:25.393+0000] {logging_mixin.py:137} INFO - [2025-07-28T23:01:25.393+0000] {dag.py:2690} INFO - Sync 1 DAGs
[2025-07-28T23:01:25.425+0000] {logging_mixin.py:137} INFO - [2025-07-28T23:01:25.424+0000] {dag.py:3441} INFO - Setting next_dagrun for example_task_group to 2025-07-27T23:01:25.424525+00:00, run_after=2025-07-28T23:01:25.424525+00:00
[2025-07-28T23:01:25.450+0000] {processor.py:175} INFO - Processing /home/airflow/.local/lib/python3.7/site-packages/airflow/example_dags/example_task_group.py took 0.126 seconds
[2025-07-28T23:01:55.649+0000] {processor.py:153} INFO - Started process (PID=2456) to work on /home/airflow/.local/lib/python3.7/site-packages/airflow/example_dags/example_task_group.py
[2025-07-28T23:01:55.651+0000] {processor.py:743} INFO - Processing file /home/airflow/.local/lib/python3.7/site-packages/airflow/example_dags/example_task_group.py for tasks to queue
[2025-07-28T23:01:55.653+0000] {logging_mixin.py:137} INFO - [2025-07-28T23:01:55.652+0000] {dagbag.py:538} INFO - Filling up the DagBag from /home/airflow/.local/lib/python3.7/site-packages/airflow/example_dags/example_task_group.py
[2025-07-28T23:01:55.689+0000] {processor.py:753} INFO - DAG(s) dict_keys(['example_task_group']) retrieved from /home/airflow/.local/lib/python3.7/site-packages/airflow/example_dags/example_task_group.py
[2025-07-28T23:01:55.747+0000] {logging_mixin.py:137} INFO - [2025-07-28T23:01:55.747+0000] {dag.py:2690} INFO - Sync 1 DAGs
[2025-07-28T23:01:55.799+0000] {logging_mixin.py:137} INFO - [2025-07-28T23:01:55.799+0000] {dag.py:3441} INFO - Setting next_dagrun for example_task_group to 2025-07-27T23:01:55.798545+00:00, run_after=2025-07-28T23:01:55.798545+00:00
[2025-07-28T23:01:55.839+0000] {processor.py:175} INFO - Processing /home/airflow/.local/lib/python3.7/site-packages/airflow/example_dags/example_task_group.py took 0.196 seconds
[2025-07-28T23:02:26.733+0000] {processor.py:153} INFO - Started process (PID=2543) to work on /home/airflow/.local/lib/python3.7/site-packages/airflow/example_dags/example_task_group.py
[2025-07-28T23:02:26.736+0000] {processor.py:743} INFO - Processing file /home/airflow/.local/lib/python3.7/site-packages/airflow/example_dags/example_task_group.py for tasks to queue
[2025-07-28T23:02:26.738+0000] {logging_mixin.py:137} INFO - [2025-07-28T23:02:26.738+0000] {dagbag.py:538} INFO - Filling up the DagBag from /home/airflow/.local/lib/python3.7/site-packages/airflow/example_dags/example_task_group.py
[2025-07-28T23:02:26.761+0000] {processor.py:753} INFO - DAG(s) dict_keys(['example_task_group']) retrieved from /home/airflow/.local/lib/python3.7/site-packages/airflow/example_dags/example_task_group.py
[2025-07-28T23:02:26.780+0000] {logging_mixin.py:137} INFO - [2025-07-28T23:02:26.780+0000] {dag.py:2690} INFO - Sync 1 DAGs
[2025-07-28T23:02:26.813+0000] {logging_mixin.py:137} INFO - [2025-07-28T23:02:26.813+0000] {dag.py:3441} INFO - Setting next_dagrun for example_task_group to 2025-07-27T23:02:26.812811+00:00, run_after=2025-07-28T23:02:26.812811+00:00
[2025-07-28T23:02:26.844+0000] {processor.py:175} INFO - Processing /home/airflow/.local/lib/python3.7/site-packages/airflow/example_dags/example_task_group.py took 0.115 seconds
[2025-07-28T23:02:57.365+0000] {processor.py:153} INFO - Started process (PID=2613) to work on /home/airflow/.local/lib/python3.7/site-packages/airflow/example_dags/example_task_group.py
[2025-07-28T23:02:57.366+0000] {processor.py:743} INFO - Processing file /home/airflow/.local/lib/python3.7/site-packages/airflow/example_dags/example_task_group.py for tasks to queue
[2025-07-28T23:02:57.368+0000] {logging_mixin.py:137} INFO - [2025-07-28T23:02:57.368+0000] {dagbag.py:538} INFO - Filling up the DagBag from /home/airflow/.local/lib/python3.7/site-packages/airflow/example_dags/example_task_group.py
[2025-07-28T23:02:57.411+0000] {processor.py:753} INFO - DAG(s) dict_keys(['example_task_group']) retrieved from /home/airflow/.local/lib/python3.7/site-packages/airflow/example_dags/example_task_group.py
[2025-07-28T23:02:57.441+0000] {logging_mixin.py:137} INFO - [2025-07-28T23:02:57.440+0000] {dag.py:2690} INFO - Sync 1 DAGs
[2025-07-28T23:02:57.515+0000] {logging_mixin.py:137} INFO - [2025-07-28T23:02:57.515+0000] {dag.py:3441} INFO - Setting next_dagrun for example_task_group to 2025-07-27T23:02:57.514596+00:00, run_after=2025-07-28T23:02:57.514596+00:00
[2025-07-28T23:02:57.569+0000] {processor.py:175} INFO - Processing /home/airflow/.local/lib/python3.7/site-packages/airflow/example_dags/example_task_group.py took 0.212 seconds
[2025-07-28T23:03:27.952+0000] {processor.py:153} INFO - Started process (PID=2691) to work on /home/airflow/.local/lib/python3.7/site-packages/airflow/example_dags/example_task_group.py
[2025-07-28T23:03:27.954+0000] {processor.py:743} INFO - Processing file /home/airflow/.local/lib/python3.7/site-packages/airflow/example_dags/example_task_group.py for tasks to queue
[2025-07-28T23:03:27.956+0000] {logging_mixin.py:137} INFO - [2025-07-28T23:03:27.955+0000] {dagbag.py:538} INFO - Filling up the DagBag from /home/airflow/.local/lib/python3.7/site-packages/airflow/example_dags/example_task_group.py
[2025-07-28T23:03:27.990+0000] {processor.py:753} INFO - DAG(s) dict_keys(['example_task_group']) retrieved from /home/airflow/.local/lib/python3.7/site-packages/airflow/example_dags/example_task_group.py
[2025-07-28T23:03:28.037+0000] {logging_mixin.py:137} INFO - [2025-07-28T23:03:28.036+0000] {dag.py:2690} INFO - Sync 1 DAGs
[2025-07-28T23:03:28.236+0000] {logging_mixin.py:137} INFO - [2025-07-28T23:03:28.236+0000] {dag.py:3441} INFO - Setting next_dagrun for example_task_group to 2025-07-27T23:03:28.235236+00:00, run_after=2025-07-28T23:03:28.235236+00:00
[2025-07-28T23:03:28.279+0000] {processor.py:175} INFO - Processing /home/airflow/.local/lib/python3.7/site-packages/airflow/example_dags/example_task_group.py took 0.332 seconds
[2025-07-28T23:03:59.007+0000] {processor.py:153} INFO - Started process (PID=2771) to work on /home/airflow/.local/lib/python3.7/site-packages/airflow/example_dags/example_task_group.py
[2025-07-28T23:03:59.010+0000] {processor.py:743} INFO - Processing file /home/airflow/.local/lib/python3.7/site-packages/airflow/example_dags/example_task_group.py for tasks to queue
[2025-07-28T23:03:59.011+0000] {logging_mixin.py:137} INFO - [2025-07-28T23:03:59.011+0000] {dagbag.py:538} INFO - Filling up the DagBag from /home/airflow/.local/lib/python3.7/site-packages/airflow/example_dags/example_task_group.py
[2025-07-28T23:03:59.062+0000] {processor.py:753} INFO - DAG(s) dict_keys(['example_task_group']) retrieved from /home/airflow/.local/lib/python3.7/site-packages/airflow/example_dags/example_task_group.py
[2025-07-28T23:03:59.116+0000] {logging_mixin.py:137} INFO - [2025-07-28T23:03:59.116+0000] {dag.py:2690} INFO - Sync 1 DAGs
[2025-07-28T23:03:59.172+0000] {logging_mixin.py:137} INFO - [2025-07-28T23:03:59.172+0000] {dag.py:3441} INFO - Setting next_dagrun for example_task_group to 2025-07-27T23:03:59.170558+00:00, run_after=2025-07-28T23:03:59.170558+00:00
[2025-07-28T23:03:59.213+0000] {processor.py:175} INFO - Processing /home/airflow/.local/lib/python3.7/site-packages/airflow/example_dags/example_task_group.py took 0.214 seconds
[2025-07-28T23:04:29.354+0000] {processor.py:153} INFO - Started process (PID=2842) to work on /home/airflow/.local/lib/python3.7/site-packages/airflow/example_dags/example_task_group.py
[2025-07-28T23:04:29.356+0000] {processor.py:743} INFO - Processing file /home/airflow/.local/lib/python3.7/site-packages/airflow/example_dags/example_task_group.py for tasks to queue
[2025-07-28T23:04:29.356+0000] {logging_mixin.py:137} INFO - [2025-07-28T23:04:29.356+0000] {dagbag.py:538} INFO - Filling up the DagBag from /home/airflow/.local/lib/python3.7/site-packages/airflow/example_dags/example_task_group.py
[2025-07-28T23:04:29.374+0000] {processor.py:753} INFO - DAG(s) dict_keys(['example_task_group']) retrieved from /home/airflow/.local/lib/python3.7/site-packages/airflow/example_dags/example_task_group.py
[2025-07-28T23:04:29.405+0000] {logging_mixin.py:137} INFO - [2025-07-28T23:04:29.405+0000] {dag.py:2690} INFO - Sync 1 DAGs
[2025-07-28T23:04:29.432+0000] {logging_mixin.py:137} INFO - [2025-07-28T23:04:29.432+0000] {dag.py:3441} INFO - Setting next_dagrun for example_task_group to 2025-07-27T23:04:29.431734+00:00, run_after=2025-07-28T23:04:29.431734+00:00
[2025-07-28T23:04:29.457+0000] {processor.py:175} INFO - Processing /home/airflow/.local/lib/python3.7/site-packages/airflow/example_dags/example_task_group.py took 0.107 seconds
[2025-07-28T23:04:59.646+0000] {processor.py:153} INFO - Started process (PID=2919) to work on /home/airflow/.local/lib/python3.7/site-packages/airflow/example_dags/example_task_group.py
[2025-07-28T23:04:59.648+0000] {processor.py:743} INFO - Processing file /home/airflow/.local/lib/python3.7/site-packages/airflow/example_dags/example_task_group.py for tasks to queue
[2025-07-28T23:04:59.649+0000] {logging_mixin.py:137} INFO - [2025-07-28T23:04:59.649+0000] {dagbag.py:538} INFO - Filling up the DagBag from /home/airflow/.local/lib/python3.7/site-packages/airflow/example_dags/example_task_group.py
[2025-07-28T23:04:59.682+0000] {processor.py:753} INFO - DAG(s) dict_keys(['example_task_group']) retrieved from /home/airflow/.local/lib/python3.7/site-packages/airflow/example_dags/example_task_group.py
[2025-07-28T23:04:59.729+0000] {logging_mixin.py:137} INFO - [2025-07-28T23:04:59.728+0000] {dag.py:2690} INFO - Sync 1 DAGs
[2025-07-28T23:04:59.773+0000] {logging_mixin.py:137} INFO - [2025-07-28T23:04:59.772+0000] {dag.py:3441} INFO - Setting next_dagrun for example_task_group to 2025-07-27T23:04:59.771955+00:00, run_after=2025-07-28T23:04:59.771955+00:00
[2025-07-28T23:04:59.804+0000] {processor.py:175} INFO - Processing /home/airflow/.local/lib/python3.7/site-packages/airflow/example_dags/example_task_group.py took 0.163 seconds
[2025-07-28T23:05:30.054+0000] {processor.py:153} INFO - Started process (PID=2999) to work on /home/airflow/.local/lib/python3.7/site-packages/airflow/example_dags/example_task_group.py
[2025-07-28T23:05:30.055+0000] {processor.py:743} INFO - Processing file /home/airflow/.local/lib/python3.7/site-packages/airflow/example_dags/example_task_group.py for tasks to queue
[2025-07-28T23:05:30.056+0000] {logging_mixin.py:137} INFO - [2025-07-28T23:05:30.056+0000] {dagbag.py:538} INFO - Filling up the DagBag from /home/airflow/.local/lib/python3.7/site-packages/airflow/example_dags/example_task_group.py
[2025-07-28T23:05:30.076+0000] {processor.py:753} INFO - DAG(s) dict_keys(['example_task_group']) retrieved from /home/airflow/.local/lib/python3.7/site-packages/airflow/example_dags/example_task_group.py
[2025-07-28T23:05:30.104+0000] {logging_mixin.py:137} INFO - [2025-07-28T23:05:30.104+0000] {dag.py:2690} INFO - Sync 1 DAGs
[2025-07-28T23:05:30.129+0000] {logging_mixin.py:137} INFO - [2025-07-28T23:05:30.129+0000] {dag.py:3441} INFO - Setting next_dagrun for example_task_group to 2025-07-27T23:05:30.128849+00:00, run_after=2025-07-28T23:05:30.128849+00:00
[2025-07-28T23:05:30.162+0000] {processor.py:175} INFO - Processing /home/airflow/.local/lib/python3.7/site-packages/airflow/example_dags/example_task_group.py took 0.111 seconds
[2025-07-28T23:06:00.917+0000] {processor.py:153} INFO - Started process (PID=3071) to work on /home/airflow/.local/lib/python3.7/site-packages/airflow/example_dags/example_task_group.py
[2025-07-28T23:06:00.918+0000] {processor.py:743} INFO - Processing file /home/airflow/.local/lib/python3.7/site-packages/airflow/example_dags/example_task_group.py for tasks to queue
[2025-07-28T23:06:00.919+0000] {logging_mixin.py:137} INFO - [2025-07-28T23:06:00.919+0000] {dagbag.py:538} INFO - Filling up the DagBag from /home/airflow/.local/lib/python3.7/site-packages/airflow/example_dags/example_task_group.py
[2025-07-28T23:06:00.935+0000] {processor.py:753} INFO - DAG(s) dict_keys(['example_task_group']) retrieved from /home/airflow/.local/lib/python3.7/site-packages/airflow/example_dags/example_task_group.py
[2025-07-28T23:06:00.963+0000] {logging_mixin.py:137} INFO - [2025-07-28T23:06:00.962+0000] {dag.py:2690} INFO - Sync 1 DAGs
[2025-07-28T23:06:00.987+0000] {logging_mixin.py:137} INFO - [2025-07-28T23:06:00.987+0000] {dag.py:3441} INFO - Setting next_dagrun for example_task_group to 2025-07-27T23:06:00.987399+00:00, run_after=2025-07-28T23:06:00.987399+00:00
[2025-07-28T23:06:01.011+0000] {processor.py:175} INFO - Processing /home/airflow/.local/lib/python3.7/site-packages/airflow/example_dags/example_task_group.py took 0.097 seconds
[2025-07-28T23:06:31.071+0000] {processor.py:153} INFO - Started process (PID=3159) to work on /home/airflow/.local/lib/python3.7/site-packages/airflow/example_dags/example_task_group.py
[2025-07-28T23:06:31.074+0000] {processor.py:743} INFO - Processing file /home/airflow/.local/lib/python3.7/site-packages/airflow/example_dags/example_task_group.py for tasks to queue
[2025-07-28T23:06:31.075+0000] {logging_mixin.py:137} INFO - [2025-07-28T23:06:31.075+0000] {dagbag.py:538} INFO - Filling up the DagBag from /home/airflow/.local/lib/python3.7/site-packages/airflow/example_dags/example_task_group.py
[2025-07-28T23:06:31.098+0000] {processor.py:753} INFO - DAG(s) dict_keys(['example_task_group']) retrieved from /home/airflow/.local/lib/python3.7/site-packages/airflow/example_dags/example_task_group.py
[2025-07-28T23:06:31.144+0000] {logging_mixin.py:137} INFO - [2025-07-28T23:06:31.143+0000] {dag.py:2690} INFO - Sync 1 DAGs
[2025-07-28T23:06:31.179+0000] {logging_mixin.py:137} INFO - [2025-07-28T23:06:31.178+0000] {dag.py:3441} INFO - Setting next_dagrun for example_task_group to 2025-07-27T23:06:31.178491+00:00, run_after=2025-07-28T23:06:31.178491+00:00
[2025-07-28T23:06:31.209+0000] {processor.py:175} INFO - Processing /home/airflow/.local/lib/python3.7/site-packages/airflow/example_dags/example_task_group.py took 0.145 seconds
