[2025-07-28T22:45:41.711+0000] {processor.py:153} INFO - Started process (PID=84) to work on /home/airflow/.local/lib/python3.7/site-packages/airflow/example_dags/example_latest_only_with_trigger.py
[2025-07-28T22:45:41.713+0000] {processor.py:743} INFO - Processing file /home/airflow/.local/lib/python3.7/site-packages/airflow/example_dags/example_latest_only_with_trigger.py for tasks to queue
[2025-07-28T22:45:41.718+0000] {logging_mixin.py:137} INFO - [2025-07-28T22:45:41.716+0000] {dagbag.py:538} INFO - Filling up the DagBag from /home/airflow/.local/lib/python3.7/site-packages/airflow/example_dags/example_latest_only_with_trigger.py
[2025-07-28T22:45:41.771+0000] {processor.py:753} INFO - DAG(s) dict_keys(['latest_only_with_trigger']) retrieved from /home/airflow/.local/lib/python3.7/site-packages/airflow/example_dags/example_latest_only_with_trigger.py
[2025-07-28T22:45:42.113+0000] {logging_mixin.py:137} INFO - [2025-07-28T22:45:42.113+0000] {manager.py:504} INFO - Created Permission View: can delete on DAG:latest_only_with_trigger
[2025-07-28T22:45:42.140+0000] {logging_mixin.py:137} INFO - [2025-07-28T22:45:42.139+0000] {manager.py:504} INFO - Created Permission View: can read on DAG:latest_only_with_trigger
[2025-07-28T22:45:42.156+0000] {logging_mixin.py:137} INFO - [2025-07-28T22:45:42.156+0000] {manager.py:504} INFO - Created Permission View: can edit on DAG:latest_only_with_trigger
[2025-07-28T22:45:42.157+0000] {logging_mixin.py:137} INFO - [2025-07-28T22:45:42.157+0000] {dag.py:2690} INFO - Sync 1 DAGs
[2025-07-28T22:45:42.191+0000] {logging_mixin.py:137} INFO - [2025-07-28T22:45:42.191+0000] {dag.py:2711} INFO - Creating ORM DAG for latest_only_with_trigger
[2025-07-28T22:45:42.220+0000] {logging_mixin.py:137} INFO - [2025-07-28T22:45:42.220+0000] {dag.py:3441} INFO - Setting next_dagrun for latest_only_with_trigger to 2025-07-28T18:45:42.220086+00:00, run_after=2025-07-28T22:45:42.220086+00:00
[2025-07-28T22:45:42.263+0000] {processor.py:175} INFO - Processing /home/airflow/.local/lib/python3.7/site-packages/airflow/example_dags/example_latest_only_with_trigger.py took 0.561 seconds
[2025-07-28T22:46:13.139+0000] {processor.py:153} INFO - Started process (PID=161) to work on /home/airflow/.local/lib/python3.7/site-packages/airflow/example_dags/example_latest_only_with_trigger.py
[2025-07-28T22:46:13.143+0000] {processor.py:743} INFO - Processing file /home/airflow/.local/lib/python3.7/site-packages/airflow/example_dags/example_latest_only_with_trigger.py for tasks to queue
[2025-07-28T22:46:13.156+0000] {logging_mixin.py:137} INFO - [2025-07-28T22:46:13.155+0000] {dagbag.py:538} INFO - Filling up the DagBag from /home/airflow/.local/lib/python3.7/site-packages/airflow/example_dags/example_latest_only_with_trigger.py
[2025-07-28T22:46:13.229+0000] {processor.py:753} INFO - DAG(s) dict_keys(['latest_only_with_trigger']) retrieved from /home/airflow/.local/lib/python3.7/site-packages/airflow/example_dags/example_latest_only_with_trigger.py
[2025-07-28T22:46:13.319+0000] {logging_mixin.py:137} INFO - [2025-07-28T22:46:13.310+0000] {dag.py:2690} INFO - Sync 1 DAGs
[2025-07-28T22:46:13.500+0000] {logging_mixin.py:137} INFO - [2025-07-28T22:46:13.499+0000] {dag.py:3441} INFO - Setting next_dagrun for latest_only_with_trigger to 2025-07-28T18:46:13.499325+00:00, run_after=2025-07-28T22:46:13.499325+00:00
[2025-07-28T22:46:13.749+0000] {processor.py:175} INFO - Processing /home/airflow/.local/lib/python3.7/site-packages/airflow/example_dags/example_latest_only_with_trigger.py took 0.628 seconds
[2025-07-28T22:46:44.051+0000] {processor.py:153} INFO - Started process (PID=225) to work on /home/airflow/.local/lib/python3.7/site-packages/airflow/example_dags/example_latest_only_with_trigger.py
[2025-07-28T22:46:44.055+0000] {processor.py:743} INFO - Processing file /home/airflow/.local/lib/python3.7/site-packages/airflow/example_dags/example_latest_only_with_trigger.py for tasks to queue
[2025-07-28T22:46:44.061+0000] {logging_mixin.py:137} INFO - [2025-07-28T22:46:44.060+0000] {dagbag.py:538} INFO - Filling up the DagBag from /home/airflow/.local/lib/python3.7/site-packages/airflow/example_dags/example_latest_only_with_trigger.py
[2025-07-28T22:46:44.104+0000] {processor.py:753} INFO - DAG(s) dict_keys(['latest_only_with_trigger']) retrieved from /home/airflow/.local/lib/python3.7/site-packages/airflow/example_dags/example_latest_only_with_trigger.py
[2025-07-28T22:46:44.178+0000] {logging_mixin.py:137} INFO - [2025-07-28T22:46:44.178+0000] {dag.py:2690} INFO - Sync 1 DAGs
[2025-07-28T22:46:44.215+0000] {logging_mixin.py:137} INFO - [2025-07-28T22:46:44.215+0000] {dag.py:3441} INFO - Setting next_dagrun for latest_only_with_trigger to 2025-07-28T18:46:44.215405+00:00, run_after=2025-07-28T22:46:44.215405+00:00
[2025-07-28T22:46:44.246+0000] {processor.py:175} INFO - Processing /home/airflow/.local/lib/python3.7/site-packages/airflow/example_dags/example_latest_only_with_trigger.py took 0.202 seconds
[2025-07-28T22:47:14.943+0000] {processor.py:153} INFO - Started process (PID=305) to work on /home/airflow/.local/lib/python3.7/site-packages/airflow/example_dags/example_latest_only_with_trigger.py
[2025-07-28T22:47:14.945+0000] {processor.py:743} INFO - Processing file /home/airflow/.local/lib/python3.7/site-packages/airflow/example_dags/example_latest_only_with_trigger.py for tasks to queue
[2025-07-28T22:47:14.948+0000] {logging_mixin.py:137} INFO - [2025-07-28T22:47:14.947+0000] {dagbag.py:538} INFO - Filling up the DagBag from /home/airflow/.local/lib/python3.7/site-packages/airflow/example_dags/example_latest_only_with_trigger.py
[2025-07-28T22:47:14.978+0000] {processor.py:753} INFO - DAG(s) dict_keys(['latest_only_with_trigger']) retrieved from /home/airflow/.local/lib/python3.7/site-packages/airflow/example_dags/example_latest_only_with_trigger.py
[2025-07-28T22:47:15.044+0000] {logging_mixin.py:137} INFO - [2025-07-28T22:47:15.044+0000] {dag.py:2690} INFO - Sync 1 DAGs
[2025-07-28T22:47:15.168+0000] {logging_mixin.py:137} INFO - [2025-07-28T22:47:15.168+0000] {dag.py:3441} INFO - Setting next_dagrun for latest_only_with_trigger to 2025-07-28T18:47:15.167198+00:00, run_after=2025-07-28T22:47:15.167198+00:00
[2025-07-28T22:47:15.266+0000] {processor.py:175} INFO - Processing /home/airflow/.local/lib/python3.7/site-packages/airflow/example_dags/example_latest_only_with_trigger.py took 0.331 seconds
[2025-07-28T22:47:45.497+0000] {processor.py:153} INFO - Started process (PID=383) to work on /home/airflow/.local/lib/python3.7/site-packages/airflow/example_dags/example_latest_only_with_trigger.py
[2025-07-28T22:47:45.500+0000] {processor.py:743} INFO - Processing file /home/airflow/.local/lib/python3.7/site-packages/airflow/example_dags/example_latest_only_with_trigger.py for tasks to queue
[2025-07-28T22:47:45.502+0000] {logging_mixin.py:137} INFO - [2025-07-28T22:47:45.502+0000] {dagbag.py:538} INFO - Filling up the DagBag from /home/airflow/.local/lib/python3.7/site-packages/airflow/example_dags/example_latest_only_with_trigger.py
[2025-07-28T22:47:45.536+0000] {processor.py:753} INFO - DAG(s) dict_keys(['latest_only_with_trigger']) retrieved from /home/airflow/.local/lib/python3.7/site-packages/airflow/example_dags/example_latest_only_with_trigger.py
[2025-07-28T22:47:45.608+0000] {logging_mixin.py:137} INFO - [2025-07-28T22:47:45.608+0000] {dag.py:2690} INFO - Sync 1 DAGs
[2025-07-28T22:47:45.642+0000] {logging_mixin.py:137} INFO - [2025-07-28T22:47:45.642+0000] {dag.py:3441} INFO - Setting next_dagrun for latest_only_with_trigger to 2025-07-28T18:47:45.642136+00:00, run_after=2025-07-28T22:47:45.642136+00:00
[2025-07-28T22:47:45.694+0000] {processor.py:175} INFO - Processing /home/airflow/.local/lib/python3.7/site-packages/airflow/example_dags/example_latest_only_with_trigger.py took 0.205 seconds
[2025-07-28T22:48:16.178+0000] {processor.py:153} INFO - Started process (PID=453) to work on /home/airflow/.local/lib/python3.7/site-packages/airflow/example_dags/example_latest_only_with_trigger.py
[2025-07-28T22:48:16.180+0000] {processor.py:743} INFO - Processing file /home/airflow/.local/lib/python3.7/site-packages/airflow/example_dags/example_latest_only_with_trigger.py for tasks to queue
[2025-07-28T22:48:16.182+0000] {logging_mixin.py:137} INFO - [2025-07-28T22:48:16.182+0000] {dagbag.py:538} INFO - Filling up the DagBag from /home/airflow/.local/lib/python3.7/site-packages/airflow/example_dags/example_latest_only_with_trigger.py
[2025-07-28T22:48:16.210+0000] {processor.py:753} INFO - DAG(s) dict_keys(['latest_only_with_trigger']) retrieved from /home/airflow/.local/lib/python3.7/site-packages/airflow/example_dags/example_latest_only_with_trigger.py
[2025-07-28T22:48:16.264+0000] {logging_mixin.py:137} INFO - [2025-07-28T22:48:16.264+0000] {dag.py:2690} INFO - Sync 1 DAGs
[2025-07-28T22:48:16.351+0000] {logging_mixin.py:137} INFO - [2025-07-28T22:48:16.351+0000] {dag.py:3441} INFO - Setting next_dagrun for latest_only_with_trigger to 2025-07-28T18:48:16.350928+00:00, run_after=2025-07-28T22:48:16.350928+00:00
[2025-07-28T22:48:16.412+0000] {processor.py:175} INFO - Processing /home/airflow/.local/lib/python3.7/site-packages/airflow/example_dags/example_latest_only_with_trigger.py took 0.241 seconds
[2025-07-28T22:48:46.650+0000] {processor.py:153} INFO - Started process (PID=524) to work on /home/airflow/.local/lib/python3.7/site-packages/airflow/example_dags/example_latest_only_with_trigger.py
[2025-07-28T22:48:46.651+0000] {processor.py:743} INFO - Processing file /home/airflow/.local/lib/python3.7/site-packages/airflow/example_dags/example_latest_only_with_trigger.py for tasks to queue
[2025-07-28T22:48:46.653+0000] {logging_mixin.py:137} INFO - [2025-07-28T22:48:46.653+0000] {dagbag.py:538} INFO - Filling up the DagBag from /home/airflow/.local/lib/python3.7/site-packages/airflow/example_dags/example_latest_only_with_trigger.py
[2025-07-28T22:48:46.674+0000] {processor.py:753} INFO - DAG(s) dict_keys(['latest_only_with_trigger']) retrieved from /home/airflow/.local/lib/python3.7/site-packages/airflow/example_dags/example_latest_only_with_trigger.py
[2025-07-28T22:48:46.714+0000] {logging_mixin.py:137} INFO - [2025-07-28T22:48:46.714+0000] {dag.py:2690} INFO - Sync 1 DAGs
[2025-07-28T22:48:46.747+0000] {logging_mixin.py:137} INFO - [2025-07-28T22:48:46.747+0000] {dag.py:3441} INFO - Setting next_dagrun for latest_only_with_trigger to 2025-07-28T18:48:46.746770+00:00, run_after=2025-07-28T22:48:46.746770+00:00
[2025-07-28T22:48:46.796+0000] {processor.py:175} INFO - Processing /home/airflow/.local/lib/python3.7/site-packages/airflow/example_dags/example_latest_only_with_trigger.py took 0.149 seconds
[2025-07-28T22:49:16.990+0000] {processor.py:153} INFO - Started process (PID=595) to work on /home/airflow/.local/lib/python3.7/site-packages/airflow/example_dags/example_latest_only_with_trigger.py
[2025-07-28T22:49:16.991+0000] {processor.py:743} INFO - Processing file /home/airflow/.local/lib/python3.7/site-packages/airflow/example_dags/example_latest_only_with_trigger.py for tasks to queue
[2025-07-28T22:49:16.992+0000] {logging_mixin.py:137} INFO - [2025-07-28T22:49:16.992+0000] {dagbag.py:538} INFO - Filling up the DagBag from /home/airflow/.local/lib/python3.7/site-packages/airflow/example_dags/example_latest_only_with_trigger.py
[2025-07-28T22:49:17.017+0000] {processor.py:753} INFO - DAG(s) dict_keys(['latest_only_with_trigger']) retrieved from /home/airflow/.local/lib/python3.7/site-packages/airflow/example_dags/example_latest_only_with_trigger.py
[2025-07-28T22:49:17.061+0000] {logging_mixin.py:137} INFO - [2025-07-28T22:49:17.061+0000] {dag.py:2690} INFO - Sync 1 DAGs
[2025-07-28T22:49:17.129+0000] {logging_mixin.py:137} INFO - [2025-07-28T22:49:17.127+0000] {dag.py:3441} INFO - Setting next_dagrun for latest_only_with_trigger to 2025-07-28T18:49:17.126374+00:00, run_after=2025-07-28T22:49:17.126374+00:00
[2025-07-28T22:49:17.176+0000] {processor.py:175} INFO - Processing /home/airflow/.local/lib/python3.7/site-packages/airflow/example_dags/example_latest_only_with_trigger.py took 0.194 seconds
[2025-07-28T22:49:47.267+0000] {processor.py:153} INFO - Started process (PID=666) to work on /home/airflow/.local/lib/python3.7/site-packages/airflow/example_dags/example_latest_only_with_trigger.py
[2025-07-28T22:49:47.268+0000] {processor.py:743} INFO - Processing file /home/airflow/.local/lib/python3.7/site-packages/airflow/example_dags/example_latest_only_with_trigger.py for tasks to queue
[2025-07-28T22:49:47.269+0000] {logging_mixin.py:137} INFO - [2025-07-28T22:49:47.269+0000] {dagbag.py:538} INFO - Filling up the DagBag from /home/airflow/.local/lib/python3.7/site-packages/airflow/example_dags/example_latest_only_with_trigger.py
[2025-07-28T22:49:47.289+0000] {processor.py:753} INFO - DAG(s) dict_keys(['latest_only_with_trigger']) retrieved from /home/airflow/.local/lib/python3.7/site-packages/airflow/example_dags/example_latest_only_with_trigger.py
[2025-07-28T22:49:47.326+0000] {logging_mixin.py:137} INFO - [2025-07-28T22:49:47.325+0000] {dag.py:2690} INFO - Sync 1 DAGs
[2025-07-28T22:49:47.358+0000] {logging_mixin.py:137} INFO - [2025-07-28T22:49:47.358+0000] {dag.py:3441} INFO - Setting next_dagrun for latest_only_with_trigger to 2025-07-28T18:49:47.358520+00:00, run_after=2025-07-28T22:49:47.358520+00:00
[2025-07-28T22:49:47.387+0000] {processor.py:175} INFO - Processing /home/airflow/.local/lib/python3.7/site-packages/airflow/example_dags/example_latest_only_with_trigger.py took 0.124 seconds
[2025-07-28T22:50:18.189+0000] {processor.py:153} INFO - Started process (PID=753) to work on /home/airflow/.local/lib/python3.7/site-packages/airflow/example_dags/example_latest_only_with_trigger.py
[2025-07-28T22:50:18.192+0000] {processor.py:743} INFO - Processing file /home/airflow/.local/lib/python3.7/site-packages/airflow/example_dags/example_latest_only_with_trigger.py for tasks to queue
[2025-07-28T22:50:18.193+0000] {logging_mixin.py:137} INFO - [2025-07-28T22:50:18.193+0000] {dagbag.py:538} INFO - Filling up the DagBag from /home/airflow/.local/lib/python3.7/site-packages/airflow/example_dags/example_latest_only_with_trigger.py
[2025-07-28T22:50:18.213+0000] {processor.py:753} INFO - DAG(s) dict_keys(['latest_only_with_trigger']) retrieved from /home/airflow/.local/lib/python3.7/site-packages/airflow/example_dags/example_latest_only_with_trigger.py
[2025-07-28T22:50:18.260+0000] {logging_mixin.py:137} INFO - [2025-07-28T22:50:18.259+0000] {dag.py:2690} INFO - Sync 1 DAGs
[2025-07-28T22:50:18.291+0000] {logging_mixin.py:137} INFO - [2025-07-28T22:50:18.290+0000] {dag.py:3441} INFO - Setting next_dagrun for latest_only_with_trigger to 2025-07-28T18:50:18.290436+00:00, run_after=2025-07-28T22:50:18.290436+00:00
[2025-07-28T22:50:18.323+0000] {processor.py:175} INFO - Processing /home/airflow/.local/lib/python3.7/site-packages/airflow/example_dags/example_latest_only_with_trigger.py took 0.139 seconds
[2025-07-28T22:50:49.019+0000] {processor.py:153} INFO - Started process (PID=824) to work on /home/airflow/.local/lib/python3.7/site-packages/airflow/example_dags/example_latest_only_with_trigger.py
[2025-07-28T22:50:49.024+0000] {processor.py:743} INFO - Processing file /home/airflow/.local/lib/python3.7/site-packages/airflow/example_dags/example_latest_only_with_trigger.py for tasks to queue
[2025-07-28T22:50:49.025+0000] {logging_mixin.py:137} INFO - [2025-07-28T22:50:49.025+0000] {dagbag.py:538} INFO - Filling up the DagBag from /home/airflow/.local/lib/python3.7/site-packages/airflow/example_dags/example_latest_only_with_trigger.py
[2025-07-28T22:50:49.047+0000] {processor.py:753} INFO - DAG(s) dict_keys(['latest_only_with_trigger']) retrieved from /home/airflow/.local/lib/python3.7/site-packages/airflow/example_dags/example_latest_only_with_trigger.py
[2025-07-28T22:50:49.093+0000] {logging_mixin.py:137} INFO - [2025-07-28T22:50:49.093+0000] {dag.py:2690} INFO - Sync 1 DAGs
[2025-07-28T22:50:49.141+0000] {logging_mixin.py:137} INFO - [2025-07-28T22:50:49.141+0000] {dag.py:3441} INFO - Setting next_dagrun for latest_only_with_trigger to 2025-07-28T18:50:49.140950+00:00, run_after=2025-07-28T22:50:49.140950+00:00
[2025-07-28T22:50:49.165+0000] {processor.py:175} INFO - Processing /home/airflow/.local/lib/python3.7/site-packages/airflow/example_dags/example_latest_only_with_trigger.py took 0.151 seconds
[2025-07-28T22:51:19.758+0000] {processor.py:153} INFO - Started process (PID=911) to work on /home/airflow/.local/lib/python3.7/site-packages/airflow/example_dags/example_latest_only_with_trigger.py
[2025-07-28T22:51:19.759+0000] {processor.py:743} INFO - Processing file /home/airflow/.local/lib/python3.7/site-packages/airflow/example_dags/example_latest_only_with_trigger.py for tasks to queue
[2025-07-28T22:51:19.760+0000] {logging_mixin.py:137} INFO - [2025-07-28T22:51:19.760+0000] {dagbag.py:538} INFO - Filling up the DagBag from /home/airflow/.local/lib/python3.7/site-packages/airflow/example_dags/example_latest_only_with_trigger.py
[2025-07-28T22:51:19.779+0000] {processor.py:753} INFO - DAG(s) dict_keys(['latest_only_with_trigger']) retrieved from /home/airflow/.local/lib/python3.7/site-packages/airflow/example_dags/example_latest_only_with_trigger.py
[2025-07-28T22:51:19.818+0000] {logging_mixin.py:137} INFO - [2025-07-28T22:51:19.818+0000] {dag.py:2690} INFO - Sync 1 DAGs
[2025-07-28T22:51:19.857+0000] {logging_mixin.py:137} INFO - [2025-07-28T22:51:19.857+0000] {dag.py:3441} INFO - Setting next_dagrun for latest_only_with_trigger to 2025-07-28T18:51:19.856764+00:00, run_after=2025-07-28T22:51:19.856764+00:00
[2025-07-28T22:51:19.883+0000] {processor.py:175} INFO - Processing /home/airflow/.local/lib/python3.7/site-packages/airflow/example_dags/example_latest_only_with_trigger.py took 0.131 seconds
[2025-07-28T22:51:50.159+0000] {processor.py:153} INFO - Started process (PID=982) to work on /home/airflow/.local/lib/python3.7/site-packages/airflow/example_dags/example_latest_only_with_trigger.py
[2025-07-28T22:51:50.160+0000] {processor.py:743} INFO - Processing file /home/airflow/.local/lib/python3.7/site-packages/airflow/example_dags/example_latest_only_with_trigger.py for tasks to queue
[2025-07-28T22:51:50.161+0000] {logging_mixin.py:137} INFO - [2025-07-28T22:51:50.161+0000] {dagbag.py:538} INFO - Filling up the DagBag from /home/airflow/.local/lib/python3.7/site-packages/airflow/example_dags/example_latest_only_with_trigger.py
[2025-07-28T22:51:50.185+0000] {processor.py:753} INFO - DAG(s) dict_keys(['latest_only_with_trigger']) retrieved from /home/airflow/.local/lib/python3.7/site-packages/airflow/example_dags/example_latest_only_with_trigger.py
[2025-07-28T22:51:50.223+0000] {logging_mixin.py:137} INFO - [2025-07-28T22:51:50.223+0000] {dag.py:2690} INFO - Sync 1 DAGs
[2025-07-28T22:51:50.259+0000] {logging_mixin.py:137} INFO - [2025-07-28T22:51:50.259+0000] {dag.py:3441} INFO - Setting next_dagrun for latest_only_with_trigger to 2025-07-28T18:51:50.259442+00:00, run_after=2025-07-28T22:51:50.259442+00:00
[2025-07-28T22:51:50.294+0000] {processor.py:175} INFO - Processing /home/airflow/.local/lib/python3.7/site-packages/airflow/example_dags/example_latest_only_with_trigger.py took 0.140 seconds
[2025-07-28T22:52:20.883+0000] {processor.py:153} INFO - Started process (PID=1053) to work on /home/airflow/.local/lib/python3.7/site-packages/airflow/example_dags/example_latest_only_with_trigger.py
[2025-07-28T22:52:20.884+0000] {processor.py:743} INFO - Processing file /home/airflow/.local/lib/python3.7/site-packages/airflow/example_dags/example_latest_only_with_trigger.py for tasks to queue
[2025-07-28T22:52:20.885+0000] {logging_mixin.py:137} INFO - [2025-07-28T22:52:20.885+0000] {dagbag.py:538} INFO - Filling up the DagBag from /home/airflow/.local/lib/python3.7/site-packages/airflow/example_dags/example_latest_only_with_trigger.py
[2025-07-28T22:52:20.903+0000] {processor.py:753} INFO - DAG(s) dict_keys(['latest_only_with_trigger']) retrieved from /home/airflow/.local/lib/python3.7/site-packages/airflow/example_dags/example_latest_only_with_trigger.py
[2025-07-28T22:52:20.933+0000] {logging_mixin.py:137} INFO - [2025-07-28T22:52:20.933+0000] {dag.py:2690} INFO - Sync 1 DAGs
[2025-07-28T22:52:20.961+0000] {logging_mixin.py:137} INFO - [2025-07-28T22:52:20.961+0000] {dag.py:3441} INFO - Setting next_dagrun for latest_only_with_trigger to 2025-07-28T18:52:20.960919+00:00, run_after=2025-07-28T22:52:20.960919+00:00
[2025-07-28T22:52:20.988+0000] {processor.py:175} INFO - Processing /home/airflow/.local/lib/python3.7/site-packages/airflow/example_dags/example_latest_only_with_trigger.py took 0.108 seconds
[2025-07-28T22:52:51.699+0000] {processor.py:153} INFO - Started process (PID=1140) to work on /home/airflow/.local/lib/python3.7/site-packages/airflow/example_dags/example_latest_only_with_trigger.py
[2025-07-28T22:52:51.701+0000] {processor.py:743} INFO - Processing file /home/airflow/.local/lib/python3.7/site-packages/airflow/example_dags/example_latest_only_with_trigger.py for tasks to queue
[2025-07-28T22:52:51.702+0000] {logging_mixin.py:137} INFO - [2025-07-28T22:52:51.702+0000] {dagbag.py:538} INFO - Filling up the DagBag from /home/airflow/.local/lib/python3.7/site-packages/airflow/example_dags/example_latest_only_with_trigger.py
[2025-07-28T22:52:51.719+0000] {processor.py:753} INFO - DAG(s) dict_keys(['latest_only_with_trigger']) retrieved from /home/airflow/.local/lib/python3.7/site-packages/airflow/example_dags/example_latest_only_with_trigger.py
[2025-07-28T22:52:51.755+0000] {logging_mixin.py:137} INFO - [2025-07-28T22:52:51.754+0000] {dag.py:2690} INFO - Sync 1 DAGs
[2025-07-28T22:52:51.786+0000] {logging_mixin.py:137} INFO - [2025-07-28T22:52:51.786+0000] {dag.py:3441} INFO - Setting next_dagrun for latest_only_with_trigger to 2025-07-28T18:52:51.785756+00:00, run_after=2025-07-28T22:52:51.785756+00:00
[2025-07-28T22:52:51.815+0000] {processor.py:175} INFO - Processing /home/airflow/.local/lib/python3.7/site-packages/airflow/example_dags/example_latest_only_with_trigger.py took 0.120 seconds
[2025-07-28T22:53:22.393+0000] {processor.py:153} INFO - Started process (PID=1211) to work on /home/airflow/.local/lib/python3.7/site-packages/airflow/example_dags/example_latest_only_with_trigger.py
[2025-07-28T22:53:22.394+0000] {processor.py:743} INFO - Processing file /home/airflow/.local/lib/python3.7/site-packages/airflow/example_dags/example_latest_only_with_trigger.py for tasks to queue
[2025-07-28T22:53:22.399+0000] {logging_mixin.py:137} INFO - [2025-07-28T22:53:22.399+0000] {dagbag.py:538} INFO - Filling up the DagBag from /home/airflow/.local/lib/python3.7/site-packages/airflow/example_dags/example_latest_only_with_trigger.py
[2025-07-28T22:53:22.424+0000] {processor.py:753} INFO - DAG(s) dict_keys(['latest_only_with_trigger']) retrieved from /home/airflow/.local/lib/python3.7/site-packages/airflow/example_dags/example_latest_only_with_trigger.py
[2025-07-28T22:53:22.472+0000] {logging_mixin.py:137} INFO - [2025-07-28T22:53:22.472+0000] {dag.py:2690} INFO - Sync 1 DAGs
[2025-07-28T22:53:22.523+0000] {logging_mixin.py:137} INFO - [2025-07-28T22:53:22.523+0000] {dag.py:3441} INFO - Setting next_dagrun for latest_only_with_trigger to 2025-07-28T18:53:22.522116+00:00, run_after=2025-07-28T22:53:22.522116+00:00
[2025-07-28T22:53:22.561+0000] {processor.py:175} INFO - Processing /home/airflow/.local/lib/python3.7/site-packages/airflow/example_dags/example_latest_only_with_trigger.py took 0.176 seconds
[2025-07-28T22:53:53.563+0000] {processor.py:153} INFO - Started process (PID=1298) to work on /home/airflow/.local/lib/python3.7/site-packages/airflow/example_dags/example_latest_only_with_trigger.py
[2025-07-28T22:53:53.565+0000] {processor.py:743} INFO - Processing file /home/airflow/.local/lib/python3.7/site-packages/airflow/example_dags/example_latest_only_with_trigger.py for tasks to queue
[2025-07-28T22:53:53.566+0000] {logging_mixin.py:137} INFO - [2025-07-28T22:53:53.566+0000] {dagbag.py:538} INFO - Filling up the DagBag from /home/airflow/.local/lib/python3.7/site-packages/airflow/example_dags/example_latest_only_with_trigger.py
[2025-07-28T22:53:53.597+0000] {processor.py:753} INFO - DAG(s) dict_keys(['latest_only_with_trigger']) retrieved from /home/airflow/.local/lib/python3.7/site-packages/airflow/example_dags/example_latest_only_with_trigger.py
[2025-07-28T22:53:53.661+0000] {logging_mixin.py:137} INFO - [2025-07-28T22:53:53.661+0000] {dag.py:2690} INFO - Sync 1 DAGs
[2025-07-28T22:53:53.710+0000] {logging_mixin.py:137} INFO - [2025-07-28T22:53:53.710+0000] {dag.py:3441} INFO - Setting next_dagrun for latest_only_with_trigger to 2025-07-28T18:53:53.709974+00:00, run_after=2025-07-28T22:53:53.709974+00:00
[2025-07-28T22:53:53.743+0000] {processor.py:175} INFO - Processing /home/airflow/.local/lib/python3.7/site-packages/airflow/example_dags/example_latest_only_with_trigger.py took 0.187 seconds
[2025-07-28T22:54:25.507+0000] {processor.py:153} INFO - Started process (PID=1368) to work on /home/airflow/.local/lib/python3.7/site-packages/airflow/example_dags/example_latest_only_with_trigger.py
[2025-07-28T22:54:25.509+0000] {processor.py:743} INFO - Processing file /home/airflow/.local/lib/python3.7/site-packages/airflow/example_dags/example_latest_only_with_trigger.py for tasks to queue
[2025-07-28T22:54:25.511+0000] {logging_mixin.py:137} INFO - [2025-07-28T22:54:25.510+0000] {dagbag.py:538} INFO - Filling up the DagBag from /home/airflow/.local/lib/python3.7/site-packages/airflow/example_dags/example_latest_only_with_trigger.py
[2025-07-28T22:54:25.537+0000] {processor.py:753} INFO - DAG(s) dict_keys(['latest_only_with_trigger']) retrieved from /home/airflow/.local/lib/python3.7/site-packages/airflow/example_dags/example_latest_only_with_trigger.py
[2025-07-28T22:54:25.588+0000] {logging_mixin.py:137} INFO - [2025-07-28T22:54:25.587+0000] {dag.py:2690} INFO - Sync 1 DAGs
[2025-07-28T22:54:25.630+0000] {logging_mixin.py:137} INFO - [2025-07-28T22:54:25.630+0000] {dag.py:3441} INFO - Setting next_dagrun for latest_only_with_trigger to 2025-07-28T18:54:25.629788+00:00, run_after=2025-07-28T22:54:25.629788+00:00
[2025-07-28T22:54:25.667+0000] {processor.py:175} INFO - Processing /home/airflow/.local/lib/python3.7/site-packages/airflow/example_dags/example_latest_only_with_trigger.py took 0.169 seconds
[2025-07-28T22:54:56.468+0000] {processor.py:153} INFO - Started process (PID=1440) to work on /home/airflow/.local/lib/python3.7/site-packages/airflow/example_dags/example_latest_only_with_trigger.py
[2025-07-28T22:54:56.470+0000] {processor.py:743} INFO - Processing file /home/airflow/.local/lib/python3.7/site-packages/airflow/example_dags/example_latest_only_with_trigger.py for tasks to queue
[2025-07-28T22:54:56.477+0000] {logging_mixin.py:137} INFO - [2025-07-28T22:54:56.477+0000] {dagbag.py:538} INFO - Filling up the DagBag from /home/airflow/.local/lib/python3.7/site-packages/airflow/example_dags/example_latest_only_with_trigger.py
[2025-07-28T22:54:56.527+0000] {processor.py:753} INFO - DAG(s) dict_keys(['latest_only_with_trigger']) retrieved from /home/airflow/.local/lib/python3.7/site-packages/airflow/example_dags/example_latest_only_with_trigger.py
[2025-07-28T22:54:56.596+0000] {logging_mixin.py:137} INFO - [2025-07-28T22:54:56.596+0000] {dag.py:2690} INFO - Sync 1 DAGs
[2025-07-28T22:54:56.665+0000] {logging_mixin.py:137} INFO - [2025-07-28T22:54:56.665+0000] {dag.py:3441} INFO - Setting next_dagrun for latest_only_with_trigger to 2025-07-28T18:54:56.664724+00:00, run_after=2025-07-28T22:54:56.664724+00:00
[2025-07-28T22:54:56.731+0000] {processor.py:175} INFO - Processing /home/airflow/.local/lib/python3.7/site-packages/airflow/example_dags/example_latest_only_with_trigger.py took 0.269 seconds
[2025-07-28T22:55:27.692+0000] {processor.py:153} INFO - Started process (PID=1512) to work on /home/airflow/.local/lib/python3.7/site-packages/airflow/example_dags/example_latest_only_with_trigger.py
[2025-07-28T22:55:27.693+0000] {processor.py:743} INFO - Processing file /home/airflow/.local/lib/python3.7/site-packages/airflow/example_dags/example_latest_only_with_trigger.py for tasks to queue
[2025-07-28T22:55:27.694+0000] {logging_mixin.py:137} INFO - [2025-07-28T22:55:27.694+0000] {dagbag.py:538} INFO - Filling up the DagBag from /home/airflow/.local/lib/python3.7/site-packages/airflow/example_dags/example_latest_only_with_trigger.py
[2025-07-28T22:55:27.731+0000] {processor.py:753} INFO - DAG(s) dict_keys(['latest_only_with_trigger']) retrieved from /home/airflow/.local/lib/python3.7/site-packages/airflow/example_dags/example_latest_only_with_trigger.py
[2025-07-28T22:55:27.780+0000] {logging_mixin.py:137} INFO - [2025-07-28T22:55:27.780+0000] {dag.py:2690} INFO - Sync 1 DAGs
[2025-07-28T22:55:27.824+0000] {logging_mixin.py:137} INFO - [2025-07-28T22:55:27.823+0000] {dag.py:3441} INFO - Setting next_dagrun for latest_only_with_trigger to 2025-07-28T18:55:27.823576+00:00, run_after=2025-07-28T22:55:27.823576+00:00
[2025-07-28T22:55:27.854+0000] {processor.py:175} INFO - Processing /home/airflow/.local/lib/python3.7/site-packages/airflow/example_dags/example_latest_only_with_trigger.py took 0.167 seconds
[2025-07-28T22:55:57.941+0000] {processor.py:153} INFO - Started process (PID=1583) to work on /home/airflow/.local/lib/python3.7/site-packages/airflow/example_dags/example_latest_only_with_trigger.py
[2025-07-28T22:55:57.943+0000] {processor.py:743} INFO - Processing file /home/airflow/.local/lib/python3.7/site-packages/airflow/example_dags/example_latest_only_with_trigger.py for tasks to queue
[2025-07-28T22:55:57.944+0000] {logging_mixin.py:137} INFO - [2025-07-28T22:55:57.943+0000] {dagbag.py:538} INFO - Filling up the DagBag from /home/airflow/.local/lib/python3.7/site-packages/airflow/example_dags/example_latest_only_with_trigger.py
[2025-07-28T22:55:57.960+0000] {processor.py:753} INFO - DAG(s) dict_keys(['latest_only_with_trigger']) retrieved from /home/airflow/.local/lib/python3.7/site-packages/airflow/example_dags/example_latest_only_with_trigger.py
[2025-07-28T22:55:57.996+0000] {logging_mixin.py:137} INFO - [2025-07-28T22:55:57.996+0000] {dag.py:2690} INFO - Sync 1 DAGs
[2025-07-28T22:55:58.026+0000] {logging_mixin.py:137} INFO - [2025-07-28T22:55:58.026+0000] {dag.py:3441} INFO - Setting next_dagrun for latest_only_with_trigger to 2025-07-28T18:55:58.026017+00:00, run_after=2025-07-28T22:55:58.026017+00:00
[2025-07-28T22:55:58.055+0000] {processor.py:175} INFO - Processing /home/airflow/.local/lib/python3.7/site-packages/airflow/example_dags/example_latest_only_with_trigger.py took 0.116 seconds
[2025-07-28T22:56:28.339+0000] {processor.py:153} INFO - Started process (PID=1654) to work on /home/airflow/.local/lib/python3.7/site-packages/airflow/example_dags/example_latest_only_with_trigger.py
[2025-07-28T22:56:28.340+0000] {processor.py:743} INFO - Processing file /home/airflow/.local/lib/python3.7/site-packages/airflow/example_dags/example_latest_only_with_trigger.py for tasks to queue
[2025-07-28T22:56:28.341+0000] {logging_mixin.py:137} INFO - [2025-07-28T22:56:28.341+0000] {dagbag.py:538} INFO - Filling up the DagBag from /home/airflow/.local/lib/python3.7/site-packages/airflow/example_dags/example_latest_only_with_trigger.py
[2025-07-28T22:56:28.369+0000] {processor.py:753} INFO - DAG(s) dict_keys(['latest_only_with_trigger']) retrieved from /home/airflow/.local/lib/python3.7/site-packages/airflow/example_dags/example_latest_only_with_trigger.py
[2025-07-28T22:56:28.413+0000] {logging_mixin.py:137} INFO - [2025-07-28T22:56:28.412+0000] {dag.py:2690} INFO - Sync 1 DAGs
[2025-07-28T22:56:28.452+0000] {logging_mixin.py:137} INFO - [2025-07-28T22:56:28.452+0000] {dag.py:3441} INFO - Setting next_dagrun for latest_only_with_trigger to 2025-07-28T18:56:28.451783+00:00, run_after=2025-07-28T22:56:28.451783+00:00
[2025-07-28T22:56:28.483+0000] {processor.py:175} INFO - Processing /home/airflow/.local/lib/python3.7/site-packages/airflow/example_dags/example_latest_only_with_trigger.py took 0.149 seconds
[2025-07-28T22:56:58.853+0000] {processor.py:153} INFO - Started process (PID=1726) to work on /home/airflow/.local/lib/python3.7/site-packages/airflow/example_dags/example_latest_only_with_trigger.py
[2025-07-28T22:56:58.854+0000] {processor.py:743} INFO - Processing file /home/airflow/.local/lib/python3.7/site-packages/airflow/example_dags/example_latest_only_with_trigger.py for tasks to queue
[2025-07-28T22:56:58.856+0000] {logging_mixin.py:137} INFO - [2025-07-28T22:56:58.855+0000] {dagbag.py:538} INFO - Filling up the DagBag from /home/airflow/.local/lib/python3.7/site-packages/airflow/example_dags/example_latest_only_with_trigger.py
[2025-07-28T22:56:58.881+0000] {processor.py:753} INFO - DAG(s) dict_keys(['latest_only_with_trigger']) retrieved from /home/airflow/.local/lib/python3.7/site-packages/airflow/example_dags/example_latest_only_with_trigger.py
[2025-07-28T22:56:58.927+0000] {logging_mixin.py:137} INFO - [2025-07-28T22:56:58.926+0000] {dag.py:2690} INFO - Sync 1 DAGs
[2025-07-28T22:56:58.966+0000] {logging_mixin.py:137} INFO - [2025-07-28T22:56:58.966+0000] {dag.py:3441} INFO - Setting next_dagrun for latest_only_with_trigger to 2025-07-28T18:56:58.966152+00:00, run_after=2025-07-28T22:56:58.966152+00:00
[2025-07-28T22:56:58.995+0000] {processor.py:175} INFO - Processing /home/airflow/.local/lib/python3.7/site-packages/airflow/example_dags/example_latest_only_with_trigger.py took 0.149 seconds
[2025-07-28T22:57:29.131+0000] {processor.py:153} INFO - Started process (PID=1813) to work on /home/airflow/.local/lib/python3.7/site-packages/airflow/example_dags/example_latest_only_with_trigger.py
[2025-07-28T22:57:29.133+0000] {processor.py:743} INFO - Processing file /home/airflow/.local/lib/python3.7/site-packages/airflow/example_dags/example_latest_only_with_trigger.py for tasks to queue
[2025-07-28T22:57:29.134+0000] {logging_mixin.py:137} INFO - [2025-07-28T22:57:29.134+0000] {dagbag.py:538} INFO - Filling up the DagBag from /home/airflow/.local/lib/python3.7/site-packages/airflow/example_dags/example_latest_only_with_trigger.py
[2025-07-28T22:57:29.163+0000] {processor.py:753} INFO - DAG(s) dict_keys(['latest_only_with_trigger']) retrieved from /home/airflow/.local/lib/python3.7/site-packages/airflow/example_dags/example_latest_only_with_trigger.py
[2025-07-28T22:57:29.210+0000] {logging_mixin.py:137} INFO - [2025-07-28T22:57:29.210+0000] {dag.py:2690} INFO - Sync 1 DAGs
[2025-07-28T22:57:29.261+0000] {logging_mixin.py:137} INFO - [2025-07-28T22:57:29.261+0000] {dag.py:3441} INFO - Setting next_dagrun for latest_only_with_trigger to 2025-07-28T18:57:29.261250+00:00, run_after=2025-07-28T22:57:29.261250+00:00
[2025-07-28T22:57:29.295+0000] {processor.py:175} INFO - Processing /home/airflow/.local/lib/python3.7/site-packages/airflow/example_dags/example_latest_only_with_trigger.py took 0.169 seconds
[2025-07-28T22:57:59.488+0000] {processor.py:153} INFO - Started process (PID=1884) to work on /home/airflow/.local/lib/python3.7/site-packages/airflow/example_dags/example_latest_only_with_trigger.py
[2025-07-28T22:57:59.489+0000] {processor.py:743} INFO - Processing file /home/airflow/.local/lib/python3.7/site-packages/airflow/example_dags/example_latest_only_with_trigger.py for tasks to queue
[2025-07-28T22:57:59.490+0000] {logging_mixin.py:137} INFO - [2025-07-28T22:57:59.490+0000] {dagbag.py:538} INFO - Filling up the DagBag from /home/airflow/.local/lib/python3.7/site-packages/airflow/example_dags/example_latest_only_with_trigger.py
[2025-07-28T22:57:59.506+0000] {processor.py:753} INFO - DAG(s) dict_keys(['latest_only_with_trigger']) retrieved from /home/airflow/.local/lib/python3.7/site-packages/airflow/example_dags/example_latest_only_with_trigger.py
[2025-07-28T22:57:59.537+0000] {logging_mixin.py:137} INFO - [2025-07-28T22:57:59.537+0000] {dag.py:2690} INFO - Sync 1 DAGs
[2025-07-28T22:57:59.568+0000] {logging_mixin.py:137} INFO - [2025-07-28T22:57:59.568+0000] {dag.py:3441} INFO - Setting next_dagrun for latest_only_with_trigger to 2025-07-28T18:57:59.568166+00:00, run_after=2025-07-28T22:57:59.568166+00:00
[2025-07-28T22:57:59.595+0000] {processor.py:175} INFO - Processing /home/airflow/.local/lib/python3.7/site-packages/airflow/example_dags/example_latest_only_with_trigger.py took 0.111 seconds
[2025-07-28T22:58:29.876+0000] {processor.py:153} INFO - Started process (PID=1955) to work on /home/airflow/.local/lib/python3.7/site-packages/airflow/example_dags/example_latest_only_with_trigger.py
[2025-07-28T22:58:29.878+0000] {processor.py:743} INFO - Processing file /home/airflow/.local/lib/python3.7/site-packages/airflow/example_dags/example_latest_only_with_trigger.py for tasks to queue
[2025-07-28T22:58:29.880+0000] {logging_mixin.py:137} INFO - [2025-07-28T22:58:29.880+0000] {dagbag.py:538} INFO - Filling up the DagBag from /home/airflow/.local/lib/python3.7/site-packages/airflow/example_dags/example_latest_only_with_trigger.py
[2025-07-28T22:58:29.898+0000] {processor.py:753} INFO - DAG(s) dict_keys(['latest_only_with_trigger']) retrieved from /home/airflow/.local/lib/python3.7/site-packages/airflow/example_dags/example_latest_only_with_trigger.py
[2025-07-28T22:58:29.928+0000] {logging_mixin.py:137} INFO - [2025-07-28T22:58:29.927+0000] {dag.py:2690} INFO - Sync 1 DAGs
[2025-07-28T22:58:29.956+0000] {logging_mixin.py:137} INFO - [2025-07-28T22:58:29.956+0000] {dag.py:3441} INFO - Setting next_dagrun for latest_only_with_trigger to 2025-07-28T18:58:29.956171+00:00, run_after=2025-07-28T22:58:29.956171+00:00
[2025-07-28T22:58:29.981+0000] {processor.py:175} INFO - Processing /home/airflow/.local/lib/python3.7/site-packages/airflow/example_dags/example_latest_only_with_trigger.py took 0.108 seconds
[2025-07-28T22:59:00.852+0000] {processor.py:153} INFO - Started process (PID=2042) to work on /home/airflow/.local/lib/python3.7/site-packages/airflow/example_dags/example_latest_only_with_trigger.py
[2025-07-28T22:59:00.853+0000] {processor.py:743} INFO - Processing file /home/airflow/.local/lib/python3.7/site-packages/airflow/example_dags/example_latest_only_with_trigger.py for tasks to queue
[2025-07-28T22:59:00.855+0000] {logging_mixin.py:137} INFO - [2025-07-28T22:59:00.854+0000] {dagbag.py:538} INFO - Filling up the DagBag from /home/airflow/.local/lib/python3.7/site-packages/airflow/example_dags/example_latest_only_with_trigger.py
[2025-07-28T22:59:00.885+0000] {processor.py:753} INFO - DAG(s) dict_keys(['latest_only_with_trigger']) retrieved from /home/airflow/.local/lib/python3.7/site-packages/airflow/example_dags/example_latest_only_with_trigger.py
[2025-07-28T22:59:00.946+0000] {logging_mixin.py:137} INFO - [2025-07-28T22:59:00.945+0000] {dag.py:2690} INFO - Sync 1 DAGs
[2025-07-28T22:59:01.013+0000] {logging_mixin.py:137} INFO - [2025-07-28T22:59:01.012+0000] {dag.py:3441} INFO - Setting next_dagrun for latest_only_with_trigger to 2025-07-28T18:59:01.012470+00:00, run_after=2025-07-28T22:59:01.012470+00:00
[2025-07-28T22:59:01.046+0000] {processor.py:175} INFO - Processing /home/airflow/.local/lib/python3.7/site-packages/airflow/example_dags/example_latest_only_with_trigger.py took 0.202 seconds
[2025-07-28T22:59:31.430+0000] {processor.py:153} INFO - Started process (PID=2113) to work on /home/airflow/.local/lib/python3.7/site-packages/airflow/example_dags/example_latest_only_with_trigger.py
[2025-07-28T22:59:31.431+0000] {processor.py:743} INFO - Processing file /home/airflow/.local/lib/python3.7/site-packages/airflow/example_dags/example_latest_only_with_trigger.py for tasks to queue
[2025-07-28T22:59:31.433+0000] {logging_mixin.py:137} INFO - [2025-07-28T22:59:31.432+0000] {dagbag.py:538} INFO - Filling up the DagBag from /home/airflow/.local/lib/python3.7/site-packages/airflow/example_dags/example_latest_only_with_trigger.py
[2025-07-28T22:59:31.459+0000] {processor.py:753} INFO - DAG(s) dict_keys(['latest_only_with_trigger']) retrieved from /home/airflow/.local/lib/python3.7/site-packages/airflow/example_dags/example_latest_only_with_trigger.py
[2025-07-28T22:59:31.500+0000] {logging_mixin.py:137} INFO - [2025-07-28T22:59:31.500+0000] {dag.py:2690} INFO - Sync 1 DAGs
[2025-07-28T22:59:31.544+0000] {logging_mixin.py:137} INFO - [2025-07-28T22:59:31.544+0000] {dag.py:3441} INFO - Setting next_dagrun for latest_only_with_trigger to 2025-07-28T18:59:31.544139+00:00, run_after=2025-07-28T22:59:31.544139+00:00
[2025-07-28T22:59:31.572+0000] {processor.py:175} INFO - Processing /home/airflow/.local/lib/python3.7/site-packages/airflow/example_dags/example_latest_only_with_trigger.py took 0.146 seconds
[2025-07-28T23:00:02.581+0000] {processor.py:153} INFO - Started process (PID=2185) to work on /home/airflow/.local/lib/python3.7/site-packages/airflow/example_dags/example_latest_only_with_trigger.py
[2025-07-28T23:00:02.582+0000] {processor.py:743} INFO - Processing file /home/airflow/.local/lib/python3.7/site-packages/airflow/example_dags/example_latest_only_with_trigger.py for tasks to queue
[2025-07-28T23:00:02.584+0000] {logging_mixin.py:137} INFO - [2025-07-28T23:00:02.583+0000] {dagbag.py:538} INFO - Filling up the DagBag from /home/airflow/.local/lib/python3.7/site-packages/airflow/example_dags/example_latest_only_with_trigger.py
[2025-07-28T23:00:02.602+0000] {processor.py:753} INFO - DAG(s) dict_keys(['latest_only_with_trigger']) retrieved from /home/airflow/.local/lib/python3.7/site-packages/airflow/example_dags/example_latest_only_with_trigger.py
[2025-07-28T23:00:02.630+0000] {logging_mixin.py:137} INFO - [2025-07-28T23:00:02.630+0000] {dag.py:2690} INFO - Sync 1 DAGs
[2025-07-28T23:00:02.659+0000] {logging_mixin.py:137} INFO - [2025-07-28T23:00:02.659+0000] {dag.py:3441} INFO - Setting next_dagrun for latest_only_with_trigger to 2025-07-28T19:00:02.659068+00:00, run_after=2025-07-28T23:00:02.659068+00:00
[2025-07-28T23:00:02.685+0000] {processor.py:175} INFO - Processing /home/airflow/.local/lib/python3.7/site-packages/airflow/example_dags/example_latest_only_with_trigger.py took 0.108 seconds
[2025-07-28T23:00:33.676+0000] {processor.py:153} INFO - Started process (PID=2272) to work on /home/airflow/.local/lib/python3.7/site-packages/airflow/example_dags/example_latest_only_with_trigger.py
[2025-07-28T23:00:33.678+0000] {processor.py:743} INFO - Processing file /home/airflow/.local/lib/python3.7/site-packages/airflow/example_dags/example_latest_only_with_trigger.py for tasks to queue
[2025-07-28T23:00:33.680+0000] {logging_mixin.py:137} INFO - [2025-07-28T23:00:33.679+0000] {dagbag.py:538} INFO - Filling up the DagBag from /home/airflow/.local/lib/python3.7/site-packages/airflow/example_dags/example_latest_only_with_trigger.py
[2025-07-28T23:00:33.710+0000] {processor.py:753} INFO - DAG(s) dict_keys(['latest_only_with_trigger']) retrieved from /home/airflow/.local/lib/python3.7/site-packages/airflow/example_dags/example_latest_only_with_trigger.py
[2025-07-28T23:00:33.744+0000] {logging_mixin.py:137} INFO - [2025-07-28T23:00:33.744+0000] {dag.py:2690} INFO - Sync 1 DAGs
[2025-07-28T23:00:33.781+0000] {logging_mixin.py:137} INFO - [2025-07-28T23:00:33.781+0000] {dag.py:3441} INFO - Setting next_dagrun for latest_only_with_trigger to 2025-07-28T19:00:33.780874+00:00, run_after=2025-07-28T23:00:33.780874+00:00
[2025-07-28T23:00:33.820+0000] {processor.py:175} INFO - Processing /home/airflow/.local/lib/python3.7/site-packages/airflow/example_dags/example_latest_only_with_trigger.py took 0.149 seconds
[2025-07-28T23:01:05.270+0000] {processor.py:153} INFO - Started process (PID=2343) to work on /home/airflow/.local/lib/python3.7/site-packages/airflow/example_dags/example_latest_only_with_trigger.py
[2025-07-28T23:01:05.271+0000] {processor.py:743} INFO - Processing file /home/airflow/.local/lib/python3.7/site-packages/airflow/example_dags/example_latest_only_with_trigger.py for tasks to queue
[2025-07-28T23:01:05.272+0000] {logging_mixin.py:137} INFO - [2025-07-28T23:01:05.272+0000] {dagbag.py:538} INFO - Filling up the DagBag from /home/airflow/.local/lib/python3.7/site-packages/airflow/example_dags/example_latest_only_with_trigger.py
[2025-07-28T23:01:05.289+0000] {processor.py:753} INFO - DAG(s) dict_keys(['latest_only_with_trigger']) retrieved from /home/airflow/.local/lib/python3.7/site-packages/airflow/example_dags/example_latest_only_with_trigger.py
[2025-07-28T23:01:05.323+0000] {logging_mixin.py:137} INFO - [2025-07-28T23:01:05.323+0000] {dag.py:2690} INFO - Sync 1 DAGs
[2025-07-28T23:01:05.353+0000] {logging_mixin.py:137} INFO - [2025-07-28T23:01:05.353+0000] {dag.py:3441} INFO - Setting next_dagrun for latest_only_with_trigger to 2025-07-28T19:01:05.353071+00:00, run_after=2025-07-28T23:01:05.353071+00:00
[2025-07-28T23:01:05.386+0000] {processor.py:175} INFO - Processing /home/airflow/.local/lib/python3.7/site-packages/airflow/example_dags/example_latest_only_with_trigger.py took 0.120 seconds
[2025-07-28T23:01:35.807+0000] {processor.py:153} INFO - Started process (PID=2431) to work on /home/airflow/.local/lib/python3.7/site-packages/airflow/example_dags/example_latest_only_with_trigger.py
[2025-07-28T23:01:35.809+0000] {processor.py:743} INFO - Processing file /home/airflow/.local/lib/python3.7/site-packages/airflow/example_dags/example_latest_only_with_trigger.py for tasks to queue
[2025-07-28T23:01:35.810+0000] {logging_mixin.py:137} INFO - [2025-07-28T23:01:35.810+0000] {dagbag.py:538} INFO - Filling up the DagBag from /home/airflow/.local/lib/python3.7/site-packages/airflow/example_dags/example_latest_only_with_trigger.py
[2025-07-28T23:01:35.829+0000] {processor.py:753} INFO - DAG(s) dict_keys(['latest_only_with_trigger']) retrieved from /home/airflow/.local/lib/python3.7/site-packages/airflow/example_dags/example_latest_only_with_trigger.py
[2025-07-28T23:01:35.861+0000] {logging_mixin.py:137} INFO - [2025-07-28T23:01:35.861+0000] {dag.py:2690} INFO - Sync 1 DAGs
[2025-07-28T23:01:35.901+0000] {logging_mixin.py:137} INFO - [2025-07-28T23:01:35.901+0000] {dag.py:3441} INFO - Setting next_dagrun for latest_only_with_trigger to 2025-07-28T19:01:35.900857+00:00, run_after=2025-07-28T23:01:35.900857+00:00
[2025-07-28T23:01:35.931+0000] {processor.py:175} INFO - Processing /home/airflow/.local/lib/python3.7/site-packages/airflow/example_dags/example_latest_only_with_trigger.py took 0.129 seconds
[2025-07-28T23:02:06.544+0000] {processor.py:153} INFO - Started process (PID=2502) to work on /home/airflow/.local/lib/python3.7/site-packages/airflow/example_dags/example_latest_only_with_trigger.py
[2025-07-28T23:02:06.546+0000] {processor.py:743} INFO - Processing file /home/airflow/.local/lib/python3.7/site-packages/airflow/example_dags/example_latest_only_with_trigger.py for tasks to queue
[2025-07-28T23:02:06.547+0000] {logging_mixin.py:137} INFO - [2025-07-28T23:02:06.547+0000] {dagbag.py:538} INFO - Filling up the DagBag from /home/airflow/.local/lib/python3.7/site-packages/airflow/example_dags/example_latest_only_with_trigger.py
[2025-07-28T23:02:06.573+0000] {processor.py:753} INFO - DAG(s) dict_keys(['latest_only_with_trigger']) retrieved from /home/airflow/.local/lib/python3.7/site-packages/airflow/example_dags/example_latest_only_with_trigger.py
[2025-07-28T23:02:06.613+0000] {logging_mixin.py:137} INFO - [2025-07-28T23:02:06.612+0000] {dag.py:2690} INFO - Sync 1 DAGs
[2025-07-28T23:02:06.658+0000] {logging_mixin.py:137} INFO - [2025-07-28T23:02:06.658+0000] {dag.py:3441} INFO - Setting next_dagrun for latest_only_with_trigger to 2025-07-28T19:02:06.657614+00:00, run_after=2025-07-28T23:02:06.657614+00:00
[2025-07-28T23:02:06.691+0000] {processor.py:175} INFO - Processing /home/airflow/.local/lib/python3.7/site-packages/airflow/example_dags/example_latest_only_with_trigger.py took 0.152 seconds
[2025-07-28T23:02:37.514+0000] {processor.py:153} INFO - Started process (PID=2588) to work on /home/airflow/.local/lib/python3.7/site-packages/airflow/example_dags/example_latest_only_with_trigger.py
[2025-07-28T23:02:37.517+0000] {processor.py:743} INFO - Processing file /home/airflow/.local/lib/python3.7/site-packages/airflow/example_dags/example_latest_only_with_trigger.py for tasks to queue
[2025-07-28T23:02:37.519+0000] {logging_mixin.py:137} INFO - [2025-07-28T23:02:37.519+0000] {dagbag.py:538} INFO - Filling up the DagBag from /home/airflow/.local/lib/python3.7/site-packages/airflow/example_dags/example_latest_only_with_trigger.py
[2025-07-28T23:02:37.548+0000] {processor.py:753} INFO - DAG(s) dict_keys(['latest_only_with_trigger']) retrieved from /home/airflow/.local/lib/python3.7/site-packages/airflow/example_dags/example_latest_only_with_trigger.py
[2025-07-28T23:02:37.575+0000] {logging_mixin.py:137} INFO - [2025-07-28T23:02:37.575+0000] {dag.py:2690} INFO - Sync 1 DAGs
[2025-07-28T23:02:37.625+0000] {logging_mixin.py:137} INFO - [2025-07-28T23:02:37.625+0000] {dag.py:3441} INFO - Setting next_dagrun for latest_only_with_trigger to 2025-07-28T19:02:37.624857+00:00, run_after=2025-07-28T23:02:37.624857+00:00
[2025-07-28T23:02:37.676+0000] {processor.py:175} INFO - Processing /home/airflow/.local/lib/python3.7/site-packages/airflow/example_dags/example_latest_only_with_trigger.py took 0.171 seconds
[2025-07-28T23:03:08.239+0000] {processor.py:153} INFO - Started process (PID=2659) to work on /home/airflow/.local/lib/python3.7/site-packages/airflow/example_dags/example_latest_only_with_trigger.py
[2025-07-28T23:03:08.241+0000] {processor.py:743} INFO - Processing file /home/airflow/.local/lib/python3.7/site-packages/airflow/example_dags/example_latest_only_with_trigger.py for tasks to queue
[2025-07-28T23:03:08.242+0000] {logging_mixin.py:137} INFO - [2025-07-28T23:03:08.242+0000] {dagbag.py:538} INFO - Filling up the DagBag from /home/airflow/.local/lib/python3.7/site-packages/airflow/example_dags/example_latest_only_with_trigger.py
[2025-07-28T23:03:08.261+0000] {processor.py:753} INFO - DAG(s) dict_keys(['latest_only_with_trigger']) retrieved from /home/airflow/.local/lib/python3.7/site-packages/airflow/example_dags/example_latest_only_with_trigger.py
[2025-07-28T23:03:08.280+0000] {logging_mixin.py:137} INFO - [2025-07-28T23:03:08.280+0000] {dag.py:2690} INFO - Sync 1 DAGs
[2025-07-28T23:03:08.310+0000] {logging_mixin.py:137} INFO - [2025-07-28T23:03:08.310+0000] {dag.py:3441} INFO - Setting next_dagrun for latest_only_with_trigger to 2025-07-28T19:03:08.309788+00:00, run_after=2025-07-28T23:03:08.309788+00:00
[2025-07-28T23:03:08.344+0000] {processor.py:175} INFO - Processing /home/airflow/.local/lib/python3.7/site-packages/airflow/example_dags/example_latest_only_with_trigger.py took 0.111 seconds
[2025-07-28T23:03:38.823+0000] {processor.py:153} INFO - Started process (PID=2730) to work on /home/airflow/.local/lib/python3.7/site-packages/airflow/example_dags/example_latest_only_with_trigger.py
[2025-07-28T23:03:38.831+0000] {processor.py:743} INFO - Processing file /home/airflow/.local/lib/python3.7/site-packages/airflow/example_dags/example_latest_only_with_trigger.py for tasks to queue
[2025-07-28T23:03:38.832+0000] {logging_mixin.py:137} INFO - [2025-07-28T23:03:38.832+0000] {dagbag.py:538} INFO - Filling up the DagBag from /home/airflow/.local/lib/python3.7/site-packages/airflow/example_dags/example_latest_only_with_trigger.py
[2025-07-28T23:03:38.864+0000] {processor.py:753} INFO - DAG(s) dict_keys(['latest_only_with_trigger']) retrieved from /home/airflow/.local/lib/python3.7/site-packages/airflow/example_dags/example_latest_only_with_trigger.py
[2025-07-28T23:03:38.892+0000] {logging_mixin.py:137} INFO - [2025-07-28T23:03:38.892+0000] {dag.py:2690} INFO - Sync 1 DAGs
[2025-07-28T23:03:38.946+0000] {logging_mixin.py:137} INFO - [2025-07-28T23:03:38.946+0000] {dag.py:3441} INFO - Setting next_dagrun for latest_only_with_trigger to 2025-07-28T19:03:38.946415+00:00, run_after=2025-07-28T23:03:38.946415+00:00
[2025-07-28T23:03:38.983+0000] {processor.py:175} INFO - Processing /home/airflow/.local/lib/python3.7/site-packages/airflow/example_dags/example_latest_only_with_trigger.py took 0.165 seconds
[2025-07-28T23:04:09.222+0000] {processor.py:153} INFO - Started process (PID=2817) to work on /home/airflow/.local/lib/python3.7/site-packages/airflow/example_dags/example_latest_only_with_trigger.py
[2025-07-28T23:04:09.224+0000] {processor.py:743} INFO - Processing file /home/airflow/.local/lib/python3.7/site-packages/airflow/example_dags/example_latest_only_with_trigger.py for tasks to queue
[2025-07-28T23:04:09.225+0000] {logging_mixin.py:137} INFO - [2025-07-28T23:04:09.225+0000] {dagbag.py:538} INFO - Filling up the DagBag from /home/airflow/.local/lib/python3.7/site-packages/airflow/example_dags/example_latest_only_with_trigger.py
[2025-07-28T23:04:09.246+0000] {processor.py:753} INFO - DAG(s) dict_keys(['latest_only_with_trigger']) retrieved from /home/airflow/.local/lib/python3.7/site-packages/airflow/example_dags/example_latest_only_with_trigger.py
[2025-07-28T23:04:09.281+0000] {logging_mixin.py:137} INFO - [2025-07-28T23:04:09.281+0000] {dag.py:2690} INFO - Sync 1 DAGs
[2025-07-28T23:04:09.327+0000] {logging_mixin.py:137} INFO - [2025-07-28T23:04:09.327+0000] {dag.py:3441} INFO - Setting next_dagrun for latest_only_with_trigger to 2025-07-28T19:04:09.326765+00:00, run_after=2025-07-28T23:04:09.326765+00:00
[2025-07-28T23:04:09.355+0000] {processor.py:175} INFO - Processing /home/airflow/.local/lib/python3.7/site-packages/airflow/example_dags/example_latest_only_with_trigger.py took 0.140 seconds
[2025-07-28T23:04:39.556+0000] {processor.py:153} INFO - Started process (PID=2887) to work on /home/airflow/.local/lib/python3.7/site-packages/airflow/example_dags/example_latest_only_with_trigger.py
[2025-07-28T23:04:39.557+0000] {processor.py:743} INFO - Processing file /home/airflow/.local/lib/python3.7/site-packages/airflow/example_dags/example_latest_only_with_trigger.py for tasks to queue
[2025-07-28T23:04:39.558+0000] {logging_mixin.py:137} INFO - [2025-07-28T23:04:39.558+0000] {dagbag.py:538} INFO - Filling up the DagBag from /home/airflow/.local/lib/python3.7/site-packages/airflow/example_dags/example_latest_only_with_trigger.py
[2025-07-28T23:04:39.571+0000] {processor.py:753} INFO - DAG(s) dict_keys(['latest_only_with_trigger']) retrieved from /home/airflow/.local/lib/python3.7/site-packages/airflow/example_dags/example_latest_only_with_trigger.py
[2025-07-28T23:04:39.598+0000] {logging_mixin.py:137} INFO - [2025-07-28T23:04:39.598+0000] {dag.py:2690} INFO - Sync 1 DAGs
[2025-07-28T23:04:39.621+0000] {logging_mixin.py:137} INFO - [2025-07-28T23:04:39.621+0000] {dag.py:3441} INFO - Setting next_dagrun for latest_only_with_trigger to 2025-07-28T19:04:39.621420+00:00, run_after=2025-07-28T23:04:39.621420+00:00
[2025-07-28T23:04:39.644+0000] {processor.py:175} INFO - Processing /home/airflow/.local/lib/python3.7/site-packages/airflow/example_dags/example_latest_only_with_trigger.py took 0.092 seconds
[2025-07-28T23:05:09.856+0000] {processor.py:153} INFO - Started process (PID=2958) to work on /home/airflow/.local/lib/python3.7/site-packages/airflow/example_dags/example_latest_only_with_trigger.py
[2025-07-28T23:05:09.857+0000] {processor.py:743} INFO - Processing file /home/airflow/.local/lib/python3.7/site-packages/airflow/example_dags/example_latest_only_with_trigger.py for tasks to queue
[2025-07-28T23:05:09.858+0000] {logging_mixin.py:137} INFO - [2025-07-28T23:05:09.858+0000] {dagbag.py:538} INFO - Filling up the DagBag from /home/airflow/.local/lib/python3.7/site-packages/airflow/example_dags/example_latest_only_with_trigger.py
[2025-07-28T23:05:09.875+0000] {processor.py:753} INFO - DAG(s) dict_keys(['latest_only_with_trigger']) retrieved from /home/airflow/.local/lib/python3.7/site-packages/airflow/example_dags/example_latest_only_with_trigger.py
[2025-07-28T23:05:09.910+0000] {logging_mixin.py:137} INFO - [2025-07-28T23:05:09.910+0000] {dag.py:2690} INFO - Sync 1 DAGs
[2025-07-28T23:05:09.944+0000] {logging_mixin.py:137} INFO - [2025-07-28T23:05:09.944+0000] {dag.py:3441} INFO - Setting next_dagrun for latest_only_with_trigger to 2025-07-28T19:05:09.943952+00:00, run_after=2025-07-28T23:05:09.943952+00:00
[2025-07-28T23:05:09.971+0000] {processor.py:175} INFO - Processing /home/airflow/.local/lib/python3.7/site-packages/airflow/example_dags/example_latest_only_with_trigger.py took 0.119 seconds
[2025-07-28T23:05:40.964+0000] {processor.py:153} INFO - Started process (PID=3046) to work on /home/airflow/.local/lib/python3.7/site-packages/airflow/example_dags/example_latest_only_with_trigger.py
[2025-07-28T23:05:40.965+0000] {processor.py:743} INFO - Processing file /home/airflow/.local/lib/python3.7/site-packages/airflow/example_dags/example_latest_only_with_trigger.py for tasks to queue
[2025-07-28T23:05:40.966+0000] {logging_mixin.py:137} INFO - [2025-07-28T23:05:40.966+0000] {dagbag.py:538} INFO - Filling up the DagBag from /home/airflow/.local/lib/python3.7/site-packages/airflow/example_dags/example_latest_only_with_trigger.py
[2025-07-28T23:05:40.981+0000] {processor.py:753} INFO - DAG(s) dict_keys(['latest_only_with_trigger']) retrieved from /home/airflow/.local/lib/python3.7/site-packages/airflow/example_dags/example_latest_only_with_trigger.py
[2025-07-28T23:05:41.009+0000] {logging_mixin.py:137} INFO - [2025-07-28T23:05:41.009+0000] {dag.py:2690} INFO - Sync 1 DAGs
[2025-07-28T23:05:41.039+0000] {logging_mixin.py:137} INFO - [2025-07-28T23:05:41.039+0000] {dag.py:3441} INFO - Setting next_dagrun for latest_only_with_trigger to 2025-07-28T19:05:41.038964+00:00, run_after=2025-07-28T23:05:41.038964+00:00
[2025-07-28T23:05:41.063+0000] {processor.py:175} INFO - Processing /home/airflow/.local/lib/python3.7/site-packages/airflow/example_dags/example_latest_only_with_trigger.py took 0.103 seconds
[2025-07-28T23:06:11.403+0000] {processor.py:153} INFO - Started process (PID=3118) to work on /home/airflow/.local/lib/python3.7/site-packages/airflow/example_dags/example_latest_only_with_trigger.py
[2025-07-28T23:06:11.404+0000] {processor.py:743} INFO - Processing file /home/airflow/.local/lib/python3.7/site-packages/airflow/example_dags/example_latest_only_with_trigger.py for tasks to queue
[2025-07-28T23:06:11.405+0000] {logging_mixin.py:137} INFO - [2025-07-28T23:06:11.405+0000] {dagbag.py:538} INFO - Filling up the DagBag from /home/airflow/.local/lib/python3.7/site-packages/airflow/example_dags/example_latest_only_with_trigger.py
[2025-07-28T23:06:11.419+0000] {processor.py:753} INFO - DAG(s) dict_keys(['latest_only_with_trigger']) retrieved from /home/airflow/.local/lib/python3.7/site-packages/airflow/example_dags/example_latest_only_with_trigger.py
[2025-07-28T23:06:11.448+0000] {logging_mixin.py:137} INFO - [2025-07-28T23:06:11.447+0000] {dag.py:2690} INFO - Sync 1 DAGs
[2025-07-28T23:06:11.472+0000] {logging_mixin.py:137} INFO - [2025-07-28T23:06:11.472+0000] {dag.py:3441} INFO - Setting next_dagrun for latest_only_with_trigger to 2025-07-28T19:06:11.472035+00:00, run_after=2025-07-28T23:06:11.472035+00:00
[2025-07-28T23:06:11.494+0000] {processor.py:175} INFO - Processing /home/airflow/.local/lib/python3.7/site-packages/airflow/example_dags/example_latest_only_with_trigger.py took 0.094 seconds
[2025-07-28T23:06:41.739+0000] {processor.py:153} INFO - Started process (PID=3190) to work on /home/airflow/.local/lib/python3.7/site-packages/airflow/example_dags/example_latest_only_with_trigger.py
[2025-07-28T23:06:41.741+0000] {processor.py:743} INFO - Processing file /home/airflow/.local/lib/python3.7/site-packages/airflow/example_dags/example_latest_only_with_trigger.py for tasks to queue
[2025-07-28T23:06:41.744+0000] {logging_mixin.py:137} INFO - [2025-07-28T23:06:41.743+0000] {dagbag.py:538} INFO - Filling up the DagBag from /home/airflow/.local/lib/python3.7/site-packages/airflow/example_dags/example_latest_only_with_trigger.py
[2025-07-28T23:06:41.770+0000] {processor.py:753} INFO - DAG(s) dict_keys(['latest_only_with_trigger']) retrieved from /home/airflow/.local/lib/python3.7/site-packages/airflow/example_dags/example_latest_only_with_trigger.py
[2025-07-28T23:06:41.806+0000] {logging_mixin.py:137} INFO - [2025-07-28T23:06:41.806+0000] {dag.py:2690} INFO - Sync 1 DAGs
[2025-07-28T23:06:41.845+0000] {logging_mixin.py:137} INFO - [2025-07-28T23:06:41.845+0000] {dag.py:3441} INFO - Setting next_dagrun for latest_only_with_trigger to 2025-07-28T19:06:41.845148+00:00, run_after=2025-07-28T23:06:41.845148+00:00
[2025-07-28T23:06:41.880+0000] {processor.py:175} INFO - Processing /home/airflow/.local/lib/python3.7/site-packages/airflow/example_dags/example_latest_only_with_trigger.py took 0.147 seconds
