[2025-07-28T22:45:39.337+0000] {processor.py:153} INFO - Started process (PID=74) to work on /home/airflow/.local/lib/python3.7/site-packages/airflow/example_dags/example_sensors.py
[2025-07-28T22:45:39.339+0000] {processor.py:743} INFO - Processing file /home/airflow/.local/lib/python3.7/site-packages/airflow/example_dags/example_sensors.py for tasks to queue
[2025-07-28T22:45:39.341+0000] {logging_mixin.py:137} INFO - [2025-07-28T22:45:39.340+0000] {dagbag.py:538} INFO - Filling up the DagBag from /home/airflow/.local/lib/python3.7/site-packages/airflow/example_dags/example_sensors.py
[2025-07-28T22:45:39.396+0000] {processor.py:753} INFO - DAG(s) dict_keys(['example_sensors']) retrieved from /home/airflow/.local/lib/python3.7/site-packages/airflow/example_dags/example_sensors.py
[2025-07-28T22:45:39.620+0000] {logging_mixin.py:137} INFO - [2025-07-28T22:45:39.619+0000] {manager.py:504} INFO - Created Permission View: can delete on DAG:example_sensors
[2025-07-28T22:45:39.634+0000] {logging_mixin.py:137} INFO - [2025-07-28T22:45:39.634+0000] {manager.py:504} INFO - Created Permission View: can read on DAG:example_sensors
[2025-07-28T22:45:39.645+0000] {logging_mixin.py:137} INFO - [2025-07-28T22:45:39.645+0000] {manager.py:504} INFO - Created Permission View: can edit on DAG:example_sensors
[2025-07-28T22:45:39.646+0000] {logging_mixin.py:137} INFO - [2025-07-28T22:45:39.645+0000] {dag.py:2690} INFO - Sync 1 DAGs
[2025-07-28T22:45:39.670+0000] {logging_mixin.py:137} INFO - [2025-07-28T22:45:39.670+0000] {dag.py:2711} INFO - Creating ORM DAG for example_sensors
[2025-07-28T22:45:39.691+0000] {logging_mixin.py:137} INFO - [2025-07-28T22:45:39.690+0000] {dag.py:3441} INFO - Setting next_dagrun for example_sensors to None, run_after=None
[2025-07-28T22:45:39.721+0000] {processor.py:175} INFO - Processing /home/airflow/.local/lib/python3.7/site-packages/airflow/example_dags/example_sensors.py took 0.390 seconds
[2025-07-28T22:46:10.372+0000] {processor.py:153} INFO - Started process (PID=145) to work on /home/airflow/.local/lib/python3.7/site-packages/airflow/example_dags/example_sensors.py
[2025-07-28T22:46:10.380+0000] {processor.py:743} INFO - Processing file /home/airflow/.local/lib/python3.7/site-packages/airflow/example_dags/example_sensors.py for tasks to queue
[2025-07-28T22:46:10.383+0000] {logging_mixin.py:137} INFO - [2025-07-28T22:46:10.383+0000] {dagbag.py:538} INFO - Filling up the DagBag from /home/airflow/.local/lib/python3.7/site-packages/airflow/example_dags/example_sensors.py
[2025-07-28T22:46:10.473+0000] {processor.py:753} INFO - DAG(s) dict_keys(['example_sensors']) retrieved from /home/airflow/.local/lib/python3.7/site-packages/airflow/example_dags/example_sensors.py
[2025-07-28T22:46:10.513+0000] {logging_mixin.py:137} INFO - [2025-07-28T22:46:10.513+0000] {dag.py:2690} INFO - Sync 1 DAGs
[2025-07-28T22:46:10.625+0000] {logging_mixin.py:137} INFO - [2025-07-28T22:46:10.624+0000] {dag.py:3441} INFO - Setting next_dagrun for example_sensors to None, run_after=None
[2025-07-28T22:46:10.692+0000] {processor.py:175} INFO - Processing /home/airflow/.local/lib/python3.7/site-packages/airflow/example_dags/example_sensors.py took 0.336 seconds
[2025-07-28T22:46:41.393+0000] {processor.py:153} INFO - Started process (PID=215) to work on /home/airflow/.local/lib/python3.7/site-packages/airflow/example_dags/example_sensors.py
[2025-07-28T22:46:41.395+0000] {processor.py:743} INFO - Processing file /home/airflow/.local/lib/python3.7/site-packages/airflow/example_dags/example_sensors.py for tasks to queue
[2025-07-28T22:46:41.397+0000] {logging_mixin.py:137} INFO - [2025-07-28T22:46:41.396+0000] {dagbag.py:538} INFO - Filling up the DagBag from /home/airflow/.local/lib/python3.7/site-packages/airflow/example_dags/example_sensors.py
[2025-07-28T22:46:41.433+0000] {processor.py:753} INFO - DAG(s) dict_keys(['example_sensors']) retrieved from /home/airflow/.local/lib/python3.7/site-packages/airflow/example_dags/example_sensors.py
[2025-07-28T22:46:41.480+0000] {logging_mixin.py:137} INFO - [2025-07-28T22:46:41.479+0000] {dag.py:2690} INFO - Sync 1 DAGs
[2025-07-28T22:46:41.526+0000] {logging_mixin.py:137} INFO - [2025-07-28T22:46:41.525+0000] {dag.py:3441} INFO - Setting next_dagrun for example_sensors to None, run_after=None
[2025-07-28T22:46:41.562+0000] {processor.py:175} INFO - Processing /home/airflow/.local/lib/python3.7/site-packages/airflow/example_dags/example_sensors.py took 0.176 seconds
[2025-07-28T22:47:11.803+0000] {processor.py:153} INFO - Started process (PID=286) to work on /home/airflow/.local/lib/python3.7/site-packages/airflow/example_dags/example_sensors.py
[2025-07-28T22:47:11.805+0000] {processor.py:743} INFO - Processing file /home/airflow/.local/lib/python3.7/site-packages/airflow/example_dags/example_sensors.py for tasks to queue
[2025-07-28T22:47:11.810+0000] {logging_mixin.py:137} INFO - [2025-07-28T22:47:11.810+0000] {dagbag.py:538} INFO - Filling up the DagBag from /home/airflow/.local/lib/python3.7/site-packages/airflow/example_dags/example_sensors.py
[2025-07-28T22:47:11.898+0000] {processor.py:753} INFO - DAG(s) dict_keys(['example_sensors']) retrieved from /home/airflow/.local/lib/python3.7/site-packages/airflow/example_dags/example_sensors.py
[2025-07-28T22:47:11.983+0000] {logging_mixin.py:137} INFO - [2025-07-28T22:47:11.983+0000] {dag.py:2690} INFO - Sync 1 DAGs
[2025-07-28T22:47:12.060+0000] {logging_mixin.py:137} INFO - [2025-07-28T22:47:12.060+0000] {dag.py:3441} INFO - Setting next_dagrun for example_sensors to None, run_after=None
[2025-07-28T22:47:12.111+0000] {processor.py:175} INFO - Processing /home/airflow/.local/lib/python3.7/site-packages/airflow/example_dags/example_sensors.py took 0.323 seconds
[2025-07-28T22:47:42.648+0000] {processor.py:153} INFO - Started process (PID=366) to work on /home/airflow/.local/lib/python3.7/site-packages/airflow/example_dags/example_sensors.py
[2025-07-28T22:47:42.651+0000] {processor.py:743} INFO - Processing file /home/airflow/.local/lib/python3.7/site-packages/airflow/example_dags/example_sensors.py for tasks to queue
[2025-07-28T22:47:42.653+0000] {logging_mixin.py:137} INFO - [2025-07-28T22:47:42.653+0000] {dagbag.py:538} INFO - Filling up the DagBag from /home/airflow/.local/lib/python3.7/site-packages/airflow/example_dags/example_sensors.py
[2025-07-28T22:47:42.685+0000] {processor.py:753} INFO - DAG(s) dict_keys(['example_sensors']) retrieved from /home/airflow/.local/lib/python3.7/site-packages/airflow/example_dags/example_sensors.py
[2025-07-28T22:47:42.740+0000] {logging_mixin.py:137} INFO - [2025-07-28T22:47:42.740+0000] {dag.py:2690} INFO - Sync 1 DAGs
[2025-07-28T22:47:42.795+0000] {logging_mixin.py:137} INFO - [2025-07-28T22:47:42.795+0000] {dag.py:3441} INFO - Setting next_dagrun for example_sensors to None, run_after=None
[2025-07-28T22:47:42.860+0000] {processor.py:175} INFO - Processing /home/airflow/.local/lib/python3.7/site-packages/airflow/example_dags/example_sensors.py took 0.220 seconds
[2025-07-28T22:48:13.433+0000] {processor.py:153} INFO - Started process (PID=443) to work on /home/airflow/.local/lib/python3.7/site-packages/airflow/example_dags/example_sensors.py
[2025-07-28T22:48:13.436+0000] {processor.py:743} INFO - Processing file /home/airflow/.local/lib/python3.7/site-packages/airflow/example_dags/example_sensors.py for tasks to queue
[2025-07-28T22:48:13.438+0000] {logging_mixin.py:137} INFO - [2025-07-28T22:48:13.437+0000] {dagbag.py:538} INFO - Filling up the DagBag from /home/airflow/.local/lib/python3.7/site-packages/airflow/example_dags/example_sensors.py
[2025-07-28T22:48:13.512+0000] {processor.py:753} INFO - DAG(s) dict_keys(['example_sensors']) retrieved from /home/airflow/.local/lib/python3.7/site-packages/airflow/example_dags/example_sensors.py
[2025-07-28T22:48:13.624+0000] {logging_mixin.py:137} INFO - [2025-07-28T22:48:13.624+0000] {dag.py:2690} INFO - Sync 1 DAGs
[2025-07-28T22:48:13.726+0000] {logging_mixin.py:137} INFO - [2025-07-28T22:48:13.726+0000] {dag.py:3441} INFO - Setting next_dagrun for example_sensors to None, run_after=None
[2025-07-28T22:48:13.819+0000] {processor.py:175} INFO - Processing /home/airflow/.local/lib/python3.7/site-packages/airflow/example_dags/example_sensors.py took 0.395 seconds
[2025-07-28T22:48:44.042+0000] {processor.py:153} INFO - Started process (PID=514) to work on /home/airflow/.local/lib/python3.7/site-packages/airflow/example_dags/example_sensors.py
[2025-07-28T22:48:44.044+0000] {processor.py:743} INFO - Processing file /home/airflow/.local/lib/python3.7/site-packages/airflow/example_dags/example_sensors.py for tasks to queue
[2025-07-28T22:48:44.045+0000] {logging_mixin.py:137} INFO - [2025-07-28T22:48:44.045+0000] {dagbag.py:538} INFO - Filling up the DagBag from /home/airflow/.local/lib/python3.7/site-packages/airflow/example_dags/example_sensors.py
[2025-07-28T22:48:44.083+0000] {processor.py:753} INFO - DAG(s) dict_keys(['example_sensors']) retrieved from /home/airflow/.local/lib/python3.7/site-packages/airflow/example_dags/example_sensors.py
[2025-07-28T22:48:44.133+0000] {logging_mixin.py:137} INFO - [2025-07-28T22:48:44.133+0000] {dag.py:2690} INFO - Sync 1 DAGs
[2025-07-28T22:48:44.181+0000] {logging_mixin.py:137} INFO - [2025-07-28T22:48:44.181+0000] {dag.py:3441} INFO - Setting next_dagrun for example_sensors to None, run_after=None
[2025-07-28T22:48:44.215+0000] {processor.py:175} INFO - Processing /home/airflow/.local/lib/python3.7/site-packages/airflow/example_dags/example_sensors.py took 0.181 seconds
[2025-07-28T22:49:14.741+0000] {processor.py:153} INFO - Started process (PID=585) to work on /home/airflow/.local/lib/python3.7/site-packages/airflow/example_dags/example_sensors.py
[2025-07-28T22:49:14.743+0000] {processor.py:743} INFO - Processing file /home/airflow/.local/lib/python3.7/site-packages/airflow/example_dags/example_sensors.py for tasks to queue
[2025-07-28T22:49:14.745+0000] {logging_mixin.py:137} INFO - [2025-07-28T22:49:14.744+0000] {dagbag.py:538} INFO - Filling up the DagBag from /home/airflow/.local/lib/python3.7/site-packages/airflow/example_dags/example_sensors.py
[2025-07-28T22:49:14.793+0000] {processor.py:753} INFO - DAG(s) dict_keys(['example_sensors']) retrieved from /home/airflow/.local/lib/python3.7/site-packages/airflow/example_dags/example_sensors.py
[2025-07-28T22:49:14.859+0000] {logging_mixin.py:137} INFO - [2025-07-28T22:49:14.859+0000] {dag.py:2690} INFO - Sync 1 DAGs
[2025-07-28T22:49:14.914+0000] {logging_mixin.py:137} INFO - [2025-07-28T22:49:14.914+0000] {dag.py:3441} INFO - Setting next_dagrun for example_sensors to None, run_after=None
[2025-07-28T22:49:14.964+0000] {processor.py:175} INFO - Processing /home/airflow/.local/lib/python3.7/site-packages/airflow/example_dags/example_sensors.py took 0.232 seconds
[2025-07-28T22:49:45.387+0000] {processor.py:153} INFO - Started process (PID=656) to work on /home/airflow/.local/lib/python3.7/site-packages/airflow/example_dags/example_sensors.py
[2025-07-28T22:49:45.389+0000] {processor.py:743} INFO - Processing file /home/airflow/.local/lib/python3.7/site-packages/airflow/example_dags/example_sensors.py for tasks to queue
[2025-07-28T22:49:45.391+0000] {logging_mixin.py:137} INFO - [2025-07-28T22:49:45.391+0000] {dagbag.py:538} INFO - Filling up the DagBag from /home/airflow/.local/lib/python3.7/site-packages/airflow/example_dags/example_sensors.py
[2025-07-28T22:49:45.435+0000] {processor.py:753} INFO - DAG(s) dict_keys(['example_sensors']) retrieved from /home/airflow/.local/lib/python3.7/site-packages/airflow/example_dags/example_sensors.py
[2025-07-28T22:49:45.482+0000] {logging_mixin.py:137} INFO - [2025-07-28T22:49:45.482+0000] {dag.py:2690} INFO - Sync 1 DAGs
[2025-07-28T22:49:45.515+0000] {logging_mixin.py:137} INFO - [2025-07-28T22:49:45.515+0000] {dag.py:3441} INFO - Setting next_dagrun for example_sensors to None, run_after=None
[2025-07-28T22:49:45.542+0000] {processor.py:175} INFO - Processing /home/airflow/.local/lib/python3.7/site-packages/airflow/example_dags/example_sensors.py took 0.159 seconds
[2025-07-28T22:50:16.081+0000] {processor.py:153} INFO - Started process (PID=743) to work on /home/airflow/.local/lib/python3.7/site-packages/airflow/example_dags/example_sensors.py
[2025-07-28T22:50:16.083+0000] {processor.py:743} INFO - Processing file /home/airflow/.local/lib/python3.7/site-packages/airflow/example_dags/example_sensors.py for tasks to queue
[2025-07-28T22:50:16.084+0000] {logging_mixin.py:137} INFO - [2025-07-28T22:50:16.084+0000] {dagbag.py:538} INFO - Filling up the DagBag from /home/airflow/.local/lib/python3.7/site-packages/airflow/example_dags/example_sensors.py
[2025-07-28T22:50:16.118+0000] {processor.py:753} INFO - DAG(s) dict_keys(['example_sensors']) retrieved from /home/airflow/.local/lib/python3.7/site-packages/airflow/example_dags/example_sensors.py
[2025-07-28T22:50:16.167+0000] {logging_mixin.py:137} INFO - [2025-07-28T22:50:16.167+0000] {dag.py:2690} INFO - Sync 1 DAGs
[2025-07-28T22:50:16.210+0000] {logging_mixin.py:137} INFO - [2025-07-28T22:50:16.210+0000] {dag.py:3441} INFO - Setting next_dagrun for example_sensors to None, run_after=None
[2025-07-28T22:50:16.239+0000] {processor.py:175} INFO - Processing /home/airflow/.local/lib/python3.7/site-packages/airflow/example_dags/example_sensors.py took 0.168 seconds
[2025-07-28T22:50:46.978+0000] {processor.py:153} INFO - Started process (PID=814) to work on /home/airflow/.local/lib/python3.7/site-packages/airflow/example_dags/example_sensors.py
[2025-07-28T22:50:46.979+0000] {processor.py:743} INFO - Processing file /home/airflow/.local/lib/python3.7/site-packages/airflow/example_dags/example_sensors.py for tasks to queue
[2025-07-28T22:50:46.980+0000] {logging_mixin.py:137} INFO - [2025-07-28T22:50:46.980+0000] {dagbag.py:538} INFO - Filling up the DagBag from /home/airflow/.local/lib/python3.7/site-packages/airflow/example_dags/example_sensors.py
[2025-07-28T22:50:47.008+0000] {processor.py:753} INFO - DAG(s) dict_keys(['example_sensors']) retrieved from /home/airflow/.local/lib/python3.7/site-packages/airflow/example_dags/example_sensors.py
[2025-07-28T22:50:47.043+0000] {logging_mixin.py:137} INFO - [2025-07-28T22:50:47.043+0000] {dag.py:2690} INFO - Sync 1 DAGs
[2025-07-28T22:50:47.070+0000] {logging_mixin.py:137} INFO - [2025-07-28T22:50:47.070+0000] {dag.py:3441} INFO - Setting next_dagrun for example_sensors to None, run_after=None
[2025-07-28T22:50:47.097+0000] {processor.py:175} INFO - Processing /home/airflow/.local/lib/python3.7/site-packages/airflow/example_dags/example_sensors.py took 0.123 seconds
[2025-07-28T22:51:17.826+0000] {processor.py:153} INFO - Started process (PID=885) to work on /home/airflow/.local/lib/python3.7/site-packages/airflow/example_dags/example_sensors.py
[2025-07-28T22:51:17.828+0000] {processor.py:743} INFO - Processing file /home/airflow/.local/lib/python3.7/site-packages/airflow/example_dags/example_sensors.py for tasks to queue
[2025-07-28T22:51:17.829+0000] {logging_mixin.py:137} INFO - [2025-07-28T22:51:17.829+0000] {dagbag.py:538} INFO - Filling up the DagBag from /home/airflow/.local/lib/python3.7/site-packages/airflow/example_dags/example_sensors.py
[2025-07-28T22:51:17.857+0000] {processor.py:753} INFO - DAG(s) dict_keys(['example_sensors']) retrieved from /home/airflow/.local/lib/python3.7/site-packages/airflow/example_dags/example_sensors.py
[2025-07-28T22:51:17.893+0000] {logging_mixin.py:137} INFO - [2025-07-28T22:51:17.893+0000] {dag.py:2690} INFO - Sync 1 DAGs
[2025-07-28T22:51:17.920+0000] {logging_mixin.py:137} INFO - [2025-07-28T22:51:17.920+0000] {dag.py:3441} INFO - Setting next_dagrun for example_sensors to None, run_after=None
[2025-07-28T22:51:17.948+0000] {processor.py:175} INFO - Processing /home/airflow/.local/lib/python3.7/site-packages/airflow/example_dags/example_sensors.py took 0.128 seconds
[2025-07-28T22:51:48.066+0000] {processor.py:153} INFO - Started process (PID=972) to work on /home/airflow/.local/lib/python3.7/site-packages/airflow/example_dags/example_sensors.py
[2025-07-28T22:51:48.068+0000] {processor.py:743} INFO - Processing file /home/airflow/.local/lib/python3.7/site-packages/airflow/example_dags/example_sensors.py for tasks to queue
[2025-07-28T22:51:48.069+0000] {logging_mixin.py:137} INFO - [2025-07-28T22:51:48.069+0000] {dagbag.py:538} INFO - Filling up the DagBag from /home/airflow/.local/lib/python3.7/site-packages/airflow/example_dags/example_sensors.py
[2025-07-28T22:51:48.101+0000] {processor.py:753} INFO - DAG(s) dict_keys(['example_sensors']) retrieved from /home/airflow/.local/lib/python3.7/site-packages/airflow/example_dags/example_sensors.py
[2025-07-28T22:51:48.136+0000] {logging_mixin.py:137} INFO - [2025-07-28T22:51:48.136+0000] {dag.py:2690} INFO - Sync 1 DAGs
[2025-07-28T22:51:48.167+0000] {logging_mixin.py:137} INFO - [2025-07-28T22:51:48.167+0000] {dag.py:3441} INFO - Setting next_dagrun for example_sensors to None, run_after=None
[2025-07-28T22:51:48.191+0000] {processor.py:175} INFO - Processing /home/airflow/.local/lib/python3.7/site-packages/airflow/example_dags/example_sensors.py took 0.132 seconds
[2025-07-28T22:52:18.758+0000] {processor.py:153} INFO - Started process (PID=1043) to work on /home/airflow/.local/lib/python3.7/site-packages/airflow/example_dags/example_sensors.py
[2025-07-28T22:52:18.759+0000] {processor.py:743} INFO - Processing file /home/airflow/.local/lib/python3.7/site-packages/airflow/example_dags/example_sensors.py for tasks to queue
[2025-07-28T22:52:18.760+0000] {logging_mixin.py:137} INFO - [2025-07-28T22:52:18.760+0000] {dagbag.py:538} INFO - Filling up the DagBag from /home/airflow/.local/lib/python3.7/site-packages/airflow/example_dags/example_sensors.py
[2025-07-28T22:52:18.784+0000] {processor.py:753} INFO - DAG(s) dict_keys(['example_sensors']) retrieved from /home/airflow/.local/lib/python3.7/site-packages/airflow/example_dags/example_sensors.py
[2025-07-28T22:52:18.819+0000] {logging_mixin.py:137} INFO - [2025-07-28T22:52:18.819+0000] {dag.py:2690} INFO - Sync 1 DAGs
[2025-07-28T22:52:18.849+0000] {logging_mixin.py:137} INFO - [2025-07-28T22:52:18.848+0000] {dag.py:3441} INFO - Setting next_dagrun for example_sensors to None, run_after=None
[2025-07-28T22:52:18.876+0000] {processor.py:175} INFO - Processing /home/airflow/.local/lib/python3.7/site-packages/airflow/example_dags/example_sensors.py took 0.123 seconds
[2025-07-28T22:52:49.726+0000] {processor.py:153} INFO - Started process (PID=1130) to work on /home/airflow/.local/lib/python3.7/site-packages/airflow/example_dags/example_sensors.py
[2025-07-28T22:52:49.727+0000] {processor.py:743} INFO - Processing file /home/airflow/.local/lib/python3.7/site-packages/airflow/example_dags/example_sensors.py for tasks to queue
[2025-07-28T22:52:49.728+0000] {logging_mixin.py:137} INFO - [2025-07-28T22:52:49.728+0000] {dagbag.py:538} INFO - Filling up the DagBag from /home/airflow/.local/lib/python3.7/site-packages/airflow/example_dags/example_sensors.py
[2025-07-28T22:52:49.765+0000] {processor.py:753} INFO - DAG(s) dict_keys(['example_sensors']) retrieved from /home/airflow/.local/lib/python3.7/site-packages/airflow/example_dags/example_sensors.py
[2025-07-28T22:52:49.803+0000] {logging_mixin.py:137} INFO - [2025-07-28T22:52:49.803+0000] {dag.py:2690} INFO - Sync 1 DAGs
[2025-07-28T22:52:49.839+0000] {logging_mixin.py:137} INFO - [2025-07-28T22:52:49.839+0000] {dag.py:3441} INFO - Setting next_dagrun for example_sensors to None, run_after=None
[2025-07-28T22:52:49.862+0000] {processor.py:175} INFO - Processing /home/airflow/.local/lib/python3.7/site-packages/airflow/example_dags/example_sensors.py took 0.143 seconds
[2025-07-28T22:53:20.185+0000] {processor.py:153} INFO - Started process (PID=1201) to work on /home/airflow/.local/lib/python3.7/site-packages/airflow/example_dags/example_sensors.py
[2025-07-28T22:53:20.186+0000] {processor.py:743} INFO - Processing file /home/airflow/.local/lib/python3.7/site-packages/airflow/example_dags/example_sensors.py for tasks to queue
[2025-07-28T22:53:20.188+0000] {logging_mixin.py:137} INFO - [2025-07-28T22:53:20.188+0000] {dagbag.py:538} INFO - Filling up the DagBag from /home/airflow/.local/lib/python3.7/site-packages/airflow/example_dags/example_sensors.py
[2025-07-28T22:53:20.214+0000] {processor.py:753} INFO - DAG(s) dict_keys(['example_sensors']) retrieved from /home/airflow/.local/lib/python3.7/site-packages/airflow/example_dags/example_sensors.py
[2025-07-28T22:53:20.259+0000] {logging_mixin.py:137} INFO - [2025-07-28T22:53:20.258+0000] {dag.py:2690} INFO - Sync 1 DAGs
[2025-07-28T22:53:20.293+0000] {logging_mixin.py:137} INFO - [2025-07-28T22:53:20.293+0000] {dag.py:3441} INFO - Setting next_dagrun for example_sensors to None, run_after=None
[2025-07-28T22:53:20.323+0000] {processor.py:175} INFO - Processing /home/airflow/.local/lib/python3.7/site-packages/airflow/example_dags/example_sensors.py took 0.144 seconds
[2025-07-28T22:53:51.075+0000] {processor.py:153} INFO - Started process (PID=1281) to work on /home/airflow/.local/lib/python3.7/site-packages/airflow/example_dags/example_sensors.py
[2025-07-28T22:53:51.078+0000] {processor.py:743} INFO - Processing file /home/airflow/.local/lib/python3.7/site-packages/airflow/example_dags/example_sensors.py for tasks to queue
[2025-07-28T22:53:51.081+0000] {logging_mixin.py:137} INFO - [2025-07-28T22:53:51.080+0000] {dagbag.py:538} INFO - Filling up the DagBag from /home/airflow/.local/lib/python3.7/site-packages/airflow/example_dags/example_sensors.py
[2025-07-28T22:53:51.164+0000] {processor.py:753} INFO - DAG(s) dict_keys(['example_sensors']) retrieved from /home/airflow/.local/lib/python3.7/site-packages/airflow/example_dags/example_sensors.py
[2025-07-28T22:53:51.317+0000] {logging_mixin.py:137} INFO - [2025-07-28T22:53:51.317+0000] {dag.py:2690} INFO - Sync 1 DAGs
[2025-07-28T22:53:51.399+0000] {logging_mixin.py:137} INFO - [2025-07-28T22:53:51.398+0000] {dag.py:3441} INFO - Setting next_dagrun for example_sensors to None, run_after=None
[2025-07-28T22:53:51.465+0000] {processor.py:175} INFO - Processing /home/airflow/.local/lib/python3.7/site-packages/airflow/example_dags/example_sensors.py took 0.399 seconds
[2025-07-28T22:54:23.512+0000] {processor.py:153} INFO - Started process (PID=1351) to work on /home/airflow/.local/lib/python3.7/site-packages/airflow/example_dags/example_sensors.py
[2025-07-28T22:54:23.521+0000] {processor.py:743} INFO - Processing file /home/airflow/.local/lib/python3.7/site-packages/airflow/example_dags/example_sensors.py for tasks to queue
[2025-07-28T22:54:23.523+0000] {logging_mixin.py:137} INFO - [2025-07-28T22:54:23.522+0000] {dagbag.py:538} INFO - Filling up the DagBag from /home/airflow/.local/lib/python3.7/site-packages/airflow/example_dags/example_sensors.py
[2025-07-28T22:54:23.601+0000] {processor.py:753} INFO - DAG(s) dict_keys(['example_sensors']) retrieved from /home/airflow/.local/lib/python3.7/site-packages/airflow/example_dags/example_sensors.py
[2025-07-28T22:54:23.696+0000] {logging_mixin.py:137} INFO - [2025-07-28T22:54:23.695+0000] {dag.py:2690} INFO - Sync 1 DAGs
[2025-07-28T22:54:23.806+0000] {logging_mixin.py:137} INFO - [2025-07-28T22:54:23.805+0000] {dag.py:3441} INFO - Setting next_dagrun for example_sensors to None, run_after=None
[2025-07-28T22:54:23.878+0000] {processor.py:175} INFO - Processing /home/airflow/.local/lib/python3.7/site-packages/airflow/example_dags/example_sensors.py took 0.377 seconds
[2025-07-28T22:54:54.376+0000] {processor.py:153} INFO - Started process (PID=1423) to work on /home/airflow/.local/lib/python3.7/site-packages/airflow/example_dags/example_sensors.py
[2025-07-28T22:54:54.377+0000] {processor.py:743} INFO - Processing file /home/airflow/.local/lib/python3.7/site-packages/airflow/example_dags/example_sensors.py for tasks to queue
[2025-07-28T22:54:54.379+0000] {logging_mixin.py:137} INFO - [2025-07-28T22:54:54.379+0000] {dagbag.py:538} INFO - Filling up the DagBag from /home/airflow/.local/lib/python3.7/site-packages/airflow/example_dags/example_sensors.py
[2025-07-28T22:54:54.424+0000] {processor.py:753} INFO - DAG(s) dict_keys(['example_sensors']) retrieved from /home/airflow/.local/lib/python3.7/site-packages/airflow/example_dags/example_sensors.py
[2025-07-28T22:54:54.529+0000] {logging_mixin.py:137} INFO - [2025-07-28T22:54:54.529+0000] {dag.py:2690} INFO - Sync 1 DAGs
[2025-07-28T22:54:54.577+0000] {logging_mixin.py:137} INFO - [2025-07-28T22:54:54.577+0000] {dag.py:3441} INFO - Setting next_dagrun for example_sensors to None, run_after=None
[2025-07-28T22:54:54.632+0000] {processor.py:175} INFO - Processing /home/airflow/.local/lib/python3.7/site-packages/airflow/example_dags/example_sensors.py took 0.263 seconds
[2025-07-28T22:55:24.764+0000] {processor.py:153} INFO - Started process (PID=1502) to work on /home/airflow/.local/lib/python3.7/site-packages/airflow/example_dags/example_sensors.py
[2025-07-28T22:55:24.765+0000] {processor.py:743} INFO - Processing file /home/airflow/.local/lib/python3.7/site-packages/airflow/example_dags/example_sensors.py for tasks to queue
[2025-07-28T22:55:24.766+0000] {logging_mixin.py:137} INFO - [2025-07-28T22:55:24.766+0000] {dagbag.py:538} INFO - Filling up the DagBag from /home/airflow/.local/lib/python3.7/site-packages/airflow/example_dags/example_sensors.py
[2025-07-28T22:55:24.794+0000] {processor.py:753} INFO - DAG(s) dict_keys(['example_sensors']) retrieved from /home/airflow/.local/lib/python3.7/site-packages/airflow/example_dags/example_sensors.py
[2025-07-28T22:55:24.829+0000] {logging_mixin.py:137} INFO - [2025-07-28T22:55:24.828+0000] {dag.py:2690} INFO - Sync 1 DAGs
[2025-07-28T22:55:24.853+0000] {logging_mixin.py:137} INFO - [2025-07-28T22:55:24.853+0000] {dag.py:3441} INFO - Setting next_dagrun for example_sensors to None, run_after=None
[2025-07-28T22:55:24.879+0000] {processor.py:175} INFO - Processing /home/airflow/.local/lib/python3.7/site-packages/airflow/example_dags/example_sensors.py took 0.119 seconds
[2025-07-28T22:55:55.070+0000] {processor.py:153} INFO - Started process (PID=1573) to work on /home/airflow/.local/lib/python3.7/site-packages/airflow/example_dags/example_sensors.py
[2025-07-28T22:55:55.072+0000] {processor.py:743} INFO - Processing file /home/airflow/.local/lib/python3.7/site-packages/airflow/example_dags/example_sensors.py for tasks to queue
[2025-07-28T22:55:55.073+0000] {logging_mixin.py:137} INFO - [2025-07-28T22:55:55.073+0000] {dagbag.py:538} INFO - Filling up the DagBag from /home/airflow/.local/lib/python3.7/site-packages/airflow/example_dags/example_sensors.py
[2025-07-28T22:55:55.097+0000] {processor.py:753} INFO - DAG(s) dict_keys(['example_sensors']) retrieved from /home/airflow/.local/lib/python3.7/site-packages/airflow/example_dags/example_sensors.py
[2025-07-28T22:55:55.133+0000] {logging_mixin.py:137} INFO - [2025-07-28T22:55:55.132+0000] {dag.py:2690} INFO - Sync 1 DAGs
[2025-07-28T22:55:55.158+0000] {logging_mixin.py:137} INFO - [2025-07-28T22:55:55.158+0000] {dag.py:3441} INFO - Setting next_dagrun for example_sensors to None, run_after=None
[2025-07-28T22:55:55.184+0000] {processor.py:175} INFO - Processing /home/airflow/.local/lib/python3.7/site-packages/airflow/example_dags/example_sensors.py took 0.119 seconds
[2025-07-28T22:56:26.104+0000] {processor.py:153} INFO - Started process (PID=1644) to work on /home/airflow/.local/lib/python3.7/site-packages/airflow/example_dags/example_sensors.py
[2025-07-28T22:56:26.115+0000] {processor.py:743} INFO - Processing file /home/airflow/.local/lib/python3.7/site-packages/airflow/example_dags/example_sensors.py for tasks to queue
[2025-07-28T22:56:26.117+0000] {logging_mixin.py:137} INFO - [2025-07-28T22:56:26.116+0000] {dagbag.py:538} INFO - Filling up the DagBag from /home/airflow/.local/lib/python3.7/site-packages/airflow/example_dags/example_sensors.py
[2025-07-28T22:56:26.156+0000] {processor.py:753} INFO - DAG(s) dict_keys(['example_sensors']) retrieved from /home/airflow/.local/lib/python3.7/site-packages/airflow/example_dags/example_sensors.py
[2025-07-28T22:56:26.210+0000] {logging_mixin.py:137} INFO - [2025-07-28T22:56:26.210+0000] {dag.py:2690} INFO - Sync 1 DAGs
[2025-07-28T22:56:26.255+0000] {logging_mixin.py:137} INFO - [2025-07-28T22:56:26.254+0000] {dag.py:3441} INFO - Setting next_dagrun for example_sensors to None, run_after=None
[2025-07-28T22:56:26.283+0000] {processor.py:175} INFO - Processing /home/airflow/.local/lib/python3.7/site-packages/airflow/example_dags/example_sensors.py took 0.186 seconds
[2025-07-28T22:56:56.894+0000] {processor.py:153} INFO - Started process (PID=1716) to work on /home/airflow/.local/lib/python3.7/site-packages/airflow/example_dags/example_sensors.py
[2025-07-28T22:56:56.895+0000] {processor.py:743} INFO - Processing file /home/airflow/.local/lib/python3.7/site-packages/airflow/example_dags/example_sensors.py for tasks to queue
[2025-07-28T22:56:56.897+0000] {logging_mixin.py:137} INFO - [2025-07-28T22:56:56.897+0000] {dagbag.py:538} INFO - Filling up the DagBag from /home/airflow/.local/lib/python3.7/site-packages/airflow/example_dags/example_sensors.py
[2025-07-28T22:56:56.925+0000] {processor.py:753} INFO - DAG(s) dict_keys(['example_sensors']) retrieved from /home/airflow/.local/lib/python3.7/site-packages/airflow/example_dags/example_sensors.py
[2025-07-28T22:56:56.960+0000] {logging_mixin.py:137} INFO - [2025-07-28T22:56:56.960+0000] {dag.py:2690} INFO - Sync 1 DAGs
[2025-07-28T22:56:56.988+0000] {logging_mixin.py:137} INFO - [2025-07-28T22:56:56.987+0000] {dag.py:3441} INFO - Setting next_dagrun for example_sensors to None, run_after=None
[2025-07-28T22:56:57.015+0000] {processor.py:175} INFO - Processing /home/airflow/.local/lib/python3.7/site-packages/airflow/example_dags/example_sensors.py took 0.127 seconds
[2025-07-28T22:57:27.898+0000] {processor.py:153} INFO - Started process (PID=1796) to work on /home/airflow/.local/lib/python3.7/site-packages/airflow/example_dags/example_sensors.py
[2025-07-28T22:57:27.900+0000] {processor.py:743} INFO - Processing file /home/airflow/.local/lib/python3.7/site-packages/airflow/example_dags/example_sensors.py for tasks to queue
[2025-07-28T22:57:27.903+0000] {logging_mixin.py:137} INFO - [2025-07-28T22:57:27.902+0000] {dagbag.py:538} INFO - Filling up the DagBag from /home/airflow/.local/lib/python3.7/site-packages/airflow/example_dags/example_sensors.py
[2025-07-28T22:57:27.941+0000] {processor.py:753} INFO - DAG(s) dict_keys(['example_sensors']) retrieved from /home/airflow/.local/lib/python3.7/site-packages/airflow/example_dags/example_sensors.py
[2025-07-28T22:57:27.994+0000] {logging_mixin.py:137} INFO - [2025-07-28T22:57:27.994+0000] {dag.py:2690} INFO - Sync 1 DAGs
[2025-07-28T22:57:28.038+0000] {logging_mixin.py:137} INFO - [2025-07-28T22:57:28.038+0000] {dag.py:3441} INFO - Setting next_dagrun for example_sensors to None, run_after=None
[2025-07-28T22:57:28.074+0000] {processor.py:175} INFO - Processing /home/airflow/.local/lib/python3.7/site-packages/airflow/example_dags/example_sensors.py took 0.183 seconds
[2025-07-28T22:57:58.373+0000] {processor.py:153} INFO - Started process (PID=1874) to work on /home/airflow/.local/lib/python3.7/site-packages/airflow/example_dags/example_sensors.py
[2025-07-28T22:57:58.375+0000] {processor.py:743} INFO - Processing file /home/airflow/.local/lib/python3.7/site-packages/airflow/example_dags/example_sensors.py for tasks to queue
[2025-07-28T22:57:58.376+0000] {logging_mixin.py:137} INFO - [2025-07-28T22:57:58.376+0000] {dagbag.py:538} INFO - Filling up the DagBag from /home/airflow/.local/lib/python3.7/site-packages/airflow/example_dags/example_sensors.py
[2025-07-28T22:57:58.404+0000] {processor.py:753} INFO - DAG(s) dict_keys(['example_sensors']) retrieved from /home/airflow/.local/lib/python3.7/site-packages/airflow/example_dags/example_sensors.py
[2025-07-28T22:57:58.438+0000] {logging_mixin.py:137} INFO - [2025-07-28T22:57:58.438+0000] {dag.py:2690} INFO - Sync 1 DAGs
[2025-07-28T22:57:58.470+0000] {logging_mixin.py:137} INFO - [2025-07-28T22:57:58.470+0000] {dag.py:3441} INFO - Setting next_dagrun for example_sensors to None, run_after=None
[2025-07-28T22:57:58.495+0000] {processor.py:175} INFO - Processing /home/airflow/.local/lib/python3.7/site-packages/airflow/example_dags/example_sensors.py took 0.126 seconds
[2025-07-28T22:58:28.870+0000] {processor.py:153} INFO - Started process (PID=1945) to work on /home/airflow/.local/lib/python3.7/site-packages/airflow/example_dags/example_sensors.py
[2025-07-28T22:58:28.871+0000] {processor.py:743} INFO - Processing file /home/airflow/.local/lib/python3.7/site-packages/airflow/example_dags/example_sensors.py for tasks to queue
[2025-07-28T22:58:28.872+0000] {logging_mixin.py:137} INFO - [2025-07-28T22:58:28.872+0000] {dagbag.py:538} INFO - Filling up the DagBag from /home/airflow/.local/lib/python3.7/site-packages/airflow/example_dags/example_sensors.py
[2025-07-28T22:58:28.897+0000] {processor.py:753} INFO - DAG(s) dict_keys(['example_sensors']) retrieved from /home/airflow/.local/lib/python3.7/site-packages/airflow/example_dags/example_sensors.py
[2025-07-28T22:58:28.933+0000] {logging_mixin.py:137} INFO - [2025-07-28T22:58:28.933+0000] {dag.py:2690} INFO - Sync 1 DAGs
[2025-07-28T22:58:28.958+0000] {logging_mixin.py:137} INFO - [2025-07-28T22:58:28.958+0000] {dag.py:3441} INFO - Setting next_dagrun for example_sensors to None, run_after=None
[2025-07-28T22:58:28.984+0000] {processor.py:175} INFO - Processing /home/airflow/.local/lib/python3.7/site-packages/airflow/example_dags/example_sensors.py took 0.117 seconds
[2025-07-28T22:58:59.404+0000] {processor.py:153} INFO - Started process (PID=2025) to work on /home/airflow/.local/lib/python3.7/site-packages/airflow/example_dags/example_sensors.py
[2025-07-28T22:58:59.405+0000] {processor.py:743} INFO - Processing file /home/airflow/.local/lib/python3.7/site-packages/airflow/example_dags/example_sensors.py for tasks to queue
[2025-07-28T22:58:59.409+0000] {logging_mixin.py:137} INFO - [2025-07-28T22:58:59.409+0000] {dagbag.py:538} INFO - Filling up the DagBag from /home/airflow/.local/lib/python3.7/site-packages/airflow/example_dags/example_sensors.py
[2025-07-28T22:58:59.452+0000] {processor.py:753} INFO - DAG(s) dict_keys(['example_sensors']) retrieved from /home/airflow/.local/lib/python3.7/site-packages/airflow/example_dags/example_sensors.py
[2025-07-28T22:58:59.497+0000] {logging_mixin.py:137} INFO - [2025-07-28T22:58:59.497+0000] {dag.py:2690} INFO - Sync 1 DAGs
[2025-07-28T22:58:59.539+0000] {logging_mixin.py:137} INFO - [2025-07-28T22:58:59.539+0000] {dag.py:3441} INFO - Setting next_dagrun for example_sensors to None, run_after=None
[2025-07-28T22:58:59.572+0000] {processor.py:175} INFO - Processing /home/airflow/.local/lib/python3.7/site-packages/airflow/example_dags/example_sensors.py took 0.173 seconds
[2025-07-28T22:59:30.135+0000] {processor.py:153} INFO - Started process (PID=2103) to work on /home/airflow/.local/lib/python3.7/site-packages/airflow/example_dags/example_sensors.py
[2025-07-28T22:59:30.138+0000] {processor.py:743} INFO - Processing file /home/airflow/.local/lib/python3.7/site-packages/airflow/example_dags/example_sensors.py for tasks to queue
[2025-07-28T22:59:30.140+0000] {logging_mixin.py:137} INFO - [2025-07-28T22:59:30.140+0000] {dagbag.py:538} INFO - Filling up the DagBag from /home/airflow/.local/lib/python3.7/site-packages/airflow/example_dags/example_sensors.py
[2025-07-28T22:59:30.168+0000] {processor.py:753} INFO - DAG(s) dict_keys(['example_sensors']) retrieved from /home/airflow/.local/lib/python3.7/site-packages/airflow/example_dags/example_sensors.py
[2025-07-28T22:59:30.219+0000] {logging_mixin.py:137} INFO - [2025-07-28T22:59:30.219+0000] {dag.py:2690} INFO - Sync 1 DAGs
[2025-07-28T22:59:30.258+0000] {logging_mixin.py:137} INFO - [2025-07-28T22:59:30.258+0000] {dag.py:3441} INFO - Setting next_dagrun for example_sensors to None, run_after=None
[2025-07-28T22:59:30.283+0000] {processor.py:175} INFO - Processing /home/airflow/.local/lib/python3.7/site-packages/airflow/example_dags/example_sensors.py took 0.153 seconds
[2025-07-28T23:00:01.564+0000] {processor.py:153} INFO - Started process (PID=2175) to work on /home/airflow/.local/lib/python3.7/site-packages/airflow/example_dags/example_sensors.py
[2025-07-28T23:00:01.567+0000] {processor.py:743} INFO - Processing file /home/airflow/.local/lib/python3.7/site-packages/airflow/example_dags/example_sensors.py for tasks to queue
[2025-07-28T23:00:01.570+0000] {logging_mixin.py:137} INFO - [2025-07-28T23:00:01.570+0000] {dagbag.py:538} INFO - Filling up the DagBag from /home/airflow/.local/lib/python3.7/site-packages/airflow/example_dags/example_sensors.py
[2025-07-28T23:00:01.609+0000] {processor.py:753} INFO - DAG(s) dict_keys(['example_sensors']) retrieved from /home/airflow/.local/lib/python3.7/site-packages/airflow/example_dags/example_sensors.py
[2025-07-28T23:00:01.647+0000] {logging_mixin.py:137} INFO - [2025-07-28T23:00:01.647+0000] {dag.py:2690} INFO - Sync 1 DAGs
[2025-07-28T23:00:01.685+0000] {logging_mixin.py:137} INFO - [2025-07-28T23:00:01.684+0000] {dag.py:3441} INFO - Setting next_dagrun for example_sensors to None, run_after=None
[2025-07-28T23:00:01.711+0000] {processor.py:175} INFO - Processing /home/airflow/.local/lib/python3.7/site-packages/airflow/example_dags/example_sensors.py took 0.154 seconds
[2025-07-28T23:00:32.365+0000] {processor.py:153} INFO - Started process (PID=2262) to work on /home/airflow/.local/lib/python3.7/site-packages/airflow/example_dags/example_sensors.py
[2025-07-28T23:00:32.367+0000] {processor.py:743} INFO - Processing file /home/airflow/.local/lib/python3.7/site-packages/airflow/example_dags/example_sensors.py for tasks to queue
[2025-07-28T23:00:32.369+0000] {logging_mixin.py:137} INFO - [2025-07-28T23:00:32.369+0000] {dagbag.py:538} INFO - Filling up the DagBag from /home/airflow/.local/lib/python3.7/site-packages/airflow/example_dags/example_sensors.py
[2025-07-28T23:00:32.426+0000] {processor.py:753} INFO - DAG(s) dict_keys(['example_sensors']) retrieved from /home/airflow/.local/lib/python3.7/site-packages/airflow/example_dags/example_sensors.py
[2025-07-28T23:00:32.485+0000] {logging_mixin.py:137} INFO - [2025-07-28T23:00:32.484+0000] {dag.py:2690} INFO - Sync 1 DAGs
[2025-07-28T23:00:32.537+0000] {logging_mixin.py:137} INFO - [2025-07-28T23:00:32.537+0000] {dag.py:3441} INFO - Setting next_dagrun for example_sensors to None, run_after=None
[2025-07-28T23:00:32.587+0000] {processor.py:175} INFO - Processing /home/airflow/.local/lib/python3.7/site-packages/airflow/example_dags/example_sensors.py took 0.235 seconds
[2025-07-28T23:01:03.670+0000] {processor.py:153} INFO - Started process (PID=2333) to work on /home/airflow/.local/lib/python3.7/site-packages/airflow/example_dags/example_sensors.py
[2025-07-28T23:01:03.673+0000] {processor.py:743} INFO - Processing file /home/airflow/.local/lib/python3.7/site-packages/airflow/example_dags/example_sensors.py for tasks to queue
[2025-07-28T23:01:03.677+0000] {logging_mixin.py:137} INFO - [2025-07-28T23:01:03.676+0000] {dagbag.py:538} INFO - Filling up the DagBag from /home/airflow/.local/lib/python3.7/site-packages/airflow/example_dags/example_sensors.py
[2025-07-28T23:01:03.728+0000] {processor.py:753} INFO - DAG(s) dict_keys(['example_sensors']) retrieved from /home/airflow/.local/lib/python3.7/site-packages/airflow/example_dags/example_sensors.py
[2025-07-28T23:01:03.811+0000] {logging_mixin.py:137} INFO - [2025-07-28T23:01:03.811+0000] {dag.py:2690} INFO - Sync 1 DAGs
[2025-07-28T23:01:03.883+0000] {logging_mixin.py:137} INFO - [2025-07-28T23:01:03.883+0000] {dag.py:3441} INFO - Setting next_dagrun for example_sensors to None, run_after=None
[2025-07-28T23:01:03.969+0000] {processor.py:175} INFO - Processing /home/airflow/.local/lib/python3.7/site-packages/airflow/example_dags/example_sensors.py took 0.304 seconds
[2025-07-28T23:01:34.746+0000] {processor.py:153} INFO - Started process (PID=2421) to work on /home/airflow/.local/lib/python3.7/site-packages/airflow/example_dags/example_sensors.py
[2025-07-28T23:01:34.747+0000] {processor.py:743} INFO - Processing file /home/airflow/.local/lib/python3.7/site-packages/airflow/example_dags/example_sensors.py for tasks to queue
[2025-07-28T23:01:34.748+0000] {logging_mixin.py:137} INFO - [2025-07-28T23:01:34.748+0000] {dagbag.py:538} INFO - Filling up the DagBag from /home/airflow/.local/lib/python3.7/site-packages/airflow/example_dags/example_sensors.py
[2025-07-28T23:01:34.777+0000] {processor.py:753} INFO - DAG(s) dict_keys(['example_sensors']) retrieved from /home/airflow/.local/lib/python3.7/site-packages/airflow/example_dags/example_sensors.py
[2025-07-28T23:01:34.817+0000] {logging_mixin.py:137} INFO - [2025-07-28T23:01:34.816+0000] {dag.py:2690} INFO - Sync 1 DAGs
[2025-07-28T23:01:34.854+0000] {logging_mixin.py:137} INFO - [2025-07-28T23:01:34.854+0000] {dag.py:3441} INFO - Setting next_dagrun for example_sensors to None, run_after=None
[2025-07-28T23:01:34.886+0000] {processor.py:175} INFO - Processing /home/airflow/.local/lib/python3.7/site-packages/airflow/example_dags/example_sensors.py took 0.146 seconds
[2025-07-28T23:02:05.164+0000] {processor.py:153} INFO - Started process (PID=2492) to work on /home/airflow/.local/lib/python3.7/site-packages/airflow/example_dags/example_sensors.py
[2025-07-28T23:02:05.165+0000] {processor.py:743} INFO - Processing file /home/airflow/.local/lib/python3.7/site-packages/airflow/example_dags/example_sensors.py for tasks to queue
[2025-07-28T23:02:05.166+0000] {logging_mixin.py:137} INFO - [2025-07-28T23:02:05.166+0000] {dagbag.py:538} INFO - Filling up the DagBag from /home/airflow/.local/lib/python3.7/site-packages/airflow/example_dags/example_sensors.py
[2025-07-28T23:02:05.197+0000] {processor.py:753} INFO - DAG(s) dict_keys(['example_sensors']) retrieved from /home/airflow/.local/lib/python3.7/site-packages/airflow/example_dags/example_sensors.py
[2025-07-28T23:02:05.247+0000] {logging_mixin.py:137} INFO - [2025-07-28T23:02:05.247+0000] {dag.py:2690} INFO - Sync 1 DAGs
[2025-07-28T23:02:05.302+0000] {logging_mixin.py:137} INFO - [2025-07-28T23:02:05.301+0000] {dag.py:3441} INFO - Setting next_dagrun for example_sensors to None, run_after=None
[2025-07-28T23:02:05.336+0000] {processor.py:175} INFO - Processing /home/airflow/.local/lib/python3.7/site-packages/airflow/example_dags/example_sensors.py took 0.177 seconds
[2025-07-28T23:02:35.477+0000] {processor.py:153} INFO - Started process (PID=2568) to work on /home/airflow/.local/lib/python3.7/site-packages/airflow/example_dags/example_sensors.py
[2025-07-28T23:02:35.479+0000] {processor.py:743} INFO - Processing file /home/airflow/.local/lib/python3.7/site-packages/airflow/example_dags/example_sensors.py for tasks to queue
[2025-07-28T23:02:35.480+0000] {logging_mixin.py:137} INFO - [2025-07-28T23:02:35.480+0000] {dagbag.py:538} INFO - Filling up the DagBag from /home/airflow/.local/lib/python3.7/site-packages/airflow/example_dags/example_sensors.py
[2025-07-28T23:02:35.519+0000] {processor.py:753} INFO - DAG(s) dict_keys(['example_sensors']) retrieved from /home/airflow/.local/lib/python3.7/site-packages/airflow/example_dags/example_sensors.py
[2025-07-28T23:02:35.540+0000] {logging_mixin.py:137} INFO - [2025-07-28T23:02:35.540+0000] {dag.py:2690} INFO - Sync 1 DAGs
[2025-07-28T23:02:35.584+0000] {logging_mixin.py:137} INFO - [2025-07-28T23:02:35.583+0000] {dag.py:3441} INFO - Setting next_dagrun for example_sensors to None, run_after=None
[2025-07-28T23:02:35.615+0000] {processor.py:175} INFO - Processing /home/airflow/.local/lib/python3.7/site-packages/airflow/example_dags/example_sensors.py took 0.143 seconds
[2025-07-28T23:03:06.514+0000] {processor.py:153} INFO - Started process (PID=2649) to work on /home/airflow/.local/lib/python3.7/site-packages/airflow/example_dags/example_sensors.py
[2025-07-28T23:03:06.516+0000] {processor.py:743} INFO - Processing file /home/airflow/.local/lib/python3.7/site-packages/airflow/example_dags/example_sensors.py for tasks to queue
[2025-07-28T23:03:06.517+0000] {logging_mixin.py:137} INFO - [2025-07-28T23:03:06.517+0000] {dagbag.py:538} INFO - Filling up the DagBag from /home/airflow/.local/lib/python3.7/site-packages/airflow/example_dags/example_sensors.py
[2025-07-28T23:03:06.544+0000] {processor.py:753} INFO - DAG(s) dict_keys(['example_sensors']) retrieved from /home/airflow/.local/lib/python3.7/site-packages/airflow/example_dags/example_sensors.py
[2025-07-28T23:03:06.561+0000] {logging_mixin.py:137} INFO - [2025-07-28T23:03:06.561+0000] {dag.py:2690} INFO - Sync 1 DAGs
[2025-07-28T23:03:06.590+0000] {logging_mixin.py:137} INFO - [2025-07-28T23:03:06.590+0000] {dag.py:3441} INFO - Setting next_dagrun for example_sensors to None, run_after=None
[2025-07-28T23:03:06.617+0000] {processor.py:175} INFO - Processing /home/airflow/.local/lib/python3.7/site-packages/airflow/example_dags/example_sensors.py took 0.109 seconds
[2025-07-28T23:03:36.794+0000] {processor.py:153} INFO - Started process (PID=2720) to work on /home/airflow/.local/lib/python3.7/site-packages/airflow/example_dags/example_sensors.py
[2025-07-28T23:03:36.797+0000] {processor.py:743} INFO - Processing file /home/airflow/.local/lib/python3.7/site-packages/airflow/example_dags/example_sensors.py for tasks to queue
[2025-07-28T23:03:36.798+0000] {logging_mixin.py:137} INFO - [2025-07-28T23:03:36.798+0000] {dagbag.py:538} INFO - Filling up the DagBag from /home/airflow/.local/lib/python3.7/site-packages/airflow/example_dags/example_sensors.py
[2025-07-28T23:03:36.828+0000] {processor.py:753} INFO - DAG(s) dict_keys(['example_sensors']) retrieved from /home/airflow/.local/lib/python3.7/site-packages/airflow/example_dags/example_sensors.py
[2025-07-28T23:03:36.848+0000] {logging_mixin.py:137} INFO - [2025-07-28T23:03:36.848+0000] {dag.py:2690} INFO - Sync 1 DAGs
[2025-07-28T23:03:36.893+0000] {logging_mixin.py:137} INFO - [2025-07-28T23:03:36.893+0000] {dag.py:3441} INFO - Setting next_dagrun for example_sensors to None, run_after=None
[2025-07-28T23:03:36.920+0000] {processor.py:175} INFO - Processing /home/airflow/.local/lib/python3.7/site-packages/airflow/example_dags/example_sensors.py took 0.131 seconds
[2025-07-28T23:04:07.756+0000] {processor.py:153} INFO - Started process (PID=2807) to work on /home/airflow/.local/lib/python3.7/site-packages/airflow/example_dags/example_sensors.py
[2025-07-28T23:04:07.758+0000] {processor.py:743} INFO - Processing file /home/airflow/.local/lib/python3.7/site-packages/airflow/example_dags/example_sensors.py for tasks to queue
[2025-07-28T23:04:07.760+0000] {logging_mixin.py:137} INFO - [2025-07-28T23:04:07.760+0000] {dagbag.py:538} INFO - Filling up the DagBag from /home/airflow/.local/lib/python3.7/site-packages/airflow/example_dags/example_sensors.py
[2025-07-28T23:04:07.809+0000] {processor.py:753} INFO - DAG(s) dict_keys(['example_sensors']) retrieved from /home/airflow/.local/lib/python3.7/site-packages/airflow/example_dags/example_sensors.py
[2025-07-28T23:04:07.870+0000] {logging_mixin.py:137} INFO - [2025-07-28T23:04:07.869+0000] {dag.py:2690} INFO - Sync 1 DAGs
[2025-07-28T23:04:07.926+0000] {logging_mixin.py:137} INFO - [2025-07-28T23:04:07.925+0000] {dag.py:3441} INFO - Setting next_dagrun for example_sensors to None, run_after=None
[2025-07-28T23:04:07.966+0000] {processor.py:175} INFO - Processing /home/airflow/.local/lib/python3.7/site-packages/airflow/example_dags/example_sensors.py took 0.219 seconds
[2025-07-28T23:04:38.457+0000] {processor.py:153} INFO - Started process (PID=2877) to work on /home/airflow/.local/lib/python3.7/site-packages/airflow/example_dags/example_sensors.py
[2025-07-28T23:04:38.458+0000] {processor.py:743} INFO - Processing file /home/airflow/.local/lib/python3.7/site-packages/airflow/example_dags/example_sensors.py for tasks to queue
[2025-07-28T23:04:38.459+0000] {logging_mixin.py:137} INFO - [2025-07-28T23:04:38.459+0000] {dagbag.py:538} INFO - Filling up the DagBag from /home/airflow/.local/lib/python3.7/site-packages/airflow/example_dags/example_sensors.py
[2025-07-28T23:04:38.484+0000] {processor.py:753} INFO - DAG(s) dict_keys(['example_sensors']) retrieved from /home/airflow/.local/lib/python3.7/site-packages/airflow/example_dags/example_sensors.py
[2025-07-28T23:04:38.517+0000] {logging_mixin.py:137} INFO - [2025-07-28T23:04:38.516+0000] {dag.py:2690} INFO - Sync 1 DAGs
[2025-07-28T23:04:38.540+0000] {logging_mixin.py:137} INFO - [2025-07-28T23:04:38.540+0000] {dag.py:3441} INFO - Setting next_dagrun for example_sensors to None, run_after=None
[2025-07-28T23:04:38.563+0000] {processor.py:175} INFO - Processing /home/airflow/.local/lib/python3.7/site-packages/airflow/example_dags/example_sensors.py took 0.110 seconds
[2025-07-28T23:05:08.943+0000] {processor.py:153} INFO - Started process (PID=2948) to work on /home/airflow/.local/lib/python3.7/site-packages/airflow/example_dags/example_sensors.py
[2025-07-28T23:05:08.944+0000] {processor.py:743} INFO - Processing file /home/airflow/.local/lib/python3.7/site-packages/airflow/example_dags/example_sensors.py for tasks to queue
[2025-07-28T23:05:08.946+0000] {logging_mixin.py:137} INFO - [2025-07-28T23:05:08.946+0000] {dagbag.py:538} INFO - Filling up the DagBag from /home/airflow/.local/lib/python3.7/site-packages/airflow/example_dags/example_sensors.py
[2025-07-28T23:05:08.983+0000] {processor.py:753} INFO - DAG(s) dict_keys(['example_sensors']) retrieved from /home/airflow/.local/lib/python3.7/site-packages/airflow/example_dags/example_sensors.py
[2025-07-28T23:05:09.021+0000] {logging_mixin.py:137} INFO - [2025-07-28T23:05:09.020+0000] {dag.py:2690} INFO - Sync 1 DAGs
[2025-07-28T23:05:09.056+0000] {logging_mixin.py:137} INFO - [2025-07-28T23:05:09.056+0000] {dag.py:3441} INFO - Setting next_dagrun for example_sensors to None, run_after=None
[2025-07-28T23:05:09.084+0000] {processor.py:175} INFO - Processing /home/airflow/.local/lib/python3.7/site-packages/airflow/example_dags/example_sensors.py took 0.154 seconds
[2025-07-28T23:05:39.920+0000] {processor.py:153} INFO - Started process (PID=3036) to work on /home/airflow/.local/lib/python3.7/site-packages/airflow/example_dags/example_sensors.py
[2025-07-28T23:05:39.921+0000] {processor.py:743} INFO - Processing file /home/airflow/.local/lib/python3.7/site-packages/airflow/example_dags/example_sensors.py for tasks to queue
[2025-07-28T23:05:39.923+0000] {logging_mixin.py:137} INFO - [2025-07-28T23:05:39.922+0000] {dagbag.py:538} INFO - Filling up the DagBag from /home/airflow/.local/lib/python3.7/site-packages/airflow/example_dags/example_sensors.py
[2025-07-28T23:05:39.955+0000] {processor.py:753} INFO - DAG(s) dict_keys(['example_sensors']) retrieved from /home/airflow/.local/lib/python3.7/site-packages/airflow/example_dags/example_sensors.py
[2025-07-28T23:05:39.990+0000] {logging_mixin.py:137} INFO - [2025-07-28T23:05:39.990+0000] {dag.py:2690} INFO - Sync 1 DAGs
[2025-07-28T23:05:40.027+0000] {logging_mixin.py:137} INFO - [2025-07-28T23:05:40.027+0000] {dag.py:3441} INFO - Setting next_dagrun for example_sensors to None, run_after=None
[2025-07-28T23:05:40.062+0000] {processor.py:175} INFO - Processing /home/airflow/.local/lib/python3.7/site-packages/airflow/example_dags/example_sensors.py took 0.146 seconds
[2025-07-28T23:06:10.409+0000] {processor.py:153} INFO - Started process (PID=3108) to work on /home/airflow/.local/lib/python3.7/site-packages/airflow/example_dags/example_sensors.py
[2025-07-28T23:06:10.410+0000] {processor.py:743} INFO - Processing file /home/airflow/.local/lib/python3.7/site-packages/airflow/example_dags/example_sensors.py for tasks to queue
[2025-07-28T23:06:10.411+0000] {logging_mixin.py:137} INFO - [2025-07-28T23:06:10.411+0000] {dagbag.py:538} INFO - Filling up the DagBag from /home/airflow/.local/lib/python3.7/site-packages/airflow/example_dags/example_sensors.py
[2025-07-28T23:06:10.431+0000] {processor.py:753} INFO - DAG(s) dict_keys(['example_sensors']) retrieved from /home/airflow/.local/lib/python3.7/site-packages/airflow/example_dags/example_sensors.py
[2025-07-28T23:06:10.460+0000] {logging_mixin.py:137} INFO - [2025-07-28T23:06:10.459+0000] {dag.py:2690} INFO - Sync 1 DAGs
[2025-07-28T23:06:10.483+0000] {logging_mixin.py:137} INFO - [2025-07-28T23:06:10.483+0000] {dag.py:3441} INFO - Setting next_dagrun for example_sensors to None, run_after=None
[2025-07-28T23:06:10.505+0000] {processor.py:175} INFO - Processing /home/airflow/.local/lib/python3.7/site-packages/airflow/example_dags/example_sensors.py took 0.099 seconds
[2025-07-28T23:06:40.707+0000] {processor.py:153} INFO - Started process (PID=3180) to work on /home/airflow/.local/lib/python3.7/site-packages/airflow/example_dags/example_sensors.py
[2025-07-28T23:06:40.709+0000] {processor.py:743} INFO - Processing file /home/airflow/.local/lib/python3.7/site-packages/airflow/example_dags/example_sensors.py for tasks to queue
[2025-07-28T23:06:40.710+0000] {logging_mixin.py:137} INFO - [2025-07-28T23:06:40.710+0000] {dagbag.py:538} INFO - Filling up the DagBag from /home/airflow/.local/lib/python3.7/site-packages/airflow/example_dags/example_sensors.py
[2025-07-28T23:06:40.752+0000] {processor.py:753} INFO - DAG(s) dict_keys(['example_sensors']) retrieved from /home/airflow/.local/lib/python3.7/site-packages/airflow/example_dags/example_sensors.py
[2025-07-28T23:06:40.807+0000] {logging_mixin.py:137} INFO - [2025-07-28T23:06:40.806+0000] {dag.py:2690} INFO - Sync 1 DAGs
[2025-07-28T23:06:40.864+0000] {logging_mixin.py:137} INFO - [2025-07-28T23:06:40.863+0000] {dag.py:3441} INFO - Setting next_dagrun for example_sensors to None, run_after=None
[2025-07-28T23:06:40.892+0000] {processor.py:175} INFO - Processing /home/airflow/.local/lib/python3.7/site-packages/airflow/example_dags/example_sensors.py took 0.190 seconds
