[2025-07-28T22:45:35.726+0000] {processor.py:153} INFO - Started process (PID=60) to work on /home/airflow/.local/lib/python3.7/site-packages/airflow/example_dags/example_nested_branch_dag.py
[2025-07-28T22:45:35.729+0000] {processor.py:743} INFO - Processing file /home/airflow/.local/lib/python3.7/site-packages/airflow/example_dags/example_nested_branch_dag.py for tasks to queue
[2025-07-28T22:45:35.730+0000] {logging_mixin.py:137} INFO - [2025-07-28T22:45:35.730+0000] {dagbag.py:538} INFO - Filling up the DagBag from /home/airflow/.local/lib/python3.7/site-packages/airflow/example_dags/example_nested_branch_dag.py
[2025-07-28T22:45:35.778+0000] {processor.py:753} INFO - DAG(s) dict_keys(['example_nested_branch_dag']) retrieved from /home/airflow/.local/lib/python3.7/site-packages/airflow/example_dags/example_nested_branch_dag.py
[2025-07-28T22:45:36.023+0000] {logging_mixin.py:137} INFO - [2025-07-28T22:45:36.022+0000] {manager.py:504} INFO - Created Permission View: can delete on DAG:example_nested_branch_dag
[2025-07-28T22:45:36.040+0000] {logging_mixin.py:137} INFO - [2025-07-28T22:45:36.040+0000] {manager.py:504} INFO - Created Permission View: can read on DAG:example_nested_branch_dag
[2025-07-28T22:45:36.051+0000] {logging_mixin.py:137} INFO - [2025-07-28T22:45:36.051+0000] {manager.py:504} INFO - Created Permission View: can edit on DAG:example_nested_branch_dag
[2025-07-28T22:45:36.052+0000] {logging_mixin.py:137} INFO - [2025-07-28T22:45:36.052+0000] {dag.py:2690} INFO - Sync 1 DAGs
[2025-07-28T22:45:36.077+0000] {logging_mixin.py:137} INFO - [2025-07-28T22:45:36.077+0000] {dag.py:2711} INFO - Creating ORM DAG for example_nested_branch_dag
[2025-07-28T22:45:36.106+0000] {logging_mixin.py:137} INFO - [2025-07-28T22:45:36.105+0000] {dag.py:3441} INFO - Setting next_dagrun for example_nested_branch_dag to 2025-07-27T00:00:00+00:00, run_after=2025-07-28T00:00:00+00:00
[2025-07-28T22:45:36.146+0000] {processor.py:175} INFO - Processing /home/airflow/.local/lib/python3.7/site-packages/airflow/example_dags/example_nested_branch_dag.py took 0.428 seconds
[2025-07-28T22:46:06.936+0000] {processor.py:153} INFO - Started process (PID=131) to work on /home/airflow/.local/lib/python3.7/site-packages/airflow/example_dags/example_nested_branch_dag.py
[2025-07-28T22:46:06.937+0000] {processor.py:743} INFO - Processing file /home/airflow/.local/lib/python3.7/site-packages/airflow/example_dags/example_nested_branch_dag.py for tasks to queue
[2025-07-28T22:46:06.939+0000] {logging_mixin.py:137} INFO - [2025-07-28T22:46:06.938+0000] {dagbag.py:538} INFO - Filling up the DagBag from /home/airflow/.local/lib/python3.7/site-packages/airflow/example_dags/example_nested_branch_dag.py
[2025-07-28T22:46:06.983+0000] {processor.py:753} INFO - DAG(s) dict_keys(['example_nested_branch_dag']) retrieved from /home/airflow/.local/lib/python3.7/site-packages/airflow/example_dags/example_nested_branch_dag.py
[2025-07-28T22:46:07.005+0000] {logging_mixin.py:137} INFO - [2025-07-28T22:46:07.005+0000] {dag.py:2690} INFO - Sync 1 DAGs
[2025-07-28T22:46:07.055+0000] {logging_mixin.py:137} INFO - [2025-07-28T22:46:07.055+0000] {dag.py:3441} INFO - Setting next_dagrun for example_nested_branch_dag to 2025-07-27T00:00:00+00:00, run_after=2025-07-28T00:00:00+00:00
[2025-07-28T22:46:07.095+0000] {processor.py:175} INFO - Processing /home/airflow/.local/lib/python3.7/site-packages/airflow/example_dags/example_nested_branch_dag.py took 0.164 seconds
[2025-07-28T22:46:37.227+0000] {processor.py:153} INFO - Started process (PID=201) to work on /home/airflow/.local/lib/python3.7/site-packages/airflow/example_dags/example_nested_branch_dag.py
[2025-07-28T22:46:37.228+0000] {processor.py:743} INFO - Processing file /home/airflow/.local/lib/python3.7/site-packages/airflow/example_dags/example_nested_branch_dag.py for tasks to queue
[2025-07-28T22:46:37.230+0000] {logging_mixin.py:137} INFO - [2025-07-28T22:46:37.229+0000] {dagbag.py:538} INFO - Filling up the DagBag from /home/airflow/.local/lib/python3.7/site-packages/airflow/example_dags/example_nested_branch_dag.py
[2025-07-28T22:46:37.286+0000] {processor.py:753} INFO - DAG(s) dict_keys(['example_nested_branch_dag']) retrieved from /home/airflow/.local/lib/python3.7/site-packages/airflow/example_dags/example_nested_branch_dag.py
[2025-07-28T22:46:37.342+0000] {logging_mixin.py:137} INFO - [2025-07-28T22:46:37.341+0000] {dag.py:2690} INFO - Sync 1 DAGs
[2025-07-28T22:46:37.408+0000] {logging_mixin.py:137} INFO - [2025-07-28T22:46:37.408+0000] {dag.py:3441} INFO - Setting next_dagrun for example_nested_branch_dag to 2025-07-27T00:00:00+00:00, run_after=2025-07-28T00:00:00+00:00
[2025-07-28T22:46:37.447+0000] {processor.py:175} INFO - Processing /home/airflow/.local/lib/python3.7/site-packages/airflow/example_dags/example_nested_branch_dag.py took 0.227 seconds
[2025-07-28T22:47:08.069+0000] {processor.py:153} INFO - Started process (PID=272) to work on /home/airflow/.local/lib/python3.7/site-packages/airflow/example_dags/example_nested_branch_dag.py
[2025-07-28T22:47:08.070+0000] {processor.py:743} INFO - Processing file /home/airflow/.local/lib/python3.7/site-packages/airflow/example_dags/example_nested_branch_dag.py for tasks to queue
[2025-07-28T22:47:08.071+0000] {logging_mixin.py:137} INFO - [2025-07-28T22:47:08.071+0000] {dagbag.py:538} INFO - Filling up the DagBag from /home/airflow/.local/lib/python3.7/site-packages/airflow/example_dags/example_nested_branch_dag.py
[2025-07-28T22:47:08.125+0000] {processor.py:753} INFO - DAG(s) dict_keys(['example_nested_branch_dag']) retrieved from /home/airflow/.local/lib/python3.7/site-packages/airflow/example_dags/example_nested_branch_dag.py
[2025-07-28T22:47:08.179+0000] {logging_mixin.py:137} INFO - [2025-07-28T22:47:08.179+0000] {dag.py:2690} INFO - Sync 1 DAGs
[2025-07-28T22:47:08.235+0000] {logging_mixin.py:137} INFO - [2025-07-28T22:47:08.235+0000] {dag.py:3441} INFO - Setting next_dagrun for example_nested_branch_dag to 2025-07-27T00:00:00+00:00, run_after=2025-07-28T00:00:00+00:00
[2025-07-28T22:47:08.274+0000] {processor.py:175} INFO - Processing /home/airflow/.local/lib/python3.7/site-packages/airflow/example_dags/example_nested_branch_dag.py took 0.213 seconds
[2025-07-28T22:47:38.354+0000] {processor.py:153} INFO - Started process (PID=343) to work on /home/airflow/.local/lib/python3.7/site-packages/airflow/example_dags/example_nested_branch_dag.py
[2025-07-28T22:47:38.357+0000] {processor.py:743} INFO - Processing file /home/airflow/.local/lib/python3.7/site-packages/airflow/example_dags/example_nested_branch_dag.py for tasks to queue
[2025-07-28T22:47:38.358+0000] {logging_mixin.py:137} INFO - [2025-07-28T22:47:38.358+0000] {dagbag.py:538} INFO - Filling up the DagBag from /home/airflow/.local/lib/python3.7/site-packages/airflow/example_dags/example_nested_branch_dag.py
[2025-07-28T22:47:38.401+0000] {processor.py:753} INFO - DAG(s) dict_keys(['example_nested_branch_dag']) retrieved from /home/airflow/.local/lib/python3.7/site-packages/airflow/example_dags/example_nested_branch_dag.py
[2025-07-28T22:47:38.470+0000] {logging_mixin.py:137} INFO - [2025-07-28T22:47:38.470+0000] {dag.py:2690} INFO - Sync 1 DAGs
[2025-07-28T22:47:38.513+0000] {logging_mixin.py:137} INFO - [2025-07-28T22:47:38.513+0000] {dag.py:3441} INFO - Setting next_dagrun for example_nested_branch_dag to 2025-07-27T00:00:00+00:00, run_after=2025-07-28T00:00:00+00:00
[2025-07-28T22:47:38.542+0000] {processor.py:175} INFO - Processing /home/airflow/.local/lib/python3.7/site-packages/airflow/example_dags/example_nested_branch_dag.py took 0.193 seconds
[2025-07-28T22:48:08.851+0000] {processor.py:153} INFO - Started process (PID=414) to work on /home/airflow/.local/lib/python3.7/site-packages/airflow/example_dags/example_nested_branch_dag.py
[2025-07-28T22:48:08.852+0000] {processor.py:743} INFO - Processing file /home/airflow/.local/lib/python3.7/site-packages/airflow/example_dags/example_nested_branch_dag.py for tasks to queue
[2025-07-28T22:48:08.854+0000] {logging_mixin.py:137} INFO - [2025-07-28T22:48:08.853+0000] {dagbag.py:538} INFO - Filling up the DagBag from /home/airflow/.local/lib/python3.7/site-packages/airflow/example_dags/example_nested_branch_dag.py
[2025-07-28T22:48:08.899+0000] {processor.py:753} INFO - DAG(s) dict_keys(['example_nested_branch_dag']) retrieved from /home/airflow/.local/lib/python3.7/site-packages/airflow/example_dags/example_nested_branch_dag.py
[2025-07-28T22:48:08.949+0000] {logging_mixin.py:137} INFO - [2025-07-28T22:48:08.948+0000] {dag.py:2690} INFO - Sync 1 DAGs
[2025-07-28T22:48:08.998+0000] {logging_mixin.py:137} INFO - [2025-07-28T22:48:08.998+0000] {dag.py:3441} INFO - Setting next_dagrun for example_nested_branch_dag to 2025-07-27T00:00:00+00:00, run_after=2025-07-28T00:00:00+00:00
[2025-07-28T22:48:09.033+0000] {processor.py:175} INFO - Processing /home/airflow/.local/lib/python3.7/site-packages/airflow/example_dags/example_nested_branch_dag.py took 0.187 seconds
[2025-07-28T22:48:39.600+0000] {processor.py:153} INFO - Started process (PID=493) to work on /home/airflow/.local/lib/python3.7/site-packages/airflow/example_dags/example_nested_branch_dag.py
[2025-07-28T22:48:39.601+0000] {processor.py:743} INFO - Processing file /home/airflow/.local/lib/python3.7/site-packages/airflow/example_dags/example_nested_branch_dag.py for tasks to queue
[2025-07-28T22:48:39.602+0000] {logging_mixin.py:137} INFO - [2025-07-28T22:48:39.602+0000] {dagbag.py:538} INFO - Filling up the DagBag from /home/airflow/.local/lib/python3.7/site-packages/airflow/example_dags/example_nested_branch_dag.py
[2025-07-28T22:48:39.651+0000] {processor.py:753} INFO - DAG(s) dict_keys(['example_nested_branch_dag']) retrieved from /home/airflow/.local/lib/python3.7/site-packages/airflow/example_dags/example_nested_branch_dag.py
[2025-07-28T22:48:39.710+0000] {logging_mixin.py:137} INFO - [2025-07-28T22:48:39.710+0000] {dag.py:2690} INFO - Sync 1 DAGs
[2025-07-28T22:48:39.763+0000] {logging_mixin.py:137} INFO - [2025-07-28T22:48:39.763+0000] {dag.py:3441} INFO - Setting next_dagrun for example_nested_branch_dag to 2025-07-27T00:00:00+00:00, run_after=2025-07-28T00:00:00+00:00
[2025-07-28T22:48:39.792+0000] {processor.py:175} INFO - Processing /home/airflow/.local/lib/python3.7/site-packages/airflow/example_dags/example_nested_branch_dag.py took 0.196 seconds
[2025-07-28T22:49:09.896+0000] {processor.py:153} INFO - Started process (PID=571) to work on /home/airflow/.local/lib/python3.7/site-packages/airflow/example_dags/example_nested_branch_dag.py
[2025-07-28T22:49:09.903+0000] {processor.py:743} INFO - Processing file /home/airflow/.local/lib/python3.7/site-packages/airflow/example_dags/example_nested_branch_dag.py for tasks to queue
[2025-07-28T22:49:09.907+0000] {logging_mixin.py:137} INFO - [2025-07-28T22:49:09.907+0000] {dagbag.py:538} INFO - Filling up the DagBag from /home/airflow/.local/lib/python3.7/site-packages/airflow/example_dags/example_nested_branch_dag.py
[2025-07-28T22:49:09.961+0000] {processor.py:753} INFO - DAG(s) dict_keys(['example_nested_branch_dag']) retrieved from /home/airflow/.local/lib/python3.7/site-packages/airflow/example_dags/example_nested_branch_dag.py
[2025-07-28T22:49:10.013+0000] {logging_mixin.py:137} INFO - [2025-07-28T22:49:10.013+0000] {dag.py:2690} INFO - Sync 1 DAGs
[2025-07-28T22:49:10.065+0000] {logging_mixin.py:137} INFO - [2025-07-28T22:49:10.065+0000] {dag.py:3441} INFO - Setting next_dagrun for example_nested_branch_dag to 2025-07-27T00:00:00+00:00, run_after=2025-07-28T00:00:00+00:00
[2025-07-28T22:49:10.108+0000] {processor.py:175} INFO - Processing /home/airflow/.local/lib/python3.7/site-packages/airflow/example_dags/example_nested_branch_dag.py took 0.219 seconds
[2025-07-28T22:49:40.813+0000] {processor.py:153} INFO - Started process (PID=642) to work on /home/airflow/.local/lib/python3.7/site-packages/airflow/example_dags/example_nested_branch_dag.py
[2025-07-28T22:49:40.815+0000] {processor.py:743} INFO - Processing file /home/airflow/.local/lib/python3.7/site-packages/airflow/example_dags/example_nested_branch_dag.py for tasks to queue
[2025-07-28T22:49:40.817+0000] {logging_mixin.py:137} INFO - [2025-07-28T22:49:40.816+0000] {dagbag.py:538} INFO - Filling up the DagBag from /home/airflow/.local/lib/python3.7/site-packages/airflow/example_dags/example_nested_branch_dag.py
[2025-07-28T22:49:40.855+0000] {processor.py:753} INFO - DAG(s) dict_keys(['example_nested_branch_dag']) retrieved from /home/airflow/.local/lib/python3.7/site-packages/airflow/example_dags/example_nested_branch_dag.py
[2025-07-28T22:49:40.888+0000] {logging_mixin.py:137} INFO - [2025-07-28T22:49:40.888+0000] {dag.py:2690} INFO - Sync 1 DAGs
[2025-07-28T22:49:40.920+0000] {logging_mixin.py:137} INFO - [2025-07-28T22:49:40.920+0000] {dag.py:3441} INFO - Setting next_dagrun for example_nested_branch_dag to 2025-07-27T00:00:00+00:00, run_after=2025-07-28T00:00:00+00:00
[2025-07-28T22:49:40.949+0000] {processor.py:175} INFO - Processing /home/airflow/.local/lib/python3.7/site-packages/airflow/example_dags/example_nested_branch_dag.py took 0.141 seconds
[2025-07-28T22:50:12.111+0000] {processor.py:153} INFO - Started process (PID=713) to work on /home/airflow/.local/lib/python3.7/site-packages/airflow/example_dags/example_nested_branch_dag.py
[2025-07-28T22:50:12.114+0000] {processor.py:743} INFO - Processing file /home/airflow/.local/lib/python3.7/site-packages/airflow/example_dags/example_nested_branch_dag.py for tasks to queue
[2025-07-28T22:50:12.116+0000] {logging_mixin.py:137} INFO - [2025-07-28T22:50:12.115+0000] {dagbag.py:538} INFO - Filling up the DagBag from /home/airflow/.local/lib/python3.7/site-packages/airflow/example_dags/example_nested_branch_dag.py
[2025-07-28T22:50:12.204+0000] {processor.py:753} INFO - DAG(s) dict_keys(['example_nested_branch_dag']) retrieved from /home/airflow/.local/lib/python3.7/site-packages/airflow/example_dags/example_nested_branch_dag.py
[2025-07-28T22:50:12.287+0000] {logging_mixin.py:137} INFO - [2025-07-28T22:50:12.287+0000] {dag.py:2690} INFO - Sync 1 DAGs
[2025-07-28T22:50:12.357+0000] {logging_mixin.py:137} INFO - [2025-07-28T22:50:12.356+0000] {dag.py:3441} INFO - Setting next_dagrun for example_nested_branch_dag to 2025-07-27T00:00:00+00:00, run_after=2025-07-28T00:00:00+00:00
[2025-07-28T22:50:12.395+0000] {processor.py:175} INFO - Processing /home/airflow/.local/lib/python3.7/site-packages/airflow/example_dags/example_nested_branch_dag.py took 0.299 seconds
[2025-07-28T22:50:42.460+0000] {processor.py:153} INFO - Started process (PID=800) to work on /home/airflow/.local/lib/python3.7/site-packages/airflow/example_dags/example_nested_branch_dag.py
[2025-07-28T22:50:42.462+0000] {processor.py:743} INFO - Processing file /home/airflow/.local/lib/python3.7/site-packages/airflow/example_dags/example_nested_branch_dag.py for tasks to queue
[2025-07-28T22:50:42.464+0000] {logging_mixin.py:137} INFO - [2025-07-28T22:50:42.464+0000] {dagbag.py:538} INFO - Filling up the DagBag from /home/airflow/.local/lib/python3.7/site-packages/airflow/example_dags/example_nested_branch_dag.py
[2025-07-28T22:50:42.515+0000] {processor.py:753} INFO - DAG(s) dict_keys(['example_nested_branch_dag']) retrieved from /home/airflow/.local/lib/python3.7/site-packages/airflow/example_dags/example_nested_branch_dag.py
[2025-07-28T22:50:42.562+0000] {logging_mixin.py:137} INFO - [2025-07-28T22:50:42.562+0000] {dag.py:2690} INFO - Sync 1 DAGs
[2025-07-28T22:50:42.616+0000] {logging_mixin.py:137} INFO - [2025-07-28T22:50:42.615+0000] {dag.py:3441} INFO - Setting next_dagrun for example_nested_branch_dag to 2025-07-27T00:00:00+00:00, run_after=2025-07-28T00:00:00+00:00
[2025-07-28T22:50:42.651+0000] {processor.py:175} INFO - Processing /home/airflow/.local/lib/python3.7/site-packages/airflow/example_dags/example_nested_branch_dag.py took 0.199 seconds
[2025-07-28T22:51:13.460+0000] {processor.py:153} INFO - Started process (PID=871) to work on /home/airflow/.local/lib/python3.7/site-packages/airflow/example_dags/example_nested_branch_dag.py
[2025-07-28T22:51:13.461+0000] {processor.py:743} INFO - Processing file /home/airflow/.local/lib/python3.7/site-packages/airflow/example_dags/example_nested_branch_dag.py for tasks to queue
[2025-07-28T22:51:13.462+0000] {logging_mixin.py:137} INFO - [2025-07-28T22:51:13.462+0000] {dagbag.py:538} INFO - Filling up the DagBag from /home/airflow/.local/lib/python3.7/site-packages/airflow/example_dags/example_nested_branch_dag.py
[2025-07-28T22:51:13.490+0000] {processor.py:753} INFO - DAG(s) dict_keys(['example_nested_branch_dag']) retrieved from /home/airflow/.local/lib/python3.7/site-packages/airflow/example_dags/example_nested_branch_dag.py
[2025-07-28T22:51:13.524+0000] {logging_mixin.py:137} INFO - [2025-07-28T22:51:13.524+0000] {dag.py:2690} INFO - Sync 1 DAGs
[2025-07-28T22:51:13.551+0000] {logging_mixin.py:137} INFO - [2025-07-28T22:51:13.551+0000] {dag.py:3441} INFO - Setting next_dagrun for example_nested_branch_dag to 2025-07-27T00:00:00+00:00, run_after=2025-07-28T00:00:00+00:00
[2025-07-28T22:51:13.578+0000] {processor.py:175} INFO - Processing /home/airflow/.local/lib/python3.7/site-packages/airflow/example_dags/example_nested_branch_dag.py took 0.123 seconds
[2025-07-28T22:51:44.154+0000] {processor.py:153} INFO - Started process (PID=951) to work on /home/airflow/.local/lib/python3.7/site-packages/airflow/example_dags/example_nested_branch_dag.py
[2025-07-28T22:51:44.168+0000] {processor.py:743} INFO - Processing file /home/airflow/.local/lib/python3.7/site-packages/airflow/example_dags/example_nested_branch_dag.py for tasks to queue
[2025-07-28T22:51:44.181+0000] {logging_mixin.py:137} INFO - [2025-07-28T22:51:44.181+0000] {dagbag.py:538} INFO - Filling up the DagBag from /home/airflow/.local/lib/python3.7/site-packages/airflow/example_dags/example_nested_branch_dag.py
[2025-07-28T22:51:44.242+0000] {processor.py:753} INFO - DAG(s) dict_keys(['example_nested_branch_dag']) retrieved from /home/airflow/.local/lib/python3.7/site-packages/airflow/example_dags/example_nested_branch_dag.py
[2025-07-28T22:51:44.299+0000] {logging_mixin.py:137} INFO - [2025-07-28T22:51:44.298+0000] {dag.py:2690} INFO - Sync 1 DAGs
[2025-07-28T22:51:44.349+0000] {logging_mixin.py:137} INFO - [2025-07-28T22:51:44.349+0000] {dag.py:3441} INFO - Setting next_dagrun for example_nested_branch_dag to 2025-07-27T00:00:00+00:00, run_after=2025-07-28T00:00:00+00:00
[2025-07-28T22:51:44.392+0000] {processor.py:175} INFO - Processing /home/airflow/.local/lib/python3.7/site-packages/airflow/example_dags/example_nested_branch_dag.py took 0.247 seconds
[2025-07-28T22:52:14.527+0000] {processor.py:153} INFO - Started process (PID=1029) to work on /home/airflow/.local/lib/python3.7/site-packages/airflow/example_dags/example_nested_branch_dag.py
[2025-07-28T22:52:14.528+0000] {processor.py:743} INFO - Processing file /home/airflow/.local/lib/python3.7/site-packages/airflow/example_dags/example_nested_branch_dag.py for tasks to queue
[2025-07-28T22:52:14.530+0000] {logging_mixin.py:137} INFO - [2025-07-28T22:52:14.529+0000] {dagbag.py:538} INFO - Filling up the DagBag from /home/airflow/.local/lib/python3.7/site-packages/airflow/example_dags/example_nested_branch_dag.py
[2025-07-28T22:52:14.562+0000] {processor.py:753} INFO - DAG(s) dict_keys(['example_nested_branch_dag']) retrieved from /home/airflow/.local/lib/python3.7/site-packages/airflow/example_dags/example_nested_branch_dag.py
[2025-07-28T22:52:14.594+0000] {logging_mixin.py:137} INFO - [2025-07-28T22:52:14.594+0000] {dag.py:2690} INFO - Sync 1 DAGs
[2025-07-28T22:52:14.623+0000] {logging_mixin.py:137} INFO - [2025-07-28T22:52:14.622+0000] {dag.py:3441} INFO - Setting next_dagrun for example_nested_branch_dag to 2025-07-27T00:00:00+00:00, run_after=2025-07-28T00:00:00+00:00
[2025-07-28T22:52:14.646+0000] {processor.py:175} INFO - Processing /home/airflow/.local/lib/python3.7/site-packages/airflow/example_dags/example_nested_branch_dag.py took 0.124 seconds
[2025-07-28T22:52:45.252+0000] {processor.py:153} INFO - Started process (PID=1100) to work on /home/airflow/.local/lib/python3.7/site-packages/airflow/example_dags/example_nested_branch_dag.py
[2025-07-28T22:52:45.258+0000] {processor.py:743} INFO - Processing file /home/airflow/.local/lib/python3.7/site-packages/airflow/example_dags/example_nested_branch_dag.py for tasks to queue
[2025-07-28T22:52:45.260+0000] {logging_mixin.py:137} INFO - [2025-07-28T22:52:45.259+0000] {dagbag.py:538} INFO - Filling up the DagBag from /home/airflow/.local/lib/python3.7/site-packages/airflow/example_dags/example_nested_branch_dag.py
[2025-07-28T22:52:45.325+0000] {processor.py:753} INFO - DAG(s) dict_keys(['example_nested_branch_dag']) retrieved from /home/airflow/.local/lib/python3.7/site-packages/airflow/example_dags/example_nested_branch_dag.py
[2025-07-28T22:52:45.401+0000] {logging_mixin.py:137} INFO - [2025-07-28T22:52:45.400+0000] {dag.py:2690} INFO - Sync 1 DAGs
[2025-07-28T22:52:45.462+0000] {logging_mixin.py:137} INFO - [2025-07-28T22:52:45.461+0000] {dag.py:3441} INFO - Setting next_dagrun for example_nested_branch_dag to 2025-07-27T00:00:00+00:00, run_after=2025-07-28T00:00:00+00:00
[2025-07-28T22:52:45.523+0000] {processor.py:175} INFO - Processing /home/airflow/.local/lib/python3.7/site-packages/airflow/example_dags/example_nested_branch_dag.py took 0.279 seconds
[2025-07-28T22:53:16.126+0000] {processor.py:153} INFO - Started process (PID=1187) to work on /home/airflow/.local/lib/python3.7/site-packages/airflow/example_dags/example_nested_branch_dag.py
[2025-07-28T22:53:16.127+0000] {processor.py:743} INFO - Processing file /home/airflow/.local/lib/python3.7/site-packages/airflow/example_dags/example_nested_branch_dag.py for tasks to queue
[2025-07-28T22:53:16.129+0000] {logging_mixin.py:137} INFO - [2025-07-28T22:53:16.129+0000] {dagbag.py:538} INFO - Filling up the DagBag from /home/airflow/.local/lib/python3.7/site-packages/airflow/example_dags/example_nested_branch_dag.py
[2025-07-28T22:53:16.159+0000] {processor.py:753} INFO - DAG(s) dict_keys(['example_nested_branch_dag']) retrieved from /home/airflow/.local/lib/python3.7/site-packages/airflow/example_dags/example_nested_branch_dag.py
[2025-07-28T22:53:16.194+0000] {logging_mixin.py:137} INFO - [2025-07-28T22:53:16.194+0000] {dag.py:2690} INFO - Sync 1 DAGs
[2025-07-28T22:53:16.224+0000] {logging_mixin.py:137} INFO - [2025-07-28T22:53:16.224+0000] {dag.py:3441} INFO - Setting next_dagrun for example_nested_branch_dag to 2025-07-27T00:00:00+00:00, run_after=2025-07-28T00:00:00+00:00
[2025-07-28T22:53:16.247+0000] {processor.py:175} INFO - Processing /home/airflow/.local/lib/python3.7/site-packages/airflow/example_dags/example_nested_branch_dag.py took 0.126 seconds
[2025-07-28T22:53:47.086+0000] {processor.py:153} INFO - Started process (PID=1258) to work on /home/airflow/.local/lib/python3.7/site-packages/airflow/example_dags/example_nested_branch_dag.py
[2025-07-28T22:53:47.087+0000] {processor.py:743} INFO - Processing file /home/airflow/.local/lib/python3.7/site-packages/airflow/example_dags/example_nested_branch_dag.py for tasks to queue
[2025-07-28T22:53:47.089+0000] {logging_mixin.py:137} INFO - [2025-07-28T22:53:47.088+0000] {dagbag.py:538} INFO - Filling up the DagBag from /home/airflow/.local/lib/python3.7/site-packages/airflow/example_dags/example_nested_branch_dag.py
[2025-07-28T22:53:47.130+0000] {processor.py:753} INFO - DAG(s) dict_keys(['example_nested_branch_dag']) retrieved from /home/airflow/.local/lib/python3.7/site-packages/airflow/example_dags/example_nested_branch_dag.py
[2025-07-28T22:53:47.180+0000] {logging_mixin.py:137} INFO - [2025-07-28T22:53:47.179+0000] {dag.py:2690} INFO - Sync 1 DAGs
[2025-07-28T22:53:47.229+0000] {logging_mixin.py:137} INFO - [2025-07-28T22:53:47.229+0000] {dag.py:3441} INFO - Setting next_dagrun for example_nested_branch_dag to 2025-07-27T00:00:00+00:00, run_after=2025-07-28T00:00:00+00:00
[2025-07-28T22:53:47.266+0000] {processor.py:175} INFO - Processing /home/airflow/.local/lib/python3.7/site-packages/airflow/example_dags/example_nested_branch_dag.py took 0.185 seconds
[2025-07-28T22:54:18.090+0000] {processor.py:153} INFO - Started process (PID=1329) to work on /home/airflow/.local/lib/python3.7/site-packages/airflow/example_dags/example_nested_branch_dag.py
[2025-07-28T22:54:18.100+0000] {processor.py:743} INFO - Processing file /home/airflow/.local/lib/python3.7/site-packages/airflow/example_dags/example_nested_branch_dag.py for tasks to queue
[2025-07-28T22:54:18.105+0000] {logging_mixin.py:137} INFO - [2025-07-28T22:54:18.105+0000] {dagbag.py:538} INFO - Filling up the DagBag from /home/airflow/.local/lib/python3.7/site-packages/airflow/example_dags/example_nested_branch_dag.py
[2025-07-28T22:54:18.267+0000] {processor.py:753} INFO - DAG(s) dict_keys(['example_nested_branch_dag']) retrieved from /home/airflow/.local/lib/python3.7/site-packages/airflow/example_dags/example_nested_branch_dag.py
[2025-07-28T22:54:18.411+0000] {logging_mixin.py:137} INFO - [2025-07-28T22:54:18.410+0000] {dag.py:2690} INFO - Sync 1 DAGs
[2025-07-28T22:54:18.579+0000] {logging_mixin.py:137} INFO - [2025-07-28T22:54:18.578+0000] {dag.py:3441} INFO - Setting next_dagrun for example_nested_branch_dag to 2025-07-27T00:00:00+00:00, run_after=2025-07-28T00:00:00+00:00
[2025-07-28T22:54:18.699+0000] {processor.py:175} INFO - Processing /home/airflow/.local/lib/python3.7/site-packages/airflow/example_dags/example_nested_branch_dag.py took 0.637 seconds
[2025-07-28T22:54:49.481+0000] {processor.py:153} INFO - Started process (PID=1400) to work on /home/airflow/.local/lib/python3.7/site-packages/airflow/example_dags/example_nested_branch_dag.py
[2025-07-28T22:54:49.485+0000] {processor.py:743} INFO - Processing file /home/airflow/.local/lib/python3.7/site-packages/airflow/example_dags/example_nested_branch_dag.py for tasks to queue
[2025-07-28T22:54:49.489+0000] {logging_mixin.py:137} INFO - [2025-07-28T22:54:49.488+0000] {dagbag.py:538} INFO - Filling up the DagBag from /home/airflow/.local/lib/python3.7/site-packages/airflow/example_dags/example_nested_branch_dag.py
[2025-07-28T22:54:49.536+0000] {processor.py:753} INFO - DAG(s) dict_keys(['example_nested_branch_dag']) retrieved from /home/airflow/.local/lib/python3.7/site-packages/airflow/example_dags/example_nested_branch_dag.py
[2025-07-28T22:54:49.580+0000] {logging_mixin.py:137} INFO - [2025-07-28T22:54:49.580+0000] {dag.py:2690} INFO - Sync 1 DAGs
[2025-07-28T22:54:49.634+0000] {logging_mixin.py:137} INFO - [2025-07-28T22:54:49.634+0000] {dag.py:3441} INFO - Setting next_dagrun for example_nested_branch_dag to 2025-07-27T00:00:00+00:00, run_after=2025-07-28T00:00:00+00:00
[2025-07-28T22:54:49.672+0000] {processor.py:175} INFO - Processing /home/airflow/.local/lib/python3.7/site-packages/airflow/example_dags/example_nested_branch_dag.py took 0.198 seconds
[2025-07-28T22:55:20.063+0000] {processor.py:153} INFO - Started process (PID=1471) to work on /home/airflow/.local/lib/python3.7/site-packages/airflow/example_dags/example_nested_branch_dag.py
[2025-07-28T22:55:20.064+0000] {processor.py:743} INFO - Processing file /home/airflow/.local/lib/python3.7/site-packages/airflow/example_dags/example_nested_branch_dag.py for tasks to queue
[2025-07-28T22:55:20.065+0000] {logging_mixin.py:137} INFO - [2025-07-28T22:55:20.065+0000] {dagbag.py:538} INFO - Filling up the DagBag from /home/airflow/.local/lib/python3.7/site-packages/airflow/example_dags/example_nested_branch_dag.py
[2025-07-28T22:55:20.099+0000] {processor.py:753} INFO - DAG(s) dict_keys(['example_nested_branch_dag']) retrieved from /home/airflow/.local/lib/python3.7/site-packages/airflow/example_dags/example_nested_branch_dag.py
[2025-07-28T22:55:20.129+0000] {logging_mixin.py:137} INFO - [2025-07-28T22:55:20.129+0000] {dag.py:2690} INFO - Sync 1 DAGs
[2025-07-28T22:55:20.161+0000] {logging_mixin.py:137} INFO - [2025-07-28T22:55:20.161+0000] {dag.py:3441} INFO - Setting next_dagrun for example_nested_branch_dag to 2025-07-27T00:00:00+00:00, run_after=2025-07-28T00:00:00+00:00
[2025-07-28T22:55:20.188+0000] {processor.py:175} INFO - Processing /home/airflow/.local/lib/python3.7/site-packages/airflow/example_dags/example_nested_branch_dag.py took 0.130 seconds
[2025-07-28T22:55:50.441+0000] {processor.py:153} INFO - Started process (PID=1559) to work on /home/airflow/.local/lib/python3.7/site-packages/airflow/example_dags/example_nested_branch_dag.py
[2025-07-28T22:55:50.442+0000] {processor.py:743} INFO - Processing file /home/airflow/.local/lib/python3.7/site-packages/airflow/example_dags/example_nested_branch_dag.py for tasks to queue
[2025-07-28T22:55:50.444+0000] {logging_mixin.py:137} INFO - [2025-07-28T22:55:50.444+0000] {dagbag.py:538} INFO - Filling up the DagBag from /home/airflow/.local/lib/python3.7/site-packages/airflow/example_dags/example_nested_branch_dag.py
[2025-07-28T22:55:50.483+0000] {processor.py:753} INFO - DAG(s) dict_keys(['example_nested_branch_dag']) retrieved from /home/airflow/.local/lib/python3.7/site-packages/airflow/example_dags/example_nested_branch_dag.py
[2025-07-28T22:55:50.516+0000] {logging_mixin.py:137} INFO - [2025-07-28T22:55:50.516+0000] {dag.py:2690} INFO - Sync 1 DAGs
[2025-07-28T22:55:50.547+0000] {logging_mixin.py:137} INFO - [2025-07-28T22:55:50.547+0000] {dag.py:3441} INFO - Setting next_dagrun for example_nested_branch_dag to 2025-07-27T00:00:00+00:00, run_after=2025-07-28T00:00:00+00:00
[2025-07-28T22:55:50.575+0000] {processor.py:175} INFO - Processing /home/airflow/.local/lib/python3.7/site-packages/airflow/example_dags/example_nested_branch_dag.py took 0.138 seconds
[2025-07-28T22:56:21.048+0000] {processor.py:153} INFO - Started process (PID=1630) to work on /home/airflow/.local/lib/python3.7/site-packages/airflow/example_dags/example_nested_branch_dag.py
[2025-07-28T22:56:21.057+0000] {processor.py:743} INFO - Processing file /home/airflow/.local/lib/python3.7/site-packages/airflow/example_dags/example_nested_branch_dag.py for tasks to queue
[2025-07-28T22:56:21.060+0000] {logging_mixin.py:137} INFO - [2025-07-28T22:56:21.059+0000] {dagbag.py:538} INFO - Filling up the DagBag from /home/airflow/.local/lib/python3.7/site-packages/airflow/example_dags/example_nested_branch_dag.py
[2025-07-28T22:56:21.125+0000] {processor.py:753} INFO - DAG(s) dict_keys(['example_nested_branch_dag']) retrieved from /home/airflow/.local/lib/python3.7/site-packages/airflow/example_dags/example_nested_branch_dag.py
[2025-07-28T22:56:21.207+0000] {logging_mixin.py:137} INFO - [2025-07-28T22:56:21.207+0000] {dag.py:2690} INFO - Sync 1 DAGs
[2025-07-28T22:56:21.271+0000] {logging_mixin.py:137} INFO - [2025-07-28T22:56:21.271+0000] {dag.py:3441} INFO - Setting next_dagrun for example_nested_branch_dag to 2025-07-27T00:00:00+00:00, run_after=2025-07-28T00:00:00+00:00
[2025-07-28T22:56:21.322+0000] {processor.py:175} INFO - Processing /home/airflow/.local/lib/python3.7/site-packages/airflow/example_dags/example_nested_branch_dag.py took 0.283 seconds
[2025-07-28T22:56:52.066+0000] {processor.py:153} INFO - Started process (PID=1702) to work on /home/airflow/.local/lib/python3.7/site-packages/airflow/example_dags/example_nested_branch_dag.py
[2025-07-28T22:56:52.068+0000] {processor.py:743} INFO - Processing file /home/airflow/.local/lib/python3.7/site-packages/airflow/example_dags/example_nested_branch_dag.py for tasks to queue
[2025-07-28T22:56:52.069+0000] {logging_mixin.py:137} INFO - [2025-07-28T22:56:52.069+0000] {dagbag.py:538} INFO - Filling up the DagBag from /home/airflow/.local/lib/python3.7/site-packages/airflow/example_dags/example_nested_branch_dag.py
[2025-07-28T22:56:52.097+0000] {processor.py:753} INFO - DAG(s) dict_keys(['example_nested_branch_dag']) retrieved from /home/airflow/.local/lib/python3.7/site-packages/airflow/example_dags/example_nested_branch_dag.py
[2025-07-28T22:56:52.131+0000] {logging_mixin.py:137} INFO - [2025-07-28T22:56:52.131+0000] {dag.py:2690} INFO - Sync 1 DAGs
[2025-07-28T22:56:52.167+0000] {logging_mixin.py:137} INFO - [2025-07-28T22:56:52.167+0000] {dag.py:3441} INFO - Setting next_dagrun for example_nested_branch_dag to 2025-07-27T00:00:00+00:00, run_after=2025-07-28T00:00:00+00:00
[2025-07-28T22:56:52.225+0000] {processor.py:175} INFO - Processing /home/airflow/.local/lib/python3.7/site-packages/airflow/example_dags/example_nested_branch_dag.py took 0.163 seconds
[2025-07-28T22:57:22.362+0000] {processor.py:153} INFO - Started process (PID=1773) to work on /home/airflow/.local/lib/python3.7/site-packages/airflow/example_dags/example_nested_branch_dag.py
[2025-07-28T22:57:22.364+0000] {processor.py:743} INFO - Processing file /home/airflow/.local/lib/python3.7/site-packages/airflow/example_dags/example_nested_branch_dag.py for tasks to queue
[2025-07-28T22:57:22.366+0000] {logging_mixin.py:137} INFO - [2025-07-28T22:57:22.365+0000] {dagbag.py:538} INFO - Filling up the DagBag from /home/airflow/.local/lib/python3.7/site-packages/airflow/example_dags/example_nested_branch_dag.py
[2025-07-28T22:57:22.422+0000] {processor.py:753} INFO - DAG(s) dict_keys(['example_nested_branch_dag']) retrieved from /home/airflow/.local/lib/python3.7/site-packages/airflow/example_dags/example_nested_branch_dag.py
[2025-07-28T22:57:22.483+0000] {logging_mixin.py:137} INFO - [2025-07-28T22:57:22.483+0000] {dag.py:2690} INFO - Sync 1 DAGs
[2025-07-28T22:57:22.524+0000] {logging_mixin.py:137} INFO - [2025-07-28T22:57:22.524+0000] {dag.py:3441} INFO - Setting next_dagrun for example_nested_branch_dag to 2025-07-27T00:00:00+00:00, run_after=2025-07-28T00:00:00+00:00
[2025-07-28T22:57:22.553+0000] {processor.py:175} INFO - Processing /home/airflow/.local/lib/python3.7/site-packages/airflow/example_dags/example_nested_branch_dag.py took 0.199 seconds
[2025-07-28T22:57:52.732+0000] {processor.py:153} INFO - Started process (PID=1844) to work on /home/airflow/.local/lib/python3.7/site-packages/airflow/example_dags/example_nested_branch_dag.py
[2025-07-28T22:57:52.734+0000] {processor.py:743} INFO - Processing file /home/airflow/.local/lib/python3.7/site-packages/airflow/example_dags/example_nested_branch_dag.py for tasks to queue
[2025-07-28T22:57:52.735+0000] {logging_mixin.py:137} INFO - [2025-07-28T22:57:52.735+0000] {dagbag.py:538} INFO - Filling up the DagBag from /home/airflow/.local/lib/python3.7/site-packages/airflow/example_dags/example_nested_branch_dag.py
[2025-07-28T22:57:52.772+0000] {processor.py:753} INFO - DAG(s) dict_keys(['example_nested_branch_dag']) retrieved from /home/airflow/.local/lib/python3.7/site-packages/airflow/example_dags/example_nested_branch_dag.py
[2025-07-28T22:57:52.810+0000] {logging_mixin.py:137} INFO - [2025-07-28T22:57:52.810+0000] {dag.py:2690} INFO - Sync 1 DAGs
[2025-07-28T22:57:52.853+0000] {logging_mixin.py:137} INFO - [2025-07-28T22:57:52.853+0000] {dag.py:3441} INFO - Setting next_dagrun for example_nested_branch_dag to 2025-07-27T00:00:00+00:00, run_after=2025-07-28T00:00:00+00:00
[2025-07-28T22:57:52.887+0000] {processor.py:175} INFO - Processing /home/airflow/.local/lib/python3.7/site-packages/airflow/example_dags/example_nested_branch_dag.py took 0.159 seconds
[2025-07-28T22:58:23.202+0000] {processor.py:153} INFO - Started process (PID=1931) to work on /home/airflow/.local/lib/python3.7/site-packages/airflow/example_dags/example_nested_branch_dag.py
[2025-07-28T22:58:23.203+0000] {processor.py:743} INFO - Processing file /home/airflow/.local/lib/python3.7/site-packages/airflow/example_dags/example_nested_branch_dag.py for tasks to queue
[2025-07-28T22:58:23.204+0000] {logging_mixin.py:137} INFO - [2025-07-28T22:58:23.204+0000] {dagbag.py:538} INFO - Filling up the DagBag from /home/airflow/.local/lib/python3.7/site-packages/airflow/example_dags/example_nested_branch_dag.py
[2025-07-28T22:58:23.250+0000] {processor.py:753} INFO - DAG(s) dict_keys(['example_nested_branch_dag']) retrieved from /home/airflow/.local/lib/python3.7/site-packages/airflow/example_dags/example_nested_branch_dag.py
[2025-07-28T22:58:23.287+0000] {logging_mixin.py:137} INFO - [2025-07-28T22:58:23.287+0000] {dag.py:2690} INFO - Sync 1 DAGs
[2025-07-28T22:58:23.322+0000] {logging_mixin.py:137} INFO - [2025-07-28T22:58:23.322+0000] {dag.py:3441} INFO - Setting next_dagrun for example_nested_branch_dag to 2025-07-27T00:00:00+00:00, run_after=2025-07-28T00:00:00+00:00
[2025-07-28T22:58:23.353+0000] {processor.py:175} INFO - Processing /home/airflow/.local/lib/python3.7/site-packages/airflow/example_dags/example_nested_branch_dag.py took 0.156 seconds
[2025-07-28T22:58:54.035+0000] {processor.py:153} INFO - Started process (PID=2002) to work on /home/airflow/.local/lib/python3.7/site-packages/airflow/example_dags/example_nested_branch_dag.py
[2025-07-28T22:58:54.036+0000] {processor.py:743} INFO - Processing file /home/airflow/.local/lib/python3.7/site-packages/airflow/example_dags/example_nested_branch_dag.py for tasks to queue
[2025-07-28T22:58:54.037+0000] {logging_mixin.py:137} INFO - [2025-07-28T22:58:54.036+0000] {dagbag.py:538} INFO - Filling up the DagBag from /home/airflow/.local/lib/python3.7/site-packages/airflow/example_dags/example_nested_branch_dag.py
[2025-07-28T22:58:54.066+0000] {processor.py:753} INFO - DAG(s) dict_keys(['example_nested_branch_dag']) retrieved from /home/airflow/.local/lib/python3.7/site-packages/airflow/example_dags/example_nested_branch_dag.py
[2025-07-28T22:58:54.100+0000] {logging_mixin.py:137} INFO - [2025-07-28T22:58:54.100+0000] {dag.py:2690} INFO - Sync 1 DAGs
[2025-07-28T22:58:54.132+0000] {logging_mixin.py:137} INFO - [2025-07-28T22:58:54.131+0000] {dag.py:3441} INFO - Setting next_dagrun for example_nested_branch_dag to 2025-07-27T00:00:00+00:00, run_after=2025-07-28T00:00:00+00:00
[2025-07-28T22:58:54.162+0000] {processor.py:175} INFO - Processing /home/airflow/.local/lib/python3.7/site-packages/airflow/example_dags/example_nested_branch_dag.py took 0.131 seconds
[2025-07-28T22:59:24.428+0000] {processor.py:153} INFO - Started process (PID=2073) to work on /home/airflow/.local/lib/python3.7/site-packages/airflow/example_dags/example_nested_branch_dag.py
[2025-07-28T22:59:24.429+0000] {processor.py:743} INFO - Processing file /home/airflow/.local/lib/python3.7/site-packages/airflow/example_dags/example_nested_branch_dag.py for tasks to queue
[2025-07-28T22:59:24.430+0000] {logging_mixin.py:137} INFO - [2025-07-28T22:59:24.430+0000] {dagbag.py:538} INFO - Filling up the DagBag from /home/airflow/.local/lib/python3.7/site-packages/airflow/example_dags/example_nested_branch_dag.py
[2025-07-28T22:59:24.473+0000] {processor.py:753} INFO - DAG(s) dict_keys(['example_nested_branch_dag']) retrieved from /home/airflow/.local/lib/python3.7/site-packages/airflow/example_dags/example_nested_branch_dag.py
[2025-07-28T22:59:24.550+0000] {logging_mixin.py:137} INFO - [2025-07-28T22:59:24.549+0000] {dag.py:2690} INFO - Sync 1 DAGs
[2025-07-28T22:59:24.605+0000] {logging_mixin.py:137} INFO - [2025-07-28T22:59:24.605+0000] {dag.py:3441} INFO - Setting next_dagrun for example_nested_branch_dag to 2025-07-27T00:00:00+00:00, run_after=2025-07-28T00:00:00+00:00
[2025-07-28T22:59:24.634+0000] {processor.py:175} INFO - Processing /home/airflow/.local/lib/python3.7/site-packages/airflow/example_dags/example_nested_branch_dag.py took 0.210 seconds
[2025-07-28T22:59:54.781+0000] {processor.py:153} INFO - Started process (PID=2161) to work on /home/airflow/.local/lib/python3.7/site-packages/airflow/example_dags/example_nested_branch_dag.py
[2025-07-28T22:59:54.782+0000] {processor.py:743} INFO - Processing file /home/airflow/.local/lib/python3.7/site-packages/airflow/example_dags/example_nested_branch_dag.py for tasks to queue
[2025-07-28T22:59:54.783+0000] {logging_mixin.py:137} INFO - [2025-07-28T22:59:54.783+0000] {dagbag.py:538} INFO - Filling up the DagBag from /home/airflow/.local/lib/python3.7/site-packages/airflow/example_dags/example_nested_branch_dag.py
[2025-07-28T22:59:54.829+0000] {processor.py:753} INFO - DAG(s) dict_keys(['example_nested_branch_dag']) retrieved from /home/airflow/.local/lib/python3.7/site-packages/airflow/example_dags/example_nested_branch_dag.py
[2025-07-28T22:59:54.869+0000] {logging_mixin.py:137} INFO - [2025-07-28T22:59:54.868+0000] {dag.py:2690} INFO - Sync 1 DAGs
[2025-07-28T22:59:54.914+0000] {logging_mixin.py:137} INFO - [2025-07-28T22:59:54.914+0000] {dag.py:3441} INFO - Setting next_dagrun for example_nested_branch_dag to 2025-07-27T00:00:00+00:00, run_after=2025-07-28T00:00:00+00:00
[2025-07-28T22:59:54.946+0000] {processor.py:175} INFO - Processing /home/airflow/.local/lib/python3.7/site-packages/airflow/example_dags/example_nested_branch_dag.py took 0.170 seconds
[2025-07-28T23:00:25.044+0000] {processor.py:153} INFO - Started process (PID=2232) to work on /home/airflow/.local/lib/python3.7/site-packages/airflow/example_dags/example_nested_branch_dag.py
[2025-07-28T23:00:25.045+0000] {processor.py:743} INFO - Processing file /home/airflow/.local/lib/python3.7/site-packages/airflow/example_dags/example_nested_branch_dag.py for tasks to queue
[2025-07-28T23:00:25.046+0000] {logging_mixin.py:137} INFO - [2025-07-28T23:00:25.046+0000] {dagbag.py:538} INFO - Filling up the DagBag from /home/airflow/.local/lib/python3.7/site-packages/airflow/example_dags/example_nested_branch_dag.py
[2025-07-28T23:00:25.084+0000] {processor.py:753} INFO - DAG(s) dict_keys(['example_nested_branch_dag']) retrieved from /home/airflow/.local/lib/python3.7/site-packages/airflow/example_dags/example_nested_branch_dag.py
[2025-07-28T23:00:25.145+0000] {logging_mixin.py:137} INFO - [2025-07-28T23:00:25.145+0000] {dag.py:2690} INFO - Sync 1 DAGs
[2025-07-28T23:00:25.189+0000] {logging_mixin.py:137} INFO - [2025-07-28T23:00:25.189+0000] {dag.py:3441} INFO - Setting next_dagrun for example_nested_branch_dag to 2025-07-27T00:00:00+00:00, run_after=2025-07-28T00:00:00+00:00
[2025-07-28T23:00:25.217+0000] {processor.py:175} INFO - Processing /home/airflow/.local/lib/python3.7/site-packages/airflow/example_dags/example_nested_branch_dag.py took 0.177 seconds
[2025-07-28T23:00:55.730+0000] {processor.py:153} INFO - Started process (PID=2319) to work on /home/airflow/.local/lib/python3.7/site-packages/airflow/example_dags/example_nested_branch_dag.py
[2025-07-28T23:00:55.732+0000] {processor.py:743} INFO - Processing file /home/airflow/.local/lib/python3.7/site-packages/airflow/example_dags/example_nested_branch_dag.py for tasks to queue
[2025-07-28T23:00:55.734+0000] {logging_mixin.py:137} INFO - [2025-07-28T23:00:55.733+0000] {dagbag.py:538} INFO - Filling up the DagBag from /home/airflow/.local/lib/python3.7/site-packages/airflow/example_dags/example_nested_branch_dag.py
[2025-07-28T23:00:55.783+0000] {processor.py:753} INFO - DAG(s) dict_keys(['example_nested_branch_dag']) retrieved from /home/airflow/.local/lib/python3.7/site-packages/airflow/example_dags/example_nested_branch_dag.py
[2025-07-28T23:00:55.827+0000] {logging_mixin.py:137} INFO - [2025-07-28T23:00:55.827+0000] {dag.py:2690} INFO - Sync 1 DAGs
[2025-07-28T23:00:55.873+0000] {logging_mixin.py:137} INFO - [2025-07-28T23:00:55.872+0000] {dag.py:3441} INFO - Setting next_dagrun for example_nested_branch_dag to 2025-07-27T00:00:00+00:00, run_after=2025-07-28T00:00:00+00:00
[2025-07-28T23:00:55.907+0000] {processor.py:175} INFO - Processing /home/airflow/.local/lib/python3.7/site-packages/airflow/example_dags/example_nested_branch_dag.py took 0.185 seconds
[2025-07-28T23:01:26.370+0000] {processor.py:153} INFO - Started process (PID=2391) to work on /home/airflow/.local/lib/python3.7/site-packages/airflow/example_dags/example_nested_branch_dag.py
[2025-07-28T23:01:26.372+0000] {processor.py:743} INFO - Processing file /home/airflow/.local/lib/python3.7/site-packages/airflow/example_dags/example_nested_branch_dag.py for tasks to queue
[2025-07-28T23:01:26.373+0000] {logging_mixin.py:137} INFO - [2025-07-28T23:01:26.373+0000] {dagbag.py:538} INFO - Filling up the DagBag from /home/airflow/.local/lib/python3.7/site-packages/airflow/example_dags/example_nested_branch_dag.py
[2025-07-28T23:01:26.409+0000] {processor.py:753} INFO - DAG(s) dict_keys(['example_nested_branch_dag']) retrieved from /home/airflow/.local/lib/python3.7/site-packages/airflow/example_dags/example_nested_branch_dag.py
[2025-07-28T23:01:26.454+0000] {logging_mixin.py:137} INFO - [2025-07-28T23:01:26.454+0000] {dag.py:2690} INFO - Sync 1 DAGs
[2025-07-28T23:01:26.487+0000] {logging_mixin.py:137} INFO - [2025-07-28T23:01:26.487+0000] {dag.py:3441} INFO - Setting next_dagrun for example_nested_branch_dag to 2025-07-27T00:00:00+00:00, run_after=2025-07-28T00:00:00+00:00
[2025-07-28T23:01:26.515+0000] {processor.py:175} INFO - Processing /home/airflow/.local/lib/python3.7/site-packages/airflow/example_dags/example_nested_branch_dag.py took 0.149 seconds
[2025-07-28T23:01:56.637+0000] {processor.py:153} INFO - Started process (PID=2468) to work on /home/airflow/.local/lib/python3.7/site-packages/airflow/example_dags/example_nested_branch_dag.py
[2025-07-28T23:01:56.644+0000] {processor.py:743} INFO - Processing file /home/airflow/.local/lib/python3.7/site-packages/airflow/example_dags/example_nested_branch_dag.py for tasks to queue
[2025-07-28T23:01:56.646+0000] {logging_mixin.py:137} INFO - [2025-07-28T23:01:56.645+0000] {dagbag.py:538} INFO - Filling up the DagBag from /home/airflow/.local/lib/python3.7/site-packages/airflow/example_dags/example_nested_branch_dag.py
[2025-07-28T23:01:56.698+0000] {processor.py:753} INFO - DAG(s) dict_keys(['example_nested_branch_dag']) retrieved from /home/airflow/.local/lib/python3.7/site-packages/airflow/example_dags/example_nested_branch_dag.py
[2025-07-28T23:01:56.762+0000] {logging_mixin.py:137} INFO - [2025-07-28T23:01:56.761+0000] {dag.py:2690} INFO - Sync 1 DAGs
[2025-07-28T23:01:56.827+0000] {logging_mixin.py:137} INFO - [2025-07-28T23:01:56.827+0000] {dag.py:3441} INFO - Setting next_dagrun for example_nested_branch_dag to 2025-07-27T00:00:00+00:00, run_after=2025-07-28T00:00:00+00:00
[2025-07-28T23:01:56.865+0000] {processor.py:175} INFO - Processing /home/airflow/.local/lib/python3.7/site-packages/airflow/example_dags/example_nested_branch_dag.py took 0.234 seconds
[2025-07-28T23:02:27.318+0000] {processor.py:153} INFO - Started process (PID=2549) to work on /home/airflow/.local/lib/python3.7/site-packages/airflow/example_dags/example_nested_branch_dag.py
[2025-07-28T23:02:27.320+0000] {processor.py:743} INFO - Processing file /home/airflow/.local/lib/python3.7/site-packages/airflow/example_dags/example_nested_branch_dag.py for tasks to queue
[2025-07-28T23:02:27.321+0000] {logging_mixin.py:137} INFO - [2025-07-28T23:02:27.320+0000] {dagbag.py:538} INFO - Filling up the DagBag from /home/airflow/.local/lib/python3.7/site-packages/airflow/example_dags/example_nested_branch_dag.py
[2025-07-28T23:02:27.349+0000] {processor.py:753} INFO - DAG(s) dict_keys(['example_nested_branch_dag']) retrieved from /home/airflow/.local/lib/python3.7/site-packages/airflow/example_dags/example_nested_branch_dag.py
[2025-07-28T23:02:27.363+0000] {logging_mixin.py:137} INFO - [2025-07-28T23:02:27.363+0000] {dag.py:2690} INFO - Sync 1 DAGs
[2025-07-28T23:02:27.398+0000] {logging_mixin.py:137} INFO - [2025-07-28T23:02:27.397+0000] {dag.py:3441} INFO - Setting next_dagrun for example_nested_branch_dag to 2025-07-27T00:00:00+00:00, run_after=2025-07-28T00:00:00+00:00
[2025-07-28T23:02:27.421+0000] {processor.py:175} INFO - Processing /home/airflow/.local/lib/python3.7/site-packages/airflow/example_dags/example_nested_branch_dag.py took 0.107 seconds
[2025-07-28T23:02:58.119+0000] {processor.py:153} INFO - Started process (PID=2619) to work on /home/airflow/.local/lib/python3.7/site-packages/airflow/example_dags/example_nested_branch_dag.py
[2025-07-28T23:02:58.121+0000] {processor.py:743} INFO - Processing file /home/airflow/.local/lib/python3.7/site-packages/airflow/example_dags/example_nested_branch_dag.py for tasks to queue
[2025-07-28T23:02:58.122+0000] {logging_mixin.py:137} INFO - [2025-07-28T23:02:58.122+0000] {dagbag.py:538} INFO - Filling up the DagBag from /home/airflow/.local/lib/python3.7/site-packages/airflow/example_dags/example_nested_branch_dag.py
[2025-07-28T23:02:58.155+0000] {processor.py:753} INFO - DAG(s) dict_keys(['example_nested_branch_dag']) retrieved from /home/airflow/.local/lib/python3.7/site-packages/airflow/example_dags/example_nested_branch_dag.py
[2025-07-28T23:02:58.173+0000] {logging_mixin.py:137} INFO - [2025-07-28T23:02:58.172+0000] {dag.py:2690} INFO - Sync 1 DAGs
[2025-07-28T23:02:58.203+0000] {logging_mixin.py:137} INFO - [2025-07-28T23:02:58.203+0000] {dag.py:3441} INFO - Setting next_dagrun for example_nested_branch_dag to 2025-07-27T00:00:00+00:00, run_after=2025-07-28T00:00:00+00:00
[2025-07-28T23:02:58.231+0000] {processor.py:175} INFO - Processing /home/airflow/.local/lib/python3.7/site-packages/airflow/example_dags/example_nested_branch_dag.py took 0.118 seconds
[2025-07-28T23:03:29.066+0000] {processor.py:153} INFO - Started process (PID=2699) to work on /home/airflow/.local/lib/python3.7/site-packages/airflow/example_dags/example_nested_branch_dag.py
[2025-07-28T23:03:29.068+0000] {processor.py:743} INFO - Processing file /home/airflow/.local/lib/python3.7/site-packages/airflow/example_dags/example_nested_branch_dag.py for tasks to queue
[2025-07-28T23:03:29.070+0000] {logging_mixin.py:137} INFO - [2025-07-28T23:03:29.070+0000] {dagbag.py:538} INFO - Filling up the DagBag from /home/airflow/.local/lib/python3.7/site-packages/airflow/example_dags/example_nested_branch_dag.py
[2025-07-28T23:03:29.129+0000] {processor.py:753} INFO - DAG(s) dict_keys(['example_nested_branch_dag']) retrieved from /home/airflow/.local/lib/python3.7/site-packages/airflow/example_dags/example_nested_branch_dag.py
[2025-07-28T23:03:29.148+0000] {logging_mixin.py:137} INFO - [2025-07-28T23:03:29.148+0000] {dag.py:2690} INFO - Sync 1 DAGs
[2025-07-28T23:03:29.202+0000] {logging_mixin.py:137} INFO - [2025-07-28T23:03:29.202+0000] {dag.py:3441} INFO - Setting next_dagrun for example_nested_branch_dag to 2025-07-27T00:00:00+00:00, run_after=2025-07-28T00:00:00+00:00
[2025-07-28T23:03:29.238+0000] {processor.py:175} INFO - Processing /home/airflow/.local/lib/python3.7/site-packages/airflow/example_dags/example_nested_branch_dag.py took 0.183 seconds
[2025-07-28T23:03:59.905+0000] {processor.py:153} INFO - Started process (PID=2777) to work on /home/airflow/.local/lib/python3.7/site-packages/airflow/example_dags/example_nested_branch_dag.py
[2025-07-28T23:03:59.907+0000] {processor.py:743} INFO - Processing file /home/airflow/.local/lib/python3.7/site-packages/airflow/example_dags/example_nested_branch_dag.py for tasks to queue
[2025-07-28T23:03:59.908+0000] {logging_mixin.py:137} INFO - [2025-07-28T23:03:59.908+0000] {dagbag.py:538} INFO - Filling up the DagBag from /home/airflow/.local/lib/python3.7/site-packages/airflow/example_dags/example_nested_branch_dag.py
[2025-07-28T23:03:59.946+0000] {processor.py:753} INFO - DAG(s) dict_keys(['example_nested_branch_dag']) retrieved from /home/airflow/.local/lib/python3.7/site-packages/airflow/example_dags/example_nested_branch_dag.py
[2025-07-28T23:03:59.985+0000] {logging_mixin.py:137} INFO - [2025-07-28T23:03:59.985+0000] {dag.py:2690} INFO - Sync 1 DAGs
[2025-07-28T23:04:00.032+0000] {logging_mixin.py:137} INFO - [2025-07-28T23:04:00.031+0000] {dag.py:3441} INFO - Setting next_dagrun for example_nested_branch_dag to 2025-07-27T00:00:00+00:00, run_after=2025-07-28T00:00:00+00:00
[2025-07-28T23:04:00.059+0000] {processor.py:175} INFO - Processing /home/airflow/.local/lib/python3.7/site-packages/airflow/example_dags/example_nested_branch_dag.py took 0.161 seconds
[2025-07-28T23:04:30.817+0000] {processor.py:153} INFO - Started process (PID=2848) to work on /home/airflow/.local/lib/python3.7/site-packages/airflow/example_dags/example_nested_branch_dag.py
[2025-07-28T23:04:30.819+0000] {processor.py:743} INFO - Processing file /home/airflow/.local/lib/python3.7/site-packages/airflow/example_dags/example_nested_branch_dag.py for tasks to queue
[2025-07-28T23:04:30.820+0000] {logging_mixin.py:137} INFO - [2025-07-28T23:04:30.820+0000] {dagbag.py:538} INFO - Filling up the DagBag from /home/airflow/.local/lib/python3.7/site-packages/airflow/example_dags/example_nested_branch_dag.py
[2025-07-28T23:04:30.858+0000] {processor.py:753} INFO - DAG(s) dict_keys(['example_nested_branch_dag']) retrieved from /home/airflow/.local/lib/python3.7/site-packages/airflow/example_dags/example_nested_branch_dag.py
[2025-07-28T23:04:30.901+0000] {logging_mixin.py:137} INFO - [2025-07-28T23:04:30.901+0000] {dag.py:2690} INFO - Sync 1 DAGs
[2025-07-28T23:04:30.938+0000] {logging_mixin.py:137} INFO - [2025-07-28T23:04:30.938+0000] {dag.py:3441} INFO - Setting next_dagrun for example_nested_branch_dag to 2025-07-27T00:00:00+00:00, run_after=2025-07-28T00:00:00+00:00
[2025-07-28T23:04:30.969+0000] {processor.py:175} INFO - Processing /home/airflow/.local/lib/python3.7/site-packages/airflow/example_dags/example_nested_branch_dag.py took 0.159 seconds
[2025-07-28T23:05:01.364+0000] {processor.py:153} INFO - Started process (PID=2934) to work on /home/airflow/.local/lib/python3.7/site-packages/airflow/example_dags/example_nested_branch_dag.py
[2025-07-28T23:05:01.365+0000] {processor.py:743} INFO - Processing file /home/airflow/.local/lib/python3.7/site-packages/airflow/example_dags/example_nested_branch_dag.py for tasks to queue
[2025-07-28T23:05:01.367+0000] {logging_mixin.py:137} INFO - [2025-07-28T23:05:01.367+0000] {dagbag.py:538} INFO - Filling up the DagBag from /home/airflow/.local/lib/python3.7/site-packages/airflow/example_dags/example_nested_branch_dag.py
[2025-07-28T23:05:01.415+0000] {processor.py:753} INFO - DAG(s) dict_keys(['example_nested_branch_dag']) retrieved from /home/airflow/.local/lib/python3.7/site-packages/airflow/example_dags/example_nested_branch_dag.py
[2025-07-28T23:05:01.469+0000] {logging_mixin.py:137} INFO - [2025-07-28T23:05:01.469+0000] {dag.py:2690} INFO - Sync 1 DAGs
[2025-07-28T23:05:01.510+0000] {logging_mixin.py:137} INFO - [2025-07-28T23:05:01.510+0000] {dag.py:3441} INFO - Setting next_dagrun for example_nested_branch_dag to 2025-07-27T00:00:00+00:00, run_after=2025-07-28T00:00:00+00:00
[2025-07-28T23:05:01.542+0000] {processor.py:175} INFO - Processing /home/airflow/.local/lib/python3.7/site-packages/airflow/example_dags/example_nested_branch_dag.py took 0.185 seconds
[2025-07-28T23:05:32.384+0000] {processor.py:153} INFO - Started process (PID=3005) to work on /home/airflow/.local/lib/python3.7/site-packages/airflow/example_dags/example_nested_branch_dag.py
[2025-07-28T23:05:32.385+0000] {processor.py:743} INFO - Processing file /home/airflow/.local/lib/python3.7/site-packages/airflow/example_dags/example_nested_branch_dag.py for tasks to queue
[2025-07-28T23:05:32.385+0000] {logging_mixin.py:137} INFO - [2025-07-28T23:05:32.385+0000] {dagbag.py:538} INFO - Filling up the DagBag from /home/airflow/.local/lib/python3.7/site-packages/airflow/example_dags/example_nested_branch_dag.py
[2025-07-28T23:05:32.409+0000] {processor.py:753} INFO - DAG(s) dict_keys(['example_nested_branch_dag']) retrieved from /home/airflow/.local/lib/python3.7/site-packages/airflow/example_dags/example_nested_branch_dag.py
[2025-07-28T23:05:32.438+0000] {logging_mixin.py:137} INFO - [2025-07-28T23:05:32.437+0000] {dag.py:2690} INFO - Sync 1 DAGs
[2025-07-28T23:05:32.463+0000] {logging_mixin.py:137} INFO - [2025-07-28T23:05:32.463+0000] {dag.py:3441} INFO - Setting next_dagrun for example_nested_branch_dag to 2025-07-27T00:00:00+00:00, run_after=2025-07-28T00:00:00+00:00
[2025-07-28T23:05:32.485+0000] {processor.py:175} INFO - Processing /home/airflow/.local/lib/python3.7/site-packages/airflow/example_dags/example_nested_branch_dag.py took 0.105 seconds
[2025-07-28T23:06:03.242+0000] {processor.py:153} INFO - Started process (PID=3077) to work on /home/airflow/.local/lib/python3.7/site-packages/airflow/example_dags/example_nested_branch_dag.py
[2025-07-28T23:06:03.244+0000] {processor.py:743} INFO - Processing file /home/airflow/.local/lib/python3.7/site-packages/airflow/example_dags/example_nested_branch_dag.py for tasks to queue
[2025-07-28T23:06:03.246+0000] {logging_mixin.py:137} INFO - [2025-07-28T23:06:03.246+0000] {dagbag.py:538} INFO - Filling up the DagBag from /home/airflow/.local/lib/python3.7/site-packages/airflow/example_dags/example_nested_branch_dag.py
[2025-07-28T23:06:03.322+0000] {processor.py:753} INFO - DAG(s) dict_keys(['example_nested_branch_dag']) retrieved from /home/airflow/.local/lib/python3.7/site-packages/airflow/example_dags/example_nested_branch_dag.py
[2025-07-28T23:06:03.384+0000] {logging_mixin.py:137} INFO - [2025-07-28T23:06:03.383+0000] {dag.py:2690} INFO - Sync 1 DAGs
[2025-07-28T23:06:03.433+0000] {logging_mixin.py:137} INFO - [2025-07-28T23:06:03.433+0000] {dag.py:3441} INFO - Setting next_dagrun for example_nested_branch_dag to 2025-07-27T00:00:00+00:00, run_after=2025-07-28T00:00:00+00:00
[2025-07-28T23:06:03.468+0000] {processor.py:175} INFO - Processing /home/airflow/.local/lib/python3.7/site-packages/airflow/example_dags/example_nested_branch_dag.py took 0.237 seconds
[2025-07-28T23:06:33.563+0000] {processor.py:153} INFO - Started process (PID=3165) to work on /home/airflow/.local/lib/python3.7/site-packages/airflow/example_dags/example_nested_branch_dag.py
[2025-07-28T23:06:33.564+0000] {processor.py:743} INFO - Processing file /home/airflow/.local/lib/python3.7/site-packages/airflow/example_dags/example_nested_branch_dag.py for tasks to queue
[2025-07-28T23:06:33.565+0000] {logging_mixin.py:137} INFO - [2025-07-28T23:06:33.565+0000] {dagbag.py:538} INFO - Filling up the DagBag from /home/airflow/.local/lib/python3.7/site-packages/airflow/example_dags/example_nested_branch_dag.py
[2025-07-28T23:06:33.586+0000] {processor.py:753} INFO - DAG(s) dict_keys(['example_nested_branch_dag']) retrieved from /home/airflow/.local/lib/python3.7/site-packages/airflow/example_dags/example_nested_branch_dag.py
[2025-07-28T23:06:33.613+0000] {logging_mixin.py:137} INFO - [2025-07-28T23:06:33.613+0000] {dag.py:2690} INFO - Sync 1 DAGs
[2025-07-28T23:06:33.638+0000] {logging_mixin.py:137} INFO - [2025-07-28T23:06:33.638+0000] {dag.py:3441} INFO - Setting next_dagrun for example_nested_branch_dag to 2025-07-27T00:00:00+00:00, run_after=2025-07-28T00:00:00+00:00
[2025-07-28T23:06:33.670+0000] {processor.py:175} INFO - Processing /home/airflow/.local/lib/python3.7/site-packages/airflow/example_dags/example_nested_branch_dag.py took 0.111 seconds
