[2025-07-28T22:45:43.150+0000] {processor.py:153} INFO - Started process (PID=97) to work on /home/airflow/.local/lib/python3.7/site-packages/airflow/example_dags/example_branch_operator.py
[2025-07-28T22:45:43.152+0000] {processor.py:743} INFO - Processing file /home/airflow/.local/lib/python3.7/site-packages/airflow/example_dags/example_branch_operator.py for tasks to queue
[2025-07-28T22:45:43.153+0000] {logging_mixin.py:137} INFO - [2025-07-28T22:45:43.153+0000] {dagbag.py:538} INFO - Filling up the DagBag from /home/airflow/.local/lib/python3.7/site-packages/airflow/example_dags/example_branch_operator.py
[2025-07-28T22:45:43.195+0000] {processor.py:753} INFO - DAG(s) dict_keys(['example_branch_operator']) retrieved from /home/airflow/.local/lib/python3.7/site-packages/airflow/example_dags/example_branch_operator.py
[2025-07-28T22:45:43.528+0000] {logging_mixin.py:137} INFO - [2025-07-28T22:45:43.525+0000] {manager.py:504} INFO - Created Permission View: can delete on DAG:example_branch_operator
[2025-07-28T22:45:43.583+0000] {logging_mixin.py:137} INFO - [2025-07-28T22:45:43.583+0000] {manager.py:504} INFO - Created Permission View: can read on DAG:example_branch_operator
[2025-07-28T22:45:43.605+0000] {logging_mixin.py:137} INFO - [2025-07-28T22:45:43.604+0000] {manager.py:504} INFO - Created Permission View: can edit on DAG:example_branch_operator
[2025-07-28T22:45:43.606+0000] {logging_mixin.py:137} INFO - [2025-07-28T22:45:43.606+0000] {dag.py:2690} INFO - Sync 1 DAGs
[2025-07-28T22:45:43.643+0000] {logging_mixin.py:137} INFO - [2025-07-28T22:45:43.643+0000] {dag.py:2711} INFO - Creating ORM DAG for example_branch_operator
[2025-07-28T22:45:43.678+0000] {logging_mixin.py:137} INFO - [2025-07-28T22:45:43.677+0000] {dag.py:3441} INFO - Setting next_dagrun for example_branch_operator to 2025-07-27T00:00:00+00:00, run_after=2025-07-28T00:00:00+00:00
[2025-07-28T22:45:43.744+0000] {processor.py:175} INFO - Processing /home/airflow/.local/lib/python3.7/site-packages/airflow/example_dags/example_branch_operator.py took 0.604 seconds
[2025-07-28T22:46:14.445+0000] {processor.py:153} INFO - Started process (PID=167) to work on /home/airflow/.local/lib/python3.7/site-packages/airflow/example_dags/example_branch_operator.py
[2025-07-28T22:46:14.450+0000] {processor.py:743} INFO - Processing file /home/airflow/.local/lib/python3.7/site-packages/airflow/example_dags/example_branch_operator.py for tasks to queue
[2025-07-28T22:46:14.463+0000] {logging_mixin.py:137} INFO - [2025-07-28T22:46:14.462+0000] {dagbag.py:538} INFO - Filling up the DagBag from /home/airflow/.local/lib/python3.7/site-packages/airflow/example_dags/example_branch_operator.py
[2025-07-28T22:46:14.517+0000] {processor.py:753} INFO - DAG(s) dict_keys(['example_branch_operator']) retrieved from /home/airflow/.local/lib/python3.7/site-packages/airflow/example_dags/example_branch_operator.py
[2025-07-28T22:46:14.583+0000] {logging_mixin.py:137} INFO - [2025-07-28T22:46:14.582+0000] {dag.py:2690} INFO - Sync 1 DAGs
[2025-07-28T22:46:14.719+0000] {logging_mixin.py:137} INFO - [2025-07-28T22:46:14.719+0000] {dag.py:3441} INFO - Setting next_dagrun for example_branch_operator to 2025-07-27T00:00:00+00:00, run_after=2025-07-28T00:00:00+00:00
[2025-07-28T22:46:14.900+0000] {processor.py:175} INFO - Processing /home/airflow/.local/lib/python3.7/site-packages/airflow/example_dags/example_branch_operator.py took 0.467 seconds
[2025-07-28T22:46:45.199+0000] {processor.py:153} INFO - Started process (PID=229) to work on /home/airflow/.local/lib/python3.7/site-packages/airflow/example_dags/example_branch_operator.py
[2025-07-28T22:46:45.201+0000] {processor.py:743} INFO - Processing file /home/airflow/.local/lib/python3.7/site-packages/airflow/example_dags/example_branch_operator.py for tasks to queue
[2025-07-28T22:46:45.204+0000] {logging_mixin.py:137} INFO - [2025-07-28T22:46:45.203+0000] {dagbag.py:538} INFO - Filling up the DagBag from /home/airflow/.local/lib/python3.7/site-packages/airflow/example_dags/example_branch_operator.py
[2025-07-28T22:46:45.292+0000] {processor.py:753} INFO - DAG(s) dict_keys(['example_branch_operator']) retrieved from /home/airflow/.local/lib/python3.7/site-packages/airflow/example_dags/example_branch_operator.py
[2025-07-28T22:46:45.413+0000] {logging_mixin.py:137} INFO - [2025-07-28T22:46:45.410+0000] {dag.py:2690} INFO - Sync 1 DAGs
[2025-07-28T22:46:45.495+0000] {logging_mixin.py:137} INFO - [2025-07-28T22:46:45.495+0000] {dag.py:3441} INFO - Setting next_dagrun for example_branch_operator to 2025-07-27T00:00:00+00:00, run_after=2025-07-28T00:00:00+00:00
[2025-07-28T22:46:45.576+0000] {processor.py:175} INFO - Processing /home/airflow/.local/lib/python3.7/site-packages/airflow/example_dags/example_branch_operator.py took 0.389 seconds
[2025-07-28T22:47:15.632+0000] {processor.py:153} INFO - Started process (PID=316) to work on /home/airflow/.local/lib/python3.7/site-packages/airflow/example_dags/example_branch_operator.py
[2025-07-28T22:47:15.634+0000] {processor.py:743} INFO - Processing file /home/airflow/.local/lib/python3.7/site-packages/airflow/example_dags/example_branch_operator.py for tasks to queue
[2025-07-28T22:47:15.637+0000] {logging_mixin.py:137} INFO - [2025-07-28T22:47:15.636+0000] {dagbag.py:538} INFO - Filling up the DagBag from /home/airflow/.local/lib/python3.7/site-packages/airflow/example_dags/example_branch_operator.py
[2025-07-28T22:47:15.669+0000] {processor.py:753} INFO - DAG(s) dict_keys(['example_branch_operator']) retrieved from /home/airflow/.local/lib/python3.7/site-packages/airflow/example_dags/example_branch_operator.py
[2025-07-28T22:47:15.728+0000] {logging_mixin.py:137} INFO - [2025-07-28T22:47:15.727+0000] {dag.py:2690} INFO - Sync 1 DAGs
[2025-07-28T22:47:15.779+0000] {logging_mixin.py:137} INFO - [2025-07-28T22:47:15.779+0000] {dag.py:3441} INFO - Setting next_dagrun for example_branch_operator to 2025-07-27T00:00:00+00:00, run_after=2025-07-28T00:00:00+00:00
[2025-07-28T22:47:15.830+0000] {processor.py:175} INFO - Processing /home/airflow/.local/lib/python3.7/site-packages/airflow/example_dags/example_branch_operator.py took 0.205 seconds
[2025-07-28T22:47:46.207+0000] {processor.py:153} INFO - Started process (PID=387) to work on /home/airflow/.local/lib/python3.7/site-packages/airflow/example_dags/example_branch_operator.py
[2025-07-28T22:47:46.209+0000] {processor.py:743} INFO - Processing file /home/airflow/.local/lib/python3.7/site-packages/airflow/example_dags/example_branch_operator.py for tasks to queue
[2025-07-28T22:47:46.213+0000] {logging_mixin.py:137} INFO - [2025-07-28T22:47:46.212+0000] {dagbag.py:538} INFO - Filling up the DagBag from /home/airflow/.local/lib/python3.7/site-packages/airflow/example_dags/example_branch_operator.py
[2025-07-28T22:47:46.256+0000] {processor.py:753} INFO - DAG(s) dict_keys(['example_branch_operator']) retrieved from /home/airflow/.local/lib/python3.7/site-packages/airflow/example_dags/example_branch_operator.py
[2025-07-28T22:47:46.305+0000] {logging_mixin.py:137} INFO - [2025-07-28T22:47:46.305+0000] {dag.py:2690} INFO - Sync 1 DAGs
[2025-07-28T22:47:46.359+0000] {logging_mixin.py:137} INFO - [2025-07-28T22:47:46.359+0000] {dag.py:3441} INFO - Setting next_dagrun for example_branch_operator to 2025-07-27T00:00:00+00:00, run_after=2025-07-28T00:00:00+00:00
[2025-07-28T22:47:46.399+0000] {processor.py:175} INFO - Processing /home/airflow/.local/lib/python3.7/site-packages/airflow/example_dags/example_branch_operator.py took 0.200 seconds
[2025-07-28T22:48:16.760+0000] {processor.py:153} INFO - Started process (PID=457) to work on /home/airflow/.local/lib/python3.7/site-packages/airflow/example_dags/example_branch_operator.py
[2025-07-28T22:48:16.762+0000] {processor.py:743} INFO - Processing file /home/airflow/.local/lib/python3.7/site-packages/airflow/example_dags/example_branch_operator.py for tasks to queue
[2025-07-28T22:48:16.763+0000] {logging_mixin.py:137} INFO - [2025-07-28T22:48:16.763+0000] {dagbag.py:538} INFO - Filling up the DagBag from /home/airflow/.local/lib/python3.7/site-packages/airflow/example_dags/example_branch_operator.py
[2025-07-28T22:48:16.797+0000] {processor.py:753} INFO - DAG(s) dict_keys(['example_branch_operator']) retrieved from /home/airflow/.local/lib/python3.7/site-packages/airflow/example_dags/example_branch_operator.py
[2025-07-28T22:48:16.853+0000] {logging_mixin.py:137} INFO - [2025-07-28T22:48:16.853+0000] {dag.py:2690} INFO - Sync 1 DAGs
[2025-07-28T22:48:16.901+0000] {logging_mixin.py:137} INFO - [2025-07-28T22:48:16.901+0000] {dag.py:3441} INFO - Setting next_dagrun for example_branch_operator to 2025-07-27T00:00:00+00:00, run_after=2025-07-28T00:00:00+00:00
[2025-07-28T22:48:16.937+0000] {processor.py:175} INFO - Processing /home/airflow/.local/lib/python3.7/site-packages/airflow/example_dags/example_branch_operator.py took 0.184 seconds
[2025-07-28T22:48:47.478+0000] {processor.py:153} INFO - Started process (PID=528) to work on /home/airflow/.local/lib/python3.7/site-packages/airflow/example_dags/example_branch_operator.py
[2025-07-28T22:48:47.479+0000] {processor.py:743} INFO - Processing file /home/airflow/.local/lib/python3.7/site-packages/airflow/example_dags/example_branch_operator.py for tasks to queue
[2025-07-28T22:48:47.480+0000] {logging_mixin.py:137} INFO - [2025-07-28T22:48:47.480+0000] {dagbag.py:538} INFO - Filling up the DagBag from /home/airflow/.local/lib/python3.7/site-packages/airflow/example_dags/example_branch_operator.py
[2025-07-28T22:48:47.509+0000] {processor.py:753} INFO - DAG(s) dict_keys(['example_branch_operator']) retrieved from /home/airflow/.local/lib/python3.7/site-packages/airflow/example_dags/example_branch_operator.py
[2025-07-28T22:48:47.552+0000] {logging_mixin.py:137} INFO - [2025-07-28T22:48:47.552+0000] {dag.py:2690} INFO - Sync 1 DAGs
[2025-07-28T22:48:47.595+0000] {logging_mixin.py:137} INFO - [2025-07-28T22:48:47.595+0000] {dag.py:3441} INFO - Setting next_dagrun for example_branch_operator to 2025-07-27T00:00:00+00:00, run_after=2025-07-28T00:00:00+00:00
[2025-07-28T22:48:47.624+0000] {processor.py:175} INFO - Processing /home/airflow/.local/lib/python3.7/site-packages/airflow/example_dags/example_branch_operator.py took 0.153 seconds
[2025-07-28T22:49:17.724+0000] {processor.py:153} INFO - Started process (PID=599) to work on /home/airflow/.local/lib/python3.7/site-packages/airflow/example_dags/example_branch_operator.py
[2025-07-28T22:49:17.725+0000] {processor.py:743} INFO - Processing file /home/airflow/.local/lib/python3.7/site-packages/airflow/example_dags/example_branch_operator.py for tasks to queue
[2025-07-28T22:49:17.726+0000] {logging_mixin.py:137} INFO - [2025-07-28T22:49:17.726+0000] {dagbag.py:538} INFO - Filling up the DagBag from /home/airflow/.local/lib/python3.7/site-packages/airflow/example_dags/example_branch_operator.py
[2025-07-28T22:49:17.752+0000] {processor.py:753} INFO - DAG(s) dict_keys(['example_branch_operator']) retrieved from /home/airflow/.local/lib/python3.7/site-packages/airflow/example_dags/example_branch_operator.py
[2025-07-28T22:49:17.811+0000] {logging_mixin.py:137} INFO - [2025-07-28T22:49:17.811+0000] {dag.py:2690} INFO - Sync 1 DAGs
[2025-07-28T22:49:17.856+0000] {logging_mixin.py:137} INFO - [2025-07-28T22:49:17.856+0000] {dag.py:3441} INFO - Setting next_dagrun for example_branch_operator to 2025-07-27T00:00:00+00:00, run_after=2025-07-28T00:00:00+00:00
[2025-07-28T22:49:17.892+0000] {processor.py:175} INFO - Processing /home/airflow/.local/lib/python3.7/site-packages/airflow/example_dags/example_branch_operator.py took 0.175 seconds
[2025-07-28T22:49:48.640+0000] {processor.py:153} INFO - Started process (PID=679) to work on /home/airflow/.local/lib/python3.7/site-packages/airflow/example_dags/example_branch_operator.py
[2025-07-28T22:49:48.642+0000] {processor.py:743} INFO - Processing file /home/airflow/.local/lib/python3.7/site-packages/airflow/example_dags/example_branch_operator.py for tasks to queue
[2025-07-28T22:49:48.645+0000] {logging_mixin.py:137} INFO - [2025-07-28T22:49:48.643+0000] {dagbag.py:538} INFO - Filling up the DagBag from /home/airflow/.local/lib/python3.7/site-packages/airflow/example_dags/example_branch_operator.py
[2025-07-28T22:49:48.668+0000] {processor.py:753} INFO - DAG(s) dict_keys(['example_branch_operator']) retrieved from /home/airflow/.local/lib/python3.7/site-packages/airflow/example_dags/example_branch_operator.py
[2025-07-28T22:49:48.715+0000] {logging_mixin.py:137} INFO - [2025-07-28T22:49:48.715+0000] {dag.py:2690} INFO - Sync 1 DAGs
[2025-07-28T22:49:48.794+0000] {logging_mixin.py:137} INFO - [2025-07-28T22:49:48.794+0000] {dag.py:3441} INFO - Setting next_dagrun for example_branch_operator to 2025-07-27T00:00:00+00:00, run_after=2025-07-28T00:00:00+00:00
[2025-07-28T22:49:48.856+0000] {processor.py:175} INFO - Processing /home/airflow/.local/lib/python3.7/site-packages/airflow/example_dags/example_branch_operator.py took 0.221 seconds
[2025-07-28T22:50:19.821+0000] {processor.py:153} INFO - Started process (PID=757) to work on /home/airflow/.local/lib/python3.7/site-packages/airflow/example_dags/example_branch_operator.py
[2025-07-28T22:50:19.823+0000] {processor.py:743} INFO - Processing file /home/airflow/.local/lib/python3.7/site-packages/airflow/example_dags/example_branch_operator.py for tasks to queue
[2025-07-28T22:50:19.824+0000] {logging_mixin.py:137} INFO - [2025-07-28T22:50:19.824+0000] {dagbag.py:538} INFO - Filling up the DagBag from /home/airflow/.local/lib/python3.7/site-packages/airflow/example_dags/example_branch_operator.py
[2025-07-28T22:50:19.856+0000] {processor.py:753} INFO - DAG(s) dict_keys(['example_branch_operator']) retrieved from /home/airflow/.local/lib/python3.7/site-packages/airflow/example_dags/example_branch_operator.py
[2025-07-28T22:50:19.900+0000] {logging_mixin.py:137} INFO - [2025-07-28T22:50:19.900+0000] {dag.py:2690} INFO - Sync 1 DAGs
[2025-07-28T22:50:19.941+0000] {logging_mixin.py:137} INFO - [2025-07-28T22:50:19.941+0000] {dag.py:3441} INFO - Setting next_dagrun for example_branch_operator to 2025-07-27T00:00:00+00:00, run_after=2025-07-28T00:00:00+00:00
[2025-07-28T22:50:19.967+0000] {processor.py:175} INFO - Processing /home/airflow/.local/lib/python3.7/site-packages/airflow/example_dags/example_branch_operator.py took 0.150 seconds
[2025-07-28T22:50:50.634+0000] {processor.py:153} INFO - Started process (PID=828) to work on /home/airflow/.local/lib/python3.7/site-packages/airflow/example_dags/example_branch_operator.py
[2025-07-28T22:50:50.635+0000] {processor.py:743} INFO - Processing file /home/airflow/.local/lib/python3.7/site-packages/airflow/example_dags/example_branch_operator.py for tasks to queue
[2025-07-28T22:50:50.636+0000] {logging_mixin.py:137} INFO - [2025-07-28T22:50:50.636+0000] {dagbag.py:538} INFO - Filling up the DagBag from /home/airflow/.local/lib/python3.7/site-packages/airflow/example_dags/example_branch_operator.py
[2025-07-28T22:50:50.662+0000] {processor.py:753} INFO - DAG(s) dict_keys(['example_branch_operator']) retrieved from /home/airflow/.local/lib/python3.7/site-packages/airflow/example_dags/example_branch_operator.py
[2025-07-28T22:50:50.700+0000] {logging_mixin.py:137} INFO - [2025-07-28T22:50:50.700+0000] {dag.py:2690} INFO - Sync 1 DAGs
[2025-07-28T22:50:50.743+0000] {logging_mixin.py:137} INFO - [2025-07-28T22:50:50.742+0000] {dag.py:3441} INFO - Setting next_dagrun for example_branch_operator to 2025-07-27T00:00:00+00:00, run_after=2025-07-28T00:00:00+00:00
[2025-07-28T22:50:50.772+0000] {processor.py:175} INFO - Processing /home/airflow/.local/lib/python3.7/site-packages/airflow/example_dags/example_branch_operator.py took 0.141 seconds
[2025-07-28T22:51:21.297+0000] {processor.py:153} INFO - Started process (PID=915) to work on /home/airflow/.local/lib/python3.7/site-packages/airflow/example_dags/example_branch_operator.py
[2025-07-28T22:51:21.298+0000] {processor.py:743} INFO - Processing file /home/airflow/.local/lib/python3.7/site-packages/airflow/example_dags/example_branch_operator.py for tasks to queue
[2025-07-28T22:51:21.300+0000] {logging_mixin.py:137} INFO - [2025-07-28T22:51:21.299+0000] {dagbag.py:538} INFO - Filling up the DagBag from /home/airflow/.local/lib/python3.7/site-packages/airflow/example_dags/example_branch_operator.py
[2025-07-28T22:51:21.324+0000] {processor.py:753} INFO - DAG(s) dict_keys(['example_branch_operator']) retrieved from /home/airflow/.local/lib/python3.7/site-packages/airflow/example_dags/example_branch_operator.py
[2025-07-28T22:51:21.358+0000] {logging_mixin.py:137} INFO - [2025-07-28T22:51:21.358+0000] {dag.py:2690} INFO - Sync 1 DAGs
[2025-07-28T22:51:21.388+0000] {logging_mixin.py:137} INFO - [2025-07-28T22:51:21.387+0000] {dag.py:3441} INFO - Setting next_dagrun for example_branch_operator to 2025-07-27T00:00:00+00:00, run_after=2025-07-28T00:00:00+00:00
[2025-07-28T22:51:21.414+0000] {processor.py:175} INFO - Processing /home/airflow/.local/lib/python3.7/site-packages/airflow/example_dags/example_branch_operator.py took 0.121 seconds
[2025-07-28T22:51:51.714+0000] {processor.py:153} INFO - Started process (PID=986) to work on /home/airflow/.local/lib/python3.7/site-packages/airflow/example_dags/example_branch_operator.py
[2025-07-28T22:51:51.715+0000] {processor.py:743} INFO - Processing file /home/airflow/.local/lib/python3.7/site-packages/airflow/example_dags/example_branch_operator.py for tasks to queue
[2025-07-28T22:51:51.717+0000] {logging_mixin.py:137} INFO - [2025-07-28T22:51:51.716+0000] {dagbag.py:538} INFO - Filling up the DagBag from /home/airflow/.local/lib/python3.7/site-packages/airflow/example_dags/example_branch_operator.py
[2025-07-28T22:51:51.738+0000] {processor.py:753} INFO - DAG(s) dict_keys(['example_branch_operator']) retrieved from /home/airflow/.local/lib/python3.7/site-packages/airflow/example_dags/example_branch_operator.py
[2025-07-28T22:51:51.777+0000] {logging_mixin.py:137} INFO - [2025-07-28T22:51:51.777+0000] {dag.py:2690} INFO - Sync 1 DAGs
[2025-07-28T22:51:51.814+0000] {logging_mixin.py:137} INFO - [2025-07-28T22:51:51.814+0000] {dag.py:3441} INFO - Setting next_dagrun for example_branch_operator to 2025-07-27T00:00:00+00:00, run_after=2025-07-28T00:00:00+00:00
[2025-07-28T22:51:51.843+0000] {processor.py:175} INFO - Processing /home/airflow/.local/lib/python3.7/site-packages/airflow/example_dags/example_branch_operator.py took 0.133 seconds
[2025-07-28T22:52:22.377+0000] {processor.py:153} INFO - Started process (PID=1073) to work on /home/airflow/.local/lib/python3.7/site-packages/airflow/example_dags/example_branch_operator.py
[2025-07-28T22:52:22.378+0000] {processor.py:743} INFO - Processing file /home/airflow/.local/lib/python3.7/site-packages/airflow/example_dags/example_branch_operator.py for tasks to queue
[2025-07-28T22:52:22.379+0000] {logging_mixin.py:137} INFO - [2025-07-28T22:52:22.379+0000] {dagbag.py:538} INFO - Filling up the DagBag from /home/airflow/.local/lib/python3.7/site-packages/airflow/example_dags/example_branch_operator.py
[2025-07-28T22:52:22.403+0000] {processor.py:753} INFO - DAG(s) dict_keys(['example_branch_operator']) retrieved from /home/airflow/.local/lib/python3.7/site-packages/airflow/example_dags/example_branch_operator.py
[2025-07-28T22:52:22.439+0000] {logging_mixin.py:137} INFO - [2025-07-28T22:52:22.439+0000] {dag.py:2690} INFO - Sync 1 DAGs
[2025-07-28T22:52:22.478+0000] {logging_mixin.py:137} INFO - [2025-07-28T22:52:22.478+0000] {dag.py:3441} INFO - Setting next_dagrun for example_branch_operator to 2025-07-27T00:00:00+00:00, run_after=2025-07-28T00:00:00+00:00
[2025-07-28T22:52:22.506+0000] {processor.py:175} INFO - Processing /home/airflow/.local/lib/python3.7/site-packages/airflow/example_dags/example_branch_operator.py took 0.133 seconds
[2025-07-28T22:52:53.016+0000] {processor.py:153} INFO - Started process (PID=1144) to work on /home/airflow/.local/lib/python3.7/site-packages/airflow/example_dags/example_branch_operator.py
[2025-07-28T22:52:53.017+0000] {processor.py:743} INFO - Processing file /home/airflow/.local/lib/python3.7/site-packages/airflow/example_dags/example_branch_operator.py for tasks to queue
[2025-07-28T22:52:53.018+0000] {logging_mixin.py:137} INFO - [2025-07-28T22:52:53.018+0000] {dagbag.py:538} INFO - Filling up the DagBag from /home/airflow/.local/lib/python3.7/site-packages/airflow/example_dags/example_branch_operator.py
[2025-07-28T22:52:53.040+0000] {processor.py:753} INFO - DAG(s) dict_keys(['example_branch_operator']) retrieved from /home/airflow/.local/lib/python3.7/site-packages/airflow/example_dags/example_branch_operator.py
[2025-07-28T22:52:53.077+0000] {logging_mixin.py:137} INFO - [2025-07-28T22:52:53.076+0000] {dag.py:2690} INFO - Sync 1 DAGs
[2025-07-28T22:52:53.110+0000] {logging_mixin.py:137} INFO - [2025-07-28T22:52:53.109+0000] {dag.py:3441} INFO - Setting next_dagrun for example_branch_operator to 2025-07-27T00:00:00+00:00, run_after=2025-07-28T00:00:00+00:00
[2025-07-28T22:52:53.135+0000] {processor.py:175} INFO - Processing /home/airflow/.local/lib/python3.7/site-packages/airflow/example_dags/example_branch_operator.py took 0.123 seconds
[2025-07-28T22:53:24.136+0000] {processor.py:153} INFO - Started process (PID=1215) to work on /home/airflow/.local/lib/python3.7/site-packages/airflow/example_dags/example_branch_operator.py
[2025-07-28T22:53:24.139+0000] {processor.py:743} INFO - Processing file /home/airflow/.local/lib/python3.7/site-packages/airflow/example_dags/example_branch_operator.py for tasks to queue
[2025-07-28T22:53:24.140+0000] {logging_mixin.py:137} INFO - [2025-07-28T22:53:24.140+0000] {dagbag.py:538} INFO - Filling up the DagBag from /home/airflow/.local/lib/python3.7/site-packages/airflow/example_dags/example_branch_operator.py
[2025-07-28T22:53:24.169+0000] {processor.py:753} INFO - DAG(s) dict_keys(['example_branch_operator']) retrieved from /home/airflow/.local/lib/python3.7/site-packages/airflow/example_dags/example_branch_operator.py
[2025-07-28T22:53:24.223+0000] {logging_mixin.py:137} INFO - [2025-07-28T22:53:24.223+0000] {dag.py:2690} INFO - Sync 1 DAGs
[2025-07-28T22:53:24.276+0000] {logging_mixin.py:137} INFO - [2025-07-28T22:53:24.276+0000] {dag.py:3441} INFO - Setting next_dagrun for example_branch_operator to 2025-07-27T00:00:00+00:00, run_after=2025-07-28T00:00:00+00:00
[2025-07-28T22:53:24.313+0000] {processor.py:175} INFO - Processing /home/airflow/.local/lib/python3.7/site-packages/airflow/example_dags/example_branch_operator.py took 0.182 seconds
[2025-07-28T22:53:55.108+0000] {processor.py:153} INFO - Started process (PID=1302) to work on /home/airflow/.local/lib/python3.7/site-packages/airflow/example_dags/example_branch_operator.py
[2025-07-28T22:53:55.110+0000] {processor.py:743} INFO - Processing file /home/airflow/.local/lib/python3.7/site-packages/airflow/example_dags/example_branch_operator.py for tasks to queue
[2025-07-28T22:53:55.111+0000] {logging_mixin.py:137} INFO - [2025-07-28T22:53:55.111+0000] {dagbag.py:538} INFO - Filling up the DagBag from /home/airflow/.local/lib/python3.7/site-packages/airflow/example_dags/example_branch_operator.py
[2025-07-28T22:53:55.141+0000] {processor.py:753} INFO - DAG(s) dict_keys(['example_branch_operator']) retrieved from /home/airflow/.local/lib/python3.7/site-packages/airflow/example_dags/example_branch_operator.py
[2025-07-28T22:53:55.196+0000] {logging_mixin.py:137} INFO - [2025-07-28T22:53:55.196+0000] {dag.py:2690} INFO - Sync 1 DAGs
[2025-07-28T22:53:55.259+0000] {logging_mixin.py:137} INFO - [2025-07-28T22:53:55.258+0000] {dag.py:3441} INFO - Setting next_dagrun for example_branch_operator to 2025-07-27T00:00:00+00:00, run_after=2025-07-28T00:00:00+00:00
[2025-07-28T22:53:55.299+0000] {processor.py:175} INFO - Processing /home/airflow/.local/lib/python3.7/site-packages/airflow/example_dags/example_branch_operator.py took 0.199 seconds
[2025-07-28T22:54:26.178+0000] {processor.py:153} INFO - Started process (PID=1372) to work on /home/airflow/.local/lib/python3.7/site-packages/airflow/example_dags/example_branch_operator.py
[2025-07-28T22:54:26.191+0000] {processor.py:743} INFO - Processing file /home/airflow/.local/lib/python3.7/site-packages/airflow/example_dags/example_branch_operator.py for tasks to queue
[2025-07-28T22:54:26.194+0000] {logging_mixin.py:137} INFO - [2025-07-28T22:54:26.193+0000] {dagbag.py:538} INFO - Filling up the DagBag from /home/airflow/.local/lib/python3.7/site-packages/airflow/example_dags/example_branch_operator.py
[2025-07-28T22:54:26.246+0000] {processor.py:753} INFO - DAG(s) dict_keys(['example_branch_operator']) retrieved from /home/airflow/.local/lib/python3.7/site-packages/airflow/example_dags/example_branch_operator.py
[2025-07-28T22:54:26.312+0000] {logging_mixin.py:137} INFO - [2025-07-28T22:54:26.312+0000] {dag.py:2690} INFO - Sync 1 DAGs
[2025-07-28T22:54:26.390+0000] {logging_mixin.py:137} INFO - [2025-07-28T22:54:26.389+0000] {dag.py:3441} INFO - Setting next_dagrun for example_branch_operator to 2025-07-27T00:00:00+00:00, run_after=2025-07-28T00:00:00+00:00
[2025-07-28T22:54:26.448+0000] {processor.py:175} INFO - Processing /home/airflow/.local/lib/python3.7/site-packages/airflow/example_dags/example_branch_operator.py took 0.290 seconds
[2025-07-28T22:54:57.082+0000] {processor.py:153} INFO - Started process (PID=1444) to work on /home/airflow/.local/lib/python3.7/site-packages/airflow/example_dags/example_branch_operator.py
[2025-07-28T22:54:57.084+0000] {processor.py:743} INFO - Processing file /home/airflow/.local/lib/python3.7/site-packages/airflow/example_dags/example_branch_operator.py for tasks to queue
[2025-07-28T22:54:57.086+0000] {logging_mixin.py:137} INFO - [2025-07-28T22:54:57.085+0000] {dagbag.py:538} INFO - Filling up the DagBag from /home/airflow/.local/lib/python3.7/site-packages/airflow/example_dags/example_branch_operator.py
[2025-07-28T22:54:57.119+0000] {processor.py:753} INFO - DAG(s) dict_keys(['example_branch_operator']) retrieved from /home/airflow/.local/lib/python3.7/site-packages/airflow/example_dags/example_branch_operator.py
[2025-07-28T22:54:57.173+0000] {logging_mixin.py:137} INFO - [2025-07-28T22:54:57.173+0000] {dag.py:2690} INFO - Sync 1 DAGs
[2025-07-28T22:54:57.227+0000] {logging_mixin.py:137} INFO - [2025-07-28T22:54:57.227+0000] {dag.py:3441} INFO - Setting next_dagrun for example_branch_operator to 2025-07-27T00:00:00+00:00, run_after=2025-07-28T00:00:00+00:00
[2025-07-28T22:54:57.266+0000] {processor.py:175} INFO - Processing /home/airflow/.local/lib/python3.7/site-packages/airflow/example_dags/example_branch_operator.py took 0.189 seconds
[2025-07-28T22:55:28.111+0000] {processor.py:153} INFO - Started process (PID=1516) to work on /home/airflow/.local/lib/python3.7/site-packages/airflow/example_dags/example_branch_operator.py
[2025-07-28T22:55:28.113+0000] {processor.py:743} INFO - Processing file /home/airflow/.local/lib/python3.7/site-packages/airflow/example_dags/example_branch_operator.py for tasks to queue
[2025-07-28T22:55:28.115+0000] {logging_mixin.py:137} INFO - [2025-07-28T22:55:28.114+0000] {dagbag.py:538} INFO - Filling up the DagBag from /home/airflow/.local/lib/python3.7/site-packages/airflow/example_dags/example_branch_operator.py
[2025-07-28T22:55:28.144+0000] {processor.py:753} INFO - DAG(s) dict_keys(['example_branch_operator']) retrieved from /home/airflow/.local/lib/python3.7/site-packages/airflow/example_dags/example_branch_operator.py
[2025-07-28T22:55:28.190+0000] {logging_mixin.py:137} INFO - [2025-07-28T22:55:28.190+0000] {dag.py:2690} INFO - Sync 1 DAGs
[2025-07-28T22:55:28.226+0000] {logging_mixin.py:137} INFO - [2025-07-28T22:55:28.226+0000] {dag.py:3441} INFO - Setting next_dagrun for example_branch_operator to 2025-07-27T00:00:00+00:00, run_after=2025-07-28T00:00:00+00:00
[2025-07-28T22:55:28.254+0000] {processor.py:175} INFO - Processing /home/airflow/.local/lib/python3.7/site-packages/airflow/example_dags/example_branch_operator.py took 0.147 seconds
[2025-07-28T22:55:58.480+0000] {processor.py:153} INFO - Started process (PID=1587) to work on /home/airflow/.local/lib/python3.7/site-packages/airflow/example_dags/example_branch_operator.py
[2025-07-28T22:55:58.482+0000] {processor.py:743} INFO - Processing file /home/airflow/.local/lib/python3.7/site-packages/airflow/example_dags/example_branch_operator.py for tasks to queue
[2025-07-28T22:55:58.483+0000] {logging_mixin.py:137} INFO - [2025-07-28T22:55:58.483+0000] {dagbag.py:538} INFO - Filling up the DagBag from /home/airflow/.local/lib/python3.7/site-packages/airflow/example_dags/example_branch_operator.py
[2025-07-28T22:55:58.506+0000] {processor.py:753} INFO - DAG(s) dict_keys(['example_branch_operator']) retrieved from /home/airflow/.local/lib/python3.7/site-packages/airflow/example_dags/example_branch_operator.py
[2025-07-28T22:55:58.550+0000] {logging_mixin.py:137} INFO - [2025-07-28T22:55:58.550+0000] {dag.py:2690} INFO - Sync 1 DAGs
[2025-07-28T22:55:58.593+0000] {logging_mixin.py:137} INFO - [2025-07-28T22:55:58.592+0000] {dag.py:3441} INFO - Setting next_dagrun for example_branch_operator to 2025-07-27T00:00:00+00:00, run_after=2025-07-28T00:00:00+00:00
[2025-07-28T22:55:58.622+0000] {processor.py:175} INFO - Processing /home/airflow/.local/lib/python3.7/site-packages/airflow/example_dags/example_branch_operator.py took 0.146 seconds
[2025-07-28T22:56:28.783+0000] {processor.py:153} INFO - Started process (PID=1658) to work on /home/airflow/.local/lib/python3.7/site-packages/airflow/example_dags/example_branch_operator.py
[2025-07-28T22:56:28.784+0000] {processor.py:743} INFO - Processing file /home/airflow/.local/lib/python3.7/site-packages/airflow/example_dags/example_branch_operator.py for tasks to queue
[2025-07-28T22:56:28.785+0000] {logging_mixin.py:137} INFO - [2025-07-28T22:56:28.785+0000] {dagbag.py:538} INFO - Filling up the DagBag from /home/airflow/.local/lib/python3.7/site-packages/airflow/example_dags/example_branch_operator.py
[2025-07-28T22:56:28.819+0000] {processor.py:753} INFO - DAG(s) dict_keys(['example_branch_operator']) retrieved from /home/airflow/.local/lib/python3.7/site-packages/airflow/example_dags/example_branch_operator.py
[2025-07-28T22:56:28.890+0000] {logging_mixin.py:137} INFO - [2025-07-28T22:56:28.889+0000] {dag.py:2690} INFO - Sync 1 DAGs
[2025-07-28T22:56:28.951+0000] {logging_mixin.py:137} INFO - [2025-07-28T22:56:28.950+0000] {dag.py:3441} INFO - Setting next_dagrun for example_branch_operator to 2025-07-27T00:00:00+00:00, run_after=2025-07-28T00:00:00+00:00
[2025-07-28T22:56:28.987+0000] {processor.py:175} INFO - Processing /home/airflow/.local/lib/python3.7/site-packages/airflow/example_dags/example_branch_operator.py took 0.210 seconds
[2025-07-28T22:56:59.232+0000] {processor.py:153} INFO - Started process (PID=1730) to work on /home/airflow/.local/lib/python3.7/site-packages/airflow/example_dags/example_branch_operator.py
[2025-07-28T22:56:59.233+0000] {processor.py:743} INFO - Processing file /home/airflow/.local/lib/python3.7/site-packages/airflow/example_dags/example_branch_operator.py for tasks to queue
[2025-07-28T22:56:59.235+0000] {logging_mixin.py:137} INFO - [2025-07-28T22:56:59.234+0000] {dagbag.py:538} INFO - Filling up the DagBag from /home/airflow/.local/lib/python3.7/site-packages/airflow/example_dags/example_branch_operator.py
[2025-07-28T22:56:59.262+0000] {processor.py:753} INFO - DAG(s) dict_keys(['example_branch_operator']) retrieved from /home/airflow/.local/lib/python3.7/site-packages/airflow/example_dags/example_branch_operator.py
[2025-07-28T22:56:59.312+0000] {logging_mixin.py:137} INFO - [2025-07-28T22:56:59.312+0000] {dag.py:2690} INFO - Sync 1 DAGs
[2025-07-28T22:56:59.362+0000] {logging_mixin.py:137} INFO - [2025-07-28T22:56:59.362+0000] {dag.py:3441} INFO - Setting next_dagrun for example_branch_operator to 2025-07-27T00:00:00+00:00, run_after=2025-07-28T00:00:00+00:00
[2025-07-28T22:56:59.393+0000] {processor.py:175} INFO - Processing /home/airflow/.local/lib/python3.7/site-packages/airflow/example_dags/example_branch_operator.py took 0.166 seconds
[2025-07-28T22:57:29.633+0000] {processor.py:153} INFO - Started process (PID=1817) to work on /home/airflow/.local/lib/python3.7/site-packages/airflow/example_dags/example_branch_operator.py
[2025-07-28T22:57:29.634+0000] {processor.py:743} INFO - Processing file /home/airflow/.local/lib/python3.7/site-packages/airflow/example_dags/example_branch_operator.py for tasks to queue
[2025-07-28T22:57:29.636+0000] {logging_mixin.py:137} INFO - [2025-07-28T22:57:29.636+0000] {dagbag.py:538} INFO - Filling up the DagBag from /home/airflow/.local/lib/python3.7/site-packages/airflow/example_dags/example_branch_operator.py
[2025-07-28T22:57:29.667+0000] {processor.py:753} INFO - DAG(s) dict_keys(['example_branch_operator']) retrieved from /home/airflow/.local/lib/python3.7/site-packages/airflow/example_dags/example_branch_operator.py
[2025-07-28T22:57:29.719+0000] {logging_mixin.py:137} INFO - [2025-07-28T22:57:29.719+0000] {dag.py:2690} INFO - Sync 1 DAGs
[2025-07-28T22:57:29.775+0000] {logging_mixin.py:137} INFO - [2025-07-28T22:57:29.774+0000] {dag.py:3441} INFO - Setting next_dagrun for example_branch_operator to 2025-07-27T00:00:00+00:00, run_after=2025-07-28T00:00:00+00:00
[2025-07-28T22:57:29.809+0000] {processor.py:175} INFO - Processing /home/airflow/.local/lib/python3.7/site-packages/airflow/example_dags/example_branch_operator.py took 0.181 seconds
[2025-07-28T22:58:00.671+0000] {processor.py:153} INFO - Started process (PID=1888) to work on /home/airflow/.local/lib/python3.7/site-packages/airflow/example_dags/example_branch_operator.py
[2025-07-28T22:58:00.672+0000] {processor.py:743} INFO - Processing file /home/airflow/.local/lib/python3.7/site-packages/airflow/example_dags/example_branch_operator.py for tasks to queue
[2025-07-28T22:58:00.673+0000] {logging_mixin.py:137} INFO - [2025-07-28T22:58:00.673+0000] {dagbag.py:538} INFO - Filling up the DagBag from /home/airflow/.local/lib/python3.7/site-packages/airflow/example_dags/example_branch_operator.py
[2025-07-28T22:58:00.690+0000] {processor.py:753} INFO - DAG(s) dict_keys(['example_branch_operator']) retrieved from /home/airflow/.local/lib/python3.7/site-packages/airflow/example_dags/example_branch_operator.py
[2025-07-28T22:58:00.724+0000] {logging_mixin.py:137} INFO - [2025-07-28T22:58:00.724+0000] {dag.py:2690} INFO - Sync 1 DAGs
[2025-07-28T22:58:00.758+0000] {logging_mixin.py:137} INFO - [2025-07-28T22:58:00.758+0000] {dag.py:3441} INFO - Setting next_dagrun for example_branch_operator to 2025-07-27T00:00:00+00:00, run_after=2025-07-28T00:00:00+00:00
[2025-07-28T22:58:00.781+0000] {processor.py:175} INFO - Processing /home/airflow/.local/lib/python3.7/site-packages/airflow/example_dags/example_branch_operator.py took 0.115 seconds
[2025-07-28T22:58:31.076+0000] {processor.py:153} INFO - Started process (PID=1959) to work on /home/airflow/.local/lib/python3.7/site-packages/airflow/example_dags/example_branch_operator.py
[2025-07-28T22:58:31.078+0000] {processor.py:743} INFO - Processing file /home/airflow/.local/lib/python3.7/site-packages/airflow/example_dags/example_branch_operator.py for tasks to queue
[2025-07-28T22:58:31.080+0000] {logging_mixin.py:137} INFO - [2025-07-28T22:58:31.080+0000] {dagbag.py:538} INFO - Filling up the DagBag from /home/airflow/.local/lib/python3.7/site-packages/airflow/example_dags/example_branch_operator.py
[2025-07-28T22:58:31.108+0000] {processor.py:753} INFO - DAG(s) dict_keys(['example_branch_operator']) retrieved from /home/airflow/.local/lib/python3.7/site-packages/airflow/example_dags/example_branch_operator.py
[2025-07-28T22:58:31.148+0000] {logging_mixin.py:137} INFO - [2025-07-28T22:58:31.147+0000] {dag.py:2690} INFO - Sync 1 DAGs
[2025-07-28T22:58:31.184+0000] {logging_mixin.py:137} INFO - [2025-07-28T22:58:31.183+0000] {dag.py:3441} INFO - Setting next_dagrun for example_branch_operator to 2025-07-27T00:00:00+00:00, run_after=2025-07-28T00:00:00+00:00
[2025-07-28T22:58:31.212+0000] {processor.py:175} INFO - Processing /home/airflow/.local/lib/python3.7/site-packages/airflow/example_dags/example_branch_operator.py took 0.141 seconds
[2025-07-28T22:59:01.330+0000] {processor.py:153} INFO - Started process (PID=2046) to work on /home/airflow/.local/lib/python3.7/site-packages/airflow/example_dags/example_branch_operator.py
[2025-07-28T22:59:01.332+0000] {processor.py:743} INFO - Processing file /home/airflow/.local/lib/python3.7/site-packages/airflow/example_dags/example_branch_operator.py for tasks to queue
[2025-07-28T22:59:01.333+0000] {logging_mixin.py:137} INFO - [2025-07-28T22:59:01.333+0000] {dagbag.py:538} INFO - Filling up the DagBag from /home/airflow/.local/lib/python3.7/site-packages/airflow/example_dags/example_branch_operator.py
[2025-07-28T22:59:01.365+0000] {processor.py:753} INFO - DAG(s) dict_keys(['example_branch_operator']) retrieved from /home/airflow/.local/lib/python3.7/site-packages/airflow/example_dags/example_branch_operator.py
[2025-07-28T22:59:01.408+0000] {logging_mixin.py:137} INFO - [2025-07-28T22:59:01.408+0000] {dag.py:2690} INFO - Sync 1 DAGs
[2025-07-28T22:59:01.450+0000] {logging_mixin.py:137} INFO - [2025-07-28T22:59:01.449+0000] {dag.py:3441} INFO - Setting next_dagrun for example_branch_operator to 2025-07-27T00:00:00+00:00, run_after=2025-07-28T00:00:00+00:00
[2025-07-28T22:59:01.494+0000] {processor.py:175} INFO - Processing /home/airflow/.local/lib/python3.7/site-packages/airflow/example_dags/example_branch_operator.py took 0.168 seconds
[2025-07-28T22:59:31.850+0000] {processor.py:153} INFO - Started process (PID=2117) to work on /home/airflow/.local/lib/python3.7/site-packages/airflow/example_dags/example_branch_operator.py
[2025-07-28T22:59:31.851+0000] {processor.py:743} INFO - Processing file /home/airflow/.local/lib/python3.7/site-packages/airflow/example_dags/example_branch_operator.py for tasks to queue
[2025-07-28T22:59:31.852+0000] {logging_mixin.py:137} INFO - [2025-07-28T22:59:31.852+0000] {dagbag.py:538} INFO - Filling up the DagBag from /home/airflow/.local/lib/python3.7/site-packages/airflow/example_dags/example_branch_operator.py
[2025-07-28T22:59:31.881+0000] {processor.py:753} INFO - DAG(s) dict_keys(['example_branch_operator']) retrieved from /home/airflow/.local/lib/python3.7/site-packages/airflow/example_dags/example_branch_operator.py
[2025-07-28T22:59:31.924+0000] {logging_mixin.py:137} INFO - [2025-07-28T22:59:31.924+0000] {dag.py:2690} INFO - Sync 1 DAGs
[2025-07-28T22:59:31.963+0000] {logging_mixin.py:137} INFO - [2025-07-28T22:59:31.963+0000] {dag.py:3441} INFO - Setting next_dagrun for example_branch_operator to 2025-07-27T00:00:00+00:00, run_after=2025-07-28T00:00:00+00:00
[2025-07-28T22:59:31.995+0000] {processor.py:175} INFO - Processing /home/airflow/.local/lib/python3.7/site-packages/airflow/example_dags/example_branch_operator.py took 0.149 seconds
[2025-07-28T23:00:02.904+0000] {processor.py:153} INFO - Started process (PID=2196) to work on /home/airflow/.local/lib/python3.7/site-packages/airflow/example_dags/example_branch_operator.py
[2025-07-28T23:00:02.906+0000] {processor.py:743} INFO - Processing file /home/airflow/.local/lib/python3.7/site-packages/airflow/example_dags/example_branch_operator.py for tasks to queue
[2025-07-28T23:00:02.907+0000] {logging_mixin.py:137} INFO - [2025-07-28T23:00:02.907+0000] {dagbag.py:538} INFO - Filling up the DagBag from /home/airflow/.local/lib/python3.7/site-packages/airflow/example_dags/example_branch_operator.py
[2025-07-28T23:00:02.928+0000] {processor.py:753} INFO - DAG(s) dict_keys(['example_branch_operator']) retrieved from /home/airflow/.local/lib/python3.7/site-packages/airflow/example_dags/example_branch_operator.py
[2025-07-28T23:00:02.970+0000] {logging_mixin.py:137} INFO - [2025-07-28T23:00:02.969+0000] {dag.py:2690} INFO - Sync 1 DAGs
[2025-07-28T23:00:03.011+0000] {logging_mixin.py:137} INFO - [2025-07-28T23:00:03.011+0000] {dag.py:3441} INFO - Setting next_dagrun for example_branch_operator to 2025-07-27T00:00:00+00:00, run_after=2025-07-28T00:00:00+00:00
[2025-07-28T23:00:03.038+0000] {processor.py:175} INFO - Processing /home/airflow/.local/lib/python3.7/site-packages/airflow/example_dags/example_branch_operator.py took 0.139 seconds
[2025-07-28T23:00:34.069+0000] {processor.py:153} INFO - Started process (PID=2276) to work on /home/airflow/.local/lib/python3.7/site-packages/airflow/example_dags/example_branch_operator.py
[2025-07-28T23:00:34.070+0000] {processor.py:743} INFO - Processing file /home/airflow/.local/lib/python3.7/site-packages/airflow/example_dags/example_branch_operator.py for tasks to queue
[2025-07-28T23:00:34.071+0000] {logging_mixin.py:137} INFO - [2025-07-28T23:00:34.071+0000] {dagbag.py:538} INFO - Filling up the DagBag from /home/airflow/.local/lib/python3.7/site-packages/airflow/example_dags/example_branch_operator.py
[2025-07-28T23:00:34.118+0000] {processor.py:753} INFO - DAG(s) dict_keys(['example_branch_operator']) retrieved from /home/airflow/.local/lib/python3.7/site-packages/airflow/example_dags/example_branch_operator.py
[2025-07-28T23:00:34.161+0000] {logging_mixin.py:137} INFO - [2025-07-28T23:00:34.161+0000] {dag.py:2690} INFO - Sync 1 DAGs
[2025-07-28T23:00:34.241+0000] {logging_mixin.py:137} INFO - [2025-07-28T23:00:34.239+0000] {dag.py:3441} INFO - Setting next_dagrun for example_branch_operator to 2025-07-27T00:00:00+00:00, run_after=2025-07-28T00:00:00+00:00
[2025-07-28T23:00:34.331+0000] {processor.py:175} INFO - Processing /home/airflow/.local/lib/python3.7/site-packages/airflow/example_dags/example_branch_operator.py took 0.269 seconds
[2025-07-28T23:01:05.744+0000] {processor.py:153} INFO - Started process (PID=2347) to work on /home/airflow/.local/lib/python3.7/site-packages/airflow/example_dags/example_branch_operator.py
[2025-07-28T23:01:05.746+0000] {processor.py:743} INFO - Processing file /home/airflow/.local/lib/python3.7/site-packages/airflow/example_dags/example_branch_operator.py for tasks to queue
[2025-07-28T23:01:05.748+0000] {logging_mixin.py:137} INFO - [2025-07-28T23:01:05.747+0000] {dagbag.py:538} INFO - Filling up the DagBag from /home/airflow/.local/lib/python3.7/site-packages/airflow/example_dags/example_branch_operator.py
[2025-07-28T23:01:05.785+0000] {processor.py:753} INFO - DAG(s) dict_keys(['example_branch_operator']) retrieved from /home/airflow/.local/lib/python3.7/site-packages/airflow/example_dags/example_branch_operator.py
[2025-07-28T23:01:05.821+0000] {logging_mixin.py:137} INFO - [2025-07-28T23:01:05.821+0000] {dag.py:2690} INFO - Sync 1 DAGs
[2025-07-28T23:01:05.871+0000] {logging_mixin.py:137} INFO - [2025-07-28T23:01:05.871+0000] {dag.py:3441} INFO - Setting next_dagrun for example_branch_operator to 2025-07-27T00:00:00+00:00, run_after=2025-07-28T00:00:00+00:00
[2025-07-28T23:01:05.912+0000] {processor.py:175} INFO - Processing /home/airflow/.local/lib/python3.7/site-packages/airflow/example_dags/example_branch_operator.py took 0.174 seconds
[2025-07-28T23:01:36.094+0000] {processor.py:153} INFO - Started process (PID=2434) to work on /home/airflow/.local/lib/python3.7/site-packages/airflow/example_dags/example_branch_operator.py
[2025-07-28T23:01:36.096+0000] {processor.py:743} INFO - Processing file /home/airflow/.local/lib/python3.7/site-packages/airflow/example_dags/example_branch_operator.py for tasks to queue
[2025-07-28T23:01:36.097+0000] {logging_mixin.py:137} INFO - [2025-07-28T23:01:36.097+0000] {dagbag.py:538} INFO - Filling up the DagBag from /home/airflow/.local/lib/python3.7/site-packages/airflow/example_dags/example_branch_operator.py
[2025-07-28T23:01:36.129+0000] {processor.py:753} INFO - DAG(s) dict_keys(['example_branch_operator']) retrieved from /home/airflow/.local/lib/python3.7/site-packages/airflow/example_dags/example_branch_operator.py
[2025-07-28T23:01:36.168+0000] {logging_mixin.py:137} INFO - [2025-07-28T23:01:36.168+0000] {dag.py:2690} INFO - Sync 1 DAGs
[2025-07-28T23:01:36.209+0000] {logging_mixin.py:137} INFO - [2025-07-28T23:01:36.209+0000] {dag.py:3441} INFO - Setting next_dagrun for example_branch_operator to 2025-07-27T00:00:00+00:00, run_after=2025-07-28T00:00:00+00:00
[2025-07-28T23:01:36.235+0000] {processor.py:175} INFO - Processing /home/airflow/.local/lib/python3.7/site-packages/airflow/example_dags/example_branch_operator.py took 0.148 seconds
[2025-07-28T23:02:07.014+0000] {processor.py:153} INFO - Started process (PID=2506) to work on /home/airflow/.local/lib/python3.7/site-packages/airflow/example_dags/example_branch_operator.py
[2025-07-28T23:02:07.016+0000] {processor.py:743} INFO - Processing file /home/airflow/.local/lib/python3.7/site-packages/airflow/example_dags/example_branch_operator.py for tasks to queue
[2025-07-28T23:02:07.018+0000] {logging_mixin.py:137} INFO - [2025-07-28T23:02:07.017+0000] {dagbag.py:538} INFO - Filling up the DagBag from /home/airflow/.local/lib/python3.7/site-packages/airflow/example_dags/example_branch_operator.py
[2025-07-28T23:02:07.059+0000] {processor.py:753} INFO - DAG(s) dict_keys(['example_branch_operator']) retrieved from /home/airflow/.local/lib/python3.7/site-packages/airflow/example_dags/example_branch_operator.py
[2025-07-28T23:02:07.113+0000] {logging_mixin.py:137} INFO - [2025-07-28T23:02:07.113+0000] {dag.py:2690} INFO - Sync 1 DAGs
[2025-07-28T23:02:07.191+0000] {logging_mixin.py:137} INFO - [2025-07-28T23:02:07.191+0000] {dag.py:3441} INFO - Setting next_dagrun for example_branch_operator to 2025-07-27T00:00:00+00:00, run_after=2025-07-28T00:00:00+00:00
[2025-07-28T23:02:07.278+0000] {processor.py:175} INFO - Processing /home/airflow/.local/lib/python3.7/site-packages/airflow/example_dags/example_branch_operator.py took 0.271 seconds
[2025-07-28T23:02:37.949+0000] {processor.py:153} INFO - Started process (PID=2592) to work on /home/airflow/.local/lib/python3.7/site-packages/airflow/example_dags/example_branch_operator.py
[2025-07-28T23:02:37.951+0000] {processor.py:743} INFO - Processing file /home/airflow/.local/lib/python3.7/site-packages/airflow/example_dags/example_branch_operator.py for tasks to queue
[2025-07-28T23:02:37.952+0000] {logging_mixin.py:137} INFO - [2025-07-28T23:02:37.951+0000] {dagbag.py:538} INFO - Filling up the DagBag from /home/airflow/.local/lib/python3.7/site-packages/airflow/example_dags/example_branch_operator.py
[2025-07-28T23:02:37.975+0000] {processor.py:753} INFO - DAG(s) dict_keys(['example_branch_operator']) retrieved from /home/airflow/.local/lib/python3.7/site-packages/airflow/example_dags/example_branch_operator.py
[2025-07-28T23:02:37.994+0000] {logging_mixin.py:137} INFO - [2025-07-28T23:02:37.994+0000] {dag.py:2690} INFO - Sync 1 DAGs
[2025-07-28T23:02:38.038+0000] {logging_mixin.py:137} INFO - [2025-07-28T23:02:38.038+0000] {dag.py:3441} INFO - Setting next_dagrun for example_branch_operator to 2025-07-27T00:00:00+00:00, run_after=2025-07-28T00:00:00+00:00
[2025-07-28T23:02:38.069+0000] {processor.py:175} INFO - Processing /home/airflow/.local/lib/python3.7/site-packages/airflow/example_dags/example_branch_operator.py took 0.125 seconds
[2025-07-28T23:03:08.575+0000] {processor.py:153} INFO - Started process (PID=2663) to work on /home/airflow/.local/lib/python3.7/site-packages/airflow/example_dags/example_branch_operator.py
[2025-07-28T23:03:08.577+0000] {processor.py:743} INFO - Processing file /home/airflow/.local/lib/python3.7/site-packages/airflow/example_dags/example_branch_operator.py for tasks to queue
[2025-07-28T23:03:08.578+0000] {logging_mixin.py:137} INFO - [2025-07-28T23:03:08.578+0000] {dagbag.py:538} INFO - Filling up the DagBag from /home/airflow/.local/lib/python3.7/site-packages/airflow/example_dags/example_branch_operator.py
[2025-07-28T23:03:08.604+0000] {processor.py:753} INFO - DAG(s) dict_keys(['example_branch_operator']) retrieved from /home/airflow/.local/lib/python3.7/site-packages/airflow/example_dags/example_branch_operator.py
[2025-07-28T23:03:08.622+0000] {logging_mixin.py:137} INFO - [2025-07-28T23:03:08.622+0000] {dag.py:2690} INFO - Sync 1 DAGs
[2025-07-28T23:03:08.658+0000] {logging_mixin.py:137} INFO - [2025-07-28T23:03:08.658+0000] {dag.py:3441} INFO - Setting next_dagrun for example_branch_operator to 2025-07-27T00:00:00+00:00, run_after=2025-07-28T00:00:00+00:00
[2025-07-28T23:03:08.696+0000] {processor.py:175} INFO - Processing /home/airflow/.local/lib/python3.7/site-packages/airflow/example_dags/example_branch_operator.py took 0.125 seconds
[2025-07-28T23:03:39.305+0000] {processor.py:153} INFO - Started process (PID=2734) to work on /home/airflow/.local/lib/python3.7/site-packages/airflow/example_dags/example_branch_operator.py
[2025-07-28T23:03:39.308+0000] {processor.py:743} INFO - Processing file /home/airflow/.local/lib/python3.7/site-packages/airflow/example_dags/example_branch_operator.py for tasks to queue
[2025-07-28T23:03:39.312+0000] {logging_mixin.py:137} INFO - [2025-07-28T23:03:39.311+0000] {dagbag.py:538} INFO - Filling up the DagBag from /home/airflow/.local/lib/python3.7/site-packages/airflow/example_dags/example_branch_operator.py
[2025-07-28T23:03:39.375+0000] {processor.py:753} INFO - DAG(s) dict_keys(['example_branch_operator']) retrieved from /home/airflow/.local/lib/python3.7/site-packages/airflow/example_dags/example_branch_operator.py
[2025-07-28T23:03:39.456+0000] {logging_mixin.py:137} INFO - [2025-07-28T23:03:39.455+0000] {dag.py:2690} INFO - Sync 1 DAGs
[2025-07-28T23:03:39.538+0000] {logging_mixin.py:137} INFO - [2025-07-28T23:03:39.538+0000] {dag.py:3441} INFO - Setting next_dagrun for example_branch_operator to 2025-07-27T00:00:00+00:00, run_after=2025-07-28T00:00:00+00:00
[2025-07-28T23:03:39.588+0000] {processor.py:175} INFO - Processing /home/airflow/.local/lib/python3.7/site-packages/airflow/example_dags/example_branch_operator.py took 0.288 seconds
[2025-07-28T23:04:09.890+0000] {processor.py:153} INFO - Started process (PID=2821) to work on /home/airflow/.local/lib/python3.7/site-packages/airflow/example_dags/example_branch_operator.py
[2025-07-28T23:04:09.892+0000] {processor.py:743} INFO - Processing file /home/airflow/.local/lib/python3.7/site-packages/airflow/example_dags/example_branch_operator.py for tasks to queue
[2025-07-28T23:04:09.894+0000] {logging_mixin.py:137} INFO - [2025-07-28T23:04:09.894+0000] {dagbag.py:538} INFO - Filling up the DagBag from /home/airflow/.local/lib/python3.7/site-packages/airflow/example_dags/example_branch_operator.py
[2025-07-28T23:04:09.947+0000] {processor.py:753} INFO - DAG(s) dict_keys(['example_branch_operator']) retrieved from /home/airflow/.local/lib/python3.7/site-packages/airflow/example_dags/example_branch_operator.py
[2025-07-28T23:04:10.006+0000] {logging_mixin.py:137} INFO - [2025-07-28T23:04:10.006+0000] {dag.py:2690} INFO - Sync 1 DAGs
[2025-07-28T23:04:10.053+0000] {logging_mixin.py:137} INFO - [2025-07-28T23:04:10.053+0000] {dag.py:3441} INFO - Setting next_dagrun for example_branch_operator to 2025-07-27T00:00:00+00:00, run_after=2025-07-28T00:00:00+00:00
[2025-07-28T23:04:10.093+0000] {processor.py:175} INFO - Processing /home/airflow/.local/lib/python3.7/site-packages/airflow/example_dags/example_branch_operator.py took 0.211 seconds
[2025-07-28T23:04:40.254+0000] {processor.py:153} INFO - Started process (PID=2891) to work on /home/airflow/.local/lib/python3.7/site-packages/airflow/example_dags/example_branch_operator.py
[2025-07-28T23:04:40.255+0000] {processor.py:743} INFO - Processing file /home/airflow/.local/lib/python3.7/site-packages/airflow/example_dags/example_branch_operator.py for tasks to queue
[2025-07-28T23:04:40.256+0000] {logging_mixin.py:137} INFO - [2025-07-28T23:04:40.256+0000] {dagbag.py:538} INFO - Filling up the DagBag from /home/airflow/.local/lib/python3.7/site-packages/airflow/example_dags/example_branch_operator.py
[2025-07-28T23:04:40.278+0000] {processor.py:753} INFO - DAG(s) dict_keys(['example_branch_operator']) retrieved from /home/airflow/.local/lib/python3.7/site-packages/airflow/example_dags/example_branch_operator.py
[2025-07-28T23:04:40.321+0000] {logging_mixin.py:137} INFO - [2025-07-28T23:04:40.321+0000] {dag.py:2690} INFO - Sync 1 DAGs
[2025-07-28T23:04:40.362+0000] {logging_mixin.py:137} INFO - [2025-07-28T23:04:40.362+0000] {dag.py:3441} INFO - Setting next_dagrun for example_branch_operator to 2025-07-27T00:00:00+00:00, run_after=2025-07-28T00:00:00+00:00
[2025-07-28T23:04:40.392+0000] {processor.py:175} INFO - Processing /home/airflow/.local/lib/python3.7/site-packages/airflow/example_dags/example_branch_operator.py took 0.143 seconds
[2025-07-28T23:05:10.646+0000] {processor.py:153} INFO - Started process (PID=2962) to work on /home/airflow/.local/lib/python3.7/site-packages/airflow/example_dags/example_branch_operator.py
[2025-07-28T23:05:10.648+0000] {processor.py:743} INFO - Processing file /home/airflow/.local/lib/python3.7/site-packages/airflow/example_dags/example_branch_operator.py for tasks to queue
[2025-07-28T23:05:10.649+0000] {logging_mixin.py:137} INFO - [2025-07-28T23:05:10.649+0000] {dagbag.py:538} INFO - Filling up the DagBag from /home/airflow/.local/lib/python3.7/site-packages/airflow/example_dags/example_branch_operator.py
[2025-07-28T23:05:10.671+0000] {processor.py:753} INFO - DAG(s) dict_keys(['example_branch_operator']) retrieved from /home/airflow/.local/lib/python3.7/site-packages/airflow/example_dags/example_branch_operator.py
[2025-07-28T23:05:10.707+0000] {logging_mixin.py:137} INFO - [2025-07-28T23:05:10.707+0000] {dag.py:2690} INFO - Sync 1 DAGs
[2025-07-28T23:05:10.758+0000] {logging_mixin.py:137} INFO - [2025-07-28T23:05:10.757+0000] {dag.py:3441} INFO - Setting next_dagrun for example_branch_operator to 2025-07-27T00:00:00+00:00, run_after=2025-07-28T00:00:00+00:00
[2025-07-28T23:05:10.786+0000] {processor.py:175} INFO - Processing /home/airflow/.local/lib/python3.7/site-packages/airflow/example_dags/example_branch_operator.py took 0.145 seconds
[2025-07-28T23:05:41.473+0000] {processor.py:153} INFO - Started process (PID=3050) to work on /home/airflow/.local/lib/python3.7/site-packages/airflow/example_dags/example_branch_operator.py
[2025-07-28T23:05:41.475+0000] {processor.py:743} INFO - Processing file /home/airflow/.local/lib/python3.7/site-packages/airflow/example_dags/example_branch_operator.py for tasks to queue
[2025-07-28T23:05:41.476+0000] {logging_mixin.py:137} INFO - [2025-07-28T23:05:41.476+0000] {dagbag.py:538} INFO - Filling up the DagBag from /home/airflow/.local/lib/python3.7/site-packages/airflow/example_dags/example_branch_operator.py
[2025-07-28T23:05:41.496+0000] {processor.py:753} INFO - DAG(s) dict_keys(['example_branch_operator']) retrieved from /home/airflow/.local/lib/python3.7/site-packages/airflow/example_dags/example_branch_operator.py
[2025-07-28T23:05:41.531+0000] {logging_mixin.py:137} INFO - [2025-07-28T23:05:41.531+0000] {dag.py:2690} INFO - Sync 1 DAGs
[2025-07-28T23:05:41.557+0000] {logging_mixin.py:137} INFO - [2025-07-28T23:05:41.557+0000] {dag.py:3441} INFO - Setting next_dagrun for example_branch_operator to 2025-07-27T00:00:00+00:00, run_after=2025-07-28T00:00:00+00:00
[2025-07-28T23:05:41.581+0000] {processor.py:175} INFO - Processing /home/airflow/.local/lib/python3.7/site-packages/airflow/example_dags/example_branch_operator.py took 0.112 seconds
[2025-07-28T23:06:11.669+0000] {processor.py:153} INFO - Started process (PID=3122) to work on /home/airflow/.local/lib/python3.7/site-packages/airflow/example_dags/example_branch_operator.py
[2025-07-28T23:06:11.671+0000] {processor.py:743} INFO - Processing file /home/airflow/.local/lib/python3.7/site-packages/airflow/example_dags/example_branch_operator.py for tasks to queue
[2025-07-28T23:06:11.672+0000] {logging_mixin.py:137} INFO - [2025-07-28T23:06:11.672+0000] {dagbag.py:538} INFO - Filling up the DagBag from /home/airflow/.local/lib/python3.7/site-packages/airflow/example_dags/example_branch_operator.py
[2025-07-28T23:06:11.690+0000] {processor.py:753} INFO - DAG(s) dict_keys(['example_branch_operator']) retrieved from /home/airflow/.local/lib/python3.7/site-packages/airflow/example_dags/example_branch_operator.py
[2025-07-28T23:06:11.721+0000] {logging_mixin.py:137} INFO - [2025-07-28T23:06:11.721+0000] {dag.py:2690} INFO - Sync 1 DAGs
[2025-07-28T23:06:11.748+0000] {logging_mixin.py:137} INFO - [2025-07-28T23:06:11.748+0000] {dag.py:3441} INFO - Setting next_dagrun for example_branch_operator to 2025-07-27T00:00:00+00:00, run_after=2025-07-28T00:00:00+00:00
[2025-07-28T23:06:11.771+0000] {processor.py:175} INFO - Processing /home/airflow/.local/lib/python3.7/site-packages/airflow/example_dags/example_branch_operator.py took 0.106 seconds
[2025-07-28T23:06:42.133+0000] {processor.py:153} INFO - Started process (PID=3201) to work on /home/airflow/.local/lib/python3.7/site-packages/airflow/example_dags/example_branch_operator.py
[2025-07-28T23:06:42.134+0000] {processor.py:743} INFO - Processing file /home/airflow/.local/lib/python3.7/site-packages/airflow/example_dags/example_branch_operator.py for tasks to queue
[2025-07-28T23:06:42.135+0000] {logging_mixin.py:137} INFO - [2025-07-28T23:06:42.135+0000] {dagbag.py:538} INFO - Filling up the DagBag from /home/airflow/.local/lib/python3.7/site-packages/airflow/example_dags/example_branch_operator.py
[2025-07-28T23:06:42.164+0000] {processor.py:753} INFO - DAG(s) dict_keys(['example_branch_operator']) retrieved from /home/airflow/.local/lib/python3.7/site-packages/airflow/example_dags/example_branch_operator.py
[2025-07-28T23:06:42.201+0000] {logging_mixin.py:137} INFO - [2025-07-28T23:06:42.200+0000] {dag.py:2690} INFO - Sync 1 DAGs
[2025-07-28T23:06:42.244+0000] {logging_mixin.py:137} INFO - [2025-07-28T23:06:42.244+0000] {dag.py:3441} INFO - Setting next_dagrun for example_branch_operator to 2025-07-27T00:00:00+00:00, run_after=2025-07-28T00:00:00+00:00
[2025-07-28T23:06:42.272+0000] {processor.py:175} INFO - Processing /home/airflow/.local/lib/python3.7/site-packages/airflow/example_dags/example_branch_operator.py took 0.145 seconds
