[2025-07-28T22:45:37.740+0000] {processor.py:153} INFO - Started process (PID=68) to work on /home/airflow/.local/lib/python3.7/site-packages/airflow/example_dags/example_branch_datetime_operator.py
[2025-07-28T22:45:37.742+0000] {processor.py:743} INFO - Processing file /home/airflow/.local/lib/python3.7/site-packages/airflow/example_dags/example_branch_datetime_operator.py for tasks to queue
[2025-07-28T22:45:37.745+0000] {logging_mixin.py:137} INFO - [2025-07-28T22:45:37.745+0000] {dagbag.py:538} INFO - Filling up the DagBag from /home/airflow/.local/lib/python3.7/site-packages/airflow/example_dags/example_branch_datetime_operator.py
[2025-07-28T22:45:37.799+0000] {processor.py:753} INFO - DAG(s) dict_keys(['example_branch_datetime_operator', 'example_branch_datetime_operator_3', 'example_branch_datetime_operator_2']) retrieved from /home/airflow/.local/lib/python3.7/site-packages/airflow/example_dags/example_branch_datetime_operator.py
[2025-07-28T22:45:38.053+0000] {logging_mixin.py:137} INFO - [2025-07-28T22:45:38.052+0000] {manager.py:504} INFO - Created Permission View: can delete on DAG:example_branch_datetime_operator
[2025-07-28T22:45:38.074+0000] {logging_mixin.py:137} INFO - [2025-07-28T22:45:38.074+0000] {manager.py:504} INFO - Created Permission View: can read on DAG:example_branch_datetime_operator
[2025-07-28T22:45:38.090+0000] {logging_mixin.py:137} INFO - [2025-07-28T22:45:38.090+0000] {manager.py:504} INFO - Created Permission View: can edit on DAG:example_branch_datetime_operator
[2025-07-28T22:45:38.121+0000] {logging_mixin.py:137} INFO - [2025-07-28T22:45:38.120+0000] {manager.py:504} INFO - Created Permission View: can delete on DAG:example_branch_datetime_operator_3
[2025-07-28T22:45:38.134+0000] {logging_mixin.py:137} INFO - [2025-07-28T22:45:38.134+0000] {manager.py:504} INFO - Created Permission View: can read on DAG:example_branch_datetime_operator_3
[2025-07-28T22:45:38.148+0000] {logging_mixin.py:137} INFO - [2025-07-28T22:45:38.148+0000] {manager.py:504} INFO - Created Permission View: can edit on DAG:example_branch_datetime_operator_3
[2025-07-28T22:45:38.173+0000] {logging_mixin.py:137} INFO - [2025-07-28T22:45:38.173+0000] {manager.py:504} INFO - Created Permission View: can delete on DAG:example_branch_datetime_operator_2
[2025-07-28T22:45:38.189+0000] {logging_mixin.py:137} INFO - [2025-07-28T22:45:38.189+0000] {manager.py:504} INFO - Created Permission View: can read on DAG:example_branch_datetime_operator_2
[2025-07-28T22:45:38.204+0000] {logging_mixin.py:137} INFO - [2025-07-28T22:45:38.204+0000] {manager.py:504} INFO - Created Permission View: can edit on DAG:example_branch_datetime_operator_2
[2025-07-28T22:45:38.206+0000] {logging_mixin.py:137} INFO - [2025-07-28T22:45:38.205+0000] {dag.py:2690} INFO - Sync 3 DAGs
[2025-07-28T22:45:38.242+0000] {logging_mixin.py:137} INFO - [2025-07-28T22:45:38.242+0000] {dag.py:2711} INFO - Creating ORM DAG for example_branch_datetime_operator
[2025-07-28T22:45:38.246+0000] {logging_mixin.py:137} INFO - [2025-07-28T22:45:38.245+0000] {dag.py:2711} INFO - Creating ORM DAG for example_branch_datetime_operator_2
[2025-07-28T22:45:38.247+0000] {logging_mixin.py:137} INFO - [2025-07-28T22:45:38.247+0000] {dag.py:2711} INFO - Creating ORM DAG for example_branch_datetime_operator_3
[2025-07-28T22:45:38.281+0000] {logging_mixin.py:137} INFO - [2025-07-28T22:45:38.281+0000] {dag.py:3441} INFO - Setting next_dagrun for example_branch_datetime_operator to 2025-07-27T00:00:00+00:00, run_after=2025-07-28T00:00:00+00:00
[2025-07-28T22:45:38.285+0000] {logging_mixin.py:137} INFO - [2025-07-28T22:45:38.285+0000] {dag.py:3441} INFO - Setting next_dagrun for example_branch_datetime_operator_2 to 2025-07-27T00:00:00+00:00, run_after=2025-07-28T00:00:00+00:00
[2025-07-28T22:45:38.289+0000] {logging_mixin.py:137} INFO - [2025-07-28T22:45:38.289+0000] {dag.py:3441} INFO - Setting next_dagrun for example_branch_datetime_operator_3 to 2025-07-27T00:00:00+00:00, run_after=2025-07-28T00:00:00+00:00
[2025-07-28T22:45:38.346+0000] {processor.py:175} INFO - Processing /home/airflow/.local/lib/python3.7/site-packages/airflow/example_dags/example_branch_datetime_operator.py took 0.621 seconds
[2025-07-28T22:46:08.878+0000] {processor.py:153} INFO - Started process (PID=139) to work on /home/airflow/.local/lib/python3.7/site-packages/airflow/example_dags/example_branch_datetime_operator.py
[2025-07-28T22:46:08.880+0000] {processor.py:743} INFO - Processing file /home/airflow/.local/lib/python3.7/site-packages/airflow/example_dags/example_branch_datetime_operator.py for tasks to queue
[2025-07-28T22:46:08.882+0000] {logging_mixin.py:137} INFO - [2025-07-28T22:46:08.882+0000] {dagbag.py:538} INFO - Filling up the DagBag from /home/airflow/.local/lib/python3.7/site-packages/airflow/example_dags/example_branch_datetime_operator.py
[2025-07-28T22:46:08.954+0000] {processor.py:753} INFO - DAG(s) dict_keys(['example_branch_datetime_operator_2', 'example_branch_datetime_operator_3', 'example_branch_datetime_operator']) retrieved from /home/airflow/.local/lib/python3.7/site-packages/airflow/example_dags/example_branch_datetime_operator.py
[2025-07-28T22:46:09.004+0000] {logging_mixin.py:137} INFO - [2025-07-28T22:46:09.004+0000] {dag.py:2690} INFO - Sync 3 DAGs
[2025-07-28T22:46:09.122+0000] {logging_mixin.py:137} INFO - [2025-07-28T22:46:09.122+0000] {dag.py:3441} INFO - Setting next_dagrun for example_branch_datetime_operator to 2025-07-27T00:00:00+00:00, run_after=2025-07-28T00:00:00+00:00
[2025-07-28T22:46:09.142+0000] {logging_mixin.py:137} INFO - [2025-07-28T22:46:09.142+0000] {dag.py:3441} INFO - Setting next_dagrun for example_branch_datetime_operator_2 to 2025-07-27T00:00:00+00:00, run_after=2025-07-28T00:00:00+00:00
[2025-07-28T22:46:09.170+0000] {logging_mixin.py:137} INFO - [2025-07-28T22:46:09.169+0000] {dag.py:3441} INFO - Setting next_dagrun for example_branch_datetime_operator_3 to 2025-07-27T00:00:00+00:00, run_after=2025-07-28T00:00:00+00:00
[2025-07-28T22:46:09.254+0000] {processor.py:175} INFO - Processing /home/airflow/.local/lib/python3.7/site-packages/airflow/example_dags/example_branch_datetime_operator.py took 0.392 seconds
[2025-07-28T22:46:39.413+0000] {processor.py:153} INFO - Started process (PID=209) to work on /home/airflow/.local/lib/python3.7/site-packages/airflow/example_dags/example_branch_datetime_operator.py
[2025-07-28T22:46:39.415+0000] {processor.py:743} INFO - Processing file /home/airflow/.local/lib/python3.7/site-packages/airflow/example_dags/example_branch_datetime_operator.py for tasks to queue
[2025-07-28T22:46:39.417+0000] {logging_mixin.py:137} INFO - [2025-07-28T22:46:39.416+0000] {dagbag.py:538} INFO - Filling up the DagBag from /home/airflow/.local/lib/python3.7/site-packages/airflow/example_dags/example_branch_datetime_operator.py
[2025-07-28T22:46:39.457+0000] {processor.py:753} INFO - DAG(s) dict_keys(['example_branch_datetime_operator', 'example_branch_datetime_operator_2', 'example_branch_datetime_operator_3']) retrieved from /home/airflow/.local/lib/python3.7/site-packages/airflow/example_dags/example_branch_datetime_operator.py
[2025-07-28T22:46:39.526+0000] {logging_mixin.py:137} INFO - [2025-07-28T22:46:39.526+0000] {dag.py:2690} INFO - Sync 3 DAGs
[2025-07-28T22:46:39.581+0000] {logging_mixin.py:137} INFO - [2025-07-28T22:46:39.581+0000] {dag.py:3441} INFO - Setting next_dagrun for example_branch_datetime_operator to 2025-07-27T00:00:00+00:00, run_after=2025-07-28T00:00:00+00:00
[2025-07-28T22:46:39.599+0000] {logging_mixin.py:137} INFO - [2025-07-28T22:46:39.599+0000] {dag.py:3441} INFO - Setting next_dagrun for example_branch_datetime_operator_2 to 2025-07-27T00:00:00+00:00, run_after=2025-07-28T00:00:00+00:00
[2025-07-28T22:46:39.605+0000] {logging_mixin.py:137} INFO - [2025-07-28T22:46:39.605+0000] {dag.py:3441} INFO - Setting next_dagrun for example_branch_datetime_operator_3 to 2025-07-27T00:00:00+00:00, run_after=2025-07-28T00:00:00+00:00
[2025-07-28T22:46:39.643+0000] {processor.py:175} INFO - Processing /home/airflow/.local/lib/python3.7/site-packages/airflow/example_dags/example_branch_datetime_operator.py took 0.237 seconds
[2025-07-28T22:47:09.708+0000] {processor.py:153} INFO - Started process (PID=279) to work on /home/airflow/.local/lib/python3.7/site-packages/airflow/example_dags/example_branch_datetime_operator.py
[2025-07-28T22:47:09.709+0000] {processor.py:743} INFO - Processing file /home/airflow/.local/lib/python3.7/site-packages/airflow/example_dags/example_branch_datetime_operator.py for tasks to queue
[2025-07-28T22:47:09.710+0000] {logging_mixin.py:137} INFO - [2025-07-28T22:47:09.710+0000] {dagbag.py:538} INFO - Filling up the DagBag from /home/airflow/.local/lib/python3.7/site-packages/airflow/example_dags/example_branch_datetime_operator.py
[2025-07-28T22:47:09.738+0000] {processor.py:753} INFO - DAG(s) dict_keys(['example_branch_datetime_operator', 'example_branch_datetime_operator_3', 'example_branch_datetime_operator_2']) retrieved from /home/airflow/.local/lib/python3.7/site-packages/airflow/example_dags/example_branch_datetime_operator.py
[2025-07-28T22:47:09.778+0000] {logging_mixin.py:137} INFO - [2025-07-28T22:47:09.777+0000] {dag.py:2690} INFO - Sync 3 DAGs
[2025-07-28T22:47:09.809+0000] {logging_mixin.py:137} INFO - [2025-07-28T22:47:09.809+0000] {dag.py:3441} INFO - Setting next_dagrun for example_branch_datetime_operator to 2025-07-27T00:00:00+00:00, run_after=2025-07-28T00:00:00+00:00
[2025-07-28T22:47:09.815+0000] {logging_mixin.py:137} INFO - [2025-07-28T22:47:09.815+0000] {dag.py:3441} INFO - Setting next_dagrun for example_branch_datetime_operator_2 to 2025-07-27T00:00:00+00:00, run_after=2025-07-28T00:00:00+00:00
[2025-07-28T22:47:09.820+0000] {logging_mixin.py:137} INFO - [2025-07-28T22:47:09.820+0000] {dag.py:3441} INFO - Setting next_dagrun for example_branch_datetime_operator_3 to 2025-07-27T00:00:00+00:00, run_after=2025-07-28T00:00:00+00:00
[2025-07-28T22:47:09.844+0000] {processor.py:175} INFO - Processing /home/airflow/.local/lib/python3.7/site-packages/airflow/example_dags/example_branch_datetime_operator.py took 0.141 seconds
[2025-07-28T22:47:40.428+0000] {processor.py:153} INFO - Started process (PID=351) to work on /home/airflow/.local/lib/python3.7/site-packages/airflow/example_dags/example_branch_datetime_operator.py
[2025-07-28T22:47:40.430+0000] {processor.py:743} INFO - Processing file /home/airflow/.local/lib/python3.7/site-packages/airflow/example_dags/example_branch_datetime_operator.py for tasks to queue
[2025-07-28T22:47:40.432+0000] {logging_mixin.py:137} INFO - [2025-07-28T22:47:40.432+0000] {dagbag.py:538} INFO - Filling up the DagBag from /home/airflow/.local/lib/python3.7/site-packages/airflow/example_dags/example_branch_datetime_operator.py
[2025-07-28T22:47:40.469+0000] {processor.py:753} INFO - DAG(s) dict_keys(['example_branch_datetime_operator', 'example_branch_datetime_operator_3', 'example_branch_datetime_operator_2']) retrieved from /home/airflow/.local/lib/python3.7/site-packages/airflow/example_dags/example_branch_datetime_operator.py
[2025-07-28T22:47:40.543+0000] {logging_mixin.py:137} INFO - [2025-07-28T22:47:40.542+0000] {dag.py:2690} INFO - Sync 3 DAGs
[2025-07-28T22:47:40.626+0000] {logging_mixin.py:137} INFO - [2025-07-28T22:47:40.626+0000] {dag.py:3441} INFO - Setting next_dagrun for example_branch_datetime_operator to 2025-07-27T00:00:00+00:00, run_after=2025-07-28T00:00:00+00:00
[2025-07-28T22:47:40.643+0000] {logging_mixin.py:137} INFO - [2025-07-28T22:47:40.642+0000] {dag.py:3441} INFO - Setting next_dagrun for example_branch_datetime_operator_2 to 2025-07-27T00:00:00+00:00, run_after=2025-07-28T00:00:00+00:00
[2025-07-28T22:47:40.661+0000] {logging_mixin.py:137} INFO - [2025-07-28T22:47:40.661+0000] {dag.py:3441} INFO - Setting next_dagrun for example_branch_datetime_operator_3 to 2025-07-27T00:00:00+00:00, run_after=2025-07-28T00:00:00+00:00
[2025-07-28T22:47:40.720+0000] {processor.py:175} INFO - Processing /home/airflow/.local/lib/python3.7/site-packages/airflow/example_dags/example_branch_datetime_operator.py took 0.301 seconds
[2025-07-28T22:48:11.157+0000] {processor.py:153} INFO - Started process (PID=430) to work on /home/airflow/.local/lib/python3.7/site-packages/airflow/example_dags/example_branch_datetime_operator.py
[2025-07-28T22:48:11.160+0000] {processor.py:743} INFO - Processing file /home/airflow/.local/lib/python3.7/site-packages/airflow/example_dags/example_branch_datetime_operator.py for tasks to queue
[2025-07-28T22:48:11.162+0000] {logging_mixin.py:137} INFO - [2025-07-28T22:48:11.162+0000] {dagbag.py:538} INFO - Filling up the DagBag from /home/airflow/.local/lib/python3.7/site-packages/airflow/example_dags/example_branch_datetime_operator.py
[2025-07-28T22:48:11.206+0000] {processor.py:753} INFO - DAG(s) dict_keys(['example_branch_datetime_operator', 'example_branch_datetime_operator_2', 'example_branch_datetime_operator_3']) retrieved from /home/airflow/.local/lib/python3.7/site-packages/airflow/example_dags/example_branch_datetime_operator.py
[2025-07-28T22:48:11.298+0000] {logging_mixin.py:137} INFO - [2025-07-28T22:48:11.297+0000] {dag.py:2690} INFO - Sync 3 DAGs
[2025-07-28T22:48:11.368+0000] {logging_mixin.py:137} INFO - [2025-07-28T22:48:11.367+0000] {dag.py:3441} INFO - Setting next_dagrun for example_branch_datetime_operator to 2025-07-27T00:00:00+00:00, run_after=2025-07-28T00:00:00+00:00
[2025-07-28T22:48:11.386+0000] {logging_mixin.py:137} INFO - [2025-07-28T22:48:11.386+0000] {dag.py:3441} INFO - Setting next_dagrun for example_branch_datetime_operator_2 to 2025-07-27T00:00:00+00:00, run_after=2025-07-28T00:00:00+00:00
[2025-07-28T22:48:11.396+0000] {logging_mixin.py:137} INFO - [2025-07-28T22:48:11.395+0000] {dag.py:3441} INFO - Setting next_dagrun for example_branch_datetime_operator_3 to 2025-07-27T00:00:00+00:00, run_after=2025-07-28T00:00:00+00:00
[2025-07-28T22:48:11.511+0000] {processor.py:175} INFO - Processing /home/airflow/.local/lib/python3.7/site-packages/airflow/example_dags/example_branch_datetime_operator.py took 0.361 seconds
[2025-07-28T22:48:41.943+0000] {processor.py:153} INFO - Started process (PID=508) to work on /home/airflow/.local/lib/python3.7/site-packages/airflow/example_dags/example_branch_datetime_operator.py
[2025-07-28T22:48:41.945+0000] {processor.py:743} INFO - Processing file /home/airflow/.local/lib/python3.7/site-packages/airflow/example_dags/example_branch_datetime_operator.py for tasks to queue
[2025-07-28T22:48:41.947+0000] {logging_mixin.py:137} INFO - [2025-07-28T22:48:41.947+0000] {dagbag.py:538} INFO - Filling up the DagBag from /home/airflow/.local/lib/python3.7/site-packages/airflow/example_dags/example_branch_datetime_operator.py
[2025-07-28T22:48:42.047+0000] {processor.py:753} INFO - DAG(s) dict_keys(['example_branch_datetime_operator', 'example_branch_datetime_operator_2', 'example_branch_datetime_operator_3']) retrieved from /home/airflow/.local/lib/python3.7/site-packages/airflow/example_dags/example_branch_datetime_operator.py
[2025-07-28T22:48:42.213+0000] {logging_mixin.py:137} INFO - [2025-07-28T22:48:42.212+0000] {dag.py:2690} INFO - Sync 3 DAGs
[2025-07-28T22:48:42.316+0000] {logging_mixin.py:137} INFO - [2025-07-28T22:48:42.315+0000] {dag.py:3441} INFO - Setting next_dagrun for example_branch_datetime_operator to 2025-07-27T00:00:00+00:00, run_after=2025-07-28T00:00:00+00:00
[2025-07-28T22:48:42.331+0000] {logging_mixin.py:137} INFO - [2025-07-28T22:48:42.331+0000] {dag.py:3441} INFO - Setting next_dagrun for example_branch_datetime_operator_2 to 2025-07-27T00:00:00+00:00, run_after=2025-07-28T00:00:00+00:00
[2025-07-28T22:48:42.340+0000] {logging_mixin.py:137} INFO - [2025-07-28T22:48:42.340+0000] {dag.py:3441} INFO - Setting next_dagrun for example_branch_datetime_operator_3 to 2025-07-27T00:00:00+00:00, run_after=2025-07-28T00:00:00+00:00
[2025-07-28T22:48:42.417+0000] {processor.py:175} INFO - Processing /home/airflow/.local/lib/python3.7/site-packages/airflow/example_dags/example_branch_datetime_operator.py took 0.489 seconds
[2025-07-28T22:49:13.466+0000] {processor.py:153} INFO - Started process (PID=579) to work on /home/airflow/.local/lib/python3.7/site-packages/airflow/example_dags/example_branch_datetime_operator.py
[2025-07-28T22:49:13.468+0000] {processor.py:743} INFO - Processing file /home/airflow/.local/lib/python3.7/site-packages/airflow/example_dags/example_branch_datetime_operator.py for tasks to queue
[2025-07-28T22:49:13.470+0000] {logging_mixin.py:137} INFO - [2025-07-28T22:49:13.470+0000] {dagbag.py:538} INFO - Filling up the DagBag from /home/airflow/.local/lib/python3.7/site-packages/airflow/example_dags/example_branch_datetime_operator.py
[2025-07-28T22:49:13.599+0000] {processor.py:753} INFO - DAG(s) dict_keys(['example_branch_datetime_operator_2', 'example_branch_datetime_operator_3', 'example_branch_datetime_operator']) retrieved from /home/airflow/.local/lib/python3.7/site-packages/airflow/example_dags/example_branch_datetime_operator.py
[2025-07-28T22:49:13.695+0000] {logging_mixin.py:137} INFO - [2025-07-28T22:49:13.694+0000] {dag.py:2690} INFO - Sync 3 DAGs
[2025-07-28T22:49:13.756+0000] {logging_mixin.py:137} INFO - [2025-07-28T22:49:13.754+0000] {dag.py:3441} INFO - Setting next_dagrun for example_branch_datetime_operator to 2025-07-27T00:00:00+00:00, run_after=2025-07-28T00:00:00+00:00
[2025-07-28T22:49:13.766+0000] {logging_mixin.py:137} INFO - [2025-07-28T22:49:13.765+0000] {dag.py:3441} INFO - Setting next_dagrun for example_branch_datetime_operator_2 to 2025-07-27T00:00:00+00:00, run_after=2025-07-28T00:00:00+00:00
[2025-07-28T22:49:13.773+0000] {logging_mixin.py:137} INFO - [2025-07-28T22:49:13.772+0000] {dag.py:3441} INFO - Setting next_dagrun for example_branch_datetime_operator_3 to 2025-07-27T00:00:00+00:00, run_after=2025-07-28T00:00:00+00:00
[2025-07-28T22:49:13.824+0000] {processor.py:175} INFO - Processing /home/airflow/.local/lib/python3.7/site-packages/airflow/example_dags/example_branch_datetime_operator.py took 0.365 seconds
[2025-07-28T22:49:44.712+0000] {processor.py:153} INFO - Started process (PID=650) to work on /home/airflow/.local/lib/python3.7/site-packages/airflow/example_dags/example_branch_datetime_operator.py
[2025-07-28T22:49:44.714+0000] {processor.py:743} INFO - Processing file /home/airflow/.local/lib/python3.7/site-packages/airflow/example_dags/example_branch_datetime_operator.py for tasks to queue
[2025-07-28T22:49:44.716+0000] {logging_mixin.py:137} INFO - [2025-07-28T22:49:44.716+0000] {dagbag.py:538} INFO - Filling up the DagBag from /home/airflow/.local/lib/python3.7/site-packages/airflow/example_dags/example_branch_datetime_operator.py
[2025-07-28T22:49:44.749+0000] {processor.py:753} INFO - DAG(s) dict_keys(['example_branch_datetime_operator_2', 'example_branch_datetime_operator', 'example_branch_datetime_operator_3']) retrieved from /home/airflow/.local/lib/python3.7/site-packages/airflow/example_dags/example_branch_datetime_operator.py
[2025-07-28T22:49:44.841+0000] {logging_mixin.py:137} INFO - [2025-07-28T22:49:44.841+0000] {dag.py:2690} INFO - Sync 3 DAGs
[2025-07-28T22:49:44.927+0000] {logging_mixin.py:137} INFO - [2025-07-28T22:49:44.926+0000] {dag.py:3441} INFO - Setting next_dagrun for example_branch_datetime_operator to 2025-07-27T00:00:00+00:00, run_after=2025-07-28T00:00:00+00:00
[2025-07-28T22:49:44.936+0000] {logging_mixin.py:137} INFO - [2025-07-28T22:49:44.936+0000] {dag.py:3441} INFO - Setting next_dagrun for example_branch_datetime_operator_2 to 2025-07-27T00:00:00+00:00, run_after=2025-07-28T00:00:00+00:00
[2025-07-28T22:49:44.940+0000] {logging_mixin.py:137} INFO - [2025-07-28T22:49:44.940+0000] {dag.py:3441} INFO - Setting next_dagrun for example_branch_datetime_operator_3 to 2025-07-27T00:00:00+00:00, run_after=2025-07-28T00:00:00+00:00
[2025-07-28T22:49:44.975+0000] {processor.py:175} INFO - Processing /home/airflow/.local/lib/python3.7/site-packages/airflow/example_dags/example_branch_datetime_operator.py took 0.267 seconds
[2025-07-28T22:50:15.058+0000] {processor.py:153} INFO - Started process (PID=730) to work on /home/airflow/.local/lib/python3.7/site-packages/airflow/example_dags/example_branch_datetime_operator.py
[2025-07-28T22:50:15.061+0000] {processor.py:743} INFO - Processing file /home/airflow/.local/lib/python3.7/site-packages/airflow/example_dags/example_branch_datetime_operator.py for tasks to queue
[2025-07-28T22:50:15.062+0000] {logging_mixin.py:137} INFO - [2025-07-28T22:50:15.062+0000] {dagbag.py:538} INFO - Filling up the DagBag from /home/airflow/.local/lib/python3.7/site-packages/airflow/example_dags/example_branch_datetime_operator.py
[2025-07-28T22:50:15.105+0000] {processor.py:753} INFO - DAG(s) dict_keys(['example_branch_datetime_operator_3', 'example_branch_datetime_operator_2', 'example_branch_datetime_operator']) retrieved from /home/airflow/.local/lib/python3.7/site-packages/airflow/example_dags/example_branch_datetime_operator.py
[2025-07-28T22:50:15.181+0000] {logging_mixin.py:137} INFO - [2025-07-28T22:50:15.181+0000] {dag.py:2690} INFO - Sync 3 DAGs
[2025-07-28T22:50:15.225+0000] {logging_mixin.py:137} INFO - [2025-07-28T22:50:15.224+0000] {dag.py:3441} INFO - Setting next_dagrun for example_branch_datetime_operator to 2025-07-27T00:00:00+00:00, run_after=2025-07-28T00:00:00+00:00
[2025-07-28T22:50:15.235+0000] {logging_mixin.py:137} INFO - [2025-07-28T22:50:15.234+0000] {dag.py:3441} INFO - Setting next_dagrun for example_branch_datetime_operator_2 to 2025-07-27T00:00:00+00:00, run_after=2025-07-28T00:00:00+00:00
[2025-07-28T22:50:15.240+0000] {logging_mixin.py:137} INFO - [2025-07-28T22:50:15.240+0000] {dag.py:3441} INFO - Setting next_dagrun for example_branch_datetime_operator_3 to 2025-07-27T00:00:00+00:00, run_after=2025-07-28T00:00:00+00:00
[2025-07-28T22:50:15.282+0000] {processor.py:175} INFO - Processing /home/airflow/.local/lib/python3.7/site-packages/airflow/example_dags/example_branch_datetime_operator.py took 0.233 seconds
[2025-07-28T22:50:45.418+0000] {processor.py:153} INFO - Started process (PID=808) to work on /home/airflow/.local/lib/python3.7/site-packages/airflow/example_dags/example_branch_datetime_operator.py
[2025-07-28T22:50:45.419+0000] {processor.py:743} INFO - Processing file /home/airflow/.local/lib/python3.7/site-packages/airflow/example_dags/example_branch_datetime_operator.py for tasks to queue
[2025-07-28T22:50:45.421+0000] {logging_mixin.py:137} INFO - [2025-07-28T22:50:45.420+0000] {dagbag.py:538} INFO - Filling up the DagBag from /home/airflow/.local/lib/python3.7/site-packages/airflow/example_dags/example_branch_datetime_operator.py
[2025-07-28T22:50:45.444+0000] {processor.py:753} INFO - DAG(s) dict_keys(['example_branch_datetime_operator_2', 'example_branch_datetime_operator', 'example_branch_datetime_operator_3']) retrieved from /home/airflow/.local/lib/python3.7/site-packages/airflow/example_dags/example_branch_datetime_operator.py
[2025-07-28T22:50:45.486+0000] {logging_mixin.py:137} INFO - [2025-07-28T22:50:45.485+0000] {dag.py:2690} INFO - Sync 3 DAGs
[2025-07-28T22:50:45.520+0000] {logging_mixin.py:137} INFO - [2025-07-28T22:50:45.520+0000] {dag.py:3441} INFO - Setting next_dagrun for example_branch_datetime_operator to 2025-07-27T00:00:00+00:00, run_after=2025-07-28T00:00:00+00:00
[2025-07-28T22:50:45.530+0000] {logging_mixin.py:137} INFO - [2025-07-28T22:50:45.530+0000] {dag.py:3441} INFO - Setting next_dagrun for example_branch_datetime_operator_2 to 2025-07-27T00:00:00+00:00, run_after=2025-07-28T00:00:00+00:00
[2025-07-28T22:50:45.533+0000] {logging_mixin.py:137} INFO - [2025-07-28T22:50:45.533+0000] {dag.py:3441} INFO - Setting next_dagrun for example_branch_datetime_operator_3 to 2025-07-27T00:00:00+00:00, run_after=2025-07-28T00:00:00+00:00
[2025-07-28T22:50:45.566+0000] {processor.py:175} INFO - Processing /home/airflow/.local/lib/python3.7/site-packages/airflow/example_dags/example_branch_datetime_operator.py took 0.151 seconds
[2025-07-28T22:51:16.286+0000] {processor.py:153} INFO - Started process (PID=879) to work on /home/airflow/.local/lib/python3.7/site-packages/airflow/example_dags/example_branch_datetime_operator.py
[2025-07-28T22:51:16.287+0000] {processor.py:743} INFO - Processing file /home/airflow/.local/lib/python3.7/site-packages/airflow/example_dags/example_branch_datetime_operator.py for tasks to queue
[2025-07-28T22:51:16.288+0000] {logging_mixin.py:137} INFO - [2025-07-28T22:51:16.288+0000] {dagbag.py:538} INFO - Filling up the DagBag from /home/airflow/.local/lib/python3.7/site-packages/airflow/example_dags/example_branch_datetime_operator.py
[2025-07-28T22:51:16.307+0000] {processor.py:753} INFO - DAG(s) dict_keys(['example_branch_datetime_operator', 'example_branch_datetime_operator_3', 'example_branch_datetime_operator_2']) retrieved from /home/airflow/.local/lib/python3.7/site-packages/airflow/example_dags/example_branch_datetime_operator.py
[2025-07-28T22:51:16.346+0000] {logging_mixin.py:137} INFO - [2025-07-28T22:51:16.346+0000] {dag.py:2690} INFO - Sync 3 DAGs
[2025-07-28T22:51:16.375+0000] {logging_mixin.py:137} INFO - [2025-07-28T22:51:16.375+0000] {dag.py:3441} INFO - Setting next_dagrun for example_branch_datetime_operator to 2025-07-27T00:00:00+00:00, run_after=2025-07-28T00:00:00+00:00
[2025-07-28T22:51:16.380+0000] {logging_mixin.py:137} INFO - [2025-07-28T22:51:16.380+0000] {dag.py:3441} INFO - Setting next_dagrun for example_branch_datetime_operator_2 to 2025-07-27T00:00:00+00:00, run_after=2025-07-28T00:00:00+00:00
[2025-07-28T22:51:16.383+0000] {logging_mixin.py:137} INFO - [2025-07-28T22:51:16.383+0000] {dag.py:3441} INFO - Setting next_dagrun for example_branch_datetime_operator_3 to 2025-07-27T00:00:00+00:00, run_after=2025-07-28T00:00:00+00:00
[2025-07-28T22:51:16.410+0000] {processor.py:175} INFO - Processing /home/airflow/.local/lib/python3.7/site-packages/airflow/example_dags/example_branch_datetime_operator.py took 0.127 seconds
[2025-07-28T22:51:46.532+0000] {processor.py:153} INFO - Started process (PID=966) to work on /home/airflow/.local/lib/python3.7/site-packages/airflow/example_dags/example_branch_datetime_operator.py
[2025-07-28T22:51:46.533+0000] {processor.py:743} INFO - Processing file /home/airflow/.local/lib/python3.7/site-packages/airflow/example_dags/example_branch_datetime_operator.py for tasks to queue
[2025-07-28T22:51:46.535+0000] {logging_mixin.py:137} INFO - [2025-07-28T22:51:46.535+0000] {dagbag.py:538} INFO - Filling up the DagBag from /home/airflow/.local/lib/python3.7/site-packages/airflow/example_dags/example_branch_datetime_operator.py
[2025-07-28T22:51:46.565+0000] {processor.py:753} INFO - DAG(s) dict_keys(['example_branch_datetime_operator_2', 'example_branch_datetime_operator', 'example_branch_datetime_operator_3']) retrieved from /home/airflow/.local/lib/python3.7/site-packages/airflow/example_dags/example_branch_datetime_operator.py
[2025-07-28T22:51:46.620+0000] {logging_mixin.py:137} INFO - [2025-07-28T22:51:46.620+0000] {dag.py:2690} INFO - Sync 3 DAGs
[2025-07-28T22:51:46.654+0000] {logging_mixin.py:137} INFO - [2025-07-28T22:51:46.654+0000] {dag.py:3441} INFO - Setting next_dagrun for example_branch_datetime_operator to 2025-07-27T00:00:00+00:00, run_after=2025-07-28T00:00:00+00:00
[2025-07-28T22:51:46.660+0000] {logging_mixin.py:137} INFO - [2025-07-28T22:51:46.660+0000] {dag.py:3441} INFO - Setting next_dagrun for example_branch_datetime_operator_2 to 2025-07-27T00:00:00+00:00, run_after=2025-07-28T00:00:00+00:00
[2025-07-28T22:51:46.663+0000] {logging_mixin.py:137} INFO - [2025-07-28T22:51:46.663+0000] {dag.py:3441} INFO - Setting next_dagrun for example_branch_datetime_operator_3 to 2025-07-27T00:00:00+00:00, run_after=2025-07-28T00:00:00+00:00
[2025-07-28T22:51:46.691+0000] {processor.py:175} INFO - Processing /home/airflow/.local/lib/python3.7/site-packages/airflow/example_dags/example_branch_datetime_operator.py took 0.163 seconds
[2025-07-28T22:52:17.174+0000] {processor.py:153} INFO - Started process (PID=1037) to work on /home/airflow/.local/lib/python3.7/site-packages/airflow/example_dags/example_branch_datetime_operator.py
[2025-07-28T22:52:17.177+0000] {processor.py:743} INFO - Processing file /home/airflow/.local/lib/python3.7/site-packages/airflow/example_dags/example_branch_datetime_operator.py for tasks to queue
[2025-07-28T22:52:17.179+0000] {logging_mixin.py:137} INFO - [2025-07-28T22:52:17.179+0000] {dagbag.py:538} INFO - Filling up the DagBag from /home/airflow/.local/lib/python3.7/site-packages/airflow/example_dags/example_branch_datetime_operator.py
[2025-07-28T22:52:17.210+0000] {processor.py:753} INFO - DAG(s) dict_keys(['example_branch_datetime_operator_2', 'example_branch_datetime_operator_3', 'example_branch_datetime_operator']) retrieved from /home/airflow/.local/lib/python3.7/site-packages/airflow/example_dags/example_branch_datetime_operator.py
[2025-07-28T22:52:17.265+0000] {logging_mixin.py:137} INFO - [2025-07-28T22:52:17.265+0000] {dag.py:2690} INFO - Sync 3 DAGs
[2025-07-28T22:52:17.316+0000] {logging_mixin.py:137} INFO - [2025-07-28T22:52:17.316+0000] {dag.py:3441} INFO - Setting next_dagrun for example_branch_datetime_operator to 2025-07-27T00:00:00+00:00, run_after=2025-07-28T00:00:00+00:00
[2025-07-28T22:52:17.327+0000] {logging_mixin.py:137} INFO - [2025-07-28T22:52:17.326+0000] {dag.py:3441} INFO - Setting next_dagrun for example_branch_datetime_operator_2 to 2025-07-27T00:00:00+00:00, run_after=2025-07-28T00:00:00+00:00
[2025-07-28T22:52:17.330+0000] {logging_mixin.py:137} INFO - [2025-07-28T22:52:17.330+0000] {dag.py:3441} INFO - Setting next_dagrun for example_branch_datetime_operator_3 to 2025-07-27T00:00:00+00:00, run_after=2025-07-28T00:00:00+00:00
[2025-07-28T22:52:17.363+0000] {processor.py:175} INFO - Processing /home/airflow/.local/lib/python3.7/site-packages/airflow/example_dags/example_branch_datetime_operator.py took 0.197 seconds
[2025-07-28T22:52:48.130+0000] {processor.py:153} INFO - Started process (PID=1124) to work on /home/airflow/.local/lib/python3.7/site-packages/airflow/example_dags/example_branch_datetime_operator.py
[2025-07-28T22:52:48.131+0000] {processor.py:743} INFO - Processing file /home/airflow/.local/lib/python3.7/site-packages/airflow/example_dags/example_branch_datetime_operator.py for tasks to queue
[2025-07-28T22:52:48.132+0000] {logging_mixin.py:137} INFO - [2025-07-28T22:52:48.132+0000] {dagbag.py:538} INFO - Filling up the DagBag from /home/airflow/.local/lib/python3.7/site-packages/airflow/example_dags/example_branch_datetime_operator.py
[2025-07-28T22:52:48.158+0000] {processor.py:753} INFO - DAG(s) dict_keys(['example_branch_datetime_operator_3', 'example_branch_datetime_operator_2', 'example_branch_datetime_operator']) retrieved from /home/airflow/.local/lib/python3.7/site-packages/airflow/example_dags/example_branch_datetime_operator.py
[2025-07-28T22:52:48.209+0000] {logging_mixin.py:137} INFO - [2025-07-28T22:52:48.208+0000] {dag.py:2690} INFO - Sync 3 DAGs
[2025-07-28T22:52:48.248+0000] {logging_mixin.py:137} INFO - [2025-07-28T22:52:48.248+0000] {dag.py:3441} INFO - Setting next_dagrun for example_branch_datetime_operator to 2025-07-27T00:00:00+00:00, run_after=2025-07-28T00:00:00+00:00
[2025-07-28T22:52:48.256+0000] {logging_mixin.py:137} INFO - [2025-07-28T22:52:48.255+0000] {dag.py:3441} INFO - Setting next_dagrun for example_branch_datetime_operator_2 to 2025-07-27T00:00:00+00:00, run_after=2025-07-28T00:00:00+00:00
[2025-07-28T22:52:48.259+0000] {logging_mixin.py:137} INFO - [2025-07-28T22:52:48.259+0000] {dag.py:3441} INFO - Setting next_dagrun for example_branch_datetime_operator_3 to 2025-07-27T00:00:00+00:00, run_after=2025-07-28T00:00:00+00:00
[2025-07-28T22:52:48.285+0000] {processor.py:175} INFO - Processing /home/airflow/.local/lib/python3.7/site-packages/airflow/example_dags/example_branch_datetime_operator.py took 0.160 seconds
[2025-07-28T22:53:18.690+0000] {processor.py:153} INFO - Started process (PID=1195) to work on /home/airflow/.local/lib/python3.7/site-packages/airflow/example_dags/example_branch_datetime_operator.py
[2025-07-28T22:53:18.691+0000] {processor.py:743} INFO - Processing file /home/airflow/.local/lib/python3.7/site-packages/airflow/example_dags/example_branch_datetime_operator.py for tasks to queue
[2025-07-28T22:53:18.692+0000] {logging_mixin.py:137} INFO - [2025-07-28T22:53:18.691+0000] {dagbag.py:538} INFO - Filling up the DagBag from /home/airflow/.local/lib/python3.7/site-packages/airflow/example_dags/example_branch_datetime_operator.py
[2025-07-28T22:53:18.711+0000] {processor.py:753} INFO - DAG(s) dict_keys(['example_branch_datetime_operator', 'example_branch_datetime_operator_2', 'example_branch_datetime_operator_3']) retrieved from /home/airflow/.local/lib/python3.7/site-packages/airflow/example_dags/example_branch_datetime_operator.py
[2025-07-28T22:53:18.750+0000] {logging_mixin.py:137} INFO - [2025-07-28T22:53:18.750+0000] {dag.py:2690} INFO - Sync 3 DAGs
[2025-07-28T22:53:18.782+0000] {logging_mixin.py:137} INFO - [2025-07-28T22:53:18.782+0000] {dag.py:3441} INFO - Setting next_dagrun for example_branch_datetime_operator to 2025-07-27T00:00:00+00:00, run_after=2025-07-28T00:00:00+00:00
[2025-07-28T22:53:18.788+0000] {logging_mixin.py:137} INFO - [2025-07-28T22:53:18.788+0000] {dag.py:3441} INFO - Setting next_dagrun for example_branch_datetime_operator_2 to 2025-07-27T00:00:00+00:00, run_after=2025-07-28T00:00:00+00:00
[2025-07-28T22:53:18.792+0000] {logging_mixin.py:137} INFO - [2025-07-28T22:53:18.792+0000] {dag.py:3441} INFO - Setting next_dagrun for example_branch_datetime_operator_3 to 2025-07-27T00:00:00+00:00, run_after=2025-07-28T00:00:00+00:00
[2025-07-28T22:53:18.816+0000] {processor.py:175} INFO - Processing /home/airflow/.local/lib/python3.7/site-packages/airflow/example_dags/example_branch_datetime_operator.py took 0.132 seconds
[2025-07-28T22:53:48.992+0000] {processor.py:153} INFO - Started process (PID=1266) to work on /home/airflow/.local/lib/python3.7/site-packages/airflow/example_dags/example_branch_datetime_operator.py
[2025-07-28T22:53:48.994+0000] {processor.py:743} INFO - Processing file /home/airflow/.local/lib/python3.7/site-packages/airflow/example_dags/example_branch_datetime_operator.py for tasks to queue
[2025-07-28T22:53:48.995+0000] {logging_mixin.py:137} INFO - [2025-07-28T22:53:48.995+0000] {dagbag.py:538} INFO - Filling up the DagBag from /home/airflow/.local/lib/python3.7/site-packages/airflow/example_dags/example_branch_datetime_operator.py
[2025-07-28T22:53:49.038+0000] {processor.py:753} INFO - DAG(s) dict_keys(['example_branch_datetime_operator_2', 'example_branch_datetime_operator', 'example_branch_datetime_operator_3']) retrieved from /home/airflow/.local/lib/python3.7/site-packages/airflow/example_dags/example_branch_datetime_operator.py
[2025-07-28T22:53:49.144+0000] {logging_mixin.py:137} INFO - [2025-07-28T22:53:49.144+0000] {dag.py:2690} INFO - Sync 3 DAGs
[2025-07-28T22:53:49.201+0000] {logging_mixin.py:137} INFO - [2025-07-28T22:53:49.200+0000] {dag.py:3441} INFO - Setting next_dagrun for example_branch_datetime_operator to 2025-07-27T00:00:00+00:00, run_after=2025-07-28T00:00:00+00:00
[2025-07-28T22:53:49.212+0000] {logging_mixin.py:137} INFO - [2025-07-28T22:53:49.212+0000] {dag.py:3441} INFO - Setting next_dagrun for example_branch_datetime_operator_2 to 2025-07-27T00:00:00+00:00, run_after=2025-07-28T00:00:00+00:00
[2025-07-28T22:53:49.217+0000] {logging_mixin.py:137} INFO - [2025-07-28T22:53:49.217+0000] {dag.py:3441} INFO - Setting next_dagrun for example_branch_datetime_operator_3 to 2025-07-27T00:00:00+00:00, run_after=2025-07-28T00:00:00+00:00
[2025-07-28T22:53:49.256+0000] {processor.py:175} INFO - Processing /home/airflow/.local/lib/python3.7/site-packages/airflow/example_dags/example_branch_datetime_operator.py took 0.270 seconds
[2025-07-28T22:54:21.028+0000] {processor.py:153} INFO - Started process (PID=1345) to work on /home/airflow/.local/lib/python3.7/site-packages/airflow/example_dags/example_branch_datetime_operator.py
[2025-07-28T22:54:21.032+0000] {processor.py:743} INFO - Processing file /home/airflow/.local/lib/python3.7/site-packages/airflow/example_dags/example_branch_datetime_operator.py for tasks to queue
[2025-07-28T22:54:21.060+0000] {logging_mixin.py:137} INFO - [2025-07-28T22:54:21.060+0000] {dagbag.py:538} INFO - Filling up the DagBag from /home/airflow/.local/lib/python3.7/site-packages/airflow/example_dags/example_branch_datetime_operator.py
[2025-07-28T22:54:21.162+0000] {processor.py:753} INFO - DAG(s) dict_keys(['example_branch_datetime_operator_2', 'example_branch_datetime_operator_3', 'example_branch_datetime_operator']) retrieved from /home/airflow/.local/lib/python3.7/site-packages/airflow/example_dags/example_branch_datetime_operator.py
[2025-07-28T22:54:21.308+0000] {logging_mixin.py:137} INFO - [2025-07-28T22:54:21.307+0000] {dag.py:2690} INFO - Sync 3 DAGs
[2025-07-28T22:54:21.474+0000] {logging_mixin.py:137} INFO - [2025-07-28T22:54:21.473+0000] {dag.py:3441} INFO - Setting next_dagrun for example_branch_datetime_operator to 2025-07-27T00:00:00+00:00, run_after=2025-07-28T00:00:00+00:00
[2025-07-28T22:54:21.498+0000] {logging_mixin.py:137} INFO - [2025-07-28T22:54:21.498+0000] {dag.py:3441} INFO - Setting next_dagrun for example_branch_datetime_operator_2 to 2025-07-27T00:00:00+00:00, run_after=2025-07-28T00:00:00+00:00
[2025-07-28T22:54:21.515+0000] {logging_mixin.py:137} INFO - [2025-07-28T22:54:21.514+0000] {dag.py:3441} INFO - Setting next_dagrun for example_branch_datetime_operator_3 to 2025-07-27T00:00:00+00:00, run_after=2025-07-28T00:00:00+00:00
[2025-07-28T22:54:21.605+0000] {processor.py:175} INFO - Processing /home/airflow/.local/lib/python3.7/site-packages/airflow/example_dags/example_branch_datetime_operator.py took 0.591 seconds
[2025-07-28T22:54:52.281+0000] {processor.py:153} INFO - Started process (PID=1415) to work on /home/airflow/.local/lib/python3.7/site-packages/airflow/example_dags/example_branch_datetime_operator.py
[2025-07-28T22:54:52.284+0000] {processor.py:743} INFO - Processing file /home/airflow/.local/lib/python3.7/site-packages/airflow/example_dags/example_branch_datetime_operator.py for tasks to queue
[2025-07-28T22:54:52.287+0000] {logging_mixin.py:137} INFO - [2025-07-28T22:54:52.287+0000] {dagbag.py:538} INFO - Filling up the DagBag from /home/airflow/.local/lib/python3.7/site-packages/airflow/example_dags/example_branch_datetime_operator.py
[2025-07-28T22:54:52.358+0000] {processor.py:753} INFO - DAG(s) dict_keys(['example_branch_datetime_operator_3', 'example_branch_datetime_operator', 'example_branch_datetime_operator_2']) retrieved from /home/airflow/.local/lib/python3.7/site-packages/airflow/example_dags/example_branch_datetime_operator.py
[2025-07-28T22:54:52.484+0000] {logging_mixin.py:137} INFO - [2025-07-28T22:54:52.484+0000] {dag.py:2690} INFO - Sync 3 DAGs
[2025-07-28T22:54:52.581+0000] {logging_mixin.py:137} INFO - [2025-07-28T22:54:52.580+0000] {dag.py:3441} INFO - Setting next_dagrun for example_branch_datetime_operator to 2025-07-27T00:00:00+00:00, run_after=2025-07-28T00:00:00+00:00
[2025-07-28T22:54:52.613+0000] {logging_mixin.py:137} INFO - [2025-07-28T22:54:52.612+0000] {dag.py:3441} INFO - Setting next_dagrun for example_branch_datetime_operator_2 to 2025-07-27T00:00:00+00:00, run_after=2025-07-28T00:00:00+00:00
[2025-07-28T22:54:52.625+0000] {logging_mixin.py:137} INFO - [2025-07-28T22:54:52.623+0000] {dag.py:3441} INFO - Setting next_dagrun for example_branch_datetime_operator_3 to 2025-07-27T00:00:00+00:00, run_after=2025-07-28T00:00:00+00:00
[2025-07-28T22:54:52.681+0000] {processor.py:175} INFO - Processing /home/airflow/.local/lib/python3.7/site-packages/airflow/example_dags/example_branch_datetime_operator.py took 0.412 seconds
[2025-07-28T22:55:23.058+0000] {processor.py:153} INFO - Started process (PID=1496) to work on /home/airflow/.local/lib/python3.7/site-packages/airflow/example_dags/example_branch_datetime_operator.py
[2025-07-28T22:55:23.059+0000] {processor.py:743} INFO - Processing file /home/airflow/.local/lib/python3.7/site-packages/airflow/example_dags/example_branch_datetime_operator.py for tasks to queue
[2025-07-28T22:55:23.061+0000] {logging_mixin.py:137} INFO - [2025-07-28T22:55:23.061+0000] {dagbag.py:538} INFO - Filling up the DagBag from /home/airflow/.local/lib/python3.7/site-packages/airflow/example_dags/example_branch_datetime_operator.py
[2025-07-28T22:55:23.094+0000] {processor.py:753} INFO - DAG(s) dict_keys(['example_branch_datetime_operator_2', 'example_branch_datetime_operator', 'example_branch_datetime_operator_3']) retrieved from /home/airflow/.local/lib/python3.7/site-packages/airflow/example_dags/example_branch_datetime_operator.py
[2025-07-28T22:55:23.170+0000] {logging_mixin.py:137} INFO - [2025-07-28T22:55:23.169+0000] {dag.py:2690} INFO - Sync 3 DAGs
[2025-07-28T22:55:23.232+0000] {logging_mixin.py:137} INFO - [2025-07-28T22:55:23.232+0000] {dag.py:3441} INFO - Setting next_dagrun for example_branch_datetime_operator to 2025-07-27T00:00:00+00:00, run_after=2025-07-28T00:00:00+00:00
[2025-07-28T22:55:23.243+0000] {logging_mixin.py:137} INFO - [2025-07-28T22:55:23.243+0000] {dag.py:3441} INFO - Setting next_dagrun for example_branch_datetime_operator_2 to 2025-07-27T00:00:00+00:00, run_after=2025-07-28T00:00:00+00:00
[2025-07-28T22:55:23.249+0000] {logging_mixin.py:137} INFO - [2025-07-28T22:55:23.248+0000] {dag.py:3441} INFO - Setting next_dagrun for example_branch_datetime_operator_3 to 2025-07-27T00:00:00+00:00, run_after=2025-07-28T00:00:00+00:00
[2025-07-28T22:55:23.292+0000] {processor.py:175} INFO - Processing /home/airflow/.local/lib/python3.7/site-packages/airflow/example_dags/example_branch_datetime_operator.py took 0.239 seconds
[2025-07-28T22:55:53.454+0000] {processor.py:153} INFO - Started process (PID=1567) to work on /home/airflow/.local/lib/python3.7/site-packages/airflow/example_dags/example_branch_datetime_operator.py
[2025-07-28T22:55:53.456+0000] {processor.py:743} INFO - Processing file /home/airflow/.local/lib/python3.7/site-packages/airflow/example_dags/example_branch_datetime_operator.py for tasks to queue
[2025-07-28T22:55:53.458+0000] {logging_mixin.py:137} INFO - [2025-07-28T22:55:53.457+0000] {dagbag.py:538} INFO - Filling up the DagBag from /home/airflow/.local/lib/python3.7/site-packages/airflow/example_dags/example_branch_datetime_operator.py
[2025-07-28T22:55:53.493+0000] {processor.py:753} INFO - DAG(s) dict_keys(['example_branch_datetime_operator_3', 'example_branch_datetime_operator_2', 'example_branch_datetime_operator']) retrieved from /home/airflow/.local/lib/python3.7/site-packages/airflow/example_dags/example_branch_datetime_operator.py
[2025-07-28T22:55:53.559+0000] {logging_mixin.py:137} INFO - [2025-07-28T22:55:53.558+0000] {dag.py:2690} INFO - Sync 3 DAGs
[2025-07-28T22:55:53.609+0000] {logging_mixin.py:137} INFO - [2025-07-28T22:55:53.608+0000] {dag.py:3441} INFO - Setting next_dagrun for example_branch_datetime_operator to 2025-07-27T00:00:00+00:00, run_after=2025-07-28T00:00:00+00:00
[2025-07-28T22:55:53.616+0000] {logging_mixin.py:137} INFO - [2025-07-28T22:55:53.616+0000] {dag.py:3441} INFO - Setting next_dagrun for example_branch_datetime_operator_2 to 2025-07-27T00:00:00+00:00, run_after=2025-07-28T00:00:00+00:00
[2025-07-28T22:55:53.621+0000] {logging_mixin.py:137} INFO - [2025-07-28T22:55:53.621+0000] {dag.py:3441} INFO - Setting next_dagrun for example_branch_datetime_operator_3 to 2025-07-27T00:00:00+00:00, run_after=2025-07-28T00:00:00+00:00
[2025-07-28T22:55:53.650+0000] {processor.py:175} INFO - Processing /home/airflow/.local/lib/python3.7/site-packages/airflow/example_dags/example_branch_datetime_operator.py took 0.203 seconds
[2025-07-28T22:56:24.210+0000] {processor.py:153} INFO - Started process (PID=1638) to work on /home/airflow/.local/lib/python3.7/site-packages/airflow/example_dags/example_branch_datetime_operator.py
[2025-07-28T22:56:24.213+0000] {processor.py:743} INFO - Processing file /home/airflow/.local/lib/python3.7/site-packages/airflow/example_dags/example_branch_datetime_operator.py for tasks to queue
[2025-07-28T22:56:24.215+0000] {logging_mixin.py:137} INFO - [2025-07-28T22:56:24.214+0000] {dagbag.py:538} INFO - Filling up the DagBag from /home/airflow/.local/lib/python3.7/site-packages/airflow/example_dags/example_branch_datetime_operator.py
[2025-07-28T22:56:24.247+0000] {processor.py:753} INFO - DAG(s) dict_keys(['example_branch_datetime_operator_3', 'example_branch_datetime_operator', 'example_branch_datetime_operator_2']) retrieved from /home/airflow/.local/lib/python3.7/site-packages/airflow/example_dags/example_branch_datetime_operator.py
[2025-07-28T22:56:24.311+0000] {logging_mixin.py:137} INFO - [2025-07-28T22:56:24.310+0000] {dag.py:2690} INFO - Sync 3 DAGs
[2025-07-28T22:56:24.354+0000] {logging_mixin.py:137} INFO - [2025-07-28T22:56:24.354+0000] {dag.py:3441} INFO - Setting next_dagrun for example_branch_datetime_operator to 2025-07-27T00:00:00+00:00, run_after=2025-07-28T00:00:00+00:00
[2025-07-28T22:56:24.364+0000] {logging_mixin.py:137} INFO - [2025-07-28T22:56:24.364+0000] {dag.py:3441} INFO - Setting next_dagrun for example_branch_datetime_operator_2 to 2025-07-27T00:00:00+00:00, run_after=2025-07-28T00:00:00+00:00
[2025-07-28T22:56:24.368+0000] {logging_mixin.py:137} INFO - [2025-07-28T22:56:24.368+0000] {dag.py:3441} INFO - Setting next_dagrun for example_branch_datetime_operator_3 to 2025-07-27T00:00:00+00:00, run_after=2025-07-28T00:00:00+00:00
[2025-07-28T22:56:24.401+0000] {processor.py:175} INFO - Processing /home/airflow/.local/lib/python3.7/site-packages/airflow/example_dags/example_branch_datetime_operator.py took 0.196 seconds
[2025-07-28T22:56:55.213+0000] {processor.py:153} INFO - Started process (PID=1710) to work on /home/airflow/.local/lib/python3.7/site-packages/airflow/example_dags/example_branch_datetime_operator.py
[2025-07-28T22:56:55.215+0000] {processor.py:743} INFO - Processing file /home/airflow/.local/lib/python3.7/site-packages/airflow/example_dags/example_branch_datetime_operator.py for tasks to queue
[2025-07-28T22:56:55.216+0000] {logging_mixin.py:137} INFO - [2025-07-28T22:56:55.216+0000] {dagbag.py:538} INFO - Filling up the DagBag from /home/airflow/.local/lib/python3.7/site-packages/airflow/example_dags/example_branch_datetime_operator.py
[2025-07-28T22:56:55.254+0000] {processor.py:753} INFO - DAG(s) dict_keys(['example_branch_datetime_operator_2', 'example_branch_datetime_operator_3', 'example_branch_datetime_operator']) retrieved from /home/airflow/.local/lib/python3.7/site-packages/airflow/example_dags/example_branch_datetime_operator.py
[2025-07-28T22:56:55.336+0000] {logging_mixin.py:137} INFO - [2025-07-28T22:56:55.335+0000] {dag.py:2690} INFO - Sync 3 DAGs
[2025-07-28T22:56:55.395+0000] {logging_mixin.py:137} INFO - [2025-07-28T22:56:55.395+0000] {dag.py:3441} INFO - Setting next_dagrun for example_branch_datetime_operator to 2025-07-27T00:00:00+00:00, run_after=2025-07-28T00:00:00+00:00
[2025-07-28T22:56:55.409+0000] {logging_mixin.py:137} INFO - [2025-07-28T22:56:55.408+0000] {dag.py:3441} INFO - Setting next_dagrun for example_branch_datetime_operator_2 to 2025-07-27T00:00:00+00:00, run_after=2025-07-28T00:00:00+00:00
[2025-07-28T22:56:55.422+0000] {logging_mixin.py:137} INFO - [2025-07-28T22:56:55.422+0000] {dag.py:3441} INFO - Setting next_dagrun for example_branch_datetime_operator_3 to 2025-07-27T00:00:00+00:00, run_after=2025-07-28T00:00:00+00:00
[2025-07-28T22:56:55.470+0000] {processor.py:175} INFO - Processing /home/airflow/.local/lib/python3.7/site-packages/airflow/example_dags/example_branch_datetime_operator.py took 0.265 seconds
[2025-07-28T22:57:26.189+0000] {processor.py:153} INFO - Started process (PID=1781) to work on /home/airflow/.local/lib/python3.7/site-packages/airflow/example_dags/example_branch_datetime_operator.py
[2025-07-28T22:57:26.190+0000] {processor.py:743} INFO - Processing file /home/airflow/.local/lib/python3.7/site-packages/airflow/example_dags/example_branch_datetime_operator.py for tasks to queue
[2025-07-28T22:57:26.191+0000] {logging_mixin.py:137} INFO - [2025-07-28T22:57:26.191+0000] {dagbag.py:538} INFO - Filling up the DagBag from /home/airflow/.local/lib/python3.7/site-packages/airflow/example_dags/example_branch_datetime_operator.py
[2025-07-28T22:57:26.210+0000] {processor.py:753} INFO - DAG(s) dict_keys(['example_branch_datetime_operator_2', 'example_branch_datetime_operator', 'example_branch_datetime_operator_3']) retrieved from /home/airflow/.local/lib/python3.7/site-packages/airflow/example_dags/example_branch_datetime_operator.py
[2025-07-28T22:57:26.251+0000] {logging_mixin.py:137} INFO - [2025-07-28T22:57:26.251+0000] {dag.py:2690} INFO - Sync 3 DAGs
[2025-07-28T22:57:26.281+0000] {logging_mixin.py:137} INFO - [2025-07-28T22:57:26.281+0000] {dag.py:3441} INFO - Setting next_dagrun for example_branch_datetime_operator to 2025-07-27T00:00:00+00:00, run_after=2025-07-28T00:00:00+00:00
[2025-07-28T22:57:26.288+0000] {logging_mixin.py:137} INFO - [2025-07-28T22:57:26.288+0000] {dag.py:3441} INFO - Setting next_dagrun for example_branch_datetime_operator_2 to 2025-07-27T00:00:00+00:00, run_after=2025-07-28T00:00:00+00:00
[2025-07-28T22:57:26.292+0000] {logging_mixin.py:137} INFO - [2025-07-28T22:57:26.291+0000] {dag.py:3441} INFO - Setting next_dagrun for example_branch_datetime_operator_3 to 2025-07-27T00:00:00+00:00, run_after=2025-07-28T00:00:00+00:00
[2025-07-28T22:57:26.317+0000] {processor.py:175} INFO - Processing /home/airflow/.local/lib/python3.7/site-packages/airflow/example_dags/example_branch_datetime_operator.py took 0.132 seconds
[2025-07-28T22:57:56.581+0000] {processor.py:153} INFO - Started process (PID=1868) to work on /home/airflow/.local/lib/python3.7/site-packages/airflow/example_dags/example_branch_datetime_operator.py
[2025-07-28T22:57:56.583+0000] {processor.py:743} INFO - Processing file /home/airflow/.local/lib/python3.7/site-packages/airflow/example_dags/example_branch_datetime_operator.py for tasks to queue
[2025-07-28T22:57:56.584+0000] {logging_mixin.py:137} INFO - [2025-07-28T22:57:56.584+0000] {dagbag.py:538} INFO - Filling up the DagBag from /home/airflow/.local/lib/python3.7/site-packages/airflow/example_dags/example_branch_datetime_operator.py
[2025-07-28T22:57:56.611+0000] {processor.py:753} INFO - DAG(s) dict_keys(['example_branch_datetime_operator', 'example_branch_datetime_operator_2', 'example_branch_datetime_operator_3']) retrieved from /home/airflow/.local/lib/python3.7/site-packages/airflow/example_dags/example_branch_datetime_operator.py
[2025-07-28T22:57:56.717+0000] {logging_mixin.py:137} INFO - [2025-07-28T22:57:56.717+0000] {dag.py:2690} INFO - Sync 3 DAGs
[2025-07-28T22:57:56.786+0000] {logging_mixin.py:137} INFO - [2025-07-28T22:57:56.786+0000] {dag.py:3441} INFO - Setting next_dagrun for example_branch_datetime_operator to 2025-07-27T00:00:00+00:00, run_after=2025-07-28T00:00:00+00:00
[2025-07-28T22:57:56.798+0000] {logging_mixin.py:137} INFO - [2025-07-28T22:57:56.798+0000] {dag.py:3441} INFO - Setting next_dagrun for example_branch_datetime_operator_2 to 2025-07-27T00:00:00+00:00, run_after=2025-07-28T00:00:00+00:00
[2025-07-28T22:57:56.805+0000] {logging_mixin.py:137} INFO - [2025-07-28T22:57:56.805+0000] {dag.py:3441} INFO - Setting next_dagrun for example_branch_datetime_operator_3 to 2025-07-27T00:00:00+00:00, run_after=2025-07-28T00:00:00+00:00
[2025-07-28T22:57:56.856+0000] {processor.py:175} INFO - Processing /home/airflow/.local/lib/python3.7/site-packages/airflow/example_dags/example_branch_datetime_operator.py took 0.282 seconds
[2025-07-28T22:58:26.992+0000] {processor.py:153} INFO - Started process (PID=1939) to work on /home/airflow/.local/lib/python3.7/site-packages/airflow/example_dags/example_branch_datetime_operator.py
[2025-07-28T22:58:26.993+0000] {processor.py:743} INFO - Processing file /home/airflow/.local/lib/python3.7/site-packages/airflow/example_dags/example_branch_datetime_operator.py for tasks to queue
[2025-07-28T22:58:26.996+0000] {logging_mixin.py:137} INFO - [2025-07-28T22:58:26.995+0000] {dagbag.py:538} INFO - Filling up the DagBag from /home/airflow/.local/lib/python3.7/site-packages/airflow/example_dags/example_branch_datetime_operator.py
[2025-07-28T22:58:27.022+0000] {processor.py:753} INFO - DAG(s) dict_keys(['example_branch_datetime_operator_2', 'example_branch_datetime_operator_3', 'example_branch_datetime_operator']) retrieved from /home/airflow/.local/lib/python3.7/site-packages/airflow/example_dags/example_branch_datetime_operator.py
[2025-07-28T22:58:27.072+0000] {logging_mixin.py:137} INFO - [2025-07-28T22:58:27.072+0000] {dag.py:2690} INFO - Sync 3 DAGs
[2025-07-28T22:58:27.158+0000] {logging_mixin.py:137} INFO - [2025-07-28T22:58:27.158+0000] {dag.py:3441} INFO - Setting next_dagrun for example_branch_datetime_operator to 2025-07-27T00:00:00+00:00, run_after=2025-07-28T00:00:00+00:00
[2025-07-28T22:58:27.177+0000] {logging_mixin.py:137} INFO - [2025-07-28T22:58:27.177+0000] {dag.py:3441} INFO - Setting next_dagrun for example_branch_datetime_operator_2 to 2025-07-27T00:00:00+00:00, run_after=2025-07-28T00:00:00+00:00
[2025-07-28T22:58:27.183+0000] {logging_mixin.py:137} INFO - [2025-07-28T22:58:27.183+0000] {dag.py:3441} INFO - Setting next_dagrun for example_branch_datetime_operator_3 to 2025-07-27T00:00:00+00:00, run_after=2025-07-28T00:00:00+00:00
[2025-07-28T22:58:27.210+0000] {processor.py:175} INFO - Processing /home/airflow/.local/lib/python3.7/site-packages/airflow/example_dags/example_branch_datetime_operator.py took 0.222 seconds
[2025-07-28T22:58:57.783+0000] {processor.py:153} INFO - Started process (PID=2010) to work on /home/airflow/.local/lib/python3.7/site-packages/airflow/example_dags/example_branch_datetime_operator.py
[2025-07-28T22:58:57.784+0000] {processor.py:743} INFO - Processing file /home/airflow/.local/lib/python3.7/site-packages/airflow/example_dags/example_branch_datetime_operator.py for tasks to queue
[2025-07-28T22:58:57.785+0000] {logging_mixin.py:137} INFO - [2025-07-28T22:58:57.785+0000] {dagbag.py:538} INFO - Filling up the DagBag from /home/airflow/.local/lib/python3.7/site-packages/airflow/example_dags/example_branch_datetime_operator.py
[2025-07-28T22:58:57.804+0000] {processor.py:753} INFO - DAG(s) dict_keys(['example_branch_datetime_operator', 'example_branch_datetime_operator_3', 'example_branch_datetime_operator_2']) retrieved from /home/airflow/.local/lib/python3.7/site-packages/airflow/example_dags/example_branch_datetime_operator.py
[2025-07-28T22:58:57.845+0000] {logging_mixin.py:137} INFO - [2025-07-28T22:58:57.845+0000] {dag.py:2690} INFO - Sync 3 DAGs
[2025-07-28T22:58:57.872+0000] {logging_mixin.py:137} INFO - [2025-07-28T22:58:57.872+0000] {dag.py:3441} INFO - Setting next_dagrun for example_branch_datetime_operator to 2025-07-27T00:00:00+00:00, run_after=2025-07-28T00:00:00+00:00
[2025-07-28T22:58:57.881+0000] {logging_mixin.py:137} INFO - [2025-07-28T22:58:57.881+0000] {dag.py:3441} INFO - Setting next_dagrun for example_branch_datetime_operator_2 to 2025-07-27T00:00:00+00:00, run_after=2025-07-28T00:00:00+00:00
[2025-07-28T22:58:57.884+0000] {logging_mixin.py:137} INFO - [2025-07-28T22:58:57.884+0000] {dag.py:3441} INFO - Setting next_dagrun for example_branch_datetime_operator_3 to 2025-07-27T00:00:00+00:00, run_after=2025-07-28T00:00:00+00:00
[2025-07-28T22:58:57.919+0000] {processor.py:175} INFO - Processing /home/airflow/.local/lib/python3.7/site-packages/airflow/example_dags/example_branch_datetime_operator.py took 0.140 seconds
[2025-07-28T22:59:28.270+0000] {processor.py:153} INFO - Started process (PID=2097) to work on /home/airflow/.local/lib/python3.7/site-packages/airflow/example_dags/example_branch_datetime_operator.py
[2025-07-28T22:59:28.274+0000] {processor.py:743} INFO - Processing file /home/airflow/.local/lib/python3.7/site-packages/airflow/example_dags/example_branch_datetime_operator.py for tasks to queue
[2025-07-28T22:59:28.276+0000] {logging_mixin.py:137} INFO - [2025-07-28T22:59:28.276+0000] {dagbag.py:538} INFO - Filling up the DagBag from /home/airflow/.local/lib/python3.7/site-packages/airflow/example_dags/example_branch_datetime_operator.py
[2025-07-28T22:59:28.303+0000] {processor.py:753} INFO - DAG(s) dict_keys(['example_branch_datetime_operator_3', 'example_branch_datetime_operator_2', 'example_branch_datetime_operator']) retrieved from /home/airflow/.local/lib/python3.7/site-packages/airflow/example_dags/example_branch_datetime_operator.py
[2025-07-28T22:59:28.374+0000] {logging_mixin.py:137} INFO - [2025-07-28T22:59:28.374+0000] {dag.py:2690} INFO - Sync 3 DAGs
[2025-07-28T22:59:28.413+0000] {logging_mixin.py:137} INFO - [2025-07-28T22:59:28.412+0000] {dag.py:3441} INFO - Setting next_dagrun for example_branch_datetime_operator to 2025-07-27T00:00:00+00:00, run_after=2025-07-28T00:00:00+00:00
[2025-07-28T22:59:28.419+0000] {logging_mixin.py:137} INFO - [2025-07-28T22:59:28.418+0000] {dag.py:3441} INFO - Setting next_dagrun for example_branch_datetime_operator_2 to 2025-07-27T00:00:00+00:00, run_after=2025-07-28T00:00:00+00:00
[2025-07-28T22:59:28.423+0000] {logging_mixin.py:137} INFO - [2025-07-28T22:59:28.423+0000] {dag.py:3441} INFO - Setting next_dagrun for example_branch_datetime_operator_3 to 2025-07-27T00:00:00+00:00, run_after=2025-07-28T00:00:00+00:00
[2025-07-28T22:59:28.467+0000] {processor.py:175} INFO - Processing /home/airflow/.local/lib/python3.7/site-packages/airflow/example_dags/example_branch_datetime_operator.py took 0.204 seconds
[2025-07-28T22:59:58.643+0000] {processor.py:153} INFO - Started process (PID=2169) to work on /home/airflow/.local/lib/python3.7/site-packages/airflow/example_dags/example_branch_datetime_operator.py
[2025-07-28T22:59:58.644+0000] {processor.py:743} INFO - Processing file /home/airflow/.local/lib/python3.7/site-packages/airflow/example_dags/example_branch_datetime_operator.py for tasks to queue
[2025-07-28T22:59:58.644+0000] {logging_mixin.py:137} INFO - [2025-07-28T22:59:58.644+0000] {dagbag.py:538} INFO - Filling up the DagBag from /home/airflow/.local/lib/python3.7/site-packages/airflow/example_dags/example_branch_datetime_operator.py
[2025-07-28T22:59:58.664+0000] {processor.py:753} INFO - DAG(s) dict_keys(['example_branch_datetime_operator_2', 'example_branch_datetime_operator_3', 'example_branch_datetime_operator']) retrieved from /home/airflow/.local/lib/python3.7/site-packages/airflow/example_dags/example_branch_datetime_operator.py
[2025-07-28T22:59:58.709+0000] {logging_mixin.py:137} INFO - [2025-07-28T22:59:58.709+0000] {dag.py:2690} INFO - Sync 3 DAGs
[2025-07-28T22:59:58.743+0000] {logging_mixin.py:137} INFO - [2025-07-28T22:59:58.742+0000] {dag.py:3441} INFO - Setting next_dagrun for example_branch_datetime_operator to 2025-07-27T00:00:00+00:00, run_after=2025-07-28T00:00:00+00:00
[2025-07-28T22:59:58.748+0000] {logging_mixin.py:137} INFO - [2025-07-28T22:59:58.748+0000] {dag.py:3441} INFO - Setting next_dagrun for example_branch_datetime_operator_2 to 2025-07-27T00:00:00+00:00, run_after=2025-07-28T00:00:00+00:00
[2025-07-28T22:59:58.755+0000] {logging_mixin.py:137} INFO - [2025-07-28T22:59:58.755+0000] {dag.py:3441} INFO - Setting next_dagrun for example_branch_datetime_operator_3 to 2025-07-27T00:00:00+00:00, run_after=2025-07-28T00:00:00+00:00
[2025-07-28T22:59:58.783+0000] {processor.py:175} INFO - Processing /home/airflow/.local/lib/python3.7/site-packages/airflow/example_dags/example_branch_datetime_operator.py took 0.145 seconds
[2025-07-28T23:00:29.640+0000] {processor.py:153} INFO - Started process (PID=2256) to work on /home/airflow/.local/lib/python3.7/site-packages/airflow/example_dags/example_branch_datetime_operator.py
[2025-07-28T23:00:29.642+0000] {processor.py:743} INFO - Processing file /home/airflow/.local/lib/python3.7/site-packages/airflow/example_dags/example_branch_datetime_operator.py for tasks to queue
[2025-07-28T23:00:29.643+0000] {logging_mixin.py:137} INFO - [2025-07-28T23:00:29.642+0000] {dagbag.py:538} INFO - Filling up the DagBag from /home/airflow/.local/lib/python3.7/site-packages/airflow/example_dags/example_branch_datetime_operator.py
[2025-07-28T23:00:29.676+0000] {processor.py:753} INFO - DAG(s) dict_keys(['example_branch_datetime_operator', 'example_branch_datetime_operator_2', 'example_branch_datetime_operator_3']) retrieved from /home/airflow/.local/lib/python3.7/site-packages/airflow/example_dags/example_branch_datetime_operator.py
[2025-07-28T23:00:29.751+0000] {logging_mixin.py:137} INFO - [2025-07-28T23:00:29.750+0000] {dag.py:2690} INFO - Sync 3 DAGs
[2025-07-28T23:00:29.798+0000] {logging_mixin.py:137} INFO - [2025-07-28T23:00:29.797+0000] {dag.py:3441} INFO - Setting next_dagrun for example_branch_datetime_operator to 2025-07-27T00:00:00+00:00, run_after=2025-07-28T00:00:00+00:00
[2025-07-28T23:00:29.805+0000] {logging_mixin.py:137} INFO - [2025-07-28T23:00:29.805+0000] {dag.py:3441} INFO - Setting next_dagrun for example_branch_datetime_operator_2 to 2025-07-27T00:00:00+00:00, run_after=2025-07-28T00:00:00+00:00
[2025-07-28T23:00:29.808+0000] {logging_mixin.py:137} INFO - [2025-07-28T23:00:29.808+0000] {dag.py:3441} INFO - Setting next_dagrun for example_branch_datetime_operator_3 to 2025-07-27T00:00:00+00:00, run_after=2025-07-28T00:00:00+00:00
[2025-07-28T23:00:29.854+0000] {processor.py:175} INFO - Processing /home/airflow/.local/lib/python3.7/site-packages/airflow/example_dags/example_branch_datetime_operator.py took 0.219 seconds
[2025-07-28T23:01:00.345+0000] {processor.py:153} INFO - Started process (PID=2327) to work on /home/airflow/.local/lib/python3.7/site-packages/airflow/example_dags/example_branch_datetime_operator.py
[2025-07-28T23:01:00.347+0000] {processor.py:743} INFO - Processing file /home/airflow/.local/lib/python3.7/site-packages/airflow/example_dags/example_branch_datetime_operator.py for tasks to queue
[2025-07-28T23:01:00.351+0000] {logging_mixin.py:137} INFO - [2025-07-28T23:01:00.350+0000] {dagbag.py:538} INFO - Filling up the DagBag from /home/airflow/.local/lib/python3.7/site-packages/airflow/example_dags/example_branch_datetime_operator.py
[2025-07-28T23:01:00.385+0000] {processor.py:753} INFO - DAG(s) dict_keys(['example_branch_datetime_operator_2', 'example_branch_datetime_operator', 'example_branch_datetime_operator_3']) retrieved from /home/airflow/.local/lib/python3.7/site-packages/airflow/example_dags/example_branch_datetime_operator.py
[2025-07-28T23:01:00.448+0000] {logging_mixin.py:137} INFO - [2025-07-28T23:01:00.448+0000] {dag.py:2690} INFO - Sync 3 DAGs
[2025-07-28T23:01:00.497+0000] {logging_mixin.py:137} INFO - [2025-07-28T23:01:00.497+0000] {dag.py:3441} INFO - Setting next_dagrun for example_branch_datetime_operator to 2025-07-27T00:00:00+00:00, run_after=2025-07-28T00:00:00+00:00
[2025-07-28T23:01:00.505+0000] {logging_mixin.py:137} INFO - [2025-07-28T23:01:00.505+0000] {dag.py:3441} INFO - Setting next_dagrun for example_branch_datetime_operator_2 to 2025-07-27T00:00:00+00:00, run_after=2025-07-28T00:00:00+00:00
[2025-07-28T23:01:00.510+0000] {logging_mixin.py:137} INFO - [2025-07-28T23:01:00.509+0000] {dag.py:3441} INFO - Setting next_dagrun for example_branch_datetime_operator_3 to 2025-07-27T00:00:00+00:00, run_after=2025-07-28T00:00:00+00:00
[2025-07-28T23:01:00.546+0000] {processor.py:175} INFO - Processing /home/airflow/.local/lib/python3.7/site-packages/airflow/example_dags/example_branch_datetime_operator.py took 0.211 seconds
[2025-07-28T23:01:31.005+0000] {processor.py:153} INFO - Started process (PID=2399) to work on /home/airflow/.local/lib/python3.7/site-packages/airflow/example_dags/example_branch_datetime_operator.py
[2025-07-28T23:01:31.006+0000] {processor.py:743} INFO - Processing file /home/airflow/.local/lib/python3.7/site-packages/airflow/example_dags/example_branch_datetime_operator.py for tasks to queue
[2025-07-28T23:01:31.007+0000] {logging_mixin.py:137} INFO - [2025-07-28T23:01:31.007+0000] {dagbag.py:538} INFO - Filling up the DagBag from /home/airflow/.local/lib/python3.7/site-packages/airflow/example_dags/example_branch_datetime_operator.py
[2025-07-28T23:01:31.025+0000] {processor.py:753} INFO - DAG(s) dict_keys(['example_branch_datetime_operator_3', 'example_branch_datetime_operator', 'example_branch_datetime_operator_2']) retrieved from /home/airflow/.local/lib/python3.7/site-packages/airflow/example_dags/example_branch_datetime_operator.py
[2025-07-28T23:01:31.065+0000] {logging_mixin.py:137} INFO - [2025-07-28T23:01:31.065+0000] {dag.py:2690} INFO - Sync 3 DAGs
[2025-07-28T23:01:31.094+0000] {logging_mixin.py:137} INFO - [2025-07-28T23:01:31.094+0000] {dag.py:3441} INFO - Setting next_dagrun for example_branch_datetime_operator to 2025-07-27T00:00:00+00:00, run_after=2025-07-28T00:00:00+00:00
[2025-07-28T23:01:31.099+0000] {logging_mixin.py:137} INFO - [2025-07-28T23:01:31.099+0000] {dag.py:3441} INFO - Setting next_dagrun for example_branch_datetime_operator_2 to 2025-07-27T00:00:00+00:00, run_after=2025-07-28T00:00:00+00:00
[2025-07-28T23:01:31.102+0000] {logging_mixin.py:137} INFO - [2025-07-28T23:01:31.102+0000] {dag.py:3441} INFO - Setting next_dagrun for example_branch_datetime_operator_3 to 2025-07-27T00:00:00+00:00, run_after=2025-07-28T00:00:00+00:00
[2025-07-28T23:01:31.127+0000] {processor.py:175} INFO - Processing /home/airflow/.local/lib/python3.7/site-packages/airflow/example_dags/example_branch_datetime_operator.py took 0.126 seconds
[2025-07-28T23:02:01.393+0000] {processor.py:153} INFO - Started process (PID=2486) to work on /home/airflow/.local/lib/python3.7/site-packages/airflow/example_dags/example_branch_datetime_operator.py
[2025-07-28T23:02:01.395+0000] {processor.py:743} INFO - Processing file /home/airflow/.local/lib/python3.7/site-packages/airflow/example_dags/example_branch_datetime_operator.py for tasks to queue
[2025-07-28T23:02:01.396+0000] {logging_mixin.py:137} INFO - [2025-07-28T23:02:01.395+0000] {dagbag.py:538} INFO - Filling up the DagBag from /home/airflow/.local/lib/python3.7/site-packages/airflow/example_dags/example_branch_datetime_operator.py
[2025-07-28T23:02:01.420+0000] {processor.py:753} INFO - DAG(s) dict_keys(['example_branch_datetime_operator', 'example_branch_datetime_operator_2', 'example_branch_datetime_operator_3']) retrieved from /home/airflow/.local/lib/python3.7/site-packages/airflow/example_dags/example_branch_datetime_operator.py
[2025-07-28T23:02:01.466+0000] {logging_mixin.py:137} INFO - [2025-07-28T23:02:01.466+0000] {dag.py:2690} INFO - Sync 3 DAGs
[2025-07-28T23:02:01.508+0000] {logging_mixin.py:137} INFO - [2025-07-28T23:02:01.507+0000] {dag.py:3441} INFO - Setting next_dagrun for example_branch_datetime_operator to 2025-07-27T00:00:00+00:00, run_after=2025-07-28T00:00:00+00:00
[2025-07-28T23:02:01.512+0000] {logging_mixin.py:137} INFO - [2025-07-28T23:02:01.512+0000] {dag.py:3441} INFO - Setting next_dagrun for example_branch_datetime_operator_2 to 2025-07-27T00:00:00+00:00, run_after=2025-07-28T00:00:00+00:00
[2025-07-28T23:02:01.515+0000] {logging_mixin.py:137} INFO - [2025-07-28T23:02:01.515+0000] {dag.py:3441} INFO - Setting next_dagrun for example_branch_datetime_operator_3 to 2025-07-27T00:00:00+00:00, run_after=2025-07-28T00:00:00+00:00
[2025-07-28T23:02:01.546+0000] {processor.py:175} INFO - Processing /home/airflow/.local/lib/python3.7/site-packages/airflow/example_dags/example_branch_datetime_operator.py took 0.156 seconds
[2025-07-28T23:02:31.755+0000] {processor.py:153} INFO - Started process (PID=2557) to work on /home/airflow/.local/lib/python3.7/site-packages/airflow/example_dags/example_branch_datetime_operator.py
[2025-07-28T23:02:31.756+0000] {processor.py:743} INFO - Processing file /home/airflow/.local/lib/python3.7/site-packages/airflow/example_dags/example_branch_datetime_operator.py for tasks to queue
[2025-07-28T23:02:31.760+0000] {logging_mixin.py:137} INFO - [2025-07-28T23:02:31.759+0000] {dagbag.py:538} INFO - Filling up the DagBag from /home/airflow/.local/lib/python3.7/site-packages/airflow/example_dags/example_branch_datetime_operator.py
[2025-07-28T23:02:31.781+0000] {processor.py:753} INFO - DAG(s) dict_keys(['example_branch_datetime_operator', 'example_branch_datetime_operator_3', 'example_branch_datetime_operator_2']) retrieved from /home/airflow/.local/lib/python3.7/site-packages/airflow/example_dags/example_branch_datetime_operator.py
[2025-07-28T23:02:31.802+0000] {logging_mixin.py:137} INFO - [2025-07-28T23:02:31.801+0000] {dag.py:2690} INFO - Sync 3 DAGs
[2025-07-28T23:02:31.836+0000] {logging_mixin.py:137} INFO - [2025-07-28T23:02:31.836+0000] {dag.py:3441} INFO - Setting next_dagrun for example_branch_datetime_operator to 2025-07-27T00:00:00+00:00, run_after=2025-07-28T00:00:00+00:00
[2025-07-28T23:02:31.842+0000] {logging_mixin.py:137} INFO - [2025-07-28T23:02:31.842+0000] {dag.py:3441} INFO - Setting next_dagrun for example_branch_datetime_operator_2 to 2025-07-27T00:00:00+00:00, run_after=2025-07-28T00:00:00+00:00
[2025-07-28T23:02:31.847+0000] {logging_mixin.py:137} INFO - [2025-07-28T23:02:31.847+0000] {dag.py:3441} INFO - Setting next_dagrun for example_branch_datetime_operator_3 to 2025-07-27T00:00:00+00:00, run_after=2025-07-28T00:00:00+00:00
[2025-07-28T23:02:31.878+0000] {processor.py:175} INFO - Processing /home/airflow/.local/lib/python3.7/site-packages/airflow/example_dags/example_branch_datetime_operator.py took 0.126 seconds
[2025-07-28T23:03:02.786+0000] {processor.py:153} INFO - Started process (PID=2634) to work on /home/airflow/.local/lib/python3.7/site-packages/airflow/example_dags/example_branch_datetime_operator.py
[2025-07-28T23:03:02.791+0000] {processor.py:743} INFO - Processing file /home/airflow/.local/lib/python3.7/site-packages/airflow/example_dags/example_branch_datetime_operator.py for tasks to queue
[2025-07-28T23:03:02.797+0000] {logging_mixin.py:137} INFO - [2025-07-28T23:03:02.796+0000] {dagbag.py:538} INFO - Filling up the DagBag from /home/airflow/.local/lib/python3.7/site-packages/airflow/example_dags/example_branch_datetime_operator.py
[2025-07-28T23:03:02.834+0000] {processor.py:753} INFO - DAG(s) dict_keys(['example_branch_datetime_operator', 'example_branch_datetime_operator_2', 'example_branch_datetime_operator_3']) retrieved from /home/airflow/.local/lib/python3.7/site-packages/airflow/example_dags/example_branch_datetime_operator.py
[2025-07-28T23:03:02.859+0000] {logging_mixin.py:137} INFO - [2025-07-28T23:03:02.859+0000] {dag.py:2690} INFO - Sync 3 DAGs
[2025-07-28T23:03:02.911+0000] {logging_mixin.py:137} INFO - [2025-07-28T23:03:02.911+0000] {dag.py:3441} INFO - Setting next_dagrun for example_branch_datetime_operator to 2025-07-27T00:00:00+00:00, run_after=2025-07-28T00:00:00+00:00
[2025-07-28T23:03:02.918+0000] {logging_mixin.py:137} INFO - [2025-07-28T23:03:02.918+0000] {dag.py:3441} INFO - Setting next_dagrun for example_branch_datetime_operator_2 to 2025-07-27T00:00:00+00:00, run_after=2025-07-28T00:00:00+00:00
[2025-07-28T23:03:02.921+0000] {logging_mixin.py:137} INFO - [2025-07-28T23:03:02.921+0000] {dag.py:3441} INFO - Setting next_dagrun for example_branch_datetime_operator_3 to 2025-07-27T00:00:00+00:00, run_after=2025-07-28T00:00:00+00:00
[2025-07-28T23:03:02.946+0000] {processor.py:175} INFO - Processing /home/airflow/.local/lib/python3.7/site-packages/airflow/example_dags/example_branch_datetime_operator.py took 0.166 seconds
[2025-07-28T23:03:33.079+0000] {processor.py:153} INFO - Started process (PID=2714) to work on /home/airflow/.local/lib/python3.7/site-packages/airflow/example_dags/example_branch_datetime_operator.py
[2025-07-28T23:03:33.081+0000] {processor.py:743} INFO - Processing file /home/airflow/.local/lib/python3.7/site-packages/airflow/example_dags/example_branch_datetime_operator.py for tasks to queue
[2025-07-28T23:03:33.082+0000] {logging_mixin.py:137} INFO - [2025-07-28T23:03:33.082+0000] {dagbag.py:538} INFO - Filling up the DagBag from /home/airflow/.local/lib/python3.7/site-packages/airflow/example_dags/example_branch_datetime_operator.py
[2025-07-28T23:03:33.114+0000] {processor.py:753} INFO - DAG(s) dict_keys(['example_branch_datetime_operator', 'example_branch_datetime_operator_2', 'example_branch_datetime_operator_3']) retrieved from /home/airflow/.local/lib/python3.7/site-packages/airflow/example_dags/example_branch_datetime_operator.py
[2025-07-28T23:03:33.145+0000] {logging_mixin.py:137} INFO - [2025-07-28T23:03:33.144+0000] {dag.py:2690} INFO - Sync 3 DAGs
[2025-07-28T23:03:33.196+0000] {logging_mixin.py:137} INFO - [2025-07-28T23:03:33.195+0000] {dag.py:3441} INFO - Setting next_dagrun for example_branch_datetime_operator to 2025-07-27T00:00:00+00:00, run_after=2025-07-28T00:00:00+00:00
[2025-07-28T23:03:33.203+0000] {logging_mixin.py:137} INFO - [2025-07-28T23:03:33.203+0000] {dag.py:3441} INFO - Setting next_dagrun for example_branch_datetime_operator_2 to 2025-07-27T00:00:00+00:00, run_after=2025-07-28T00:00:00+00:00
[2025-07-28T23:03:33.212+0000] {logging_mixin.py:137} INFO - [2025-07-28T23:03:33.211+0000] {dag.py:3441} INFO - Setting next_dagrun for example_branch_datetime_operator_3 to 2025-07-27T00:00:00+00:00, run_after=2025-07-28T00:00:00+00:00
[2025-07-28T23:03:33.247+0000] {processor.py:175} INFO - Processing /home/airflow/.local/lib/python3.7/site-packages/airflow/example_dags/example_branch_datetime_operator.py took 0.176 seconds
[2025-07-28T23:04:03.725+0000] {processor.py:153} INFO - Started process (PID=2785) to work on /home/airflow/.local/lib/python3.7/site-packages/airflow/example_dags/example_branch_datetime_operator.py
[2025-07-28T23:04:03.737+0000] {processor.py:743} INFO - Processing file /home/airflow/.local/lib/python3.7/site-packages/airflow/example_dags/example_branch_datetime_operator.py for tasks to queue
[2025-07-28T23:04:03.759+0000] {logging_mixin.py:137} INFO - [2025-07-28T23:04:03.758+0000] {dagbag.py:538} INFO - Filling up the DagBag from /home/airflow/.local/lib/python3.7/site-packages/airflow/example_dags/example_branch_datetime_operator.py
[2025-07-28T23:04:03.787+0000] {processor.py:753} INFO - DAG(s) dict_keys(['example_branch_datetime_operator_3', 'example_branch_datetime_operator_2', 'example_branch_datetime_operator']) retrieved from /home/airflow/.local/lib/python3.7/site-packages/airflow/example_dags/example_branch_datetime_operator.py
[2025-07-28T23:04:03.831+0000] {logging_mixin.py:137} INFO - [2025-07-28T23:04:03.831+0000] {dag.py:2690} INFO - Sync 3 DAGs
[2025-07-28T23:04:03.862+0000] {logging_mixin.py:137} INFO - [2025-07-28T23:04:03.862+0000] {dag.py:3441} INFO - Setting next_dagrun for example_branch_datetime_operator to 2025-07-27T00:00:00+00:00, run_after=2025-07-28T00:00:00+00:00
[2025-07-28T23:04:03.867+0000] {logging_mixin.py:137} INFO - [2025-07-28T23:04:03.867+0000] {dag.py:3441} INFO - Setting next_dagrun for example_branch_datetime_operator_2 to 2025-07-27T00:00:00+00:00, run_after=2025-07-28T00:00:00+00:00
[2025-07-28T23:04:03.871+0000] {logging_mixin.py:137} INFO - [2025-07-28T23:04:03.871+0000] {dag.py:3441} INFO - Setting next_dagrun for example_branch_datetime_operator_3 to 2025-07-27T00:00:00+00:00, run_after=2025-07-28T00:00:00+00:00
[2025-07-28T23:04:03.899+0000] {processor.py:175} INFO - Processing /home/airflow/.local/lib/python3.7/site-packages/airflow/example_dags/example_branch_datetime_operator.py took 0.180 seconds
[2025-07-28T23:04:34.623+0000] {processor.py:153} INFO - Started process (PID=2871) to work on /home/airflow/.local/lib/python3.7/site-packages/airflow/example_dags/example_branch_datetime_operator.py
[2025-07-28T23:04:34.624+0000] {processor.py:743} INFO - Processing file /home/airflow/.local/lib/python3.7/site-packages/airflow/example_dags/example_branch_datetime_operator.py for tasks to queue
[2025-07-28T23:04:34.626+0000] {logging_mixin.py:137} INFO - [2025-07-28T23:04:34.626+0000] {dagbag.py:538} INFO - Filling up the DagBag from /home/airflow/.local/lib/python3.7/site-packages/airflow/example_dags/example_branch_datetime_operator.py
[2025-07-28T23:04:34.660+0000] {processor.py:753} INFO - DAG(s) dict_keys(['example_branch_datetime_operator', 'example_branch_datetime_operator_2', 'example_branch_datetime_operator_3']) retrieved from /home/airflow/.local/lib/python3.7/site-packages/airflow/example_dags/example_branch_datetime_operator.py
[2025-07-28T23:04:34.730+0000] {logging_mixin.py:137} INFO - [2025-07-28T23:04:34.730+0000] {dag.py:2690} INFO - Sync 3 DAGs
[2025-07-28T23:04:34.788+0000] {logging_mixin.py:137} INFO - [2025-07-28T23:04:34.788+0000] {dag.py:3441} INFO - Setting next_dagrun for example_branch_datetime_operator to 2025-07-27T00:00:00+00:00, run_after=2025-07-28T00:00:00+00:00
[2025-07-28T23:04:34.796+0000] {logging_mixin.py:137} INFO - [2025-07-28T23:04:34.796+0000] {dag.py:3441} INFO - Setting next_dagrun for example_branch_datetime_operator_2 to 2025-07-27T00:00:00+00:00, run_after=2025-07-28T00:00:00+00:00
[2025-07-28T23:04:34.804+0000] {logging_mixin.py:137} INFO - [2025-07-28T23:04:34.804+0000] {dag.py:3441} INFO - Setting next_dagrun for example_branch_datetime_operator_3 to 2025-07-27T00:00:00+00:00, run_after=2025-07-28T00:00:00+00:00
[2025-07-28T23:04:34.835+0000] {processor.py:175} INFO - Processing /home/airflow/.local/lib/python3.7/site-packages/airflow/example_dags/example_branch_datetime_operator.py took 0.222 seconds
[2025-07-28T23:05:05.177+0000] {processor.py:153} INFO - Started process (PID=2942) to work on /home/airflow/.local/lib/python3.7/site-packages/airflow/example_dags/example_branch_datetime_operator.py
[2025-07-28T23:05:05.179+0000] {processor.py:743} INFO - Processing file /home/airflow/.local/lib/python3.7/site-packages/airflow/example_dags/example_branch_datetime_operator.py for tasks to queue
[2025-07-28T23:05:05.180+0000] {logging_mixin.py:137} INFO - [2025-07-28T23:05:05.180+0000] {dagbag.py:538} INFO - Filling up the DagBag from /home/airflow/.local/lib/python3.7/site-packages/airflow/example_dags/example_branch_datetime_operator.py
[2025-07-28T23:05:05.205+0000] {processor.py:753} INFO - DAG(s) dict_keys(['example_branch_datetime_operator_3', 'example_branch_datetime_operator_2', 'example_branch_datetime_operator']) retrieved from /home/airflow/.local/lib/python3.7/site-packages/airflow/example_dags/example_branch_datetime_operator.py
[2025-07-28T23:05:05.256+0000] {logging_mixin.py:137} INFO - [2025-07-28T23:05:05.256+0000] {dag.py:2690} INFO - Sync 3 DAGs
[2025-07-28T23:05:05.297+0000] {logging_mixin.py:137} INFO - [2025-07-28T23:05:05.296+0000] {dag.py:3441} INFO - Setting next_dagrun for example_branch_datetime_operator to 2025-07-27T00:00:00+00:00, run_after=2025-07-28T00:00:00+00:00
[2025-07-28T23:05:05.302+0000] {logging_mixin.py:137} INFO - [2025-07-28T23:05:05.301+0000] {dag.py:3441} INFO - Setting next_dagrun for example_branch_datetime_operator_2 to 2025-07-27T00:00:00+00:00, run_after=2025-07-28T00:00:00+00:00
[2025-07-28T23:05:05.304+0000] {logging_mixin.py:137} INFO - [2025-07-28T23:05:05.304+0000] {dag.py:3441} INFO - Setting next_dagrun for example_branch_datetime_operator_3 to 2025-07-27T00:00:00+00:00, run_after=2025-07-28T00:00:00+00:00
[2025-07-28T23:05:05.329+0000] {processor.py:175} INFO - Processing /home/airflow/.local/lib/python3.7/site-packages/airflow/example_dags/example_branch_datetime_operator.py took 0.158 seconds
[2025-07-28T23:05:36.220+0000] {processor.py:153} INFO - Started process (PID=3014) to work on /home/airflow/.local/lib/python3.7/site-packages/airflow/example_dags/example_branch_datetime_operator.py
[2025-07-28T23:05:36.221+0000] {processor.py:743} INFO - Processing file /home/airflow/.local/lib/python3.7/site-packages/airflow/example_dags/example_branch_datetime_operator.py for tasks to queue
[2025-07-28T23:05:36.222+0000] {logging_mixin.py:137} INFO - [2025-07-28T23:05:36.221+0000] {dagbag.py:538} INFO - Filling up the DagBag from /home/airflow/.local/lib/python3.7/site-packages/airflow/example_dags/example_branch_datetime_operator.py
[2025-07-28T23:05:36.237+0000] {processor.py:753} INFO - DAG(s) dict_keys(['example_branch_datetime_operator_3', 'example_branch_datetime_operator_2', 'example_branch_datetime_operator']) retrieved from /home/airflow/.local/lib/python3.7/site-packages/airflow/example_dags/example_branch_datetime_operator.py
[2025-07-28T23:05:36.273+0000] {logging_mixin.py:137} INFO - [2025-07-28T23:05:36.272+0000] {dag.py:2690} INFO - Sync 3 DAGs
[2025-07-28T23:05:36.298+0000] {logging_mixin.py:137} INFO - [2025-07-28T23:05:36.298+0000] {dag.py:3441} INFO - Setting next_dagrun for example_branch_datetime_operator to 2025-07-27T00:00:00+00:00, run_after=2025-07-28T00:00:00+00:00
[2025-07-28T23:05:36.303+0000] {logging_mixin.py:137} INFO - [2025-07-28T23:05:36.303+0000] {dag.py:3441} INFO - Setting next_dagrun for example_branch_datetime_operator_2 to 2025-07-27T00:00:00+00:00, run_after=2025-07-28T00:00:00+00:00
[2025-07-28T23:05:36.307+0000] {logging_mixin.py:137} INFO - [2025-07-28T23:05:36.307+0000] {dag.py:3441} INFO - Setting next_dagrun for example_branch_datetime_operator_3 to 2025-07-27T00:00:00+00:00, run_after=2025-07-28T00:00:00+00:00
[2025-07-28T23:05:36.329+0000] {processor.py:175} INFO - Processing /home/airflow/.local/lib/python3.7/site-packages/airflow/example_dags/example_branch_datetime_operator.py took 0.113 seconds
[2025-07-28T23:06:06.663+0000] {processor.py:153} INFO - Started process (PID=3102) to work on /home/airflow/.local/lib/python3.7/site-packages/airflow/example_dags/example_branch_datetime_operator.py
[2025-07-28T23:06:06.664+0000] {processor.py:743} INFO - Processing file /home/airflow/.local/lib/python3.7/site-packages/airflow/example_dags/example_branch_datetime_operator.py for tasks to queue
[2025-07-28T23:06:06.666+0000] {logging_mixin.py:137} INFO - [2025-07-28T23:06:06.666+0000] {dagbag.py:538} INFO - Filling up the DagBag from /home/airflow/.local/lib/python3.7/site-packages/airflow/example_dags/example_branch_datetime_operator.py
[2025-07-28T23:06:06.691+0000] {processor.py:753} INFO - DAG(s) dict_keys(['example_branch_datetime_operator_2', 'example_branch_datetime_operator_3', 'example_branch_datetime_operator']) retrieved from /home/airflow/.local/lib/python3.7/site-packages/airflow/example_dags/example_branch_datetime_operator.py
[2025-07-28T23:06:06.740+0000] {logging_mixin.py:137} INFO - [2025-07-28T23:06:06.739+0000] {dag.py:2690} INFO - Sync 3 DAGs
[2025-07-28T23:06:06.784+0000] {logging_mixin.py:137} INFO - [2025-07-28T23:06:06.784+0000] {dag.py:3441} INFO - Setting next_dagrun for example_branch_datetime_operator to 2025-07-27T00:00:00+00:00, run_after=2025-07-28T00:00:00+00:00
[2025-07-28T23:06:06.795+0000] {logging_mixin.py:137} INFO - [2025-07-28T23:06:06.795+0000] {dag.py:3441} INFO - Setting next_dagrun for example_branch_datetime_operator_2 to 2025-07-27T00:00:00+00:00, run_after=2025-07-28T00:00:00+00:00
[2025-07-28T23:06:06.800+0000] {logging_mixin.py:137} INFO - [2025-07-28T23:06:06.799+0000] {dag.py:3441} INFO - Setting next_dagrun for example_branch_datetime_operator_3 to 2025-07-27T00:00:00+00:00, run_after=2025-07-28T00:00:00+00:00
[2025-07-28T23:06:06.846+0000] {processor.py:175} INFO - Processing /home/airflow/.local/lib/python3.7/site-packages/airflow/example_dags/example_branch_datetime_operator.py took 0.187 seconds
[2025-07-28T23:06:37.053+0000] {processor.py:153} INFO - Started process (PID=3174) to work on /home/airflow/.local/lib/python3.7/site-packages/airflow/example_dags/example_branch_datetime_operator.py
[2025-07-28T23:06:37.054+0000] {processor.py:743} INFO - Processing file /home/airflow/.local/lib/python3.7/site-packages/airflow/example_dags/example_branch_datetime_operator.py for tasks to queue
[2025-07-28T23:06:37.055+0000] {logging_mixin.py:137} INFO - [2025-07-28T23:06:37.055+0000] {dagbag.py:538} INFO - Filling up the DagBag from /home/airflow/.local/lib/python3.7/site-packages/airflow/example_dags/example_branch_datetime_operator.py
[2025-07-28T23:06:37.072+0000] {processor.py:753} INFO - DAG(s) dict_keys(['example_branch_datetime_operator_2', 'example_branch_datetime_operator_3', 'example_branch_datetime_operator']) retrieved from /home/airflow/.local/lib/python3.7/site-packages/airflow/example_dags/example_branch_datetime_operator.py
[2025-07-28T23:06:37.111+0000] {logging_mixin.py:137} INFO - [2025-07-28T23:06:37.111+0000] {dag.py:2690} INFO - Sync 3 DAGs
[2025-07-28T23:06:37.139+0000] {logging_mixin.py:137} INFO - [2025-07-28T23:06:37.139+0000] {dag.py:3441} INFO - Setting next_dagrun for example_branch_datetime_operator to 2025-07-27T00:00:00+00:00, run_after=2025-07-28T00:00:00+00:00
[2025-07-28T23:06:37.144+0000] {logging_mixin.py:137} INFO - [2025-07-28T23:06:37.144+0000] {dag.py:3441} INFO - Setting next_dagrun for example_branch_datetime_operator_2 to 2025-07-27T00:00:00+00:00, run_after=2025-07-28T00:00:00+00:00
[2025-07-28T23:06:37.147+0000] {logging_mixin.py:137} INFO - [2025-07-28T23:06:37.147+0000] {dag.py:3441} INFO - Setting next_dagrun for example_branch_datetime_operator_3 to 2025-07-27T00:00:00+00:00, run_after=2025-07-28T00:00:00+00:00
[2025-07-28T23:06:37.174+0000] {processor.py:175} INFO - Processing /home/airflow/.local/lib/python3.7/site-packages/airflow/example_dags/example_branch_datetime_operator.py took 0.125 seconds
