[2025-07-28T22:45:40.149+0000] {processor.py:153} INFO - Started process (PID=78) to work on /home/airflow/.local/lib/python3.7/site-packages/airflow/example_dags/example_time_delta_sensor_async.py
[2025-07-28T22:45:40.150+0000] {processor.py:743} INFO - Processing file /home/airflow/.local/lib/python3.7/site-packages/airflow/example_dags/example_time_delta_sensor_async.py for tasks to queue
[2025-07-28T22:45:40.152+0000] {logging_mixin.py:137} INFO - [2025-07-28T22:45:40.152+0000] {dagbag.py:538} INFO - Filling up the DagBag from /home/airflow/.local/lib/python3.7/site-packages/airflow/example_dags/example_time_delta_sensor_async.py
[2025-07-28T22:45:40.173+0000] {processor.py:753} INFO - DAG(s) dict_keys(['example_time_delta_sensor_async']) retrieved from /home/airflow/.local/lib/python3.7/site-packages/airflow/example_dags/example_time_delta_sensor_async.py
[2025-07-28T22:45:40.362+0000] {logging_mixin.py:137} INFO - [2025-07-28T22:45:40.361+0000] {manager.py:504} INFO - Created Permission View: can delete on DAG:example_time_delta_sensor_async
[2025-07-28T22:45:40.374+0000] {logging_mixin.py:137} INFO - [2025-07-28T22:45:40.374+0000] {manager.py:504} INFO - Created Permission View: can read on DAG:example_time_delta_sensor_async
[2025-07-28T22:45:40.385+0000] {logging_mixin.py:137} INFO - [2025-07-28T22:45:40.385+0000] {manager.py:504} INFO - Created Permission View: can edit on DAG:example_time_delta_sensor_async
[2025-07-28T22:45:40.386+0000] {logging_mixin.py:137} INFO - [2025-07-28T22:45:40.386+0000] {dag.py:2690} INFO - Sync 1 DAGs
[2025-07-28T22:45:40.405+0000] {logging_mixin.py:137} INFO - [2025-07-28T22:45:40.404+0000] {dag.py:2711} INFO - Creating ORM DAG for example_time_delta_sensor_async
[2025-07-28T22:45:40.421+0000] {logging_mixin.py:137} INFO - [2025-07-28T22:45:40.421+0000] {dag.py:3441} INFO - Setting next_dagrun for example_time_delta_sensor_async to None, run_after=None
[2025-07-28T22:45:40.451+0000] {processor.py:175} INFO - Processing /home/airflow/.local/lib/python3.7/site-packages/airflow/example_dags/example_time_delta_sensor_async.py took 0.309 seconds
[2025-07-28T22:46:11.137+0000] {processor.py:153} INFO - Started process (PID=149) to work on /home/airflow/.local/lib/python3.7/site-packages/airflow/example_dags/example_time_delta_sensor_async.py
[2025-07-28T22:46:11.143+0000] {processor.py:743} INFO - Processing file /home/airflow/.local/lib/python3.7/site-packages/airflow/example_dags/example_time_delta_sensor_async.py for tasks to queue
[2025-07-28T22:46:11.145+0000] {logging_mixin.py:137} INFO - [2025-07-28T22:46:11.145+0000] {dagbag.py:538} INFO - Filling up the DagBag from /home/airflow/.local/lib/python3.7/site-packages/airflow/example_dags/example_time_delta_sensor_async.py
[2025-07-28T22:46:11.194+0000] {processor.py:753} INFO - DAG(s) dict_keys(['example_time_delta_sensor_async']) retrieved from /home/airflow/.local/lib/python3.7/site-packages/airflow/example_dags/example_time_delta_sensor_async.py
[2025-07-28T22:46:11.266+0000] {logging_mixin.py:137} INFO - [2025-07-28T22:46:11.265+0000] {dag.py:2690} INFO - Sync 1 DAGs
[2025-07-28T22:46:11.404+0000] {logging_mixin.py:137} INFO - [2025-07-28T22:46:11.404+0000] {dag.py:3441} INFO - Setting next_dagrun for example_time_delta_sensor_async to None, run_after=None
[2025-07-28T22:46:11.544+0000] {processor.py:175} INFO - Processing /home/airflow/.local/lib/python3.7/site-packages/airflow/example_dags/example_time_delta_sensor_async.py took 0.417 seconds
[2025-07-28T22:46:41.999+0000] {processor.py:153} INFO - Started process (PID=219) to work on /home/airflow/.local/lib/python3.7/site-packages/airflow/example_dags/example_time_delta_sensor_async.py
[2025-07-28T22:46:42.007+0000] {processor.py:743} INFO - Processing file /home/airflow/.local/lib/python3.7/site-packages/airflow/example_dags/example_time_delta_sensor_async.py for tasks to queue
[2025-07-28T22:46:42.009+0000] {logging_mixin.py:137} INFO - [2025-07-28T22:46:42.009+0000] {dagbag.py:538} INFO - Filling up the DagBag from /home/airflow/.local/lib/python3.7/site-packages/airflow/example_dags/example_time_delta_sensor_async.py
[2025-07-28T22:46:42.044+0000] {processor.py:753} INFO - DAG(s) dict_keys(['example_time_delta_sensor_async']) retrieved from /home/airflow/.local/lib/python3.7/site-packages/airflow/example_dags/example_time_delta_sensor_async.py
[2025-07-28T22:46:42.118+0000] {logging_mixin.py:137} INFO - [2025-07-28T22:46:42.118+0000] {dag.py:2690} INFO - Sync 1 DAGs
[2025-07-28T22:46:42.171+0000] {logging_mixin.py:137} INFO - [2025-07-28T22:46:42.171+0000] {dag.py:3441} INFO - Setting next_dagrun for example_time_delta_sensor_async to None, run_after=None
[2025-07-28T22:46:42.198+0000] {processor.py:175} INFO - Processing /home/airflow/.local/lib/python3.7/site-packages/airflow/example_dags/example_time_delta_sensor_async.py took 0.206 seconds
[2025-07-28T22:47:12.869+0000] {processor.py:153} INFO - Started process (PID=297) to work on /home/airflow/.local/lib/python3.7/site-packages/airflow/example_dags/example_time_delta_sensor_async.py
[2025-07-28T22:47:12.871+0000] {processor.py:743} INFO - Processing file /home/airflow/.local/lib/python3.7/site-packages/airflow/example_dags/example_time_delta_sensor_async.py for tasks to queue
[2025-07-28T22:47:12.878+0000] {logging_mixin.py:137} INFO - [2025-07-28T22:47:12.875+0000] {dagbag.py:538} INFO - Filling up the DagBag from /home/airflow/.local/lib/python3.7/site-packages/airflow/example_dags/example_time_delta_sensor_async.py
[2025-07-28T22:47:12.906+0000] {processor.py:753} INFO - DAG(s) dict_keys(['example_time_delta_sensor_async']) retrieved from /home/airflow/.local/lib/python3.7/site-packages/airflow/example_dags/example_time_delta_sensor_async.py
[2025-07-28T22:47:12.955+0000] {logging_mixin.py:137} INFO - [2025-07-28T22:47:12.955+0000] {dag.py:2690} INFO - Sync 1 DAGs
[2025-07-28T22:47:13.007+0000] {logging_mixin.py:137} INFO - [2025-07-28T22:47:13.007+0000] {dag.py:3441} INFO - Setting next_dagrun for example_time_delta_sensor_async to None, run_after=None
[2025-07-28T22:47:13.054+0000] {processor.py:175} INFO - Processing /home/airflow/.local/lib/python3.7/site-packages/airflow/example_dags/example_time_delta_sensor_async.py took 0.197 seconds
[2025-07-28T22:47:43.375+0000] {processor.py:153} INFO - Started process (PID=377) to work on /home/airflow/.local/lib/python3.7/site-packages/airflow/example_dags/example_time_delta_sensor_async.py
[2025-07-28T22:47:43.380+0000] {processor.py:743} INFO - Processing file /home/airflow/.local/lib/python3.7/site-packages/airflow/example_dags/example_time_delta_sensor_async.py for tasks to queue
[2025-07-28T22:47:43.387+0000] {logging_mixin.py:137} INFO - [2025-07-28T22:47:43.387+0000] {dagbag.py:538} INFO - Filling up the DagBag from /home/airflow/.local/lib/python3.7/site-packages/airflow/example_dags/example_time_delta_sensor_async.py
[2025-07-28T22:47:43.415+0000] {processor.py:753} INFO - DAG(s) dict_keys(['example_time_delta_sensor_async']) retrieved from /home/airflow/.local/lib/python3.7/site-packages/airflow/example_dags/example_time_delta_sensor_async.py
[2025-07-28T22:47:43.487+0000] {logging_mixin.py:137} INFO - [2025-07-28T22:47:43.486+0000] {dag.py:2690} INFO - Sync 1 DAGs
[2025-07-28T22:47:43.554+0000] {logging_mixin.py:137} INFO - [2025-07-28T22:47:43.554+0000] {dag.py:3441} INFO - Setting next_dagrun for example_time_delta_sensor_async to None, run_after=None
[2025-07-28T22:47:43.609+0000] {processor.py:175} INFO - Processing /home/airflow/.local/lib/python3.7/site-packages/airflow/example_dags/example_time_delta_sensor_async.py took 0.243 seconds
[2025-07-28T22:48:14.313+0000] {processor.py:153} INFO - Started process (PID=447) to work on /home/airflow/.local/lib/python3.7/site-packages/airflow/example_dags/example_time_delta_sensor_async.py
[2025-07-28T22:48:14.315+0000] {processor.py:743} INFO - Processing file /home/airflow/.local/lib/python3.7/site-packages/airflow/example_dags/example_time_delta_sensor_async.py for tasks to queue
[2025-07-28T22:48:14.317+0000] {logging_mixin.py:137} INFO - [2025-07-28T22:48:14.317+0000] {dagbag.py:538} INFO - Filling up the DagBag from /home/airflow/.local/lib/python3.7/site-packages/airflow/example_dags/example_time_delta_sensor_async.py
[2025-07-28T22:48:14.350+0000] {processor.py:753} INFO - DAG(s) dict_keys(['example_time_delta_sensor_async']) retrieved from /home/airflow/.local/lib/python3.7/site-packages/airflow/example_dags/example_time_delta_sensor_async.py
[2025-07-28T22:48:14.421+0000] {logging_mixin.py:137} INFO - [2025-07-28T22:48:14.421+0000] {dag.py:2690} INFO - Sync 1 DAGs
[2025-07-28T22:48:14.513+0000] {logging_mixin.py:137} INFO - [2025-07-28T22:48:14.511+0000] {dag.py:3441} INFO - Setting next_dagrun for example_time_delta_sensor_async to None, run_after=None
[2025-07-28T22:48:14.569+0000] {processor.py:175} INFO - Processing /home/airflow/.local/lib/python3.7/site-packages/airflow/example_dags/example_time_delta_sensor_async.py took 0.268 seconds
[2025-07-28T22:48:44.751+0000] {processor.py:153} INFO - Started process (PID=518) to work on /home/airflow/.local/lib/python3.7/site-packages/airflow/example_dags/example_time_delta_sensor_async.py
[2025-07-28T22:48:44.753+0000] {processor.py:743} INFO - Processing file /home/airflow/.local/lib/python3.7/site-packages/airflow/example_dags/example_time_delta_sensor_async.py for tasks to queue
[2025-07-28T22:48:44.757+0000] {logging_mixin.py:137} INFO - [2025-07-28T22:48:44.757+0000] {dagbag.py:538} INFO - Filling up the DagBag from /home/airflow/.local/lib/python3.7/site-packages/airflow/example_dags/example_time_delta_sensor_async.py
[2025-07-28T22:48:44.778+0000] {processor.py:753} INFO - DAG(s) dict_keys(['example_time_delta_sensor_async']) retrieved from /home/airflow/.local/lib/python3.7/site-packages/airflow/example_dags/example_time_delta_sensor_async.py
[2025-07-28T22:48:44.826+0000] {logging_mixin.py:137} INFO - [2025-07-28T22:48:44.826+0000] {dag.py:2690} INFO - Sync 1 DAGs
[2025-07-28T22:48:44.870+0000] {logging_mixin.py:137} INFO - [2025-07-28T22:48:44.870+0000] {dag.py:3441} INFO - Setting next_dagrun for example_time_delta_sensor_async to None, run_after=None
[2025-07-28T22:48:44.903+0000] {processor.py:175} INFO - Processing /home/airflow/.local/lib/python3.7/site-packages/airflow/example_dags/example_time_delta_sensor_async.py took 0.157 seconds
[2025-07-28T22:49:15.370+0000] {processor.py:153} INFO - Started process (PID=589) to work on /home/airflow/.local/lib/python3.7/site-packages/airflow/example_dags/example_time_delta_sensor_async.py
[2025-07-28T22:49:15.377+0000] {processor.py:743} INFO - Processing file /home/airflow/.local/lib/python3.7/site-packages/airflow/example_dags/example_time_delta_sensor_async.py for tasks to queue
[2025-07-28T22:49:15.379+0000] {logging_mixin.py:137} INFO - [2025-07-28T22:49:15.379+0000] {dagbag.py:538} INFO - Filling up the DagBag from /home/airflow/.local/lib/python3.7/site-packages/airflow/example_dags/example_time_delta_sensor_async.py
[2025-07-28T22:49:15.424+0000] {processor.py:753} INFO - DAG(s) dict_keys(['example_time_delta_sensor_async']) retrieved from /home/airflow/.local/lib/python3.7/site-packages/airflow/example_dags/example_time_delta_sensor_async.py
[2025-07-28T22:49:15.482+0000] {logging_mixin.py:137} INFO - [2025-07-28T22:49:15.482+0000] {dag.py:2690} INFO - Sync 1 DAGs
[2025-07-28T22:49:15.542+0000] {logging_mixin.py:137} INFO - [2025-07-28T22:49:15.542+0000] {dag.py:3441} INFO - Setting next_dagrun for example_time_delta_sensor_async to None, run_after=None
[2025-07-28T22:49:15.586+0000] {processor.py:175} INFO - Processing /home/airflow/.local/lib/python3.7/site-packages/airflow/example_dags/example_time_delta_sensor_async.py took 0.223 seconds
[2025-07-28T22:49:45.787+0000] {processor.py:153} INFO - Started process (PID=660) to work on /home/airflow/.local/lib/python3.7/site-packages/airflow/example_dags/example_time_delta_sensor_async.py
[2025-07-28T22:49:45.788+0000] {processor.py:743} INFO - Processing file /home/airflow/.local/lib/python3.7/site-packages/airflow/example_dags/example_time_delta_sensor_async.py for tasks to queue
[2025-07-28T22:49:45.790+0000] {logging_mixin.py:137} INFO - [2025-07-28T22:49:45.790+0000] {dagbag.py:538} INFO - Filling up the DagBag from /home/airflow/.local/lib/python3.7/site-packages/airflow/example_dags/example_time_delta_sensor_async.py
[2025-07-28T22:49:45.811+0000] {processor.py:753} INFO - DAG(s) dict_keys(['example_time_delta_sensor_async']) retrieved from /home/airflow/.local/lib/python3.7/site-packages/airflow/example_dags/example_time_delta_sensor_async.py
[2025-07-28T22:49:45.865+0000] {logging_mixin.py:137} INFO - [2025-07-28T22:49:45.865+0000] {dag.py:2690} INFO - Sync 1 DAGs
[2025-07-28T22:49:45.902+0000] {logging_mixin.py:137} INFO - [2025-07-28T22:49:45.902+0000] {dag.py:3441} INFO - Setting next_dagrun for example_time_delta_sensor_async to None, run_after=None
[2025-07-28T22:49:45.931+0000] {processor.py:175} INFO - Processing /home/airflow/.local/lib/python3.7/site-packages/airflow/example_dags/example_time_delta_sensor_async.py took 0.149 seconds
[2025-07-28T22:50:16.551+0000] {processor.py:153} INFO - Started process (PID=747) to work on /home/airflow/.local/lib/python3.7/site-packages/airflow/example_dags/example_time_delta_sensor_async.py
[2025-07-28T22:50:16.552+0000] {processor.py:743} INFO - Processing file /home/airflow/.local/lib/python3.7/site-packages/airflow/example_dags/example_time_delta_sensor_async.py for tasks to queue
[2025-07-28T22:50:16.553+0000] {logging_mixin.py:137} INFO - [2025-07-28T22:50:16.553+0000] {dagbag.py:538} INFO - Filling up the DagBag from /home/airflow/.local/lib/python3.7/site-packages/airflow/example_dags/example_time_delta_sensor_async.py
[2025-07-28T22:50:16.570+0000] {processor.py:753} INFO - DAG(s) dict_keys(['example_time_delta_sensor_async']) retrieved from /home/airflow/.local/lib/python3.7/site-packages/airflow/example_dags/example_time_delta_sensor_async.py
[2025-07-28T22:50:16.619+0000] {logging_mixin.py:137} INFO - [2025-07-28T22:50:16.619+0000] {dag.py:2690} INFO - Sync 1 DAGs
[2025-07-28T22:50:16.669+0000] {logging_mixin.py:137} INFO - [2025-07-28T22:50:16.669+0000] {dag.py:3441} INFO - Setting next_dagrun for example_time_delta_sensor_async to None, run_after=None
[2025-07-28T22:50:16.700+0000] {processor.py:175} INFO - Processing /home/airflow/.local/lib/python3.7/site-packages/airflow/example_dags/example_time_delta_sensor_async.py took 0.153 seconds
[2025-07-28T22:50:47.337+0000] {processor.py:153} INFO - Started process (PID=818) to work on /home/airflow/.local/lib/python3.7/site-packages/airflow/example_dags/example_time_delta_sensor_async.py
[2025-07-28T22:50:47.341+0000] {processor.py:743} INFO - Processing file /home/airflow/.local/lib/python3.7/site-packages/airflow/example_dags/example_time_delta_sensor_async.py for tasks to queue
[2025-07-28T22:50:47.342+0000] {logging_mixin.py:137} INFO - [2025-07-28T22:50:47.342+0000] {dagbag.py:538} INFO - Filling up the DagBag from /home/airflow/.local/lib/python3.7/site-packages/airflow/example_dags/example_time_delta_sensor_async.py
[2025-07-28T22:50:47.358+0000] {processor.py:753} INFO - DAG(s) dict_keys(['example_time_delta_sensor_async']) retrieved from /home/airflow/.local/lib/python3.7/site-packages/airflow/example_dags/example_time_delta_sensor_async.py
[2025-07-28T22:50:47.394+0000] {logging_mixin.py:137} INFO - [2025-07-28T22:50:47.394+0000] {dag.py:2690} INFO - Sync 1 DAGs
[2025-07-28T22:50:47.429+0000] {logging_mixin.py:137} INFO - [2025-07-28T22:50:47.429+0000] {dag.py:3441} INFO - Setting next_dagrun for example_time_delta_sensor_async to None, run_after=None
[2025-07-28T22:50:47.462+0000] {processor.py:175} INFO - Processing /home/airflow/.local/lib/python3.7/site-packages/airflow/example_dags/example_time_delta_sensor_async.py took 0.129 seconds
[2025-07-28T22:51:18.161+0000] {processor.py:153} INFO - Started process (PID=889) to work on /home/airflow/.local/lib/python3.7/site-packages/airflow/example_dags/example_time_delta_sensor_async.py
[2025-07-28T22:51:18.163+0000] {processor.py:743} INFO - Processing file /home/airflow/.local/lib/python3.7/site-packages/airflow/example_dags/example_time_delta_sensor_async.py for tasks to queue
[2025-07-28T22:51:18.165+0000] {logging_mixin.py:137} INFO - [2025-07-28T22:51:18.164+0000] {dagbag.py:538} INFO - Filling up the DagBag from /home/airflow/.local/lib/python3.7/site-packages/airflow/example_dags/example_time_delta_sensor_async.py
[2025-07-28T22:51:18.182+0000] {processor.py:753} INFO - DAG(s) dict_keys(['example_time_delta_sensor_async']) retrieved from /home/airflow/.local/lib/python3.7/site-packages/airflow/example_dags/example_time_delta_sensor_async.py
[2025-07-28T22:51:18.219+0000] {logging_mixin.py:137} INFO - [2025-07-28T22:51:18.219+0000] {dag.py:2690} INFO - Sync 1 DAGs
[2025-07-28T22:51:18.256+0000] {logging_mixin.py:137} INFO - [2025-07-28T22:51:18.256+0000] {dag.py:3441} INFO - Setting next_dagrun for example_time_delta_sensor_async to None, run_after=None
[2025-07-28T22:51:18.281+0000] {processor.py:175} INFO - Processing /home/airflow/.local/lib/python3.7/site-packages/airflow/example_dags/example_time_delta_sensor_async.py took 0.125 seconds
[2025-07-28T22:51:48.592+0000] {processor.py:153} INFO - Started process (PID=976) to work on /home/airflow/.local/lib/python3.7/site-packages/airflow/example_dags/example_time_delta_sensor_async.py
[2025-07-28T22:51:48.593+0000] {processor.py:743} INFO - Processing file /home/airflow/.local/lib/python3.7/site-packages/airflow/example_dags/example_time_delta_sensor_async.py for tasks to queue
[2025-07-28T22:51:48.595+0000] {logging_mixin.py:137} INFO - [2025-07-28T22:51:48.594+0000] {dagbag.py:538} INFO - Filling up the DagBag from /home/airflow/.local/lib/python3.7/site-packages/airflow/example_dags/example_time_delta_sensor_async.py
[2025-07-28T22:51:48.610+0000] {processor.py:753} INFO - DAG(s) dict_keys(['example_time_delta_sensor_async']) retrieved from /home/airflow/.local/lib/python3.7/site-packages/airflow/example_dags/example_time_delta_sensor_async.py
[2025-07-28T22:51:48.649+0000] {logging_mixin.py:137} INFO - [2025-07-28T22:51:48.648+0000] {dag.py:2690} INFO - Sync 1 DAGs
[2025-07-28T22:51:48.679+0000] {logging_mixin.py:137} INFO - [2025-07-28T22:51:48.679+0000] {dag.py:3441} INFO - Setting next_dagrun for example_time_delta_sensor_async to None, run_after=None
[2025-07-28T22:51:48.709+0000] {processor.py:175} INFO - Processing /home/airflow/.local/lib/python3.7/site-packages/airflow/example_dags/example_time_delta_sensor_async.py took 0.121 seconds
[2025-07-28T22:52:19.134+0000] {processor.py:153} INFO - Started process (PID=1047) to work on /home/airflow/.local/lib/python3.7/site-packages/airflow/example_dags/example_time_delta_sensor_async.py
[2025-07-28T22:52:19.136+0000] {processor.py:743} INFO - Processing file /home/airflow/.local/lib/python3.7/site-packages/airflow/example_dags/example_time_delta_sensor_async.py for tasks to queue
[2025-07-28T22:52:19.139+0000] {logging_mixin.py:137} INFO - [2025-07-28T22:52:19.139+0000] {dagbag.py:538} INFO - Filling up the DagBag from /home/airflow/.local/lib/python3.7/site-packages/airflow/example_dags/example_time_delta_sensor_async.py
[2025-07-28T22:52:19.161+0000] {processor.py:753} INFO - DAG(s) dict_keys(['example_time_delta_sensor_async']) retrieved from /home/airflow/.local/lib/python3.7/site-packages/airflow/example_dags/example_time_delta_sensor_async.py
[2025-07-28T22:52:19.203+0000] {logging_mixin.py:137} INFO - [2025-07-28T22:52:19.202+0000] {dag.py:2690} INFO - Sync 1 DAGs
[2025-07-28T22:52:19.240+0000] {logging_mixin.py:137} INFO - [2025-07-28T22:52:19.240+0000] {dag.py:3441} INFO - Setting next_dagrun for example_time_delta_sensor_async to None, run_after=None
[2025-07-28T22:52:19.280+0000] {processor.py:175} INFO - Processing /home/airflow/.local/lib/python3.7/site-packages/airflow/example_dags/example_time_delta_sensor_async.py took 0.151 seconds
[2025-07-28T22:52:50.123+0000] {processor.py:153} INFO - Started process (PID=1134) to work on /home/airflow/.local/lib/python3.7/site-packages/airflow/example_dags/example_time_delta_sensor_async.py
[2025-07-28T22:52:50.124+0000] {processor.py:743} INFO - Processing file /home/airflow/.local/lib/python3.7/site-packages/airflow/example_dags/example_time_delta_sensor_async.py for tasks to queue
[2025-07-28T22:52:50.125+0000] {logging_mixin.py:137} INFO - [2025-07-28T22:52:50.125+0000] {dagbag.py:538} INFO - Filling up the DagBag from /home/airflow/.local/lib/python3.7/site-packages/airflow/example_dags/example_time_delta_sensor_async.py
[2025-07-28T22:52:50.136+0000] {processor.py:753} INFO - DAG(s) dict_keys(['example_time_delta_sensor_async']) retrieved from /home/airflow/.local/lib/python3.7/site-packages/airflow/example_dags/example_time_delta_sensor_async.py
[2025-07-28T22:52:50.173+0000] {logging_mixin.py:137} INFO - [2025-07-28T22:52:50.173+0000] {dag.py:2690} INFO - Sync 1 DAGs
[2025-07-28T22:52:50.202+0000] {logging_mixin.py:137} INFO - [2025-07-28T22:52:50.202+0000] {dag.py:3441} INFO - Setting next_dagrun for example_time_delta_sensor_async to None, run_after=None
[2025-07-28T22:52:50.228+0000] {processor.py:175} INFO - Processing /home/airflow/.local/lib/python3.7/site-packages/airflow/example_dags/example_time_delta_sensor_async.py took 0.111 seconds
[2025-07-28T22:53:20.564+0000] {processor.py:153} INFO - Started process (PID=1205) to work on /home/airflow/.local/lib/python3.7/site-packages/airflow/example_dags/example_time_delta_sensor_async.py
[2025-07-28T22:53:20.566+0000] {processor.py:743} INFO - Processing file /home/airflow/.local/lib/python3.7/site-packages/airflow/example_dags/example_time_delta_sensor_async.py for tasks to queue
[2025-07-28T22:53:20.567+0000] {logging_mixin.py:137} INFO - [2025-07-28T22:53:20.567+0000] {dagbag.py:538} INFO - Filling up the DagBag from /home/airflow/.local/lib/python3.7/site-packages/airflow/example_dags/example_time_delta_sensor_async.py
[2025-07-28T22:53:20.583+0000] {processor.py:753} INFO - DAG(s) dict_keys(['example_time_delta_sensor_async']) retrieved from /home/airflow/.local/lib/python3.7/site-packages/airflow/example_dags/example_time_delta_sensor_async.py
[2025-07-28T22:53:20.617+0000] {logging_mixin.py:137} INFO - [2025-07-28T22:53:20.617+0000] {dag.py:2690} INFO - Sync 1 DAGs
[2025-07-28T22:53:20.657+0000] {logging_mixin.py:137} INFO - [2025-07-28T22:53:20.657+0000] {dag.py:3441} INFO - Setting next_dagrun for example_time_delta_sensor_async to None, run_after=None
[2025-07-28T22:53:20.686+0000] {processor.py:175} INFO - Processing /home/airflow/.local/lib/python3.7/site-packages/airflow/example_dags/example_time_delta_sensor_async.py took 0.125 seconds
[2025-07-28T22:53:52.558+0000] {processor.py:153} INFO - Started process (PID=1285) to work on /home/airflow/.local/lib/python3.7/site-packages/airflow/example_dags/example_time_delta_sensor_async.py
[2025-07-28T22:53:52.560+0000] {processor.py:743} INFO - Processing file /home/airflow/.local/lib/python3.7/site-packages/airflow/example_dags/example_time_delta_sensor_async.py for tasks to queue
[2025-07-28T22:53:52.563+0000] {logging_mixin.py:137} INFO - [2025-07-28T22:53:52.563+0000] {dagbag.py:538} INFO - Filling up the DagBag from /home/airflow/.local/lib/python3.7/site-packages/airflow/example_dags/example_time_delta_sensor_async.py
[2025-07-28T22:53:52.597+0000] {processor.py:753} INFO - DAG(s) dict_keys(['example_time_delta_sensor_async']) retrieved from /home/airflow/.local/lib/python3.7/site-packages/airflow/example_dags/example_time_delta_sensor_async.py
[2025-07-28T22:53:52.707+0000] {logging_mixin.py:137} INFO - [2025-07-28T22:53:52.703+0000] {dag.py:2690} INFO - Sync 1 DAGs
[2025-07-28T22:53:52.784+0000] {logging_mixin.py:137} INFO - [2025-07-28T22:53:52.783+0000] {dag.py:3441} INFO - Setting next_dagrun for example_time_delta_sensor_async to None, run_after=None
[2025-07-28T22:53:52.840+0000] {processor.py:175} INFO - Processing /home/airflow/.local/lib/python3.7/site-packages/airflow/example_dags/example_time_delta_sensor_async.py took 0.297 seconds
[2025-07-28T22:54:24.410+0000] {processor.py:153} INFO - Started process (PID=1362) to work on /home/airflow/.local/lib/python3.7/site-packages/airflow/example_dags/example_time_delta_sensor_async.py
[2025-07-28T22:54:24.412+0000] {processor.py:743} INFO - Processing file /home/airflow/.local/lib/python3.7/site-packages/airflow/example_dags/example_time_delta_sensor_async.py for tasks to queue
[2025-07-28T22:54:24.415+0000] {logging_mixin.py:137} INFO - [2025-07-28T22:54:24.414+0000] {dagbag.py:538} INFO - Filling up the DagBag from /home/airflow/.local/lib/python3.7/site-packages/airflow/example_dags/example_time_delta_sensor_async.py
[2025-07-28T22:54:24.446+0000] {processor.py:753} INFO - DAG(s) dict_keys(['example_time_delta_sensor_async']) retrieved from /home/airflow/.local/lib/python3.7/site-packages/airflow/example_dags/example_time_delta_sensor_async.py
[2025-07-28T22:54:24.521+0000] {logging_mixin.py:137} INFO - [2025-07-28T22:54:24.521+0000] {dag.py:2690} INFO - Sync 1 DAGs
[2025-07-28T22:54:24.582+0000] {logging_mixin.py:137} INFO - [2025-07-28T22:54:24.582+0000] {dag.py:3441} INFO - Setting next_dagrun for example_time_delta_sensor_async to None, run_after=None
[2025-07-28T22:54:24.631+0000] {processor.py:175} INFO - Processing /home/airflow/.local/lib/python3.7/site-packages/airflow/example_dags/example_time_delta_sensor_async.py took 0.230 seconds
[2025-07-28T22:54:55.294+0000] {processor.py:153} INFO - Started process (PID=1434) to work on /home/airflow/.local/lib/python3.7/site-packages/airflow/example_dags/example_time_delta_sensor_async.py
[2025-07-28T22:54:55.301+0000] {processor.py:743} INFO - Processing file /home/airflow/.local/lib/python3.7/site-packages/airflow/example_dags/example_time_delta_sensor_async.py for tasks to queue
[2025-07-28T22:54:55.303+0000] {logging_mixin.py:137} INFO - [2025-07-28T22:54:55.303+0000] {dagbag.py:538} INFO - Filling up the DagBag from /home/airflow/.local/lib/python3.7/site-packages/airflow/example_dags/example_time_delta_sensor_async.py
[2025-07-28T22:54:55.333+0000] {processor.py:753} INFO - DAG(s) dict_keys(['example_time_delta_sensor_async']) retrieved from /home/airflow/.local/lib/python3.7/site-packages/airflow/example_dags/example_time_delta_sensor_async.py
[2025-07-28T22:54:55.392+0000] {logging_mixin.py:137} INFO - [2025-07-28T22:54:55.392+0000] {dag.py:2690} INFO - Sync 1 DAGs
[2025-07-28T22:54:55.460+0000] {logging_mixin.py:137} INFO - [2025-07-28T22:54:55.460+0000] {dag.py:3441} INFO - Setting next_dagrun for example_time_delta_sensor_async to None, run_after=None
[2025-07-28T22:54:55.520+0000] {processor.py:175} INFO - Processing /home/airflow/.local/lib/python3.7/site-packages/airflow/example_dags/example_time_delta_sensor_async.py took 0.233 seconds
[2025-07-28T22:55:26.114+0000] {processor.py:153} INFO - Started process (PID=1506) to work on /home/airflow/.local/lib/python3.7/site-packages/airflow/example_dags/example_time_delta_sensor_async.py
[2025-07-28T22:55:26.115+0000] {processor.py:743} INFO - Processing file /home/airflow/.local/lib/python3.7/site-packages/airflow/example_dags/example_time_delta_sensor_async.py for tasks to queue
[2025-07-28T22:55:26.117+0000] {logging_mixin.py:137} INFO - [2025-07-28T22:55:26.116+0000] {dagbag.py:538} INFO - Filling up the DagBag from /home/airflow/.local/lib/python3.7/site-packages/airflow/example_dags/example_time_delta_sensor_async.py
[2025-07-28T22:55:26.141+0000] {processor.py:753} INFO - DAG(s) dict_keys(['example_time_delta_sensor_async']) retrieved from /home/airflow/.local/lib/python3.7/site-packages/airflow/example_dags/example_time_delta_sensor_async.py
[2025-07-28T22:55:26.178+0000] {logging_mixin.py:137} INFO - [2025-07-28T22:55:26.178+0000] {dag.py:2690} INFO - Sync 1 DAGs
[2025-07-28T22:55:26.213+0000] {logging_mixin.py:137} INFO - [2025-07-28T22:55:26.212+0000] {dag.py:3441} INFO - Setting next_dagrun for example_time_delta_sensor_async to None, run_after=None
[2025-07-28T22:55:26.240+0000] {processor.py:175} INFO - Processing /home/airflow/.local/lib/python3.7/site-packages/airflow/example_dags/example_time_delta_sensor_async.py took 0.131 seconds
[2025-07-28T22:55:56.409+0000] {processor.py:153} INFO - Started process (PID=1577) to work on /home/airflow/.local/lib/python3.7/site-packages/airflow/example_dags/example_time_delta_sensor_async.py
[2025-07-28T22:55:56.411+0000] {processor.py:743} INFO - Processing file /home/airflow/.local/lib/python3.7/site-packages/airflow/example_dags/example_time_delta_sensor_async.py for tasks to queue
[2025-07-28T22:55:56.412+0000] {logging_mixin.py:137} INFO - [2025-07-28T22:55:56.412+0000] {dagbag.py:538} INFO - Filling up the DagBag from /home/airflow/.local/lib/python3.7/site-packages/airflow/example_dags/example_time_delta_sensor_async.py
[2025-07-28T22:55:56.430+0000] {processor.py:753} INFO - DAG(s) dict_keys(['example_time_delta_sensor_async']) retrieved from /home/airflow/.local/lib/python3.7/site-packages/airflow/example_dags/example_time_delta_sensor_async.py
[2025-07-28T22:55:56.471+0000] {logging_mixin.py:137} INFO - [2025-07-28T22:55:56.470+0000] {dag.py:2690} INFO - Sync 1 DAGs
[2025-07-28T22:55:56.497+0000] {logging_mixin.py:137} INFO - [2025-07-28T22:55:56.497+0000] {dag.py:3441} INFO - Setting next_dagrun for example_time_delta_sensor_async to None, run_after=None
[2025-07-28T22:55:56.520+0000] {processor.py:175} INFO - Processing /home/airflow/.local/lib/python3.7/site-packages/airflow/example_dags/example_time_delta_sensor_async.py took 0.115 seconds
[2025-07-28T22:56:26.804+0000] {processor.py:153} INFO - Started process (PID=1648) to work on /home/airflow/.local/lib/python3.7/site-packages/airflow/example_dags/example_time_delta_sensor_async.py
[2025-07-28T22:56:26.805+0000] {processor.py:743} INFO - Processing file /home/airflow/.local/lib/python3.7/site-packages/airflow/example_dags/example_time_delta_sensor_async.py for tasks to queue
[2025-07-28T22:56:26.807+0000] {logging_mixin.py:137} INFO - [2025-07-28T22:56:26.806+0000] {dagbag.py:538} INFO - Filling up the DagBag from /home/airflow/.local/lib/python3.7/site-packages/airflow/example_dags/example_time_delta_sensor_async.py
[2025-07-28T22:56:26.832+0000] {processor.py:753} INFO - DAG(s) dict_keys(['example_time_delta_sensor_async']) retrieved from /home/airflow/.local/lib/python3.7/site-packages/airflow/example_dags/example_time_delta_sensor_async.py
[2025-07-28T22:56:26.878+0000] {logging_mixin.py:137} INFO - [2025-07-28T22:56:26.877+0000] {dag.py:2690} INFO - Sync 1 DAGs
[2025-07-28T22:56:26.930+0000] {logging_mixin.py:137} INFO - [2025-07-28T22:56:26.930+0000] {dag.py:3441} INFO - Setting next_dagrun for example_time_delta_sensor_async to None, run_after=None
[2025-07-28T22:56:26.996+0000] {processor.py:175} INFO - Processing /home/airflow/.local/lib/python3.7/site-packages/airflow/example_dags/example_time_delta_sensor_async.py took 0.197 seconds
[2025-07-28T22:56:57.230+0000] {processor.py:153} INFO - Started process (PID=1720) to work on /home/airflow/.local/lib/python3.7/site-packages/airflow/example_dags/example_time_delta_sensor_async.py
[2025-07-28T22:56:57.231+0000] {processor.py:743} INFO - Processing file /home/airflow/.local/lib/python3.7/site-packages/airflow/example_dags/example_time_delta_sensor_async.py for tasks to queue
[2025-07-28T22:56:57.232+0000] {logging_mixin.py:137} INFO - [2025-07-28T22:56:57.232+0000] {dagbag.py:538} INFO - Filling up the DagBag from /home/airflow/.local/lib/python3.7/site-packages/airflow/example_dags/example_time_delta_sensor_async.py
[2025-07-28T22:56:57.248+0000] {processor.py:753} INFO - DAG(s) dict_keys(['example_time_delta_sensor_async']) retrieved from /home/airflow/.local/lib/python3.7/site-packages/airflow/example_dags/example_time_delta_sensor_async.py
[2025-07-28T22:56:57.280+0000] {logging_mixin.py:137} INFO - [2025-07-28T22:56:57.280+0000] {dag.py:2690} INFO - Sync 1 DAGs
[2025-07-28T22:56:57.303+0000] {logging_mixin.py:137} INFO - [2025-07-28T22:56:57.303+0000] {dag.py:3441} INFO - Setting next_dagrun for example_time_delta_sensor_async to None, run_after=None
[2025-07-28T22:56:57.327+0000] {processor.py:175} INFO - Processing /home/airflow/.local/lib/python3.7/site-packages/airflow/example_dags/example_time_delta_sensor_async.py took 0.100 seconds
[2025-07-28T22:57:28.334+0000] {processor.py:153} INFO - Started process (PID=1800) to work on /home/airflow/.local/lib/python3.7/site-packages/airflow/example_dags/example_time_delta_sensor_async.py
[2025-07-28T22:57:28.339+0000] {processor.py:743} INFO - Processing file /home/airflow/.local/lib/python3.7/site-packages/airflow/example_dags/example_time_delta_sensor_async.py for tasks to queue
[2025-07-28T22:57:28.341+0000] {logging_mixin.py:137} INFO - [2025-07-28T22:57:28.341+0000] {dagbag.py:538} INFO - Filling up the DagBag from /home/airflow/.local/lib/python3.7/site-packages/airflow/example_dags/example_time_delta_sensor_async.py
[2025-07-28T22:57:28.363+0000] {processor.py:753} INFO - DAG(s) dict_keys(['example_time_delta_sensor_async']) retrieved from /home/airflow/.local/lib/python3.7/site-packages/airflow/example_dags/example_time_delta_sensor_async.py
[2025-07-28T22:57:28.406+0000] {logging_mixin.py:137} INFO - [2025-07-28T22:57:28.406+0000] {dag.py:2690} INFO - Sync 1 DAGs
[2025-07-28T22:57:28.461+0000] {logging_mixin.py:137} INFO - [2025-07-28T22:57:28.461+0000] {dag.py:3441} INFO - Setting next_dagrun for example_time_delta_sensor_async to None, run_after=None
[2025-07-28T22:57:28.506+0000] {processor.py:175} INFO - Processing /home/airflow/.local/lib/python3.7/site-packages/airflow/example_dags/example_time_delta_sensor_async.py took 0.178 seconds
[2025-07-28T22:57:58.718+0000] {processor.py:153} INFO - Started process (PID=1878) to work on /home/airflow/.local/lib/python3.7/site-packages/airflow/example_dags/example_time_delta_sensor_async.py
[2025-07-28T22:57:58.720+0000] {processor.py:743} INFO - Processing file /home/airflow/.local/lib/python3.7/site-packages/airflow/example_dags/example_time_delta_sensor_async.py for tasks to queue
[2025-07-28T22:57:58.721+0000] {logging_mixin.py:137} INFO - [2025-07-28T22:57:58.720+0000] {dagbag.py:538} INFO - Filling up the DagBag from /home/airflow/.local/lib/python3.7/site-packages/airflow/example_dags/example_time_delta_sensor_async.py
[2025-07-28T22:57:58.733+0000] {processor.py:753} INFO - DAG(s) dict_keys(['example_time_delta_sensor_async']) retrieved from /home/airflow/.local/lib/python3.7/site-packages/airflow/example_dags/example_time_delta_sensor_async.py
[2025-07-28T22:57:58.761+0000] {logging_mixin.py:137} INFO - [2025-07-28T22:57:58.761+0000] {dag.py:2690} INFO - Sync 1 DAGs
[2025-07-28T22:57:58.786+0000] {logging_mixin.py:137} INFO - [2025-07-28T22:57:58.786+0000] {dag.py:3441} INFO - Setting next_dagrun for example_time_delta_sensor_async to None, run_after=None
[2025-07-28T22:57:58.807+0000] {processor.py:175} INFO - Processing /home/airflow/.local/lib/python3.7/site-packages/airflow/example_dags/example_time_delta_sensor_async.py took 0.092 seconds
[2025-07-28T22:58:29.343+0000] {processor.py:153} INFO - Started process (PID=1949) to work on /home/airflow/.local/lib/python3.7/site-packages/airflow/example_dags/example_time_delta_sensor_async.py
[2025-07-28T22:58:29.345+0000] {processor.py:743} INFO - Processing file /home/airflow/.local/lib/python3.7/site-packages/airflow/example_dags/example_time_delta_sensor_async.py for tasks to queue
[2025-07-28T22:58:29.347+0000] {logging_mixin.py:137} INFO - [2025-07-28T22:58:29.347+0000] {dagbag.py:538} INFO - Filling up the DagBag from /home/airflow/.local/lib/python3.7/site-packages/airflow/example_dags/example_time_delta_sensor_async.py
[2025-07-28T22:58:29.368+0000] {processor.py:753} INFO - DAG(s) dict_keys(['example_time_delta_sensor_async']) retrieved from /home/airflow/.local/lib/python3.7/site-packages/airflow/example_dags/example_time_delta_sensor_async.py
[2025-07-28T22:58:29.406+0000] {logging_mixin.py:137} INFO - [2025-07-28T22:58:29.406+0000] {dag.py:2690} INFO - Sync 1 DAGs
[2025-07-28T22:58:29.439+0000] {logging_mixin.py:137} INFO - [2025-07-28T22:58:29.438+0000] {dag.py:3441} INFO - Setting next_dagrun for example_time_delta_sensor_async to None, run_after=None
[2025-07-28T22:58:29.466+0000] {processor.py:175} INFO - Processing /home/airflow/.local/lib/python3.7/site-packages/airflow/example_dags/example_time_delta_sensor_async.py took 0.127 seconds
[2025-07-28T22:58:59.851+0000] {processor.py:153} INFO - Started process (PID=2029) to work on /home/airflow/.local/lib/python3.7/site-packages/airflow/example_dags/example_time_delta_sensor_async.py
[2025-07-28T22:58:59.853+0000] {processor.py:743} INFO - Processing file /home/airflow/.local/lib/python3.7/site-packages/airflow/example_dags/example_time_delta_sensor_async.py for tasks to queue
[2025-07-28T22:58:59.854+0000] {logging_mixin.py:137} INFO - [2025-07-28T22:58:59.854+0000] {dagbag.py:538} INFO - Filling up the DagBag from /home/airflow/.local/lib/python3.7/site-packages/airflow/example_dags/example_time_delta_sensor_async.py
[2025-07-28T22:58:59.878+0000] {processor.py:753} INFO - DAG(s) dict_keys(['example_time_delta_sensor_async']) retrieved from /home/airflow/.local/lib/python3.7/site-packages/airflow/example_dags/example_time_delta_sensor_async.py
[2025-07-28T22:58:59.945+0000] {logging_mixin.py:137} INFO - [2025-07-28T22:58:59.944+0000] {dag.py:2690} INFO - Sync 1 DAGs
[2025-07-28T22:59:00.004+0000] {logging_mixin.py:137} INFO - [2025-07-28T22:59:00.003+0000] {dag.py:3441} INFO - Setting next_dagrun for example_time_delta_sensor_async to None, run_after=None
[2025-07-28T22:59:00.037+0000] {processor.py:175} INFO - Processing /home/airflow/.local/lib/python3.7/site-packages/airflow/example_dags/example_time_delta_sensor_async.py took 0.191 seconds
[2025-07-28T22:59:30.654+0000] {processor.py:153} INFO - Started process (PID=2107) to work on /home/airflow/.local/lib/python3.7/site-packages/airflow/example_dags/example_time_delta_sensor_async.py
[2025-07-28T22:59:30.656+0000] {processor.py:743} INFO - Processing file /home/airflow/.local/lib/python3.7/site-packages/airflow/example_dags/example_time_delta_sensor_async.py for tasks to queue
[2025-07-28T22:59:30.658+0000] {logging_mixin.py:137} INFO - [2025-07-28T22:59:30.658+0000] {dagbag.py:538} INFO - Filling up the DagBag from /home/airflow/.local/lib/python3.7/site-packages/airflow/example_dags/example_time_delta_sensor_async.py
[2025-07-28T22:59:30.678+0000] {processor.py:753} INFO - DAG(s) dict_keys(['example_time_delta_sensor_async']) retrieved from /home/airflow/.local/lib/python3.7/site-packages/airflow/example_dags/example_time_delta_sensor_async.py
[2025-07-28T22:59:30.726+0000] {logging_mixin.py:137} INFO - [2025-07-28T22:59:30.726+0000] {dag.py:2690} INFO - Sync 1 DAGs
[2025-07-28T22:59:30.785+0000] {logging_mixin.py:137} INFO - [2025-07-28T22:59:30.785+0000] {dag.py:3441} INFO - Setting next_dagrun for example_time_delta_sensor_async to None, run_after=None
[2025-07-28T22:59:30.824+0000] {processor.py:175} INFO - Processing /home/airflow/.local/lib/python3.7/site-packages/airflow/example_dags/example_time_delta_sensor_async.py took 0.176 seconds
[2025-07-28T23:00:01.943+0000] {processor.py:153} INFO - Started process (PID=2179) to work on /home/airflow/.local/lib/python3.7/site-packages/airflow/example_dags/example_time_delta_sensor_async.py
[2025-07-28T23:00:01.944+0000] {processor.py:743} INFO - Processing file /home/airflow/.local/lib/python3.7/site-packages/airflow/example_dags/example_time_delta_sensor_async.py for tasks to queue
[2025-07-28T23:00:01.945+0000] {logging_mixin.py:137} INFO - [2025-07-28T23:00:01.945+0000] {dagbag.py:538} INFO - Filling up the DagBag from /home/airflow/.local/lib/python3.7/site-packages/airflow/example_dags/example_time_delta_sensor_async.py
[2025-07-28T23:00:01.959+0000] {processor.py:753} INFO - DAG(s) dict_keys(['example_time_delta_sensor_async']) retrieved from /home/airflow/.local/lib/python3.7/site-packages/airflow/example_dags/example_time_delta_sensor_async.py
[2025-07-28T23:00:01.992+0000] {logging_mixin.py:137} INFO - [2025-07-28T23:00:01.992+0000] {dag.py:2690} INFO - Sync 1 DAGs
[2025-07-28T23:00:02.023+0000] {logging_mixin.py:137} INFO - [2025-07-28T23:00:02.023+0000] {dag.py:3441} INFO - Setting next_dagrun for example_time_delta_sensor_async to None, run_after=None
[2025-07-28T23:00:02.050+0000] {processor.py:175} INFO - Processing /home/airflow/.local/lib/python3.7/site-packages/airflow/example_dags/example_time_delta_sensor_async.py took 0.111 seconds
[2025-07-28T23:00:32.847+0000] {processor.py:153} INFO - Started process (PID=2266) to work on /home/airflow/.local/lib/python3.7/site-packages/airflow/example_dags/example_time_delta_sensor_async.py
[2025-07-28T23:00:32.849+0000] {processor.py:743} INFO - Processing file /home/airflow/.local/lib/python3.7/site-packages/airflow/example_dags/example_time_delta_sensor_async.py for tasks to queue
[2025-07-28T23:00:32.850+0000] {logging_mixin.py:137} INFO - [2025-07-28T23:00:32.850+0000] {dagbag.py:538} INFO - Filling up the DagBag from /home/airflow/.local/lib/python3.7/site-packages/airflow/example_dags/example_time_delta_sensor_async.py
[2025-07-28T23:00:32.865+0000] {processor.py:753} INFO - DAG(s) dict_keys(['example_time_delta_sensor_async']) retrieved from /home/airflow/.local/lib/python3.7/site-packages/airflow/example_dags/example_time_delta_sensor_async.py
[2025-07-28T23:00:32.893+0000] {logging_mixin.py:137} INFO - [2025-07-28T23:00:32.893+0000] {dag.py:2690} INFO - Sync 1 DAGs
[2025-07-28T23:00:32.921+0000] {logging_mixin.py:137} INFO - [2025-07-28T23:00:32.921+0000] {dag.py:3441} INFO - Setting next_dagrun for example_time_delta_sensor_async to None, run_after=None
[2025-07-28T23:00:32.941+0000] {processor.py:175} INFO - Processing /home/airflow/.local/lib/python3.7/site-packages/airflow/example_dags/example_time_delta_sensor_async.py took 0.099 seconds
[2025-07-28T23:01:04.513+0000] {processor.py:153} INFO - Started process (PID=2337) to work on /home/airflow/.local/lib/python3.7/site-packages/airflow/example_dags/example_time_delta_sensor_async.py
[2025-07-28T23:01:04.515+0000] {processor.py:743} INFO - Processing file /home/airflow/.local/lib/python3.7/site-packages/airflow/example_dags/example_time_delta_sensor_async.py for tasks to queue
[2025-07-28T23:01:04.517+0000] {logging_mixin.py:137} INFO - [2025-07-28T23:01:04.517+0000] {dagbag.py:538} INFO - Filling up the DagBag from /home/airflow/.local/lib/python3.7/site-packages/airflow/example_dags/example_time_delta_sensor_async.py
[2025-07-28T23:01:04.563+0000] {processor.py:753} INFO - DAG(s) dict_keys(['example_time_delta_sensor_async']) retrieved from /home/airflow/.local/lib/python3.7/site-packages/airflow/example_dags/example_time_delta_sensor_async.py
[2025-07-28T23:01:04.644+0000] {logging_mixin.py:137} INFO - [2025-07-28T23:01:04.643+0000] {dag.py:2690} INFO - Sync 1 DAGs
[2025-07-28T23:01:04.701+0000] {logging_mixin.py:137} INFO - [2025-07-28T23:01:04.701+0000] {dag.py:3441} INFO - Setting next_dagrun for example_time_delta_sensor_async to None, run_after=None
[2025-07-28T23:01:04.738+0000] {processor.py:175} INFO - Processing /home/airflow/.local/lib/python3.7/site-packages/airflow/example_dags/example_time_delta_sensor_async.py took 0.238 seconds
[2025-07-28T23:01:35.152+0000] {processor.py:153} INFO - Started process (PID=2425) to work on /home/airflow/.local/lib/python3.7/site-packages/airflow/example_dags/example_time_delta_sensor_async.py
[2025-07-28T23:01:35.153+0000] {processor.py:743} INFO - Processing file /home/airflow/.local/lib/python3.7/site-packages/airflow/example_dags/example_time_delta_sensor_async.py for tasks to queue
[2025-07-28T23:01:35.153+0000] {logging_mixin.py:137} INFO - [2025-07-28T23:01:35.153+0000] {dagbag.py:538} INFO - Filling up the DagBag from /home/airflow/.local/lib/python3.7/site-packages/airflow/example_dags/example_time_delta_sensor_async.py
[2025-07-28T23:01:35.166+0000] {processor.py:753} INFO - DAG(s) dict_keys(['example_time_delta_sensor_async']) retrieved from /home/airflow/.local/lib/python3.7/site-packages/airflow/example_dags/example_time_delta_sensor_async.py
[2025-07-28T23:01:35.216+0000] {logging_mixin.py:137} INFO - [2025-07-28T23:01:35.216+0000] {dag.py:2690} INFO - Sync 1 DAGs
[2025-07-28T23:01:35.248+0000] {logging_mixin.py:137} INFO - [2025-07-28T23:01:35.248+0000] {dag.py:3441} INFO - Setting next_dagrun for example_time_delta_sensor_async to None, run_after=None
[2025-07-28T23:01:35.269+0000] {processor.py:175} INFO - Processing /home/airflow/.local/lib/python3.7/site-packages/airflow/example_dags/example_time_delta_sensor_async.py took 0.121 seconds
[2025-07-28T23:02:05.618+0000] {processor.py:153} INFO - Started process (PID=2496) to work on /home/airflow/.local/lib/python3.7/site-packages/airflow/example_dags/example_time_delta_sensor_async.py
[2025-07-28T23:02:05.621+0000] {processor.py:743} INFO - Processing file /home/airflow/.local/lib/python3.7/site-packages/airflow/example_dags/example_time_delta_sensor_async.py for tasks to queue
[2025-07-28T23:02:05.623+0000] {logging_mixin.py:137} INFO - [2025-07-28T23:02:05.623+0000] {dagbag.py:538} INFO - Filling up the DagBag from /home/airflow/.local/lib/python3.7/site-packages/airflow/example_dags/example_time_delta_sensor_async.py
[2025-07-28T23:02:05.643+0000] {processor.py:753} INFO - DAG(s) dict_keys(['example_time_delta_sensor_async']) retrieved from /home/airflow/.local/lib/python3.7/site-packages/airflow/example_dags/example_time_delta_sensor_async.py
[2025-07-28T23:02:05.693+0000] {logging_mixin.py:137} INFO - [2025-07-28T23:02:05.693+0000] {dag.py:2690} INFO - Sync 1 DAGs
[2025-07-28T23:02:05.729+0000] {logging_mixin.py:137} INFO - [2025-07-28T23:02:05.728+0000] {dag.py:3441} INFO - Setting next_dagrun for example_time_delta_sensor_async to None, run_after=None
[2025-07-28T23:02:05.763+0000] {processor.py:175} INFO - Processing /home/airflow/.local/lib/python3.7/site-packages/airflow/example_dags/example_time_delta_sensor_async.py took 0.150 seconds
[2025-07-28T23:02:36.044+0000] {processor.py:153} INFO - Started process (PID=2575) to work on /home/airflow/.local/lib/python3.7/site-packages/airflow/example_dags/example_time_delta_sensor_async.py
[2025-07-28T23:02:36.045+0000] {processor.py:743} INFO - Processing file /home/airflow/.local/lib/python3.7/site-packages/airflow/example_dags/example_time_delta_sensor_async.py for tasks to queue
[2025-07-28T23:02:36.047+0000] {logging_mixin.py:137} INFO - [2025-07-28T23:02:36.047+0000] {dagbag.py:538} INFO - Filling up the DagBag from /home/airflow/.local/lib/python3.7/site-packages/airflow/example_dags/example_time_delta_sensor_async.py
[2025-07-28T23:02:36.064+0000] {processor.py:753} INFO - DAG(s) dict_keys(['example_time_delta_sensor_async']) retrieved from /home/airflow/.local/lib/python3.7/site-packages/airflow/example_dags/example_time_delta_sensor_async.py
[2025-07-28T23:02:36.099+0000] {logging_mixin.py:137} INFO - [2025-07-28T23:02:36.099+0000] {dag.py:2690} INFO - Sync 1 DAGs
[2025-07-28T23:02:36.157+0000] {logging_mixin.py:137} INFO - [2025-07-28T23:02:36.156+0000] {dag.py:3441} INFO - Setting next_dagrun for example_time_delta_sensor_async to None, run_after=None
[2025-07-28T23:02:36.181+0000] {processor.py:175} INFO - Processing /home/airflow/.local/lib/python3.7/site-packages/airflow/example_dags/example_time_delta_sensor_async.py took 0.144 seconds
[2025-07-28T23:03:06.797+0000] {processor.py:153} INFO - Started process (PID=2653) to work on /home/airflow/.local/lib/python3.7/site-packages/airflow/example_dags/example_time_delta_sensor_async.py
[2025-07-28T23:03:06.799+0000] {processor.py:743} INFO - Processing file /home/airflow/.local/lib/python3.7/site-packages/airflow/example_dags/example_time_delta_sensor_async.py for tasks to queue
[2025-07-28T23:03:06.800+0000] {logging_mixin.py:137} INFO - [2025-07-28T23:03:06.800+0000] {dagbag.py:538} INFO - Filling up the DagBag from /home/airflow/.local/lib/python3.7/site-packages/airflow/example_dags/example_time_delta_sensor_async.py
[2025-07-28T23:03:06.817+0000] {processor.py:753} INFO - DAG(s) dict_keys(['example_time_delta_sensor_async']) retrieved from /home/airflow/.local/lib/python3.7/site-packages/airflow/example_dags/example_time_delta_sensor_async.py
[2025-07-28T23:03:06.837+0000] {logging_mixin.py:137} INFO - [2025-07-28T23:03:06.837+0000] {dag.py:2690} INFO - Sync 1 DAGs
[2025-07-28T23:03:06.876+0000] {logging_mixin.py:137} INFO - [2025-07-28T23:03:06.876+0000] {dag.py:3441} INFO - Setting next_dagrun for example_time_delta_sensor_async to None, run_after=None
[2025-07-28T23:03:06.903+0000] {processor.py:175} INFO - Processing /home/airflow/.local/lib/python3.7/site-packages/airflow/example_dags/example_time_delta_sensor_async.py took 0.112 seconds
[2025-07-28T23:03:37.273+0000] {processor.py:153} INFO - Started process (PID=2724) to work on /home/airflow/.local/lib/python3.7/site-packages/airflow/example_dags/example_time_delta_sensor_async.py
[2025-07-28T23:03:37.275+0000] {processor.py:743} INFO - Processing file /home/airflow/.local/lib/python3.7/site-packages/airflow/example_dags/example_time_delta_sensor_async.py for tasks to queue
[2025-07-28T23:03:37.277+0000] {logging_mixin.py:137} INFO - [2025-07-28T23:03:37.277+0000] {dagbag.py:538} INFO - Filling up the DagBag from /home/airflow/.local/lib/python3.7/site-packages/airflow/example_dags/example_time_delta_sensor_async.py
[2025-07-28T23:03:37.298+0000] {processor.py:753} INFO - DAG(s) dict_keys(['example_time_delta_sensor_async']) retrieved from /home/airflow/.local/lib/python3.7/site-packages/airflow/example_dags/example_time_delta_sensor_async.py
[2025-07-28T23:03:37.316+0000] {logging_mixin.py:137} INFO - [2025-07-28T23:03:37.316+0000] {dag.py:2690} INFO - Sync 1 DAGs
[2025-07-28T23:03:37.353+0000] {logging_mixin.py:137} INFO - [2025-07-28T23:03:37.352+0000] {dag.py:3441} INFO - Setting next_dagrun for example_time_delta_sensor_async to None, run_after=None
[2025-07-28T23:03:37.388+0000] {processor.py:175} INFO - Processing /home/airflow/.local/lib/python3.7/site-packages/airflow/example_dags/example_time_delta_sensor_async.py took 0.120 seconds
[2025-07-28T23:04:08.325+0000] {processor.py:153} INFO - Started process (PID=2811) to work on /home/airflow/.local/lib/python3.7/site-packages/airflow/example_dags/example_time_delta_sensor_async.py
[2025-07-28T23:04:08.332+0000] {processor.py:743} INFO - Processing file /home/airflow/.local/lib/python3.7/site-packages/airflow/example_dags/example_time_delta_sensor_async.py for tasks to queue
[2025-07-28T23:04:08.339+0000] {logging_mixin.py:137} INFO - [2025-07-28T23:04:08.338+0000] {dagbag.py:538} INFO - Filling up the DagBag from /home/airflow/.local/lib/python3.7/site-packages/airflow/example_dags/example_time_delta_sensor_async.py
[2025-07-28T23:04:08.385+0000] {processor.py:753} INFO - DAG(s) dict_keys(['example_time_delta_sensor_async']) retrieved from /home/airflow/.local/lib/python3.7/site-packages/airflow/example_dags/example_time_delta_sensor_async.py
[2025-07-28T23:04:08.469+0000] {logging_mixin.py:137} INFO - [2025-07-28T23:04:08.469+0000] {dag.py:2690} INFO - Sync 1 DAGs
[2025-07-28T23:04:08.545+0000] {logging_mixin.py:137} INFO - [2025-07-28T23:04:08.545+0000] {dag.py:3441} INFO - Setting next_dagrun for example_time_delta_sensor_async to None, run_after=None
[2025-07-28T23:04:08.590+0000] {processor.py:175} INFO - Processing /home/airflow/.local/lib/python3.7/site-packages/airflow/example_dags/example_time_delta_sensor_async.py took 0.277 seconds
[2025-07-28T23:04:38.875+0000] {processor.py:153} INFO - Started process (PID=2881) to work on /home/airflow/.local/lib/python3.7/site-packages/airflow/example_dags/example_time_delta_sensor_async.py
[2025-07-28T23:04:38.877+0000] {processor.py:743} INFO - Processing file /home/airflow/.local/lib/python3.7/site-packages/airflow/example_dags/example_time_delta_sensor_async.py for tasks to queue
[2025-07-28T23:04:38.879+0000] {logging_mixin.py:137} INFO - [2025-07-28T23:04:38.879+0000] {dagbag.py:538} INFO - Filling up the DagBag from /home/airflow/.local/lib/python3.7/site-packages/airflow/example_dags/example_time_delta_sensor_async.py
[2025-07-28T23:04:38.895+0000] {processor.py:753} INFO - DAG(s) dict_keys(['example_time_delta_sensor_async']) retrieved from /home/airflow/.local/lib/python3.7/site-packages/airflow/example_dags/example_time_delta_sensor_async.py
[2025-07-28T23:04:38.926+0000] {logging_mixin.py:137} INFO - [2025-07-28T23:04:38.926+0000] {dag.py:2690} INFO - Sync 1 DAGs
[2025-07-28T23:04:38.952+0000] {logging_mixin.py:137} INFO - [2025-07-28T23:04:38.952+0000] {dag.py:3441} INFO - Setting next_dagrun for example_time_delta_sensor_async to None, run_after=None
[2025-07-28T23:04:38.975+0000] {processor.py:175} INFO - Processing /home/airflow/.local/lib/python3.7/site-packages/airflow/example_dags/example_time_delta_sensor_async.py took 0.103 seconds
[2025-07-28T23:05:09.279+0000] {processor.py:153} INFO - Started process (PID=2952) to work on /home/airflow/.local/lib/python3.7/site-packages/airflow/example_dags/example_time_delta_sensor_async.py
[2025-07-28T23:05:09.280+0000] {processor.py:743} INFO - Processing file /home/airflow/.local/lib/python3.7/site-packages/airflow/example_dags/example_time_delta_sensor_async.py for tasks to queue
[2025-07-28T23:05:09.281+0000] {logging_mixin.py:137} INFO - [2025-07-28T23:05:09.280+0000] {dagbag.py:538} INFO - Filling up the DagBag from /home/airflow/.local/lib/python3.7/site-packages/airflow/example_dags/example_time_delta_sensor_async.py
[2025-07-28T23:05:09.294+0000] {processor.py:753} INFO - DAG(s) dict_keys(['example_time_delta_sensor_async']) retrieved from /home/airflow/.local/lib/python3.7/site-packages/airflow/example_dags/example_time_delta_sensor_async.py
[2025-07-28T23:05:09.329+0000] {logging_mixin.py:137} INFO - [2025-07-28T23:05:09.329+0000] {dag.py:2690} INFO - Sync 1 DAGs
[2025-07-28T23:05:09.375+0000] {logging_mixin.py:137} INFO - [2025-07-28T23:05:09.375+0000] {dag.py:3441} INFO - Setting next_dagrun for example_time_delta_sensor_async to None, run_after=None
[2025-07-28T23:05:09.403+0000] {processor.py:175} INFO - Processing /home/airflow/.local/lib/python3.7/site-packages/airflow/example_dags/example_time_delta_sensor_async.py took 0.129 seconds
[2025-07-28T23:05:40.328+0000] {processor.py:153} INFO - Started process (PID=3040) to work on /home/airflow/.local/lib/python3.7/site-packages/airflow/example_dags/example_time_delta_sensor_async.py
[2025-07-28T23:05:40.329+0000] {processor.py:743} INFO - Processing file /home/airflow/.local/lib/python3.7/site-packages/airflow/example_dags/example_time_delta_sensor_async.py for tasks to queue
[2025-07-28T23:05:40.330+0000] {logging_mixin.py:137} INFO - [2025-07-28T23:05:40.330+0000] {dagbag.py:538} INFO - Filling up the DagBag from /home/airflow/.local/lib/python3.7/site-packages/airflow/example_dags/example_time_delta_sensor_async.py
[2025-07-28T23:05:40.350+0000] {processor.py:753} INFO - DAG(s) dict_keys(['example_time_delta_sensor_async']) retrieved from /home/airflow/.local/lib/python3.7/site-packages/airflow/example_dags/example_time_delta_sensor_async.py
[2025-07-28T23:05:40.387+0000] {logging_mixin.py:137} INFO - [2025-07-28T23:05:40.387+0000] {dag.py:2690} INFO - Sync 1 DAGs
[2025-07-28T23:05:40.423+0000] {logging_mixin.py:137} INFO - [2025-07-28T23:05:40.423+0000] {dag.py:3441} INFO - Setting next_dagrun for example_time_delta_sensor_async to None, run_after=None
[2025-07-28T23:05:40.454+0000] {processor.py:175} INFO - Processing /home/airflow/.local/lib/python3.7/site-packages/airflow/example_dags/example_time_delta_sensor_async.py took 0.132 seconds
[2025-07-28T23:06:10.666+0000] {processor.py:153} INFO - Started process (PID=3112) to work on /home/airflow/.local/lib/python3.7/site-packages/airflow/example_dags/example_time_delta_sensor_async.py
[2025-07-28T23:06:10.667+0000] {processor.py:743} INFO - Processing file /home/airflow/.local/lib/python3.7/site-packages/airflow/example_dags/example_time_delta_sensor_async.py for tasks to queue
[2025-07-28T23:06:10.668+0000] {logging_mixin.py:137} INFO - [2025-07-28T23:06:10.668+0000] {dagbag.py:538} INFO - Filling up the DagBag from /home/airflow/.local/lib/python3.7/site-packages/airflow/example_dags/example_time_delta_sensor_async.py
[2025-07-28T23:06:10.682+0000] {processor.py:753} INFO - DAG(s) dict_keys(['example_time_delta_sensor_async']) retrieved from /home/airflow/.local/lib/python3.7/site-packages/airflow/example_dags/example_time_delta_sensor_async.py
[2025-07-28T23:06:10.718+0000] {logging_mixin.py:137} INFO - [2025-07-28T23:06:10.718+0000] {dag.py:2690} INFO - Sync 1 DAGs
[2025-07-28T23:06:10.745+0000] {logging_mixin.py:137} INFO - [2025-07-28T23:06:10.745+0000] {dag.py:3441} INFO - Setting next_dagrun for example_time_delta_sensor_async to None, run_after=None
[2025-07-28T23:06:10.769+0000] {processor.py:175} INFO - Processing /home/airflow/.local/lib/python3.7/site-packages/airflow/example_dags/example_time_delta_sensor_async.py took 0.106 seconds
[2025-07-28T23:06:41.117+0000] {processor.py:153} INFO - Started process (PID=3184) to work on /home/airflow/.local/lib/python3.7/site-packages/airflow/example_dags/example_time_delta_sensor_async.py
[2025-07-28T23:06:41.118+0000] {processor.py:743} INFO - Processing file /home/airflow/.local/lib/python3.7/site-packages/airflow/example_dags/example_time_delta_sensor_async.py for tasks to queue
[2025-07-28T23:06:41.119+0000] {logging_mixin.py:137} INFO - [2025-07-28T23:06:41.119+0000] {dagbag.py:538} INFO - Filling up the DagBag from /home/airflow/.local/lib/python3.7/site-packages/airflow/example_dags/example_time_delta_sensor_async.py
[2025-07-28T23:06:41.136+0000] {processor.py:753} INFO - DAG(s) dict_keys(['example_time_delta_sensor_async']) retrieved from /home/airflow/.local/lib/python3.7/site-packages/airflow/example_dags/example_time_delta_sensor_async.py
[2025-07-28T23:06:41.168+0000] {logging_mixin.py:137} INFO - [2025-07-28T23:06:41.167+0000] {dag.py:2690} INFO - Sync 1 DAGs
[2025-07-28T23:06:41.202+0000] {logging_mixin.py:137} INFO - [2025-07-28T23:06:41.201+0000] {dag.py:3441} INFO - Setting next_dagrun for example_time_delta_sensor_async to None, run_after=None
[2025-07-28T23:06:41.228+0000] {processor.py:175} INFO - Processing /home/airflow/.local/lib/python3.7/site-packages/airflow/example_dags/example_time_delta_sensor_async.py took 0.115 seconds
