[2025-07-28T22:45:43.312+0000] {processor.py:153} INFO - Started process (PID=98) to work on /home/airflow/.local/lib/python3.7/site-packages/airflow/example_dags/example_local_kubernetes_executor.py
[2025-07-28T22:45:43.314+0000] {processor.py:743} INFO - Processing file /home/airflow/.local/lib/python3.7/site-packages/airflow/example_dags/example_local_kubernetes_executor.py for tasks to queue
[2025-07-28T22:45:43.316+0000] {logging_mixin.py:137} INFO - [2025-07-28T22:45:43.315+0000] {dagbag.py:538} INFO - Filling up the DagBag from /home/airflow/.local/lib/python3.7/site-packages/airflow/example_dags/example_local_kubernetes_executor.py
[2025-07-28T22:45:43.369+0000] {processor.py:753} INFO - DAG(s) dict_keys(['example_local_kubernetes_executor']) retrieved from /home/airflow/.local/lib/python3.7/site-packages/airflow/example_dags/example_local_kubernetes_executor.py
[2025-07-28T22:45:43.713+0000] {logging_mixin.py:137} INFO - [2025-07-28T22:45:43.713+0000] {manager.py:504} INFO - Created Permission View: can delete on DAG:example_local_kubernetes_executor
[2025-07-28T22:45:43.735+0000] {logging_mixin.py:137} INFO - [2025-07-28T22:45:43.735+0000] {manager.py:504} INFO - Created Permission View: can read on DAG:example_local_kubernetes_executor
[2025-07-28T22:45:43.753+0000] {logging_mixin.py:137} INFO - [2025-07-28T22:45:43.753+0000] {manager.py:504} INFO - Created Permission View: can edit on DAG:example_local_kubernetes_executor
[2025-07-28T22:45:43.754+0000] {logging_mixin.py:137} INFO - [2025-07-28T22:45:43.754+0000] {dag.py:2690} INFO - Sync 1 DAGs
[2025-07-28T22:45:43.796+0000] {logging_mixin.py:137} INFO - [2025-07-28T22:45:43.796+0000] {dag.py:2711} INFO - Creating ORM DAG for example_local_kubernetes_executor
[2025-07-28T22:45:43.826+0000] {logging_mixin.py:137} INFO - [2025-07-28T22:45:43.826+0000] {dag.py:3441} INFO - Setting next_dagrun for example_local_kubernetes_executor to None, run_after=None
[2025-07-28T22:45:43.895+0000] {processor.py:175} INFO - Processing /home/airflow/.local/lib/python3.7/site-packages/airflow/example_dags/example_local_kubernetes_executor.py took 0.596 seconds
[2025-07-28T22:46:14.602+0000] {processor.py:153} INFO - Started process (PID=168) to work on /home/airflow/.local/lib/python3.7/site-packages/airflow/example_dags/example_local_kubernetes_executor.py
[2025-07-28T22:46:14.604+0000] {processor.py:743} INFO - Processing file /home/airflow/.local/lib/python3.7/site-packages/airflow/example_dags/example_local_kubernetes_executor.py for tasks to queue
[2025-07-28T22:46:14.607+0000] {logging_mixin.py:137} INFO - [2025-07-28T22:46:14.606+0000] {dagbag.py:538} INFO - Filling up the DagBag from /home/airflow/.local/lib/python3.7/site-packages/airflow/example_dags/example_local_kubernetes_executor.py
[2025-07-28T22:46:14.814+0000] {processor.py:753} INFO - DAG(s) dict_keys(['example_local_kubernetes_executor']) retrieved from /home/airflow/.local/lib/python3.7/site-packages/airflow/example_dags/example_local_kubernetes_executor.py
[2025-07-28T22:46:14.912+0000] {logging_mixin.py:137} INFO - [2025-07-28T22:46:14.911+0000] {dag.py:2690} INFO - Sync 1 DAGs
[2025-07-28T22:46:15.030+0000] {logging_mixin.py:137} INFO - [2025-07-28T22:46:15.029+0000] {dag.py:3441} INFO - Setting next_dagrun for example_local_kubernetes_executor to None, run_after=None
[2025-07-28T22:46:15.115+0000] {processor.py:175} INFO - Processing /home/airflow/.local/lib/python3.7/site-packages/airflow/example_dags/example_local_kubernetes_executor.py took 0.531 seconds
[2025-07-28T22:46:45.384+0000] {processor.py:153} INFO - Started process (PID=236) to work on /home/airflow/.local/lib/python3.7/site-packages/airflow/example_dags/example_local_kubernetes_executor.py
[2025-07-28T22:46:45.387+0000] {processor.py:743} INFO - Processing file /home/airflow/.local/lib/python3.7/site-packages/airflow/example_dags/example_local_kubernetes_executor.py for tasks to queue
[2025-07-28T22:46:45.394+0000] {logging_mixin.py:137} INFO - [2025-07-28T22:46:45.394+0000] {dagbag.py:538} INFO - Filling up the DagBag from /home/airflow/.local/lib/python3.7/site-packages/airflow/example_dags/example_local_kubernetes_executor.py
[2025-07-28T22:46:45.461+0000] {processor.py:753} INFO - DAG(s) dict_keys(['example_local_kubernetes_executor']) retrieved from /home/airflow/.local/lib/python3.7/site-packages/airflow/example_dags/example_local_kubernetes_executor.py
[2025-07-28T22:46:45.565+0000] {logging_mixin.py:137} INFO - [2025-07-28T22:46:45.565+0000] {dag.py:2690} INFO - Sync 1 DAGs
[2025-07-28T22:46:45.636+0000] {logging_mixin.py:137} INFO - [2025-07-28T22:46:45.636+0000] {dag.py:3441} INFO - Setting next_dagrun for example_local_kubernetes_executor to None, run_after=None
[2025-07-28T22:46:45.670+0000] {processor.py:175} INFO - Processing /home/airflow/.local/lib/python3.7/site-packages/airflow/example_dags/example_local_kubernetes_executor.py took 0.292 seconds
[2025-07-28T22:47:15.880+0000] {processor.py:153} INFO - Started process (PID=317) to work on /home/airflow/.local/lib/python3.7/site-packages/airflow/example_dags/example_local_kubernetes_executor.py
[2025-07-28T22:47:15.881+0000] {processor.py:743} INFO - Processing file /home/airflow/.local/lib/python3.7/site-packages/airflow/example_dags/example_local_kubernetes_executor.py for tasks to queue
[2025-07-28T22:47:15.883+0000] {logging_mixin.py:137} INFO - [2025-07-28T22:47:15.883+0000] {dagbag.py:538} INFO - Filling up the DagBag from /home/airflow/.local/lib/python3.7/site-packages/airflow/example_dags/example_local_kubernetes_executor.py
[2025-07-28T22:47:15.928+0000] {processor.py:753} INFO - DAG(s) dict_keys(['example_local_kubernetes_executor']) retrieved from /home/airflow/.local/lib/python3.7/site-packages/airflow/example_dags/example_local_kubernetes_executor.py
[2025-07-28T22:47:15.981+0000] {logging_mixin.py:137} INFO - [2025-07-28T22:47:15.981+0000] {dag.py:2690} INFO - Sync 1 DAGs
[2025-07-28T22:47:16.032+0000] {logging_mixin.py:137} INFO - [2025-07-28T22:47:16.032+0000] {dag.py:3441} INFO - Setting next_dagrun for example_local_kubernetes_executor to None, run_after=None
[2025-07-28T22:47:16.071+0000] {processor.py:175} INFO - Processing /home/airflow/.local/lib/python3.7/site-packages/airflow/example_dags/example_local_kubernetes_executor.py took 0.197 seconds
[2025-07-28T22:47:46.499+0000] {processor.py:153} INFO - Started process (PID=388) to work on /home/airflow/.local/lib/python3.7/site-packages/airflow/example_dags/example_local_kubernetes_executor.py
[2025-07-28T22:47:46.500+0000] {processor.py:743} INFO - Processing file /home/airflow/.local/lib/python3.7/site-packages/airflow/example_dags/example_local_kubernetes_executor.py for tasks to queue
[2025-07-28T22:47:46.502+0000] {logging_mixin.py:137} INFO - [2025-07-28T22:47:46.502+0000] {dagbag.py:538} INFO - Filling up the DagBag from /home/airflow/.local/lib/python3.7/site-packages/airflow/example_dags/example_local_kubernetes_executor.py
[2025-07-28T22:47:46.564+0000] {processor.py:753} INFO - DAG(s) dict_keys(['example_local_kubernetes_executor']) retrieved from /home/airflow/.local/lib/python3.7/site-packages/airflow/example_dags/example_local_kubernetes_executor.py
[2025-07-28T22:47:46.638+0000] {logging_mixin.py:137} INFO - [2025-07-28T22:47:46.638+0000] {dag.py:2690} INFO - Sync 1 DAGs
[2025-07-28T22:47:46.717+0000] {logging_mixin.py:137} INFO - [2025-07-28T22:47:46.716+0000] {dag.py:3441} INFO - Setting next_dagrun for example_local_kubernetes_executor to None, run_after=None
[2025-07-28T22:47:46.773+0000] {processor.py:175} INFO - Processing /home/airflow/.local/lib/python3.7/site-packages/airflow/example_dags/example_local_kubernetes_executor.py took 0.283 seconds
[2025-07-28T22:48:17.150+0000] {processor.py:153} INFO - Started process (PID=459) to work on /home/airflow/.local/lib/python3.7/site-packages/airflow/example_dags/example_local_kubernetes_executor.py
[2025-07-28T22:48:17.152+0000] {processor.py:743} INFO - Processing file /home/airflow/.local/lib/python3.7/site-packages/airflow/example_dags/example_local_kubernetes_executor.py for tasks to queue
[2025-07-28T22:48:17.153+0000] {logging_mixin.py:137} INFO - [2025-07-28T22:48:17.153+0000] {dagbag.py:538} INFO - Filling up the DagBag from /home/airflow/.local/lib/python3.7/site-packages/airflow/example_dags/example_local_kubernetes_executor.py
[2025-07-28T22:48:17.203+0000] {processor.py:753} INFO - DAG(s) dict_keys(['example_local_kubernetes_executor']) retrieved from /home/airflow/.local/lib/python3.7/site-packages/airflow/example_dags/example_local_kubernetes_executor.py
[2025-07-28T22:48:17.252+0000] {logging_mixin.py:137} INFO - [2025-07-28T22:48:17.252+0000] {dag.py:2690} INFO - Sync 1 DAGs
[2025-07-28T22:48:17.295+0000] {logging_mixin.py:137} INFO - [2025-07-28T22:48:17.295+0000] {dag.py:3441} INFO - Setting next_dagrun for example_local_kubernetes_executor to None, run_after=None
[2025-07-28T22:48:17.325+0000] {processor.py:175} INFO - Processing /home/airflow/.local/lib/python3.7/site-packages/airflow/example_dags/example_local_kubernetes_executor.py took 0.179 seconds
[2025-07-28T22:48:47.548+0000] {processor.py:153} INFO - Started process (PID=530) to work on /home/airflow/.local/lib/python3.7/site-packages/airflow/example_dags/example_local_kubernetes_executor.py
[2025-07-28T22:48:47.549+0000] {processor.py:743} INFO - Processing file /home/airflow/.local/lib/python3.7/site-packages/airflow/example_dags/example_local_kubernetes_executor.py for tasks to queue
[2025-07-28T22:48:47.550+0000] {logging_mixin.py:137} INFO - [2025-07-28T22:48:47.550+0000] {dagbag.py:538} INFO - Filling up the DagBag from /home/airflow/.local/lib/python3.7/site-packages/airflow/example_dags/example_local_kubernetes_executor.py
[2025-07-28T22:48:47.583+0000] {processor.py:753} INFO - DAG(s) dict_keys(['example_local_kubernetes_executor']) retrieved from /home/airflow/.local/lib/python3.7/site-packages/airflow/example_dags/example_local_kubernetes_executor.py
[2025-07-28T22:48:47.626+0000] {logging_mixin.py:137} INFO - [2025-07-28T22:48:47.625+0000] {dag.py:2690} INFO - Sync 1 DAGs
[2025-07-28T22:48:47.669+0000] {logging_mixin.py:137} INFO - [2025-07-28T22:48:47.669+0000] {dag.py:3441} INFO - Setting next_dagrun for example_local_kubernetes_executor to None, run_after=None
[2025-07-28T22:48:47.699+0000] {processor.py:175} INFO - Processing /home/airflow/.local/lib/python3.7/site-packages/airflow/example_dags/example_local_kubernetes_executor.py took 0.155 seconds
[2025-07-28T22:49:17.816+0000] {processor.py:153} INFO - Started process (PID=601) to work on /home/airflow/.local/lib/python3.7/site-packages/airflow/example_dags/example_local_kubernetes_executor.py
[2025-07-28T22:49:17.818+0000] {processor.py:743} INFO - Processing file /home/airflow/.local/lib/python3.7/site-packages/airflow/example_dags/example_local_kubernetes_executor.py for tasks to queue
[2025-07-28T22:49:17.823+0000] {logging_mixin.py:137} INFO - [2025-07-28T22:49:17.823+0000] {dagbag.py:538} INFO - Filling up the DagBag from /home/airflow/.local/lib/python3.7/site-packages/airflow/example_dags/example_local_kubernetes_executor.py
[2025-07-28T22:49:17.861+0000] {processor.py:753} INFO - DAG(s) dict_keys(['example_local_kubernetes_executor']) retrieved from /home/airflow/.local/lib/python3.7/site-packages/airflow/example_dags/example_local_kubernetes_executor.py
[2025-07-28T22:49:17.913+0000] {logging_mixin.py:137} INFO - [2025-07-28T22:49:17.913+0000] {dag.py:2690} INFO - Sync 1 DAGs
[2025-07-28T22:49:17.962+0000] {logging_mixin.py:137} INFO - [2025-07-28T22:49:17.961+0000] {dag.py:3441} INFO - Setting next_dagrun for example_local_kubernetes_executor to None, run_after=None
[2025-07-28T22:49:17.998+0000] {processor.py:175} INFO - Processing /home/airflow/.local/lib/python3.7/site-packages/airflow/example_dags/example_local_kubernetes_executor.py took 0.187 seconds
[2025-07-28T22:49:48.906+0000] {processor.py:153} INFO - Started process (PID=680) to work on /home/airflow/.local/lib/python3.7/site-packages/airflow/example_dags/example_local_kubernetes_executor.py
[2025-07-28T22:49:48.907+0000] {processor.py:743} INFO - Processing file /home/airflow/.local/lib/python3.7/site-packages/airflow/example_dags/example_local_kubernetes_executor.py for tasks to queue
[2025-07-28T22:49:48.908+0000] {logging_mixin.py:137} INFO - [2025-07-28T22:49:48.908+0000] {dagbag.py:538} INFO - Filling up the DagBag from /home/airflow/.local/lib/python3.7/site-packages/airflow/example_dags/example_local_kubernetes_executor.py
[2025-07-28T22:49:48.952+0000] {processor.py:753} INFO - DAG(s) dict_keys(['example_local_kubernetes_executor']) retrieved from /home/airflow/.local/lib/python3.7/site-packages/airflow/example_dags/example_local_kubernetes_executor.py
[2025-07-28T22:49:49.001+0000] {logging_mixin.py:137} INFO - [2025-07-28T22:49:49.001+0000] {dag.py:2690} INFO - Sync 1 DAGs
[2025-07-28T22:49:49.084+0000] {logging_mixin.py:137} INFO - [2025-07-28T22:49:49.083+0000] {dag.py:3441} INFO - Setting next_dagrun for example_local_kubernetes_executor to None, run_after=None
[2025-07-28T22:49:49.136+0000] {processor.py:175} INFO - Processing /home/airflow/.local/lib/python3.7/site-packages/airflow/example_dags/example_local_kubernetes_executor.py took 0.237 seconds
[2025-07-28T22:50:19.819+0000] {processor.py:153} INFO - Started process (PID=758) to work on /home/airflow/.local/lib/python3.7/site-packages/airflow/example_dags/example_local_kubernetes_executor.py
[2025-07-28T22:50:19.820+0000] {processor.py:743} INFO - Processing file /home/airflow/.local/lib/python3.7/site-packages/airflow/example_dags/example_local_kubernetes_executor.py for tasks to queue
[2025-07-28T22:50:19.822+0000] {logging_mixin.py:137} INFO - [2025-07-28T22:50:19.822+0000] {dagbag.py:538} INFO - Filling up the DagBag from /home/airflow/.local/lib/python3.7/site-packages/airflow/example_dags/example_local_kubernetes_executor.py
[2025-07-28T22:50:19.862+0000] {processor.py:753} INFO - DAG(s) dict_keys(['example_local_kubernetes_executor']) retrieved from /home/airflow/.local/lib/python3.7/site-packages/airflow/example_dags/example_local_kubernetes_executor.py
[2025-07-28T22:50:19.909+0000] {logging_mixin.py:137} INFO - [2025-07-28T22:50:19.909+0000] {dag.py:2690} INFO - Sync 1 DAGs
[2025-07-28T22:50:19.945+0000] {logging_mixin.py:137} INFO - [2025-07-28T22:50:19.945+0000] {dag.py:3441} INFO - Setting next_dagrun for example_local_kubernetes_executor to None, run_after=None
[2025-07-28T22:50:19.978+0000] {processor.py:175} INFO - Processing /home/airflow/.local/lib/python3.7/site-packages/airflow/example_dags/example_local_kubernetes_executor.py took 0.162 seconds
[2025-07-28T22:50:50.634+0000] {processor.py:153} INFO - Started process (PID=829) to work on /home/airflow/.local/lib/python3.7/site-packages/airflow/example_dags/example_local_kubernetes_executor.py
[2025-07-28T22:50:50.635+0000] {processor.py:743} INFO - Processing file /home/airflow/.local/lib/python3.7/site-packages/airflow/example_dags/example_local_kubernetes_executor.py for tasks to queue
[2025-07-28T22:50:50.636+0000] {logging_mixin.py:137} INFO - [2025-07-28T22:50:50.636+0000] {dagbag.py:538} INFO - Filling up the DagBag from /home/airflow/.local/lib/python3.7/site-packages/airflow/example_dags/example_local_kubernetes_executor.py
[2025-07-28T22:50:50.674+0000] {processor.py:753} INFO - DAG(s) dict_keys(['example_local_kubernetes_executor']) retrieved from /home/airflow/.local/lib/python3.7/site-packages/airflow/example_dags/example_local_kubernetes_executor.py
[2025-07-28T22:50:50.717+0000] {logging_mixin.py:137} INFO - [2025-07-28T22:50:50.717+0000] {dag.py:2690} INFO - Sync 1 DAGs
[2025-07-28T22:50:50.759+0000] {logging_mixin.py:137} INFO - [2025-07-28T22:50:50.759+0000] {dag.py:3441} INFO - Setting next_dagrun for example_local_kubernetes_executor to None, run_after=None
[2025-07-28T22:50:50.793+0000] {processor.py:175} INFO - Processing /home/airflow/.local/lib/python3.7/site-packages/airflow/example_dags/example_local_kubernetes_executor.py took 0.163 seconds
[2025-07-28T22:51:21.297+0000] {processor.py:153} INFO - Started process (PID=916) to work on /home/airflow/.local/lib/python3.7/site-packages/airflow/example_dags/example_local_kubernetes_executor.py
[2025-07-28T22:51:21.298+0000] {processor.py:743} INFO - Processing file /home/airflow/.local/lib/python3.7/site-packages/airflow/example_dags/example_local_kubernetes_executor.py for tasks to queue
[2025-07-28T22:51:21.300+0000] {logging_mixin.py:137} INFO - [2025-07-28T22:51:21.299+0000] {dagbag.py:538} INFO - Filling up the DagBag from /home/airflow/.local/lib/python3.7/site-packages/airflow/example_dags/example_local_kubernetes_executor.py
[2025-07-28T22:51:21.329+0000] {processor.py:753} INFO - DAG(s) dict_keys(['example_local_kubernetes_executor']) retrieved from /home/airflow/.local/lib/python3.7/site-packages/airflow/example_dags/example_local_kubernetes_executor.py
[2025-07-28T22:51:21.367+0000] {logging_mixin.py:137} INFO - [2025-07-28T22:51:21.367+0000] {dag.py:2690} INFO - Sync 1 DAGs
[2025-07-28T22:51:21.396+0000] {logging_mixin.py:137} INFO - [2025-07-28T22:51:21.396+0000] {dag.py:3441} INFO - Setting next_dagrun for example_local_kubernetes_executor to None, run_after=None
[2025-07-28T22:51:21.425+0000] {processor.py:175} INFO - Processing /home/airflow/.local/lib/python3.7/site-packages/airflow/example_dags/example_local_kubernetes_executor.py took 0.131 seconds
[2025-07-28T22:51:51.715+0000] {processor.py:153} INFO - Started process (PID=987) to work on /home/airflow/.local/lib/python3.7/site-packages/airflow/example_dags/example_local_kubernetes_executor.py
[2025-07-28T22:51:51.716+0000] {processor.py:743} INFO - Processing file /home/airflow/.local/lib/python3.7/site-packages/airflow/example_dags/example_local_kubernetes_executor.py for tasks to queue
[2025-07-28T22:51:51.717+0000] {logging_mixin.py:137} INFO - [2025-07-28T22:51:51.717+0000] {dagbag.py:538} INFO - Filling up the DagBag from /home/airflow/.local/lib/python3.7/site-packages/airflow/example_dags/example_local_kubernetes_executor.py
[2025-07-28T22:51:51.750+0000] {processor.py:753} INFO - DAG(s) dict_keys(['example_local_kubernetes_executor']) retrieved from /home/airflow/.local/lib/python3.7/site-packages/airflow/example_dags/example_local_kubernetes_executor.py
[2025-07-28T22:51:51.792+0000] {logging_mixin.py:137} INFO - [2025-07-28T22:51:51.791+0000] {dag.py:2690} INFO - Sync 1 DAGs
[2025-07-28T22:51:51.824+0000] {logging_mixin.py:137} INFO - [2025-07-28T22:51:51.824+0000] {dag.py:3441} INFO - Setting next_dagrun for example_local_kubernetes_executor to None, run_after=None
[2025-07-28T22:51:51.852+0000] {processor.py:175} INFO - Processing /home/airflow/.local/lib/python3.7/site-packages/airflow/example_dags/example_local_kubernetes_executor.py took 0.142 seconds
[2025-07-28T22:52:22.546+0000] {processor.py:153} INFO - Started process (PID=1074) to work on /home/airflow/.local/lib/python3.7/site-packages/airflow/example_dags/example_local_kubernetes_executor.py
[2025-07-28T22:52:22.548+0000] {processor.py:743} INFO - Processing file /home/airflow/.local/lib/python3.7/site-packages/airflow/example_dags/example_local_kubernetes_executor.py for tasks to queue
[2025-07-28T22:52:22.549+0000] {logging_mixin.py:137} INFO - [2025-07-28T22:52:22.549+0000] {dagbag.py:538} INFO - Filling up the DagBag from /home/airflow/.local/lib/python3.7/site-packages/airflow/example_dags/example_local_kubernetes_executor.py
[2025-07-28T22:52:22.588+0000] {processor.py:753} INFO - DAG(s) dict_keys(['example_local_kubernetes_executor']) retrieved from /home/airflow/.local/lib/python3.7/site-packages/airflow/example_dags/example_local_kubernetes_executor.py
[2025-07-28T22:52:22.630+0000] {logging_mixin.py:137} INFO - [2025-07-28T22:52:22.630+0000] {dag.py:2690} INFO - Sync 1 DAGs
[2025-07-28T22:52:22.672+0000] {logging_mixin.py:137} INFO - [2025-07-28T22:52:22.671+0000] {dag.py:3441} INFO - Setting next_dagrun for example_local_kubernetes_executor to None, run_after=None
[2025-07-28T22:52:22.706+0000] {processor.py:175} INFO - Processing /home/airflow/.local/lib/python3.7/site-packages/airflow/example_dags/example_local_kubernetes_executor.py took 0.166 seconds
[2025-07-28T22:52:53.181+0000] {processor.py:153} INFO - Started process (PID=1145) to work on /home/airflow/.local/lib/python3.7/site-packages/airflow/example_dags/example_local_kubernetes_executor.py
[2025-07-28T22:52:53.182+0000] {processor.py:743} INFO - Processing file /home/airflow/.local/lib/python3.7/site-packages/airflow/example_dags/example_local_kubernetes_executor.py for tasks to queue
[2025-07-28T22:52:53.184+0000] {logging_mixin.py:137} INFO - [2025-07-28T22:52:53.183+0000] {dagbag.py:538} INFO - Filling up the DagBag from /home/airflow/.local/lib/python3.7/site-packages/airflow/example_dags/example_local_kubernetes_executor.py
[2025-07-28T22:52:53.226+0000] {processor.py:753} INFO - DAG(s) dict_keys(['example_local_kubernetes_executor']) retrieved from /home/airflow/.local/lib/python3.7/site-packages/airflow/example_dags/example_local_kubernetes_executor.py
[2025-07-28T22:52:53.263+0000] {logging_mixin.py:137} INFO - [2025-07-28T22:52:53.262+0000] {dag.py:2690} INFO - Sync 1 DAGs
[2025-07-28T22:52:53.307+0000] {logging_mixin.py:137} INFO - [2025-07-28T22:52:53.307+0000] {dag.py:3441} INFO - Setting next_dagrun for example_local_kubernetes_executor to None, run_after=None
[2025-07-28T22:52:53.334+0000] {processor.py:175} INFO - Processing /home/airflow/.local/lib/python3.7/site-packages/airflow/example_dags/example_local_kubernetes_executor.py took 0.158 seconds
[2025-07-28T22:53:24.139+0000] {processor.py:153} INFO - Started process (PID=1216) to work on /home/airflow/.local/lib/python3.7/site-packages/airflow/example_dags/example_local_kubernetes_executor.py
[2025-07-28T22:53:24.141+0000] {processor.py:743} INFO - Processing file /home/airflow/.local/lib/python3.7/site-packages/airflow/example_dags/example_local_kubernetes_executor.py for tasks to queue
[2025-07-28T22:53:24.142+0000] {logging_mixin.py:137} INFO - [2025-07-28T22:53:24.142+0000] {dagbag.py:538} INFO - Filling up the DagBag from /home/airflow/.local/lib/python3.7/site-packages/airflow/example_dags/example_local_kubernetes_executor.py
[2025-07-28T22:53:24.185+0000] {processor.py:753} INFO - DAG(s) dict_keys(['example_local_kubernetes_executor']) retrieved from /home/airflow/.local/lib/python3.7/site-packages/airflow/example_dags/example_local_kubernetes_executor.py
[2025-07-28T22:53:24.236+0000] {logging_mixin.py:137} INFO - [2025-07-28T22:53:24.236+0000] {dag.py:2690} INFO - Sync 1 DAGs
[2025-07-28T22:53:24.284+0000] {logging_mixin.py:137} INFO - [2025-07-28T22:53:24.284+0000] {dag.py:3441} INFO - Setting next_dagrun for example_local_kubernetes_executor to None, run_after=None
[2025-07-28T22:53:24.313+0000] {processor.py:175} INFO - Processing /home/airflow/.local/lib/python3.7/site-packages/airflow/example_dags/example_local_kubernetes_executor.py took 0.181 seconds
[2025-07-28T22:53:55.108+0000] {processor.py:153} INFO - Started process (PID=1303) to work on /home/airflow/.local/lib/python3.7/site-packages/airflow/example_dags/example_local_kubernetes_executor.py
[2025-07-28T22:53:55.110+0000] {processor.py:743} INFO - Processing file /home/airflow/.local/lib/python3.7/site-packages/airflow/example_dags/example_local_kubernetes_executor.py for tasks to queue
[2025-07-28T22:53:55.111+0000] {logging_mixin.py:137} INFO - [2025-07-28T22:53:55.111+0000] {dagbag.py:538} INFO - Filling up the DagBag from /home/airflow/.local/lib/python3.7/site-packages/airflow/example_dags/example_local_kubernetes_executor.py
[2025-07-28T22:53:55.155+0000] {processor.py:753} INFO - DAG(s) dict_keys(['example_local_kubernetes_executor']) retrieved from /home/airflow/.local/lib/python3.7/site-packages/airflow/example_dags/example_local_kubernetes_executor.py
[2025-07-28T22:53:55.235+0000] {logging_mixin.py:137} INFO - [2025-07-28T22:53:55.234+0000] {dag.py:2690} INFO - Sync 1 DAGs
[2025-07-28T22:53:55.285+0000] {logging_mixin.py:137} INFO - [2025-07-28T22:53:55.284+0000] {dag.py:3441} INFO - Setting next_dagrun for example_local_kubernetes_executor to None, run_after=None
[2025-07-28T22:53:55.330+0000] {processor.py:175} INFO - Processing /home/airflow/.local/lib/python3.7/site-packages/airflow/example_dags/example_local_kubernetes_executor.py took 0.228 seconds
[2025-07-28T22:54:26.510+0000] {processor.py:153} INFO - Started process (PID=1373) to work on /home/airflow/.local/lib/python3.7/site-packages/airflow/example_dags/example_local_kubernetes_executor.py
[2025-07-28T22:54:26.512+0000] {processor.py:743} INFO - Processing file /home/airflow/.local/lib/python3.7/site-packages/airflow/example_dags/example_local_kubernetes_executor.py for tasks to queue
[2025-07-28T22:54:26.515+0000] {logging_mixin.py:137} INFO - [2025-07-28T22:54:26.515+0000] {dagbag.py:538} INFO - Filling up the DagBag from /home/airflow/.local/lib/python3.7/site-packages/airflow/example_dags/example_local_kubernetes_executor.py
[2025-07-28T22:54:26.587+0000] {processor.py:753} INFO - DAG(s) dict_keys(['example_local_kubernetes_executor']) retrieved from /home/airflow/.local/lib/python3.7/site-packages/airflow/example_dags/example_local_kubernetes_executor.py
[2025-07-28T22:54:26.655+0000] {logging_mixin.py:137} INFO - [2025-07-28T22:54:26.654+0000] {dag.py:2690} INFO - Sync 1 DAGs
[2025-07-28T22:54:26.716+0000] {logging_mixin.py:137} INFO - [2025-07-28T22:54:26.715+0000] {dag.py:3441} INFO - Setting next_dagrun for example_local_kubernetes_executor to None, run_after=None
[2025-07-28T22:54:26.773+0000] {processor.py:175} INFO - Processing /home/airflow/.local/lib/python3.7/site-packages/airflow/example_dags/example_local_kubernetes_executor.py took 0.270 seconds
[2025-07-28T22:54:57.199+0000] {processor.py:153} INFO - Started process (PID=1445) to work on /home/airflow/.local/lib/python3.7/site-packages/airflow/example_dags/example_local_kubernetes_executor.py
[2025-07-28T22:54:57.201+0000] {processor.py:743} INFO - Processing file /home/airflow/.local/lib/python3.7/site-packages/airflow/example_dags/example_local_kubernetes_executor.py for tasks to queue
[2025-07-28T22:54:57.202+0000] {logging_mixin.py:137} INFO - [2025-07-28T22:54:57.202+0000] {dagbag.py:538} INFO - Filling up the DagBag from /home/airflow/.local/lib/python3.7/site-packages/airflow/example_dags/example_local_kubernetes_executor.py
[2025-07-28T22:54:57.245+0000] {processor.py:753} INFO - DAG(s) dict_keys(['example_local_kubernetes_executor']) retrieved from /home/airflow/.local/lib/python3.7/site-packages/airflow/example_dags/example_local_kubernetes_executor.py
[2025-07-28T22:54:57.298+0000] {logging_mixin.py:137} INFO - [2025-07-28T22:54:57.298+0000] {dag.py:2690} INFO - Sync 1 DAGs
[2025-07-28T22:54:57.350+0000] {logging_mixin.py:137} INFO - [2025-07-28T22:54:57.349+0000] {dag.py:3441} INFO - Setting next_dagrun for example_local_kubernetes_executor to None, run_after=None
[2025-07-28T22:54:57.394+0000] {processor.py:175} INFO - Processing /home/airflow/.local/lib/python3.7/site-packages/airflow/example_dags/example_local_kubernetes_executor.py took 0.202 seconds
[2025-07-28T22:55:28.184+0000] {processor.py:153} INFO - Started process (PID=1517) to work on /home/airflow/.local/lib/python3.7/site-packages/airflow/example_dags/example_local_kubernetes_executor.py
[2025-07-28T22:55:28.186+0000] {processor.py:743} INFO - Processing file /home/airflow/.local/lib/python3.7/site-packages/airflow/example_dags/example_local_kubernetes_executor.py for tasks to queue
[2025-07-28T22:55:28.187+0000] {logging_mixin.py:137} INFO - [2025-07-28T22:55:28.187+0000] {dagbag.py:538} INFO - Filling up the DagBag from /home/airflow/.local/lib/python3.7/site-packages/airflow/example_dags/example_local_kubernetes_executor.py
[2025-07-28T22:55:28.222+0000] {processor.py:753} INFO - DAG(s) dict_keys(['example_local_kubernetes_executor']) retrieved from /home/airflow/.local/lib/python3.7/site-packages/airflow/example_dags/example_local_kubernetes_executor.py
[2025-07-28T22:55:28.261+0000] {logging_mixin.py:137} INFO - [2025-07-28T22:55:28.261+0000] {dag.py:2690} INFO - Sync 1 DAGs
[2025-07-28T22:55:28.306+0000] {logging_mixin.py:137} INFO - [2025-07-28T22:55:28.306+0000] {dag.py:3441} INFO - Setting next_dagrun for example_local_kubernetes_executor to None, run_after=None
[2025-07-28T22:55:28.334+0000] {processor.py:175} INFO - Processing /home/airflow/.local/lib/python3.7/site-packages/airflow/example_dags/example_local_kubernetes_executor.py took 0.155 seconds
[2025-07-28T22:55:58.480+0000] {processor.py:153} INFO - Started process (PID=1588) to work on /home/airflow/.local/lib/python3.7/site-packages/airflow/example_dags/example_local_kubernetes_executor.py
[2025-07-28T22:55:58.482+0000] {processor.py:743} INFO - Processing file /home/airflow/.local/lib/python3.7/site-packages/airflow/example_dags/example_local_kubernetes_executor.py for tasks to queue
[2025-07-28T22:55:58.483+0000] {logging_mixin.py:137} INFO - [2025-07-28T22:55:58.483+0000] {dagbag.py:538} INFO - Filling up the DagBag from /home/airflow/.local/lib/python3.7/site-packages/airflow/example_dags/example_local_kubernetes_executor.py
[2025-07-28T22:55:58.514+0000] {processor.py:753} INFO - DAG(s) dict_keys(['example_local_kubernetes_executor']) retrieved from /home/airflow/.local/lib/python3.7/site-packages/airflow/example_dags/example_local_kubernetes_executor.py
[2025-07-28T22:55:58.556+0000] {logging_mixin.py:137} INFO - [2025-07-28T22:55:58.556+0000] {dag.py:2690} INFO - Sync 1 DAGs
[2025-07-28T22:55:58.595+0000] {logging_mixin.py:137} INFO - [2025-07-28T22:55:58.595+0000] {dag.py:3441} INFO - Setting next_dagrun for example_local_kubernetes_executor to None, run_after=None
[2025-07-28T22:55:58.623+0000] {processor.py:175} INFO - Processing /home/airflow/.local/lib/python3.7/site-packages/airflow/example_dags/example_local_kubernetes_executor.py took 0.147 seconds
[2025-07-28T22:56:28.936+0000] {processor.py:153} INFO - Started process (PID=1659) to work on /home/airflow/.local/lib/python3.7/site-packages/airflow/example_dags/example_local_kubernetes_executor.py
[2025-07-28T22:56:28.938+0000] {processor.py:743} INFO - Processing file /home/airflow/.local/lib/python3.7/site-packages/airflow/example_dags/example_local_kubernetes_executor.py for tasks to queue
[2025-07-28T22:56:28.940+0000] {logging_mixin.py:137} INFO - [2025-07-28T22:56:28.940+0000] {dagbag.py:538} INFO - Filling up the DagBag from /home/airflow/.local/lib/python3.7/site-packages/airflow/example_dags/example_local_kubernetes_executor.py
[2025-07-28T22:56:28.983+0000] {processor.py:753} INFO - DAG(s) dict_keys(['example_local_kubernetes_executor']) retrieved from /home/airflow/.local/lib/python3.7/site-packages/airflow/example_dags/example_local_kubernetes_executor.py
[2025-07-28T22:56:29.042+0000] {logging_mixin.py:137} INFO - [2025-07-28T22:56:29.042+0000] {dag.py:2690} INFO - Sync 1 DAGs
[2025-07-28T22:56:29.104+0000] {logging_mixin.py:137} INFO - [2025-07-28T22:56:29.104+0000] {dag.py:3441} INFO - Setting next_dagrun for example_local_kubernetes_executor to None, run_after=None
[2025-07-28T22:56:29.152+0000] {processor.py:175} INFO - Processing /home/airflow/.local/lib/python3.7/site-packages/airflow/example_dags/example_local_kubernetes_executor.py took 0.221 seconds
[2025-07-28T22:56:59.362+0000] {processor.py:153} INFO - Started process (PID=1731) to work on /home/airflow/.local/lib/python3.7/site-packages/airflow/example_dags/example_local_kubernetes_executor.py
[2025-07-28T22:56:59.363+0000] {processor.py:743} INFO - Processing file /home/airflow/.local/lib/python3.7/site-packages/airflow/example_dags/example_local_kubernetes_executor.py for tasks to queue
[2025-07-28T22:56:59.365+0000] {logging_mixin.py:137} INFO - [2025-07-28T22:56:59.364+0000] {dagbag.py:538} INFO - Filling up the DagBag from /home/airflow/.local/lib/python3.7/site-packages/airflow/example_dags/example_local_kubernetes_executor.py
[2025-07-28T22:56:59.403+0000] {processor.py:753} INFO - DAG(s) dict_keys(['example_local_kubernetes_executor']) retrieved from /home/airflow/.local/lib/python3.7/site-packages/airflow/example_dags/example_local_kubernetes_executor.py
[2025-07-28T22:56:59.447+0000] {logging_mixin.py:137} INFO - [2025-07-28T22:56:59.447+0000] {dag.py:2690} INFO - Sync 1 DAGs
[2025-07-28T22:56:59.496+0000] {logging_mixin.py:137} INFO - [2025-07-28T22:56:59.495+0000] {dag.py:3441} INFO - Setting next_dagrun for example_local_kubernetes_executor to None, run_after=None
[2025-07-28T22:56:59.523+0000] {processor.py:175} INFO - Processing /home/airflow/.local/lib/python3.7/site-packages/airflow/example_dags/example_local_kubernetes_executor.py took 0.167 seconds
[2025-07-28T22:57:29.802+0000] {processor.py:153} INFO - Started process (PID=1818) to work on /home/airflow/.local/lib/python3.7/site-packages/airflow/example_dags/example_local_kubernetes_executor.py
[2025-07-28T22:57:29.804+0000] {processor.py:743} INFO - Processing file /home/airflow/.local/lib/python3.7/site-packages/airflow/example_dags/example_local_kubernetes_executor.py for tasks to queue
[2025-07-28T22:57:29.805+0000] {logging_mixin.py:137} INFO - [2025-07-28T22:57:29.805+0000] {dagbag.py:538} INFO - Filling up the DagBag from /home/airflow/.local/lib/python3.7/site-packages/airflow/example_dags/example_local_kubernetes_executor.py
[2025-07-28T22:57:29.846+0000] {processor.py:753} INFO - DAG(s) dict_keys(['example_local_kubernetes_executor']) retrieved from /home/airflow/.local/lib/python3.7/site-packages/airflow/example_dags/example_local_kubernetes_executor.py
[2025-07-28T22:57:29.888+0000] {logging_mixin.py:137} INFO - [2025-07-28T22:57:29.888+0000] {dag.py:2690} INFO - Sync 1 DAGs
[2025-07-28T22:57:29.929+0000] {logging_mixin.py:137} INFO - [2025-07-28T22:57:29.929+0000] {dag.py:3441} INFO - Setting next_dagrun for example_local_kubernetes_executor to None, run_after=None
[2025-07-28T22:57:29.958+0000] {processor.py:175} INFO - Processing /home/airflow/.local/lib/python3.7/site-packages/airflow/example_dags/example_local_kubernetes_executor.py took 0.161 seconds
[2025-07-28T22:58:00.814+0000] {processor.py:153} INFO - Started process (PID=1889) to work on /home/airflow/.local/lib/python3.7/site-packages/airflow/example_dags/example_local_kubernetes_executor.py
[2025-07-28T22:58:00.816+0000] {processor.py:743} INFO - Processing file /home/airflow/.local/lib/python3.7/site-packages/airflow/example_dags/example_local_kubernetes_executor.py for tasks to queue
[2025-07-28T22:58:00.817+0000] {logging_mixin.py:137} INFO - [2025-07-28T22:58:00.817+0000] {dagbag.py:538} INFO - Filling up the DagBag from /home/airflow/.local/lib/python3.7/site-packages/airflow/example_dags/example_local_kubernetes_executor.py
[2025-07-28T22:58:00.844+0000] {processor.py:753} INFO - DAG(s) dict_keys(['example_local_kubernetes_executor']) retrieved from /home/airflow/.local/lib/python3.7/site-packages/airflow/example_dags/example_local_kubernetes_executor.py
[2025-07-28T22:58:00.879+0000] {logging_mixin.py:137} INFO - [2025-07-28T22:58:00.878+0000] {dag.py:2690} INFO - Sync 1 DAGs
[2025-07-28T22:58:00.912+0000] {logging_mixin.py:137} INFO - [2025-07-28T22:58:00.912+0000] {dag.py:3441} INFO - Setting next_dagrun for example_local_kubernetes_executor to None, run_after=None
[2025-07-28T22:58:00.938+0000] {processor.py:175} INFO - Processing /home/airflow/.local/lib/python3.7/site-packages/airflow/example_dags/example_local_kubernetes_executor.py took 0.129 seconds
[2025-07-28T22:58:31.254+0000] {processor.py:153} INFO - Started process (PID=1960) to work on /home/airflow/.local/lib/python3.7/site-packages/airflow/example_dags/example_local_kubernetes_executor.py
[2025-07-28T22:58:31.255+0000] {processor.py:743} INFO - Processing file /home/airflow/.local/lib/python3.7/site-packages/airflow/example_dags/example_local_kubernetes_executor.py for tasks to queue
[2025-07-28T22:58:31.256+0000] {logging_mixin.py:137} INFO - [2025-07-28T22:58:31.256+0000] {dagbag.py:538} INFO - Filling up the DagBag from /home/airflow/.local/lib/python3.7/site-packages/airflow/example_dags/example_local_kubernetes_executor.py
[2025-07-28T22:58:31.291+0000] {processor.py:753} INFO - DAG(s) dict_keys(['example_local_kubernetes_executor']) retrieved from /home/airflow/.local/lib/python3.7/site-packages/airflow/example_dags/example_local_kubernetes_executor.py
[2025-07-28T22:58:31.334+0000] {logging_mixin.py:137} INFO - [2025-07-28T22:58:31.334+0000] {dag.py:2690} INFO - Sync 1 DAGs
[2025-07-28T22:58:31.367+0000] {logging_mixin.py:137} INFO - [2025-07-28T22:58:31.367+0000] {dag.py:3441} INFO - Setting next_dagrun for example_local_kubernetes_executor to None, run_after=None
[2025-07-28T22:58:31.395+0000] {processor.py:175} INFO - Processing /home/airflow/.local/lib/python3.7/site-packages/airflow/example_dags/example_local_kubernetes_executor.py took 0.146 seconds
[2025-07-28T22:59:01.554+0000] {processor.py:153} INFO - Started process (PID=2047) to work on /home/airflow/.local/lib/python3.7/site-packages/airflow/example_dags/example_local_kubernetes_executor.py
[2025-07-28T22:59:01.557+0000] {processor.py:743} INFO - Processing file /home/airflow/.local/lib/python3.7/site-packages/airflow/example_dags/example_local_kubernetes_executor.py for tasks to queue
[2025-07-28T22:59:01.559+0000] {logging_mixin.py:137} INFO - [2025-07-28T22:59:01.559+0000] {dagbag.py:538} INFO - Filling up the DagBag from /home/airflow/.local/lib/python3.7/site-packages/airflow/example_dags/example_local_kubernetes_executor.py
[2025-07-28T22:59:01.607+0000] {processor.py:753} INFO - DAG(s) dict_keys(['example_local_kubernetes_executor']) retrieved from /home/airflow/.local/lib/python3.7/site-packages/airflow/example_dags/example_local_kubernetes_executor.py
[2025-07-28T22:59:01.656+0000] {logging_mixin.py:137} INFO - [2025-07-28T22:59:01.655+0000] {dag.py:2690} INFO - Sync 1 DAGs
[2025-07-28T22:59:01.694+0000] {logging_mixin.py:137} INFO - [2025-07-28T22:59:01.694+0000] {dag.py:3441} INFO - Setting next_dagrun for example_local_kubernetes_executor to None, run_after=None
[2025-07-28T22:59:01.719+0000] {processor.py:175} INFO - Processing /home/airflow/.local/lib/python3.7/site-packages/airflow/example_dags/example_local_kubernetes_executor.py took 0.171 seconds
[2025-07-28T22:59:31.962+0000] {processor.py:153} INFO - Started process (PID=2118) to work on /home/airflow/.local/lib/python3.7/site-packages/airflow/example_dags/example_local_kubernetes_executor.py
[2025-07-28T22:59:31.963+0000] {processor.py:743} INFO - Processing file /home/airflow/.local/lib/python3.7/site-packages/airflow/example_dags/example_local_kubernetes_executor.py for tasks to queue
[2025-07-28T22:59:31.965+0000] {logging_mixin.py:137} INFO - [2025-07-28T22:59:31.964+0000] {dagbag.py:538} INFO - Filling up the DagBag from /home/airflow/.local/lib/python3.7/site-packages/airflow/example_dags/example_local_kubernetes_executor.py
[2025-07-28T22:59:32.003+0000] {processor.py:753} INFO - DAG(s) dict_keys(['example_local_kubernetes_executor']) retrieved from /home/airflow/.local/lib/python3.7/site-packages/airflow/example_dags/example_local_kubernetes_executor.py
[2025-07-28T22:59:32.046+0000] {logging_mixin.py:137} INFO - [2025-07-28T22:59:32.046+0000] {dag.py:2690} INFO - Sync 1 DAGs
[2025-07-28T22:59:32.083+0000] {logging_mixin.py:137} INFO - [2025-07-28T22:59:32.083+0000] {dag.py:3441} INFO - Setting next_dagrun for example_local_kubernetes_executor to None, run_after=None
[2025-07-28T22:59:32.111+0000] {processor.py:175} INFO - Processing /home/airflow/.local/lib/python3.7/site-packages/airflow/example_dags/example_local_kubernetes_executor.py took 0.154 seconds
[2025-07-28T23:00:03.008+0000] {processor.py:153} INFO - Started process (PID=2197) to work on /home/airflow/.local/lib/python3.7/site-packages/airflow/example_dags/example_local_kubernetes_executor.py
[2025-07-28T23:00:03.010+0000] {processor.py:743} INFO - Processing file /home/airflow/.local/lib/python3.7/site-packages/airflow/example_dags/example_local_kubernetes_executor.py for tasks to queue
[2025-07-28T23:00:03.011+0000] {logging_mixin.py:137} INFO - [2025-07-28T23:00:03.011+0000] {dagbag.py:538} INFO - Filling up the DagBag from /home/airflow/.local/lib/python3.7/site-packages/airflow/example_dags/example_local_kubernetes_executor.py
[2025-07-28T23:00:03.042+0000] {processor.py:753} INFO - DAG(s) dict_keys(['example_local_kubernetes_executor']) retrieved from /home/airflow/.local/lib/python3.7/site-packages/airflow/example_dags/example_local_kubernetes_executor.py
[2025-07-28T23:00:03.107+0000] {logging_mixin.py:137} INFO - [2025-07-28T23:00:03.107+0000] {dag.py:2690} INFO - Sync 1 DAGs
[2025-07-28T23:00:03.176+0000] {logging_mixin.py:137} INFO - [2025-07-28T23:00:03.175+0000] {dag.py:3441} INFO - Setting next_dagrun for example_local_kubernetes_executor to None, run_after=None
[2025-07-28T23:00:03.238+0000] {processor.py:175} INFO - Processing /home/airflow/.local/lib/python3.7/site-packages/airflow/example_dags/example_local_kubernetes_executor.py took 0.234 seconds
[2025-07-28T23:00:34.153+0000] {processor.py:153} INFO - Started process (PID=2277) to work on /home/airflow/.local/lib/python3.7/site-packages/airflow/example_dags/example_local_kubernetes_executor.py
[2025-07-28T23:00:34.155+0000] {processor.py:743} INFO - Processing file /home/airflow/.local/lib/python3.7/site-packages/airflow/example_dags/example_local_kubernetes_executor.py for tasks to queue
[2025-07-28T23:00:34.157+0000] {logging_mixin.py:137} INFO - [2025-07-28T23:00:34.157+0000] {dagbag.py:538} INFO - Filling up the DagBag from /home/airflow/.local/lib/python3.7/site-packages/airflow/example_dags/example_local_kubernetes_executor.py
[2025-07-28T23:00:34.231+0000] {processor.py:753} INFO - DAG(s) dict_keys(['example_local_kubernetes_executor']) retrieved from /home/airflow/.local/lib/python3.7/site-packages/airflow/example_dags/example_local_kubernetes_executor.py
[2025-07-28T23:00:34.371+0000] {logging_mixin.py:137} INFO - [2025-07-28T23:00:34.370+0000] {dag.py:2690} INFO - Sync 1 DAGs
[2025-07-28T23:00:34.531+0000] {logging_mixin.py:137} INFO - [2025-07-28T23:00:34.530+0000] {dag.py:3441} INFO - Setting next_dagrun for example_local_kubernetes_executor to None, run_after=None
[2025-07-28T23:00:34.607+0000] {processor.py:175} INFO - Processing /home/airflow/.local/lib/python3.7/site-packages/airflow/example_dags/example_local_kubernetes_executor.py took 0.461 seconds
[2025-07-28T23:01:05.960+0000] {processor.py:153} INFO - Started process (PID=2355) to work on /home/airflow/.local/lib/python3.7/site-packages/airflow/example_dags/example_local_kubernetes_executor.py
[2025-07-28T23:01:05.963+0000] {processor.py:743} INFO - Processing file /home/airflow/.local/lib/python3.7/site-packages/airflow/example_dags/example_local_kubernetes_executor.py for tasks to queue
[2025-07-28T23:01:05.965+0000] {logging_mixin.py:137} INFO - [2025-07-28T23:01:05.964+0000] {dagbag.py:538} INFO - Filling up the DagBag from /home/airflow/.local/lib/python3.7/site-packages/airflow/example_dags/example_local_kubernetes_executor.py
[2025-07-28T23:01:06.019+0000] {processor.py:753} INFO - DAG(s) dict_keys(['example_local_kubernetes_executor']) retrieved from /home/airflow/.local/lib/python3.7/site-packages/airflow/example_dags/example_local_kubernetes_executor.py
[2025-07-28T23:01:06.081+0000] {logging_mixin.py:137} INFO - [2025-07-28T23:01:06.081+0000] {dag.py:2690} INFO - Sync 1 DAGs
[2025-07-28T23:01:06.147+0000] {logging_mixin.py:137} INFO - [2025-07-28T23:01:06.147+0000] {dag.py:3441} INFO - Setting next_dagrun for example_local_kubernetes_executor to None, run_after=None
[2025-07-28T23:01:06.187+0000] {processor.py:175} INFO - Processing /home/airflow/.local/lib/python3.7/site-packages/airflow/example_dags/example_local_kubernetes_executor.py took 0.234 seconds
[2025-07-28T23:01:36.367+0000] {processor.py:153} INFO - Started process (PID=2437) to work on /home/airflow/.local/lib/python3.7/site-packages/airflow/example_dags/example_local_kubernetes_executor.py
[2025-07-28T23:01:36.369+0000] {processor.py:743} INFO - Processing file /home/airflow/.local/lib/python3.7/site-packages/airflow/example_dags/example_local_kubernetes_executor.py for tasks to queue
[2025-07-28T23:01:36.370+0000] {logging_mixin.py:137} INFO - [2025-07-28T23:01:36.370+0000] {dagbag.py:538} INFO - Filling up the DagBag from /home/airflow/.local/lib/python3.7/site-packages/airflow/example_dags/example_local_kubernetes_executor.py
[2025-07-28T23:01:36.414+0000] {processor.py:753} INFO - DAG(s) dict_keys(['example_local_kubernetes_executor']) retrieved from /home/airflow/.local/lib/python3.7/site-packages/airflow/example_dags/example_local_kubernetes_executor.py
[2025-07-28T23:01:36.450+0000] {logging_mixin.py:137} INFO - [2025-07-28T23:01:36.450+0000] {dag.py:2690} INFO - Sync 1 DAGs
[2025-07-28T23:01:36.481+0000] {logging_mixin.py:137} INFO - [2025-07-28T23:01:36.481+0000] {dag.py:3441} INFO - Setting next_dagrun for example_local_kubernetes_executor to None, run_after=None
[2025-07-28T23:01:36.506+0000] {processor.py:175} INFO - Processing /home/airflow/.local/lib/python3.7/site-packages/airflow/example_dags/example_local_kubernetes_executor.py took 0.144 seconds
[2025-07-28T23:02:07.389+0000] {processor.py:153} INFO - Started process (PID=2507) to work on /home/airflow/.local/lib/python3.7/site-packages/airflow/example_dags/example_local_kubernetes_executor.py
[2025-07-28T23:02:07.391+0000] {processor.py:743} INFO - Processing file /home/airflow/.local/lib/python3.7/site-packages/airflow/example_dags/example_local_kubernetes_executor.py for tasks to queue
[2025-07-28T23:02:07.393+0000] {logging_mixin.py:137} INFO - [2025-07-28T23:02:07.393+0000] {dagbag.py:538} INFO - Filling up the DagBag from /home/airflow/.local/lib/python3.7/site-packages/airflow/example_dags/example_local_kubernetes_executor.py
[2025-07-28T23:02:07.439+0000] {processor.py:753} INFO - DAG(s) dict_keys(['example_local_kubernetes_executor']) retrieved from /home/airflow/.local/lib/python3.7/site-packages/airflow/example_dags/example_local_kubernetes_executor.py
[2025-07-28T23:02:07.487+0000] {logging_mixin.py:137} INFO - [2025-07-28T23:02:07.486+0000] {dag.py:2690} INFO - Sync 1 DAGs
[2025-07-28T23:02:07.530+0000] {logging_mixin.py:137} INFO - [2025-07-28T23:02:07.530+0000] {dag.py:3441} INFO - Setting next_dagrun for example_local_kubernetes_executor to None, run_after=None
[2025-07-28T23:02:07.560+0000] {processor.py:175} INFO - Processing /home/airflow/.local/lib/python3.7/site-packages/airflow/example_dags/example_local_kubernetes_executor.py took 0.181 seconds
[2025-07-28T23:02:38.095+0000] {processor.py:153} INFO - Started process (PID=2593) to work on /home/airflow/.local/lib/python3.7/site-packages/airflow/example_dags/example_local_kubernetes_executor.py
[2025-07-28T23:02:38.096+0000] {processor.py:743} INFO - Processing file /home/airflow/.local/lib/python3.7/site-packages/airflow/example_dags/example_local_kubernetes_executor.py for tasks to queue
[2025-07-28T23:02:38.098+0000] {logging_mixin.py:137} INFO - [2025-07-28T23:02:38.098+0000] {dagbag.py:538} INFO - Filling up the DagBag from /home/airflow/.local/lib/python3.7/site-packages/airflow/example_dags/example_local_kubernetes_executor.py
[2025-07-28T23:02:38.134+0000] {processor.py:753} INFO - DAG(s) dict_keys(['example_local_kubernetes_executor']) retrieved from /home/airflow/.local/lib/python3.7/site-packages/airflow/example_dags/example_local_kubernetes_executor.py
[2025-07-28T23:02:38.154+0000] {logging_mixin.py:137} INFO - [2025-07-28T23:02:38.154+0000] {dag.py:2690} INFO - Sync 1 DAGs
[2025-07-28T23:02:38.193+0000] {logging_mixin.py:137} INFO - [2025-07-28T23:02:38.193+0000] {dag.py:3441} INFO - Setting next_dagrun for example_local_kubernetes_executor to None, run_after=None
[2025-07-28T23:02:38.223+0000] {processor.py:175} INFO - Processing /home/airflow/.local/lib/python3.7/site-packages/airflow/example_dags/example_local_kubernetes_executor.py took 0.132 seconds
[2025-07-28T23:03:08.707+0000] {processor.py:153} INFO - Started process (PID=2664) to work on /home/airflow/.local/lib/python3.7/site-packages/airflow/example_dags/example_local_kubernetes_executor.py
[2025-07-28T23:03:08.708+0000] {processor.py:743} INFO - Processing file /home/airflow/.local/lib/python3.7/site-packages/airflow/example_dags/example_local_kubernetes_executor.py for tasks to queue
[2025-07-28T23:03:08.710+0000] {logging_mixin.py:137} INFO - [2025-07-28T23:03:08.709+0000] {dagbag.py:538} INFO - Filling up the DagBag from /home/airflow/.local/lib/python3.7/site-packages/airflow/example_dags/example_local_kubernetes_executor.py
[2025-07-28T23:03:08.746+0000] {processor.py:753} INFO - DAG(s) dict_keys(['example_local_kubernetes_executor']) retrieved from /home/airflow/.local/lib/python3.7/site-packages/airflow/example_dags/example_local_kubernetes_executor.py
[2025-07-28T23:03:08.765+0000] {logging_mixin.py:137} INFO - [2025-07-28T23:03:08.765+0000] {dag.py:2690} INFO - Sync 1 DAGs
[2025-07-28T23:03:08.805+0000] {logging_mixin.py:137} INFO - [2025-07-28T23:03:08.804+0000] {dag.py:3441} INFO - Setting next_dagrun for example_local_kubernetes_executor to None, run_after=None
[2025-07-28T23:03:08.834+0000] {processor.py:175} INFO - Processing /home/airflow/.local/lib/python3.7/site-packages/airflow/example_dags/example_local_kubernetes_executor.py took 0.133 seconds
[2025-07-28T23:03:39.595+0000] {processor.py:153} INFO - Started process (PID=2735) to work on /home/airflow/.local/lib/python3.7/site-packages/airflow/example_dags/example_local_kubernetes_executor.py
[2025-07-28T23:03:39.598+0000] {processor.py:743} INFO - Processing file /home/airflow/.local/lib/python3.7/site-packages/airflow/example_dags/example_local_kubernetes_executor.py for tasks to queue
[2025-07-28T23:03:39.599+0000] {logging_mixin.py:137} INFO - [2025-07-28T23:03:39.599+0000] {dagbag.py:538} INFO - Filling up the DagBag from /home/airflow/.local/lib/python3.7/site-packages/airflow/example_dags/example_local_kubernetes_executor.py
[2025-07-28T23:03:39.693+0000] {processor.py:753} INFO - DAG(s) dict_keys(['example_local_kubernetes_executor']) retrieved from /home/airflow/.local/lib/python3.7/site-packages/airflow/example_dags/example_local_kubernetes_executor.py
[2025-07-28T23:03:39.734+0000] {logging_mixin.py:137} INFO - [2025-07-28T23:03:39.733+0000] {dag.py:2690} INFO - Sync 1 DAGs
[2025-07-28T23:03:39.846+0000] {logging_mixin.py:137} INFO - [2025-07-28T23:03:39.846+0000] {dag.py:3441} INFO - Setting next_dagrun for example_local_kubernetes_executor to None, run_after=None
[2025-07-28T23:03:39.923+0000] {processor.py:175} INFO - Processing /home/airflow/.local/lib/python3.7/site-packages/airflow/example_dags/example_local_kubernetes_executor.py took 0.338 seconds
[2025-07-28T23:04:09.999+0000] {processor.py:153} INFO - Started process (PID=2822) to work on /home/airflow/.local/lib/python3.7/site-packages/airflow/example_dags/example_local_kubernetes_executor.py
[2025-07-28T23:04:10.002+0000] {processor.py:743} INFO - Processing file /home/airflow/.local/lib/python3.7/site-packages/airflow/example_dags/example_local_kubernetes_executor.py for tasks to queue
[2025-07-28T23:04:10.003+0000] {logging_mixin.py:137} INFO - [2025-07-28T23:04:10.003+0000] {dagbag.py:538} INFO - Filling up the DagBag from /home/airflow/.local/lib/python3.7/site-packages/airflow/example_dags/example_local_kubernetes_executor.py
[2025-07-28T23:04:10.046+0000] {processor.py:753} INFO - DAG(s) dict_keys(['example_local_kubernetes_executor']) retrieved from /home/airflow/.local/lib/python3.7/site-packages/airflow/example_dags/example_local_kubernetes_executor.py
[2025-07-28T23:04:10.106+0000] {logging_mixin.py:137} INFO - [2025-07-28T23:04:10.105+0000] {dag.py:2690} INFO - Sync 1 DAGs
[2025-07-28T23:04:10.150+0000] {logging_mixin.py:137} INFO - [2025-07-28T23:04:10.150+0000] {dag.py:3441} INFO - Setting next_dagrun for example_local_kubernetes_executor to None, run_after=None
[2025-07-28T23:04:10.178+0000] {processor.py:175} INFO - Processing /home/airflow/.local/lib/python3.7/site-packages/airflow/example_dags/example_local_kubernetes_executor.py took 0.183 seconds
[2025-07-28T23:04:40.254+0000] {processor.py:153} INFO - Started process (PID=2892) to work on /home/airflow/.local/lib/python3.7/site-packages/airflow/example_dags/example_local_kubernetes_executor.py
[2025-07-28T23:04:40.255+0000] {processor.py:743} INFO - Processing file /home/airflow/.local/lib/python3.7/site-packages/airflow/example_dags/example_local_kubernetes_executor.py for tasks to queue
[2025-07-28T23:04:40.256+0000] {logging_mixin.py:137} INFO - [2025-07-28T23:04:40.256+0000] {dagbag.py:538} INFO - Filling up the DagBag from /home/airflow/.local/lib/python3.7/site-packages/airflow/example_dags/example_local_kubernetes_executor.py
[2025-07-28T23:04:40.289+0000] {processor.py:753} INFO - DAG(s) dict_keys(['example_local_kubernetes_executor']) retrieved from /home/airflow/.local/lib/python3.7/site-packages/airflow/example_dags/example_local_kubernetes_executor.py
[2025-07-28T23:04:40.329+0000] {logging_mixin.py:137} INFO - [2025-07-28T23:04:40.329+0000] {dag.py:2690} INFO - Sync 1 DAGs
[2025-07-28T23:04:40.363+0000] {logging_mixin.py:137} INFO - [2025-07-28T23:04:40.363+0000] {dag.py:3441} INFO - Setting next_dagrun for example_local_kubernetes_executor to None, run_after=None
[2025-07-28T23:04:40.391+0000] {processor.py:175} INFO - Processing /home/airflow/.local/lib/python3.7/site-packages/airflow/example_dags/example_local_kubernetes_executor.py took 0.143 seconds
[2025-07-28T23:05:10.646+0000] {processor.py:153} INFO - Started process (PID=2963) to work on /home/airflow/.local/lib/python3.7/site-packages/airflow/example_dags/example_local_kubernetes_executor.py
[2025-07-28T23:05:10.648+0000] {processor.py:743} INFO - Processing file /home/airflow/.local/lib/python3.7/site-packages/airflow/example_dags/example_local_kubernetes_executor.py for tasks to queue
[2025-07-28T23:05:10.649+0000] {logging_mixin.py:137} INFO - [2025-07-28T23:05:10.649+0000] {dagbag.py:538} INFO - Filling up the DagBag from /home/airflow/.local/lib/python3.7/site-packages/airflow/example_dags/example_local_kubernetes_executor.py
[2025-07-28T23:05:10.679+0000] {processor.py:753} INFO - DAG(s) dict_keys(['example_local_kubernetes_executor']) retrieved from /home/airflow/.local/lib/python3.7/site-packages/airflow/example_dags/example_local_kubernetes_executor.py
[2025-07-28T23:05:10.717+0000] {logging_mixin.py:137} INFO - [2025-07-28T23:05:10.717+0000] {dag.py:2690} INFO - Sync 1 DAGs
[2025-07-28T23:05:10.768+0000] {logging_mixin.py:137} INFO - [2025-07-28T23:05:10.768+0000] {dag.py:3441} INFO - Setting next_dagrun for example_local_kubernetes_executor to None, run_after=None
[2025-07-28T23:05:10.793+0000] {processor.py:175} INFO - Processing /home/airflow/.local/lib/python3.7/site-packages/airflow/example_dags/example_local_kubernetes_executor.py took 0.152 seconds
[2025-07-28T23:05:41.475+0000] {processor.py:153} INFO - Started process (PID=3051) to work on /home/airflow/.local/lib/python3.7/site-packages/airflow/example_dags/example_local_kubernetes_executor.py
[2025-07-28T23:05:41.476+0000] {processor.py:743} INFO - Processing file /home/airflow/.local/lib/python3.7/site-packages/airflow/example_dags/example_local_kubernetes_executor.py for tasks to queue
[2025-07-28T23:05:41.477+0000] {logging_mixin.py:137} INFO - [2025-07-28T23:05:41.477+0000] {dagbag.py:538} INFO - Filling up the DagBag from /home/airflow/.local/lib/python3.7/site-packages/airflow/example_dags/example_local_kubernetes_executor.py
[2025-07-28T23:05:41.505+0000] {processor.py:753} INFO - DAG(s) dict_keys(['example_local_kubernetes_executor']) retrieved from /home/airflow/.local/lib/python3.7/site-packages/airflow/example_dags/example_local_kubernetes_executor.py
[2025-07-28T23:05:41.537+0000] {logging_mixin.py:137} INFO - [2025-07-28T23:05:41.537+0000] {dag.py:2690} INFO - Sync 1 DAGs
[2025-07-28T23:05:41.562+0000] {logging_mixin.py:137} INFO - [2025-07-28T23:05:41.562+0000] {dag.py:3441} INFO - Setting next_dagrun for example_local_kubernetes_executor to None, run_after=None
[2025-07-28T23:05:41.589+0000] {processor.py:175} INFO - Processing /home/airflow/.local/lib/python3.7/site-packages/airflow/example_dags/example_local_kubernetes_executor.py took 0.119 seconds
[2025-07-28T23:06:11.739+0000] {processor.py:153} INFO - Started process (PID=3123) to work on /home/airflow/.local/lib/python3.7/site-packages/airflow/example_dags/example_local_kubernetes_executor.py
[2025-07-28T23:06:11.740+0000] {processor.py:743} INFO - Processing file /home/airflow/.local/lib/python3.7/site-packages/airflow/example_dags/example_local_kubernetes_executor.py for tasks to queue
[2025-07-28T23:06:11.742+0000] {logging_mixin.py:137} INFO - [2025-07-28T23:06:11.742+0000] {dagbag.py:538} INFO - Filling up the DagBag from /home/airflow/.local/lib/python3.7/site-packages/airflow/example_dags/example_local_kubernetes_executor.py
[2025-07-28T23:06:11.767+0000] {processor.py:753} INFO - DAG(s) dict_keys(['example_local_kubernetes_executor']) retrieved from /home/airflow/.local/lib/python3.7/site-packages/airflow/example_dags/example_local_kubernetes_executor.py
[2025-07-28T23:06:11.802+0000] {logging_mixin.py:137} INFO - [2025-07-28T23:06:11.802+0000] {dag.py:2690} INFO - Sync 1 DAGs
[2025-07-28T23:06:11.828+0000] {logging_mixin.py:137} INFO - [2025-07-28T23:06:11.828+0000] {dag.py:3441} INFO - Setting next_dagrun for example_local_kubernetes_executor to None, run_after=None
[2025-07-28T23:06:11.853+0000] {processor.py:175} INFO - Processing /home/airflow/.local/lib/python3.7/site-packages/airflow/example_dags/example_local_kubernetes_executor.py took 0.118 seconds
[2025-07-28T23:06:42.317+0000] {processor.py:153} INFO - Started process (PID=3202) to work on /home/airflow/.local/lib/python3.7/site-packages/airflow/example_dags/example_local_kubernetes_executor.py
[2025-07-28T23:06:42.318+0000] {processor.py:743} INFO - Processing file /home/airflow/.local/lib/python3.7/site-packages/airflow/example_dags/example_local_kubernetes_executor.py for tasks to queue
[2025-07-28T23:06:42.320+0000] {logging_mixin.py:137} INFO - [2025-07-28T23:06:42.320+0000] {dagbag.py:538} INFO - Filling up the DagBag from /home/airflow/.local/lib/python3.7/site-packages/airflow/example_dags/example_local_kubernetes_executor.py
[2025-07-28T23:06:42.356+0000] {processor.py:753} INFO - DAG(s) dict_keys(['example_local_kubernetes_executor']) retrieved from /home/airflow/.local/lib/python3.7/site-packages/airflow/example_dags/example_local_kubernetes_executor.py
[2025-07-28T23:06:42.407+0000] {logging_mixin.py:137} INFO - [2025-07-28T23:06:42.406+0000] {dag.py:2690} INFO - Sync 1 DAGs
[2025-07-28T23:06:42.446+0000] {logging_mixin.py:137} INFO - [2025-07-28T23:06:42.445+0000] {dag.py:3441} INFO - Setting next_dagrun for example_local_kubernetes_executor to None, run_after=None
[2025-07-28T23:06:42.485+0000] {processor.py:175} INFO - Processing /home/airflow/.local/lib/python3.7/site-packages/airflow/example_dags/example_local_kubernetes_executor.py took 0.174 seconds
