[2025-07-28T22:45:41.174+0000] {processor.py:153} INFO - Started process (PID=83) to work on /home/airflow/.local/lib/python3.7/site-packages/airflow/example_dags/example_bash_operator.py
[2025-07-28T22:45:41.176+0000] {processor.py:743} INFO - Processing file /home/airflow/.local/lib/python3.7/site-packages/airflow/example_dags/example_bash_operator.py for tasks to queue
[2025-07-28T22:45:41.178+0000] {logging_mixin.py:137} INFO - [2025-07-28T22:45:41.177+0000] {dagbag.py:538} INFO - Filling up the DagBag from /home/airflow/.local/lib/python3.7/site-packages/airflow/example_dags/example_bash_operator.py
[2025-07-28T22:45:41.219+0000] {processor.py:753} INFO - DAG(s) dict_keys(['example_bash_operator']) retrieved from /home/airflow/.local/lib/python3.7/site-packages/airflow/example_dags/example_bash_operator.py
[2025-07-28T22:45:41.473+0000] {logging_mixin.py:137} INFO - [2025-07-28T22:45:41.473+0000] {manager.py:504} INFO - Created Permission View: can delete on DAG:example_bash_operator
[2025-07-28T22:45:41.494+0000] {logging_mixin.py:137} INFO - [2025-07-28T22:45:41.493+0000] {manager.py:504} INFO - Created Permission View: can read on DAG:example_bash_operator
[2025-07-28T22:45:41.509+0000] {logging_mixin.py:137} INFO - [2025-07-28T22:45:41.509+0000] {manager.py:504} INFO - Created Permission View: can edit on DAG:example_bash_operator
[2025-07-28T22:45:41.510+0000] {logging_mixin.py:137} INFO - [2025-07-28T22:45:41.510+0000] {dag.py:2690} INFO - Sync 1 DAGs
[2025-07-28T22:45:41.536+0000] {logging_mixin.py:137} INFO - [2025-07-28T22:45:41.536+0000] {dag.py:2711} INFO - Creating ORM DAG for example_bash_operator
[2025-07-28T22:45:41.559+0000] {logging_mixin.py:137} INFO - [2025-07-28T22:45:41.559+0000] {dag.py:3441} INFO - Setting next_dagrun for example_bash_operator to 2025-07-27T00:00:00+00:00, run_after=2025-07-28T00:00:00+00:00
[2025-07-28T22:45:41.640+0000] {processor.py:175} INFO - Processing /home/airflow/.local/lib/python3.7/site-packages/airflow/example_dags/example_bash_operator.py took 0.474 seconds
[2025-07-28T22:46:12.852+0000] {processor.py:153} INFO - Started process (PID=160) to work on /home/airflow/.local/lib/python3.7/site-packages/airflow/example_dags/example_bash_operator.py
[2025-07-28T22:46:12.861+0000] {processor.py:743} INFO - Processing file /home/airflow/.local/lib/python3.7/site-packages/airflow/example_dags/example_bash_operator.py for tasks to queue
[2025-07-28T22:46:12.864+0000] {logging_mixin.py:137} INFO - [2025-07-28T22:46:12.864+0000] {dagbag.py:538} INFO - Filling up the DagBag from /home/airflow/.local/lib/python3.7/site-packages/airflow/example_dags/example_bash_operator.py
[2025-07-28T22:46:12.960+0000] {processor.py:753} INFO - DAG(s) dict_keys(['example_bash_operator']) retrieved from /home/airflow/.local/lib/python3.7/site-packages/airflow/example_dags/example_bash_operator.py
[2025-07-28T22:46:13.029+0000] {logging_mixin.py:137} INFO - [2025-07-28T22:46:13.028+0000] {dag.py:2690} INFO - Sync 1 DAGs
[2025-07-28T22:46:13.167+0000] {logging_mixin.py:137} INFO - [2025-07-28T22:46:13.166+0000] {dag.py:3441} INFO - Setting next_dagrun for example_bash_operator to 2025-07-27T00:00:00+00:00, run_after=2025-07-28T00:00:00+00:00
[2025-07-28T22:46:13.284+0000] {processor.py:175} INFO - Processing /home/airflow/.local/lib/python3.7/site-packages/airflow/example_dags/example_bash_operator.py took 0.447 seconds
[2025-07-28T22:46:43.808+0000] {processor.py:153} INFO - Started process (PID=224) to work on /home/airflow/.local/lib/python3.7/site-packages/airflow/example_dags/example_bash_operator.py
[2025-07-28T22:46:43.810+0000] {processor.py:743} INFO - Processing file /home/airflow/.local/lib/python3.7/site-packages/airflow/example_dags/example_bash_operator.py for tasks to queue
[2025-07-28T22:46:43.812+0000] {logging_mixin.py:137} INFO - [2025-07-28T22:46:43.812+0000] {dagbag.py:538} INFO - Filling up the DagBag from /home/airflow/.local/lib/python3.7/site-packages/airflow/example_dags/example_bash_operator.py
[2025-07-28T22:46:43.868+0000] {processor.py:753} INFO - DAG(s) dict_keys(['example_bash_operator']) retrieved from /home/airflow/.local/lib/python3.7/site-packages/airflow/example_dags/example_bash_operator.py
[2025-07-28T22:46:43.963+0000] {logging_mixin.py:137} INFO - [2025-07-28T22:46:43.963+0000] {dag.py:2690} INFO - Sync 1 DAGs
[2025-07-28T22:46:44.031+0000] {logging_mixin.py:137} INFO - [2025-07-28T22:46:44.030+0000] {dag.py:3441} INFO - Setting next_dagrun for example_bash_operator to 2025-07-27T00:00:00+00:00, run_after=2025-07-28T00:00:00+00:00
[2025-07-28T22:46:44.077+0000] {processor.py:175} INFO - Processing /home/airflow/.local/lib/python3.7/site-packages/airflow/example_dags/example_bash_operator.py took 0.282 seconds
[2025-07-28T22:47:14.855+0000] {processor.py:153} INFO - Started process (PID=304) to work on /home/airflow/.local/lib/python3.7/site-packages/airflow/example_dags/example_bash_operator.py
[2025-07-28T22:47:14.858+0000] {processor.py:743} INFO - Processing file /home/airflow/.local/lib/python3.7/site-packages/airflow/example_dags/example_bash_operator.py for tasks to queue
[2025-07-28T22:47:14.860+0000] {logging_mixin.py:137} INFO - [2025-07-28T22:47:14.859+0000] {dagbag.py:538} INFO - Filling up the DagBag from /home/airflow/.local/lib/python3.7/site-packages/airflow/example_dags/example_bash_operator.py
[2025-07-28T22:47:14.928+0000] {processor.py:753} INFO - DAG(s) dict_keys(['example_bash_operator']) retrieved from /home/airflow/.local/lib/python3.7/site-packages/airflow/example_dags/example_bash_operator.py
[2025-07-28T22:47:15.020+0000] {logging_mixin.py:137} INFO - [2025-07-28T22:47:15.019+0000] {dag.py:2690} INFO - Sync 1 DAGs
[2025-07-28T22:47:15.124+0000] {logging_mixin.py:137} INFO - [2025-07-28T22:47:15.124+0000] {dag.py:3441} INFO - Setting next_dagrun for example_bash_operator to 2025-07-27T00:00:00+00:00, run_after=2025-07-28T00:00:00+00:00
[2025-07-28T22:47:15.238+0000] {processor.py:175} INFO - Processing /home/airflow/.local/lib/python3.7/site-packages/airflow/example_dags/example_bash_operator.py took 0.397 seconds
[2025-07-28T22:47:45.388+0000] {processor.py:153} INFO - Started process (PID=382) to work on /home/airflow/.local/lib/python3.7/site-packages/airflow/example_dags/example_bash_operator.py
[2025-07-28T22:47:45.390+0000] {processor.py:743} INFO - Processing file /home/airflow/.local/lib/python3.7/site-packages/airflow/example_dags/example_bash_operator.py for tasks to queue
[2025-07-28T22:47:45.397+0000] {logging_mixin.py:137} INFO - [2025-07-28T22:47:45.397+0000] {dagbag.py:538} INFO - Filling up the DagBag from /home/airflow/.local/lib/python3.7/site-packages/airflow/example_dags/example_bash_operator.py
[2025-07-28T22:47:45.448+0000] {processor.py:753} INFO - DAG(s) dict_keys(['example_bash_operator']) retrieved from /home/airflow/.local/lib/python3.7/site-packages/airflow/example_dags/example_bash_operator.py
[2025-07-28T22:47:45.552+0000] {logging_mixin.py:137} INFO - [2025-07-28T22:47:45.551+0000] {dag.py:2690} INFO - Sync 1 DAGs
[2025-07-28T22:47:45.617+0000] {logging_mixin.py:137} INFO - [2025-07-28T22:47:45.617+0000] {dag.py:3441} INFO - Setting next_dagrun for example_bash_operator to 2025-07-27T00:00:00+00:00, run_after=2025-07-28T00:00:00+00:00
[2025-07-28T22:47:45.642+0000] {processor.py:175} INFO - Processing /home/airflow/.local/lib/python3.7/site-packages/airflow/example_dags/example_bash_operator.py took 0.266 seconds
[2025-07-28T22:48:16.107+0000] {processor.py:153} INFO - Started process (PID=452) to work on /home/airflow/.local/lib/python3.7/site-packages/airflow/example_dags/example_bash_operator.py
[2025-07-28T22:48:16.109+0000] {processor.py:743} INFO - Processing file /home/airflow/.local/lib/python3.7/site-packages/airflow/example_dags/example_bash_operator.py for tasks to queue
[2025-07-28T22:48:16.111+0000] {logging_mixin.py:137} INFO - [2025-07-28T22:48:16.111+0000] {dagbag.py:538} INFO - Filling up the DagBag from /home/airflow/.local/lib/python3.7/site-packages/airflow/example_dags/example_bash_operator.py
[2025-07-28T22:48:16.154+0000] {processor.py:753} INFO - DAG(s) dict_keys(['example_bash_operator']) retrieved from /home/airflow/.local/lib/python3.7/site-packages/airflow/example_dags/example_bash_operator.py
[2025-07-28T22:48:16.223+0000] {logging_mixin.py:137} INFO - [2025-07-28T22:48:16.223+0000] {dag.py:2690} INFO - Sync 1 DAGs
[2025-07-28T22:48:16.273+0000] {logging_mixin.py:137} INFO - [2025-07-28T22:48:16.273+0000] {dag.py:3441} INFO - Setting next_dagrun for example_bash_operator to 2025-07-27T00:00:00+00:00, run_after=2025-07-28T00:00:00+00:00
[2025-07-28T22:48:16.349+0000] {processor.py:175} INFO - Processing /home/airflow/.local/lib/python3.7/site-packages/airflow/example_dags/example_bash_operator.py took 0.249 seconds
[2025-07-28T22:48:46.444+0000] {processor.py:153} INFO - Started process (PID=523) to work on /home/airflow/.local/lib/python3.7/site-packages/airflow/example_dags/example_bash_operator.py
[2025-07-28T22:48:46.446+0000] {processor.py:743} INFO - Processing file /home/airflow/.local/lib/python3.7/site-packages/airflow/example_dags/example_bash_operator.py for tasks to queue
[2025-07-28T22:48:46.447+0000] {logging_mixin.py:137} INFO - [2025-07-28T22:48:46.447+0000] {dagbag.py:538} INFO - Filling up the DagBag from /home/airflow/.local/lib/python3.7/site-packages/airflow/example_dags/example_bash_operator.py
[2025-07-28T22:48:46.476+0000] {processor.py:753} INFO - DAG(s) dict_keys(['example_bash_operator']) retrieved from /home/airflow/.local/lib/python3.7/site-packages/airflow/example_dags/example_bash_operator.py
[2025-07-28T22:48:46.529+0000] {logging_mixin.py:137} INFO - [2025-07-28T22:48:46.529+0000] {dag.py:2690} INFO - Sync 1 DAGs
[2025-07-28T22:48:46.563+0000] {logging_mixin.py:137} INFO - [2025-07-28T22:48:46.563+0000] {dag.py:3441} INFO - Setting next_dagrun for example_bash_operator to 2025-07-27T00:00:00+00:00, run_after=2025-07-28T00:00:00+00:00
[2025-07-28T22:48:46.596+0000] {processor.py:175} INFO - Processing /home/airflow/.local/lib/python3.7/site-packages/airflow/example_dags/example_bash_operator.py took 0.155 seconds
[2025-07-28T22:49:16.932+0000] {processor.py:153} INFO - Started process (PID=594) to work on /home/airflow/.local/lib/python3.7/site-packages/airflow/example_dags/example_bash_operator.py
[2025-07-28T22:49:16.934+0000] {processor.py:743} INFO - Processing file /home/airflow/.local/lib/python3.7/site-packages/airflow/example_dags/example_bash_operator.py for tasks to queue
[2025-07-28T22:49:16.936+0000] {logging_mixin.py:137} INFO - [2025-07-28T22:49:16.935+0000] {dagbag.py:538} INFO - Filling up the DagBag from /home/airflow/.local/lib/python3.7/site-packages/airflow/example_dags/example_bash_operator.py
[2025-07-28T22:49:16.973+0000] {processor.py:753} INFO - DAG(s) dict_keys(['example_bash_operator']) retrieved from /home/airflow/.local/lib/python3.7/site-packages/airflow/example_dags/example_bash_operator.py
[2025-07-28T22:49:17.037+0000] {logging_mixin.py:137} INFO - [2025-07-28T22:49:17.037+0000] {dag.py:2690} INFO - Sync 1 DAGs
[2025-07-28T22:49:17.097+0000] {logging_mixin.py:137} INFO - [2025-07-28T22:49:17.096+0000] {dag.py:3441} INFO - Setting next_dagrun for example_bash_operator to 2025-07-27T00:00:00+00:00, run_after=2025-07-28T00:00:00+00:00
[2025-07-28T22:49:17.157+0000] {processor.py:175} INFO - Processing /home/airflow/.local/lib/python3.7/site-packages/airflow/example_dags/example_bash_operator.py took 0.230 seconds
[2025-07-28T22:49:47.206+0000] {processor.py:153} INFO - Started process (PID=665) to work on /home/airflow/.local/lib/python3.7/site-packages/airflow/example_dags/example_bash_operator.py
[2025-07-28T22:49:47.208+0000] {processor.py:743} INFO - Processing file /home/airflow/.local/lib/python3.7/site-packages/airflow/example_dags/example_bash_operator.py for tasks to queue
[2025-07-28T22:49:47.209+0000] {logging_mixin.py:137} INFO - [2025-07-28T22:49:47.209+0000] {dagbag.py:538} INFO - Filling up the DagBag from /home/airflow/.local/lib/python3.7/site-packages/airflow/example_dags/example_bash_operator.py
[2025-07-28T22:49:47.240+0000] {processor.py:753} INFO - DAG(s) dict_keys(['example_bash_operator']) retrieved from /home/airflow/.local/lib/python3.7/site-packages/airflow/example_dags/example_bash_operator.py
[2025-07-28T22:49:47.293+0000] {logging_mixin.py:137} INFO - [2025-07-28T22:49:47.292+0000] {dag.py:2690} INFO - Sync 1 DAGs
[2025-07-28T22:49:47.328+0000] {logging_mixin.py:137} INFO - [2025-07-28T22:49:47.327+0000] {dag.py:3441} INFO - Setting next_dagrun for example_bash_operator to 2025-07-27T00:00:00+00:00, run_after=2025-07-28T00:00:00+00:00
[2025-07-28T22:49:47.355+0000] {processor.py:175} INFO - Processing /home/airflow/.local/lib/python3.7/site-packages/airflow/example_dags/example_bash_operator.py took 0.153 seconds
[2025-07-28T22:50:18.120+0000] {processor.py:153} INFO - Started process (PID=752) to work on /home/airflow/.local/lib/python3.7/site-packages/airflow/example_dags/example_bash_operator.py
[2025-07-28T22:50:18.121+0000] {processor.py:743} INFO - Processing file /home/airflow/.local/lib/python3.7/site-packages/airflow/example_dags/example_bash_operator.py for tasks to queue
[2025-07-28T22:50:18.124+0000] {logging_mixin.py:137} INFO - [2025-07-28T22:50:18.124+0000] {dagbag.py:538} INFO - Filling up the DagBag from /home/airflow/.local/lib/python3.7/site-packages/airflow/example_dags/example_bash_operator.py
[2025-07-28T22:50:18.154+0000] {processor.py:753} INFO - DAG(s) dict_keys(['example_bash_operator']) retrieved from /home/airflow/.local/lib/python3.7/site-packages/airflow/example_dags/example_bash_operator.py
[2025-07-28T22:50:18.211+0000] {logging_mixin.py:137} INFO - [2025-07-28T22:50:18.211+0000] {dag.py:2690} INFO - Sync 1 DAGs
[2025-07-28T22:50:18.249+0000] {logging_mixin.py:137} INFO - [2025-07-28T22:50:18.249+0000] {dag.py:3441} INFO - Setting next_dagrun for example_bash_operator to 2025-07-27T00:00:00+00:00, run_after=2025-07-28T00:00:00+00:00
[2025-07-28T22:50:18.278+0000] {processor.py:175} INFO - Processing /home/airflow/.local/lib/python3.7/site-packages/airflow/example_dags/example_bash_operator.py took 0.163 seconds
[2025-07-28T22:50:48.927+0000] {processor.py:153} INFO - Started process (PID=823) to work on /home/airflow/.local/lib/python3.7/site-packages/airflow/example_dags/example_bash_operator.py
[2025-07-28T22:50:48.928+0000] {processor.py:743} INFO - Processing file /home/airflow/.local/lib/python3.7/site-packages/airflow/example_dags/example_bash_operator.py for tasks to queue
[2025-07-28T22:50:48.929+0000] {logging_mixin.py:137} INFO - [2025-07-28T22:50:48.929+0000] {dagbag.py:538} INFO - Filling up the DagBag from /home/airflow/.local/lib/python3.7/site-packages/airflow/example_dags/example_bash_operator.py
[2025-07-28T22:50:48.961+0000] {processor.py:753} INFO - DAG(s) dict_keys(['example_bash_operator']) retrieved from /home/airflow/.local/lib/python3.7/site-packages/airflow/example_dags/example_bash_operator.py
[2025-07-28T22:50:49.027+0000] {logging_mixin.py:137} INFO - [2025-07-28T22:50:49.027+0000] {dag.py:2690} INFO - Sync 1 DAGs
[2025-07-28T22:50:49.065+0000] {logging_mixin.py:137} INFO - [2025-07-28T22:50:49.065+0000] {dag.py:3441} INFO - Setting next_dagrun for example_bash_operator to 2025-07-27T00:00:00+00:00, run_after=2025-07-28T00:00:00+00:00
[2025-07-28T22:50:49.099+0000] {processor.py:175} INFO - Processing /home/airflow/.local/lib/python3.7/site-packages/airflow/example_dags/example_bash_operator.py took 0.180 seconds
[2025-07-28T22:51:19.709+0000] {processor.py:153} INFO - Started process (PID=910) to work on /home/airflow/.local/lib/python3.7/site-packages/airflow/example_dags/example_bash_operator.py
[2025-07-28T22:51:19.710+0000] {processor.py:743} INFO - Processing file /home/airflow/.local/lib/python3.7/site-packages/airflow/example_dags/example_bash_operator.py for tasks to queue
[2025-07-28T22:51:19.711+0000] {logging_mixin.py:137} INFO - [2025-07-28T22:51:19.711+0000] {dagbag.py:538} INFO - Filling up the DagBag from /home/airflow/.local/lib/python3.7/site-packages/airflow/example_dags/example_bash_operator.py
[2025-07-28T22:51:19.750+0000] {processor.py:753} INFO - DAG(s) dict_keys(['example_bash_operator']) retrieved from /home/airflow/.local/lib/python3.7/site-packages/airflow/example_dags/example_bash_operator.py
[2025-07-28T22:51:19.803+0000] {logging_mixin.py:137} INFO - [2025-07-28T22:51:19.803+0000] {dag.py:2690} INFO - Sync 1 DAGs
[2025-07-28T22:51:19.846+0000] {logging_mixin.py:137} INFO - [2025-07-28T22:51:19.846+0000] {dag.py:3441} INFO - Setting next_dagrun for example_bash_operator to 2025-07-27T00:00:00+00:00, run_after=2025-07-28T00:00:00+00:00
[2025-07-28T22:51:19.873+0000] {processor.py:175} INFO - Processing /home/airflow/.local/lib/python3.7/site-packages/airflow/example_dags/example_bash_operator.py took 0.170 seconds
[2025-07-28T22:51:50.101+0000] {processor.py:153} INFO - Started process (PID=981) to work on /home/airflow/.local/lib/python3.7/site-packages/airflow/example_dags/example_bash_operator.py
[2025-07-28T22:51:50.105+0000] {processor.py:743} INFO - Processing file /home/airflow/.local/lib/python3.7/site-packages/airflow/example_dags/example_bash_operator.py for tasks to queue
[2025-07-28T22:51:50.107+0000] {logging_mixin.py:137} INFO - [2025-07-28T22:51:50.107+0000] {dagbag.py:538} INFO - Filling up the DagBag from /home/airflow/.local/lib/python3.7/site-packages/airflow/example_dags/example_bash_operator.py
[2025-07-28T22:51:50.141+0000] {processor.py:753} INFO - DAG(s) dict_keys(['example_bash_operator']) retrieved from /home/airflow/.local/lib/python3.7/site-packages/airflow/example_dags/example_bash_operator.py
[2025-07-28T22:51:50.197+0000] {logging_mixin.py:137} INFO - [2025-07-28T22:51:50.197+0000] {dag.py:2690} INFO - Sync 1 DAGs
[2025-07-28T22:51:50.230+0000] {logging_mixin.py:137} INFO - [2025-07-28T22:51:50.229+0000] {dag.py:3441} INFO - Setting next_dagrun for example_bash_operator to 2025-07-27T00:00:00+00:00, run_after=2025-07-28T00:00:00+00:00
[2025-07-28T22:51:50.265+0000] {processor.py:175} INFO - Processing /home/airflow/.local/lib/python3.7/site-packages/airflow/example_dags/example_bash_operator.py took 0.172 seconds
[2025-07-28T22:52:20.834+0000] {processor.py:153} INFO - Started process (PID=1052) to work on /home/airflow/.local/lib/python3.7/site-packages/airflow/example_dags/example_bash_operator.py
[2025-07-28T22:52:20.835+0000] {processor.py:743} INFO - Processing file /home/airflow/.local/lib/python3.7/site-packages/airflow/example_dags/example_bash_operator.py for tasks to queue
[2025-07-28T22:52:20.838+0000] {logging_mixin.py:137} INFO - [2025-07-28T22:52:20.837+0000] {dagbag.py:538} INFO - Filling up the DagBag from /home/airflow/.local/lib/python3.7/site-packages/airflow/example_dags/example_bash_operator.py
[2025-07-28T22:52:20.867+0000] {processor.py:753} INFO - DAG(s) dict_keys(['example_bash_operator']) retrieved from /home/airflow/.local/lib/python3.7/site-packages/airflow/example_dags/example_bash_operator.py
[2025-07-28T22:52:20.909+0000] {logging_mixin.py:137} INFO - [2025-07-28T22:52:20.908+0000] {dag.py:2690} INFO - Sync 1 DAGs
[2025-07-28T22:52:20.935+0000] {logging_mixin.py:137} INFO - [2025-07-28T22:52:20.935+0000] {dag.py:3441} INFO - Setting next_dagrun for example_bash_operator to 2025-07-27T00:00:00+00:00, run_after=2025-07-28T00:00:00+00:00
[2025-07-28T22:52:20.961+0000] {processor.py:175} INFO - Processing /home/airflow/.local/lib/python3.7/site-packages/airflow/example_dags/example_bash_operator.py took 0.131 seconds
[2025-07-28T22:52:51.633+0000] {processor.py:153} INFO - Started process (PID=1139) to work on /home/airflow/.local/lib/python3.7/site-packages/airflow/example_dags/example_bash_operator.py
[2025-07-28T22:52:51.634+0000] {processor.py:743} INFO - Processing file /home/airflow/.local/lib/python3.7/site-packages/airflow/example_dags/example_bash_operator.py for tasks to queue
[2025-07-28T22:52:51.635+0000] {logging_mixin.py:137} INFO - [2025-07-28T22:52:51.635+0000] {dagbag.py:538} INFO - Filling up the DagBag from /home/airflow/.local/lib/python3.7/site-packages/airflow/example_dags/example_bash_operator.py
[2025-07-28T22:52:51.665+0000] {processor.py:753} INFO - DAG(s) dict_keys(['example_bash_operator']) retrieved from /home/airflow/.local/lib/python3.7/site-packages/airflow/example_dags/example_bash_operator.py
[2025-07-28T22:52:51.720+0000] {logging_mixin.py:137} INFO - [2025-07-28T22:52:51.719+0000] {dag.py:2690} INFO - Sync 1 DAGs
[2025-07-28T22:52:51.754+0000] {logging_mixin.py:137} INFO - [2025-07-28T22:52:51.754+0000] {dag.py:3441} INFO - Setting next_dagrun for example_bash_operator to 2025-07-27T00:00:00+00:00, run_after=2025-07-28T00:00:00+00:00
[2025-07-28T22:52:51.781+0000] {processor.py:175} INFO - Processing /home/airflow/.local/lib/python3.7/site-packages/airflow/example_dags/example_bash_operator.py took 0.152 seconds
[2025-07-28T22:53:22.285+0000] {processor.py:153} INFO - Started process (PID=1210) to work on /home/airflow/.local/lib/python3.7/site-packages/airflow/example_dags/example_bash_operator.py
[2025-07-28T22:53:22.287+0000] {processor.py:743} INFO - Processing file /home/airflow/.local/lib/python3.7/site-packages/airflow/example_dags/example_bash_operator.py for tasks to queue
[2025-07-28T22:53:22.289+0000] {logging_mixin.py:137} INFO - [2025-07-28T22:53:22.288+0000] {dagbag.py:538} INFO - Filling up the DagBag from /home/airflow/.local/lib/python3.7/site-packages/airflow/example_dags/example_bash_operator.py
[2025-07-28T22:53:22.361+0000] {processor.py:753} INFO - DAG(s) dict_keys(['example_bash_operator']) retrieved from /home/airflow/.local/lib/python3.7/site-packages/airflow/example_dags/example_bash_operator.py
[2025-07-28T22:53:22.431+0000] {logging_mixin.py:137} INFO - [2025-07-28T22:53:22.430+0000] {dag.py:2690} INFO - Sync 1 DAGs
[2025-07-28T22:53:22.479+0000] {logging_mixin.py:137} INFO - [2025-07-28T22:53:22.478+0000] {dag.py:3441} INFO - Setting next_dagrun for example_bash_operator to 2025-07-27T00:00:00+00:00, run_after=2025-07-28T00:00:00+00:00
[2025-07-28T22:53:22.518+0000] {processor.py:175} INFO - Processing /home/airflow/.local/lib/python3.7/site-packages/airflow/example_dags/example_bash_operator.py took 0.242 seconds
[2025-07-28T22:53:53.292+0000] {processor.py:153} INFO - Started process (PID=1290) to work on /home/airflow/.local/lib/python3.7/site-packages/airflow/example_dags/example_bash_operator.py
[2025-07-28T22:53:53.293+0000] {processor.py:743} INFO - Processing file /home/airflow/.local/lib/python3.7/site-packages/airflow/example_dags/example_bash_operator.py for tasks to queue
[2025-07-28T22:53:53.295+0000] {logging_mixin.py:137} INFO - [2025-07-28T22:53:53.294+0000] {dagbag.py:538} INFO - Filling up the DagBag from /home/airflow/.local/lib/python3.7/site-packages/airflow/example_dags/example_bash_operator.py
[2025-07-28T22:53:53.344+0000] {processor.py:753} INFO - DAG(s) dict_keys(['example_bash_operator']) retrieved from /home/airflow/.local/lib/python3.7/site-packages/airflow/example_dags/example_bash_operator.py
[2025-07-28T22:53:53.444+0000] {logging_mixin.py:137} INFO - [2025-07-28T22:53:53.443+0000] {dag.py:2690} INFO - Sync 1 DAGs
[2025-07-28T22:53:53.522+0000] {logging_mixin.py:137} INFO - [2025-07-28T22:53:53.521+0000] {dag.py:3441} INFO - Setting next_dagrun for example_bash_operator to 2025-07-27T00:00:00+00:00, run_after=2025-07-28T00:00:00+00:00
[2025-07-28T22:53:53.572+0000] {processor.py:175} INFO - Processing /home/airflow/.local/lib/python3.7/site-packages/airflow/example_dags/example_bash_operator.py took 0.287 seconds
[2025-07-28T22:54:25.372+0000] {processor.py:153} INFO - Started process (PID=1367) to work on /home/airflow/.local/lib/python3.7/site-packages/airflow/example_dags/example_bash_operator.py
[2025-07-28T22:54:25.374+0000] {processor.py:743} INFO - Processing file /home/airflow/.local/lib/python3.7/site-packages/airflow/example_dags/example_bash_operator.py for tasks to queue
[2025-07-28T22:54:25.376+0000] {logging_mixin.py:137} INFO - [2025-07-28T22:54:25.375+0000] {dagbag.py:538} INFO - Filling up the DagBag from /home/airflow/.local/lib/python3.7/site-packages/airflow/example_dags/example_bash_operator.py
[2025-07-28T22:54:25.426+0000] {processor.py:753} INFO - DAG(s) dict_keys(['example_bash_operator']) retrieved from /home/airflow/.local/lib/python3.7/site-packages/airflow/example_dags/example_bash_operator.py
[2025-07-28T22:54:25.518+0000] {logging_mixin.py:137} INFO - [2025-07-28T22:54:25.517+0000] {dag.py:2690} INFO - Sync 1 DAGs
[2025-07-28T22:54:25.565+0000] {logging_mixin.py:137} INFO - [2025-07-28T22:54:25.564+0000] {dag.py:3441} INFO - Setting next_dagrun for example_bash_operator to 2025-07-27T00:00:00+00:00, run_after=2025-07-28T00:00:00+00:00
[2025-07-28T22:54:25.604+0000] {processor.py:175} INFO - Processing /home/airflow/.local/lib/python3.7/site-packages/airflow/example_dags/example_bash_operator.py took 0.238 seconds
[2025-07-28T22:54:56.117+0000] {processor.py:153} INFO - Started process (PID=1439) to work on /home/airflow/.local/lib/python3.7/site-packages/airflow/example_dags/example_bash_operator.py
[2025-07-28T22:54:56.118+0000] {processor.py:743} INFO - Processing file /home/airflow/.local/lib/python3.7/site-packages/airflow/example_dags/example_bash_operator.py for tasks to queue
[2025-07-28T22:54:56.120+0000] {logging_mixin.py:137} INFO - [2025-07-28T22:54:56.120+0000] {dagbag.py:538} INFO - Filling up the DagBag from /home/airflow/.local/lib/python3.7/site-packages/airflow/example_dags/example_bash_operator.py
[2025-07-28T22:54:56.183+0000] {processor.py:753} INFO - DAG(s) dict_keys(['example_bash_operator']) retrieved from /home/airflow/.local/lib/python3.7/site-packages/airflow/example_dags/example_bash_operator.py
[2025-07-28T22:54:56.281+0000] {logging_mixin.py:137} INFO - [2025-07-28T22:54:56.281+0000] {dag.py:2690} INFO - Sync 1 DAGs
[2025-07-28T22:54:56.361+0000] {logging_mixin.py:137} INFO - [2025-07-28T22:54:56.361+0000] {dag.py:3441} INFO - Setting next_dagrun for example_bash_operator to 2025-07-27T00:00:00+00:00, run_after=2025-07-28T00:00:00+00:00
[2025-07-28T22:54:56.421+0000] {processor.py:175} INFO - Processing /home/airflow/.local/lib/python3.7/site-packages/airflow/example_dags/example_bash_operator.py took 0.311 seconds
[2025-07-28T22:55:26.538+0000] {processor.py:153} INFO - Started process (PID=1511) to work on /home/airflow/.local/lib/python3.7/site-packages/airflow/example_dags/example_bash_operator.py
[2025-07-28T22:55:26.540+0000] {processor.py:743} INFO - Processing file /home/airflow/.local/lib/python3.7/site-packages/airflow/example_dags/example_bash_operator.py for tasks to queue
[2025-07-28T22:55:26.541+0000] {logging_mixin.py:137} INFO - [2025-07-28T22:55:26.541+0000] {dagbag.py:538} INFO - Filling up the DagBag from /home/airflow/.local/lib/python3.7/site-packages/airflow/example_dags/example_bash_operator.py
[2025-07-28T22:55:26.573+0000] {processor.py:753} INFO - DAG(s) dict_keys(['example_bash_operator']) retrieved from /home/airflow/.local/lib/python3.7/site-packages/airflow/example_dags/example_bash_operator.py
[2025-07-28T22:55:26.620+0000] {logging_mixin.py:137} INFO - [2025-07-28T22:55:26.619+0000] {dag.py:2690} INFO - Sync 1 DAGs
[2025-07-28T22:55:26.655+0000] {logging_mixin.py:137} INFO - [2025-07-28T22:55:26.655+0000] {dag.py:3441} INFO - Setting next_dagrun for example_bash_operator to 2025-07-27T00:00:00+00:00, run_after=2025-07-28T00:00:00+00:00
[2025-07-28T22:55:26.682+0000] {processor.py:175} INFO - Processing /home/airflow/.local/lib/python3.7/site-packages/airflow/example_dags/example_bash_operator.py took 0.150 seconds
[2025-07-28T22:55:56.758+0000] {processor.py:153} INFO - Started process (PID=1582) to work on /home/airflow/.local/lib/python3.7/site-packages/airflow/example_dags/example_bash_operator.py
[2025-07-28T22:55:56.760+0000] {processor.py:743} INFO - Processing file /home/airflow/.local/lib/python3.7/site-packages/airflow/example_dags/example_bash_operator.py for tasks to queue
[2025-07-28T22:55:56.761+0000] {logging_mixin.py:137} INFO - [2025-07-28T22:55:56.761+0000] {dagbag.py:538} INFO - Filling up the DagBag from /home/airflow/.local/lib/python3.7/site-packages/airflow/example_dags/example_bash_operator.py
[2025-07-28T22:55:56.792+0000] {processor.py:753} INFO - DAG(s) dict_keys(['example_bash_operator']) retrieved from /home/airflow/.local/lib/python3.7/site-packages/airflow/example_dags/example_bash_operator.py
[2025-07-28T22:55:56.842+0000] {logging_mixin.py:137} INFO - [2025-07-28T22:55:56.842+0000] {dag.py:2690} INFO - Sync 1 DAGs
[2025-07-28T22:55:56.873+0000] {logging_mixin.py:137} INFO - [2025-07-28T22:55:56.873+0000] {dag.py:3441} INFO - Setting next_dagrun for example_bash_operator to 2025-07-27T00:00:00+00:00, run_after=2025-07-28T00:00:00+00:00
[2025-07-28T22:55:56.896+0000] {processor.py:175} INFO - Processing /home/airflow/.local/lib/python3.7/site-packages/airflow/example_dags/example_bash_operator.py took 0.142 seconds
[2025-07-28T22:56:27.310+0000] {processor.py:153} INFO - Started process (PID=1653) to work on /home/airflow/.local/lib/python3.7/site-packages/airflow/example_dags/example_bash_operator.py
[2025-07-28T22:56:27.313+0000] {processor.py:743} INFO - Processing file /home/airflow/.local/lib/python3.7/site-packages/airflow/example_dags/example_bash_operator.py for tasks to queue
[2025-07-28T22:56:27.314+0000] {logging_mixin.py:137} INFO - [2025-07-28T22:56:27.314+0000] {dagbag.py:538} INFO - Filling up the DagBag from /home/airflow/.local/lib/python3.7/site-packages/airflow/example_dags/example_bash_operator.py
[2025-07-28T22:56:27.351+0000] {processor.py:753} INFO - DAG(s) dict_keys(['example_bash_operator']) retrieved from /home/airflow/.local/lib/python3.7/site-packages/airflow/example_dags/example_bash_operator.py
[2025-07-28T22:56:27.418+0000] {logging_mixin.py:137} INFO - [2025-07-28T22:56:27.417+0000] {dag.py:2690} INFO - Sync 1 DAGs
[2025-07-28T22:56:27.471+0000] {logging_mixin.py:137} INFO - [2025-07-28T22:56:27.471+0000] {dag.py:3441} INFO - Setting next_dagrun for example_bash_operator to 2025-07-27T00:00:00+00:00, run_after=2025-07-28T00:00:00+00:00
[2025-07-28T22:56:27.514+0000] {processor.py:175} INFO - Processing /home/airflow/.local/lib/python3.7/site-packages/airflow/example_dags/example_bash_operator.py took 0.210 seconds
[2025-07-28T22:56:57.698+0000] {processor.py:153} INFO - Started process (PID=1725) to work on /home/airflow/.local/lib/python3.7/site-packages/airflow/example_dags/example_bash_operator.py
[2025-07-28T22:56:57.699+0000] {processor.py:743} INFO - Processing file /home/airflow/.local/lib/python3.7/site-packages/airflow/example_dags/example_bash_operator.py for tasks to queue
[2025-07-28T22:56:57.701+0000] {logging_mixin.py:137} INFO - [2025-07-28T22:56:57.700+0000] {dagbag.py:538} INFO - Filling up the DagBag from /home/airflow/.local/lib/python3.7/site-packages/airflow/example_dags/example_bash_operator.py
[2025-07-28T22:56:57.742+0000] {processor.py:753} INFO - DAG(s) dict_keys(['example_bash_operator']) retrieved from /home/airflow/.local/lib/python3.7/site-packages/airflow/example_dags/example_bash_operator.py
[2025-07-28T22:56:57.813+0000] {logging_mixin.py:137} INFO - [2025-07-28T22:56:57.812+0000] {dag.py:2690} INFO - Sync 1 DAGs
[2025-07-28T22:56:57.851+0000] {logging_mixin.py:137} INFO - [2025-07-28T22:56:57.850+0000] {dag.py:3441} INFO - Setting next_dagrun for example_bash_operator to 2025-07-27T00:00:00+00:00, run_after=2025-07-28T00:00:00+00:00
[2025-07-28T22:56:57.880+0000] {processor.py:175} INFO - Processing /home/airflow/.local/lib/python3.7/site-packages/airflow/example_dags/example_bash_operator.py took 0.187 seconds
[2025-07-28T22:57:28.925+0000] {processor.py:153} INFO - Started process (PID=1812) to work on /home/airflow/.local/lib/python3.7/site-packages/airflow/example_dags/example_bash_operator.py
[2025-07-28T22:57:28.927+0000] {processor.py:743} INFO - Processing file /home/airflow/.local/lib/python3.7/site-packages/airflow/example_dags/example_bash_operator.py for tasks to queue
[2025-07-28T22:57:28.928+0000] {logging_mixin.py:137} INFO - [2025-07-28T22:57:28.928+0000] {dagbag.py:538} INFO - Filling up the DagBag from /home/airflow/.local/lib/python3.7/site-packages/airflow/example_dags/example_bash_operator.py
[2025-07-28T22:57:28.974+0000] {processor.py:753} INFO - DAG(s) dict_keys(['example_bash_operator']) retrieved from /home/airflow/.local/lib/python3.7/site-packages/airflow/example_dags/example_bash_operator.py
[2025-07-28T22:57:29.052+0000] {logging_mixin.py:137} INFO - [2025-07-28T22:57:29.051+0000] {dag.py:2690} INFO - Sync 1 DAGs
[2025-07-28T22:57:29.108+0000] {logging_mixin.py:137} INFO - [2025-07-28T22:57:29.108+0000] {dag.py:3441} INFO - Setting next_dagrun for example_bash_operator to 2025-07-27T00:00:00+00:00, run_after=2025-07-28T00:00:00+00:00
[2025-07-28T22:57:29.145+0000] {processor.py:175} INFO - Processing /home/airflow/.local/lib/python3.7/site-packages/airflow/example_dags/example_bash_operator.py took 0.226 seconds
[2025-07-28T22:57:59.333+0000] {processor.py:153} INFO - Started process (PID=1883) to work on /home/airflow/.local/lib/python3.7/site-packages/airflow/example_dags/example_bash_operator.py
[2025-07-28T22:57:59.335+0000] {processor.py:743} INFO - Processing file /home/airflow/.local/lib/python3.7/site-packages/airflow/example_dags/example_bash_operator.py for tasks to queue
[2025-07-28T22:57:59.336+0000] {logging_mixin.py:137} INFO - [2025-07-28T22:57:59.336+0000] {dagbag.py:538} INFO - Filling up the DagBag from /home/airflow/.local/lib/python3.7/site-packages/airflow/example_dags/example_bash_operator.py
[2025-07-28T22:57:59.360+0000] {processor.py:753} INFO - DAG(s) dict_keys(['example_bash_operator']) retrieved from /home/airflow/.local/lib/python3.7/site-packages/airflow/example_dags/example_bash_operator.py
[2025-07-28T22:57:59.401+0000] {logging_mixin.py:137} INFO - [2025-07-28T22:57:59.401+0000] {dag.py:2690} INFO - Sync 1 DAGs
[2025-07-28T22:57:59.427+0000] {logging_mixin.py:137} INFO - [2025-07-28T22:57:59.427+0000] {dag.py:3441} INFO - Setting next_dagrun for example_bash_operator to 2025-07-27T00:00:00+00:00, run_after=2025-07-28T00:00:00+00:00
[2025-07-28T22:57:59.450+0000] {processor.py:175} INFO - Processing /home/airflow/.local/lib/python3.7/site-packages/airflow/example_dags/example_bash_operator.py took 0.120 seconds
[2025-07-28T22:58:29.722+0000] {processor.py:153} INFO - Started process (PID=1954) to work on /home/airflow/.local/lib/python3.7/site-packages/airflow/example_dags/example_bash_operator.py
[2025-07-28T22:58:29.723+0000] {processor.py:743} INFO - Processing file /home/airflow/.local/lib/python3.7/site-packages/airflow/example_dags/example_bash_operator.py for tasks to queue
[2025-07-28T22:58:29.724+0000] {logging_mixin.py:137} INFO - [2025-07-28T22:58:29.724+0000] {dagbag.py:538} INFO - Filling up the DagBag from /home/airflow/.local/lib/python3.7/site-packages/airflow/example_dags/example_bash_operator.py
[2025-07-28T22:58:29.752+0000] {processor.py:753} INFO - DAG(s) dict_keys(['example_bash_operator']) retrieved from /home/airflow/.local/lib/python3.7/site-packages/airflow/example_dags/example_bash_operator.py
[2025-07-28T22:58:29.799+0000] {logging_mixin.py:137} INFO - [2025-07-28T22:58:29.799+0000] {dag.py:2690} INFO - Sync 1 DAGs
[2025-07-28T22:58:29.831+0000] {logging_mixin.py:137} INFO - [2025-07-28T22:58:29.831+0000] {dag.py:3441} INFO - Setting next_dagrun for example_bash_operator to 2025-07-27T00:00:00+00:00, run_after=2025-07-28T00:00:00+00:00
[2025-07-28T22:58:29.859+0000] {processor.py:175} INFO - Processing /home/airflow/.local/lib/python3.7/site-packages/airflow/example_dags/example_bash_operator.py took 0.141 seconds
[2025-07-28T22:59:00.555+0000] {processor.py:153} INFO - Started process (PID=2041) to work on /home/airflow/.local/lib/python3.7/site-packages/airflow/example_dags/example_bash_operator.py
[2025-07-28T22:59:00.558+0000] {processor.py:743} INFO - Processing file /home/airflow/.local/lib/python3.7/site-packages/airflow/example_dags/example_bash_operator.py for tasks to queue
[2025-07-28T22:59:00.560+0000] {logging_mixin.py:137} INFO - [2025-07-28T22:59:00.560+0000] {dagbag.py:538} INFO - Filling up the DagBag from /home/airflow/.local/lib/python3.7/site-packages/airflow/example_dags/example_bash_operator.py
[2025-07-28T22:59:00.603+0000] {processor.py:753} INFO - DAG(s) dict_keys(['example_bash_operator']) retrieved from /home/airflow/.local/lib/python3.7/site-packages/airflow/example_dags/example_bash_operator.py
[2025-07-28T22:59:00.721+0000] {logging_mixin.py:137} INFO - [2025-07-28T22:59:00.721+0000] {dag.py:2690} INFO - Sync 1 DAGs
[2025-07-28T22:59:00.786+0000] {logging_mixin.py:137} INFO - [2025-07-28T22:59:00.786+0000] {dag.py:3441} INFO - Setting next_dagrun for example_bash_operator to 2025-07-27T00:00:00+00:00, run_after=2025-07-28T00:00:00+00:00
[2025-07-28T22:59:00.812+0000] {processor.py:175} INFO - Processing /home/airflow/.local/lib/python3.7/site-packages/airflow/example_dags/example_bash_operator.py took 0.269 seconds
[2025-07-28T22:59:31.206+0000] {processor.py:153} INFO - Started process (PID=2112) to work on /home/airflow/.local/lib/python3.7/site-packages/airflow/example_dags/example_bash_operator.py
[2025-07-28T22:59:31.208+0000] {processor.py:743} INFO - Processing file /home/airflow/.local/lib/python3.7/site-packages/airflow/example_dags/example_bash_operator.py for tasks to queue
[2025-07-28T22:59:31.209+0000] {logging_mixin.py:137} INFO - [2025-07-28T22:59:31.209+0000] {dagbag.py:538} INFO - Filling up the DagBag from /home/airflow/.local/lib/python3.7/site-packages/airflow/example_dags/example_bash_operator.py
[2025-07-28T22:59:31.243+0000] {processor.py:753} INFO - DAG(s) dict_keys(['example_bash_operator']) retrieved from /home/airflow/.local/lib/python3.7/site-packages/airflow/example_dags/example_bash_operator.py
[2025-07-28T22:59:31.306+0000] {logging_mixin.py:137} INFO - [2025-07-28T22:59:31.305+0000] {dag.py:2690} INFO - Sync 1 DAGs
[2025-07-28T22:59:31.350+0000] {logging_mixin.py:137} INFO - [2025-07-28T22:59:31.350+0000] {dag.py:3441} INFO - Setting next_dagrun for example_bash_operator to 2025-07-27T00:00:00+00:00, run_after=2025-07-28T00:00:00+00:00
[2025-07-28T22:59:31.384+0000] {processor.py:175} INFO - Processing /home/airflow/.local/lib/python3.7/site-packages/airflow/example_dags/example_bash_operator.py took 0.185 seconds
[2025-07-28T23:00:02.293+0000] {processor.py:153} INFO - Started process (PID=2184) to work on /home/airflow/.local/lib/python3.7/site-packages/airflow/example_dags/example_bash_operator.py
[2025-07-28T23:00:02.295+0000] {processor.py:743} INFO - Processing file /home/airflow/.local/lib/python3.7/site-packages/airflow/example_dags/example_bash_operator.py for tasks to queue
[2025-07-28T23:00:02.296+0000] {logging_mixin.py:137} INFO - [2025-07-28T23:00:02.296+0000] {dagbag.py:538} INFO - Filling up the DagBag from /home/airflow/.local/lib/python3.7/site-packages/airflow/example_dags/example_bash_operator.py
[2025-07-28T23:00:02.359+0000] {processor.py:753} INFO - DAG(s) dict_keys(['example_bash_operator']) retrieved from /home/airflow/.local/lib/python3.7/site-packages/airflow/example_dags/example_bash_operator.py
[2025-07-28T23:00:02.440+0000] {logging_mixin.py:137} INFO - [2025-07-28T23:00:02.440+0000] {dag.py:2690} INFO - Sync 1 DAGs
[2025-07-28T23:00:02.504+0000] {logging_mixin.py:137} INFO - [2025-07-28T23:00:02.504+0000] {dag.py:3441} INFO - Setting next_dagrun for example_bash_operator to 2025-07-27T00:00:00+00:00, run_after=2025-07-28T00:00:00+00:00
[2025-07-28T23:00:02.555+0000] {processor.py:175} INFO - Processing /home/airflow/.local/lib/python3.7/site-packages/airflow/example_dags/example_bash_operator.py took 0.266 seconds
[2025-07-28T23:00:33.434+0000] {processor.py:153} INFO - Started process (PID=2271) to work on /home/airflow/.local/lib/python3.7/site-packages/airflow/example_dags/example_bash_operator.py
[2025-07-28T23:00:33.436+0000] {processor.py:743} INFO - Processing file /home/airflow/.local/lib/python3.7/site-packages/airflow/example_dags/example_bash_operator.py for tasks to queue
[2025-07-28T23:00:33.437+0000] {logging_mixin.py:137} INFO - [2025-07-28T23:00:33.436+0000] {dagbag.py:538} INFO - Filling up the DagBag from /home/airflow/.local/lib/python3.7/site-packages/airflow/example_dags/example_bash_operator.py
[2025-07-28T23:00:33.465+0000] {processor.py:753} INFO - DAG(s) dict_keys(['example_bash_operator']) retrieved from /home/airflow/.local/lib/python3.7/site-packages/airflow/example_dags/example_bash_operator.py
[2025-07-28T23:00:33.530+0000] {logging_mixin.py:137} INFO - [2025-07-28T23:00:33.530+0000] {dag.py:2690} INFO - Sync 1 DAGs
[2025-07-28T23:00:33.597+0000] {logging_mixin.py:137} INFO - [2025-07-28T23:00:33.597+0000] {dag.py:3441} INFO - Setting next_dagrun for example_bash_operator to 2025-07-27T00:00:00+00:00, run_after=2025-07-28T00:00:00+00:00
[2025-07-28T23:00:33.639+0000] {processor.py:175} INFO - Processing /home/airflow/.local/lib/python3.7/site-packages/airflow/example_dags/example_bash_operator.py took 0.209 seconds
[2025-07-28T23:01:05.189+0000] {processor.py:153} INFO - Started process (PID=2342) to work on /home/airflow/.local/lib/python3.7/site-packages/airflow/example_dags/example_bash_operator.py
[2025-07-28T23:01:05.190+0000] {processor.py:743} INFO - Processing file /home/airflow/.local/lib/python3.7/site-packages/airflow/example_dags/example_bash_operator.py for tasks to queue
[2025-07-28T23:01:05.192+0000] {logging_mixin.py:137} INFO - [2025-07-28T23:01:05.192+0000] {dagbag.py:538} INFO - Filling up the DagBag from /home/airflow/.local/lib/python3.7/site-packages/airflow/example_dags/example_bash_operator.py
[2025-07-28T23:01:05.233+0000] {processor.py:753} INFO - DAG(s) dict_keys(['example_bash_operator']) retrieved from /home/airflow/.local/lib/python3.7/site-packages/airflow/example_dags/example_bash_operator.py
[2025-07-28T23:01:05.287+0000] {logging_mixin.py:137} INFO - [2025-07-28T23:01:05.287+0000] {dag.py:2690} INFO - Sync 1 DAGs
[2025-07-28T23:01:05.321+0000] {logging_mixin.py:137} INFO - [2025-07-28T23:01:05.321+0000] {dag.py:3441} INFO - Setting next_dagrun for example_bash_operator to 2025-07-27T00:00:00+00:00, run_after=2025-07-28T00:00:00+00:00
[2025-07-28T23:01:05.344+0000] {processor.py:175} INFO - Processing /home/airflow/.local/lib/python3.7/site-packages/airflow/example_dags/example_bash_operator.py took 0.161 seconds
[2025-07-28T23:01:35.719+0000] {processor.py:153} INFO - Started process (PID=2430) to work on /home/airflow/.local/lib/python3.7/site-packages/airflow/example_dags/example_bash_operator.py
[2025-07-28T23:01:35.721+0000] {processor.py:743} INFO - Processing file /home/airflow/.local/lib/python3.7/site-packages/airflow/example_dags/example_bash_operator.py for tasks to queue
[2025-07-28T23:01:35.725+0000] {logging_mixin.py:137} INFO - [2025-07-28T23:01:35.724+0000] {dagbag.py:538} INFO - Filling up the DagBag from /home/airflow/.local/lib/python3.7/site-packages/airflow/example_dags/example_bash_operator.py
[2025-07-28T23:01:35.759+0000] {processor.py:753} INFO - DAG(s) dict_keys(['example_bash_operator']) retrieved from /home/airflow/.local/lib/python3.7/site-packages/airflow/example_dags/example_bash_operator.py
[2025-07-28T23:01:35.818+0000] {logging_mixin.py:137} INFO - [2025-07-28T23:01:35.818+0000] {dag.py:2690} INFO - Sync 1 DAGs
[2025-07-28T23:01:35.854+0000] {logging_mixin.py:137} INFO - [2025-07-28T23:01:35.854+0000] {dag.py:3441} INFO - Setting next_dagrun for example_bash_operator to 2025-07-27T00:00:00+00:00, run_after=2025-07-28T00:00:00+00:00
[2025-07-28T23:01:35.885+0000] {processor.py:175} INFO - Processing /home/airflow/.local/lib/python3.7/site-packages/airflow/example_dags/example_bash_operator.py took 0.169 seconds
[2025-07-28T23:02:06.447+0000] {processor.py:153} INFO - Started process (PID=2501) to work on /home/airflow/.local/lib/python3.7/site-packages/airflow/example_dags/example_bash_operator.py
[2025-07-28T23:02:06.449+0000] {processor.py:743} INFO - Processing file /home/airflow/.local/lib/python3.7/site-packages/airflow/example_dags/example_bash_operator.py for tasks to queue
[2025-07-28T23:02:06.451+0000] {logging_mixin.py:137} INFO - [2025-07-28T23:02:06.451+0000] {dagbag.py:538} INFO - Filling up the DagBag from /home/airflow/.local/lib/python3.7/site-packages/airflow/example_dags/example_bash_operator.py
[2025-07-28T23:02:06.501+0000] {processor.py:753} INFO - DAG(s) dict_keys(['example_bash_operator']) retrieved from /home/airflow/.local/lib/python3.7/site-packages/airflow/example_dags/example_bash_operator.py
[2025-07-28T23:02:06.562+0000] {logging_mixin.py:137} INFO - [2025-07-28T23:02:06.562+0000] {dag.py:2690} INFO - Sync 1 DAGs
[2025-07-28T23:02:06.603+0000] {logging_mixin.py:137} INFO - [2025-07-28T23:02:06.603+0000] {dag.py:3441} INFO - Setting next_dagrun for example_bash_operator to 2025-07-27T00:00:00+00:00, run_after=2025-07-28T00:00:00+00:00
[2025-07-28T23:02:06.637+0000] {processor.py:175} INFO - Processing /home/airflow/.local/lib/python3.7/site-packages/airflow/example_dags/example_bash_operator.py took 0.196 seconds
[2025-07-28T23:02:37.454+0000] {processor.py:153} INFO - Started process (PID=2587) to work on /home/airflow/.local/lib/python3.7/site-packages/airflow/example_dags/example_bash_operator.py
[2025-07-28T23:02:37.458+0000] {processor.py:743} INFO - Processing file /home/airflow/.local/lib/python3.7/site-packages/airflow/example_dags/example_bash_operator.py for tasks to queue
[2025-07-28T23:02:37.460+0000] {logging_mixin.py:137} INFO - [2025-07-28T23:02:37.459+0000] {dagbag.py:538} INFO - Filling up the DagBag from /home/airflow/.local/lib/python3.7/site-packages/airflow/example_dags/example_bash_operator.py
[2025-07-28T23:02:37.515+0000] {processor.py:753} INFO - DAG(s) dict_keys(['example_bash_operator']) retrieved from /home/airflow/.local/lib/python3.7/site-packages/airflow/example_dags/example_bash_operator.py
[2025-07-28T23:02:37.538+0000] {logging_mixin.py:137} INFO - [2025-07-28T23:02:37.538+0000] {dag.py:2690} INFO - Sync 1 DAGs
[2025-07-28T23:02:37.593+0000] {logging_mixin.py:137} INFO - [2025-07-28T23:02:37.593+0000] {dag.py:3441} INFO - Setting next_dagrun for example_bash_operator to 2025-07-27T00:00:00+00:00, run_after=2025-07-28T00:00:00+00:00
[2025-07-28T23:02:37.627+0000] {processor.py:175} INFO - Processing /home/airflow/.local/lib/python3.7/site-packages/airflow/example_dags/example_bash_operator.py took 0.179 seconds
[2025-07-28T23:03:08.189+0000] {processor.py:153} INFO - Started process (PID=2658) to work on /home/airflow/.local/lib/python3.7/site-packages/airflow/example_dags/example_bash_operator.py
[2025-07-28T23:03:08.190+0000] {processor.py:743} INFO - Processing file /home/airflow/.local/lib/python3.7/site-packages/airflow/example_dags/example_bash_operator.py for tasks to queue
[2025-07-28T23:03:08.191+0000] {logging_mixin.py:137} INFO - [2025-07-28T23:03:08.191+0000] {dagbag.py:538} INFO - Filling up the DagBag from /home/airflow/.local/lib/python3.7/site-packages/airflow/example_dags/example_bash_operator.py
[2025-07-28T23:03:08.230+0000] {processor.py:753} INFO - DAG(s) dict_keys(['example_bash_operator']) retrieved from /home/airflow/.local/lib/python3.7/site-packages/airflow/example_dags/example_bash_operator.py
[2025-07-28T23:03:08.249+0000] {logging_mixin.py:137} INFO - [2025-07-28T23:03:08.248+0000] {dag.py:2690} INFO - Sync 1 DAGs
[2025-07-28T23:03:08.284+0000] {logging_mixin.py:137} INFO - [2025-07-28T23:03:08.284+0000] {dag.py:3441} INFO - Setting next_dagrun for example_bash_operator to 2025-07-27T00:00:00+00:00, run_after=2025-07-28T00:00:00+00:00
[2025-07-28T23:03:08.309+0000] {processor.py:175} INFO - Processing /home/airflow/.local/lib/python3.7/site-packages/airflow/example_dags/example_bash_operator.py took 0.124 seconds
[2025-07-28T23:03:38.733+0000] {processor.py:153} INFO - Started process (PID=2729) to work on /home/airflow/.local/lib/python3.7/site-packages/airflow/example_dags/example_bash_operator.py
[2025-07-28T23:03:38.734+0000] {processor.py:743} INFO - Processing file /home/airflow/.local/lib/python3.7/site-packages/airflow/example_dags/example_bash_operator.py for tasks to queue
[2025-07-28T23:03:38.736+0000] {logging_mixin.py:137} INFO - [2025-07-28T23:03:38.735+0000] {dagbag.py:538} INFO - Filling up the DagBag from /home/airflow/.local/lib/python3.7/site-packages/airflow/example_dags/example_bash_operator.py
[2025-07-28T23:03:38.788+0000] {processor.py:753} INFO - DAG(s) dict_keys(['example_bash_operator']) retrieved from /home/airflow/.local/lib/python3.7/site-packages/airflow/example_dags/example_bash_operator.py
[2025-07-28T23:03:38.821+0000] {logging_mixin.py:137} INFO - [2025-07-28T23:03:38.821+0000] {dag.py:2690} INFO - Sync 1 DAGs
[2025-07-28T23:03:38.887+0000] {logging_mixin.py:137} INFO - [2025-07-28T23:03:38.887+0000] {dag.py:3441} INFO - Setting next_dagrun for example_bash_operator to 2025-07-27T00:00:00+00:00, run_after=2025-07-28T00:00:00+00:00
[2025-07-28T23:03:38.921+0000] {processor.py:175} INFO - Processing /home/airflow/.local/lib/python3.7/site-packages/airflow/example_dags/example_bash_operator.py took 0.200 seconds
[2025-07-28T23:04:09.011+0000] {processor.py:153} INFO - Started process (PID=2816) to work on /home/airflow/.local/lib/python3.7/site-packages/airflow/example_dags/example_bash_operator.py
[2025-07-28T23:04:09.012+0000] {processor.py:743} INFO - Processing file /home/airflow/.local/lib/python3.7/site-packages/airflow/example_dags/example_bash_operator.py for tasks to queue
[2025-07-28T23:04:09.013+0000] {logging_mixin.py:137} INFO - [2025-07-28T23:04:09.013+0000] {dagbag.py:538} INFO - Filling up the DagBag from /home/airflow/.local/lib/python3.7/site-packages/airflow/example_dags/example_bash_operator.py
[2025-07-28T23:04:09.048+0000] {processor.py:753} INFO - DAG(s) dict_keys(['example_bash_operator']) retrieved from /home/airflow/.local/lib/python3.7/site-packages/airflow/example_dags/example_bash_operator.py
[2025-07-28T23:04:09.100+0000] {logging_mixin.py:137} INFO - [2025-07-28T23:04:09.100+0000] {dag.py:2690} INFO - Sync 1 DAGs
[2025-07-28T23:04:09.138+0000] {logging_mixin.py:137} INFO - [2025-07-28T23:04:09.137+0000] {dag.py:3441} INFO - Setting next_dagrun for example_bash_operator to 2025-07-27T00:00:00+00:00, run_after=2025-07-28T00:00:00+00:00
[2025-07-28T23:04:09.165+0000] {processor.py:175} INFO - Processing /home/airflow/.local/lib/python3.7/site-packages/airflow/example_dags/example_bash_operator.py took 0.158 seconds
[2025-07-28T23:04:39.394+0000] {processor.py:153} INFO - Started process (PID=2886) to work on /home/airflow/.local/lib/python3.7/site-packages/airflow/example_dags/example_bash_operator.py
[2025-07-28T23:04:39.396+0000] {processor.py:743} INFO - Processing file /home/airflow/.local/lib/python3.7/site-packages/airflow/example_dags/example_bash_operator.py for tasks to queue
[2025-07-28T23:04:39.397+0000] {logging_mixin.py:137} INFO - [2025-07-28T23:04:39.396+0000] {dagbag.py:538} INFO - Filling up the DagBag from /home/airflow/.local/lib/python3.7/site-packages/airflow/example_dags/example_bash_operator.py
[2025-07-28T23:04:39.418+0000] {processor.py:753} INFO - DAG(s) dict_keys(['example_bash_operator']) retrieved from /home/airflow/.local/lib/python3.7/site-packages/airflow/example_dags/example_bash_operator.py
[2025-07-28T23:04:39.456+0000] {logging_mixin.py:137} INFO - [2025-07-28T23:04:39.456+0000] {dag.py:2690} INFO - Sync 1 DAGs
[2025-07-28T23:04:39.482+0000] {logging_mixin.py:137} INFO - [2025-07-28T23:04:39.482+0000] {dag.py:3441} INFO - Setting next_dagrun for example_bash_operator to 2025-07-27T00:00:00+00:00, run_after=2025-07-28T00:00:00+00:00
[2025-07-28T23:04:39.507+0000] {processor.py:175} INFO - Processing /home/airflow/.local/lib/python3.7/site-packages/airflow/example_dags/example_bash_operator.py took 0.117 seconds
[2025-07-28T23:05:09.856+0000] {processor.py:153} INFO - Started process (PID=2957) to work on /home/airflow/.local/lib/python3.7/site-packages/airflow/example_dags/example_bash_operator.py
[2025-07-28T23:05:09.857+0000] {processor.py:743} INFO - Processing file /home/airflow/.local/lib/python3.7/site-packages/airflow/example_dags/example_bash_operator.py for tasks to queue
[2025-07-28T23:05:09.858+0000] {logging_mixin.py:137} INFO - [2025-07-28T23:05:09.858+0000] {dagbag.py:538} INFO - Filling up the DagBag from /home/airflow/.local/lib/python3.7/site-packages/airflow/example_dags/example_bash_operator.py
[2025-07-28T23:05:09.888+0000] {processor.py:753} INFO - DAG(s) dict_keys(['example_bash_operator']) retrieved from /home/airflow/.local/lib/python3.7/site-packages/airflow/example_dags/example_bash_operator.py
[2025-07-28T23:05:09.940+0000] {logging_mixin.py:137} INFO - [2025-07-28T23:05:09.940+0000] {dag.py:2690} INFO - Sync 1 DAGs
[2025-07-28T23:05:09.972+0000] {logging_mixin.py:137} INFO - [2025-07-28T23:05:09.972+0000] {dag.py:3441} INFO - Setting next_dagrun for example_bash_operator to 2025-07-27T00:00:00+00:00, run_after=2025-07-28T00:00:00+00:00
[2025-07-28T23:05:10.004+0000] {processor.py:175} INFO - Processing /home/airflow/.local/lib/python3.7/site-packages/airflow/example_dags/example_bash_operator.py took 0.152 seconds
[2025-07-28T23:05:40.736+0000] {processor.py:153} INFO - Started process (PID=3045) to work on /home/airflow/.local/lib/python3.7/site-packages/airflow/example_dags/example_bash_operator.py
[2025-07-28T23:05:40.738+0000] {processor.py:743} INFO - Processing file /home/airflow/.local/lib/python3.7/site-packages/airflow/example_dags/example_bash_operator.py for tasks to queue
[2025-07-28T23:05:40.740+0000] {logging_mixin.py:137} INFO - [2025-07-28T23:05:40.740+0000] {dagbag.py:538} INFO - Filling up the DagBag from /home/airflow/.local/lib/python3.7/site-packages/airflow/example_dags/example_bash_operator.py
[2025-07-28T23:05:40.787+0000] {processor.py:753} INFO - DAG(s) dict_keys(['example_bash_operator']) retrieved from /home/airflow/.local/lib/python3.7/site-packages/airflow/example_dags/example_bash_operator.py
[2025-07-28T23:05:40.866+0000] {logging_mixin.py:137} INFO - [2025-07-28T23:05:40.866+0000] {dag.py:2690} INFO - Sync 1 DAGs
[2025-07-28T23:05:40.908+0000] {logging_mixin.py:137} INFO - [2025-07-28T23:05:40.908+0000] {dag.py:3441} INFO - Setting next_dagrun for example_bash_operator to 2025-07-27T00:00:00+00:00, run_after=2025-07-28T00:00:00+00:00
[2025-07-28T23:05:40.933+0000] {processor.py:175} INFO - Processing /home/airflow/.local/lib/python3.7/site-packages/airflow/example_dags/example_bash_operator.py took 0.204 seconds
[2025-07-28T23:06:11.257+0000] {processor.py:153} INFO - Started process (PID=3117) to work on /home/airflow/.local/lib/python3.7/site-packages/airflow/example_dags/example_bash_operator.py
[2025-07-28T23:06:11.259+0000] {processor.py:743} INFO - Processing file /home/airflow/.local/lib/python3.7/site-packages/airflow/example_dags/example_bash_operator.py for tasks to queue
[2025-07-28T23:06:11.260+0000] {logging_mixin.py:137} INFO - [2025-07-28T23:06:11.260+0000] {dagbag.py:538} INFO - Filling up the DagBag from /home/airflow/.local/lib/python3.7/site-packages/airflow/example_dags/example_bash_operator.py
[2025-07-28T23:06:11.284+0000] {processor.py:753} INFO - DAG(s) dict_keys(['example_bash_operator']) retrieved from /home/airflow/.local/lib/python3.7/site-packages/airflow/example_dags/example_bash_operator.py
[2025-07-28T23:06:11.319+0000] {logging_mixin.py:137} INFO - [2025-07-28T23:06:11.319+0000] {dag.py:2690} INFO - Sync 1 DAGs
[2025-07-28T23:06:11.343+0000] {logging_mixin.py:137} INFO - [2025-07-28T23:06:11.343+0000] {dag.py:3441} INFO - Setting next_dagrun for example_bash_operator to 2025-07-27T00:00:00+00:00, run_after=2025-07-28T00:00:00+00:00
[2025-07-28T23:06:11.365+0000] {processor.py:175} INFO - Processing /home/airflow/.local/lib/python3.7/site-packages/airflow/example_dags/example_bash_operator.py took 0.112 seconds
[2025-07-28T23:06:41.625+0000] {processor.py:153} INFO - Started process (PID=3189) to work on /home/airflow/.local/lib/python3.7/site-packages/airflow/example_dags/example_bash_operator.py
[2025-07-28T23:06:41.626+0000] {processor.py:743} INFO - Processing file /home/airflow/.local/lib/python3.7/site-packages/airflow/example_dags/example_bash_operator.py for tasks to queue
[2025-07-28T23:06:41.627+0000] {logging_mixin.py:137} INFO - [2025-07-28T23:06:41.627+0000] {dagbag.py:538} INFO - Filling up the DagBag from /home/airflow/.local/lib/python3.7/site-packages/airflow/example_dags/example_bash_operator.py
[2025-07-28T23:06:41.669+0000] {processor.py:753} INFO - DAG(s) dict_keys(['example_bash_operator']) retrieved from /home/airflow/.local/lib/python3.7/site-packages/airflow/example_dags/example_bash_operator.py
[2025-07-28T23:06:41.754+0000] {logging_mixin.py:137} INFO - [2025-07-28T23:06:41.754+0000] {dag.py:2690} INFO - Sync 1 DAGs
[2025-07-28T23:06:41.806+0000] {logging_mixin.py:137} INFO - [2025-07-28T23:06:41.806+0000] {dag.py:3441} INFO - Setting next_dagrun for example_bash_operator to 2025-07-27T00:00:00+00:00, run_after=2025-07-28T00:00:00+00:00
[2025-07-28T23:06:41.842+0000] {processor.py:175} INFO - Processing /home/airflow/.local/lib/python3.7/site-packages/airflow/example_dags/example_bash_operator.py took 0.222 seconds
