[2025-07-28T22:45:38.490+0000] {processor.py:153} INFO - Started process (PID=71) to work on /home/airflow/.local/lib/python3.7/site-packages/airflow/example_dags/example_external_task_marker_dag.py
[2025-07-28T22:45:38.493+0000] {processor.py:743} INFO - Processing file /home/airflow/.local/lib/python3.7/site-packages/airflow/example_dags/example_external_task_marker_dag.py for tasks to queue
[2025-07-28T22:45:38.495+0000] {logging_mixin.py:137} INFO - [2025-07-28T22:45:38.494+0000] {dagbag.py:538} INFO - Filling up the DagBag from /home/airflow/.local/lib/python3.7/site-packages/airflow/example_dags/example_external_task_marker_dag.py
[2025-07-28T22:45:38.534+0000] {processor.py:753} INFO - DAG(s) dict_keys(['example_external_task_marker_parent', 'example_external_task_marker_child']) retrieved from /home/airflow/.local/lib/python3.7/site-packages/airflow/example_dags/example_external_task_marker_dag.py
[2025-07-28T22:45:38.769+0000] {logging_mixin.py:137} INFO - [2025-07-28T22:45:38.769+0000] {manager.py:504} INFO - Created Permission View: can delete on DAG:example_external_task_marker_parent
[2025-07-28T22:45:38.786+0000] {logging_mixin.py:137} INFO - [2025-07-28T22:45:38.786+0000] {manager.py:504} INFO - Created Permission View: can read on DAG:example_external_task_marker_parent
[2025-07-28T22:45:38.804+0000] {logging_mixin.py:137} INFO - [2025-07-28T22:45:38.803+0000] {manager.py:504} INFO - Created Permission View: can edit on DAG:example_external_task_marker_parent
[2025-07-28T22:45:38.841+0000] {logging_mixin.py:137} INFO - [2025-07-28T22:45:38.840+0000] {manager.py:504} INFO - Created Permission View: can delete on DAG:example_external_task_marker_child
[2025-07-28T22:45:38.853+0000] {logging_mixin.py:137} INFO - [2025-07-28T22:45:38.853+0000] {manager.py:504} INFO - Created Permission View: can read on DAG:example_external_task_marker_child
[2025-07-28T22:45:38.868+0000] {logging_mixin.py:137} INFO - [2025-07-28T22:45:38.867+0000] {manager.py:504} INFO - Created Permission View: can edit on DAG:example_external_task_marker_child
[2025-07-28T22:45:38.869+0000] {logging_mixin.py:137} INFO - [2025-07-28T22:45:38.869+0000] {dag.py:2690} INFO - Sync 2 DAGs
[2025-07-28T22:45:38.899+0000] {logging_mixin.py:137} INFO - [2025-07-28T22:45:38.899+0000] {dag.py:2711} INFO - Creating ORM DAG for example_external_task_marker_child
[2025-07-28T22:45:38.901+0000] {logging_mixin.py:137} INFO - [2025-07-28T22:45:38.901+0000] {dag.py:2711} INFO - Creating ORM DAG for example_external_task_marker_parent
[2025-07-28T22:45:38.922+0000] {logging_mixin.py:137} INFO - [2025-07-28T22:45:38.922+0000] {dag.py:3441} INFO - Setting next_dagrun for example_external_task_marker_child to None, run_after=None
[2025-07-28T22:45:38.925+0000] {logging_mixin.py:137} INFO - [2025-07-28T22:45:38.925+0000] {dag.py:3441} INFO - Setting next_dagrun for example_external_task_marker_parent to None, run_after=None
[2025-07-28T22:45:38.964+0000] {processor.py:175} INFO - Processing /home/airflow/.local/lib/python3.7/site-packages/airflow/example_dags/example_external_task_marker_dag.py took 0.483 seconds
[2025-07-28T22:46:09.454+0000] {processor.py:153} INFO - Started process (PID=142) to work on /home/airflow/.local/lib/python3.7/site-packages/airflow/example_dags/example_external_task_marker_dag.py
[2025-07-28T22:46:09.460+0000] {processor.py:743} INFO - Processing file /home/airflow/.local/lib/python3.7/site-packages/airflow/example_dags/example_external_task_marker_dag.py for tasks to queue
[2025-07-28T22:46:09.462+0000] {logging_mixin.py:137} INFO - [2025-07-28T22:46:09.462+0000] {dagbag.py:538} INFO - Filling up the DagBag from /home/airflow/.local/lib/python3.7/site-packages/airflow/example_dags/example_external_task_marker_dag.py
[2025-07-28T22:46:09.549+0000] {processor.py:753} INFO - DAG(s) dict_keys(['example_external_task_marker_parent', 'example_external_task_marker_child']) retrieved from /home/airflow/.local/lib/python3.7/site-packages/airflow/example_dags/example_external_task_marker_dag.py
[2025-07-28T22:46:09.619+0000] {logging_mixin.py:137} INFO - [2025-07-28T22:46:09.618+0000] {dag.py:2690} INFO - Sync 2 DAGs
[2025-07-28T22:46:09.752+0000] {logging_mixin.py:137} INFO - [2025-07-28T22:46:09.752+0000] {dag.py:3441} INFO - Setting next_dagrun for example_external_task_marker_child to None, run_after=None
[2025-07-28T22:46:09.763+0000] {logging_mixin.py:137} INFO - [2025-07-28T22:46:09.763+0000] {dag.py:3441} INFO - Setting next_dagrun for example_external_task_marker_parent to None, run_after=None
[2025-07-28T22:46:09.833+0000] {processor.py:175} INFO - Processing /home/airflow/.local/lib/python3.7/site-packages/airflow/example_dags/example_external_task_marker_dag.py took 0.388 seconds
[2025-07-28T22:46:39.944+0000] {processor.py:153} INFO - Started process (PID=212) to work on /home/airflow/.local/lib/python3.7/site-packages/airflow/example_dags/example_external_task_marker_dag.py
[2025-07-28T22:46:39.946+0000] {processor.py:743} INFO - Processing file /home/airflow/.local/lib/python3.7/site-packages/airflow/example_dags/example_external_task_marker_dag.py for tasks to queue
[2025-07-28T22:46:39.947+0000] {logging_mixin.py:137} INFO - [2025-07-28T22:46:39.947+0000] {dagbag.py:538} INFO - Filling up the DagBag from /home/airflow/.local/lib/python3.7/site-packages/airflow/example_dags/example_external_task_marker_dag.py
[2025-07-28T22:46:39.974+0000] {processor.py:753} INFO - DAG(s) dict_keys(['example_external_task_marker_parent', 'example_external_task_marker_child']) retrieved from /home/airflow/.local/lib/python3.7/site-packages/airflow/example_dags/example_external_task_marker_dag.py
[2025-07-28T22:46:40.106+0000] {logging_mixin.py:137} INFO - [2025-07-28T22:46:40.106+0000] {dag.py:2690} INFO - Sync 2 DAGs
[2025-07-28T22:46:40.153+0000] {logging_mixin.py:137} INFO - [2025-07-28T22:46:40.152+0000] {dag.py:3441} INFO - Setting next_dagrun for example_external_task_marker_child to None, run_after=None
[2025-07-28T22:46:40.158+0000] {logging_mixin.py:137} INFO - [2025-07-28T22:46:40.157+0000] {dag.py:3441} INFO - Setting next_dagrun for example_external_task_marker_parent to None, run_after=None
[2025-07-28T22:46:40.181+0000] {processor.py:175} INFO - Processing /home/airflow/.local/lib/python3.7/site-packages/airflow/example_dags/example_external_task_marker_dag.py took 0.242 seconds
[2025-07-28T22:47:10.323+0000] {processor.py:153} INFO - Started process (PID=283) to work on /home/airflow/.local/lib/python3.7/site-packages/airflow/example_dags/example_external_task_marker_dag.py
[2025-07-28T22:47:10.324+0000] {processor.py:743} INFO - Processing file /home/airflow/.local/lib/python3.7/site-packages/airflow/example_dags/example_external_task_marker_dag.py for tasks to queue
[2025-07-28T22:47:10.325+0000] {logging_mixin.py:137} INFO - [2025-07-28T22:47:10.325+0000] {dagbag.py:538} INFO - Filling up the DagBag from /home/airflow/.local/lib/python3.7/site-packages/airflow/example_dags/example_external_task_marker_dag.py
[2025-07-28T22:47:10.342+0000] {processor.py:753} INFO - DAG(s) dict_keys(['example_external_task_marker_parent', 'example_external_task_marker_child']) retrieved from /home/airflow/.local/lib/python3.7/site-packages/airflow/example_dags/example_external_task_marker_dag.py
[2025-07-28T22:47:10.383+0000] {logging_mixin.py:137} INFO - [2025-07-28T22:47:10.383+0000] {dag.py:2690} INFO - Sync 2 DAGs
[2025-07-28T22:47:10.422+0000] {logging_mixin.py:137} INFO - [2025-07-28T22:47:10.421+0000] {dag.py:3441} INFO - Setting next_dagrun for example_external_task_marker_child to None, run_after=None
[2025-07-28T22:47:10.427+0000] {logging_mixin.py:137} INFO - [2025-07-28T22:47:10.427+0000] {dag.py:3441} INFO - Setting next_dagrun for example_external_task_marker_parent to None, run_after=None
[2025-07-28T22:47:10.454+0000] {processor.py:175} INFO - Processing /home/airflow/.local/lib/python3.7/site-packages/airflow/example_dags/example_external_task_marker_dag.py took 0.135 seconds
[2025-07-28T22:47:40.922+0000] {processor.py:153} INFO - Started process (PID=361) to work on /home/airflow/.local/lib/python3.7/site-packages/airflow/example_dags/example_external_task_marker_dag.py
[2025-07-28T22:47:40.924+0000] {processor.py:743} INFO - Processing file /home/airflow/.local/lib/python3.7/site-packages/airflow/example_dags/example_external_task_marker_dag.py for tasks to queue
[2025-07-28T22:47:40.926+0000] {logging_mixin.py:137} INFO - [2025-07-28T22:47:40.926+0000] {dagbag.py:538} INFO - Filling up the DagBag from /home/airflow/.local/lib/python3.7/site-packages/airflow/example_dags/example_external_task_marker_dag.py
[2025-07-28T22:47:40.958+0000] {processor.py:753} INFO - DAG(s) dict_keys(['example_external_task_marker_parent', 'example_external_task_marker_child']) retrieved from /home/airflow/.local/lib/python3.7/site-packages/airflow/example_dags/example_external_task_marker_dag.py
[2025-07-28T22:47:41.031+0000] {logging_mixin.py:137} INFO - [2025-07-28T22:47:41.030+0000] {dag.py:2690} INFO - Sync 2 DAGs
[2025-07-28T22:47:41.092+0000] {logging_mixin.py:137} INFO - [2025-07-28T22:47:41.092+0000] {dag.py:3441} INFO - Setting next_dagrun for example_external_task_marker_child to None, run_after=None
[2025-07-28T22:47:41.100+0000] {logging_mixin.py:137} INFO - [2025-07-28T22:47:41.100+0000] {dag.py:3441} INFO - Setting next_dagrun for example_external_task_marker_parent to None, run_after=None
[2025-07-28T22:47:41.136+0000] {processor.py:175} INFO - Processing /home/airflow/.local/lib/python3.7/site-packages/airflow/example_dags/example_external_task_marker_dag.py took 0.230 seconds
[2025-07-28T22:48:11.701+0000] {processor.py:153} INFO - Started process (PID=440) to work on /home/airflow/.local/lib/python3.7/site-packages/airflow/example_dags/example_external_task_marker_dag.py
[2025-07-28T22:48:11.703+0000] {processor.py:743} INFO - Processing file /home/airflow/.local/lib/python3.7/site-packages/airflow/example_dags/example_external_task_marker_dag.py for tasks to queue
[2025-07-28T22:48:11.706+0000] {logging_mixin.py:137} INFO - [2025-07-28T22:48:11.705+0000] {dagbag.py:538} INFO - Filling up the DagBag from /home/airflow/.local/lib/python3.7/site-packages/airflow/example_dags/example_external_task_marker_dag.py
[2025-07-28T22:48:11.734+0000] {processor.py:753} INFO - DAG(s) dict_keys(['example_external_task_marker_parent', 'example_external_task_marker_child']) retrieved from /home/airflow/.local/lib/python3.7/site-packages/airflow/example_dags/example_external_task_marker_dag.py
[2025-07-28T22:48:11.831+0000] {logging_mixin.py:137} INFO - [2025-07-28T22:48:11.831+0000] {dag.py:2690} INFO - Sync 2 DAGs
[2025-07-28T22:48:11.930+0000] {logging_mixin.py:137} INFO - [2025-07-28T22:48:11.930+0000] {dag.py:3441} INFO - Setting next_dagrun for example_external_task_marker_child to None, run_after=None
[2025-07-28T22:48:11.942+0000] {logging_mixin.py:137} INFO - [2025-07-28T22:48:11.942+0000] {dag.py:3441} INFO - Setting next_dagrun for example_external_task_marker_parent to None, run_after=None
[2025-07-28T22:48:12.000+0000] {processor.py:175} INFO - Processing /home/airflow/.local/lib/python3.7/site-packages/airflow/example_dags/example_external_task_marker_dag.py took 0.303 seconds
[2025-07-28T22:48:42.561+0000] {processor.py:153} INFO - Started process (PID=511) to work on /home/airflow/.local/lib/python3.7/site-packages/airflow/example_dags/example_external_task_marker_dag.py
[2025-07-28T22:48:42.563+0000] {processor.py:743} INFO - Processing file /home/airflow/.local/lib/python3.7/site-packages/airflow/example_dags/example_external_task_marker_dag.py for tasks to queue
[2025-07-28T22:48:42.564+0000] {logging_mixin.py:137} INFO - [2025-07-28T22:48:42.564+0000] {dagbag.py:538} INFO - Filling up the DagBag from /home/airflow/.local/lib/python3.7/site-packages/airflow/example_dags/example_external_task_marker_dag.py
[2025-07-28T22:48:42.593+0000] {processor.py:753} INFO - DAG(s) dict_keys(['example_external_task_marker_parent', 'example_external_task_marker_child']) retrieved from /home/airflow/.local/lib/python3.7/site-packages/airflow/example_dags/example_external_task_marker_dag.py
[2025-07-28T22:48:42.649+0000] {logging_mixin.py:137} INFO - [2025-07-28T22:48:42.649+0000] {dag.py:2690} INFO - Sync 2 DAGs
[2025-07-28T22:48:42.703+0000] {logging_mixin.py:137} INFO - [2025-07-28T22:48:42.702+0000] {dag.py:3441} INFO - Setting next_dagrun for example_external_task_marker_child to None, run_after=None
[2025-07-28T22:48:42.711+0000] {logging_mixin.py:137} INFO - [2025-07-28T22:48:42.711+0000] {dag.py:3441} INFO - Setting next_dagrun for example_external_task_marker_parent to None, run_after=None
[2025-07-28T22:48:42.739+0000] {processor.py:175} INFO - Processing /home/airflow/.local/lib/python3.7/site-packages/airflow/example_dags/example_external_task_marker_dag.py took 0.187 seconds
[2025-07-28T22:49:13.907+0000] {processor.py:153} INFO - Started process (PID=582) to work on /home/airflow/.local/lib/python3.7/site-packages/airflow/example_dags/example_external_task_marker_dag.py
[2025-07-28T22:49:13.909+0000] {processor.py:743} INFO - Processing file /home/airflow/.local/lib/python3.7/site-packages/airflow/example_dags/example_external_task_marker_dag.py for tasks to queue
[2025-07-28T22:49:13.912+0000] {logging_mixin.py:137} INFO - [2025-07-28T22:49:13.911+0000] {dagbag.py:538} INFO - Filling up the DagBag from /home/airflow/.local/lib/python3.7/site-packages/airflow/example_dags/example_external_task_marker_dag.py
[2025-07-28T22:49:13.947+0000] {processor.py:753} INFO - DAG(s) dict_keys(['example_external_task_marker_child', 'example_external_task_marker_parent']) retrieved from /home/airflow/.local/lib/python3.7/site-packages/airflow/example_dags/example_external_task_marker_dag.py
[2025-07-28T22:49:14.017+0000] {logging_mixin.py:137} INFO - [2025-07-28T22:49:14.016+0000] {dag.py:2690} INFO - Sync 2 DAGs
[2025-07-28T22:49:14.097+0000] {logging_mixin.py:137} INFO - [2025-07-28T22:49:14.097+0000] {dag.py:3441} INFO - Setting next_dagrun for example_external_task_marker_child to None, run_after=None
[2025-07-28T22:49:14.112+0000] {logging_mixin.py:137} INFO - [2025-07-28T22:49:14.112+0000] {dag.py:3441} INFO - Setting next_dagrun for example_external_task_marker_parent to None, run_after=None
[2025-07-28T22:49:14.236+0000] {processor.py:175} INFO - Processing /home/airflow/.local/lib/python3.7/site-packages/airflow/example_dags/example_external_task_marker_dag.py took 0.339 seconds
[2025-07-28T22:49:45.026+0000] {processor.py:153} INFO - Started process (PID=653) to work on /home/airflow/.local/lib/python3.7/site-packages/airflow/example_dags/example_external_task_marker_dag.py
[2025-07-28T22:49:45.028+0000] {processor.py:743} INFO - Processing file /home/airflow/.local/lib/python3.7/site-packages/airflow/example_dags/example_external_task_marker_dag.py for tasks to queue
[2025-07-28T22:49:45.030+0000] {logging_mixin.py:137} INFO - [2025-07-28T22:49:45.030+0000] {dagbag.py:538} INFO - Filling up the DagBag from /home/airflow/.local/lib/python3.7/site-packages/airflow/example_dags/example_external_task_marker_dag.py
[2025-07-28T22:49:45.054+0000] {processor.py:753} INFO - DAG(s) dict_keys(['example_external_task_marker_parent', 'example_external_task_marker_child']) retrieved from /home/airflow/.local/lib/python3.7/site-packages/airflow/example_dags/example_external_task_marker_dag.py
[2025-07-28T22:49:45.102+0000] {logging_mixin.py:137} INFO - [2025-07-28T22:49:45.102+0000] {dag.py:2690} INFO - Sync 2 DAGs
[2025-07-28T22:49:45.140+0000] {logging_mixin.py:137} INFO - [2025-07-28T22:49:45.138+0000] {dag.py:3441} INFO - Setting next_dagrun for example_external_task_marker_child to None, run_after=None
[2025-07-28T22:49:45.146+0000] {logging_mixin.py:137} INFO - [2025-07-28T22:49:45.146+0000] {dag.py:3441} INFO - Setting next_dagrun for example_external_task_marker_parent to None, run_after=None
[2025-07-28T22:49:45.183+0000] {processor.py:175} INFO - Processing /home/airflow/.local/lib/python3.7/site-packages/airflow/example_dags/example_external_task_marker_dag.py took 0.163 seconds
[2025-07-28T22:50:15.581+0000] {processor.py:153} INFO - Started process (PID=733) to work on /home/airflow/.local/lib/python3.7/site-packages/airflow/example_dags/example_external_task_marker_dag.py
[2025-07-28T22:50:15.583+0000] {processor.py:743} INFO - Processing file /home/airflow/.local/lib/python3.7/site-packages/airflow/example_dags/example_external_task_marker_dag.py for tasks to queue
[2025-07-28T22:50:15.584+0000] {logging_mixin.py:137} INFO - [2025-07-28T22:50:15.584+0000] {dagbag.py:538} INFO - Filling up the DagBag from /home/airflow/.local/lib/python3.7/site-packages/airflow/example_dags/example_external_task_marker_dag.py
[2025-07-28T22:50:15.604+0000] {processor.py:753} INFO - DAG(s) dict_keys(['example_external_task_marker_child', 'example_external_task_marker_parent']) retrieved from /home/airflow/.local/lib/python3.7/site-packages/airflow/example_dags/example_external_task_marker_dag.py
[2025-07-28T22:50:15.652+0000] {logging_mixin.py:137} INFO - [2025-07-28T22:50:15.651+0000] {dag.py:2690} INFO - Sync 2 DAGs
[2025-07-28T22:50:15.686+0000] {logging_mixin.py:137} INFO - [2025-07-28T22:50:15.686+0000] {dag.py:3441} INFO - Setting next_dagrun for example_external_task_marker_child to None, run_after=None
[2025-07-28T22:50:15.692+0000] {logging_mixin.py:137} INFO - [2025-07-28T22:50:15.692+0000] {dag.py:3441} INFO - Setting next_dagrun for example_external_task_marker_parent to None, run_after=None
[2025-07-28T22:50:15.716+0000] {processor.py:175} INFO - Processing /home/airflow/.local/lib/python3.7/site-packages/airflow/example_dags/example_external_task_marker_dag.py took 0.143 seconds
[2025-07-28T22:50:45.775+0000] {processor.py:153} INFO - Started process (PID=811) to work on /home/airflow/.local/lib/python3.7/site-packages/airflow/example_dags/example_external_task_marker_dag.py
[2025-07-28T22:50:45.776+0000] {processor.py:743} INFO - Processing file /home/airflow/.local/lib/python3.7/site-packages/airflow/example_dags/example_external_task_marker_dag.py for tasks to queue
[2025-07-28T22:50:45.778+0000] {logging_mixin.py:137} INFO - [2025-07-28T22:50:45.777+0000] {dagbag.py:538} INFO - Filling up the DagBag from /home/airflow/.local/lib/python3.7/site-packages/airflow/example_dags/example_external_task_marker_dag.py
[2025-07-28T22:50:45.796+0000] {processor.py:753} INFO - DAG(s) dict_keys(['example_external_task_marker_parent', 'example_external_task_marker_child']) retrieved from /home/airflow/.local/lib/python3.7/site-packages/airflow/example_dags/example_external_task_marker_dag.py
[2025-07-28T22:50:45.833+0000] {logging_mixin.py:137} INFO - [2025-07-28T22:50:45.833+0000] {dag.py:2690} INFO - Sync 2 DAGs
[2025-07-28T22:50:45.865+0000] {logging_mixin.py:137} INFO - [2025-07-28T22:50:45.865+0000] {dag.py:3441} INFO - Setting next_dagrun for example_external_task_marker_child to None, run_after=None
[2025-07-28T22:50:45.869+0000] {logging_mixin.py:137} INFO - [2025-07-28T22:50:45.869+0000] {dag.py:3441} INFO - Setting next_dagrun for example_external_task_marker_parent to None, run_after=None
[2025-07-28T22:50:45.897+0000] {processor.py:175} INFO - Processing /home/airflow/.local/lib/python3.7/site-packages/airflow/example_dags/example_external_task_marker_dag.py took 0.129 seconds
[2025-07-28T22:51:16.458+0000] {processor.py:153} INFO - Started process (PID=882) to work on /home/airflow/.local/lib/python3.7/site-packages/airflow/example_dags/example_external_task_marker_dag.py
[2025-07-28T22:51:16.460+0000] {processor.py:743} INFO - Processing file /home/airflow/.local/lib/python3.7/site-packages/airflow/example_dags/example_external_task_marker_dag.py for tasks to queue
[2025-07-28T22:51:16.461+0000] {logging_mixin.py:137} INFO - [2025-07-28T22:51:16.460+0000] {dagbag.py:538} INFO - Filling up the DagBag from /home/airflow/.local/lib/python3.7/site-packages/airflow/example_dags/example_external_task_marker_dag.py
[2025-07-28T22:51:16.477+0000] {processor.py:753} INFO - DAG(s) dict_keys(['example_external_task_marker_parent', 'example_external_task_marker_child']) retrieved from /home/airflow/.local/lib/python3.7/site-packages/airflow/example_dags/example_external_task_marker_dag.py
[2025-07-28T22:51:16.514+0000] {logging_mixin.py:137} INFO - [2025-07-28T22:51:16.514+0000] {dag.py:2690} INFO - Sync 2 DAGs
[2025-07-28T22:51:16.553+0000] {logging_mixin.py:137} INFO - [2025-07-28T22:51:16.553+0000] {dag.py:3441} INFO - Setting next_dagrun for example_external_task_marker_child to None, run_after=None
[2025-07-28T22:51:16.559+0000] {logging_mixin.py:137} INFO - [2025-07-28T22:51:16.559+0000] {dag.py:3441} INFO - Setting next_dagrun for example_external_task_marker_parent to None, run_after=None
[2025-07-28T22:51:16.583+0000] {processor.py:175} INFO - Processing /home/airflow/.local/lib/python3.7/site-packages/airflow/example_dags/example_external_task_marker_dag.py took 0.130 seconds
[2025-07-28T22:51:46.876+0000] {processor.py:153} INFO - Started process (PID=969) to work on /home/airflow/.local/lib/python3.7/site-packages/airflow/example_dags/example_external_task_marker_dag.py
[2025-07-28T22:51:46.878+0000] {processor.py:743} INFO - Processing file /home/airflow/.local/lib/python3.7/site-packages/airflow/example_dags/example_external_task_marker_dag.py for tasks to queue
[2025-07-28T22:51:46.879+0000] {logging_mixin.py:137} INFO - [2025-07-28T22:51:46.879+0000] {dagbag.py:538} INFO - Filling up the DagBag from /home/airflow/.local/lib/python3.7/site-packages/airflow/example_dags/example_external_task_marker_dag.py
[2025-07-28T22:51:46.894+0000] {processor.py:753} INFO - DAG(s) dict_keys(['example_external_task_marker_child', 'example_external_task_marker_parent']) retrieved from /home/airflow/.local/lib/python3.7/site-packages/airflow/example_dags/example_external_task_marker_dag.py
[2025-07-28T22:51:46.935+0000] {logging_mixin.py:137} INFO - [2025-07-28T22:51:46.935+0000] {dag.py:2690} INFO - Sync 2 DAGs
[2025-07-28T22:51:46.970+0000] {logging_mixin.py:137} INFO - [2025-07-28T22:51:46.969+0000] {dag.py:3441} INFO - Setting next_dagrun for example_external_task_marker_child to None, run_after=None
[2025-07-28T22:51:46.978+0000] {logging_mixin.py:137} INFO - [2025-07-28T22:51:46.978+0000] {dag.py:3441} INFO - Setting next_dagrun for example_external_task_marker_parent to None, run_after=None
[2025-07-28T22:51:47.004+0000] {processor.py:175} INFO - Processing /home/airflow/.local/lib/python3.7/site-packages/airflow/example_dags/example_external_task_marker_dag.py took 0.130 seconds
[2025-07-28T22:52:17.411+0000] {processor.py:153} INFO - Started process (PID=1040) to work on /home/airflow/.local/lib/python3.7/site-packages/airflow/example_dags/example_external_task_marker_dag.py
[2025-07-28T22:52:17.413+0000] {processor.py:743} INFO - Processing file /home/airflow/.local/lib/python3.7/site-packages/airflow/example_dags/example_external_task_marker_dag.py for tasks to queue
[2025-07-28T22:52:17.414+0000] {logging_mixin.py:137} INFO - [2025-07-28T22:52:17.414+0000] {dagbag.py:538} INFO - Filling up the DagBag from /home/airflow/.local/lib/python3.7/site-packages/airflow/example_dags/example_external_task_marker_dag.py
[2025-07-28T22:52:17.437+0000] {processor.py:753} INFO - DAG(s) dict_keys(['example_external_task_marker_child', 'example_external_task_marker_parent']) retrieved from /home/airflow/.local/lib/python3.7/site-packages/airflow/example_dags/example_external_task_marker_dag.py
[2025-07-28T22:52:17.482+0000] {logging_mixin.py:137} INFO - [2025-07-28T22:52:17.482+0000] {dag.py:2690} INFO - Sync 2 DAGs
[2025-07-28T22:52:17.520+0000] {logging_mixin.py:137} INFO - [2025-07-28T22:52:17.520+0000] {dag.py:3441} INFO - Setting next_dagrun for example_external_task_marker_child to None, run_after=None
[2025-07-28T22:52:17.531+0000] {logging_mixin.py:137} INFO - [2025-07-28T22:52:17.531+0000] {dag.py:3441} INFO - Setting next_dagrun for example_external_task_marker_parent to None, run_after=None
[2025-07-28T22:52:17.562+0000] {processor.py:175} INFO - Processing /home/airflow/.local/lib/python3.7/site-packages/airflow/example_dags/example_external_task_marker_dag.py took 0.158 seconds
[2025-07-28T22:52:48.512+0000] {processor.py:153} INFO - Started process (PID=1127) to work on /home/airflow/.local/lib/python3.7/site-packages/airflow/example_dags/example_external_task_marker_dag.py
[2025-07-28T22:52:48.513+0000] {processor.py:743} INFO - Processing file /home/airflow/.local/lib/python3.7/site-packages/airflow/example_dags/example_external_task_marker_dag.py for tasks to queue
[2025-07-28T22:52:48.515+0000] {logging_mixin.py:137} INFO - [2025-07-28T22:52:48.515+0000] {dagbag.py:538} INFO - Filling up the DagBag from /home/airflow/.local/lib/python3.7/site-packages/airflow/example_dags/example_external_task_marker_dag.py
[2025-07-28T22:52:48.534+0000] {processor.py:753} INFO - DAG(s) dict_keys(['example_external_task_marker_child', 'example_external_task_marker_parent']) retrieved from /home/airflow/.local/lib/python3.7/site-packages/airflow/example_dags/example_external_task_marker_dag.py
[2025-07-28T22:52:48.571+0000] {logging_mixin.py:137} INFO - [2025-07-28T22:52:48.570+0000] {dag.py:2690} INFO - Sync 2 DAGs
[2025-07-28T22:52:48.605+0000] {logging_mixin.py:137} INFO - [2025-07-28T22:52:48.605+0000] {dag.py:3441} INFO - Setting next_dagrun for example_external_task_marker_child to None, run_after=None
[2025-07-28T22:52:48.611+0000] {logging_mixin.py:137} INFO - [2025-07-28T22:52:48.611+0000] {dag.py:3441} INFO - Setting next_dagrun for example_external_task_marker_parent to None, run_after=None
[2025-07-28T22:52:48.632+0000] {processor.py:175} INFO - Processing /home/airflow/.local/lib/python3.7/site-packages/airflow/example_dags/example_external_task_marker_dag.py took 0.124 seconds
[2025-07-28T22:53:19.010+0000] {processor.py:153} INFO - Started process (PID=1198) to work on /home/airflow/.local/lib/python3.7/site-packages/airflow/example_dags/example_external_task_marker_dag.py
[2025-07-28T22:53:19.011+0000] {processor.py:743} INFO - Processing file /home/airflow/.local/lib/python3.7/site-packages/airflow/example_dags/example_external_task_marker_dag.py for tasks to queue
[2025-07-28T22:53:19.012+0000] {logging_mixin.py:137} INFO - [2025-07-28T22:53:19.012+0000] {dagbag.py:538} INFO - Filling up the DagBag from /home/airflow/.local/lib/python3.7/site-packages/airflow/example_dags/example_external_task_marker_dag.py
[2025-07-28T22:53:19.028+0000] {processor.py:753} INFO - DAG(s) dict_keys(['example_external_task_marker_parent', 'example_external_task_marker_child']) retrieved from /home/airflow/.local/lib/python3.7/site-packages/airflow/example_dags/example_external_task_marker_dag.py
[2025-07-28T22:53:19.067+0000] {logging_mixin.py:137} INFO - [2025-07-28T22:53:19.067+0000] {dag.py:2690} INFO - Sync 2 DAGs
[2025-07-28T22:53:19.100+0000] {logging_mixin.py:137} INFO - [2025-07-28T22:53:19.100+0000] {dag.py:3441} INFO - Setting next_dagrun for example_external_task_marker_child to None, run_after=None
[2025-07-28T22:53:19.108+0000] {logging_mixin.py:137} INFO - [2025-07-28T22:53:19.107+0000] {dag.py:3441} INFO - Setting next_dagrun for example_external_task_marker_parent to None, run_after=None
[2025-07-28T22:53:19.129+0000] {processor.py:175} INFO - Processing /home/airflow/.local/lib/python3.7/site-packages/airflow/example_dags/example_external_task_marker_dag.py took 0.123 seconds
[2025-07-28T22:53:49.316+0000] {processor.py:153} INFO - Started process (PID=1269) to work on /home/airflow/.local/lib/python3.7/site-packages/airflow/example_dags/example_external_task_marker_dag.py
[2025-07-28T22:53:49.317+0000] {processor.py:743} INFO - Processing file /home/airflow/.local/lib/python3.7/site-packages/airflow/example_dags/example_external_task_marker_dag.py for tasks to queue
[2025-07-28T22:53:49.319+0000] {logging_mixin.py:137} INFO - [2025-07-28T22:53:49.318+0000] {dagbag.py:538} INFO - Filling up the DagBag from /home/airflow/.local/lib/python3.7/site-packages/airflow/example_dags/example_external_task_marker_dag.py
[2025-07-28T22:53:49.347+0000] {processor.py:753} INFO - DAG(s) dict_keys(['example_external_task_marker_parent', 'example_external_task_marker_child']) retrieved from /home/airflow/.local/lib/python3.7/site-packages/airflow/example_dags/example_external_task_marker_dag.py
[2025-07-28T22:53:49.399+0000] {logging_mixin.py:137} INFO - [2025-07-28T22:53:49.399+0000] {dag.py:2690} INFO - Sync 2 DAGs
[2025-07-28T22:53:49.453+0000] {logging_mixin.py:137} INFO - [2025-07-28T22:53:49.453+0000] {dag.py:3441} INFO - Setting next_dagrun for example_external_task_marker_child to None, run_after=None
[2025-07-28T22:53:49.462+0000] {logging_mixin.py:137} INFO - [2025-07-28T22:53:49.462+0000] {dag.py:3441} INFO - Setting next_dagrun for example_external_task_marker_parent to None, run_after=None
[2025-07-28T22:53:49.491+0000] {processor.py:175} INFO - Processing /home/airflow/.local/lib/python3.7/site-packages/airflow/example_dags/example_external_task_marker_dag.py took 0.180 seconds
[2025-07-28T22:54:21.845+0000] {processor.py:153} INFO - Started process (PID=1348) to work on /home/airflow/.local/lib/python3.7/site-packages/airflow/example_dags/example_external_task_marker_dag.py
[2025-07-28T22:54:21.855+0000] {processor.py:743} INFO - Processing file /home/airflow/.local/lib/python3.7/site-packages/airflow/example_dags/example_external_task_marker_dag.py for tasks to queue
[2025-07-28T22:54:21.862+0000] {logging_mixin.py:137} INFO - [2025-07-28T22:54:21.861+0000] {dagbag.py:538} INFO - Filling up the DagBag from /home/airflow/.local/lib/python3.7/site-packages/airflow/example_dags/example_external_task_marker_dag.py
[2025-07-28T22:54:21.919+0000] {processor.py:753} INFO - DAG(s) dict_keys(['example_external_task_marker_child', 'example_external_task_marker_parent']) retrieved from /home/airflow/.local/lib/python3.7/site-packages/airflow/example_dags/example_external_task_marker_dag.py
[2025-07-28T22:54:22.018+0000] {logging_mixin.py:137} INFO - [2025-07-28T22:54:22.018+0000] {dag.py:2690} INFO - Sync 2 DAGs
[2025-07-28T22:54:22.213+0000] {logging_mixin.py:137} INFO - [2025-07-28T22:54:22.213+0000] {dag.py:3441} INFO - Setting next_dagrun for example_external_task_marker_child to None, run_after=None
[2025-07-28T22:54:22.298+0000] {logging_mixin.py:137} INFO - [2025-07-28T22:54:22.297+0000] {dag.py:3441} INFO - Setting next_dagrun for example_external_task_marker_parent to None, run_after=None
[2025-07-28T22:54:22.396+0000] {processor.py:175} INFO - Processing /home/airflow/.local/lib/python3.7/site-packages/airflow/example_dags/example_external_task_marker_dag.py took 0.560 seconds
[2025-07-28T22:54:52.756+0000] {processor.py:153} INFO - Started process (PID=1418) to work on /home/airflow/.local/lib/python3.7/site-packages/airflow/example_dags/example_external_task_marker_dag.py
[2025-07-28T22:54:52.759+0000] {processor.py:743} INFO - Processing file /home/airflow/.local/lib/python3.7/site-packages/airflow/example_dags/example_external_task_marker_dag.py for tasks to queue
[2025-07-28T22:54:52.761+0000] {logging_mixin.py:137} INFO - [2025-07-28T22:54:52.761+0000] {dagbag.py:538} INFO - Filling up the DagBag from /home/airflow/.local/lib/python3.7/site-packages/airflow/example_dags/example_external_task_marker_dag.py
[2025-07-28T22:54:52.798+0000] {processor.py:753} INFO - DAG(s) dict_keys(['example_external_task_marker_parent', 'example_external_task_marker_child']) retrieved from /home/airflow/.local/lib/python3.7/site-packages/airflow/example_dags/example_external_task_marker_dag.py
[2025-07-28T22:54:52.913+0000] {logging_mixin.py:137} INFO - [2025-07-28T22:54:52.913+0000] {dag.py:2690} INFO - Sync 2 DAGs
[2025-07-28T22:54:52.975+0000] {logging_mixin.py:137} INFO - [2025-07-28T22:54:52.974+0000] {dag.py:3441} INFO - Setting next_dagrun for example_external_task_marker_child to None, run_after=None
[2025-07-28T22:54:52.985+0000] {logging_mixin.py:137} INFO - [2025-07-28T22:54:52.985+0000] {dag.py:3441} INFO - Setting next_dagrun for example_external_task_marker_parent to None, run_after=None
[2025-07-28T22:54:53.036+0000] {processor.py:175} INFO - Processing /home/airflow/.local/lib/python3.7/site-packages/airflow/example_dags/example_external_task_marker_dag.py took 0.287 seconds
[2025-07-28T22:55:23.578+0000] {processor.py:153} INFO - Started process (PID=1499) to work on /home/airflow/.local/lib/python3.7/site-packages/airflow/example_dags/example_external_task_marker_dag.py
[2025-07-28T22:55:23.580+0000] {processor.py:743} INFO - Processing file /home/airflow/.local/lib/python3.7/site-packages/airflow/example_dags/example_external_task_marker_dag.py for tasks to queue
[2025-07-28T22:55:23.582+0000] {logging_mixin.py:137} INFO - [2025-07-28T22:55:23.581+0000] {dagbag.py:538} INFO - Filling up the DagBag from /home/airflow/.local/lib/python3.7/site-packages/airflow/example_dags/example_external_task_marker_dag.py
[2025-07-28T22:55:23.605+0000] {processor.py:753} INFO - DAG(s) dict_keys(['example_external_task_marker_parent', 'example_external_task_marker_child']) retrieved from /home/airflow/.local/lib/python3.7/site-packages/airflow/example_dags/example_external_task_marker_dag.py
[2025-07-28T22:55:23.653+0000] {logging_mixin.py:137} INFO - [2025-07-28T22:55:23.653+0000] {dag.py:2690} INFO - Sync 2 DAGs
[2025-07-28T22:55:23.700+0000] {logging_mixin.py:137} INFO - [2025-07-28T22:55:23.699+0000] {dag.py:3441} INFO - Setting next_dagrun for example_external_task_marker_child to None, run_after=None
[2025-07-28T22:55:23.707+0000] {logging_mixin.py:137} INFO - [2025-07-28T22:55:23.707+0000] {dag.py:3441} INFO - Setting next_dagrun for example_external_task_marker_parent to None, run_after=None
[2025-07-28T22:55:23.748+0000] {processor.py:175} INFO - Processing /home/airflow/.local/lib/python3.7/site-packages/airflow/example_dags/example_external_task_marker_dag.py took 0.175 seconds
[2025-07-28T22:55:53.865+0000] {processor.py:153} INFO - Started process (PID=1570) to work on /home/airflow/.local/lib/python3.7/site-packages/airflow/example_dags/example_external_task_marker_dag.py
[2025-07-28T22:55:53.867+0000] {processor.py:743} INFO - Processing file /home/airflow/.local/lib/python3.7/site-packages/airflow/example_dags/example_external_task_marker_dag.py for tasks to queue
[2025-07-28T22:55:53.868+0000] {logging_mixin.py:137} INFO - [2025-07-28T22:55:53.868+0000] {dagbag.py:538} INFO - Filling up the DagBag from /home/airflow/.local/lib/python3.7/site-packages/airflow/example_dags/example_external_task_marker_dag.py
[2025-07-28T22:55:53.885+0000] {processor.py:753} INFO - DAG(s) dict_keys(['example_external_task_marker_parent', 'example_external_task_marker_child']) retrieved from /home/airflow/.local/lib/python3.7/site-packages/airflow/example_dags/example_external_task_marker_dag.py
[2025-07-28T22:55:53.921+0000] {logging_mixin.py:137} INFO - [2025-07-28T22:55:53.921+0000] {dag.py:2690} INFO - Sync 2 DAGs
[2025-07-28T22:55:53.952+0000] {logging_mixin.py:137} INFO - [2025-07-28T22:55:53.952+0000] {dag.py:3441} INFO - Setting next_dagrun for example_external_task_marker_child to None, run_after=None
[2025-07-28T22:55:53.957+0000] {logging_mixin.py:137} INFO - [2025-07-28T22:55:53.957+0000] {dag.py:3441} INFO - Setting next_dagrun for example_external_task_marker_parent to None, run_after=None
[2025-07-28T22:55:53.988+0000] {processor.py:175} INFO - Processing /home/airflow/.local/lib/python3.7/site-packages/airflow/example_dags/example_external_task_marker_dag.py took 0.127 seconds
[2025-07-28T22:56:24.640+0000] {processor.py:153} INFO - Started process (PID=1641) to work on /home/airflow/.local/lib/python3.7/site-packages/airflow/example_dags/example_external_task_marker_dag.py
[2025-07-28T22:56:24.641+0000] {processor.py:743} INFO - Processing file /home/airflow/.local/lib/python3.7/site-packages/airflow/example_dags/example_external_task_marker_dag.py for tasks to queue
[2025-07-28T22:56:24.643+0000] {logging_mixin.py:137} INFO - [2025-07-28T22:56:24.643+0000] {dagbag.py:538} INFO - Filling up the DagBag from /home/airflow/.local/lib/python3.7/site-packages/airflow/example_dags/example_external_task_marker_dag.py
[2025-07-28T22:56:24.657+0000] {processor.py:753} INFO - DAG(s) dict_keys(['example_external_task_marker_parent', 'example_external_task_marker_child']) retrieved from /home/airflow/.local/lib/python3.7/site-packages/airflow/example_dags/example_external_task_marker_dag.py
[2025-07-28T22:56:24.692+0000] {logging_mixin.py:137} INFO - [2025-07-28T22:56:24.692+0000] {dag.py:2690} INFO - Sync 2 DAGs
[2025-07-28T22:56:24.744+0000] {logging_mixin.py:137} INFO - [2025-07-28T22:56:24.743+0000] {dag.py:3441} INFO - Setting next_dagrun for example_external_task_marker_child to None, run_after=None
[2025-07-28T22:56:24.749+0000] {logging_mixin.py:137} INFO - [2025-07-28T22:56:24.749+0000] {dag.py:3441} INFO - Setting next_dagrun for example_external_task_marker_parent to None, run_after=None
[2025-07-28T22:56:24.771+0000] {processor.py:175} INFO - Processing /home/airflow/.local/lib/python3.7/site-packages/airflow/example_dags/example_external_task_marker_dag.py took 0.135 seconds
[2025-07-28T22:56:55.548+0000] {processor.py:153} INFO - Started process (PID=1713) to work on /home/airflow/.local/lib/python3.7/site-packages/airflow/example_dags/example_external_task_marker_dag.py
[2025-07-28T22:56:55.550+0000] {processor.py:743} INFO - Processing file /home/airflow/.local/lib/python3.7/site-packages/airflow/example_dags/example_external_task_marker_dag.py for tasks to queue
[2025-07-28T22:56:55.551+0000] {logging_mixin.py:137} INFO - [2025-07-28T22:56:55.551+0000] {dagbag.py:538} INFO - Filling up the DagBag from /home/airflow/.local/lib/python3.7/site-packages/airflow/example_dags/example_external_task_marker_dag.py
[2025-07-28T22:56:55.574+0000] {processor.py:753} INFO - DAG(s) dict_keys(['example_external_task_marker_parent', 'example_external_task_marker_child']) retrieved from /home/airflow/.local/lib/python3.7/site-packages/airflow/example_dags/example_external_task_marker_dag.py
[2025-07-28T22:56:55.633+0000] {logging_mixin.py:137} INFO - [2025-07-28T22:56:55.633+0000] {dag.py:2690} INFO - Sync 2 DAGs
[2025-07-28T22:56:55.688+0000] {logging_mixin.py:137} INFO - [2025-07-28T22:56:55.688+0000] {dag.py:3441} INFO - Setting next_dagrun for example_external_task_marker_child to None, run_after=None
[2025-07-28T22:56:55.702+0000] {logging_mixin.py:137} INFO - [2025-07-28T22:56:55.701+0000] {dag.py:3441} INFO - Setting next_dagrun for example_external_task_marker_parent to None, run_after=None
[2025-07-28T22:56:55.730+0000] {processor.py:175} INFO - Processing /home/airflow/.local/lib/python3.7/site-packages/airflow/example_dags/example_external_task_marker_dag.py took 0.187 seconds
[2025-07-28T22:57:26.516+0000] {processor.py:153} INFO - Started process (PID=1784) to work on /home/airflow/.local/lib/python3.7/site-packages/airflow/example_dags/example_external_task_marker_dag.py
[2025-07-28T22:57:26.517+0000] {processor.py:743} INFO - Processing file /home/airflow/.local/lib/python3.7/site-packages/airflow/example_dags/example_external_task_marker_dag.py for tasks to queue
[2025-07-28T22:57:26.518+0000] {logging_mixin.py:137} INFO - [2025-07-28T22:57:26.518+0000] {dagbag.py:538} INFO - Filling up the DagBag from /home/airflow/.local/lib/python3.7/site-packages/airflow/example_dags/example_external_task_marker_dag.py
[2025-07-28T22:57:26.536+0000] {processor.py:753} INFO - DAG(s) dict_keys(['example_external_task_marker_parent', 'example_external_task_marker_child']) retrieved from /home/airflow/.local/lib/python3.7/site-packages/airflow/example_dags/example_external_task_marker_dag.py
[2025-07-28T22:57:26.580+0000] {logging_mixin.py:137} INFO - [2025-07-28T22:57:26.580+0000] {dag.py:2690} INFO - Sync 2 DAGs
[2025-07-28T22:57:26.621+0000] {logging_mixin.py:137} INFO - [2025-07-28T22:57:26.621+0000] {dag.py:3441} INFO - Setting next_dagrun for example_external_task_marker_child to None, run_after=None
[2025-07-28T22:57:26.627+0000] {logging_mixin.py:137} INFO - [2025-07-28T22:57:26.627+0000] {dag.py:3441} INFO - Setting next_dagrun for example_external_task_marker_parent to None, run_after=None
[2025-07-28T22:57:26.652+0000] {processor.py:175} INFO - Processing /home/airflow/.local/lib/python3.7/site-packages/airflow/example_dags/example_external_task_marker_dag.py took 0.140 seconds
[2025-07-28T22:57:57.167+0000] {processor.py:153} INFO - Started process (PID=1871) to work on /home/airflow/.local/lib/python3.7/site-packages/airflow/example_dags/example_external_task_marker_dag.py
[2025-07-28T22:57:57.168+0000] {processor.py:743} INFO - Processing file /home/airflow/.local/lib/python3.7/site-packages/airflow/example_dags/example_external_task_marker_dag.py for tasks to queue
[2025-07-28T22:57:57.170+0000] {logging_mixin.py:137} INFO - [2025-07-28T22:57:57.170+0000] {dagbag.py:538} INFO - Filling up the DagBag from /home/airflow/.local/lib/python3.7/site-packages/airflow/example_dags/example_external_task_marker_dag.py
[2025-07-28T22:57:57.189+0000] {processor.py:753} INFO - DAG(s) dict_keys(['example_external_task_marker_child', 'example_external_task_marker_parent']) retrieved from /home/airflow/.local/lib/python3.7/site-packages/airflow/example_dags/example_external_task_marker_dag.py
[2025-07-28T22:57:57.228+0000] {logging_mixin.py:137} INFO - [2025-07-28T22:57:57.228+0000] {dag.py:2690} INFO - Sync 2 DAGs
[2025-07-28T22:57:57.264+0000] {logging_mixin.py:137} INFO - [2025-07-28T22:57:57.264+0000] {dag.py:3441} INFO - Setting next_dagrun for example_external_task_marker_child to None, run_after=None
[2025-07-28T22:57:57.270+0000] {logging_mixin.py:137} INFO - [2025-07-28T22:57:57.269+0000] {dag.py:3441} INFO - Setting next_dagrun for example_external_task_marker_parent to None, run_after=None
[2025-07-28T22:57:57.295+0000] {processor.py:175} INFO - Processing /home/airflow/.local/lib/python3.7/site-packages/airflow/example_dags/example_external_task_marker_dag.py took 0.134 seconds
[2025-07-28T22:58:27.640+0000] {processor.py:153} INFO - Started process (PID=1942) to work on /home/airflow/.local/lib/python3.7/site-packages/airflow/example_dags/example_external_task_marker_dag.py
[2025-07-28T22:58:27.642+0000] {processor.py:743} INFO - Processing file /home/airflow/.local/lib/python3.7/site-packages/airflow/example_dags/example_external_task_marker_dag.py for tasks to queue
[2025-07-28T22:58:27.644+0000] {logging_mixin.py:137} INFO - [2025-07-28T22:58:27.643+0000] {dagbag.py:538} INFO - Filling up the DagBag from /home/airflow/.local/lib/python3.7/site-packages/airflow/example_dags/example_external_task_marker_dag.py
[2025-07-28T22:58:27.667+0000] {processor.py:753} INFO - DAG(s) dict_keys(['example_external_task_marker_parent', 'example_external_task_marker_child']) retrieved from /home/airflow/.local/lib/python3.7/site-packages/airflow/example_dags/example_external_task_marker_dag.py
[2025-07-28T22:58:27.714+0000] {logging_mixin.py:137} INFO - [2025-07-28T22:58:27.714+0000] {dag.py:2690} INFO - Sync 2 DAGs
[2025-07-28T22:58:27.757+0000] {logging_mixin.py:137} INFO - [2025-07-28T22:58:27.757+0000] {dag.py:3441} INFO - Setting next_dagrun for example_external_task_marker_child to None, run_after=None
[2025-07-28T22:58:27.764+0000] {logging_mixin.py:137} INFO - [2025-07-28T22:58:27.763+0000] {dag.py:3441} INFO - Setting next_dagrun for example_external_task_marker_parent to None, run_after=None
[2025-07-28T22:58:27.790+0000] {processor.py:175} INFO - Processing /home/airflow/.local/lib/python3.7/site-packages/airflow/example_dags/example_external_task_marker_dag.py took 0.155 seconds
[2025-07-28T22:58:58.137+0000] {processor.py:153} INFO - Started process (PID=2013) to work on /home/airflow/.local/lib/python3.7/site-packages/airflow/example_dags/example_external_task_marker_dag.py
[2025-07-28T22:58:58.138+0000] {processor.py:743} INFO - Processing file /home/airflow/.local/lib/python3.7/site-packages/airflow/example_dags/example_external_task_marker_dag.py for tasks to queue
[2025-07-28T22:58:58.140+0000] {logging_mixin.py:137} INFO - [2025-07-28T22:58:58.139+0000] {dagbag.py:538} INFO - Filling up the DagBag from /home/airflow/.local/lib/python3.7/site-packages/airflow/example_dags/example_external_task_marker_dag.py
[2025-07-28T22:58:58.162+0000] {processor.py:753} INFO - DAG(s) dict_keys(['example_external_task_marker_child', 'example_external_task_marker_parent']) retrieved from /home/airflow/.local/lib/python3.7/site-packages/airflow/example_dags/example_external_task_marker_dag.py
[2025-07-28T22:58:58.202+0000] {logging_mixin.py:137} INFO - [2025-07-28T22:58:58.202+0000] {dag.py:2690} INFO - Sync 2 DAGs
[2025-07-28T22:58:58.236+0000] {logging_mixin.py:137} INFO - [2025-07-28T22:58:58.236+0000] {dag.py:3441} INFO - Setting next_dagrun for example_external_task_marker_child to None, run_after=None
[2025-07-28T22:58:58.242+0000] {logging_mixin.py:137} INFO - [2025-07-28T22:58:58.241+0000] {dag.py:3441} INFO - Setting next_dagrun for example_external_task_marker_parent to None, run_after=None
[2025-07-28T22:58:58.264+0000] {processor.py:175} INFO - Processing /home/airflow/.local/lib/python3.7/site-packages/airflow/example_dags/example_external_task_marker_dag.py took 0.133 seconds
[2025-07-28T22:59:28.938+0000] {processor.py:153} INFO - Started process (PID=2100) to work on /home/airflow/.local/lib/python3.7/site-packages/airflow/example_dags/example_external_task_marker_dag.py
[2025-07-28T22:59:28.941+0000] {processor.py:743} INFO - Processing file /home/airflow/.local/lib/python3.7/site-packages/airflow/example_dags/example_external_task_marker_dag.py for tasks to queue
[2025-07-28T22:59:28.942+0000] {logging_mixin.py:137} INFO - [2025-07-28T22:59:28.942+0000] {dagbag.py:538} INFO - Filling up the DagBag from /home/airflow/.local/lib/python3.7/site-packages/airflow/example_dags/example_external_task_marker_dag.py
[2025-07-28T22:59:28.965+0000] {processor.py:753} INFO - DAG(s) dict_keys(['example_external_task_marker_child', 'example_external_task_marker_parent']) retrieved from /home/airflow/.local/lib/python3.7/site-packages/airflow/example_dags/example_external_task_marker_dag.py
[2025-07-28T22:59:29.011+0000] {logging_mixin.py:137} INFO - [2025-07-28T22:59:29.010+0000] {dag.py:2690} INFO - Sync 2 DAGs
[2025-07-28T22:59:29.065+0000] {logging_mixin.py:137} INFO - [2025-07-28T22:59:29.065+0000] {dag.py:3441} INFO - Setting next_dagrun for example_external_task_marker_child to None, run_after=None
[2025-07-28T22:59:29.070+0000] {logging_mixin.py:137} INFO - [2025-07-28T22:59:29.070+0000] {dag.py:3441} INFO - Setting next_dagrun for example_external_task_marker_parent to None, run_after=None
[2025-07-28T22:59:29.107+0000] {processor.py:175} INFO - Processing /home/airflow/.local/lib/python3.7/site-packages/airflow/example_dags/example_external_task_marker_dag.py took 0.174 seconds
[2025-07-28T22:59:59.993+0000] {processor.py:153} INFO - Started process (PID=2172) to work on /home/airflow/.local/lib/python3.7/site-packages/airflow/example_dags/example_external_task_marker_dag.py
[2025-07-28T22:59:59.994+0000] {processor.py:743} INFO - Processing file /home/airflow/.local/lib/python3.7/site-packages/airflow/example_dags/example_external_task_marker_dag.py for tasks to queue
[2025-07-28T22:59:59.995+0000] {logging_mixin.py:137} INFO - [2025-07-28T22:59:59.994+0000] {dagbag.py:538} INFO - Filling up the DagBag from /home/airflow/.local/lib/python3.7/site-packages/airflow/example_dags/example_external_task_marker_dag.py
[2025-07-28T23:00:00.010+0000] {processor.py:753} INFO - DAG(s) dict_keys(['example_external_task_marker_parent', 'example_external_task_marker_child']) retrieved from /home/airflow/.local/lib/python3.7/site-packages/airflow/example_dags/example_external_task_marker_dag.py
[2025-07-28T23:00:00.041+0000] {logging_mixin.py:137} INFO - [2025-07-28T23:00:00.041+0000] {dag.py:2690} INFO - Sync 2 DAGs
[2025-07-28T23:00:00.065+0000] {logging_mixin.py:137} INFO - [2025-07-28T23:00:00.064+0000] {dag.py:3441} INFO - Setting next_dagrun for example_external_task_marker_child to None, run_after=None
[2025-07-28T23:00:00.070+0000] {logging_mixin.py:137} INFO - [2025-07-28T23:00:00.070+0000] {dag.py:3441} INFO - Setting next_dagrun for example_external_task_marker_parent to None, run_after=None
[2025-07-28T23:00:00.090+0000] {processor.py:175} INFO - Processing /home/airflow/.local/lib/python3.7/site-packages/airflow/example_dags/example_external_task_marker_dag.py took 0.101 seconds
[2025-07-28T23:00:30.169+0000] {processor.py:153} INFO - Started process (PID=2259) to work on /home/airflow/.local/lib/python3.7/site-packages/airflow/example_dags/example_external_task_marker_dag.py
[2025-07-28T23:00:30.170+0000] {processor.py:743} INFO - Processing file /home/airflow/.local/lib/python3.7/site-packages/airflow/example_dags/example_external_task_marker_dag.py for tasks to queue
[2025-07-28T23:00:30.171+0000] {logging_mixin.py:137} INFO - [2025-07-28T23:00:30.171+0000] {dagbag.py:538} INFO - Filling up the DagBag from /home/airflow/.local/lib/python3.7/site-packages/airflow/example_dags/example_external_task_marker_dag.py
[2025-07-28T23:00:30.188+0000] {processor.py:753} INFO - DAG(s) dict_keys(['example_external_task_marker_child', 'example_external_task_marker_parent']) retrieved from /home/airflow/.local/lib/python3.7/site-packages/airflow/example_dags/example_external_task_marker_dag.py
[2025-07-28T23:00:30.225+0000] {logging_mixin.py:137} INFO - [2025-07-28T23:00:30.225+0000] {dag.py:2690} INFO - Sync 2 DAGs
[2025-07-28T23:00:30.254+0000] {logging_mixin.py:137} INFO - [2025-07-28T23:00:30.254+0000] {dag.py:3441} INFO - Setting next_dagrun for example_external_task_marker_child to None, run_after=None
[2025-07-28T23:00:30.258+0000] {logging_mixin.py:137} INFO - [2025-07-28T23:00:30.257+0000] {dag.py:3441} INFO - Setting next_dagrun for example_external_task_marker_parent to None, run_after=None
[2025-07-28T23:00:30.282+0000] {processor.py:175} INFO - Processing /home/airflow/.local/lib/python3.7/site-packages/airflow/example_dags/example_external_task_marker_dag.py took 0.118 seconds
[2025-07-28T23:01:00.896+0000] {processor.py:153} INFO - Started process (PID=2330) to work on /home/airflow/.local/lib/python3.7/site-packages/airflow/example_dags/example_external_task_marker_dag.py
[2025-07-28T23:01:00.898+0000] {processor.py:743} INFO - Processing file /home/airflow/.local/lib/python3.7/site-packages/airflow/example_dags/example_external_task_marker_dag.py for tasks to queue
[2025-07-28T23:01:00.899+0000] {logging_mixin.py:137} INFO - [2025-07-28T23:01:00.899+0000] {dagbag.py:538} INFO - Filling up the DagBag from /home/airflow/.local/lib/python3.7/site-packages/airflow/example_dags/example_external_task_marker_dag.py
[2025-07-28T23:01:00.931+0000] {processor.py:753} INFO - DAG(s) dict_keys(['example_external_task_marker_parent', 'example_external_task_marker_child']) retrieved from /home/airflow/.local/lib/python3.7/site-packages/airflow/example_dags/example_external_task_marker_dag.py
[2025-07-28T23:01:01.030+0000] {logging_mixin.py:137} INFO - [2025-07-28T23:01:01.029+0000] {dag.py:2690} INFO - Sync 2 DAGs
[2025-07-28T23:01:01.105+0000] {logging_mixin.py:137} INFO - [2025-07-28T23:01:01.105+0000] {dag.py:3441} INFO - Setting next_dagrun for example_external_task_marker_child to None, run_after=None
[2025-07-28T23:01:01.117+0000] {logging_mixin.py:137} INFO - [2025-07-28T23:01:01.116+0000] {dag.py:3441} INFO - Setting next_dagrun for example_external_task_marker_parent to None, run_after=None
[2025-07-28T23:01:01.158+0000] {processor.py:175} INFO - Processing /home/airflow/.local/lib/python3.7/site-packages/airflow/example_dags/example_external_task_marker_dag.py took 0.268 seconds
[2025-07-28T23:01:31.370+0000] {processor.py:153} INFO - Started process (PID=2409) to work on /home/airflow/.local/lib/python3.7/site-packages/airflow/example_dags/example_external_task_marker_dag.py
[2025-07-28T23:01:31.372+0000] {processor.py:743} INFO - Processing file /home/airflow/.local/lib/python3.7/site-packages/airflow/example_dags/example_external_task_marker_dag.py for tasks to queue
[2025-07-28T23:01:31.375+0000] {logging_mixin.py:137} INFO - [2025-07-28T23:01:31.374+0000] {dagbag.py:538} INFO - Filling up the DagBag from /home/airflow/.local/lib/python3.7/site-packages/airflow/example_dags/example_external_task_marker_dag.py
[2025-07-28T23:01:31.402+0000] {processor.py:753} INFO - DAG(s) dict_keys(['example_external_task_marker_child', 'example_external_task_marker_parent']) retrieved from /home/airflow/.local/lib/python3.7/site-packages/airflow/example_dags/example_external_task_marker_dag.py
[2025-07-28T23:01:31.441+0000] {logging_mixin.py:137} INFO - [2025-07-28T23:01:31.440+0000] {dag.py:2690} INFO - Sync 2 DAGs
[2025-07-28T23:01:31.476+0000] {logging_mixin.py:137} INFO - [2025-07-28T23:01:31.476+0000] {dag.py:3441} INFO - Setting next_dagrun for example_external_task_marker_child to None, run_after=None
[2025-07-28T23:01:31.480+0000] {logging_mixin.py:137} INFO - [2025-07-28T23:01:31.480+0000] {dag.py:3441} INFO - Setting next_dagrun for example_external_task_marker_parent to None, run_after=None
[2025-07-28T23:01:31.503+0000] {processor.py:175} INFO - Processing /home/airflow/.local/lib/python3.7/site-packages/airflow/example_dags/example_external_task_marker_dag.py took 0.137 seconds
[2025-07-28T23:02:01.740+0000] {processor.py:153} INFO - Started process (PID=2489) to work on /home/airflow/.local/lib/python3.7/site-packages/airflow/example_dags/example_external_task_marker_dag.py
[2025-07-28T23:02:01.742+0000] {processor.py:743} INFO - Processing file /home/airflow/.local/lib/python3.7/site-packages/airflow/example_dags/example_external_task_marker_dag.py for tasks to queue
[2025-07-28T23:02:01.743+0000] {logging_mixin.py:137} INFO - [2025-07-28T23:02:01.743+0000] {dagbag.py:538} INFO - Filling up the DagBag from /home/airflow/.local/lib/python3.7/site-packages/airflow/example_dags/example_external_task_marker_dag.py
[2025-07-28T23:02:01.758+0000] {processor.py:753} INFO - DAG(s) dict_keys(['example_external_task_marker_child', 'example_external_task_marker_parent']) retrieved from /home/airflow/.local/lib/python3.7/site-packages/airflow/example_dags/example_external_task_marker_dag.py
[2025-07-28T23:02:01.798+0000] {logging_mixin.py:137} INFO - [2025-07-28T23:02:01.797+0000] {dag.py:2690} INFO - Sync 2 DAGs
[2025-07-28T23:02:01.845+0000] {logging_mixin.py:137} INFO - [2025-07-28T23:02:01.845+0000] {dag.py:3441} INFO - Setting next_dagrun for example_external_task_marker_child to None, run_after=None
[2025-07-28T23:02:01.849+0000] {logging_mixin.py:137} INFO - [2025-07-28T23:02:01.849+0000] {dag.py:3441} INFO - Setting next_dagrun for example_external_task_marker_parent to None, run_after=None
[2025-07-28T23:02:01.887+0000] {processor.py:175} INFO - Processing /home/airflow/.local/lib/python3.7/site-packages/airflow/example_dags/example_external_task_marker_dag.py took 0.150 seconds
[2025-07-28T23:02:32.076+0000] {processor.py:153} INFO - Started process (PID=2560) to work on /home/airflow/.local/lib/python3.7/site-packages/airflow/example_dags/example_external_task_marker_dag.py
[2025-07-28T23:02:32.077+0000] {processor.py:743} INFO - Processing file /home/airflow/.local/lib/python3.7/site-packages/airflow/example_dags/example_external_task_marker_dag.py for tasks to queue
[2025-07-28T23:02:32.078+0000] {logging_mixin.py:137} INFO - [2025-07-28T23:02:32.078+0000] {dagbag.py:538} INFO - Filling up the DagBag from /home/airflow/.local/lib/python3.7/site-packages/airflow/example_dags/example_external_task_marker_dag.py
[2025-07-28T23:02:32.094+0000] {processor.py:753} INFO - DAG(s) dict_keys(['example_external_task_marker_parent', 'example_external_task_marker_child']) retrieved from /home/airflow/.local/lib/python3.7/site-packages/airflow/example_dags/example_external_task_marker_dag.py
[2025-07-28T23:02:32.111+0000] {logging_mixin.py:137} INFO - [2025-07-28T23:02:32.110+0000] {dag.py:2690} INFO - Sync 2 DAGs
[2025-07-28T23:02:32.141+0000] {logging_mixin.py:137} INFO - [2025-07-28T23:02:32.141+0000] {dag.py:3441} INFO - Setting next_dagrun for example_external_task_marker_child to None, run_after=None
[2025-07-28T23:02:32.144+0000] {logging_mixin.py:137} INFO - [2025-07-28T23:02:32.144+0000] {dag.py:3441} INFO - Setting next_dagrun for example_external_task_marker_parent to None, run_after=None
[2025-07-28T23:02:32.166+0000] {processor.py:175} INFO - Processing /home/airflow/.local/lib/python3.7/site-packages/airflow/example_dags/example_external_task_marker_dag.py took 0.094 seconds
[2025-07-28T23:03:03.195+0000] {processor.py:153} INFO - Started process (PID=2639) to work on /home/airflow/.local/lib/python3.7/site-packages/airflow/example_dags/example_external_task_marker_dag.py
[2025-07-28T23:03:03.197+0000] {processor.py:743} INFO - Processing file /home/airflow/.local/lib/python3.7/site-packages/airflow/example_dags/example_external_task_marker_dag.py for tasks to queue
[2025-07-28T23:03:03.199+0000] {logging_mixin.py:137} INFO - [2025-07-28T23:03:03.198+0000] {dagbag.py:538} INFO - Filling up the DagBag from /home/airflow/.local/lib/python3.7/site-packages/airflow/example_dags/example_external_task_marker_dag.py
[2025-07-28T23:03:03.220+0000] {processor.py:753} INFO - DAG(s) dict_keys(['example_external_task_marker_parent', 'example_external_task_marker_child']) retrieved from /home/airflow/.local/lib/python3.7/site-packages/airflow/example_dags/example_external_task_marker_dag.py
[2025-07-28T23:03:03.248+0000] {logging_mixin.py:137} INFO - [2025-07-28T23:03:03.248+0000] {dag.py:2690} INFO - Sync 2 DAGs
[2025-07-28T23:03:03.302+0000] {logging_mixin.py:137} INFO - [2025-07-28T23:03:03.301+0000] {dag.py:3441} INFO - Setting next_dagrun for example_external_task_marker_child to None, run_after=None
[2025-07-28T23:03:03.309+0000] {logging_mixin.py:137} INFO - [2025-07-28T23:03:03.308+0000] {dag.py:3441} INFO - Setting next_dagrun for example_external_task_marker_parent to None, run_after=None
[2025-07-28T23:03:03.340+0000] {processor.py:175} INFO - Processing /home/airflow/.local/lib/python3.7/site-packages/airflow/example_dags/example_external_task_marker_dag.py took 0.152 seconds
[2025-07-28T23:03:33.530+0000] {processor.py:153} INFO - Started process (PID=2717) to work on /home/airflow/.local/lib/python3.7/site-packages/airflow/example_dags/example_external_task_marker_dag.py
[2025-07-28T23:03:33.532+0000] {processor.py:743} INFO - Processing file /home/airflow/.local/lib/python3.7/site-packages/airflow/example_dags/example_external_task_marker_dag.py for tasks to queue
[2025-07-28T23:03:33.534+0000] {logging_mixin.py:137} INFO - [2025-07-28T23:03:33.533+0000] {dagbag.py:538} INFO - Filling up the DagBag from /home/airflow/.local/lib/python3.7/site-packages/airflow/example_dags/example_external_task_marker_dag.py
[2025-07-28T23:03:33.564+0000] {processor.py:753} INFO - DAG(s) dict_keys(['example_external_task_marker_child', 'example_external_task_marker_parent']) retrieved from /home/airflow/.local/lib/python3.7/site-packages/airflow/example_dags/example_external_task_marker_dag.py
[2025-07-28T23:03:33.594+0000] {logging_mixin.py:137} INFO - [2025-07-28T23:03:33.593+0000] {dag.py:2690} INFO - Sync 2 DAGs
[2025-07-28T23:03:33.633+0000] {logging_mixin.py:137} INFO - [2025-07-28T23:03:33.633+0000] {dag.py:3441} INFO - Setting next_dagrun for example_external_task_marker_child to None, run_after=None
[2025-07-28T23:03:33.637+0000] {logging_mixin.py:137} INFO - [2025-07-28T23:03:33.636+0000] {dag.py:3441} INFO - Setting next_dagrun for example_external_task_marker_parent to None, run_after=None
[2025-07-28T23:03:33.659+0000] {processor.py:175} INFO - Processing /home/airflow/.local/lib/python3.7/site-packages/airflow/example_dags/example_external_task_marker_dag.py took 0.135 seconds
[2025-07-28T23:04:04.091+0000] {processor.py:153} INFO - Started process (PID=2788) to work on /home/airflow/.local/lib/python3.7/site-packages/airflow/example_dags/example_external_task_marker_dag.py
[2025-07-28T23:04:04.093+0000] {processor.py:743} INFO - Processing file /home/airflow/.local/lib/python3.7/site-packages/airflow/example_dags/example_external_task_marker_dag.py for tasks to queue
[2025-07-28T23:04:04.094+0000] {logging_mixin.py:137} INFO - [2025-07-28T23:04:04.094+0000] {dagbag.py:538} INFO - Filling up the DagBag from /home/airflow/.local/lib/python3.7/site-packages/airflow/example_dags/example_external_task_marker_dag.py
[2025-07-28T23:04:04.111+0000] {processor.py:753} INFO - DAG(s) dict_keys(['example_external_task_marker_child', 'example_external_task_marker_parent']) retrieved from /home/airflow/.local/lib/python3.7/site-packages/airflow/example_dags/example_external_task_marker_dag.py
[2025-07-28T23:04:04.148+0000] {logging_mixin.py:137} INFO - [2025-07-28T23:04:04.148+0000] {dag.py:2690} INFO - Sync 2 DAGs
[2025-07-28T23:04:04.195+0000] {logging_mixin.py:137} INFO - [2025-07-28T23:04:04.195+0000] {dag.py:3441} INFO - Setting next_dagrun for example_external_task_marker_child to None, run_after=None
[2025-07-28T23:04:04.202+0000] {logging_mixin.py:137} INFO - [2025-07-28T23:04:04.201+0000] {dag.py:3441} INFO - Setting next_dagrun for example_external_task_marker_parent to None, run_after=None
[2025-07-28T23:04:04.229+0000] {processor.py:175} INFO - Processing /home/airflow/.local/lib/python3.7/site-packages/airflow/example_dags/example_external_task_marker_dag.py took 0.143 seconds
[2025-07-28T23:04:35.173+0000] {processor.py:153} INFO - Started process (PID=2874) to work on /home/airflow/.local/lib/python3.7/site-packages/airflow/example_dags/example_external_task_marker_dag.py
[2025-07-28T23:04:35.182+0000] {processor.py:743} INFO - Processing file /home/airflow/.local/lib/python3.7/site-packages/airflow/example_dags/example_external_task_marker_dag.py for tasks to queue
[2025-07-28T23:04:35.189+0000] {logging_mixin.py:137} INFO - [2025-07-28T23:04:35.189+0000] {dagbag.py:538} INFO - Filling up the DagBag from /home/airflow/.local/lib/python3.7/site-packages/airflow/example_dags/example_external_task_marker_dag.py
[2025-07-28T23:04:35.235+0000] {processor.py:753} INFO - DAG(s) dict_keys(['example_external_task_marker_child', 'example_external_task_marker_parent']) retrieved from /home/airflow/.local/lib/python3.7/site-packages/airflow/example_dags/example_external_task_marker_dag.py
[2025-07-28T23:04:35.322+0000] {logging_mixin.py:137} INFO - [2025-07-28T23:04:35.321+0000] {dag.py:2690} INFO - Sync 2 DAGs
[2025-07-28T23:04:35.391+0000] {logging_mixin.py:137} INFO - [2025-07-28T23:04:35.390+0000] {dag.py:3441} INFO - Setting next_dagrun for example_external_task_marker_child to None, run_after=None
[2025-07-28T23:04:35.397+0000] {logging_mixin.py:137} INFO - [2025-07-28T23:04:35.397+0000] {dag.py:3441} INFO - Setting next_dagrun for example_external_task_marker_parent to None, run_after=None
[2025-07-28T23:04:35.463+0000] {processor.py:175} INFO - Processing /home/airflow/.local/lib/python3.7/site-packages/airflow/example_dags/example_external_task_marker_dag.py took 0.303 seconds
[2025-07-28T23:05:05.537+0000] {processor.py:153} INFO - Started process (PID=2945) to work on /home/airflow/.local/lib/python3.7/site-packages/airflow/example_dags/example_external_task_marker_dag.py
[2025-07-28T23:05:05.538+0000] {processor.py:743} INFO - Processing file /home/airflow/.local/lib/python3.7/site-packages/airflow/example_dags/example_external_task_marker_dag.py for tasks to queue
[2025-07-28T23:05:05.539+0000] {logging_mixin.py:137} INFO - [2025-07-28T23:05:05.539+0000] {dagbag.py:538} INFO - Filling up the DagBag from /home/airflow/.local/lib/python3.7/site-packages/airflow/example_dags/example_external_task_marker_dag.py
[2025-07-28T23:05:05.556+0000] {processor.py:753} INFO - DAG(s) dict_keys(['example_external_task_marker_parent', 'example_external_task_marker_child']) retrieved from /home/airflow/.local/lib/python3.7/site-packages/airflow/example_dags/example_external_task_marker_dag.py
[2025-07-28T23:05:05.595+0000] {logging_mixin.py:137} INFO - [2025-07-28T23:05:05.595+0000] {dag.py:2690} INFO - Sync 2 DAGs
[2025-07-28T23:05:05.644+0000] {logging_mixin.py:137} INFO - [2025-07-28T23:05:05.644+0000] {dag.py:3441} INFO - Setting next_dagrun for example_external_task_marker_child to None, run_after=None
[2025-07-28T23:05:05.658+0000] {logging_mixin.py:137} INFO - [2025-07-28T23:05:05.658+0000] {dag.py:3441} INFO - Setting next_dagrun for example_external_task_marker_parent to None, run_after=None
[2025-07-28T23:05:05.690+0000] {processor.py:175} INFO - Processing /home/airflow/.local/lib/python3.7/site-packages/airflow/example_dags/example_external_task_marker_dag.py took 0.157 seconds
[2025-07-28T23:05:36.520+0000] {processor.py:153} INFO - Started process (PID=3017) to work on /home/airflow/.local/lib/python3.7/site-packages/airflow/example_dags/example_external_task_marker_dag.py
[2025-07-28T23:05:36.521+0000] {processor.py:743} INFO - Processing file /home/airflow/.local/lib/python3.7/site-packages/airflow/example_dags/example_external_task_marker_dag.py for tasks to queue
[2025-07-28T23:05:36.522+0000] {logging_mixin.py:137} INFO - [2025-07-28T23:05:36.522+0000] {dagbag.py:538} INFO - Filling up the DagBag from /home/airflow/.local/lib/python3.7/site-packages/airflow/example_dags/example_external_task_marker_dag.py
[2025-07-28T23:05:36.535+0000] {processor.py:753} INFO - DAG(s) dict_keys(['example_external_task_marker_child', 'example_external_task_marker_parent']) retrieved from /home/airflow/.local/lib/python3.7/site-packages/airflow/example_dags/example_external_task_marker_dag.py
[2025-07-28T23:05:36.565+0000] {logging_mixin.py:137} INFO - [2025-07-28T23:05:36.565+0000] {dag.py:2690} INFO - Sync 2 DAGs
[2025-07-28T23:05:36.593+0000] {logging_mixin.py:137} INFO - [2025-07-28T23:05:36.593+0000] {dag.py:3441} INFO - Setting next_dagrun for example_external_task_marker_child to None, run_after=None
[2025-07-28T23:05:36.601+0000] {logging_mixin.py:137} INFO - [2025-07-28T23:05:36.601+0000] {dag.py:3441} INFO - Setting next_dagrun for example_external_task_marker_parent to None, run_after=None
[2025-07-28T23:05:36.626+0000] {processor.py:175} INFO - Processing /home/airflow/.local/lib/python3.7/site-packages/airflow/example_dags/example_external_task_marker_dag.py took 0.109 seconds
[2025-07-28T23:06:07.223+0000] {processor.py:153} INFO - Started process (PID=3105) to work on /home/airflow/.local/lib/python3.7/site-packages/airflow/example_dags/example_external_task_marker_dag.py
[2025-07-28T23:06:07.224+0000] {processor.py:743} INFO - Processing file /home/airflow/.local/lib/python3.7/site-packages/airflow/example_dags/example_external_task_marker_dag.py for tasks to queue
[2025-07-28T23:06:07.225+0000] {logging_mixin.py:137} INFO - [2025-07-28T23:06:07.225+0000] {dagbag.py:538} INFO - Filling up the DagBag from /home/airflow/.local/lib/python3.7/site-packages/airflow/example_dags/example_external_task_marker_dag.py
[2025-07-28T23:06:07.238+0000] {processor.py:753} INFO - DAG(s) dict_keys(['example_external_task_marker_parent', 'example_external_task_marker_child']) retrieved from /home/airflow/.local/lib/python3.7/site-packages/airflow/example_dags/example_external_task_marker_dag.py
[2025-07-28T23:06:07.275+0000] {logging_mixin.py:137} INFO - [2025-07-28T23:06:07.275+0000] {dag.py:2690} INFO - Sync 2 DAGs
[2025-07-28T23:06:07.301+0000] {logging_mixin.py:137} INFO - [2025-07-28T23:06:07.301+0000] {dag.py:3441} INFO - Setting next_dagrun for example_external_task_marker_child to None, run_after=None
[2025-07-28T23:06:07.305+0000] {logging_mixin.py:137} INFO - [2025-07-28T23:06:07.305+0000] {dag.py:3441} INFO - Setting next_dagrun for example_external_task_marker_parent to None, run_after=None
[2025-07-28T23:06:07.332+0000] {processor.py:175} INFO - Processing /home/airflow/.local/lib/python3.7/site-packages/airflow/example_dags/example_external_task_marker_dag.py took 0.113 seconds
[2025-07-28T23:06:37.478+0000] {processor.py:153} INFO - Started process (PID=3177) to work on /home/airflow/.local/lib/python3.7/site-packages/airflow/example_dags/example_external_task_marker_dag.py
[2025-07-28T23:06:37.479+0000] {processor.py:743} INFO - Processing file /home/airflow/.local/lib/python3.7/site-packages/airflow/example_dags/example_external_task_marker_dag.py for tasks to queue
[2025-07-28T23:06:37.480+0000] {logging_mixin.py:137} INFO - [2025-07-28T23:06:37.480+0000] {dagbag.py:538} INFO - Filling up the DagBag from /home/airflow/.local/lib/python3.7/site-packages/airflow/example_dags/example_external_task_marker_dag.py
[2025-07-28T23:06:37.492+0000] {processor.py:753} INFO - DAG(s) dict_keys(['example_external_task_marker_parent', 'example_external_task_marker_child']) retrieved from /home/airflow/.local/lib/python3.7/site-packages/airflow/example_dags/example_external_task_marker_dag.py
[2025-07-28T23:06:37.519+0000] {logging_mixin.py:137} INFO - [2025-07-28T23:06:37.519+0000] {dag.py:2690} INFO - Sync 2 DAGs
[2025-07-28T23:06:37.541+0000] {logging_mixin.py:137} INFO - [2025-07-28T23:06:37.541+0000] {dag.py:3441} INFO - Setting next_dagrun for example_external_task_marker_child to None, run_after=None
[2025-07-28T23:06:37.545+0000] {logging_mixin.py:137} INFO - [2025-07-28T23:06:37.545+0000] {dag.py:3441} INFO - Setting next_dagrun for example_external_task_marker_parent to None, run_after=None
[2025-07-28T23:06:37.565+0000] {processor.py:175} INFO - Processing /home/airflow/.local/lib/python3.7/site-packages/airflow/example_dags/example_external_task_marker_dag.py took 0.090 seconds
