[2025-07-28T22:45:37.380+0000] {processor.py:153} INFO - Started process (PID=67) to work on /home/airflow/.local/lib/python3.7/site-packages/airflow/example_dags/example_kubernetes_executor.py
[2025-07-28T22:45:37.382+0000] {processor.py:743} INFO - Processing file /home/airflow/.local/lib/python3.7/site-packages/airflow/example_dags/example_kubernetes_executor.py for tasks to queue
[2025-07-28T22:45:37.384+0000] {logging_mixin.py:137} INFO - [2025-07-28T22:45:37.383+0000] {dagbag.py:538} INFO - Filling up the DagBag from /home/airflow/.local/lib/python3.7/site-packages/airflow/example_dags/example_kubernetes_executor.py
[2025-07-28T22:45:37.450+0000] {processor.py:753} INFO - DAG(s) dict_keys(['example_kubernetes_executor']) retrieved from /home/airflow/.local/lib/python3.7/site-packages/airflow/example_dags/example_kubernetes_executor.py
[2025-07-28T22:45:37.756+0000] {logging_mixin.py:137} INFO - [2025-07-28T22:45:37.756+0000] {manager.py:504} INFO - Created Permission View: can delete on DAG:example_kubernetes_executor
[2025-07-28T22:45:37.782+0000] {logging_mixin.py:137} INFO - [2025-07-28T22:45:37.782+0000] {manager.py:504} INFO - Created Permission View: can read on DAG:example_kubernetes_executor
[2025-07-28T22:45:37.797+0000] {logging_mixin.py:137} INFO - [2025-07-28T22:45:37.796+0000] {manager.py:504} INFO - Created Permission View: can edit on DAG:example_kubernetes_executor
[2025-07-28T22:45:37.798+0000] {logging_mixin.py:137} INFO - [2025-07-28T22:45:37.797+0000] {dag.py:2690} INFO - Sync 1 DAGs
[2025-07-28T22:45:37.829+0000] {logging_mixin.py:137} INFO - [2025-07-28T22:45:37.829+0000] {dag.py:2711} INFO - Creating ORM DAG for example_kubernetes_executor
[2025-07-28T22:45:37.862+0000] {logging_mixin.py:137} INFO - [2025-07-28T22:45:37.862+0000] {dag.py:3441} INFO - Setting next_dagrun for example_kubernetes_executor to None, run_after=None
[2025-07-28T22:45:37.898+0000] {processor.py:175} INFO - Processing /home/airflow/.local/lib/python3.7/site-packages/airflow/example_dags/example_kubernetes_executor.py took 0.525 seconds
[2025-07-28T22:46:08.464+0000] {processor.py:153} INFO - Started process (PID=138) to work on /home/airflow/.local/lib/python3.7/site-packages/airflow/example_dags/example_kubernetes_executor.py
[2025-07-28T22:46:08.467+0000] {processor.py:743} INFO - Processing file /home/airflow/.local/lib/python3.7/site-packages/airflow/example_dags/example_kubernetes_executor.py for tasks to queue
[2025-07-28T22:46:08.469+0000] {logging_mixin.py:137} INFO - [2025-07-28T22:46:08.469+0000] {dagbag.py:538} INFO - Filling up the DagBag from /home/airflow/.local/lib/python3.7/site-packages/airflow/example_dags/example_kubernetes_executor.py
[2025-07-28T22:46:08.582+0000] {processor.py:753} INFO - DAG(s) dict_keys(['example_kubernetes_executor']) retrieved from /home/airflow/.local/lib/python3.7/site-packages/airflow/example_dags/example_kubernetes_executor.py
[2025-07-28T22:46:08.626+0000] {logging_mixin.py:137} INFO - [2025-07-28T22:46:08.625+0000] {dag.py:2690} INFO - Sync 1 DAGs
[2025-07-28T22:46:08.714+0000] {logging_mixin.py:137} INFO - [2025-07-28T22:46:08.712+0000] {dag.py:3441} INFO - Setting next_dagrun for example_kubernetes_executor to None, run_after=None
[2025-07-28T22:46:08.783+0000] {processor.py:175} INFO - Processing /home/airflow/.local/lib/python3.7/site-packages/airflow/example_dags/example_kubernetes_executor.py took 0.332 seconds
[2025-07-28T22:46:39.410+0000] {processor.py:153} INFO - Started process (PID=208) to work on /home/airflow/.local/lib/python3.7/site-packages/airflow/example_dags/example_kubernetes_executor.py
[2025-07-28T22:46:39.412+0000] {processor.py:743} INFO - Processing file /home/airflow/.local/lib/python3.7/site-packages/airflow/example_dags/example_kubernetes_executor.py for tasks to queue
[2025-07-28T22:46:39.413+0000] {logging_mixin.py:137} INFO - [2025-07-28T22:46:39.413+0000] {dagbag.py:538} INFO - Filling up the DagBag from /home/airflow/.local/lib/python3.7/site-packages/airflow/example_dags/example_kubernetes_executor.py
[2025-07-28T22:46:39.484+0000] {processor.py:753} INFO - DAG(s) dict_keys(['example_kubernetes_executor']) retrieved from /home/airflow/.local/lib/python3.7/site-packages/airflow/example_dags/example_kubernetes_executor.py
[2025-07-28T22:46:39.546+0000] {logging_mixin.py:137} INFO - [2025-07-28T22:46:39.545+0000] {dag.py:2690} INFO - Sync 1 DAGs
[2025-07-28T22:46:39.603+0000] {logging_mixin.py:137} INFO - [2025-07-28T22:46:39.603+0000] {dag.py:3441} INFO - Setting next_dagrun for example_kubernetes_executor to None, run_after=None
[2025-07-28T22:46:39.644+0000] {processor.py:175} INFO - Processing /home/airflow/.local/lib/python3.7/site-packages/airflow/example_dags/example_kubernetes_executor.py took 0.241 seconds
[2025-07-28T22:47:09.912+0000] {processor.py:153} INFO - Started process (PID=280) to work on /home/airflow/.local/lib/python3.7/site-packages/airflow/example_dags/example_kubernetes_executor.py
[2025-07-28T22:47:09.918+0000] {processor.py:743} INFO - Processing file /home/airflow/.local/lib/python3.7/site-packages/airflow/example_dags/example_kubernetes_executor.py for tasks to queue
[2025-07-28T22:47:09.921+0000] {logging_mixin.py:137} INFO - [2025-07-28T22:47:09.921+0000] {dagbag.py:538} INFO - Filling up the DagBag from /home/airflow/.local/lib/python3.7/site-packages/airflow/example_dags/example_kubernetes_executor.py
[2025-07-28T22:47:09.970+0000] {processor.py:753} INFO - DAG(s) dict_keys(['example_kubernetes_executor']) retrieved from /home/airflow/.local/lib/python3.7/site-packages/airflow/example_dags/example_kubernetes_executor.py
[2025-07-28T22:47:10.021+0000] {logging_mixin.py:137} INFO - [2025-07-28T22:47:10.020+0000] {dag.py:2690} INFO - Sync 1 DAGs
[2025-07-28T22:47:10.048+0000] {logging_mixin.py:137} INFO - [2025-07-28T22:47:10.047+0000] {dag.py:3441} INFO - Setting next_dagrun for example_kubernetes_executor to None, run_after=None
[2025-07-28T22:47:10.070+0000] {processor.py:175} INFO - Processing /home/airflow/.local/lib/python3.7/site-packages/airflow/example_dags/example_kubernetes_executor.py took 0.166 seconds
[2025-07-28T22:47:40.201+0000] {processor.py:153} INFO - Started process (PID=350) to work on /home/airflow/.local/lib/python3.7/site-packages/airflow/example_dags/example_kubernetes_executor.py
[2025-07-28T22:47:40.204+0000] {processor.py:743} INFO - Processing file /home/airflow/.local/lib/python3.7/site-packages/airflow/example_dags/example_kubernetes_executor.py for tasks to queue
[2025-07-28T22:47:40.207+0000] {logging_mixin.py:137} INFO - [2025-07-28T22:47:40.207+0000] {dagbag.py:538} INFO - Filling up the DagBag from /home/airflow/.local/lib/python3.7/site-packages/airflow/example_dags/example_kubernetes_executor.py
[2025-07-28T22:47:40.259+0000] {processor.py:753} INFO - DAG(s) dict_keys(['example_kubernetes_executor']) retrieved from /home/airflow/.local/lib/python3.7/site-packages/airflow/example_dags/example_kubernetes_executor.py
[2025-07-28T22:47:40.319+0000] {logging_mixin.py:137} INFO - [2025-07-28T22:47:40.318+0000] {dag.py:2690} INFO - Sync 1 DAGs
[2025-07-28T22:47:40.367+0000] {logging_mixin.py:137} INFO - [2025-07-28T22:47:40.366+0000] {dag.py:3441} INFO - Setting next_dagrun for example_kubernetes_executor to None, run_after=None
[2025-07-28T22:47:40.416+0000] {processor.py:175} INFO - Processing /home/airflow/.local/lib/python3.7/site-packages/airflow/example_dags/example_kubernetes_executor.py took 0.223 seconds
[2025-07-28T22:48:11.003+0000] {processor.py:153} INFO - Started process (PID=429) to work on /home/airflow/.local/lib/python3.7/site-packages/airflow/example_dags/example_kubernetes_executor.py
[2025-07-28T22:48:11.008+0000] {processor.py:743} INFO - Processing file /home/airflow/.local/lib/python3.7/site-packages/airflow/example_dags/example_kubernetes_executor.py for tasks to queue
[2025-07-28T22:48:11.010+0000] {logging_mixin.py:137} INFO - [2025-07-28T22:48:11.010+0000] {dagbag.py:538} INFO - Filling up the DagBag from /home/airflow/.local/lib/python3.7/site-packages/airflow/example_dags/example_kubernetes_executor.py
[2025-07-28T22:48:11.078+0000] {processor.py:753} INFO - DAG(s) dict_keys(['example_kubernetes_executor']) retrieved from /home/airflow/.local/lib/python3.7/site-packages/airflow/example_dags/example_kubernetes_executor.py
[2025-07-28T22:48:11.151+0000] {logging_mixin.py:137} INFO - [2025-07-28T22:48:11.151+0000] {dag.py:2690} INFO - Sync 1 DAGs
[2025-07-28T22:48:11.214+0000] {logging_mixin.py:137} INFO - [2025-07-28T22:48:11.214+0000] {dag.py:3441} INFO - Setting next_dagrun for example_kubernetes_executor to None, run_after=None
[2025-07-28T22:48:11.264+0000] {processor.py:175} INFO - Processing /home/airflow/.local/lib/python3.7/site-packages/airflow/example_dags/example_kubernetes_executor.py took 0.267 seconds
[2025-07-28T22:48:41.595+0000] {processor.py:153} INFO - Started process (PID=507) to work on /home/airflow/.local/lib/python3.7/site-packages/airflow/example_dags/example_kubernetes_executor.py
[2025-07-28T22:48:41.596+0000] {processor.py:743} INFO - Processing file /home/airflow/.local/lib/python3.7/site-packages/airflow/example_dags/example_kubernetes_executor.py for tasks to queue
[2025-07-28T22:48:41.598+0000] {logging_mixin.py:137} INFO - [2025-07-28T22:48:41.597+0000] {dagbag.py:538} INFO - Filling up the DagBag from /home/airflow/.local/lib/python3.7/site-packages/airflow/example_dags/example_kubernetes_executor.py
[2025-07-28T22:48:41.680+0000] {processor.py:753} INFO - DAG(s) dict_keys(['example_kubernetes_executor']) retrieved from /home/airflow/.local/lib/python3.7/site-packages/airflow/example_dags/example_kubernetes_executor.py
[2025-07-28T22:48:41.775+0000] {logging_mixin.py:137} INFO - [2025-07-28T22:48:41.774+0000] {dag.py:2690} INFO - Sync 1 DAGs
[2025-07-28T22:48:41.894+0000] {logging_mixin.py:137} INFO - [2025-07-28T22:48:41.893+0000] {dag.py:3441} INFO - Setting next_dagrun for example_kubernetes_executor to None, run_after=None
[2025-07-28T22:48:41.970+0000] {processor.py:175} INFO - Processing /home/airflow/.local/lib/python3.7/site-packages/airflow/example_dags/example_kubernetes_executor.py took 0.385 seconds
[2025-07-28T22:49:12.223+0000] {processor.py:153} INFO - Started process (PID=578) to work on /home/airflow/.local/lib/python3.7/site-packages/airflow/example_dags/example_kubernetes_executor.py
[2025-07-28T22:49:12.225+0000] {processor.py:743} INFO - Processing file /home/airflow/.local/lib/python3.7/site-packages/airflow/example_dags/example_kubernetes_executor.py for tasks to queue
[2025-07-28T22:49:12.226+0000] {logging_mixin.py:137} INFO - [2025-07-28T22:49:12.226+0000] {dagbag.py:538} INFO - Filling up the DagBag from /home/airflow/.local/lib/python3.7/site-packages/airflow/example_dags/example_kubernetes_executor.py
[2025-07-28T22:49:12.287+0000] {processor.py:753} INFO - DAG(s) dict_keys(['example_kubernetes_executor']) retrieved from /home/airflow/.local/lib/python3.7/site-packages/airflow/example_dags/example_kubernetes_executor.py
[2025-07-28T22:49:12.345+0000] {logging_mixin.py:137} INFO - [2025-07-28T22:49:12.345+0000] {dag.py:2690} INFO - Sync 1 DAGs
[2025-07-28T22:49:12.379+0000] {logging_mixin.py:137} INFO - [2025-07-28T22:49:12.379+0000] {dag.py:3441} INFO - Setting next_dagrun for example_kubernetes_executor to None, run_after=None
[2025-07-28T22:49:12.410+0000] {processor.py:175} INFO - Processing /home/airflow/.local/lib/python3.7/site-packages/airflow/example_dags/example_kubernetes_executor.py took 0.194 seconds
[2025-07-28T22:49:42.512+0000] {processor.py:153} INFO - Started process (PID=649) to work on /home/airflow/.local/lib/python3.7/site-packages/airflow/example_dags/example_kubernetes_executor.py
[2025-07-28T22:49:42.514+0000] {processor.py:743} INFO - Processing file /home/airflow/.local/lib/python3.7/site-packages/airflow/example_dags/example_kubernetes_executor.py for tasks to queue
[2025-07-28T22:49:42.516+0000] {logging_mixin.py:137} INFO - [2025-07-28T22:49:42.515+0000] {dagbag.py:538} INFO - Filling up the DagBag from /home/airflow/.local/lib/python3.7/site-packages/airflow/example_dags/example_kubernetes_executor.py
[2025-07-28T22:49:42.558+0000] {processor.py:753} INFO - DAG(s) dict_keys(['example_kubernetes_executor']) retrieved from /home/airflow/.local/lib/python3.7/site-packages/airflow/example_dags/example_kubernetes_executor.py
[2025-07-28T22:49:42.599+0000] {logging_mixin.py:137} INFO - [2025-07-28T22:49:42.598+0000] {dag.py:2690} INFO - Sync 1 DAGs
[2025-07-28T22:49:42.632+0000] {logging_mixin.py:137} INFO - [2025-07-28T22:49:42.631+0000] {dag.py:3441} INFO - Setting next_dagrun for example_kubernetes_executor to None, run_after=None
[2025-07-28T22:49:42.660+0000] {processor.py:175} INFO - Processing /home/airflow/.local/lib/python3.7/site-packages/airflow/example_dags/example_kubernetes_executor.py took 0.152 seconds
[2025-07-28T22:50:12.878+0000] {processor.py:153} INFO - Started process (PID=720) to work on /home/airflow/.local/lib/python3.7/site-packages/airflow/example_dags/example_kubernetes_executor.py
[2025-07-28T22:50:12.880+0000] {processor.py:743} INFO - Processing file /home/airflow/.local/lib/python3.7/site-packages/airflow/example_dags/example_kubernetes_executor.py for tasks to queue
[2025-07-28T22:50:12.881+0000] {logging_mixin.py:137} INFO - [2025-07-28T22:50:12.881+0000] {dagbag.py:538} INFO - Filling up the DagBag from /home/airflow/.local/lib/python3.7/site-packages/airflow/example_dags/example_kubernetes_executor.py
[2025-07-28T22:50:12.920+0000] {processor.py:753} INFO - DAG(s) dict_keys(['example_kubernetes_executor']) retrieved from /home/airflow/.local/lib/python3.7/site-packages/airflow/example_dags/example_kubernetes_executor.py
[2025-07-28T22:50:12.969+0000] {logging_mixin.py:137} INFO - [2025-07-28T22:50:12.969+0000] {dag.py:2690} INFO - Sync 1 DAGs
[2025-07-28T22:50:13.014+0000] {logging_mixin.py:137} INFO - [2025-07-28T22:50:13.014+0000] {dag.py:3441} INFO - Setting next_dagrun for example_kubernetes_executor to None, run_after=None
[2025-07-28T22:50:13.048+0000] {processor.py:175} INFO - Processing /home/airflow/.local/lib/python3.7/site-packages/airflow/example_dags/example_kubernetes_executor.py took 0.175 seconds
[2025-07-28T22:50:43.185+0000] {processor.py:153} INFO - Started process (PID=807) to work on /home/airflow/.local/lib/python3.7/site-packages/airflow/example_dags/example_kubernetes_executor.py
[2025-07-28T22:50:43.186+0000] {processor.py:743} INFO - Processing file /home/airflow/.local/lib/python3.7/site-packages/airflow/example_dags/example_kubernetes_executor.py for tasks to queue
[2025-07-28T22:50:43.187+0000] {logging_mixin.py:137} INFO - [2025-07-28T22:50:43.187+0000] {dagbag.py:538} INFO - Filling up the DagBag from /home/airflow/.local/lib/python3.7/site-packages/airflow/example_dags/example_kubernetes_executor.py
[2025-07-28T22:50:43.237+0000] {processor.py:753} INFO - DAG(s) dict_keys(['example_kubernetes_executor']) retrieved from /home/airflow/.local/lib/python3.7/site-packages/airflow/example_dags/example_kubernetes_executor.py
[2025-07-28T22:50:43.293+0000] {logging_mixin.py:137} INFO - [2025-07-28T22:50:43.293+0000] {dag.py:2690} INFO - Sync 1 DAGs
[2025-07-28T22:50:43.342+0000] {logging_mixin.py:137} INFO - [2025-07-28T22:50:43.342+0000] {dag.py:3441} INFO - Setting next_dagrun for example_kubernetes_executor to None, run_after=None
[2025-07-28T22:50:43.382+0000] {processor.py:175} INFO - Processing /home/airflow/.local/lib/python3.7/site-packages/airflow/example_dags/example_kubernetes_executor.py took 0.203 seconds
[2025-07-28T22:51:14.254+0000] {processor.py:153} INFO - Started process (PID=878) to work on /home/airflow/.local/lib/python3.7/site-packages/airflow/example_dags/example_kubernetes_executor.py
[2025-07-28T22:51:14.257+0000] {processor.py:743} INFO - Processing file /home/airflow/.local/lib/python3.7/site-packages/airflow/example_dags/example_kubernetes_executor.py for tasks to queue
[2025-07-28T22:51:14.259+0000] {logging_mixin.py:137} INFO - [2025-07-28T22:51:14.258+0000] {dagbag.py:538} INFO - Filling up the DagBag from /home/airflow/.local/lib/python3.7/site-packages/airflow/example_dags/example_kubernetes_executor.py
[2025-07-28T22:51:14.297+0000] {processor.py:753} INFO - DAG(s) dict_keys(['example_kubernetes_executor']) retrieved from /home/airflow/.local/lib/python3.7/site-packages/airflow/example_dags/example_kubernetes_executor.py
[2025-07-28T22:51:14.343+0000] {logging_mixin.py:137} INFO - [2025-07-28T22:51:14.343+0000] {dag.py:2690} INFO - Sync 1 DAGs
[2025-07-28T22:51:14.375+0000] {logging_mixin.py:137} INFO - [2025-07-28T22:51:14.375+0000] {dag.py:3441} INFO - Setting next_dagrun for example_kubernetes_executor to None, run_after=None
[2025-07-28T22:51:14.403+0000] {processor.py:175} INFO - Processing /home/airflow/.local/lib/python3.7/site-packages/airflow/example_dags/example_kubernetes_executor.py took 0.155 seconds
[2025-07-28T22:51:45.321+0000] {processor.py:153} INFO - Started process (PID=965) to work on /home/airflow/.local/lib/python3.7/site-packages/airflow/example_dags/example_kubernetes_executor.py
[2025-07-28T22:51:45.324+0000] {processor.py:743} INFO - Processing file /home/airflow/.local/lib/python3.7/site-packages/airflow/example_dags/example_kubernetes_executor.py for tasks to queue
[2025-07-28T22:51:45.326+0000] {logging_mixin.py:137} INFO - [2025-07-28T22:51:45.325+0000] {dagbag.py:538} INFO - Filling up the DagBag from /home/airflow/.local/lib/python3.7/site-packages/airflow/example_dags/example_kubernetes_executor.py
[2025-07-28T22:51:45.370+0000] {processor.py:753} INFO - DAG(s) dict_keys(['example_kubernetes_executor']) retrieved from /home/airflow/.local/lib/python3.7/site-packages/airflow/example_dags/example_kubernetes_executor.py
[2025-07-28T22:51:45.413+0000] {logging_mixin.py:137} INFO - [2025-07-28T22:51:45.413+0000] {dag.py:2690} INFO - Sync 1 DAGs
[2025-07-28T22:51:45.443+0000] {logging_mixin.py:137} INFO - [2025-07-28T22:51:45.443+0000] {dag.py:3441} INFO - Setting next_dagrun for example_kubernetes_executor to None, run_after=None
[2025-07-28T22:51:45.469+0000] {processor.py:175} INFO - Processing /home/airflow/.local/lib/python3.7/site-packages/airflow/example_dags/example_kubernetes_executor.py took 0.151 seconds
[2025-07-28T22:52:16.104+0000] {processor.py:153} INFO - Started process (PID=1036) to work on /home/airflow/.local/lib/python3.7/site-packages/airflow/example_dags/example_kubernetes_executor.py
[2025-07-28T22:52:16.107+0000] {processor.py:743} INFO - Processing file /home/airflow/.local/lib/python3.7/site-packages/airflow/example_dags/example_kubernetes_executor.py for tasks to queue
[2025-07-28T22:52:16.111+0000] {logging_mixin.py:137} INFO - [2025-07-28T22:52:16.109+0000] {dagbag.py:538} INFO - Filling up the DagBag from /home/airflow/.local/lib/python3.7/site-packages/airflow/example_dags/example_kubernetes_executor.py
[2025-07-28T22:52:16.152+0000] {processor.py:753} INFO - DAG(s) dict_keys(['example_kubernetes_executor']) retrieved from /home/airflow/.local/lib/python3.7/site-packages/airflow/example_dags/example_kubernetes_executor.py
[2025-07-28T22:52:16.186+0000] {logging_mixin.py:137} INFO - [2025-07-28T22:52:16.186+0000] {dag.py:2690} INFO - Sync 1 DAGs
[2025-07-28T22:52:16.213+0000] {logging_mixin.py:137} INFO - [2025-07-28T22:52:16.213+0000] {dag.py:3441} INFO - Setting next_dagrun for example_kubernetes_executor to None, run_after=None
[2025-07-28T22:52:16.238+0000] {processor.py:175} INFO - Processing /home/airflow/.local/lib/python3.7/site-packages/airflow/example_dags/example_kubernetes_executor.py took 0.140 seconds
[2025-07-28T22:52:47.073+0000] {processor.py:153} INFO - Started process (PID=1116) to work on /home/airflow/.local/lib/python3.7/site-packages/airflow/example_dags/example_kubernetes_executor.py
[2025-07-28T22:52:47.075+0000] {processor.py:743} INFO - Processing file /home/airflow/.local/lib/python3.7/site-packages/airflow/example_dags/example_kubernetes_executor.py for tasks to queue
[2025-07-28T22:52:47.076+0000] {logging_mixin.py:137} INFO - [2025-07-28T22:52:47.076+0000] {dagbag.py:538} INFO - Filling up the DagBag from /home/airflow/.local/lib/python3.7/site-packages/airflow/example_dags/example_kubernetes_executor.py
[2025-07-28T22:52:47.120+0000] {processor.py:753} INFO - DAG(s) dict_keys(['example_kubernetes_executor']) retrieved from /home/airflow/.local/lib/python3.7/site-packages/airflow/example_dags/example_kubernetes_executor.py
[2025-07-28T22:52:47.162+0000] {logging_mixin.py:137} INFO - [2025-07-28T22:52:47.162+0000] {dag.py:2690} INFO - Sync 1 DAGs
[2025-07-28T22:52:47.192+0000] {logging_mixin.py:137} INFO - [2025-07-28T22:52:47.192+0000] {dag.py:3441} INFO - Setting next_dagrun for example_kubernetes_executor to None, run_after=None
[2025-07-28T22:52:47.215+0000] {processor.py:175} INFO - Processing /home/airflow/.local/lib/python3.7/site-packages/airflow/example_dags/example_kubernetes_executor.py took 0.150 seconds
[2025-07-28T22:53:17.646+0000] {processor.py:153} INFO - Started process (PID=1194) to work on /home/airflow/.local/lib/python3.7/site-packages/airflow/example_dags/example_kubernetes_executor.py
[2025-07-28T22:53:17.647+0000] {processor.py:743} INFO - Processing file /home/airflow/.local/lib/python3.7/site-packages/airflow/example_dags/example_kubernetes_executor.py for tasks to queue
[2025-07-28T22:53:17.649+0000] {logging_mixin.py:137} INFO - [2025-07-28T22:53:17.648+0000] {dagbag.py:538} INFO - Filling up the DagBag from /home/airflow/.local/lib/python3.7/site-packages/airflow/example_dags/example_kubernetes_executor.py
[2025-07-28T22:53:17.681+0000] {processor.py:753} INFO - DAG(s) dict_keys(['example_kubernetes_executor']) retrieved from /home/airflow/.local/lib/python3.7/site-packages/airflow/example_dags/example_kubernetes_executor.py
[2025-07-28T22:53:17.714+0000] {logging_mixin.py:137} INFO - [2025-07-28T22:53:17.714+0000] {dag.py:2690} INFO - Sync 1 DAGs
[2025-07-28T22:53:17.741+0000] {logging_mixin.py:137} INFO - [2025-07-28T22:53:17.741+0000] {dag.py:3441} INFO - Setting next_dagrun for example_kubernetes_executor to None, run_after=None
[2025-07-28T22:53:17.763+0000] {processor.py:175} INFO - Processing /home/airflow/.local/lib/python3.7/site-packages/airflow/example_dags/example_kubernetes_executor.py took 0.122 seconds
[2025-07-28T22:53:47.942+0000] {processor.py:153} INFO - Started process (PID=1265) to work on /home/airflow/.local/lib/python3.7/site-packages/airflow/example_dags/example_kubernetes_executor.py
[2025-07-28T22:53:47.943+0000] {processor.py:743} INFO - Processing file /home/airflow/.local/lib/python3.7/site-packages/airflow/example_dags/example_kubernetes_executor.py for tasks to queue
[2025-07-28T22:53:47.945+0000] {logging_mixin.py:137} INFO - [2025-07-28T22:53:47.945+0000] {dagbag.py:538} INFO - Filling up the DagBag from /home/airflow/.local/lib/python3.7/site-packages/airflow/example_dags/example_kubernetes_executor.py
[2025-07-28T22:53:47.991+0000] {processor.py:753} INFO - DAG(s) dict_keys(['example_kubernetes_executor']) retrieved from /home/airflow/.local/lib/python3.7/site-packages/airflow/example_dags/example_kubernetes_executor.py
[2025-07-28T22:53:48.033+0000] {logging_mixin.py:137} INFO - [2025-07-28T22:53:48.033+0000] {dag.py:2690} INFO - Sync 1 DAGs
[2025-07-28T22:53:48.064+0000] {logging_mixin.py:137} INFO - [2025-07-28T22:53:48.064+0000] {dag.py:3441} INFO - Setting next_dagrun for example_kubernetes_executor to None, run_after=None
[2025-07-28T22:53:48.099+0000] {processor.py:175} INFO - Processing /home/airflow/.local/lib/python3.7/site-packages/airflow/example_dags/example_kubernetes_executor.py took 0.165 seconds
[2025-07-28T22:54:20.541+0000] {processor.py:153} INFO - Started process (PID=1342) to work on /home/airflow/.local/lib/python3.7/site-packages/airflow/example_dags/example_kubernetes_executor.py
[2025-07-28T22:54:20.545+0000] {processor.py:743} INFO - Processing file /home/airflow/.local/lib/python3.7/site-packages/airflow/example_dags/example_kubernetes_executor.py for tasks to queue
[2025-07-28T22:54:20.556+0000] {logging_mixin.py:137} INFO - [2025-07-28T22:54:20.556+0000] {dagbag.py:538} INFO - Filling up the DagBag from /home/airflow/.local/lib/python3.7/site-packages/airflow/example_dags/example_kubernetes_executor.py
[2025-07-28T22:54:20.731+0000] {processor.py:753} INFO - DAG(s) dict_keys(['example_kubernetes_executor']) retrieved from /home/airflow/.local/lib/python3.7/site-packages/airflow/example_dags/example_kubernetes_executor.py
[2025-07-28T22:54:20.946+0000] {logging_mixin.py:137} INFO - [2025-07-28T22:54:20.946+0000] {dag.py:2690} INFO - Sync 1 DAGs
[2025-07-28T22:54:21.048+0000] {logging_mixin.py:137} INFO - [2025-07-28T22:54:21.048+0000] {dag.py:3441} INFO - Setting next_dagrun for example_kubernetes_executor to None, run_after=None
[2025-07-28T22:54:21.157+0000] {processor.py:175} INFO - Processing /home/airflow/.local/lib/python3.7/site-packages/airflow/example_dags/example_kubernetes_executor.py took 0.625 seconds
[2025-07-28T22:54:51.867+0000] {processor.py:153} INFO - Started process (PID=1407) to work on /home/airflow/.local/lib/python3.7/site-packages/airflow/example_dags/example_kubernetes_executor.py
[2025-07-28T22:54:51.869+0000] {processor.py:743} INFO - Processing file /home/airflow/.local/lib/python3.7/site-packages/airflow/example_dags/example_kubernetes_executor.py for tasks to queue
[2025-07-28T22:54:51.871+0000] {logging_mixin.py:137} INFO - [2025-07-28T22:54:51.870+0000] {dagbag.py:538} INFO - Filling up the DagBag from /home/airflow/.local/lib/python3.7/site-packages/airflow/example_dags/example_kubernetes_executor.py
[2025-07-28T22:54:51.930+0000] {processor.py:753} INFO - DAG(s) dict_keys(['example_kubernetes_executor']) retrieved from /home/airflow/.local/lib/python3.7/site-packages/airflow/example_dags/example_kubernetes_executor.py
[2025-07-28T22:54:51.992+0000] {logging_mixin.py:137} INFO - [2025-07-28T22:54:51.992+0000] {dag.py:2690} INFO - Sync 1 DAGs
[2025-07-28T22:54:52.048+0000] {logging_mixin.py:137} INFO - [2025-07-28T22:54:52.048+0000] {dag.py:3441} INFO - Setting next_dagrun for example_kubernetes_executor to None, run_after=None
[2025-07-28T22:54:52.146+0000] {processor.py:175} INFO - Processing /home/airflow/.local/lib/python3.7/site-packages/airflow/example_dags/example_kubernetes_executor.py took 0.285 seconds
[2025-07-28T22:55:22.813+0000] {processor.py:153} INFO - Started process (PID=1495) to work on /home/airflow/.local/lib/python3.7/site-packages/airflow/example_dags/example_kubernetes_executor.py
[2025-07-28T22:55:22.814+0000] {processor.py:743} INFO - Processing file /home/airflow/.local/lib/python3.7/site-packages/airflow/example_dags/example_kubernetes_executor.py for tasks to queue
[2025-07-28T22:55:22.815+0000] {logging_mixin.py:137} INFO - [2025-07-28T22:55:22.815+0000] {dagbag.py:538} INFO - Filling up the DagBag from /home/airflow/.local/lib/python3.7/site-packages/airflow/example_dags/example_kubernetes_executor.py
[2025-07-28T22:55:22.877+0000] {processor.py:753} INFO - DAG(s) dict_keys(['example_kubernetes_executor']) retrieved from /home/airflow/.local/lib/python3.7/site-packages/airflow/example_dags/example_kubernetes_executor.py
[2025-07-28T22:55:22.926+0000] {logging_mixin.py:137} INFO - [2025-07-28T22:55:22.926+0000] {dag.py:2690} INFO - Sync 1 DAGs
[2025-07-28T22:55:22.972+0000] {logging_mixin.py:137} INFO - [2025-07-28T22:55:22.972+0000] {dag.py:3441} INFO - Setting next_dagrun for example_kubernetes_executor to None, run_after=None
[2025-07-28T22:55:23.004+0000] {processor.py:175} INFO - Processing /home/airflow/.local/lib/python3.7/site-packages/airflow/example_dags/example_kubernetes_executor.py took 0.195 seconds
[2025-07-28T22:55:53.252+0000] {processor.py:153} INFO - Started process (PID=1566) to work on /home/airflow/.local/lib/python3.7/site-packages/airflow/example_dags/example_kubernetes_executor.py
[2025-07-28T22:55:53.254+0000] {processor.py:743} INFO - Processing file /home/airflow/.local/lib/python3.7/site-packages/airflow/example_dags/example_kubernetes_executor.py for tasks to queue
[2025-07-28T22:55:53.256+0000] {logging_mixin.py:137} INFO - [2025-07-28T22:55:53.255+0000] {dagbag.py:538} INFO - Filling up the DagBag from /home/airflow/.local/lib/python3.7/site-packages/airflow/example_dags/example_kubernetes_executor.py
[2025-07-28T22:55:53.295+0000] {processor.py:753} INFO - DAG(s) dict_keys(['example_kubernetes_executor']) retrieved from /home/airflow/.local/lib/python3.7/site-packages/airflow/example_dags/example_kubernetes_executor.py
[2025-07-28T22:55:53.341+0000] {logging_mixin.py:137} INFO - [2025-07-28T22:55:53.340+0000] {dag.py:2690} INFO - Sync 1 DAGs
[2025-07-28T22:55:53.372+0000] {logging_mixin.py:137} INFO - [2025-07-28T22:55:53.372+0000] {dag.py:3441} INFO - Setting next_dagrun for example_kubernetes_executor to None, run_after=None
[2025-07-28T22:55:53.399+0000] {processor.py:175} INFO - Processing /home/airflow/.local/lib/python3.7/site-packages/airflow/example_dags/example_kubernetes_executor.py took 0.153 seconds
[2025-07-28T22:56:24.174+0000] {processor.py:153} INFO - Started process (PID=1637) to work on /home/airflow/.local/lib/python3.7/site-packages/airflow/example_dags/example_kubernetes_executor.py
[2025-07-28T22:56:24.177+0000] {processor.py:743} INFO - Processing file /home/airflow/.local/lib/python3.7/site-packages/airflow/example_dags/example_kubernetes_executor.py for tasks to queue
[2025-07-28T22:56:24.179+0000] {logging_mixin.py:137} INFO - [2025-07-28T22:56:24.178+0000] {dagbag.py:538} INFO - Filling up the DagBag from /home/airflow/.local/lib/python3.7/site-packages/airflow/example_dags/example_kubernetes_executor.py
[2025-07-28T22:56:24.239+0000] {processor.py:753} INFO - DAG(s) dict_keys(['example_kubernetes_executor']) retrieved from /home/airflow/.local/lib/python3.7/site-packages/airflow/example_dags/example_kubernetes_executor.py
[2025-07-28T22:56:24.302+0000] {logging_mixin.py:137} INFO - [2025-07-28T22:56:24.302+0000] {dag.py:2690} INFO - Sync 1 DAGs
[2025-07-28T22:56:24.349+0000] {logging_mixin.py:137} INFO - [2025-07-28T22:56:24.349+0000] {dag.py:3441} INFO - Setting next_dagrun for example_kubernetes_executor to None, run_after=None
[2025-07-28T22:56:24.379+0000] {processor.py:175} INFO - Processing /home/airflow/.local/lib/python3.7/site-packages/airflow/example_dags/example_kubernetes_executor.py took 0.213 seconds
[2025-07-28T22:56:54.941+0000] {processor.py:153} INFO - Started process (PID=1709) to work on /home/airflow/.local/lib/python3.7/site-packages/airflow/example_dags/example_kubernetes_executor.py
[2025-07-28T22:56:54.943+0000] {processor.py:743} INFO - Processing file /home/airflow/.local/lib/python3.7/site-packages/airflow/example_dags/example_kubernetes_executor.py for tasks to queue
[2025-07-28T22:56:54.944+0000] {logging_mixin.py:137} INFO - [2025-07-28T22:56:54.944+0000] {dagbag.py:538} INFO - Filling up the DagBag from /home/airflow/.local/lib/python3.7/site-packages/airflow/example_dags/example_kubernetes_executor.py
[2025-07-28T22:56:54.980+0000] {processor.py:753} INFO - DAG(s) dict_keys(['example_kubernetes_executor']) retrieved from /home/airflow/.local/lib/python3.7/site-packages/airflow/example_dags/example_kubernetes_executor.py
[2025-07-28T22:56:55.051+0000] {logging_mixin.py:137} INFO - [2025-07-28T22:56:55.051+0000] {dag.py:2690} INFO - Sync 1 DAGs
[2025-07-28T22:56:55.107+0000] {logging_mixin.py:137} INFO - [2025-07-28T22:56:55.107+0000] {dag.py:3441} INFO - Setting next_dagrun for example_kubernetes_executor to None, run_after=None
[2025-07-28T22:56:55.146+0000] {processor.py:175} INFO - Processing /home/airflow/.local/lib/python3.7/site-packages/airflow/example_dags/example_kubernetes_executor.py took 0.210 seconds
[2025-07-28T22:57:26.187+0000] {processor.py:153} INFO - Started process (PID=1780) to work on /home/airflow/.local/lib/python3.7/site-packages/airflow/example_dags/example_kubernetes_executor.py
[2025-07-28T22:57:26.188+0000] {processor.py:743} INFO - Processing file /home/airflow/.local/lib/python3.7/site-packages/airflow/example_dags/example_kubernetes_executor.py for tasks to queue
[2025-07-28T22:57:26.190+0000] {logging_mixin.py:137} INFO - [2025-07-28T22:57:26.189+0000] {dagbag.py:538} INFO - Filling up the DagBag from /home/airflow/.local/lib/python3.7/site-packages/airflow/example_dags/example_kubernetes_executor.py
[2025-07-28T22:57:26.220+0000] {processor.py:753} INFO - DAG(s) dict_keys(['example_kubernetes_executor']) retrieved from /home/airflow/.local/lib/python3.7/site-packages/airflow/example_dags/example_kubernetes_executor.py
[2025-07-28T22:57:26.256+0000] {logging_mixin.py:137} INFO - [2025-07-28T22:57:26.255+0000] {dag.py:2690} INFO - Sync 1 DAGs
[2025-07-28T22:57:26.281+0000] {logging_mixin.py:137} INFO - [2025-07-28T22:57:26.281+0000] {dag.py:3441} INFO - Setting next_dagrun for example_kubernetes_executor to None, run_after=None
[2025-07-28T22:57:26.316+0000] {processor.py:175} INFO - Processing /home/airflow/.local/lib/python3.7/site-packages/airflow/example_dags/example_kubernetes_executor.py took 0.134 seconds
[2025-07-28T22:57:56.580+0000] {processor.py:153} INFO - Started process (PID=1867) to work on /home/airflow/.local/lib/python3.7/site-packages/airflow/example_dags/example_kubernetes_executor.py
[2025-07-28T22:57:56.583+0000] {processor.py:743} INFO - Processing file /home/airflow/.local/lib/python3.7/site-packages/airflow/example_dags/example_kubernetes_executor.py for tasks to queue
[2025-07-28T22:57:56.584+0000] {logging_mixin.py:137} INFO - [2025-07-28T22:57:56.584+0000] {dagbag.py:538} INFO - Filling up the DagBag from /home/airflow/.local/lib/python3.7/site-packages/airflow/example_dags/example_kubernetes_executor.py
[2025-07-28T22:57:56.666+0000] {processor.py:753} INFO - DAG(s) dict_keys(['example_kubernetes_executor']) retrieved from /home/airflow/.local/lib/python3.7/site-packages/airflow/example_dags/example_kubernetes_executor.py
[2025-07-28T22:57:56.756+0000] {logging_mixin.py:137} INFO - [2025-07-28T22:57:56.756+0000] {dag.py:2690} INFO - Sync 1 DAGs
[2025-07-28T22:57:56.827+0000] {logging_mixin.py:137} INFO - [2025-07-28T22:57:56.827+0000] {dag.py:3441} INFO - Setting next_dagrun for example_kubernetes_executor to None, run_after=None
[2025-07-28T22:57:56.889+0000] {processor.py:175} INFO - Processing /home/airflow/.local/lib/python3.7/site-packages/airflow/example_dags/example_kubernetes_executor.py took 0.316 seconds
[2025-07-28T22:58:26.992+0000] {processor.py:153} INFO - Started process (PID=1938) to work on /home/airflow/.local/lib/python3.7/site-packages/airflow/example_dags/example_kubernetes_executor.py
[2025-07-28T22:58:26.993+0000] {processor.py:743} INFO - Processing file /home/airflow/.local/lib/python3.7/site-packages/airflow/example_dags/example_kubernetes_executor.py for tasks to queue
[2025-07-28T22:58:26.995+0000] {logging_mixin.py:137} INFO - [2025-07-28T22:58:26.995+0000] {dagbag.py:538} INFO - Filling up the DagBag from /home/airflow/.local/lib/python3.7/site-packages/airflow/example_dags/example_kubernetes_executor.py
[2025-07-28T22:58:27.040+0000] {processor.py:753} INFO - DAG(s) dict_keys(['example_kubernetes_executor']) retrieved from /home/airflow/.local/lib/python3.7/site-packages/airflow/example_dags/example_kubernetes_executor.py
[2025-07-28T22:58:27.094+0000] {logging_mixin.py:137} INFO - [2025-07-28T22:58:27.093+0000] {dag.py:2690} INFO - Sync 1 DAGs
[2025-07-28T22:58:27.174+0000] {logging_mixin.py:137} INFO - [2025-07-28T22:58:27.174+0000] {dag.py:3441} INFO - Setting next_dagrun for example_kubernetes_executor to None, run_after=None
[2025-07-28T22:58:27.211+0000] {processor.py:175} INFO - Processing /home/airflow/.local/lib/python3.7/site-packages/airflow/example_dags/example_kubernetes_executor.py took 0.223 seconds
[2025-07-28T22:58:57.783+0000] {processor.py:153} INFO - Started process (PID=2009) to work on /home/airflow/.local/lib/python3.7/site-packages/airflow/example_dags/example_kubernetes_executor.py
[2025-07-28T22:58:57.784+0000] {processor.py:743} INFO - Processing file /home/airflow/.local/lib/python3.7/site-packages/airflow/example_dags/example_kubernetes_executor.py for tasks to queue
[2025-07-28T22:58:57.785+0000] {logging_mixin.py:137} INFO - [2025-07-28T22:58:57.785+0000] {dagbag.py:538} INFO - Filling up the DagBag from /home/airflow/.local/lib/python3.7/site-packages/airflow/example_dags/example_kubernetes_executor.py
[2025-07-28T22:58:57.822+0000] {processor.py:753} INFO - DAG(s) dict_keys(['example_kubernetes_executor']) retrieved from /home/airflow/.local/lib/python3.7/site-packages/airflow/example_dags/example_kubernetes_executor.py
[2025-07-28T22:58:57.855+0000] {logging_mixin.py:137} INFO - [2025-07-28T22:58:57.855+0000] {dag.py:2690} INFO - Sync 1 DAGs
[2025-07-28T22:58:57.884+0000] {logging_mixin.py:137} INFO - [2025-07-28T22:58:57.884+0000] {dag.py:3441} INFO - Setting next_dagrun for example_kubernetes_executor to None, run_after=None
[2025-07-28T22:58:57.919+0000] {processor.py:175} INFO - Processing /home/airflow/.local/lib/python3.7/site-packages/airflow/example_dags/example_kubernetes_executor.py took 0.140 seconds
[2025-07-28T22:59:28.270+0000] {processor.py:153} INFO - Started process (PID=2096) to work on /home/airflow/.local/lib/python3.7/site-packages/airflow/example_dags/example_kubernetes_executor.py
[2025-07-28T22:59:28.276+0000] {processor.py:743} INFO - Processing file /home/airflow/.local/lib/python3.7/site-packages/airflow/example_dags/example_kubernetes_executor.py for tasks to queue
[2025-07-28T22:59:28.277+0000] {logging_mixin.py:137} INFO - [2025-07-28T22:59:28.277+0000] {dagbag.py:538} INFO - Filling up the DagBag from /home/airflow/.local/lib/python3.7/site-packages/airflow/example_dags/example_kubernetes_executor.py
[2025-07-28T22:59:28.336+0000] {processor.py:753} INFO - DAG(s) dict_keys(['example_kubernetes_executor']) retrieved from /home/airflow/.local/lib/python3.7/site-packages/airflow/example_dags/example_kubernetes_executor.py
[2025-07-28T22:59:28.388+0000] {logging_mixin.py:137} INFO - [2025-07-28T22:59:28.388+0000] {dag.py:2690} INFO - Sync 1 DAGs
[2025-07-28T22:59:28.426+0000] {logging_mixin.py:137} INFO - [2025-07-28T22:59:28.426+0000] {dag.py:3441} INFO - Setting next_dagrun for example_kubernetes_executor to None, run_after=None
[2025-07-28T22:59:28.467+0000] {processor.py:175} INFO - Processing /home/airflow/.local/lib/python3.7/site-packages/airflow/example_dags/example_kubernetes_executor.py took 0.204 seconds
[2025-07-28T22:59:58.642+0000] {processor.py:153} INFO - Started process (PID=2168) to work on /home/airflow/.local/lib/python3.7/site-packages/airflow/example_dags/example_kubernetes_executor.py
[2025-07-28T22:59:58.643+0000] {processor.py:743} INFO - Processing file /home/airflow/.local/lib/python3.7/site-packages/airflow/example_dags/example_kubernetes_executor.py for tasks to queue
[2025-07-28T22:59:58.645+0000] {logging_mixin.py:137} INFO - [2025-07-28T22:59:58.645+0000] {dagbag.py:538} INFO - Filling up the DagBag from /home/airflow/.local/lib/python3.7/site-packages/airflow/example_dags/example_kubernetes_executor.py
[2025-07-28T22:59:58.684+0000] {processor.py:753} INFO - DAG(s) dict_keys(['example_kubernetes_executor']) retrieved from /home/airflow/.local/lib/python3.7/site-packages/airflow/example_dags/example_kubernetes_executor.py
[2025-07-28T22:59:58.721+0000] {logging_mixin.py:137} INFO - [2025-07-28T22:59:58.721+0000] {dag.py:2690} INFO - Sync 1 DAGs
[2025-07-28T22:59:58.756+0000] {logging_mixin.py:137} INFO - [2025-07-28T22:59:58.756+0000] {dag.py:3441} INFO - Setting next_dagrun for example_kubernetes_executor to None, run_after=None
[2025-07-28T22:59:58.788+0000] {processor.py:175} INFO - Processing /home/airflow/.local/lib/python3.7/site-packages/airflow/example_dags/example_kubernetes_executor.py took 0.149 seconds
[2025-07-28T23:00:29.647+0000] {processor.py:153} INFO - Started process (PID=2255) to work on /home/airflow/.local/lib/python3.7/site-packages/airflow/example_dags/example_kubernetes_executor.py
[2025-07-28T23:00:29.649+0000] {processor.py:743} INFO - Processing file /home/airflow/.local/lib/python3.7/site-packages/airflow/example_dags/example_kubernetes_executor.py for tasks to queue
[2025-07-28T23:00:29.650+0000] {logging_mixin.py:137} INFO - [2025-07-28T23:00:29.650+0000] {dagbag.py:538} INFO - Filling up the DagBag from /home/airflow/.local/lib/python3.7/site-packages/airflow/example_dags/example_kubernetes_executor.py
[2025-07-28T23:00:29.707+0000] {processor.py:753} INFO - DAG(s) dict_keys(['example_kubernetes_executor']) retrieved from /home/airflow/.local/lib/python3.7/site-packages/airflow/example_dags/example_kubernetes_executor.py
[2025-07-28T23:00:29.768+0000] {logging_mixin.py:137} INFO - [2025-07-28T23:00:29.768+0000] {dag.py:2690} INFO - Sync 1 DAGs
[2025-07-28T23:00:29.812+0000] {logging_mixin.py:137} INFO - [2025-07-28T23:00:29.811+0000] {dag.py:3441} INFO - Setting next_dagrun for example_kubernetes_executor to None, run_after=None
[2025-07-28T23:00:29.853+0000] {processor.py:175} INFO - Processing /home/airflow/.local/lib/python3.7/site-packages/airflow/example_dags/example_kubernetes_executor.py took 0.212 seconds
[2025-07-28T23:01:00.340+0000] {processor.py:153} INFO - Started process (PID=2326) to work on /home/airflow/.local/lib/python3.7/site-packages/airflow/example_dags/example_kubernetes_executor.py
[2025-07-28T23:01:00.342+0000] {processor.py:743} INFO - Processing file /home/airflow/.local/lib/python3.7/site-packages/airflow/example_dags/example_kubernetes_executor.py for tasks to queue
[2025-07-28T23:01:00.345+0000] {logging_mixin.py:137} INFO - [2025-07-28T23:01:00.344+0000] {dagbag.py:538} INFO - Filling up the DagBag from /home/airflow/.local/lib/python3.7/site-packages/airflow/example_dags/example_kubernetes_executor.py
[2025-07-28T23:01:00.398+0000] {processor.py:753} INFO - DAG(s) dict_keys(['example_kubernetes_executor']) retrieved from /home/airflow/.local/lib/python3.7/site-packages/airflow/example_dags/example_kubernetes_executor.py
[2025-07-28T23:01:00.453+0000] {logging_mixin.py:137} INFO - [2025-07-28T23:01:00.453+0000] {dag.py:2690} INFO - Sync 1 DAGs
[2025-07-28T23:01:00.500+0000] {logging_mixin.py:137} INFO - [2025-07-28T23:01:00.500+0000] {dag.py:3441} INFO - Setting next_dagrun for example_kubernetes_executor to None, run_after=None
[2025-07-28T23:01:00.546+0000] {processor.py:175} INFO - Processing /home/airflow/.local/lib/python3.7/site-packages/airflow/example_dags/example_kubernetes_executor.py took 0.211 seconds
[2025-07-28T23:01:31.005+0000] {processor.py:153} INFO - Started process (PID=2398) to work on /home/airflow/.local/lib/python3.7/site-packages/airflow/example_dags/example_kubernetes_executor.py
[2025-07-28T23:01:31.006+0000] {processor.py:743} INFO - Processing file /home/airflow/.local/lib/python3.7/site-packages/airflow/example_dags/example_kubernetes_executor.py for tasks to queue
[2025-07-28T23:01:31.007+0000] {logging_mixin.py:137} INFO - [2025-07-28T23:01:31.007+0000] {dagbag.py:538} INFO - Filling up the DagBag from /home/airflow/.local/lib/python3.7/site-packages/airflow/example_dags/example_kubernetes_executor.py
[2025-07-28T23:01:31.039+0000] {processor.py:753} INFO - DAG(s) dict_keys(['example_kubernetes_executor']) retrieved from /home/airflow/.local/lib/python3.7/site-packages/airflow/example_dags/example_kubernetes_executor.py
[2025-07-28T23:01:31.075+0000] {logging_mixin.py:137} INFO - [2025-07-28T23:01:31.074+0000] {dag.py:2690} INFO - Sync 1 DAGs
[2025-07-28T23:01:31.099+0000] {logging_mixin.py:137} INFO - [2025-07-28T23:01:31.099+0000] {dag.py:3441} INFO - Setting next_dagrun for example_kubernetes_executor to None, run_after=None
[2025-07-28T23:01:31.126+0000] {processor.py:175} INFO - Processing /home/airflow/.local/lib/python3.7/site-packages/airflow/example_dags/example_kubernetes_executor.py took 0.125 seconds
[2025-07-28T23:02:01.393+0000] {processor.py:153} INFO - Started process (PID=2485) to work on /home/airflow/.local/lib/python3.7/site-packages/airflow/example_dags/example_kubernetes_executor.py
[2025-07-28T23:02:01.395+0000] {processor.py:743} INFO - Processing file /home/airflow/.local/lib/python3.7/site-packages/airflow/example_dags/example_kubernetes_executor.py for tasks to queue
[2025-07-28T23:02:01.395+0000] {logging_mixin.py:137} INFO - [2025-07-28T23:02:01.395+0000] {dagbag.py:538} INFO - Filling up the DagBag from /home/airflow/.local/lib/python3.7/site-packages/airflow/example_dags/example_kubernetes_executor.py
[2025-07-28T23:02:01.436+0000] {processor.py:753} INFO - DAG(s) dict_keys(['example_kubernetes_executor']) retrieved from /home/airflow/.local/lib/python3.7/site-packages/airflow/example_dags/example_kubernetes_executor.py
[2025-07-28T23:02:01.477+0000] {logging_mixin.py:137} INFO - [2025-07-28T23:02:01.477+0000] {dag.py:2690} INFO - Sync 1 DAGs
[2025-07-28T23:02:01.512+0000] {logging_mixin.py:137} INFO - [2025-07-28T23:02:01.512+0000] {dag.py:3441} INFO - Setting next_dagrun for example_kubernetes_executor to None, run_after=None
[2025-07-28T23:02:01.541+0000] {processor.py:175} INFO - Processing /home/airflow/.local/lib/python3.7/site-packages/airflow/example_dags/example_kubernetes_executor.py took 0.151 seconds
[2025-07-28T23:02:31.755+0000] {processor.py:153} INFO - Started process (PID=2556) to work on /home/airflow/.local/lib/python3.7/site-packages/airflow/example_dags/example_kubernetes_executor.py
[2025-07-28T23:02:31.756+0000] {processor.py:743} INFO - Processing file /home/airflow/.local/lib/python3.7/site-packages/airflow/example_dags/example_kubernetes_executor.py for tasks to queue
[2025-07-28T23:02:31.760+0000] {logging_mixin.py:137} INFO - [2025-07-28T23:02:31.759+0000] {dagbag.py:538} INFO - Filling up the DagBag from /home/airflow/.local/lib/python3.7/site-packages/airflow/example_dags/example_kubernetes_executor.py
[2025-07-28T23:02:31.795+0000] {processor.py:753} INFO - DAG(s) dict_keys(['example_kubernetes_executor']) retrieved from /home/airflow/.local/lib/python3.7/site-packages/airflow/example_dags/example_kubernetes_executor.py
[2025-07-28T23:02:31.811+0000] {logging_mixin.py:137} INFO - [2025-07-28T23:02:31.811+0000] {dag.py:2690} INFO - Sync 1 DAGs
[2025-07-28T23:02:31.841+0000] {logging_mixin.py:137} INFO - [2025-07-28T23:02:31.841+0000] {dag.py:3441} INFO - Setting next_dagrun for example_kubernetes_executor to None, run_after=None
[2025-07-28T23:02:31.878+0000] {processor.py:175} INFO - Processing /home/airflow/.local/lib/python3.7/site-packages/airflow/example_dags/example_kubernetes_executor.py took 0.126 seconds
[2025-07-28T23:03:02.785+0000] {processor.py:153} INFO - Started process (PID=2633) to work on /home/airflow/.local/lib/python3.7/site-packages/airflow/example_dags/example_kubernetes_executor.py
[2025-07-28T23:03:02.788+0000] {processor.py:743} INFO - Processing file /home/airflow/.local/lib/python3.7/site-packages/airflow/example_dags/example_kubernetes_executor.py for tasks to queue
[2025-07-28T23:03:02.792+0000] {logging_mixin.py:137} INFO - [2025-07-28T23:03:02.792+0000] {dagbag.py:538} INFO - Filling up the DagBag from /home/airflow/.local/lib/python3.7/site-packages/airflow/example_dags/example_kubernetes_executor.py
[2025-07-28T23:03:02.849+0000] {processor.py:753} INFO - DAG(s) dict_keys(['example_kubernetes_executor']) retrieved from /home/airflow/.local/lib/python3.7/site-packages/airflow/example_dags/example_kubernetes_executor.py
[2025-07-28T23:03:02.871+0000] {logging_mixin.py:137} INFO - [2025-07-28T23:03:02.871+0000] {dag.py:2690} INFO - Sync 1 DAGs
[2025-07-28T23:03:02.918+0000] {logging_mixin.py:137} INFO - [2025-07-28T23:03:02.918+0000] {dag.py:3441} INFO - Setting next_dagrun for example_kubernetes_executor to None, run_after=None
[2025-07-28T23:03:02.949+0000] {processor.py:175} INFO - Processing /home/airflow/.local/lib/python3.7/site-packages/airflow/example_dags/example_kubernetes_executor.py took 0.170 seconds
[2025-07-28T23:03:33.080+0000] {processor.py:153} INFO - Started process (PID=2713) to work on /home/airflow/.local/lib/python3.7/site-packages/airflow/example_dags/example_kubernetes_executor.py
[2025-07-28T23:03:33.081+0000] {processor.py:743} INFO - Processing file /home/airflow/.local/lib/python3.7/site-packages/airflow/example_dags/example_kubernetes_executor.py for tasks to queue
[2025-07-28T23:03:33.082+0000] {logging_mixin.py:137} INFO - [2025-07-28T23:03:33.082+0000] {dagbag.py:538} INFO - Filling up the DagBag from /home/airflow/.local/lib/python3.7/site-packages/airflow/example_dags/example_kubernetes_executor.py
[2025-07-28T23:03:33.129+0000] {processor.py:753} INFO - DAG(s) dict_keys(['example_kubernetes_executor']) retrieved from /home/airflow/.local/lib/python3.7/site-packages/airflow/example_dags/example_kubernetes_executor.py
[2025-07-28T23:03:33.152+0000] {logging_mixin.py:137} INFO - [2025-07-28T23:03:33.152+0000] {dag.py:2690} INFO - Sync 1 DAGs
[2025-07-28T23:03:33.201+0000] {logging_mixin.py:137} INFO - [2025-07-28T23:03:33.201+0000] {dag.py:3441} INFO - Setting next_dagrun for example_kubernetes_executor to None, run_after=None
[2025-07-28T23:03:33.241+0000] {processor.py:175} INFO - Processing /home/airflow/.local/lib/python3.7/site-packages/airflow/example_dags/example_kubernetes_executor.py took 0.167 seconds
[2025-07-28T23:04:03.724+0000] {processor.py:153} INFO - Started process (PID=2784) to work on /home/airflow/.local/lib/python3.7/site-packages/airflow/example_dags/example_kubernetes_executor.py
[2025-07-28T23:04:03.737+0000] {processor.py:743} INFO - Processing file /home/airflow/.local/lib/python3.7/site-packages/airflow/example_dags/example_kubernetes_executor.py for tasks to queue
[2025-07-28T23:04:03.759+0000] {logging_mixin.py:137} INFO - [2025-07-28T23:04:03.758+0000] {dagbag.py:538} INFO - Filling up the DagBag from /home/airflow/.local/lib/python3.7/site-packages/airflow/example_dags/example_kubernetes_executor.py
[2025-07-28T23:04:03.799+0000] {processor.py:753} INFO - DAG(s) dict_keys(['example_kubernetes_executor']) retrieved from /home/airflow/.local/lib/python3.7/site-packages/airflow/example_dags/example_kubernetes_executor.py
[2025-07-28T23:04:03.837+0000] {logging_mixin.py:137} INFO - [2025-07-28T23:04:03.837+0000] {dag.py:2690} INFO - Sync 1 DAGs
[2025-07-28T23:04:03.862+0000] {logging_mixin.py:137} INFO - [2025-07-28T23:04:03.862+0000] {dag.py:3441} INFO - Setting next_dagrun for example_kubernetes_executor to None, run_after=None
[2025-07-28T23:04:03.887+0000] {processor.py:175} INFO - Processing /home/airflow/.local/lib/python3.7/site-packages/airflow/example_dags/example_kubernetes_executor.py took 0.169 seconds
[2025-07-28T23:04:34.622+0000] {processor.py:153} INFO - Started process (PID=2870) to work on /home/airflow/.local/lib/python3.7/site-packages/airflow/example_dags/example_kubernetes_executor.py
[2025-07-28T23:04:34.624+0000] {processor.py:743} INFO - Processing file /home/airflow/.local/lib/python3.7/site-packages/airflow/example_dags/example_kubernetes_executor.py for tasks to queue
[2025-07-28T23:04:34.625+0000] {logging_mixin.py:137} INFO - [2025-07-28T23:04:34.625+0000] {dagbag.py:538} INFO - Filling up the DagBag from /home/airflow/.local/lib/python3.7/site-packages/airflow/example_dags/example_kubernetes_executor.py
[2025-07-28T23:04:34.688+0000] {processor.py:753} INFO - DAG(s) dict_keys(['example_kubernetes_executor']) retrieved from /home/airflow/.local/lib/python3.7/site-packages/airflow/example_dags/example_kubernetes_executor.py
[2025-07-28T23:04:34.746+0000] {logging_mixin.py:137} INFO - [2025-07-28T23:04:34.746+0000] {dag.py:2690} INFO - Sync 1 DAGs
[2025-07-28T23:04:34.805+0000] {logging_mixin.py:137} INFO - [2025-07-28T23:04:34.805+0000] {dag.py:3441} INFO - Setting next_dagrun for example_kubernetes_executor to None, run_after=None
[2025-07-28T23:04:34.851+0000] {processor.py:175} INFO - Processing /home/airflow/.local/lib/python3.7/site-packages/airflow/example_dags/example_kubernetes_executor.py took 0.239 seconds
[2025-07-28T23:05:05.177+0000] {processor.py:153} INFO - Started process (PID=2941) to work on /home/airflow/.local/lib/python3.7/site-packages/airflow/example_dags/example_kubernetes_executor.py
[2025-07-28T23:05:05.179+0000] {processor.py:743} INFO - Processing file /home/airflow/.local/lib/python3.7/site-packages/airflow/example_dags/example_kubernetes_executor.py for tasks to queue
[2025-07-28T23:05:05.180+0000] {logging_mixin.py:137} INFO - [2025-07-28T23:05:05.180+0000] {dagbag.py:538} INFO - Filling up the DagBag from /home/airflow/.local/lib/python3.7/site-packages/airflow/example_dags/example_kubernetes_executor.py
[2025-07-28T23:05:05.221+0000] {processor.py:753} INFO - DAG(s) dict_keys(['example_kubernetes_executor']) retrieved from /home/airflow/.local/lib/python3.7/site-packages/airflow/example_dags/example_kubernetes_executor.py
[2025-07-28T23:05:05.267+0000] {logging_mixin.py:137} INFO - [2025-07-28T23:05:05.266+0000] {dag.py:2690} INFO - Sync 1 DAGs
[2025-07-28T23:05:05.299+0000] {logging_mixin.py:137} INFO - [2025-07-28T23:05:05.299+0000] {dag.py:3441} INFO - Setting next_dagrun for example_kubernetes_executor to None, run_after=None
[2025-07-28T23:05:05.324+0000] {processor.py:175} INFO - Processing /home/airflow/.local/lib/python3.7/site-packages/airflow/example_dags/example_kubernetes_executor.py took 0.153 seconds
[2025-07-28T23:05:36.220+0000] {processor.py:153} INFO - Started process (PID=3013) to work on /home/airflow/.local/lib/python3.7/site-packages/airflow/example_dags/example_kubernetes_executor.py
[2025-07-28T23:05:36.221+0000] {processor.py:743} INFO - Processing file /home/airflow/.local/lib/python3.7/site-packages/airflow/example_dags/example_kubernetes_executor.py for tasks to queue
[2025-07-28T23:05:36.221+0000] {logging_mixin.py:137} INFO - [2025-07-28T23:05:36.221+0000] {dagbag.py:538} INFO - Filling up the DagBag from /home/airflow/.local/lib/python3.7/site-packages/airflow/example_dags/example_kubernetes_executor.py
[2025-07-28T23:05:36.249+0000] {processor.py:753} INFO - DAG(s) dict_keys(['example_kubernetes_executor']) retrieved from /home/airflow/.local/lib/python3.7/site-packages/airflow/example_dags/example_kubernetes_executor.py
[2025-07-28T23:05:36.278+0000] {logging_mixin.py:137} INFO - [2025-07-28T23:05:36.277+0000] {dag.py:2690} INFO - Sync 1 DAGs
[2025-07-28T23:05:36.300+0000] {logging_mixin.py:137} INFO - [2025-07-28T23:05:36.300+0000] {dag.py:3441} INFO - Setting next_dagrun for example_kubernetes_executor to None, run_after=None
[2025-07-28T23:05:36.326+0000] {processor.py:175} INFO - Processing /home/airflow/.local/lib/python3.7/site-packages/airflow/example_dags/example_kubernetes_executor.py took 0.109 seconds
[2025-07-28T23:06:06.663+0000] {processor.py:153} INFO - Started process (PID=3101) to work on /home/airflow/.local/lib/python3.7/site-packages/airflow/example_dags/example_kubernetes_executor.py
[2025-07-28T23:06:06.664+0000] {processor.py:743} INFO - Processing file /home/airflow/.local/lib/python3.7/site-packages/airflow/example_dags/example_kubernetes_executor.py for tasks to queue
[2025-07-28T23:06:06.665+0000] {logging_mixin.py:137} INFO - [2025-07-28T23:06:06.665+0000] {dagbag.py:538} INFO - Filling up the DagBag from /home/airflow/.local/lib/python3.7/site-packages/airflow/example_dags/example_kubernetes_executor.py
[2025-07-28T23:06:06.716+0000] {processor.py:753} INFO - DAG(s) dict_keys(['example_kubernetes_executor']) retrieved from /home/airflow/.local/lib/python3.7/site-packages/airflow/example_dags/example_kubernetes_executor.py
[2025-07-28T23:06:06.762+0000] {logging_mixin.py:137} INFO - [2025-07-28T23:06:06.762+0000] {dag.py:2690} INFO - Sync 1 DAGs
[2025-07-28T23:06:06.813+0000] {logging_mixin.py:137} INFO - [2025-07-28T23:06:06.813+0000] {dag.py:3441} INFO - Setting next_dagrun for example_kubernetes_executor to None, run_after=None
[2025-07-28T23:06:06.860+0000] {processor.py:175} INFO - Processing /home/airflow/.local/lib/python3.7/site-packages/airflow/example_dags/example_kubernetes_executor.py took 0.201 seconds
[2025-07-28T23:06:37.053+0000] {processor.py:153} INFO - Started process (PID=3173) to work on /home/airflow/.local/lib/python3.7/site-packages/airflow/example_dags/example_kubernetes_executor.py
[2025-07-28T23:06:37.054+0000] {processor.py:743} INFO - Processing file /home/airflow/.local/lib/python3.7/site-packages/airflow/example_dags/example_kubernetes_executor.py for tasks to queue
[2025-07-28T23:06:37.054+0000] {logging_mixin.py:137} INFO - [2025-07-28T23:06:37.054+0000] {dagbag.py:538} INFO - Filling up the DagBag from /home/airflow/.local/lib/python3.7/site-packages/airflow/example_dags/example_kubernetes_executor.py
[2025-07-28T23:06:37.083+0000] {processor.py:753} INFO - DAG(s) dict_keys(['example_kubernetes_executor']) retrieved from /home/airflow/.local/lib/python3.7/site-packages/airflow/example_dags/example_kubernetes_executor.py
[2025-07-28T23:06:37.118+0000] {logging_mixin.py:137} INFO - [2025-07-28T23:06:37.118+0000] {dag.py:2690} INFO - Sync 1 DAGs
[2025-07-28T23:06:37.143+0000] {logging_mixin.py:137} INFO - [2025-07-28T23:06:37.143+0000] {dag.py:3441} INFO - Setting next_dagrun for example_kubernetes_executor to None, run_after=None
[2025-07-28T23:06:37.168+0000] {processor.py:175} INFO - Processing /home/airflow/.local/lib/python3.7/site-packages/airflow/example_dags/example_kubernetes_executor.py took 0.120 seconds
