[2025-07-28T22:45:34.751+0000] {processor.py:153} INFO - Started process (PID=56) to work on /home/airflow/.local/lib/python3.7/site-packages/airflow/example_dags/example_sensor_decorator.py
[2025-07-28T22:45:34.753+0000] {processor.py:743} INFO - Processing file /home/airflow/.local/lib/python3.7/site-packages/airflow/example_dags/example_sensor_decorator.py for tasks to queue
[2025-07-28T22:45:34.755+0000] {logging_mixin.py:137} INFO - [2025-07-28T22:45:34.755+0000] {dagbag.py:538} INFO - Filling up the DagBag from /home/airflow/.local/lib/python3.7/site-packages/airflow/example_dags/example_sensor_decorator.py
[2025-07-28T22:45:34.807+0000] {processor.py:753} INFO - DAG(s) dict_keys(['example_sensor_decorator']) retrieved from /home/airflow/.local/lib/python3.7/site-packages/airflow/example_dags/example_sensor_decorator.py
[2025-07-28T22:45:35.032+0000] {logging_mixin.py:137} INFO - [2025-07-28T22:45:35.032+0000] {manager.py:504} INFO - Created Permission View: can delete on DAG:example_sensor_decorator
[2025-07-28T22:45:35.050+0000] {logging_mixin.py:137} INFO - [2025-07-28T22:45:35.050+0000] {manager.py:504} INFO - Created Permission View: can read on DAG:example_sensor_decorator
[2025-07-28T22:45:35.065+0000] {logging_mixin.py:137} INFO - [2025-07-28T22:45:35.064+0000] {manager.py:504} INFO - Created Permission View: can edit on DAG:example_sensor_decorator
[2025-07-28T22:45:35.066+0000] {logging_mixin.py:137} INFO - [2025-07-28T22:45:35.065+0000] {dag.py:2690} INFO - Sync 1 DAGs
[2025-07-28T22:45:35.098+0000] {logging_mixin.py:137} INFO - [2025-07-28T22:45:35.098+0000] {dag.py:2711} INFO - Creating ORM DAG for example_sensor_decorator
[2025-07-28T22:45:35.122+0000] {logging_mixin.py:137} INFO - [2025-07-28T22:45:35.122+0000] {dag.py:3441} INFO - Setting next_dagrun for example_sensor_decorator to None, run_after=None
[2025-07-28T22:45:35.156+0000] {processor.py:175} INFO - Processing /home/airflow/.local/lib/python3.7/site-packages/airflow/example_dags/example_sensor_decorator.py took 0.411 seconds
[2025-07-28T22:46:05.577+0000] {processor.py:153} INFO - Started process (PID=127) to work on /home/airflow/.local/lib/python3.7/site-packages/airflow/example_dags/example_sensor_decorator.py
[2025-07-28T22:46:05.579+0000] {processor.py:743} INFO - Processing file /home/airflow/.local/lib/python3.7/site-packages/airflow/example_dags/example_sensor_decorator.py for tasks to queue
[2025-07-28T22:46:05.580+0000] {logging_mixin.py:137} INFO - [2025-07-28T22:46:05.580+0000] {dagbag.py:538} INFO - Filling up the DagBag from /home/airflow/.local/lib/python3.7/site-packages/airflow/example_dags/example_sensor_decorator.py
[2025-07-28T22:46:05.616+0000] {processor.py:753} INFO - DAG(s) dict_keys(['example_sensor_decorator']) retrieved from /home/airflow/.local/lib/python3.7/site-packages/airflow/example_dags/example_sensor_decorator.py
[2025-07-28T22:46:05.641+0000] {logging_mixin.py:137} INFO - [2025-07-28T22:46:05.641+0000] {dag.py:2690} INFO - Sync 1 DAGs
[2025-07-28T22:46:05.679+0000] {logging_mixin.py:137} INFO - [2025-07-28T22:46:05.679+0000] {dag.py:3441} INFO - Setting next_dagrun for example_sensor_decorator to None, run_after=None
[2025-07-28T22:46:05.710+0000] {processor.py:175} INFO - Processing /home/airflow/.local/lib/python3.7/site-packages/airflow/example_dags/example_sensor_decorator.py took 0.138 seconds
[2025-07-28T22:46:36.451+0000] {processor.py:153} INFO - Started process (PID=197) to work on /home/airflow/.local/lib/python3.7/site-packages/airflow/example_dags/example_sensor_decorator.py
[2025-07-28T22:46:36.453+0000] {processor.py:743} INFO - Processing file /home/airflow/.local/lib/python3.7/site-packages/airflow/example_dags/example_sensor_decorator.py for tasks to queue
[2025-07-28T22:46:36.455+0000] {logging_mixin.py:137} INFO - [2025-07-28T22:46:36.455+0000] {dagbag.py:538} INFO - Filling up the DagBag from /home/airflow/.local/lib/python3.7/site-packages/airflow/example_dags/example_sensor_decorator.py
[2025-07-28T22:46:36.516+0000] {processor.py:753} INFO - DAG(s) dict_keys(['example_sensor_decorator']) retrieved from /home/airflow/.local/lib/python3.7/site-packages/airflow/example_dags/example_sensor_decorator.py
[2025-07-28T22:46:36.572+0000] {logging_mixin.py:137} INFO - [2025-07-28T22:46:36.572+0000] {dag.py:2690} INFO - Sync 1 DAGs
[2025-07-28T22:46:36.631+0000] {logging_mixin.py:137} INFO - [2025-07-28T22:46:36.631+0000] {dag.py:3441} INFO - Setting next_dagrun for example_sensor_decorator to None, run_after=None
[2025-07-28T22:46:36.676+0000] {processor.py:175} INFO - Processing /home/airflow/.local/lib/python3.7/site-packages/airflow/example_dags/example_sensor_decorator.py took 0.234 seconds
[2025-07-28T22:47:07.577+0000] {processor.py:153} INFO - Started process (PID=268) to work on /home/airflow/.local/lib/python3.7/site-packages/airflow/example_dags/example_sensor_decorator.py
[2025-07-28T22:47:07.578+0000] {processor.py:743} INFO - Processing file /home/airflow/.local/lib/python3.7/site-packages/airflow/example_dags/example_sensor_decorator.py for tasks to queue
[2025-07-28T22:47:07.580+0000] {logging_mixin.py:137} INFO - [2025-07-28T22:47:07.579+0000] {dagbag.py:538} INFO - Filling up the DagBag from /home/airflow/.local/lib/python3.7/site-packages/airflow/example_dags/example_sensor_decorator.py
[2025-07-28T22:47:07.632+0000] {processor.py:753} INFO - DAG(s) dict_keys(['example_sensor_decorator']) retrieved from /home/airflow/.local/lib/python3.7/site-packages/airflow/example_dags/example_sensor_decorator.py
[2025-07-28T22:47:07.688+0000] {logging_mixin.py:137} INFO - [2025-07-28T22:47:07.688+0000] {dag.py:2690} INFO - Sync 1 DAGs
[2025-07-28T22:47:07.751+0000] {logging_mixin.py:137} INFO - [2025-07-28T22:47:07.750+0000] {dag.py:3441} INFO - Setting next_dagrun for example_sensor_decorator to None, run_after=None
[2025-07-28T22:47:07.793+0000] {processor.py:175} INFO - Processing /home/airflow/.local/lib/python3.7/site-packages/airflow/example_dags/example_sensor_decorator.py took 0.222 seconds
[2025-07-28T22:47:37.867+0000] {processor.py:153} INFO - Started process (PID=339) to work on /home/airflow/.local/lib/python3.7/site-packages/airflow/example_dags/example_sensor_decorator.py
[2025-07-28T22:47:37.869+0000] {processor.py:743} INFO - Processing file /home/airflow/.local/lib/python3.7/site-packages/airflow/example_dags/example_sensor_decorator.py for tasks to queue
[2025-07-28T22:47:37.870+0000] {logging_mixin.py:137} INFO - [2025-07-28T22:47:37.869+0000] {dagbag.py:538} INFO - Filling up the DagBag from /home/airflow/.local/lib/python3.7/site-packages/airflow/example_dags/example_sensor_decorator.py
[2025-07-28T22:47:37.908+0000] {processor.py:753} INFO - DAG(s) dict_keys(['example_sensor_decorator']) retrieved from /home/airflow/.local/lib/python3.7/site-packages/airflow/example_dags/example_sensor_decorator.py
[2025-07-28T22:47:37.948+0000] {logging_mixin.py:137} INFO - [2025-07-28T22:47:37.948+0000] {dag.py:2690} INFO - Sync 1 DAGs
[2025-07-28T22:47:37.984+0000] {logging_mixin.py:137} INFO - [2025-07-28T22:47:37.983+0000] {dag.py:3441} INFO - Setting next_dagrun for example_sensor_decorator to None, run_after=None
[2025-07-28T22:47:38.017+0000] {processor.py:175} INFO - Processing /home/airflow/.local/lib/python3.7/site-packages/airflow/example_dags/example_sensor_decorator.py took 0.157 seconds
[2025-07-28T22:48:08.209+0000] {processor.py:153} INFO - Started process (PID=410) to work on /home/airflow/.local/lib/python3.7/site-packages/airflow/example_dags/example_sensor_decorator.py
[2025-07-28T22:48:08.211+0000] {processor.py:743} INFO - Processing file /home/airflow/.local/lib/python3.7/site-packages/airflow/example_dags/example_sensor_decorator.py for tasks to queue
[2025-07-28T22:48:08.212+0000] {logging_mixin.py:137} INFO - [2025-07-28T22:48:08.212+0000] {dagbag.py:538} INFO - Filling up the DagBag from /home/airflow/.local/lib/python3.7/site-packages/airflow/example_dags/example_sensor_decorator.py
[2025-07-28T22:48:08.254+0000] {processor.py:753} INFO - DAG(s) dict_keys(['example_sensor_decorator']) retrieved from /home/airflow/.local/lib/python3.7/site-packages/airflow/example_dags/example_sensor_decorator.py
[2025-07-28T22:48:08.302+0000] {logging_mixin.py:137} INFO - [2025-07-28T22:48:08.302+0000] {dag.py:2690} INFO - Sync 1 DAGs
[2025-07-28T22:48:08.347+0000] {logging_mixin.py:137} INFO - [2025-07-28T22:48:08.346+0000] {dag.py:3441} INFO - Setting next_dagrun for example_sensor_decorator to None, run_after=None
[2025-07-28T22:48:08.380+0000] {processor.py:175} INFO - Processing /home/airflow/.local/lib/python3.7/site-packages/airflow/example_dags/example_sensor_decorator.py took 0.177 seconds
[2025-07-28T22:48:38.826+0000] {processor.py:153} INFO - Started process (PID=486) to work on /home/airflow/.local/lib/python3.7/site-packages/airflow/example_dags/example_sensor_decorator.py
[2025-07-28T22:48:38.828+0000] {processor.py:743} INFO - Processing file /home/airflow/.local/lib/python3.7/site-packages/airflow/example_dags/example_sensor_decorator.py for tasks to queue
[2025-07-28T22:48:38.830+0000] {logging_mixin.py:137} INFO - [2025-07-28T22:48:38.829+0000] {dagbag.py:538} INFO - Filling up the DagBag from /home/airflow/.local/lib/python3.7/site-packages/airflow/example_dags/example_sensor_decorator.py
[2025-07-28T22:48:38.876+0000] {processor.py:753} INFO - DAG(s) dict_keys(['example_sensor_decorator']) retrieved from /home/airflow/.local/lib/python3.7/site-packages/airflow/example_dags/example_sensor_decorator.py
[2025-07-28T22:48:38.917+0000] {logging_mixin.py:137} INFO - [2025-07-28T22:48:38.917+0000] {dag.py:2690} INFO - Sync 1 DAGs
[2025-07-28T22:48:38.966+0000] {logging_mixin.py:137} INFO - [2025-07-28T22:48:38.966+0000] {dag.py:3441} INFO - Setting next_dagrun for example_sensor_decorator to None, run_after=None
[2025-07-28T22:48:38.997+0000] {processor.py:175} INFO - Processing /home/airflow/.local/lib/python3.7/site-packages/airflow/example_dags/example_sensor_decorator.py took 0.179 seconds
[2025-07-28T22:49:09.301+0000] {processor.py:153} INFO - Started process (PID=567) to work on /home/airflow/.local/lib/python3.7/site-packages/airflow/example_dags/example_sensor_decorator.py
[2025-07-28T22:49:09.303+0000] {processor.py:743} INFO - Processing file /home/airflow/.local/lib/python3.7/site-packages/airflow/example_dags/example_sensor_decorator.py for tasks to queue
[2025-07-28T22:49:09.306+0000] {logging_mixin.py:137} INFO - [2025-07-28T22:49:09.306+0000] {dagbag.py:538} INFO - Filling up the DagBag from /home/airflow/.local/lib/python3.7/site-packages/airflow/example_dags/example_sensor_decorator.py
[2025-07-28T22:49:09.351+0000] {processor.py:753} INFO - DAG(s) dict_keys(['example_sensor_decorator']) retrieved from /home/airflow/.local/lib/python3.7/site-packages/airflow/example_dags/example_sensor_decorator.py
[2025-07-28T22:49:09.427+0000] {logging_mixin.py:137} INFO - [2025-07-28T22:49:09.426+0000] {dag.py:2690} INFO - Sync 1 DAGs
[2025-07-28T22:49:09.483+0000] {logging_mixin.py:137} INFO - [2025-07-28T22:49:09.483+0000] {dag.py:3441} INFO - Setting next_dagrun for example_sensor_decorator to None, run_after=None
[2025-07-28T22:49:09.525+0000] {processor.py:175} INFO - Processing /home/airflow/.local/lib/python3.7/site-packages/airflow/example_dags/example_sensor_decorator.py took 0.231 seconds
[2025-07-28T22:49:40.364+0000] {processor.py:153} INFO - Started process (PID=638) to work on /home/airflow/.local/lib/python3.7/site-packages/airflow/example_dags/example_sensor_decorator.py
[2025-07-28T22:49:40.366+0000] {processor.py:743} INFO - Processing file /home/airflow/.local/lib/python3.7/site-packages/airflow/example_dags/example_sensor_decorator.py for tasks to queue
[2025-07-28T22:49:40.368+0000] {logging_mixin.py:137} INFO - [2025-07-28T22:49:40.368+0000] {dagbag.py:538} INFO - Filling up the DagBag from /home/airflow/.local/lib/python3.7/site-packages/airflow/example_dags/example_sensor_decorator.py
[2025-07-28T22:49:40.405+0000] {processor.py:753} INFO - DAG(s) dict_keys(['example_sensor_decorator']) retrieved from /home/airflow/.local/lib/python3.7/site-packages/airflow/example_dags/example_sensor_decorator.py
[2025-07-28T22:49:40.441+0000] {logging_mixin.py:137} INFO - [2025-07-28T22:49:40.441+0000] {dag.py:2690} INFO - Sync 1 DAGs
[2025-07-28T22:49:40.474+0000] {logging_mixin.py:137} INFO - [2025-07-28T22:49:40.474+0000] {dag.py:3441} INFO - Setting next_dagrun for example_sensor_decorator to None, run_after=None
[2025-07-28T22:49:40.504+0000] {processor.py:175} INFO - Processing /home/airflow/.local/lib/python3.7/site-packages/airflow/example_dags/example_sensor_decorator.py took 0.146 seconds
[2025-07-28T22:50:10.583+0000] {processor.py:153} INFO - Started process (PID=709) to work on /home/airflow/.local/lib/python3.7/site-packages/airflow/example_dags/example_sensor_decorator.py
[2025-07-28T22:50:10.585+0000] {processor.py:743} INFO - Processing file /home/airflow/.local/lib/python3.7/site-packages/airflow/example_dags/example_sensor_decorator.py for tasks to queue
[2025-07-28T22:50:10.586+0000] {logging_mixin.py:137} INFO - [2025-07-28T22:50:10.586+0000] {dagbag.py:538} INFO - Filling up the DagBag from /home/airflow/.local/lib/python3.7/site-packages/airflow/example_dags/example_sensor_decorator.py
[2025-07-28T22:50:10.621+0000] {processor.py:753} INFO - DAG(s) dict_keys(['example_sensor_decorator']) retrieved from /home/airflow/.local/lib/python3.7/site-packages/airflow/example_dags/example_sensor_decorator.py
[2025-07-28T22:50:10.661+0000] {logging_mixin.py:137} INFO - [2025-07-28T22:50:10.661+0000] {dag.py:2690} INFO - Sync 1 DAGs
[2025-07-28T22:50:10.700+0000] {logging_mixin.py:137} INFO - [2025-07-28T22:50:10.699+0000] {dag.py:3441} INFO - Setting next_dagrun for example_sensor_decorator to None, run_after=None
[2025-07-28T22:50:10.731+0000] {processor.py:175} INFO - Processing /home/airflow/.local/lib/python3.7/site-packages/airflow/example_dags/example_sensor_decorator.py took 0.152 seconds
[2025-07-28T22:50:41.518+0000] {processor.py:153} INFO - Started process (PID=789) to work on /home/airflow/.local/lib/python3.7/site-packages/airflow/example_dags/example_sensor_decorator.py
[2025-07-28T22:50:41.520+0000] {processor.py:743} INFO - Processing file /home/airflow/.local/lib/python3.7/site-packages/airflow/example_dags/example_sensor_decorator.py for tasks to queue
[2025-07-28T22:50:41.522+0000] {logging_mixin.py:137} INFO - [2025-07-28T22:50:41.521+0000] {dagbag.py:538} INFO - Filling up the DagBag from /home/airflow/.local/lib/python3.7/site-packages/airflow/example_dags/example_sensor_decorator.py
[2025-07-28T22:50:41.580+0000] {processor.py:753} INFO - DAG(s) dict_keys(['example_sensor_decorator']) retrieved from /home/airflow/.local/lib/python3.7/site-packages/airflow/example_dags/example_sensor_decorator.py
[2025-07-28T22:50:41.643+0000] {logging_mixin.py:137} INFO - [2025-07-28T22:50:41.642+0000] {dag.py:2690} INFO - Sync 1 DAGs
[2025-07-28T22:50:41.696+0000] {logging_mixin.py:137} INFO - [2025-07-28T22:50:41.696+0000] {dag.py:3441} INFO - Setting next_dagrun for example_sensor_decorator to None, run_after=None
[2025-07-28T22:50:41.758+0000] {processor.py:175} INFO - Processing /home/airflow/.local/lib/python3.7/site-packages/airflow/example_dags/example_sensor_decorator.py took 0.245 seconds
[2025-07-28T22:51:12.095+0000] {processor.py:153} INFO - Started process (PID=867) to work on /home/airflow/.local/lib/python3.7/site-packages/airflow/example_dags/example_sensor_decorator.py
[2025-07-28T22:51:12.096+0000] {processor.py:743} INFO - Processing file /home/airflow/.local/lib/python3.7/site-packages/airflow/example_dags/example_sensor_decorator.py for tasks to queue
[2025-07-28T22:51:12.097+0000] {logging_mixin.py:137} INFO - [2025-07-28T22:51:12.097+0000] {dagbag.py:538} INFO - Filling up the DagBag from /home/airflow/.local/lib/python3.7/site-packages/airflow/example_dags/example_sensor_decorator.py
[2025-07-28T22:51:12.128+0000] {processor.py:753} INFO - DAG(s) dict_keys(['example_sensor_decorator']) retrieved from /home/airflow/.local/lib/python3.7/site-packages/airflow/example_dags/example_sensor_decorator.py
[2025-07-28T22:51:12.161+0000] {logging_mixin.py:137} INFO - [2025-07-28T22:51:12.161+0000] {dag.py:2690} INFO - Sync 1 DAGs
[2025-07-28T22:51:12.194+0000] {logging_mixin.py:137} INFO - [2025-07-28T22:51:12.194+0000] {dag.py:3441} INFO - Setting next_dagrun for example_sensor_decorator to None, run_after=None
[2025-07-28T22:51:12.216+0000] {processor.py:175} INFO - Processing /home/airflow/.local/lib/python3.7/site-packages/airflow/example_dags/example_sensor_decorator.py took 0.126 seconds
[2025-07-28T22:51:42.668+0000] {processor.py:153} INFO - Started process (PID=938) to work on /home/airflow/.local/lib/python3.7/site-packages/airflow/example_dags/example_sensor_decorator.py
[2025-07-28T22:51:42.670+0000] {processor.py:743} INFO - Processing file /home/airflow/.local/lib/python3.7/site-packages/airflow/example_dags/example_sensor_decorator.py for tasks to queue
[2025-07-28T22:51:42.671+0000] {logging_mixin.py:137} INFO - [2025-07-28T22:51:42.671+0000] {dagbag.py:538} INFO - Filling up the DagBag from /home/airflow/.local/lib/python3.7/site-packages/airflow/example_dags/example_sensor_decorator.py
[2025-07-28T22:51:42.710+0000] {processor.py:753} INFO - DAG(s) dict_keys(['example_sensor_decorator']) retrieved from /home/airflow/.local/lib/python3.7/site-packages/airflow/example_dags/example_sensor_decorator.py
[2025-07-28T22:51:42.758+0000] {logging_mixin.py:137} INFO - [2025-07-28T22:51:42.757+0000] {dag.py:2690} INFO - Sync 1 DAGs
[2025-07-28T22:51:42.797+0000] {logging_mixin.py:137} INFO - [2025-07-28T22:51:42.797+0000] {dag.py:3441} INFO - Setting next_dagrun for example_sensor_decorator to None, run_after=None
[2025-07-28T22:51:42.840+0000] {processor.py:175} INFO - Processing /home/airflow/.local/lib/python3.7/site-packages/airflow/example_dags/example_sensor_decorator.py took 0.178 seconds
[2025-07-28T22:52:13.194+0000] {processor.py:153} INFO - Started process (PID=1025) to work on /home/airflow/.local/lib/python3.7/site-packages/airflow/example_dags/example_sensor_decorator.py
[2025-07-28T22:52:13.195+0000] {processor.py:743} INFO - Processing file /home/airflow/.local/lib/python3.7/site-packages/airflow/example_dags/example_sensor_decorator.py for tasks to queue
[2025-07-28T22:52:13.196+0000] {logging_mixin.py:137} INFO - [2025-07-28T22:52:13.196+0000] {dagbag.py:538} INFO - Filling up the DagBag from /home/airflow/.local/lib/python3.7/site-packages/airflow/example_dags/example_sensor_decorator.py
[2025-07-28T22:52:13.218+0000] {processor.py:753} INFO - DAG(s) dict_keys(['example_sensor_decorator']) retrieved from /home/airflow/.local/lib/python3.7/site-packages/airflow/example_dags/example_sensor_decorator.py
[2025-07-28T22:52:13.248+0000] {logging_mixin.py:137} INFO - [2025-07-28T22:52:13.248+0000] {dag.py:2690} INFO - Sync 1 DAGs
[2025-07-28T22:52:13.277+0000] {logging_mixin.py:137} INFO - [2025-07-28T22:52:13.277+0000] {dag.py:3441} INFO - Setting next_dagrun for example_sensor_decorator to None, run_after=None
[2025-07-28T22:52:13.302+0000] {processor.py:175} INFO - Processing /home/airflow/.local/lib/python3.7/site-packages/airflow/example_dags/example_sensor_decorator.py took 0.111 seconds
[2025-07-28T22:52:44.118+0000] {processor.py:153} INFO - Started process (PID=1096) to work on /home/airflow/.local/lib/python3.7/site-packages/airflow/example_dags/example_sensor_decorator.py
[2025-07-28T22:52:44.119+0000] {processor.py:743} INFO - Processing file /home/airflow/.local/lib/python3.7/site-packages/airflow/example_dags/example_sensor_decorator.py for tasks to queue
[2025-07-28T22:52:44.122+0000] {logging_mixin.py:137} INFO - [2025-07-28T22:52:44.121+0000] {dagbag.py:538} INFO - Filling up the DagBag from /home/airflow/.local/lib/python3.7/site-packages/airflow/example_dags/example_sensor_decorator.py
[2025-07-28T22:52:44.181+0000] {processor.py:753} INFO - DAG(s) dict_keys(['example_sensor_decorator']) retrieved from /home/airflow/.local/lib/python3.7/site-packages/airflow/example_dags/example_sensor_decorator.py
[2025-07-28T22:52:44.270+0000] {logging_mixin.py:137} INFO - [2025-07-28T22:52:44.270+0000] {dag.py:2690} INFO - Sync 1 DAGs
[2025-07-28T22:52:44.363+0000] {logging_mixin.py:137} INFO - [2025-07-28T22:52:44.362+0000] {dag.py:3441} INFO - Setting next_dagrun for example_sensor_decorator to None, run_after=None
[2025-07-28T22:52:44.517+0000] {processor.py:175} INFO - Processing /home/airflow/.local/lib/python3.7/site-packages/airflow/example_dags/example_sensor_decorator.py took 0.408 seconds
[2025-07-28T22:53:14.728+0000] {processor.py:153} INFO - Started process (PID=1183) to work on /home/airflow/.local/lib/python3.7/site-packages/airflow/example_dags/example_sensor_decorator.py
[2025-07-28T22:53:14.729+0000] {processor.py:743} INFO - Processing file /home/airflow/.local/lib/python3.7/site-packages/airflow/example_dags/example_sensor_decorator.py for tasks to queue
[2025-07-28T22:53:14.731+0000] {logging_mixin.py:137} INFO - [2025-07-28T22:53:14.731+0000] {dagbag.py:538} INFO - Filling up the DagBag from /home/airflow/.local/lib/python3.7/site-packages/airflow/example_dags/example_sensor_decorator.py
[2025-07-28T22:53:14.777+0000] {processor.py:753} INFO - DAG(s) dict_keys(['example_sensor_decorator']) retrieved from /home/airflow/.local/lib/python3.7/site-packages/airflow/example_dags/example_sensor_decorator.py
[2025-07-28T22:53:14.818+0000] {logging_mixin.py:137} INFO - [2025-07-28T22:53:14.818+0000] {dag.py:2690} INFO - Sync 1 DAGs
[2025-07-28T22:53:14.854+0000] {logging_mixin.py:137} INFO - [2025-07-28T22:53:14.854+0000] {dag.py:3441} INFO - Setting next_dagrun for example_sensor_decorator to None, run_after=None
[2025-07-28T22:53:14.891+0000] {processor.py:175} INFO - Processing /home/airflow/.local/lib/python3.7/site-packages/airflow/example_dags/example_sensor_decorator.py took 0.170 seconds
[2025-07-28T22:53:45.624+0000] {processor.py:153} INFO - Started process (PID=1254) to work on /home/airflow/.local/lib/python3.7/site-packages/airflow/example_dags/example_sensor_decorator.py
[2025-07-28T22:53:45.626+0000] {processor.py:743} INFO - Processing file /home/airflow/.local/lib/python3.7/site-packages/airflow/example_dags/example_sensor_decorator.py for tasks to queue
[2025-07-28T22:53:45.627+0000] {logging_mixin.py:137} INFO - [2025-07-28T22:53:45.627+0000] {dagbag.py:538} INFO - Filling up the DagBag from /home/airflow/.local/lib/python3.7/site-packages/airflow/example_dags/example_sensor_decorator.py
[2025-07-28T22:53:45.668+0000] {processor.py:753} INFO - DAG(s) dict_keys(['example_sensor_decorator']) retrieved from /home/airflow/.local/lib/python3.7/site-packages/airflow/example_dags/example_sensor_decorator.py
[2025-07-28T22:53:45.708+0000] {logging_mixin.py:137} INFO - [2025-07-28T22:53:45.708+0000] {dag.py:2690} INFO - Sync 1 DAGs
[2025-07-28T22:53:45.767+0000] {logging_mixin.py:137} INFO - [2025-07-28T22:53:45.766+0000] {dag.py:3441} INFO - Setting next_dagrun for example_sensor_decorator to None, run_after=None
[2025-07-28T22:53:45.805+0000] {processor.py:175} INFO - Processing /home/airflow/.local/lib/python3.7/site-packages/airflow/example_dags/example_sensor_decorator.py took 0.185 seconds
[2025-07-28T22:54:16.490+0000] {processor.py:153} INFO - Started process (PID=1325) to work on /home/airflow/.local/lib/python3.7/site-packages/airflow/example_dags/example_sensor_decorator.py
[2025-07-28T22:54:16.494+0000] {processor.py:743} INFO - Processing file /home/airflow/.local/lib/python3.7/site-packages/airflow/example_dags/example_sensor_decorator.py for tasks to queue
[2025-07-28T22:54:16.499+0000] {logging_mixin.py:137} INFO - [2025-07-28T22:54:16.498+0000] {dagbag.py:538} INFO - Filling up the DagBag from /home/airflow/.local/lib/python3.7/site-packages/airflow/example_dags/example_sensor_decorator.py
[2025-07-28T22:54:16.596+0000] {processor.py:753} INFO - DAG(s) dict_keys(['example_sensor_decorator']) retrieved from /home/airflow/.local/lib/python3.7/site-packages/airflow/example_dags/example_sensor_decorator.py
[2025-07-28T22:54:16.722+0000] {logging_mixin.py:137} INFO - [2025-07-28T22:54:16.712+0000] {dag.py:2690} INFO - Sync 1 DAGs
[2025-07-28T22:54:16.851+0000] {logging_mixin.py:137} INFO - [2025-07-28T22:54:16.851+0000] {dag.py:3441} INFO - Setting next_dagrun for example_sensor_decorator to None, run_after=None
[2025-07-28T22:54:16.944+0000] {processor.py:175} INFO - Processing /home/airflow/.local/lib/python3.7/site-packages/airflow/example_dags/example_sensor_decorator.py took 0.472 seconds
[2025-07-28T22:54:47.718+0000] {processor.py:153} INFO - Started process (PID=1396) to work on /home/airflow/.local/lib/python3.7/site-packages/airflow/example_dags/example_sensor_decorator.py
[2025-07-28T22:54:47.722+0000] {processor.py:743} INFO - Processing file /home/airflow/.local/lib/python3.7/site-packages/airflow/example_dags/example_sensor_decorator.py for tasks to queue
[2025-07-28T22:54:47.726+0000] {logging_mixin.py:137} INFO - [2025-07-28T22:54:47.725+0000] {dagbag.py:538} INFO - Filling up the DagBag from /home/airflow/.local/lib/python3.7/site-packages/airflow/example_dags/example_sensor_decorator.py
[2025-07-28T22:54:47.779+0000] {processor.py:753} INFO - DAG(s) dict_keys(['example_sensor_decorator']) retrieved from /home/airflow/.local/lib/python3.7/site-packages/airflow/example_dags/example_sensor_decorator.py
[2025-07-28T22:54:47.838+0000] {logging_mixin.py:137} INFO - [2025-07-28T22:54:47.837+0000] {dag.py:2690} INFO - Sync 1 DAGs
[2025-07-28T22:54:47.906+0000] {logging_mixin.py:137} INFO - [2025-07-28T22:54:47.906+0000] {dag.py:3441} INFO - Setting next_dagrun for example_sensor_decorator to None, run_after=None
[2025-07-28T22:54:47.955+0000] {processor.py:175} INFO - Processing /home/airflow/.local/lib/python3.7/site-packages/airflow/example_dags/example_sensor_decorator.py took 0.246 seconds
[2025-07-28T22:55:18.757+0000] {processor.py:153} INFO - Started process (PID=1467) to work on /home/airflow/.local/lib/python3.7/site-packages/airflow/example_dags/example_sensor_decorator.py
[2025-07-28T22:55:18.758+0000] {processor.py:743} INFO - Processing file /home/airflow/.local/lib/python3.7/site-packages/airflow/example_dags/example_sensor_decorator.py for tasks to queue
[2025-07-28T22:55:18.759+0000] {logging_mixin.py:137} INFO - [2025-07-28T22:55:18.759+0000] {dagbag.py:538} INFO - Filling up the DagBag from /home/airflow/.local/lib/python3.7/site-packages/airflow/example_dags/example_sensor_decorator.py
[2025-07-28T22:55:18.783+0000] {processor.py:753} INFO - DAG(s) dict_keys(['example_sensor_decorator']) retrieved from /home/airflow/.local/lib/python3.7/site-packages/airflow/example_dags/example_sensor_decorator.py
[2025-07-28T22:55:18.813+0000] {logging_mixin.py:137} INFO - [2025-07-28T22:55:18.813+0000] {dag.py:2690} INFO - Sync 1 DAGs
[2025-07-28T22:55:18.843+0000] {logging_mixin.py:137} INFO - [2025-07-28T22:55:18.843+0000] {dag.py:3441} INFO - Setting next_dagrun for example_sensor_decorator to None, run_after=None
[2025-07-28T22:55:18.872+0000] {processor.py:175} INFO - Processing /home/airflow/.local/lib/python3.7/site-packages/airflow/example_dags/example_sensor_decorator.py took 0.119 seconds
[2025-07-28T22:55:49.002+0000] {processor.py:153} INFO - Started process (PID=1555) to work on /home/airflow/.local/lib/python3.7/site-packages/airflow/example_dags/example_sensor_decorator.py
[2025-07-28T22:55:49.004+0000] {processor.py:743} INFO - Processing file /home/airflow/.local/lib/python3.7/site-packages/airflow/example_dags/example_sensor_decorator.py for tasks to queue
[2025-07-28T22:55:49.005+0000] {logging_mixin.py:137} INFO - [2025-07-28T22:55:49.005+0000] {dagbag.py:538} INFO - Filling up the DagBag from /home/airflow/.local/lib/python3.7/site-packages/airflow/example_dags/example_sensor_decorator.py
[2025-07-28T22:55:49.045+0000] {processor.py:753} INFO - DAG(s) dict_keys(['example_sensor_decorator']) retrieved from /home/airflow/.local/lib/python3.7/site-packages/airflow/example_dags/example_sensor_decorator.py
[2025-07-28T22:55:49.113+0000] {logging_mixin.py:137} INFO - [2025-07-28T22:55:49.113+0000] {dag.py:2690} INFO - Sync 1 DAGs
[2025-07-28T22:55:49.160+0000] {logging_mixin.py:137} INFO - [2025-07-28T22:55:49.160+0000] {dag.py:3441} INFO - Setting next_dagrun for example_sensor_decorator to None, run_after=None
[2025-07-28T22:55:49.196+0000] {processor.py:175} INFO - Processing /home/airflow/.local/lib/python3.7/site-packages/airflow/example_dags/example_sensor_decorator.py took 0.201 seconds
[2025-07-28T22:56:19.571+0000] {processor.py:153} INFO - Started process (PID=1626) to work on /home/airflow/.local/lib/python3.7/site-packages/airflow/example_dags/example_sensor_decorator.py
[2025-07-28T22:56:19.573+0000] {processor.py:743} INFO - Processing file /home/airflow/.local/lib/python3.7/site-packages/airflow/example_dags/example_sensor_decorator.py for tasks to queue
[2025-07-28T22:56:19.575+0000] {logging_mixin.py:137} INFO - [2025-07-28T22:56:19.574+0000] {dagbag.py:538} INFO - Filling up the DagBag from /home/airflow/.local/lib/python3.7/site-packages/airflow/example_dags/example_sensor_decorator.py
[2025-07-28T22:56:19.633+0000] {processor.py:753} INFO - DAG(s) dict_keys(['example_sensor_decorator']) retrieved from /home/airflow/.local/lib/python3.7/site-packages/airflow/example_dags/example_sensor_decorator.py
[2025-07-28T22:56:19.738+0000] {logging_mixin.py:137} INFO - [2025-07-28T22:56:19.737+0000] {dag.py:2690} INFO - Sync 1 DAGs
[2025-07-28T22:56:19.810+0000] {logging_mixin.py:137} INFO - [2025-07-28T22:56:19.810+0000] {dag.py:3441} INFO - Setting next_dagrun for example_sensor_decorator to None, run_after=None
[2025-07-28T22:56:19.923+0000] {processor.py:175} INFO - Processing /home/airflow/.local/lib/python3.7/site-packages/airflow/example_dags/example_sensor_decorator.py took 0.370 seconds
[2025-07-28T22:56:50.736+0000] {processor.py:153} INFO - Started process (PID=1698) to work on /home/airflow/.local/lib/python3.7/site-packages/airflow/example_dags/example_sensor_decorator.py
[2025-07-28T22:56:50.738+0000] {processor.py:743} INFO - Processing file /home/airflow/.local/lib/python3.7/site-packages/airflow/example_dags/example_sensor_decorator.py for tasks to queue
[2025-07-28T22:56:50.739+0000] {logging_mixin.py:137} INFO - [2025-07-28T22:56:50.738+0000] {dagbag.py:538} INFO - Filling up the DagBag from /home/airflow/.local/lib/python3.7/site-packages/airflow/example_dags/example_sensor_decorator.py
[2025-07-28T22:56:50.760+0000] {processor.py:753} INFO - DAG(s) dict_keys(['example_sensor_decorator']) retrieved from /home/airflow/.local/lib/python3.7/site-packages/airflow/example_dags/example_sensor_decorator.py
[2025-07-28T22:56:50.788+0000] {logging_mixin.py:137} INFO - [2025-07-28T22:56:50.788+0000] {dag.py:2690} INFO - Sync 1 DAGs
[2025-07-28T22:56:50.814+0000] {logging_mixin.py:137} INFO - [2025-07-28T22:56:50.814+0000] {dag.py:3441} INFO - Setting next_dagrun for example_sensor_decorator to None, run_after=None
[2025-07-28T22:56:50.838+0000] {processor.py:175} INFO - Processing /home/airflow/.local/lib/python3.7/site-packages/airflow/example_dags/example_sensor_decorator.py took 0.104 seconds
[2025-07-28T22:57:21.039+0000] {processor.py:153} INFO - Started process (PID=1769) to work on /home/airflow/.local/lib/python3.7/site-packages/airflow/example_dags/example_sensor_decorator.py
[2025-07-28T22:57:21.040+0000] {processor.py:743} INFO - Processing file /home/airflow/.local/lib/python3.7/site-packages/airflow/example_dags/example_sensor_decorator.py for tasks to queue
[2025-07-28T22:57:21.041+0000] {logging_mixin.py:137} INFO - [2025-07-28T22:57:21.041+0000] {dagbag.py:538} INFO - Filling up the DagBag from /home/airflow/.local/lib/python3.7/site-packages/airflow/example_dags/example_sensor_decorator.py
[2025-07-28T22:57:21.064+0000] {processor.py:753} INFO - DAG(s) dict_keys(['example_sensor_decorator']) retrieved from /home/airflow/.local/lib/python3.7/site-packages/airflow/example_dags/example_sensor_decorator.py
[2025-07-28T22:57:21.093+0000] {logging_mixin.py:137} INFO - [2025-07-28T22:57:21.093+0000] {dag.py:2690} INFO - Sync 1 DAGs
[2025-07-28T22:57:21.117+0000] {logging_mixin.py:137} INFO - [2025-07-28T22:57:21.117+0000] {dag.py:3441} INFO - Setting next_dagrun for example_sensor_decorator to None, run_after=None
[2025-07-28T22:57:21.142+0000] {processor.py:175} INFO - Processing /home/airflow/.local/lib/python3.7/site-packages/airflow/example_dags/example_sensor_decorator.py took 0.108 seconds
[2025-07-28T22:57:51.527+0000] {processor.py:153} INFO - Started process (PID=1840) to work on /home/airflow/.local/lib/python3.7/site-packages/airflow/example_dags/example_sensor_decorator.py
[2025-07-28T22:57:51.529+0000] {processor.py:743} INFO - Processing file /home/airflow/.local/lib/python3.7/site-packages/airflow/example_dags/example_sensor_decorator.py for tasks to queue
[2025-07-28T22:57:51.530+0000] {logging_mixin.py:137} INFO - [2025-07-28T22:57:51.530+0000] {dagbag.py:538} INFO - Filling up the DagBag from /home/airflow/.local/lib/python3.7/site-packages/airflow/example_dags/example_sensor_decorator.py
[2025-07-28T22:57:51.566+0000] {processor.py:753} INFO - DAG(s) dict_keys(['example_sensor_decorator']) retrieved from /home/airflow/.local/lib/python3.7/site-packages/airflow/example_dags/example_sensor_decorator.py
[2025-07-28T22:57:51.605+0000] {logging_mixin.py:137} INFO - [2025-07-28T22:57:51.604+0000] {dag.py:2690} INFO - Sync 1 DAGs
[2025-07-28T22:57:51.640+0000] {logging_mixin.py:137} INFO - [2025-07-28T22:57:51.640+0000] {dag.py:3441} INFO - Setting next_dagrun for example_sensor_decorator to None, run_after=None
[2025-07-28T22:57:51.670+0000] {processor.py:175} INFO - Processing /home/airflow/.local/lib/python3.7/site-packages/airflow/example_dags/example_sensor_decorator.py took 0.149 seconds
[2025-07-28T22:58:22.692+0000] {processor.py:153} INFO - Started process (PID=1927) to work on /home/airflow/.local/lib/python3.7/site-packages/airflow/example_dags/example_sensor_decorator.py
[2025-07-28T22:58:22.693+0000] {processor.py:743} INFO - Processing file /home/airflow/.local/lib/python3.7/site-packages/airflow/example_dags/example_sensor_decorator.py for tasks to queue
[2025-07-28T22:58:22.696+0000] {logging_mixin.py:137} INFO - [2025-07-28T22:58:22.696+0000] {dagbag.py:538} INFO - Filling up the DagBag from /home/airflow/.local/lib/python3.7/site-packages/airflow/example_dags/example_sensor_decorator.py
[2025-07-28T22:58:22.750+0000] {processor.py:753} INFO - DAG(s) dict_keys(['example_sensor_decorator']) retrieved from /home/airflow/.local/lib/python3.7/site-packages/airflow/example_dags/example_sensor_decorator.py
[2025-07-28T22:58:22.827+0000] {logging_mixin.py:137} INFO - [2025-07-28T22:58:22.827+0000] {dag.py:2690} INFO - Sync 1 DAGs
[2025-07-28T22:58:22.914+0000] {logging_mixin.py:137} INFO - [2025-07-28T22:58:22.914+0000] {dag.py:3441} INFO - Setting next_dagrun for example_sensor_decorator to None, run_after=None
[2025-07-28T22:58:22.968+0000] {processor.py:175} INFO - Processing /home/airflow/.local/lib/python3.7/site-packages/airflow/example_dags/example_sensor_decorator.py took 0.280 seconds
[2025-07-28T22:58:53.762+0000] {processor.py:153} INFO - Started process (PID=1998) to work on /home/airflow/.local/lib/python3.7/site-packages/airflow/example_dags/example_sensor_decorator.py
[2025-07-28T22:58:53.763+0000] {processor.py:743} INFO - Processing file /home/airflow/.local/lib/python3.7/site-packages/airflow/example_dags/example_sensor_decorator.py for tasks to queue
[2025-07-28T22:58:53.764+0000] {logging_mixin.py:137} INFO - [2025-07-28T22:58:53.764+0000] {dagbag.py:538} INFO - Filling up the DagBag from /home/airflow/.local/lib/python3.7/site-packages/airflow/example_dags/example_sensor_decorator.py
[2025-07-28T22:58:53.789+0000] {processor.py:753} INFO - DAG(s) dict_keys(['example_sensor_decorator']) retrieved from /home/airflow/.local/lib/python3.7/site-packages/airflow/example_dags/example_sensor_decorator.py
[2025-07-28T22:58:53.820+0000] {logging_mixin.py:137} INFO - [2025-07-28T22:58:53.820+0000] {dag.py:2690} INFO - Sync 1 DAGs
[2025-07-28T22:58:53.849+0000] {logging_mixin.py:137} INFO - [2025-07-28T22:58:53.849+0000] {dag.py:3441} INFO - Setting next_dagrun for example_sensor_decorator to None, run_after=None
[2025-07-28T22:58:53.875+0000] {processor.py:175} INFO - Processing /home/airflow/.local/lib/python3.7/site-packages/airflow/example_dags/example_sensor_decorator.py took 0.117 seconds
[2025-07-28T22:59:24.080+0000] {processor.py:153} INFO - Started process (PID=2069) to work on /home/airflow/.local/lib/python3.7/site-packages/airflow/example_dags/example_sensor_decorator.py
[2025-07-28T22:59:24.082+0000] {processor.py:743} INFO - Processing file /home/airflow/.local/lib/python3.7/site-packages/airflow/example_dags/example_sensor_decorator.py for tasks to queue
[2025-07-28T22:59:24.083+0000] {logging_mixin.py:137} INFO - [2025-07-28T22:59:24.083+0000] {dagbag.py:538} INFO - Filling up the DagBag from /home/airflow/.local/lib/python3.7/site-packages/airflow/example_dags/example_sensor_decorator.py
[2025-07-28T22:59:24.112+0000] {processor.py:753} INFO - DAG(s) dict_keys(['example_sensor_decorator']) retrieved from /home/airflow/.local/lib/python3.7/site-packages/airflow/example_dags/example_sensor_decorator.py
[2025-07-28T22:59:24.148+0000] {logging_mixin.py:137} INFO - [2025-07-28T22:59:24.148+0000] {dag.py:2690} INFO - Sync 1 DAGs
[2025-07-28T22:59:24.182+0000] {logging_mixin.py:137} INFO - [2025-07-28T22:59:24.182+0000] {dag.py:3441} INFO - Setting next_dagrun for example_sensor_decorator to None, run_after=None
[2025-07-28T22:59:24.214+0000] {processor.py:175} INFO - Processing /home/airflow/.local/lib/python3.7/site-packages/airflow/example_dags/example_sensor_decorator.py took 0.137 seconds
[2025-07-28T22:59:54.433+0000] {processor.py:153} INFO - Started process (PID=2157) to work on /home/airflow/.local/lib/python3.7/site-packages/airflow/example_dags/example_sensor_decorator.py
[2025-07-28T22:59:54.439+0000] {processor.py:743} INFO - Processing file /home/airflow/.local/lib/python3.7/site-packages/airflow/example_dags/example_sensor_decorator.py for tasks to queue
[2025-07-28T22:59:54.441+0000] {logging_mixin.py:137} INFO - [2025-07-28T22:59:54.440+0000] {dagbag.py:538} INFO - Filling up the DagBag from /home/airflow/.local/lib/python3.7/site-packages/airflow/example_dags/example_sensor_decorator.py
[2025-07-28T22:59:54.480+0000] {processor.py:753} INFO - DAG(s) dict_keys(['example_sensor_decorator']) retrieved from /home/airflow/.local/lib/python3.7/site-packages/airflow/example_dags/example_sensor_decorator.py
[2025-07-28T22:59:54.520+0000] {logging_mixin.py:137} INFO - [2025-07-28T22:59:54.519+0000] {dag.py:2690} INFO - Sync 1 DAGs
[2025-07-28T22:59:54.551+0000] {logging_mixin.py:137} INFO - [2025-07-28T22:59:54.551+0000] {dag.py:3441} INFO - Setting next_dagrun for example_sensor_decorator to None, run_after=None
[2025-07-28T22:59:54.597+0000] {processor.py:175} INFO - Processing /home/airflow/.local/lib/python3.7/site-packages/airflow/example_dags/example_sensor_decorator.py took 0.169 seconds
[2025-07-28T23:00:24.741+0000] {processor.py:153} INFO - Started process (PID=2228) to work on /home/airflow/.local/lib/python3.7/site-packages/airflow/example_dags/example_sensor_decorator.py
[2025-07-28T23:00:24.742+0000] {processor.py:743} INFO - Processing file /home/airflow/.local/lib/python3.7/site-packages/airflow/example_dags/example_sensor_decorator.py for tasks to queue
[2025-07-28T23:00:24.743+0000] {logging_mixin.py:137} INFO - [2025-07-28T23:00:24.743+0000] {dagbag.py:538} INFO - Filling up the DagBag from /home/airflow/.local/lib/python3.7/site-packages/airflow/example_dags/example_sensor_decorator.py
[2025-07-28T23:00:24.771+0000] {processor.py:753} INFO - DAG(s) dict_keys(['example_sensor_decorator']) retrieved from /home/airflow/.local/lib/python3.7/site-packages/airflow/example_dags/example_sensor_decorator.py
[2025-07-28T23:00:24.801+0000] {logging_mixin.py:137} INFO - [2025-07-28T23:00:24.801+0000] {dag.py:2690} INFO - Sync 1 DAGs
[2025-07-28T23:00:24.832+0000] {logging_mixin.py:137} INFO - [2025-07-28T23:00:24.832+0000] {dag.py:3441} INFO - Setting next_dagrun for example_sensor_decorator to None, run_after=None
[2025-07-28T23:00:24.864+0000] {processor.py:175} INFO - Processing /home/airflow/.local/lib/python3.7/site-packages/airflow/example_dags/example_sensor_decorator.py took 0.127 seconds
[2025-07-28T23:00:55.286+0000] {processor.py:153} INFO - Started process (PID=2315) to work on /home/airflow/.local/lib/python3.7/site-packages/airflow/example_dags/example_sensor_decorator.py
[2025-07-28T23:00:55.287+0000] {processor.py:743} INFO - Processing file /home/airflow/.local/lib/python3.7/site-packages/airflow/example_dags/example_sensor_decorator.py for tasks to queue
[2025-07-28T23:00:55.288+0000] {logging_mixin.py:137} INFO - [2025-07-28T23:00:55.288+0000] {dagbag.py:538} INFO - Filling up the DagBag from /home/airflow/.local/lib/python3.7/site-packages/airflow/example_dags/example_sensor_decorator.py
[2025-07-28T23:00:55.326+0000] {processor.py:753} INFO - DAG(s) dict_keys(['example_sensor_decorator']) retrieved from /home/airflow/.local/lib/python3.7/site-packages/airflow/example_dags/example_sensor_decorator.py
[2025-07-28T23:00:55.366+0000] {logging_mixin.py:137} INFO - [2025-07-28T23:00:55.365+0000] {dag.py:2690} INFO - Sync 1 DAGs
[2025-07-28T23:00:55.419+0000] {logging_mixin.py:137} INFO - [2025-07-28T23:00:55.419+0000] {dag.py:3441} INFO - Setting next_dagrun for example_sensor_decorator to None, run_after=None
[2025-07-28T23:00:55.463+0000] {processor.py:175} INFO - Processing /home/airflow/.local/lib/python3.7/site-packages/airflow/example_dags/example_sensor_decorator.py took 0.183 seconds
[2025-07-28T23:01:25.660+0000] {processor.py:153} INFO - Started process (PID=2387) to work on /home/airflow/.local/lib/python3.7/site-packages/airflow/example_dags/example_sensor_decorator.py
[2025-07-28T23:01:25.661+0000] {processor.py:743} INFO - Processing file /home/airflow/.local/lib/python3.7/site-packages/airflow/example_dags/example_sensor_decorator.py for tasks to queue
[2025-07-28T23:01:25.662+0000] {logging_mixin.py:137} INFO - [2025-07-28T23:01:25.662+0000] {dagbag.py:538} INFO - Filling up the DagBag from /home/airflow/.local/lib/python3.7/site-packages/airflow/example_dags/example_sensor_decorator.py
[2025-07-28T23:01:25.689+0000] {processor.py:753} INFO - DAG(s) dict_keys(['example_sensor_decorator']) retrieved from /home/airflow/.local/lib/python3.7/site-packages/airflow/example_dags/example_sensor_decorator.py
[2025-07-28T23:01:25.718+0000] {logging_mixin.py:137} INFO - [2025-07-28T23:01:25.718+0000] {dag.py:2690} INFO - Sync 1 DAGs
[2025-07-28T23:01:25.747+0000] {logging_mixin.py:137} INFO - [2025-07-28T23:01:25.747+0000] {dag.py:3441} INFO - Setting next_dagrun for example_sensor_decorator to None, run_after=None
[2025-07-28T23:01:25.783+0000] {processor.py:175} INFO - Processing /home/airflow/.local/lib/python3.7/site-packages/airflow/example_dags/example_sensor_decorator.py took 0.127 seconds
[2025-07-28T23:01:56.148+0000] {processor.py:153} INFO - Started process (PID=2458) to work on /home/airflow/.local/lib/python3.7/site-packages/airflow/example_dags/example_sensor_decorator.py
[2025-07-28T23:01:56.149+0000] {processor.py:743} INFO - Processing file /home/airflow/.local/lib/python3.7/site-packages/airflow/example_dags/example_sensor_decorator.py for tasks to queue
[2025-07-28T23:01:56.150+0000] {logging_mixin.py:137} INFO - [2025-07-28T23:01:56.150+0000] {dagbag.py:538} INFO - Filling up the DagBag from /home/airflow/.local/lib/python3.7/site-packages/airflow/example_dags/example_sensor_decorator.py
[2025-07-28T23:01:56.202+0000] {processor.py:753} INFO - DAG(s) dict_keys(['example_sensor_decorator']) retrieved from /home/airflow/.local/lib/python3.7/site-packages/airflow/example_dags/example_sensor_decorator.py
[2025-07-28T23:01:56.241+0000] {logging_mixin.py:137} INFO - [2025-07-28T23:01:56.241+0000] {dag.py:2690} INFO - Sync 1 DAGs
[2025-07-28T23:01:56.285+0000] {logging_mixin.py:137} INFO - [2025-07-28T23:01:56.284+0000] {dag.py:3441} INFO - Setting next_dagrun for example_sensor_decorator to None, run_after=None
[2025-07-28T23:01:56.322+0000] {processor.py:175} INFO - Processing /home/airflow/.local/lib/python3.7/site-packages/airflow/example_dags/example_sensor_decorator.py took 0.178 seconds
[2025-07-28T23:02:27.025+0000] {processor.py:153} INFO - Started process (PID=2545) to work on /home/airflow/.local/lib/python3.7/site-packages/airflow/example_dags/example_sensor_decorator.py
[2025-07-28T23:02:27.026+0000] {processor.py:743} INFO - Processing file /home/airflow/.local/lib/python3.7/site-packages/airflow/example_dags/example_sensor_decorator.py for tasks to queue
[2025-07-28T23:02:27.027+0000] {logging_mixin.py:137} INFO - [2025-07-28T23:02:27.026+0000] {dagbag.py:538} INFO - Filling up the DagBag from /home/airflow/.local/lib/python3.7/site-packages/airflow/example_dags/example_sensor_decorator.py
[2025-07-28T23:02:27.055+0000] {processor.py:753} INFO - DAG(s) dict_keys(['example_sensor_decorator']) retrieved from /home/airflow/.local/lib/python3.7/site-packages/airflow/example_dags/example_sensor_decorator.py
[2025-07-28T23:02:27.074+0000] {logging_mixin.py:137} INFO - [2025-07-28T23:02:27.074+0000] {dag.py:2690} INFO - Sync 1 DAGs
[2025-07-28T23:02:27.102+0000] {logging_mixin.py:137} INFO - [2025-07-28T23:02:27.102+0000] {dag.py:3441} INFO - Setting next_dagrun for example_sensor_decorator to None, run_after=None
[2025-07-28T23:02:27.131+0000] {processor.py:175} INFO - Processing /home/airflow/.local/lib/python3.7/site-packages/airflow/example_dags/example_sensor_decorator.py took 0.110 seconds
[2025-07-28T23:02:57.805+0000] {processor.py:153} INFO - Started process (PID=2615) to work on /home/airflow/.local/lib/python3.7/site-packages/airflow/example_dags/example_sensor_decorator.py
[2025-07-28T23:02:57.806+0000] {processor.py:743} INFO - Processing file /home/airflow/.local/lib/python3.7/site-packages/airflow/example_dags/example_sensor_decorator.py for tasks to queue
[2025-07-28T23:02:57.807+0000] {logging_mixin.py:137} INFO - [2025-07-28T23:02:57.807+0000] {dagbag.py:538} INFO - Filling up the DagBag from /home/airflow/.local/lib/python3.7/site-packages/airflow/example_dags/example_sensor_decorator.py
[2025-07-28T23:02:57.843+0000] {processor.py:753} INFO - DAG(s) dict_keys(['example_sensor_decorator']) retrieved from /home/airflow/.local/lib/python3.7/site-packages/airflow/example_dags/example_sensor_decorator.py
[2025-07-28T23:02:57.863+0000] {logging_mixin.py:137} INFO - [2025-07-28T23:02:57.863+0000] {dag.py:2690} INFO - Sync 1 DAGs
[2025-07-28T23:02:57.912+0000] {logging_mixin.py:137} INFO - [2025-07-28T23:02:57.911+0000] {dag.py:3441} INFO - Setting next_dagrun for example_sensor_decorator to None, run_after=None
[2025-07-28T23:02:57.938+0000] {processor.py:175} INFO - Processing /home/airflow/.local/lib/python3.7/site-packages/airflow/example_dags/example_sensor_decorator.py took 0.138 seconds
[2025-07-28T23:03:28.582+0000] {processor.py:153} INFO - Started process (PID=2695) to work on /home/airflow/.local/lib/python3.7/site-packages/airflow/example_dags/example_sensor_decorator.py
[2025-07-28T23:03:28.584+0000] {processor.py:743} INFO - Processing file /home/airflow/.local/lib/python3.7/site-packages/airflow/example_dags/example_sensor_decorator.py for tasks to queue
[2025-07-28T23:03:28.585+0000] {logging_mixin.py:137} INFO - [2025-07-28T23:03:28.585+0000] {dagbag.py:538} INFO - Filling up the DagBag from /home/airflow/.local/lib/python3.7/site-packages/airflow/example_dags/example_sensor_decorator.py
[2025-07-28T23:03:28.632+0000] {processor.py:753} INFO - DAG(s) dict_keys(['example_sensor_decorator']) retrieved from /home/airflow/.local/lib/python3.7/site-packages/airflow/example_dags/example_sensor_decorator.py
[2025-07-28T23:03:28.659+0000] {logging_mixin.py:137} INFO - [2025-07-28T23:03:28.659+0000] {dag.py:2690} INFO - Sync 1 DAGs
[2025-07-28T23:03:28.720+0000] {logging_mixin.py:137} INFO - [2025-07-28T23:03:28.719+0000] {dag.py:3441} INFO - Setting next_dagrun for example_sensor_decorator to None, run_after=None
[2025-07-28T23:03:28.764+0000] {processor.py:175} INFO - Processing /home/airflow/.local/lib/python3.7/site-packages/airflow/example_dags/example_sensor_decorator.py took 0.187 seconds
[2025-07-28T23:03:59.467+0000] {processor.py:153} INFO - Started process (PID=2773) to work on /home/airflow/.local/lib/python3.7/site-packages/airflow/example_dags/example_sensor_decorator.py
[2025-07-28T23:03:59.469+0000] {processor.py:743} INFO - Processing file /home/airflow/.local/lib/python3.7/site-packages/airflow/example_dags/example_sensor_decorator.py for tasks to queue
[2025-07-28T23:03:59.471+0000] {logging_mixin.py:137} INFO - [2025-07-28T23:03:59.470+0000] {dagbag.py:538} INFO - Filling up the DagBag from /home/airflow/.local/lib/python3.7/site-packages/airflow/example_dags/example_sensor_decorator.py
[2025-07-28T23:03:59.506+0000] {processor.py:753} INFO - DAG(s) dict_keys(['example_sensor_decorator']) retrieved from /home/airflow/.local/lib/python3.7/site-packages/airflow/example_dags/example_sensor_decorator.py
[2025-07-28T23:03:59.567+0000] {logging_mixin.py:137} INFO - [2025-07-28T23:03:59.567+0000] {dag.py:2690} INFO - Sync 1 DAGs
[2025-07-28T23:03:59.618+0000] {logging_mixin.py:137} INFO - [2025-07-28T23:03:59.617+0000] {dag.py:3441} INFO - Setting next_dagrun for example_sensor_decorator to None, run_after=None
[2025-07-28T23:03:59.663+0000] {processor.py:175} INFO - Processing /home/airflow/.local/lib/python3.7/site-packages/airflow/example_dags/example_sensor_decorator.py took 0.200 seconds
[2025-07-28T23:04:30.511+0000] {processor.py:153} INFO - Started process (PID=2844) to work on /home/airflow/.local/lib/python3.7/site-packages/airflow/example_dags/example_sensor_decorator.py
[2025-07-28T23:04:30.513+0000] {processor.py:743} INFO - Processing file /home/airflow/.local/lib/python3.7/site-packages/airflow/example_dags/example_sensor_decorator.py for tasks to queue
[2025-07-28T23:04:30.514+0000] {logging_mixin.py:137} INFO - [2025-07-28T23:04:30.514+0000] {dagbag.py:538} INFO - Filling up the DagBag from /home/airflow/.local/lib/python3.7/site-packages/airflow/example_dags/example_sensor_decorator.py
[2025-07-28T23:04:30.543+0000] {processor.py:753} INFO - DAG(s) dict_keys(['example_sensor_decorator']) retrieved from /home/airflow/.local/lib/python3.7/site-packages/airflow/example_dags/example_sensor_decorator.py
[2025-07-28T23:04:30.573+0000] {logging_mixin.py:137} INFO - [2025-07-28T23:04:30.573+0000] {dag.py:2690} INFO - Sync 1 DAGs
[2025-07-28T23:04:30.600+0000] {logging_mixin.py:137} INFO - [2025-07-28T23:04:30.600+0000] {dag.py:3441} INFO - Setting next_dagrun for example_sensor_decorator to None, run_after=None
[2025-07-28T23:04:30.632+0000] {processor.py:175} INFO - Processing /home/airflow/.local/lib/python3.7/site-packages/airflow/example_dags/example_sensor_decorator.py took 0.124 seconds
[2025-07-28T23:05:00.914+0000] {processor.py:153} INFO - Started process (PID=2930) to work on /home/airflow/.local/lib/python3.7/site-packages/airflow/example_dags/example_sensor_decorator.py
[2025-07-28T23:05:00.916+0000] {processor.py:743} INFO - Processing file /home/airflow/.local/lib/python3.7/site-packages/airflow/example_dags/example_sensor_decorator.py for tasks to queue
[2025-07-28T23:05:00.918+0000] {logging_mixin.py:137} INFO - [2025-07-28T23:05:00.918+0000] {dagbag.py:538} INFO - Filling up the DagBag from /home/airflow/.local/lib/python3.7/site-packages/airflow/example_dags/example_sensor_decorator.py
[2025-07-28T23:05:00.958+0000] {processor.py:753} INFO - DAG(s) dict_keys(['example_sensor_decorator']) retrieved from /home/airflow/.local/lib/python3.7/site-packages/airflow/example_dags/example_sensor_decorator.py
[2025-07-28T23:05:01.010+0000] {logging_mixin.py:137} INFO - [2025-07-28T23:05:01.010+0000] {dag.py:2690} INFO - Sync 1 DAGs
[2025-07-28T23:05:01.056+0000] {logging_mixin.py:137} INFO - [2025-07-28T23:05:01.056+0000] {dag.py:3441} INFO - Setting next_dagrun for example_sensor_decorator to None, run_after=None
[2025-07-28T23:05:01.104+0000] {processor.py:175} INFO - Processing /home/airflow/.local/lib/python3.7/site-packages/airflow/example_dags/example_sensor_decorator.py took 0.198 seconds
[2025-07-28T23:05:31.216+0000] {processor.py:153} INFO - Started process (PID=3001) to work on /home/airflow/.local/lib/python3.7/site-packages/airflow/example_dags/example_sensor_decorator.py
[2025-07-28T23:05:31.218+0000] {processor.py:743} INFO - Processing file /home/airflow/.local/lib/python3.7/site-packages/airflow/example_dags/example_sensor_decorator.py for tasks to queue
[2025-07-28T23:05:31.219+0000] {logging_mixin.py:137} INFO - [2025-07-28T23:05:31.219+0000] {dagbag.py:538} INFO - Filling up the DagBag from /home/airflow/.local/lib/python3.7/site-packages/airflow/example_dags/example_sensor_decorator.py
[2025-07-28T23:05:31.244+0000] {processor.py:753} INFO - DAG(s) dict_keys(['example_sensor_decorator']) retrieved from /home/airflow/.local/lib/python3.7/site-packages/airflow/example_dags/example_sensor_decorator.py
[2025-07-28T23:05:31.276+0000] {logging_mixin.py:137} INFO - [2025-07-28T23:05:31.276+0000] {dag.py:2690} INFO - Sync 1 DAGs
[2025-07-28T23:05:31.311+0000] {logging_mixin.py:137} INFO - [2025-07-28T23:05:31.311+0000] {dag.py:3441} INFO - Setting next_dagrun for example_sensor_decorator to None, run_after=None
[2025-07-28T23:05:31.342+0000] {processor.py:175} INFO - Processing /home/airflow/.local/lib/python3.7/site-packages/airflow/example_dags/example_sensor_decorator.py took 0.129 seconds
[2025-07-28T23:06:02.057+0000] {processor.py:153} INFO - Started process (PID=3073) to work on /home/airflow/.local/lib/python3.7/site-packages/airflow/example_dags/example_sensor_decorator.py
[2025-07-28T23:06:02.059+0000] {processor.py:743} INFO - Processing file /home/airflow/.local/lib/python3.7/site-packages/airflow/example_dags/example_sensor_decorator.py for tasks to queue
[2025-07-28T23:06:02.060+0000] {logging_mixin.py:137} INFO - [2025-07-28T23:06:02.060+0000] {dagbag.py:538} INFO - Filling up the DagBag from /home/airflow/.local/lib/python3.7/site-packages/airflow/example_dags/example_sensor_decorator.py
[2025-07-28T23:06:02.088+0000] {processor.py:753} INFO - DAG(s) dict_keys(['example_sensor_decorator']) retrieved from /home/airflow/.local/lib/python3.7/site-packages/airflow/example_dags/example_sensor_decorator.py
[2025-07-28T23:06:02.121+0000] {logging_mixin.py:137} INFO - [2025-07-28T23:06:02.121+0000] {dag.py:2690} INFO - Sync 1 DAGs
[2025-07-28T23:06:02.149+0000] {logging_mixin.py:137} INFO - [2025-07-28T23:06:02.149+0000] {dag.py:3441} INFO - Setting next_dagrun for example_sensor_decorator to None, run_after=None
[2025-07-28T23:06:02.175+0000] {processor.py:175} INFO - Processing /home/airflow/.local/lib/python3.7/site-packages/airflow/example_dags/example_sensor_decorator.py took 0.121 seconds
[2025-07-28T23:06:32.266+0000] {processor.py:153} INFO - Started process (PID=3161) to work on /home/airflow/.local/lib/python3.7/site-packages/airflow/example_dags/example_sensor_decorator.py
[2025-07-28T23:06:32.267+0000] {processor.py:743} INFO - Processing file /home/airflow/.local/lib/python3.7/site-packages/airflow/example_dags/example_sensor_decorator.py for tasks to queue
[2025-07-28T23:06:32.268+0000] {logging_mixin.py:137} INFO - [2025-07-28T23:06:32.268+0000] {dagbag.py:538} INFO - Filling up the DagBag from /home/airflow/.local/lib/python3.7/site-packages/airflow/example_dags/example_sensor_decorator.py
[2025-07-28T23:06:32.292+0000] {processor.py:753} INFO - DAG(s) dict_keys(['example_sensor_decorator']) retrieved from /home/airflow/.local/lib/python3.7/site-packages/airflow/example_dags/example_sensor_decorator.py
[2025-07-28T23:06:32.320+0000] {logging_mixin.py:137} INFO - [2025-07-28T23:06:32.320+0000] {dag.py:2690} INFO - Sync 1 DAGs
[2025-07-28T23:06:32.348+0000] {logging_mixin.py:137} INFO - [2025-07-28T23:06:32.347+0000] {dag.py:3441} INFO - Setting next_dagrun for example_sensor_decorator to None, run_after=None
[2025-07-28T23:06:32.377+0000] {processor.py:175} INFO - Processing /home/airflow/.local/lib/python3.7/site-packages/airflow/example_dags/example_sensor_decorator.py took 0.114 seconds
