[2025-07-28T22:45:39.915+0000] {processor.py:153} INFO - Started process (PID=77) to work on /home/airflow/.local/lib/python3.7/site-packages/airflow/example_dags/example_latest_only.py
[2025-07-28T22:45:39.917+0000] {processor.py:743} INFO - Processing file /home/airflow/.local/lib/python3.7/site-packages/airflow/example_dags/example_latest_only.py for tasks to queue
[2025-07-28T22:45:39.919+0000] {logging_mixin.py:137} INFO - [2025-07-28T22:45:39.919+0000] {dagbag.py:538} INFO - Filling up the DagBag from /home/airflow/.local/lib/python3.7/site-packages/airflow/example_dags/example_latest_only.py
[2025-07-28T22:45:39.943+0000] {processor.py:753} INFO - DAG(s) dict_keys(['latest_only']) retrieved from /home/airflow/.local/lib/python3.7/site-packages/airflow/example_dags/example_latest_only.py
[2025-07-28T22:45:40.146+0000] {logging_mixin.py:137} INFO - [2025-07-28T22:45:40.146+0000] {manager.py:504} INFO - Created Permission View: can delete on DAG:latest_only
[2025-07-28T22:45:40.165+0000] {logging_mixin.py:137} INFO - [2025-07-28T22:45:40.164+0000] {manager.py:504} INFO - Created Permission View: can read on DAG:latest_only
[2025-07-28T22:45:40.177+0000] {logging_mixin.py:137} INFO - [2025-07-28T22:45:40.177+0000] {manager.py:504} INFO - Created Permission View: can edit on DAG:latest_only
[2025-07-28T22:45:40.178+0000] {logging_mixin.py:137} INFO - [2025-07-28T22:45:40.178+0000] {dag.py:2690} INFO - Sync 1 DAGs
[2025-07-28T22:45:40.201+0000] {logging_mixin.py:137} INFO - [2025-07-28T22:45:40.201+0000] {dag.py:2711} INFO - Creating ORM DAG for latest_only
[2025-07-28T22:45:40.220+0000] {logging_mixin.py:137} INFO - [2025-07-28T22:45:40.220+0000] {dag.py:3441} INFO - Setting next_dagrun for latest_only to 2025-07-28T18:45:40.219917+00:00, run_after=2025-07-28T22:45:40.219917+00:00
[2025-07-28T22:45:40.252+0000] {processor.py:175} INFO - Processing /home/airflow/.local/lib/python3.7/site-packages/airflow/example_dags/example_latest_only.py took 0.345 seconds
[2025-07-28T22:46:10.958+0000] {processor.py:153} INFO - Started process (PID=148) to work on /home/airflow/.local/lib/python3.7/site-packages/airflow/example_dags/example_latest_only.py
[2025-07-28T22:46:10.962+0000] {processor.py:743} INFO - Processing file /home/airflow/.local/lib/python3.7/site-packages/airflow/example_dags/example_latest_only.py for tasks to queue
[2025-07-28T22:46:10.965+0000] {logging_mixin.py:137} INFO - [2025-07-28T22:46:10.964+0000] {dagbag.py:538} INFO - Filling up the DagBag from /home/airflow/.local/lib/python3.7/site-packages/airflow/example_dags/example_latest_only.py
[2025-07-28T22:46:11.010+0000] {processor.py:753} INFO - DAG(s) dict_keys(['latest_only']) retrieved from /home/airflow/.local/lib/python3.7/site-packages/airflow/example_dags/example_latest_only.py
[2025-07-28T22:46:11.052+0000] {logging_mixin.py:137} INFO - [2025-07-28T22:46:11.052+0000] {dag.py:2690} INFO - Sync 1 DAGs
[2025-07-28T22:46:11.143+0000] {logging_mixin.py:137} INFO - [2025-07-28T22:46:11.143+0000] {dag.py:3441} INFO - Setting next_dagrun for latest_only to 2025-07-28T18:46:11.142555+00:00, run_after=2025-07-28T22:46:11.142555+00:00
[2025-07-28T22:46:11.213+0000] {processor.py:175} INFO - Processing /home/airflow/.local/lib/python3.7/site-packages/airflow/example_dags/example_latest_only.py took 0.266 seconds
[2025-07-28T22:46:41.644+0000] {processor.py:153} INFO - Started process (PID=218) to work on /home/airflow/.local/lib/python3.7/site-packages/airflow/example_dags/example_latest_only.py
[2025-07-28T22:46:41.646+0000] {processor.py:743} INFO - Processing file /home/airflow/.local/lib/python3.7/site-packages/airflow/example_dags/example_latest_only.py for tasks to queue
[2025-07-28T22:46:41.648+0000] {logging_mixin.py:137} INFO - [2025-07-28T22:46:41.648+0000] {dagbag.py:538} INFO - Filling up the DagBag from /home/airflow/.local/lib/python3.7/site-packages/airflow/example_dags/example_latest_only.py
[2025-07-28T22:46:41.677+0000] {processor.py:753} INFO - DAG(s) dict_keys(['latest_only']) retrieved from /home/airflow/.local/lib/python3.7/site-packages/airflow/example_dags/example_latest_only.py
[2025-07-28T22:46:41.752+0000] {logging_mixin.py:137} INFO - [2025-07-28T22:46:41.752+0000] {dag.py:2690} INFO - Sync 1 DAGs
[2025-07-28T22:46:41.854+0000] {logging_mixin.py:137} INFO - [2025-07-28T22:46:41.854+0000] {dag.py:3441} INFO - Setting next_dagrun for latest_only to 2025-07-28T18:46:41.853937+00:00, run_after=2025-07-28T22:46:41.853937+00:00
[2025-07-28T22:46:41.919+0000] {processor.py:175} INFO - Processing /home/airflow/.local/lib/python3.7/site-packages/airflow/example_dags/example_latest_only.py took 0.281 seconds
[2025-07-28T22:47:12.450+0000] {processor.py:153} INFO - Started process (PID=296) to work on /home/airflow/.local/lib/python3.7/site-packages/airflow/example_dags/example_latest_only.py
[2025-07-28T22:47:12.453+0000] {processor.py:743} INFO - Processing file /home/airflow/.local/lib/python3.7/site-packages/airflow/example_dags/example_latest_only.py for tasks to queue
[2025-07-28T22:47:12.455+0000] {logging_mixin.py:137} INFO - [2025-07-28T22:47:12.455+0000] {dagbag.py:538} INFO - Filling up the DagBag from /home/airflow/.local/lib/python3.7/site-packages/airflow/example_dags/example_latest_only.py
[2025-07-28T22:47:12.488+0000] {processor.py:753} INFO - DAG(s) dict_keys(['latest_only']) retrieved from /home/airflow/.local/lib/python3.7/site-packages/airflow/example_dags/example_latest_only.py
[2025-07-28T22:47:12.557+0000] {logging_mixin.py:137} INFO - [2025-07-28T22:47:12.557+0000] {dag.py:2690} INFO - Sync 1 DAGs
[2025-07-28T22:47:12.652+0000] {logging_mixin.py:137} INFO - [2025-07-28T22:47:12.652+0000] {dag.py:3441} INFO - Setting next_dagrun for latest_only to 2025-07-28T18:47:12.651780+00:00, run_after=2025-07-28T22:47:12.651780+00:00
[2025-07-28T22:47:12.725+0000] {processor.py:175} INFO - Processing /home/airflow/.local/lib/python3.7/site-packages/airflow/example_dags/example_latest_only.py took 0.283 seconds
[2025-07-28T22:47:43.335+0000] {processor.py:153} INFO - Started process (PID=376) to work on /home/airflow/.local/lib/python3.7/site-packages/airflow/example_dags/example_latest_only.py
[2025-07-28T22:47:43.337+0000] {processor.py:743} INFO - Processing file /home/airflow/.local/lib/python3.7/site-packages/airflow/example_dags/example_latest_only.py for tasks to queue
[2025-07-28T22:47:43.340+0000] {logging_mixin.py:137} INFO - [2025-07-28T22:47:43.340+0000] {dagbag.py:538} INFO - Filling up the DagBag from /home/airflow/.local/lib/python3.7/site-packages/airflow/example_dags/example_latest_only.py
[2025-07-28T22:47:43.379+0000] {processor.py:753} INFO - DAG(s) dict_keys(['latest_only']) retrieved from /home/airflow/.local/lib/python3.7/site-packages/airflow/example_dags/example_latest_only.py
[2025-07-28T22:47:43.441+0000] {logging_mixin.py:137} INFO - [2025-07-28T22:47:43.441+0000] {dag.py:2690} INFO - Sync 1 DAGs
[2025-07-28T22:47:43.517+0000] {logging_mixin.py:137} INFO - [2025-07-28T22:47:43.517+0000] {dag.py:3441} INFO - Setting next_dagrun for latest_only to 2025-07-28T18:47:43.516627+00:00, run_after=2025-07-28T22:47:43.516627+00:00
[2025-07-28T22:47:43.559+0000] {processor.py:175} INFO - Processing /home/airflow/.local/lib/python3.7/site-packages/airflow/example_dags/example_latest_only.py took 0.230 seconds
[2025-07-28T22:48:14.036+0000] {processor.py:153} INFO - Started process (PID=446) to work on /home/airflow/.local/lib/python3.7/site-packages/airflow/example_dags/example_latest_only.py
[2025-07-28T22:48:14.038+0000] {processor.py:743} INFO - Processing file /home/airflow/.local/lib/python3.7/site-packages/airflow/example_dags/example_latest_only.py for tasks to queue
[2025-07-28T22:48:14.042+0000] {logging_mixin.py:137} INFO - [2025-07-28T22:48:14.042+0000] {dagbag.py:538} INFO - Filling up the DagBag from /home/airflow/.local/lib/python3.7/site-packages/airflow/example_dags/example_latest_only.py
[2025-07-28T22:48:14.077+0000] {processor.py:753} INFO - DAG(s) dict_keys(['latest_only']) retrieved from /home/airflow/.local/lib/python3.7/site-packages/airflow/example_dags/example_latest_only.py
[2025-07-28T22:48:14.141+0000] {logging_mixin.py:137} INFO - [2025-07-28T22:48:14.141+0000] {dag.py:2690} INFO - Sync 1 DAGs
[2025-07-28T22:48:14.242+0000] {logging_mixin.py:137} INFO - [2025-07-28T22:48:14.241+0000] {dag.py:3441} INFO - Setting next_dagrun for latest_only to 2025-07-28T18:48:14.241078+00:00, run_after=2025-07-28T22:48:14.241078+00:00
[2025-07-28T22:48:14.296+0000] {processor.py:175} INFO - Processing /home/airflow/.local/lib/python3.7/site-packages/airflow/example_dags/example_latest_only.py took 0.267 seconds
[2025-07-28T22:48:44.556+0000] {processor.py:153} INFO - Started process (PID=517) to work on /home/airflow/.local/lib/python3.7/site-packages/airflow/example_dags/example_latest_only.py
[2025-07-28T22:48:44.558+0000] {processor.py:743} INFO - Processing file /home/airflow/.local/lib/python3.7/site-packages/airflow/example_dags/example_latest_only.py for tasks to queue
[2025-07-28T22:48:44.561+0000] {logging_mixin.py:137} INFO - [2025-07-28T22:48:44.560+0000] {dagbag.py:538} INFO - Filling up the DagBag from /home/airflow/.local/lib/python3.7/site-packages/airflow/example_dags/example_latest_only.py
[2025-07-28T22:48:44.581+0000] {processor.py:753} INFO - DAG(s) dict_keys(['latest_only']) retrieved from /home/airflow/.local/lib/python3.7/site-packages/airflow/example_dags/example_latest_only.py
[2025-07-28T22:48:44.625+0000] {logging_mixin.py:137} INFO - [2025-07-28T22:48:44.625+0000] {dag.py:2690} INFO - Sync 1 DAGs
[2025-07-28T22:48:44.659+0000] {logging_mixin.py:137} INFO - [2025-07-28T22:48:44.659+0000] {dag.py:3441} INFO - Setting next_dagrun for latest_only to 2025-07-28T18:48:44.659479+00:00, run_after=2025-07-28T22:48:44.659479+00:00
[2025-07-28T22:48:44.690+0000] {processor.py:175} INFO - Processing /home/airflow/.local/lib/python3.7/site-packages/airflow/example_dags/example_latest_only.py took 0.141 seconds
[2025-07-28T22:49:15.102+0000] {processor.py:153} INFO - Started process (PID=588) to work on /home/airflow/.local/lib/python3.7/site-packages/airflow/example_dags/example_latest_only.py
[2025-07-28T22:49:15.107+0000] {processor.py:743} INFO - Processing file /home/airflow/.local/lib/python3.7/site-packages/airflow/example_dags/example_latest_only.py for tasks to queue
[2025-07-28T22:49:15.109+0000] {logging_mixin.py:137} INFO - [2025-07-28T22:49:15.109+0000] {dagbag.py:538} INFO - Filling up the DagBag from /home/airflow/.local/lib/python3.7/site-packages/airflow/example_dags/example_latest_only.py
[2025-07-28T22:49:15.143+0000] {processor.py:753} INFO - DAG(s) dict_keys(['latest_only']) retrieved from /home/airflow/.local/lib/python3.7/site-packages/airflow/example_dags/example_latest_only.py
[2025-07-28T22:49:15.220+0000] {logging_mixin.py:137} INFO - [2025-07-28T22:49:15.220+0000] {dag.py:2690} INFO - Sync 1 DAGs
[2025-07-28T22:49:15.298+0000] {logging_mixin.py:137} INFO - [2025-07-28T22:49:15.297+0000] {dag.py:3441} INFO - Setting next_dagrun for latest_only to 2025-07-28T18:49:15.297016+00:00, run_after=2025-07-28T22:49:15.297016+00:00
[2025-07-28T22:49:15.346+0000] {processor.py:175} INFO - Processing /home/airflow/.local/lib/python3.7/site-packages/airflow/example_dags/example_latest_only.py took 0.251 seconds
[2025-07-28T22:49:45.640+0000] {processor.py:153} INFO - Started process (PID=659) to work on /home/airflow/.local/lib/python3.7/site-packages/airflow/example_dags/example_latest_only.py
[2025-07-28T22:49:45.642+0000] {processor.py:743} INFO - Processing file /home/airflow/.local/lib/python3.7/site-packages/airflow/example_dags/example_latest_only.py for tasks to queue
[2025-07-28T22:49:45.643+0000] {logging_mixin.py:137} INFO - [2025-07-28T22:49:45.643+0000] {dagbag.py:538} INFO - Filling up the DagBag from /home/airflow/.local/lib/python3.7/site-packages/airflow/example_dags/example_latest_only.py
[2025-07-28T22:49:45.664+0000] {processor.py:753} INFO - DAG(s) dict_keys(['latest_only']) retrieved from /home/airflow/.local/lib/python3.7/site-packages/airflow/example_dags/example_latest_only.py
[2025-07-28T22:49:45.711+0000] {logging_mixin.py:137} INFO - [2025-07-28T22:49:45.711+0000] {dag.py:2690} INFO - Sync 1 DAGs
[2025-07-28T22:49:45.751+0000] {logging_mixin.py:137} INFO - [2025-07-28T22:49:45.750+0000] {dag.py:3441} INFO - Setting next_dagrun for latest_only to 2025-07-28T18:49:45.750543+00:00, run_after=2025-07-28T22:49:45.750543+00:00
[2025-07-28T22:49:45.787+0000] {processor.py:175} INFO - Processing /home/airflow/.local/lib/python3.7/site-packages/airflow/example_dags/example_latest_only.py took 0.154 seconds
[2025-07-28T22:50:16.321+0000] {processor.py:153} INFO - Started process (PID=746) to work on /home/airflow/.local/lib/python3.7/site-packages/airflow/example_dags/example_latest_only.py
[2025-07-28T22:50:16.323+0000] {processor.py:743} INFO - Processing file /home/airflow/.local/lib/python3.7/site-packages/airflow/example_dags/example_latest_only.py for tasks to queue
[2025-07-28T22:50:16.325+0000] {logging_mixin.py:137} INFO - [2025-07-28T22:50:16.324+0000] {dagbag.py:538} INFO - Filling up the DagBag from /home/airflow/.local/lib/python3.7/site-packages/airflow/example_dags/example_latest_only.py
[2025-07-28T22:50:16.351+0000] {processor.py:753} INFO - DAG(s) dict_keys(['latest_only']) retrieved from /home/airflow/.local/lib/python3.7/site-packages/airflow/example_dags/example_latest_only.py
[2025-07-28T22:50:16.396+0000] {logging_mixin.py:137} INFO - [2025-07-28T22:50:16.395+0000] {dag.py:2690} INFO - Sync 1 DAGs
[2025-07-28T22:50:16.450+0000] {logging_mixin.py:137} INFO - [2025-07-28T22:50:16.450+0000] {dag.py:3441} INFO - Setting next_dagrun for latest_only to 2025-07-28T18:50:16.450118+00:00, run_after=2025-07-28T22:50:16.450118+00:00
[2025-07-28T22:50:16.485+0000] {processor.py:175} INFO - Processing /home/airflow/.local/lib/python3.7/site-packages/airflow/example_dags/example_latest_only.py took 0.169 seconds
[2025-07-28T22:50:47.162+0000] {processor.py:153} INFO - Started process (PID=817) to work on /home/airflow/.local/lib/python3.7/site-packages/airflow/example_dags/example_latest_only.py
[2025-07-28T22:50:47.163+0000] {processor.py:743} INFO - Processing file /home/airflow/.local/lib/python3.7/site-packages/airflow/example_dags/example_latest_only.py for tasks to queue
[2025-07-28T22:50:47.164+0000] {logging_mixin.py:137} INFO - [2025-07-28T22:50:47.164+0000] {dagbag.py:538} INFO - Filling up the DagBag from /home/airflow/.local/lib/python3.7/site-packages/airflow/example_dags/example_latest_only.py
[2025-07-28T22:50:47.183+0000] {processor.py:753} INFO - DAG(s) dict_keys(['latest_only']) retrieved from /home/airflow/.local/lib/python3.7/site-packages/airflow/example_dags/example_latest_only.py
[2025-07-28T22:50:47.220+0000] {logging_mixin.py:137} INFO - [2025-07-28T22:50:47.220+0000] {dag.py:2690} INFO - Sync 1 DAGs
[2025-07-28T22:50:47.262+0000] {logging_mixin.py:137} INFO - [2025-07-28T22:50:47.262+0000] {dag.py:3441} INFO - Setting next_dagrun for latest_only to 2025-07-28T18:50:47.261984+00:00, run_after=2025-07-28T22:50:47.261984+00:00
[2025-07-28T22:50:47.299+0000] {processor.py:175} INFO - Processing /home/airflow/.local/lib/python3.7/site-packages/airflow/example_dags/example_latest_only.py took 0.141 seconds
[2025-07-28T22:51:18.154+0000] {processor.py:153} INFO - Started process (PID=888) to work on /home/airflow/.local/lib/python3.7/site-packages/airflow/example_dags/example_latest_only.py
[2025-07-28T22:51:18.157+0000] {processor.py:743} INFO - Processing file /home/airflow/.local/lib/python3.7/site-packages/airflow/example_dags/example_latest_only.py for tasks to queue
[2025-07-28T22:51:18.158+0000] {logging_mixin.py:137} INFO - [2025-07-28T22:51:18.158+0000] {dagbag.py:538} INFO - Filling up the DagBag from /home/airflow/.local/lib/python3.7/site-packages/airflow/example_dags/example_latest_only.py
[2025-07-28T22:51:18.177+0000] {processor.py:753} INFO - DAG(s) dict_keys(['latest_only']) retrieved from /home/airflow/.local/lib/python3.7/site-packages/airflow/example_dags/example_latest_only.py
[2025-07-28T22:51:18.212+0000] {logging_mixin.py:137} INFO - [2025-07-28T22:51:18.212+0000] {dag.py:2690} INFO - Sync 1 DAGs
[2025-07-28T22:51:18.247+0000] {logging_mixin.py:137} INFO - [2025-07-28T22:51:18.247+0000] {dag.py:3441} INFO - Setting next_dagrun for latest_only to 2025-07-28T18:51:18.246776+00:00, run_after=2025-07-28T22:51:18.246776+00:00
[2025-07-28T22:51:18.272+0000] {processor.py:175} INFO - Processing /home/airflow/.local/lib/python3.7/site-packages/airflow/example_dags/example_latest_only.py took 0.123 seconds
[2025-07-28T22:51:48.425+0000] {processor.py:153} INFO - Started process (PID=975) to work on /home/airflow/.local/lib/python3.7/site-packages/airflow/example_dags/example_latest_only.py
[2025-07-28T22:51:48.426+0000] {processor.py:743} INFO - Processing file /home/airflow/.local/lib/python3.7/site-packages/airflow/example_dags/example_latest_only.py for tasks to queue
[2025-07-28T22:51:48.427+0000] {logging_mixin.py:137} INFO - [2025-07-28T22:51:48.426+0000] {dagbag.py:538} INFO - Filling up the DagBag from /home/airflow/.local/lib/python3.7/site-packages/airflow/example_dags/example_latest_only.py
[2025-07-28T22:51:48.442+0000] {processor.py:753} INFO - DAG(s) dict_keys(['latest_only']) retrieved from /home/airflow/.local/lib/python3.7/site-packages/airflow/example_dags/example_latest_only.py
[2025-07-28T22:51:48.476+0000] {logging_mixin.py:137} INFO - [2025-07-28T22:51:48.476+0000] {dag.py:2690} INFO - Sync 1 DAGs
[2025-07-28T22:51:48.509+0000] {logging_mixin.py:137} INFO - [2025-07-28T22:51:48.508+0000] {dag.py:3441} INFO - Setting next_dagrun for latest_only to 2025-07-28T18:51:48.508699+00:00, run_after=2025-07-28T22:51:48.508699+00:00
[2025-07-28T22:51:48.541+0000] {processor.py:175} INFO - Processing /home/airflow/.local/lib/python3.7/site-packages/airflow/example_dags/example_latest_only.py took 0.121 seconds
[2025-07-28T22:52:19.133+0000] {processor.py:153} INFO - Started process (PID=1046) to work on /home/airflow/.local/lib/python3.7/site-packages/airflow/example_dags/example_latest_only.py
[2025-07-28T22:52:19.134+0000] {processor.py:743} INFO - Processing file /home/airflow/.local/lib/python3.7/site-packages/airflow/example_dags/example_latest_only.py for tasks to queue
[2025-07-28T22:52:19.135+0000] {logging_mixin.py:137} INFO - [2025-07-28T22:52:19.135+0000] {dagbag.py:538} INFO - Filling up the DagBag from /home/airflow/.local/lib/python3.7/site-packages/airflow/example_dags/example_latest_only.py
[2025-07-28T22:52:19.160+0000] {processor.py:753} INFO - DAG(s) dict_keys(['latest_only']) retrieved from /home/airflow/.local/lib/python3.7/site-packages/airflow/example_dags/example_latest_only.py
[2025-07-28T22:52:19.203+0000] {logging_mixin.py:137} INFO - [2025-07-28T22:52:19.202+0000] {dag.py:2690} INFO - Sync 1 DAGs
[2025-07-28T22:52:19.240+0000] {logging_mixin.py:137} INFO - [2025-07-28T22:52:19.239+0000] {dag.py:3441} INFO - Setting next_dagrun for latest_only to 2025-07-28T18:52:19.239417+00:00, run_after=2025-07-28T22:52:19.239417+00:00
[2025-07-28T22:52:19.277+0000] {processor.py:175} INFO - Processing /home/airflow/.local/lib/python3.7/site-packages/airflow/example_dags/example_latest_only.py took 0.150 seconds
[2025-07-28T22:52:49.931+0000] {processor.py:153} INFO - Started process (PID=1133) to work on /home/airflow/.local/lib/python3.7/site-packages/airflow/example_dags/example_latest_only.py
[2025-07-28T22:52:49.933+0000] {processor.py:743} INFO - Processing file /home/airflow/.local/lib/python3.7/site-packages/airflow/example_dags/example_latest_only.py for tasks to queue
[2025-07-28T22:52:49.934+0000] {logging_mixin.py:137} INFO - [2025-07-28T22:52:49.934+0000] {dagbag.py:538} INFO - Filling up the DagBag from /home/airflow/.local/lib/python3.7/site-packages/airflow/example_dags/example_latest_only.py
[2025-07-28T22:52:49.957+0000] {processor.py:753} INFO - DAG(s) dict_keys(['latest_only']) retrieved from /home/airflow/.local/lib/python3.7/site-packages/airflow/example_dags/example_latest_only.py
[2025-07-28T22:52:49.998+0000] {logging_mixin.py:137} INFO - [2025-07-28T22:52:49.998+0000] {dag.py:2690} INFO - Sync 1 DAGs
[2025-07-28T22:52:50.043+0000] {logging_mixin.py:137} INFO - [2025-07-28T22:52:50.043+0000] {dag.py:3441} INFO - Setting next_dagrun for latest_only to 2025-07-28T18:52:50.042650+00:00, run_after=2025-07-28T22:52:50.042650+00:00
[2025-07-28T22:52:50.078+0000] {processor.py:175} INFO - Processing /home/airflow/.local/lib/python3.7/site-packages/airflow/example_dags/example_latest_only.py took 0.154 seconds
[2025-07-28T22:53:20.398+0000] {processor.py:153} INFO - Started process (PID=1204) to work on /home/airflow/.local/lib/python3.7/site-packages/airflow/example_dags/example_latest_only.py
[2025-07-28T22:53:20.399+0000] {processor.py:743} INFO - Processing file /home/airflow/.local/lib/python3.7/site-packages/airflow/example_dags/example_latest_only.py for tasks to queue
[2025-07-28T22:53:20.400+0000] {logging_mixin.py:137} INFO - [2025-07-28T22:53:20.400+0000] {dagbag.py:538} INFO - Filling up the DagBag from /home/airflow/.local/lib/python3.7/site-packages/airflow/example_dags/example_latest_only.py
[2025-07-28T22:53:20.423+0000] {processor.py:753} INFO - DAG(s) dict_keys(['latest_only']) retrieved from /home/airflow/.local/lib/python3.7/site-packages/airflow/example_dags/example_latest_only.py
[2025-07-28T22:53:20.455+0000] {logging_mixin.py:137} INFO - [2025-07-28T22:53:20.455+0000] {dag.py:2690} INFO - Sync 1 DAGs
[2025-07-28T22:53:20.484+0000] {logging_mixin.py:137} INFO - [2025-07-28T22:53:20.484+0000] {dag.py:3441} INFO - Setting next_dagrun for latest_only to 2025-07-28T18:53:20.484145+00:00, run_after=2025-07-28T22:53:20.484145+00:00
[2025-07-28T22:53:20.522+0000] {processor.py:175} INFO - Processing /home/airflow/.local/lib/python3.7/site-packages/airflow/example_dags/example_latest_only.py took 0.130 seconds
[2025-07-28T22:53:52.086+0000] {processor.py:153} INFO - Started process (PID=1284) to work on /home/airflow/.local/lib/python3.7/site-packages/airflow/example_dags/example_latest_only.py
[2025-07-28T22:53:52.093+0000] {processor.py:743} INFO - Processing file /home/airflow/.local/lib/python3.7/site-packages/airflow/example_dags/example_latest_only.py for tasks to queue
[2025-07-28T22:53:52.102+0000] {logging_mixin.py:137} INFO - [2025-07-28T22:53:52.102+0000] {dagbag.py:538} INFO - Filling up the DagBag from /home/airflow/.local/lib/python3.7/site-packages/airflow/example_dags/example_latest_only.py
[2025-07-28T22:53:52.161+0000] {processor.py:753} INFO - DAG(s) dict_keys(['latest_only']) retrieved from /home/airflow/.local/lib/python3.7/site-packages/airflow/example_dags/example_latest_only.py
[2025-07-28T22:53:52.332+0000] {logging_mixin.py:137} INFO - [2025-07-28T22:53:52.331+0000] {dag.py:2690} INFO - Sync 1 DAGs
[2025-07-28T22:53:52.426+0000] {logging_mixin.py:137} INFO - [2025-07-28T22:53:52.425+0000] {dag.py:3441} INFO - Setting next_dagrun for latest_only to 2025-07-28T18:53:52.425444+00:00, run_after=2025-07-28T22:53:52.425444+00:00
[2025-07-28T22:53:52.485+0000] {processor.py:175} INFO - Processing /home/airflow/.local/lib/python3.7/site-packages/airflow/example_dags/example_latest_only.py took 0.416 seconds
[2025-07-28T22:54:23.993+0000] {processor.py:153} INFO - Started process (PID=1354) to work on /home/airflow/.local/lib/python3.7/site-packages/airflow/example_dags/example_latest_only.py
[2025-07-28T22:54:23.996+0000] {processor.py:743} INFO - Processing file /home/airflow/.local/lib/python3.7/site-packages/airflow/example_dags/example_latest_only.py for tasks to queue
[2025-07-28T22:54:23.998+0000] {logging_mixin.py:137} INFO - [2025-07-28T22:54:23.998+0000] {dagbag.py:538} INFO - Filling up the DagBag from /home/airflow/.local/lib/python3.7/site-packages/airflow/example_dags/example_latest_only.py
[2025-07-28T22:54:24.032+0000] {processor.py:753} INFO - DAG(s) dict_keys(['latest_only']) retrieved from /home/airflow/.local/lib/python3.7/site-packages/airflow/example_dags/example_latest_only.py
[2025-07-28T22:54:24.104+0000] {logging_mixin.py:137} INFO - [2025-07-28T22:54:24.103+0000] {dag.py:2690} INFO - Sync 1 DAGs
[2025-07-28T22:54:24.194+0000] {logging_mixin.py:137} INFO - [2025-07-28T22:54:24.194+0000] {dag.py:3441} INFO - Setting next_dagrun for latest_only to 2025-07-28T18:54:24.193495+00:00, run_after=2025-07-28T22:54:24.193495+00:00
[2025-07-28T22:54:24.314+0000] {processor.py:175} INFO - Processing /home/airflow/.local/lib/python3.7/site-packages/airflow/example_dags/example_latest_only.py took 0.333 seconds
[2025-07-28T22:54:54.945+0000] {processor.py:153} INFO - Started process (PID=1433) to work on /home/airflow/.local/lib/python3.7/site-packages/airflow/example_dags/example_latest_only.py
[2025-07-28T22:54:54.949+0000] {processor.py:743} INFO - Processing file /home/airflow/.local/lib/python3.7/site-packages/airflow/example_dags/example_latest_only.py for tasks to queue
[2025-07-28T22:54:54.951+0000] {logging_mixin.py:137} INFO - [2025-07-28T22:54:54.950+0000] {dagbag.py:538} INFO - Filling up the DagBag from /home/airflow/.local/lib/python3.7/site-packages/airflow/example_dags/example_latest_only.py
[2025-07-28T22:54:54.991+0000] {processor.py:753} INFO - DAG(s) dict_keys(['latest_only']) retrieved from /home/airflow/.local/lib/python3.7/site-packages/airflow/example_dags/example_latest_only.py
[2025-07-28T22:54:55.057+0000] {logging_mixin.py:137} INFO - [2025-07-28T22:54:55.056+0000] {dag.py:2690} INFO - Sync 1 DAGs
[2025-07-28T22:54:55.137+0000] {logging_mixin.py:137} INFO - [2025-07-28T22:54:55.137+0000] {dag.py:3441} INFO - Setting next_dagrun for latest_only to 2025-07-28T18:54:55.136523+00:00, run_after=2025-07-28T22:54:55.136523+00:00
[2025-07-28T22:54:55.211+0000] {processor.py:175} INFO - Processing /home/airflow/.local/lib/python3.7/site-packages/airflow/example_dags/example_latest_only.py took 0.277 seconds
[2025-07-28T22:55:25.945+0000] {processor.py:153} INFO - Started process (PID=1505) to work on /home/airflow/.local/lib/python3.7/site-packages/airflow/example_dags/example_latest_only.py
[2025-07-28T22:55:25.947+0000] {processor.py:743} INFO - Processing file /home/airflow/.local/lib/python3.7/site-packages/airflow/example_dags/example_latest_only.py for tasks to queue
[2025-07-28T22:55:25.948+0000] {logging_mixin.py:137} INFO - [2025-07-28T22:55:25.948+0000] {dagbag.py:538} INFO - Filling up the DagBag from /home/airflow/.local/lib/python3.7/site-packages/airflow/example_dags/example_latest_only.py
[2025-07-28T22:55:25.968+0000] {processor.py:753} INFO - DAG(s) dict_keys(['latest_only']) retrieved from /home/airflow/.local/lib/python3.7/site-packages/airflow/example_dags/example_latest_only.py
[2025-07-28T22:55:26.008+0000] {logging_mixin.py:137} INFO - [2025-07-28T22:55:26.007+0000] {dag.py:2690} INFO - Sync 1 DAGs
[2025-07-28T22:55:26.044+0000] {logging_mixin.py:137} INFO - [2025-07-28T22:55:26.044+0000] {dag.py:3441} INFO - Setting next_dagrun for latest_only to 2025-07-28T18:55:26.044411+00:00, run_after=2025-07-28T22:55:26.044411+00:00
[2025-07-28T22:55:26.076+0000] {processor.py:175} INFO - Processing /home/airflow/.local/lib/python3.7/site-packages/airflow/example_dags/example_latest_only.py took 0.135 seconds
[2025-07-28T22:55:56.237+0000] {processor.py:153} INFO - Started process (PID=1576) to work on /home/airflow/.local/lib/python3.7/site-packages/airflow/example_dags/example_latest_only.py
[2025-07-28T22:55:56.239+0000] {processor.py:743} INFO - Processing file /home/airflow/.local/lib/python3.7/site-packages/airflow/example_dags/example_latest_only.py for tasks to queue
[2025-07-28T22:55:56.240+0000] {logging_mixin.py:137} INFO - [2025-07-28T22:55:56.240+0000] {dagbag.py:538} INFO - Filling up the DagBag from /home/airflow/.local/lib/python3.7/site-packages/airflow/example_dags/example_latest_only.py
[2025-07-28T22:55:56.258+0000] {processor.py:753} INFO - DAG(s) dict_keys(['latest_only']) retrieved from /home/airflow/.local/lib/python3.7/site-packages/airflow/example_dags/example_latest_only.py
[2025-07-28T22:55:56.291+0000] {logging_mixin.py:137} INFO - [2025-07-28T22:55:56.290+0000] {dag.py:2690} INFO - Sync 1 DAGs
[2025-07-28T22:55:56.321+0000] {logging_mixin.py:137} INFO - [2025-07-28T22:55:56.320+0000] {dag.py:3441} INFO - Setting next_dagrun for latest_only to 2025-07-28T18:55:56.320592+00:00, run_after=2025-07-28T22:55:56.320592+00:00
[2025-07-28T22:55:56.350+0000] {processor.py:175} INFO - Processing /home/airflow/.local/lib/python3.7/site-packages/airflow/example_dags/example_latest_only.py took 0.117 seconds
[2025-07-28T22:56:26.571+0000] {processor.py:153} INFO - Started process (PID=1647) to work on /home/airflow/.local/lib/python3.7/site-packages/airflow/example_dags/example_latest_only.py
[2025-07-28T22:56:26.572+0000] {processor.py:743} INFO - Processing file /home/airflow/.local/lib/python3.7/site-packages/airflow/example_dags/example_latest_only.py for tasks to queue
[2025-07-28T22:56:26.573+0000] {logging_mixin.py:137} INFO - [2025-07-28T22:56:26.573+0000] {dagbag.py:538} INFO - Filling up the DagBag from /home/airflow/.local/lib/python3.7/site-packages/airflow/example_dags/example_latest_only.py
[2025-07-28T22:56:26.603+0000] {processor.py:753} INFO - DAG(s) dict_keys(['latest_only']) retrieved from /home/airflow/.local/lib/python3.7/site-packages/airflow/example_dags/example_latest_only.py
[2025-07-28T22:56:26.649+0000] {logging_mixin.py:137} INFO - [2025-07-28T22:56:26.649+0000] {dag.py:2690} INFO - Sync 1 DAGs
[2025-07-28T22:56:26.710+0000] {logging_mixin.py:137} INFO - [2025-07-28T22:56:26.709+0000] {dag.py:3441} INFO - Setting next_dagrun for latest_only to 2025-07-28T18:56:26.708302+00:00, run_after=2025-07-28T22:56:26.708302+00:00
[2025-07-28T22:56:26.739+0000] {processor.py:175} INFO - Processing /home/airflow/.local/lib/python3.7/site-packages/airflow/example_dags/example_latest_only.py took 0.172 seconds
[2025-07-28T22:56:57.075+0000] {processor.py:153} INFO - Started process (PID=1719) to work on /home/airflow/.local/lib/python3.7/site-packages/airflow/example_dags/example_latest_only.py
[2025-07-28T22:56:57.077+0000] {processor.py:743} INFO - Processing file /home/airflow/.local/lib/python3.7/site-packages/airflow/example_dags/example_latest_only.py for tasks to queue
[2025-07-28T22:56:57.078+0000] {logging_mixin.py:137} INFO - [2025-07-28T22:56:57.078+0000] {dagbag.py:538} INFO - Filling up the DagBag from /home/airflow/.local/lib/python3.7/site-packages/airflow/example_dags/example_latest_only.py
[2025-07-28T22:56:57.095+0000] {processor.py:753} INFO - DAG(s) dict_keys(['latest_only']) retrieved from /home/airflow/.local/lib/python3.7/site-packages/airflow/example_dags/example_latest_only.py
[2025-07-28T22:56:57.123+0000] {logging_mixin.py:137} INFO - [2025-07-28T22:56:57.123+0000] {dag.py:2690} INFO - Sync 1 DAGs
[2025-07-28T22:56:57.160+0000] {logging_mixin.py:137} INFO - [2025-07-28T22:56:57.160+0000] {dag.py:3441} INFO - Setting next_dagrun for latest_only to 2025-07-28T18:56:57.159887+00:00, run_after=2025-07-28T22:56:57.159887+00:00
[2025-07-28T22:56:57.184+0000] {processor.py:175} INFO - Processing /home/airflow/.local/lib/python3.7/site-packages/airflow/example_dags/example_latest_only.py took 0.113 seconds
[2025-07-28T22:57:28.150+0000] {processor.py:153} INFO - Started process (PID=1799) to work on /home/airflow/.local/lib/python3.7/site-packages/airflow/example_dags/example_latest_only.py
[2025-07-28T22:57:28.151+0000] {processor.py:743} INFO - Processing file /home/airflow/.local/lib/python3.7/site-packages/airflow/example_dags/example_latest_only.py for tasks to queue
[2025-07-28T22:57:28.153+0000] {logging_mixin.py:137} INFO - [2025-07-28T22:57:28.153+0000] {dagbag.py:538} INFO - Filling up the DagBag from /home/airflow/.local/lib/python3.7/site-packages/airflow/example_dags/example_latest_only.py
[2025-07-28T22:57:28.172+0000] {processor.py:753} INFO - DAG(s) dict_keys(['latest_only']) retrieved from /home/airflow/.local/lib/python3.7/site-packages/airflow/example_dags/example_latest_only.py
[2025-07-28T22:57:28.210+0000] {logging_mixin.py:137} INFO - [2025-07-28T22:57:28.209+0000] {dag.py:2690} INFO - Sync 1 DAGs
[2025-07-28T22:57:28.250+0000] {logging_mixin.py:137} INFO - [2025-07-28T22:57:28.250+0000] {dag.py:3441} INFO - Setting next_dagrun for latest_only to 2025-07-28T18:57:28.250159+00:00, run_after=2025-07-28T22:57:28.250159+00:00
[2025-07-28T22:57:28.284+0000] {processor.py:175} INFO - Processing /home/airflow/.local/lib/python3.7/site-packages/airflow/example_dags/example_latest_only.py took 0.139 seconds
[2025-07-28T22:57:58.559+0000] {processor.py:153} INFO - Started process (PID=1877) to work on /home/airflow/.local/lib/python3.7/site-packages/airflow/example_dags/example_latest_only.py
[2025-07-28T22:57:58.560+0000] {processor.py:743} INFO - Processing file /home/airflow/.local/lib/python3.7/site-packages/airflow/example_dags/example_latest_only.py for tasks to queue
[2025-07-28T22:57:58.562+0000] {logging_mixin.py:137} INFO - [2025-07-28T22:57:58.561+0000] {dagbag.py:538} INFO - Filling up the DagBag from /home/airflow/.local/lib/python3.7/site-packages/airflow/example_dags/example_latest_only.py
[2025-07-28T22:57:58.579+0000] {processor.py:753} INFO - DAG(s) dict_keys(['latest_only']) retrieved from /home/airflow/.local/lib/python3.7/site-packages/airflow/example_dags/example_latest_only.py
[2025-07-28T22:57:58.614+0000] {logging_mixin.py:137} INFO - [2025-07-28T22:57:58.614+0000] {dag.py:2690} INFO - Sync 1 DAGs
[2025-07-28T22:57:58.643+0000] {logging_mixin.py:137} INFO - [2025-07-28T22:57:58.642+0000] {dag.py:3441} INFO - Setting next_dagrun for latest_only to 2025-07-28T18:57:58.642759+00:00, run_after=2025-07-28T22:57:58.642759+00:00
[2025-07-28T22:57:58.669+0000] {processor.py:175} INFO - Processing /home/airflow/.local/lib/python3.7/site-packages/airflow/example_dags/example_latest_only.py took 0.115 seconds
[2025-07-28T22:58:29.176+0000] {processor.py:153} INFO - Started process (PID=1948) to work on /home/airflow/.local/lib/python3.7/site-packages/airflow/example_dags/example_latest_only.py
[2025-07-28T22:58:29.179+0000] {processor.py:743} INFO - Processing file /home/airflow/.local/lib/python3.7/site-packages/airflow/example_dags/example_latest_only.py for tasks to queue
[2025-07-28T22:58:29.182+0000] {logging_mixin.py:137} INFO - [2025-07-28T22:58:29.181+0000] {dagbag.py:538} INFO - Filling up the DagBag from /home/airflow/.local/lib/python3.7/site-packages/airflow/example_dags/example_latest_only.py
[2025-07-28T22:58:29.205+0000] {processor.py:753} INFO - DAG(s) dict_keys(['latest_only']) retrieved from /home/airflow/.local/lib/python3.7/site-packages/airflow/example_dags/example_latest_only.py
[2025-07-28T22:58:29.239+0000] {logging_mixin.py:137} INFO - [2025-07-28T22:58:29.238+0000] {dag.py:2690} INFO - Sync 1 DAGs
[2025-07-28T22:58:29.280+0000] {logging_mixin.py:137} INFO - [2025-07-28T22:58:29.280+0000] {dag.py:3441} INFO - Setting next_dagrun for latest_only to 2025-07-28T18:58:29.280099+00:00, run_after=2025-07-28T22:58:29.280099+00:00
[2025-07-28T22:58:29.307+0000] {processor.py:175} INFO - Processing /home/airflow/.local/lib/python3.7/site-packages/airflow/example_dags/example_latest_only.py took 0.138 seconds
[2025-07-28T22:58:59.652+0000] {processor.py:153} INFO - Started process (PID=2028) to work on /home/airflow/.local/lib/python3.7/site-packages/airflow/example_dags/example_latest_only.py
[2025-07-28T22:58:59.653+0000] {processor.py:743} INFO - Processing file /home/airflow/.local/lib/python3.7/site-packages/airflow/example_dags/example_latest_only.py for tasks to queue
[2025-07-28T22:58:59.655+0000] {logging_mixin.py:137} INFO - [2025-07-28T22:58:59.654+0000] {dagbag.py:538} INFO - Filling up the DagBag from /home/airflow/.local/lib/python3.7/site-packages/airflow/example_dags/example_latest_only.py
[2025-07-28T22:58:59.677+0000] {processor.py:753} INFO - DAG(s) dict_keys(['latest_only']) retrieved from /home/airflow/.local/lib/python3.7/site-packages/airflow/example_dags/example_latest_only.py
[2025-07-28T22:58:59.717+0000] {logging_mixin.py:137} INFO - [2025-07-28T22:58:59.717+0000] {dag.py:2690} INFO - Sync 1 DAGs
[2025-07-28T22:58:59.766+0000] {logging_mixin.py:137} INFO - [2025-07-28T22:58:59.766+0000] {dag.py:3441} INFO - Setting next_dagrun for latest_only to 2025-07-28T18:58:59.766036+00:00, run_after=2025-07-28T22:58:59.766036+00:00
[2025-07-28T22:58:59.801+0000] {processor.py:175} INFO - Processing /home/airflow/.local/lib/python3.7/site-packages/airflow/example_dags/example_latest_only.py took 0.155 seconds
[2025-07-28T22:59:30.506+0000] {processor.py:153} INFO - Started process (PID=2106) to work on /home/airflow/.local/lib/python3.7/site-packages/airflow/example_dags/example_latest_only.py
[2025-07-28T22:59:30.508+0000] {processor.py:743} INFO - Processing file /home/airflow/.local/lib/python3.7/site-packages/airflow/example_dags/example_latest_only.py for tasks to queue
[2025-07-28T22:59:30.510+0000] {logging_mixin.py:137} INFO - [2025-07-28T22:59:30.509+0000] {dagbag.py:538} INFO - Filling up the DagBag from /home/airflow/.local/lib/python3.7/site-packages/airflow/example_dags/example_latest_only.py
[2025-07-28T22:59:30.525+0000] {processor.py:753} INFO - DAG(s) dict_keys(['latest_only']) retrieved from /home/airflow/.local/lib/python3.7/site-packages/airflow/example_dags/example_latest_only.py
[2025-07-28T22:59:30.554+0000] {logging_mixin.py:137} INFO - [2025-07-28T22:59:30.554+0000] {dag.py:2690} INFO - Sync 1 DAGs
[2025-07-28T22:59:30.580+0000] {logging_mixin.py:137} INFO - [2025-07-28T22:59:30.580+0000] {dag.py:3441} INFO - Setting next_dagrun for latest_only to 2025-07-28T18:59:30.580291+00:00, run_after=2025-07-28T22:59:30.580291+00:00
[2025-07-28T22:59:30.604+0000] {processor.py:175} INFO - Processing /home/airflow/.local/lib/python3.7/site-packages/airflow/example_dags/example_latest_only.py took 0.104 seconds
[2025-07-28T23:00:01.774+0000] {processor.py:153} INFO - Started process (PID=2178) to work on /home/airflow/.local/lib/python3.7/site-packages/airflow/example_dags/example_latest_only.py
[2025-07-28T23:00:01.775+0000] {processor.py:743} INFO - Processing file /home/airflow/.local/lib/python3.7/site-packages/airflow/example_dags/example_latest_only.py for tasks to queue
[2025-07-28T23:00:01.776+0000] {logging_mixin.py:137} INFO - [2025-07-28T23:00:01.776+0000] {dagbag.py:538} INFO - Filling up the DagBag from /home/airflow/.local/lib/python3.7/site-packages/airflow/example_dags/example_latest_only.py
[2025-07-28T23:00:01.797+0000] {processor.py:753} INFO - DAG(s) dict_keys(['latest_only']) retrieved from /home/airflow/.local/lib/python3.7/site-packages/airflow/example_dags/example_latest_only.py
[2025-07-28T23:00:01.840+0000] {logging_mixin.py:137} INFO - [2025-07-28T23:00:01.840+0000] {dag.py:2690} INFO - Sync 1 DAGs
[2025-07-28T23:00:01.872+0000] {logging_mixin.py:137} INFO - [2025-07-28T23:00:01.872+0000] {dag.py:3441} INFO - Setting next_dagrun for latest_only to 2025-07-28T19:00:01.871955+00:00, run_after=2025-07-28T23:00:01.871955+00:00
[2025-07-28T23:00:01.896+0000] {processor.py:175} INFO - Processing /home/airflow/.local/lib/python3.7/site-packages/airflow/example_dags/example_latest_only.py took 0.127 seconds
[2025-07-28T23:00:32.668+0000] {processor.py:153} INFO - Started process (PID=2265) to work on /home/airflow/.local/lib/python3.7/site-packages/airflow/example_dags/example_latest_only.py
[2025-07-28T23:00:32.670+0000] {processor.py:743} INFO - Processing file /home/airflow/.local/lib/python3.7/site-packages/airflow/example_dags/example_latest_only.py for tasks to queue
[2025-07-28T23:00:32.671+0000] {logging_mixin.py:137} INFO - [2025-07-28T23:00:32.671+0000] {dagbag.py:538} INFO - Filling up the DagBag from /home/airflow/.local/lib/python3.7/site-packages/airflow/example_dags/example_latest_only.py
[2025-07-28T23:00:32.698+0000] {processor.py:753} INFO - DAG(s) dict_keys(['latest_only']) retrieved from /home/airflow/.local/lib/python3.7/site-packages/airflow/example_dags/example_latest_only.py
[2025-07-28T23:00:32.737+0000] {logging_mixin.py:137} INFO - [2025-07-28T23:00:32.737+0000] {dag.py:2690} INFO - Sync 1 DAGs
[2025-07-28T23:00:32.777+0000] {logging_mixin.py:137} INFO - [2025-07-28T23:00:32.777+0000] {dag.py:3441} INFO - Setting next_dagrun for latest_only to 2025-07-28T19:00:32.776880+00:00, run_after=2025-07-28T23:00:32.776880+00:00
[2025-07-28T23:00:32.805+0000] {processor.py:175} INFO - Processing /home/airflow/.local/lib/python3.7/site-packages/airflow/example_dags/example_latest_only.py took 0.146 seconds
[2025-07-28T23:01:04.449+0000] {processor.py:153} INFO - Started process (PID=2336) to work on /home/airflow/.local/lib/python3.7/site-packages/airflow/example_dags/example_latest_only.py
[2025-07-28T23:01:04.453+0000] {processor.py:743} INFO - Processing file /home/airflow/.local/lib/python3.7/site-packages/airflow/example_dags/example_latest_only.py for tasks to queue
[2025-07-28T23:01:04.460+0000] {logging_mixin.py:137} INFO - [2025-07-28T23:01:04.460+0000] {dagbag.py:538} INFO - Filling up the DagBag from /home/airflow/.local/lib/python3.7/site-packages/airflow/example_dags/example_latest_only.py
[2025-07-28T23:01:04.503+0000] {processor.py:753} INFO - DAG(s) dict_keys(['latest_only']) retrieved from /home/airflow/.local/lib/python3.7/site-packages/airflow/example_dags/example_latest_only.py
[2025-07-28T23:01:04.602+0000] {logging_mixin.py:137} INFO - [2025-07-28T23:01:04.602+0000] {dag.py:2690} INFO - Sync 1 DAGs
[2025-07-28T23:01:04.672+0000] {logging_mixin.py:137} INFO - [2025-07-28T23:01:04.671+0000] {dag.py:3441} INFO - Setting next_dagrun for latest_only to 2025-07-28T19:01:04.671609+00:00, run_after=2025-07-28T23:01:04.671609+00:00
[2025-07-28T23:01:04.708+0000] {processor.py:175} INFO - Processing /home/airflow/.local/lib/python3.7/site-packages/airflow/example_dags/example_latest_only.py took 0.266 seconds
[2025-07-28T23:01:34.958+0000] {processor.py:153} INFO - Started process (PID=2424) to work on /home/airflow/.local/lib/python3.7/site-packages/airflow/example_dags/example_latest_only.py
[2025-07-28T23:01:34.959+0000] {processor.py:743} INFO - Processing file /home/airflow/.local/lib/python3.7/site-packages/airflow/example_dags/example_latest_only.py for tasks to queue
[2025-07-28T23:01:34.960+0000] {logging_mixin.py:137} INFO - [2025-07-28T23:01:34.960+0000] {dagbag.py:538} INFO - Filling up the DagBag from /home/airflow/.local/lib/python3.7/site-packages/airflow/example_dags/example_latest_only.py
[2025-07-28T23:01:34.983+0000] {processor.py:753} INFO - DAG(s) dict_keys(['latest_only']) retrieved from /home/airflow/.local/lib/python3.7/site-packages/airflow/example_dags/example_latest_only.py
[2025-07-28T23:01:35.025+0000] {logging_mixin.py:137} INFO - [2025-07-28T23:01:35.025+0000] {dag.py:2690} INFO - Sync 1 DAGs
[2025-07-28T23:01:35.068+0000] {logging_mixin.py:137} INFO - [2025-07-28T23:01:35.068+0000] {dag.py:3441} INFO - Setting next_dagrun for latest_only to 2025-07-28T19:01:35.067996+00:00, run_after=2025-07-28T23:01:35.067996+00:00
[2025-07-28T23:01:35.102+0000] {processor.py:175} INFO - Processing /home/airflow/.local/lib/python3.7/site-packages/airflow/example_dags/example_latest_only.py took 0.151 seconds
[2025-07-28T23:02:05.413+0000] {processor.py:153} INFO - Started process (PID=2495) to work on /home/airflow/.local/lib/python3.7/site-packages/airflow/example_dags/example_latest_only.py
[2025-07-28T23:02:05.414+0000] {processor.py:743} INFO - Processing file /home/airflow/.local/lib/python3.7/site-packages/airflow/example_dags/example_latest_only.py for tasks to queue
[2025-07-28T23:02:05.416+0000] {logging_mixin.py:137} INFO - [2025-07-28T23:02:05.415+0000] {dagbag.py:538} INFO - Filling up the DagBag from /home/airflow/.local/lib/python3.7/site-packages/airflow/example_dags/example_latest_only.py
[2025-07-28T23:02:05.438+0000] {processor.py:753} INFO - DAG(s) dict_keys(['latest_only']) retrieved from /home/airflow/.local/lib/python3.7/site-packages/airflow/example_dags/example_latest_only.py
[2025-07-28T23:02:05.484+0000] {logging_mixin.py:137} INFO - [2025-07-28T23:02:05.483+0000] {dag.py:2690} INFO - Sync 1 DAGs
[2025-07-28T23:02:05.524+0000] {logging_mixin.py:137} INFO - [2025-07-28T23:02:05.524+0000] {dag.py:3441} INFO - Setting next_dagrun for latest_only to 2025-07-28T19:02:05.523625+00:00, run_after=2025-07-28T23:02:05.523625+00:00
[2025-07-28T23:02:05.558+0000] {processor.py:175} INFO - Processing /home/airflow/.local/lib/python3.7/site-packages/airflow/example_dags/example_latest_only.py took 0.151 seconds
[2025-07-28T23:02:35.896+0000] {processor.py:153} INFO - Started process (PID=2572) to work on /home/airflow/.local/lib/python3.7/site-packages/airflow/example_dags/example_latest_only.py
[2025-07-28T23:02:35.898+0000] {processor.py:743} INFO - Processing file /home/airflow/.local/lib/python3.7/site-packages/airflow/example_dags/example_latest_only.py for tasks to queue
[2025-07-28T23:02:35.900+0000] {logging_mixin.py:137} INFO - [2025-07-28T23:02:35.900+0000] {dagbag.py:538} INFO - Filling up the DagBag from /home/airflow/.local/lib/python3.7/site-packages/airflow/example_dags/example_latest_only.py
[2025-07-28T23:02:35.920+0000] {processor.py:753} INFO - DAG(s) dict_keys(['latest_only']) retrieved from /home/airflow/.local/lib/python3.7/site-packages/airflow/example_dags/example_latest_only.py
[2025-07-28T23:02:35.940+0000] {logging_mixin.py:137} INFO - [2025-07-28T23:02:35.939+0000] {dag.py:2690} INFO - Sync 1 DAGs
[2025-07-28T23:02:35.970+0000] {logging_mixin.py:137} INFO - [2025-07-28T23:02:35.970+0000] {dag.py:3441} INFO - Setting next_dagrun for latest_only to 2025-07-28T19:02:35.970019+00:00, run_after=2025-07-28T23:02:35.970019+00:00
[2025-07-28T23:02:35.993+0000] {processor.py:175} INFO - Processing /home/airflow/.local/lib/python3.7/site-packages/airflow/example_dags/example_latest_only.py took 0.101 seconds
[2025-07-28T23:03:06.683+0000] {processor.py:153} INFO - Started process (PID=2652) to work on /home/airflow/.local/lib/python3.7/site-packages/airflow/example_dags/example_latest_only.py
[2025-07-28T23:03:06.684+0000] {processor.py:743} INFO - Processing file /home/airflow/.local/lib/python3.7/site-packages/airflow/example_dags/example_latest_only.py for tasks to queue
[2025-07-28T23:03:06.685+0000] {logging_mixin.py:137} INFO - [2025-07-28T23:03:06.685+0000] {dagbag.py:538} INFO - Filling up the DagBag from /home/airflow/.local/lib/python3.7/site-packages/airflow/example_dags/example_latest_only.py
[2025-07-28T23:03:06.702+0000] {processor.py:753} INFO - DAG(s) dict_keys(['latest_only']) retrieved from /home/airflow/.local/lib/python3.7/site-packages/airflow/example_dags/example_latest_only.py
[2025-07-28T23:03:06.721+0000] {logging_mixin.py:137} INFO - [2025-07-28T23:03:06.721+0000] {dag.py:2690} INFO - Sync 1 DAGs
[2025-07-28T23:03:06.749+0000] {logging_mixin.py:137} INFO - [2025-07-28T23:03:06.749+0000] {dag.py:3441} INFO - Setting next_dagrun for latest_only to 2025-07-28T19:03:06.749302+00:00, run_after=2025-07-28T23:03:06.749302+00:00
[2025-07-28T23:03:06.777+0000] {processor.py:175} INFO - Processing /home/airflow/.local/lib/python3.7/site-packages/airflow/example_dags/example_latest_only.py took 0.102 seconds
[2025-07-28T23:03:37.108+0000] {processor.py:153} INFO - Started process (PID=2723) to work on /home/airflow/.local/lib/python3.7/site-packages/airflow/example_dags/example_latest_only.py
[2025-07-28T23:03:37.110+0000] {processor.py:743} INFO - Processing file /home/airflow/.local/lib/python3.7/site-packages/airflow/example_dags/example_latest_only.py for tasks to queue
[2025-07-28T23:03:37.111+0000] {logging_mixin.py:137} INFO - [2025-07-28T23:03:37.111+0000] {dagbag.py:538} INFO - Filling up the DagBag from /home/airflow/.local/lib/python3.7/site-packages/airflow/example_dags/example_latest_only.py
[2025-07-28T23:03:37.133+0000] {processor.py:753} INFO - DAG(s) dict_keys(['latest_only']) retrieved from /home/airflow/.local/lib/python3.7/site-packages/airflow/example_dags/example_latest_only.py
[2025-07-28T23:03:37.155+0000] {logging_mixin.py:137} INFO - [2025-07-28T23:03:37.154+0000] {dag.py:2690} INFO - Sync 1 DAGs
[2025-07-28T23:03:37.203+0000] {logging_mixin.py:137} INFO - [2025-07-28T23:03:37.203+0000] {dag.py:3441} INFO - Setting next_dagrun for latest_only to 2025-07-28T19:03:37.202735+00:00, run_after=2025-07-28T23:03:37.202735+00:00
[2025-07-28T23:03:37.234+0000] {processor.py:175} INFO - Processing /home/airflow/.local/lib/python3.7/site-packages/airflow/example_dags/example_latest_only.py took 0.134 seconds
[2025-07-28T23:04:08.039+0000] {processor.py:153} INFO - Started process (PID=2809) to work on /home/airflow/.local/lib/python3.7/site-packages/airflow/example_dags/example_latest_only.py
[2025-07-28T23:04:08.041+0000] {processor.py:743} INFO - Processing file /home/airflow/.local/lib/python3.7/site-packages/airflow/example_dags/example_latest_only.py for tasks to queue
[2025-07-28T23:04:08.043+0000] {logging_mixin.py:137} INFO - [2025-07-28T23:04:08.043+0000] {dagbag.py:538} INFO - Filling up the DagBag from /home/airflow/.local/lib/python3.7/site-packages/airflow/example_dags/example_latest_only.py
[2025-07-28T23:04:08.076+0000] {processor.py:753} INFO - DAG(s) dict_keys(['latest_only']) retrieved from /home/airflow/.local/lib/python3.7/site-packages/airflow/example_dags/example_latest_only.py
[2025-07-28T23:04:08.149+0000] {logging_mixin.py:137} INFO - [2025-07-28T23:04:08.149+0000] {dag.py:2690} INFO - Sync 1 DAGs
[2025-07-28T23:04:08.225+0000] {logging_mixin.py:137} INFO - [2025-07-28T23:04:08.224+0000] {dag.py:3441} INFO - Setting next_dagrun for latest_only to 2025-07-28T19:04:08.224238+00:00, run_after=2025-07-28T23:04:08.224238+00:00
[2025-07-28T23:04:08.270+0000] {processor.py:175} INFO - Processing /home/airflow/.local/lib/python3.7/site-packages/airflow/example_dags/example_latest_only.py took 0.240 seconds
[2025-07-28T23:04:38.733+0000] {processor.py:153} INFO - Started process (PID=2880) to work on /home/airflow/.local/lib/python3.7/site-packages/airflow/example_dags/example_latest_only.py
[2025-07-28T23:04:38.735+0000] {processor.py:743} INFO - Processing file /home/airflow/.local/lib/python3.7/site-packages/airflow/example_dags/example_latest_only.py for tasks to queue
[2025-07-28T23:04:38.736+0000] {logging_mixin.py:137} INFO - [2025-07-28T23:04:38.736+0000] {dagbag.py:538} INFO - Filling up the DagBag from /home/airflow/.local/lib/python3.7/site-packages/airflow/example_dags/example_latest_only.py
[2025-07-28T23:04:38.751+0000] {processor.py:753} INFO - DAG(s) dict_keys(['latest_only']) retrieved from /home/airflow/.local/lib/python3.7/site-packages/airflow/example_dags/example_latest_only.py
[2025-07-28T23:04:38.783+0000] {logging_mixin.py:137} INFO - [2025-07-28T23:04:38.783+0000] {dag.py:2690} INFO - Sync 1 DAGs
[2025-07-28T23:04:38.811+0000] {logging_mixin.py:137} INFO - [2025-07-28T23:04:38.811+0000] {dag.py:3441} INFO - Setting next_dagrun for latest_only to 2025-07-28T19:04:38.810767+00:00, run_after=2025-07-28T23:04:38.810767+00:00
[2025-07-28T23:04:38.840+0000] {processor.py:175} INFO - Processing /home/airflow/.local/lib/python3.7/site-packages/airflow/example_dags/example_latest_only.py took 0.111 seconds
[2025-07-28T23:05:09.137+0000] {processor.py:153} INFO - Started process (PID=2951) to work on /home/airflow/.local/lib/python3.7/site-packages/airflow/example_dags/example_latest_only.py
[2025-07-28T23:05:09.138+0000] {processor.py:743} INFO - Processing file /home/airflow/.local/lib/python3.7/site-packages/airflow/example_dags/example_latest_only.py for tasks to queue
[2025-07-28T23:05:09.139+0000] {logging_mixin.py:137} INFO - [2025-07-28T23:05:09.139+0000] {dagbag.py:538} INFO - Filling up the DagBag from /home/airflow/.local/lib/python3.7/site-packages/airflow/example_dags/example_latest_only.py
[2025-07-28T23:05:09.156+0000] {processor.py:753} INFO - DAG(s) dict_keys(['latest_only']) retrieved from /home/airflow/.local/lib/python3.7/site-packages/airflow/example_dags/example_latest_only.py
[2025-07-28T23:05:09.195+0000] {logging_mixin.py:137} INFO - [2025-07-28T23:05:09.195+0000] {dag.py:2690} INFO - Sync 1 DAGs
[2025-07-28T23:05:09.220+0000] {logging_mixin.py:137} INFO - [2025-07-28T23:05:09.220+0000] {dag.py:3441} INFO - Setting next_dagrun for latest_only to 2025-07-28T19:05:09.220395+00:00, run_after=2025-07-28T23:05:09.220395+00:00
[2025-07-28T23:05:09.241+0000] {processor.py:175} INFO - Processing /home/airflow/.local/lib/python3.7/site-packages/airflow/example_dags/example_latest_only.py took 0.108 seconds
[2025-07-28T23:05:40.148+0000] {processor.py:153} INFO - Started process (PID=3039) to work on /home/airflow/.local/lib/python3.7/site-packages/airflow/example_dags/example_latest_only.py
[2025-07-28T23:05:40.150+0000] {processor.py:743} INFO - Processing file /home/airflow/.local/lib/python3.7/site-packages/airflow/example_dags/example_latest_only.py for tasks to queue
[2025-07-28T23:05:40.151+0000] {logging_mixin.py:137} INFO - [2025-07-28T23:05:40.151+0000] {dagbag.py:538} INFO - Filling up the DagBag from /home/airflow/.local/lib/python3.7/site-packages/airflow/example_dags/example_latest_only.py
[2025-07-28T23:05:40.172+0000] {processor.py:753} INFO - DAG(s) dict_keys(['latest_only']) retrieved from /home/airflow/.local/lib/python3.7/site-packages/airflow/example_dags/example_latest_only.py
[2025-07-28T23:05:40.212+0000] {logging_mixin.py:137} INFO - [2025-07-28T23:05:40.212+0000] {dag.py:2690} INFO - Sync 1 DAGs
[2025-07-28T23:05:40.279+0000] {logging_mixin.py:137} INFO - [2025-07-28T23:05:40.278+0000] {dag.py:3441} INFO - Setting next_dagrun for latest_only to 2025-07-28T19:05:40.268263+00:00, run_after=2025-07-28T23:05:40.268263+00:00
[2025-07-28T23:05:40.316+0000] {processor.py:175} INFO - Processing /home/airflow/.local/lib/python3.7/site-packages/airflow/example_dags/example_latest_only.py took 0.174 seconds
[2025-07-28T23:06:10.666+0000] {processor.py:153} INFO - Started process (PID=3111) to work on /home/airflow/.local/lib/python3.7/site-packages/airflow/example_dags/example_latest_only.py
[2025-07-28T23:06:10.667+0000] {processor.py:743} INFO - Processing file /home/airflow/.local/lib/python3.7/site-packages/airflow/example_dags/example_latest_only.py for tasks to queue
[2025-07-28T23:06:10.668+0000] {logging_mixin.py:137} INFO - [2025-07-28T23:06:10.668+0000] {dagbag.py:538} INFO - Filling up the DagBag from /home/airflow/.local/lib/python3.7/site-packages/airflow/example_dags/example_latest_only.py
[2025-07-28T23:06:10.684+0000] {processor.py:753} INFO - DAG(s) dict_keys(['latest_only']) retrieved from /home/airflow/.local/lib/python3.7/site-packages/airflow/example_dags/example_latest_only.py
[2025-07-28T23:06:10.718+0000] {logging_mixin.py:137} INFO - [2025-07-28T23:06:10.717+0000] {dag.py:2690} INFO - Sync 1 DAGs
[2025-07-28T23:06:10.744+0000] {logging_mixin.py:137} INFO - [2025-07-28T23:06:10.744+0000] {dag.py:3441} INFO - Setting next_dagrun for latest_only to 2025-07-28T19:06:10.743952+00:00, run_after=2025-07-28T23:06:10.743952+00:00
[2025-07-28T23:06:10.767+0000] {processor.py:175} INFO - Processing /home/airflow/.local/lib/python3.7/site-packages/airflow/example_dags/example_latest_only.py took 0.104 seconds
[2025-07-28T23:06:40.952+0000] {processor.py:153} INFO - Started process (PID=3183) to work on /home/airflow/.local/lib/python3.7/site-packages/airflow/example_dags/example_latest_only.py
[2025-07-28T23:06:40.953+0000] {processor.py:743} INFO - Processing file /home/airflow/.local/lib/python3.7/site-packages/airflow/example_dags/example_latest_only.py for tasks to queue
[2025-07-28T23:06:40.955+0000] {logging_mixin.py:137} INFO - [2025-07-28T23:06:40.954+0000] {dagbag.py:538} INFO - Filling up the DagBag from /home/airflow/.local/lib/python3.7/site-packages/airflow/example_dags/example_latest_only.py
[2025-07-28T23:06:40.973+0000] {processor.py:753} INFO - DAG(s) dict_keys(['latest_only']) retrieved from /home/airflow/.local/lib/python3.7/site-packages/airflow/example_dags/example_latest_only.py
[2025-07-28T23:06:41.006+0000] {logging_mixin.py:137} INFO - [2025-07-28T23:06:41.005+0000] {dag.py:2690} INFO - Sync 1 DAGs
[2025-07-28T23:06:41.042+0000] {logging_mixin.py:137} INFO - [2025-07-28T23:06:41.042+0000] {dag.py:3441} INFO - Setting next_dagrun for latest_only to 2025-07-28T19:06:41.042273+00:00, run_after=2025-07-28T23:06:41.042273+00:00
[2025-07-28T23:06:41.074+0000] {processor.py:175} INFO - Processing /home/airflow/.local/lib/python3.7/site-packages/airflow/example_dags/example_latest_only.py took 0.126 seconds
