[2025-07-28T22:45:37.949+0000] {processor.py:153} INFO - Started process (PID=69) to work on /home/airflow/.local/lib/python3.7/site-packages/airflow/example_dags/example_branch_python_dop_operator_3.py
[2025-07-28T22:45:37.951+0000] {processor.py:743} INFO - Processing file /home/airflow/.local/lib/python3.7/site-packages/airflow/example_dags/example_branch_python_dop_operator_3.py for tasks to queue
[2025-07-28T22:45:37.957+0000] {logging_mixin.py:137} INFO - [2025-07-28T22:45:37.957+0000] {dagbag.py:538} INFO - Filling up the DagBag from /home/airflow/.local/lib/python3.7/site-packages/airflow/example_dags/example_branch_python_dop_operator_3.py
[2025-07-28T22:45:38.013+0000] {processor.py:753} INFO - DAG(s) dict_keys(['example_branch_dop_operator_v3']) retrieved from /home/airflow/.local/lib/python3.7/site-packages/airflow/example_dags/example_branch_python_dop_operator_3.py
[2025-07-28T22:45:38.271+0000] {logging_mixin.py:137} INFO - [2025-07-28T22:45:38.270+0000] {manager.py:504} INFO - Created Permission View: can delete on DAG:example_branch_dop_operator_v3
[2025-07-28T22:45:38.290+0000] {logging_mixin.py:137} INFO - [2025-07-28T22:45:38.290+0000] {manager.py:504} INFO - Created Permission View: can read on DAG:example_branch_dop_operator_v3
[2025-07-28T22:45:38.307+0000] {logging_mixin.py:137} INFO - [2025-07-28T22:45:38.306+0000] {manager.py:504} INFO - Created Permission View: can edit on DAG:example_branch_dop_operator_v3
[2025-07-28T22:45:38.308+0000] {logging_mixin.py:137} INFO - [2025-07-28T22:45:38.307+0000] {dag.py:2690} INFO - Sync 1 DAGs
[2025-07-28T22:45:38.345+0000] {logging_mixin.py:137} INFO - [2025-07-28T22:45:38.344+0000] {dag.py:2711} INFO - Creating ORM DAG for example_branch_dop_operator_v3
[2025-07-28T22:45:38.382+0000] {logging_mixin.py:137} INFO - [2025-07-28T22:45:38.382+0000] {dag.py:3441} INFO - Setting next_dagrun for example_branch_dop_operator_v3 to 2025-07-28T22:44:00+00:00, run_after=2025-07-28T22:45:00+00:00
[2025-07-28T22:45:38.426+0000] {processor.py:175} INFO - Processing /home/airflow/.local/lib/python3.7/site-packages/airflow/example_dags/example_branch_python_dop_operator_3.py took 0.485 seconds
[2025-07-28T22:46:08.882+0000] {processor.py:153} INFO - Started process (PID=140) to work on /home/airflow/.local/lib/python3.7/site-packages/airflow/example_dags/example_branch_python_dop_operator_3.py
[2025-07-28T22:46:08.886+0000] {processor.py:743} INFO - Processing file /home/airflow/.local/lib/python3.7/site-packages/airflow/example_dags/example_branch_python_dop_operator_3.py for tasks to queue
[2025-07-28T22:46:08.888+0000] {logging_mixin.py:137} INFO - [2025-07-28T22:46:08.887+0000] {dagbag.py:538} INFO - Filling up the DagBag from /home/airflow/.local/lib/python3.7/site-packages/airflow/example_dags/example_branch_python_dop_operator_3.py
[2025-07-28T22:46:08.983+0000] {processor.py:753} INFO - DAG(s) dict_keys(['example_branch_dop_operator_v3']) retrieved from /home/airflow/.local/lib/python3.7/site-packages/airflow/example_dags/example_branch_python_dop_operator_3.py
[2025-07-28T22:46:09.048+0000] {logging_mixin.py:137} INFO - [2025-07-28T22:46:09.048+0000] {dag.py:2690} INFO - Sync 1 DAGs
[2025-07-28T22:46:09.222+0000] {logging_mixin.py:137} INFO - [2025-07-28T22:46:09.222+0000] {dag.py:3441} INFO - Setting next_dagrun for example_branch_dop_operator_v3 to 2025-07-28T22:45:00+00:00, run_after=2025-07-28T22:46:00+00:00
[2025-07-28T22:46:09.319+0000] {processor.py:175} INFO - Processing /home/airflow/.local/lib/python3.7/site-packages/airflow/example_dags/example_branch_python_dop_operator_3.py took 0.456 seconds
[2025-07-28T22:46:39.705+0000] {processor.py:153} INFO - Started process (PID=210) to work on /home/airflow/.local/lib/python3.7/site-packages/airflow/example_dags/example_branch_python_dop_operator_3.py
[2025-07-28T22:46:39.707+0000] {processor.py:743} INFO - Processing file /home/airflow/.local/lib/python3.7/site-packages/airflow/example_dags/example_branch_python_dop_operator_3.py for tasks to queue
[2025-07-28T22:46:39.708+0000] {logging_mixin.py:137} INFO - [2025-07-28T22:46:39.708+0000] {dagbag.py:538} INFO - Filling up the DagBag from /home/airflow/.local/lib/python3.7/site-packages/airflow/example_dags/example_branch_python_dop_operator_3.py
[2025-07-28T22:46:39.755+0000] {processor.py:753} INFO - DAG(s) dict_keys(['example_branch_dop_operator_v3']) retrieved from /home/airflow/.local/lib/python3.7/site-packages/airflow/example_dags/example_branch_python_dop_operator_3.py
[2025-07-28T22:46:39.800+0000] {logging_mixin.py:137} INFO - [2025-07-28T22:46:39.800+0000] {dag.py:2690} INFO - Sync 1 DAGs
[2025-07-28T22:46:39.849+0000] {logging_mixin.py:137} INFO - [2025-07-28T22:46:39.849+0000] {dag.py:3441} INFO - Setting next_dagrun for example_branch_dop_operator_v3 to 2025-07-28T22:45:00+00:00, run_after=2025-07-28T22:46:00+00:00
[2025-07-28T22:46:39.881+0000] {processor.py:175} INFO - Processing /home/airflow/.local/lib/python3.7/site-packages/airflow/example_dags/example_branch_python_dop_operator_3.py took 0.184 seconds
[2025-07-28T22:47:10.128+0000] {processor.py:153} INFO - Started process (PID=281) to work on /home/airflow/.local/lib/python3.7/site-packages/airflow/example_dags/example_branch_python_dop_operator_3.py
[2025-07-28T22:47:10.130+0000] {processor.py:743} INFO - Processing file /home/airflow/.local/lib/python3.7/site-packages/airflow/example_dags/example_branch_python_dop_operator_3.py for tasks to queue
[2025-07-28T22:47:10.131+0000] {logging_mixin.py:137} INFO - [2025-07-28T22:47:10.131+0000] {dagbag.py:538} INFO - Filling up the DagBag from /home/airflow/.local/lib/python3.7/site-packages/airflow/example_dags/example_branch_python_dop_operator_3.py
[2025-07-28T22:47:10.166+0000] {processor.py:753} INFO - DAG(s) dict_keys(['example_branch_dop_operator_v3']) retrieved from /home/airflow/.local/lib/python3.7/site-packages/airflow/example_dags/example_branch_python_dop_operator_3.py
[2025-07-28T22:47:10.203+0000] {logging_mixin.py:137} INFO - [2025-07-28T22:47:10.203+0000] {dag.py:2690} INFO - Sync 1 DAGs
[2025-07-28T22:47:10.246+0000] {logging_mixin.py:137} INFO - [2025-07-28T22:47:10.246+0000] {dag.py:3441} INFO - Setting next_dagrun for example_branch_dop_operator_v3 to 2025-07-28T22:46:00+00:00, run_after=2025-07-28T22:47:00+00:00
[2025-07-28T22:47:10.271+0000] {processor.py:175} INFO - Processing /home/airflow/.local/lib/python3.7/site-packages/airflow/example_dags/example_branch_python_dop_operator_3.py took 0.147 seconds
[2025-07-28T22:47:40.475+0000] {processor.py:153} INFO - Started process (PID=352) to work on /home/airflow/.local/lib/python3.7/site-packages/airflow/example_dags/example_branch_python_dop_operator_3.py
[2025-07-28T22:47:40.478+0000] {processor.py:743} INFO - Processing file /home/airflow/.local/lib/python3.7/site-packages/airflow/example_dags/example_branch_python_dop_operator_3.py for tasks to queue
[2025-07-28T22:47:40.481+0000] {logging_mixin.py:137} INFO - [2025-07-28T22:47:40.481+0000] {dagbag.py:538} INFO - Filling up the DagBag from /home/airflow/.local/lib/python3.7/site-packages/airflow/example_dags/example_branch_python_dop_operator_3.py
[2025-07-28T22:47:40.526+0000] {processor.py:753} INFO - DAG(s) dict_keys(['example_branch_dop_operator_v3']) retrieved from /home/airflow/.local/lib/python3.7/site-packages/airflow/example_dags/example_branch_python_dop_operator_3.py
[2025-07-28T22:47:40.609+0000] {logging_mixin.py:137} INFO - [2025-07-28T22:47:40.609+0000] {dag.py:2690} INFO - Sync 1 DAGs
[2025-07-28T22:47:40.730+0000] {logging_mixin.py:137} INFO - [2025-07-28T22:47:40.729+0000] {dag.py:3441} INFO - Setting next_dagrun for example_branch_dop_operator_v3 to 2025-07-28T22:46:00+00:00, run_after=2025-07-28T22:47:00+00:00
[2025-07-28T22:47:40.795+0000] {processor.py:175} INFO - Processing /home/airflow/.local/lib/python3.7/site-packages/airflow/example_dags/example_branch_python_dop_operator_3.py took 0.326 seconds
[2025-07-28T22:48:11.340+0000] {processor.py:153} INFO - Started process (PID=431) to work on /home/airflow/.local/lib/python3.7/site-packages/airflow/example_dags/example_branch_python_dop_operator_3.py
[2025-07-28T22:48:11.347+0000] {processor.py:743} INFO - Processing file /home/airflow/.local/lib/python3.7/site-packages/airflow/example_dags/example_branch_python_dop_operator_3.py for tasks to queue
[2025-07-28T22:48:11.348+0000] {logging_mixin.py:137} INFO - [2025-07-28T22:48:11.348+0000] {dagbag.py:538} INFO - Filling up the DagBag from /home/airflow/.local/lib/python3.7/site-packages/airflow/example_dags/example_branch_python_dop_operator_3.py
[2025-07-28T22:48:11.437+0000] {processor.py:753} INFO - DAG(s) dict_keys(['example_branch_dop_operator_v3']) retrieved from /home/airflow/.local/lib/python3.7/site-packages/airflow/example_dags/example_branch_python_dop_operator_3.py
[2025-07-28T22:48:11.522+0000] {logging_mixin.py:137} INFO - [2025-07-28T22:48:11.521+0000] {dag.py:2690} INFO - Sync 1 DAGs
[2025-07-28T22:48:11.590+0000] {logging_mixin.py:137} INFO - [2025-07-28T22:48:11.589+0000] {dag.py:3441} INFO - Setting next_dagrun for example_branch_dop_operator_v3 to 2025-07-28T22:47:00+00:00, run_after=2025-07-28T22:48:00+00:00
[2025-07-28T22:48:11.641+0000] {processor.py:175} INFO - Processing /home/airflow/.local/lib/python3.7/site-packages/airflow/example_dags/example_branch_python_dop_operator_3.py took 0.311 seconds
[2025-07-28T22:48:42.124+0000] {processor.py:153} INFO - Started process (PID=509) to work on /home/airflow/.local/lib/python3.7/site-packages/airflow/example_dags/example_branch_python_dop_operator_3.py
[2025-07-28T22:48:42.141+0000] {processor.py:743} INFO - Processing file /home/airflow/.local/lib/python3.7/site-packages/airflow/example_dags/example_branch_python_dop_operator_3.py for tasks to queue
[2025-07-28T22:48:42.168+0000] {logging_mixin.py:137} INFO - [2025-07-28T22:48:42.167+0000] {dagbag.py:538} INFO - Filling up the DagBag from /home/airflow/.local/lib/python3.7/site-packages/airflow/example_dags/example_branch_python_dop_operator_3.py
[2025-07-28T22:48:42.261+0000] {processor.py:753} INFO - DAG(s) dict_keys(['example_branch_dop_operator_v3']) retrieved from /home/airflow/.local/lib/python3.7/site-packages/airflow/example_dags/example_branch_python_dop_operator_3.py
[2025-07-28T22:48:42.375+0000] {logging_mixin.py:137} INFO - [2025-07-28T22:48:42.374+0000] {dag.py:2690} INFO - Sync 1 DAGs
[2025-07-28T22:48:42.474+0000] {logging_mixin.py:137} INFO - [2025-07-28T22:48:42.474+0000] {dag.py:3441} INFO - Setting next_dagrun for example_branch_dop_operator_v3 to 2025-07-28T22:47:00+00:00, run_after=2025-07-28T22:48:00+00:00
[2025-07-28T22:48:42.507+0000] {processor.py:175} INFO - Processing /home/airflow/.local/lib/python3.7/site-packages/airflow/example_dags/example_branch_python_dop_operator_3.py took 0.404 seconds
[2025-07-28T22:49:13.461+0000] {processor.py:153} INFO - Started process (PID=580) to work on /home/airflow/.local/lib/python3.7/site-packages/airflow/example_dags/example_branch_python_dop_operator_3.py
[2025-07-28T22:49:13.462+0000] {processor.py:743} INFO - Processing file /home/airflow/.local/lib/python3.7/site-packages/airflow/example_dags/example_branch_python_dop_operator_3.py for tasks to queue
[2025-07-28T22:49:13.464+0000] {logging_mixin.py:137} INFO - [2025-07-28T22:49:13.464+0000] {dagbag.py:538} INFO - Filling up the DagBag from /home/airflow/.local/lib/python3.7/site-packages/airflow/example_dags/example_branch_python_dop_operator_3.py
[2025-07-28T22:49:13.580+0000] {processor.py:753} INFO - DAG(s) dict_keys(['example_branch_dop_operator_v3']) retrieved from /home/airflow/.local/lib/python3.7/site-packages/airflow/example_dags/example_branch_python_dop_operator_3.py
[2025-07-28T22:49:13.677+0000] {logging_mixin.py:137} INFO - [2025-07-28T22:49:13.677+0000] {dag.py:2690} INFO - Sync 1 DAGs
[2025-07-28T22:49:13.745+0000] {logging_mixin.py:137} INFO - [2025-07-28T22:49:13.745+0000] {dag.py:3441} INFO - Setting next_dagrun for example_branch_dop_operator_v3 to 2025-07-28T22:48:00+00:00, run_after=2025-07-28T22:49:00+00:00
[2025-07-28T22:49:13.793+0000] {processor.py:175} INFO - Processing /home/airflow/.local/lib/python3.7/site-packages/airflow/example_dags/example_branch_python_dop_operator_3.py took 0.340 seconds
[2025-07-28T22:49:44.713+0000] {processor.py:153} INFO - Started process (PID=651) to work on /home/airflow/.local/lib/python3.7/site-packages/airflow/example_dags/example_branch_python_dop_operator_3.py
[2025-07-28T22:49:44.715+0000] {processor.py:743} INFO - Processing file /home/airflow/.local/lib/python3.7/site-packages/airflow/example_dags/example_branch_python_dop_operator_3.py for tasks to queue
[2025-07-28T22:49:44.716+0000] {logging_mixin.py:137} INFO - [2025-07-28T22:49:44.716+0000] {dagbag.py:538} INFO - Filling up the DagBag from /home/airflow/.local/lib/python3.7/site-packages/airflow/example_dags/example_branch_python_dop_operator_3.py
[2025-07-28T22:49:44.766+0000] {processor.py:753} INFO - DAG(s) dict_keys(['example_branch_dop_operator_v3']) retrieved from /home/airflow/.local/lib/python3.7/site-packages/airflow/example_dags/example_branch_python_dop_operator_3.py
[2025-07-28T22:49:44.826+0000] {logging_mixin.py:137} INFO - [2025-07-28T22:49:44.826+0000] {dag.py:2690} INFO - Sync 1 DAGs
[2025-07-28T22:49:44.924+0000] {logging_mixin.py:137} INFO - [2025-07-28T22:49:44.924+0000] {dag.py:3441} INFO - Setting next_dagrun for example_branch_dop_operator_v3 to 2025-07-28T22:48:00+00:00, run_after=2025-07-28T22:49:00+00:00
[2025-07-28T22:49:44.954+0000] {processor.py:175} INFO - Processing /home/airflow/.local/lib/python3.7/site-packages/airflow/example_dags/example_branch_python_dop_operator_3.py took 0.246 seconds
[2025-07-28T22:50:15.058+0000] {processor.py:153} INFO - Started process (PID=731) to work on /home/airflow/.local/lib/python3.7/site-packages/airflow/example_dags/example_branch_python_dop_operator_3.py
[2025-07-28T22:50:15.061+0000] {processor.py:743} INFO - Processing file /home/airflow/.local/lib/python3.7/site-packages/airflow/example_dags/example_branch_python_dop_operator_3.py for tasks to queue
[2025-07-28T22:50:15.062+0000] {logging_mixin.py:137} INFO - [2025-07-28T22:50:15.062+0000] {dagbag.py:538} INFO - Filling up the DagBag from /home/airflow/.local/lib/python3.7/site-packages/airflow/example_dags/example_branch_python_dop_operator_3.py
[2025-07-28T22:50:15.120+0000] {processor.py:753} INFO - DAG(s) dict_keys(['example_branch_dop_operator_v3']) retrieved from /home/airflow/.local/lib/python3.7/site-packages/airflow/example_dags/example_branch_python_dop_operator_3.py
[2025-07-28T22:50:15.176+0000] {logging_mixin.py:137} INFO - [2025-07-28T22:50:15.175+0000] {dag.py:2690} INFO - Sync 1 DAGs
[2025-07-28T22:50:15.230+0000] {logging_mixin.py:137} INFO - [2025-07-28T22:50:15.229+0000] {dag.py:3441} INFO - Setting next_dagrun for example_branch_dop_operator_v3 to 2025-07-28T22:49:00+00:00, run_after=2025-07-28T22:50:00+00:00
[2025-07-28T22:50:15.271+0000] {processor.py:175} INFO - Processing /home/airflow/.local/lib/python3.7/site-packages/airflow/example_dags/example_branch_python_dop_operator_3.py took 0.220 seconds
[2025-07-28T22:50:45.418+0000] {processor.py:153} INFO - Started process (PID=809) to work on /home/airflow/.local/lib/python3.7/site-packages/airflow/example_dags/example_branch_python_dop_operator_3.py
[2025-07-28T22:50:45.419+0000] {processor.py:743} INFO - Processing file /home/airflow/.local/lib/python3.7/site-packages/airflow/example_dags/example_branch_python_dop_operator_3.py for tasks to queue
[2025-07-28T22:50:45.422+0000] {logging_mixin.py:137} INFO - [2025-07-28T22:50:45.421+0000] {dagbag.py:538} INFO - Filling up the DagBag from /home/airflow/.local/lib/python3.7/site-packages/airflow/example_dags/example_branch_python_dop_operator_3.py
[2025-07-28T22:50:45.450+0000] {processor.py:753} INFO - DAG(s) dict_keys(['example_branch_dop_operator_v3']) retrieved from /home/airflow/.local/lib/python3.7/site-packages/airflow/example_dags/example_branch_python_dop_operator_3.py
[2025-07-28T22:50:45.485+0000] {logging_mixin.py:137} INFO - [2025-07-28T22:50:45.485+0000] {dag.py:2690} INFO - Sync 1 DAGs
[2025-07-28T22:50:45.526+0000] {logging_mixin.py:137} INFO - [2025-07-28T22:50:45.526+0000] {dag.py:3441} INFO - Setting next_dagrun for example_branch_dop_operator_v3 to 2025-07-28T22:49:00+00:00, run_after=2025-07-28T22:50:00+00:00
[2025-07-28T22:50:45.566+0000] {processor.py:175} INFO - Processing /home/airflow/.local/lib/python3.7/site-packages/airflow/example_dags/example_branch_python_dop_operator_3.py took 0.151 seconds
[2025-07-28T22:51:16.286+0000] {processor.py:153} INFO - Started process (PID=880) to work on /home/airflow/.local/lib/python3.7/site-packages/airflow/example_dags/example_branch_python_dop_operator_3.py
[2025-07-28T22:51:16.287+0000] {processor.py:743} INFO - Processing file /home/airflow/.local/lib/python3.7/site-packages/airflow/example_dags/example_branch_python_dop_operator_3.py for tasks to queue
[2025-07-28T22:51:16.288+0000] {logging_mixin.py:137} INFO - [2025-07-28T22:51:16.288+0000] {dagbag.py:538} INFO - Filling up the DagBag from /home/airflow/.local/lib/python3.7/site-packages/airflow/example_dags/example_branch_python_dop_operator_3.py
[2025-07-28T22:51:16.314+0000] {processor.py:753} INFO - DAG(s) dict_keys(['example_branch_dop_operator_v3']) retrieved from /home/airflow/.local/lib/python3.7/site-packages/airflow/example_dags/example_branch_python_dop_operator_3.py
[2025-07-28T22:51:16.345+0000] {logging_mixin.py:137} INFO - [2025-07-28T22:51:16.345+0000] {dag.py:2690} INFO - Sync 1 DAGs
[2025-07-28T22:51:16.376+0000] {logging_mixin.py:137} INFO - [2025-07-28T22:51:16.376+0000] {dag.py:3441} INFO - Setting next_dagrun for example_branch_dop_operator_v3 to 2025-07-28T22:50:00+00:00, run_after=2025-07-28T22:51:00+00:00
[2025-07-28T22:51:16.401+0000] {processor.py:175} INFO - Processing /home/airflow/.local/lib/python3.7/site-packages/airflow/example_dags/example_branch_python_dop_operator_3.py took 0.118 seconds
[2025-07-28T22:51:46.532+0000] {processor.py:153} INFO - Started process (PID=967) to work on /home/airflow/.local/lib/python3.7/site-packages/airflow/example_dags/example_branch_python_dop_operator_3.py
[2025-07-28T22:51:46.534+0000] {processor.py:743} INFO - Processing file /home/airflow/.local/lib/python3.7/site-packages/airflow/example_dags/example_branch_python_dop_operator_3.py for tasks to queue
[2025-07-28T22:51:46.535+0000] {logging_mixin.py:137} INFO - [2025-07-28T22:51:46.535+0000] {dagbag.py:538} INFO - Filling up the DagBag from /home/airflow/.local/lib/python3.7/site-packages/airflow/example_dags/example_branch_python_dop_operator_3.py
[2025-07-28T22:51:46.578+0000] {processor.py:753} INFO - DAG(s) dict_keys(['example_branch_dop_operator_v3']) retrieved from /home/airflow/.local/lib/python3.7/site-packages/airflow/example_dags/example_branch_python_dop_operator_3.py
[2025-07-28T22:51:46.619+0000] {logging_mixin.py:137} INFO - [2025-07-28T22:51:46.619+0000] {dag.py:2690} INFO - Sync 1 DAGs
[2025-07-28T22:51:46.658+0000] {logging_mixin.py:137} INFO - [2025-07-28T22:51:46.658+0000] {dag.py:3441} INFO - Setting next_dagrun for example_branch_dop_operator_v3 to 2025-07-28T22:50:00+00:00, run_after=2025-07-28T22:51:00+00:00
[2025-07-28T22:51:46.684+0000] {processor.py:175} INFO - Processing /home/airflow/.local/lib/python3.7/site-packages/airflow/example_dags/example_branch_python_dop_operator_3.py took 0.156 seconds
[2025-07-28T22:52:17.173+0000] {processor.py:153} INFO - Started process (PID=1038) to work on /home/airflow/.local/lib/python3.7/site-packages/airflow/example_dags/example_branch_python_dop_operator_3.py
[2025-07-28T22:52:17.177+0000] {processor.py:743} INFO - Processing file /home/airflow/.local/lib/python3.7/site-packages/airflow/example_dags/example_branch_python_dop_operator_3.py for tasks to queue
[2025-07-28T22:52:17.179+0000] {logging_mixin.py:137} INFO - [2025-07-28T22:52:17.179+0000] {dagbag.py:538} INFO - Filling up the DagBag from /home/airflow/.local/lib/python3.7/site-packages/airflow/example_dags/example_branch_python_dop_operator_3.py
[2025-07-28T22:52:17.219+0000] {processor.py:753} INFO - DAG(s) dict_keys(['example_branch_dop_operator_v3']) retrieved from /home/airflow/.local/lib/python3.7/site-packages/airflow/example_dags/example_branch_python_dop_operator_3.py
[2025-07-28T22:52:17.264+0000] {logging_mixin.py:137} INFO - [2025-07-28T22:52:17.264+0000] {dag.py:2690} INFO - Sync 1 DAGs
[2025-07-28T22:52:17.305+0000] {logging_mixin.py:137} INFO - [2025-07-28T22:52:17.305+0000] {dag.py:3441} INFO - Setting next_dagrun for example_branch_dop_operator_v3 to 2025-07-28T22:51:00+00:00, run_after=2025-07-28T22:52:00+00:00
[2025-07-28T22:52:17.337+0000] {processor.py:175} INFO - Processing /home/airflow/.local/lib/python3.7/site-packages/airflow/example_dags/example_branch_python_dop_operator_3.py took 0.171 seconds
[2025-07-28T22:52:48.130+0000] {processor.py:153} INFO - Started process (PID=1125) to work on /home/airflow/.local/lib/python3.7/site-packages/airflow/example_dags/example_branch_python_dop_operator_3.py
[2025-07-28T22:52:48.131+0000] {processor.py:743} INFO - Processing file /home/airflow/.local/lib/python3.7/site-packages/airflow/example_dags/example_branch_python_dop_operator_3.py for tasks to queue
[2025-07-28T22:52:48.132+0000] {logging_mixin.py:137} INFO - [2025-07-28T22:52:48.132+0000] {dagbag.py:538} INFO - Filling up the DagBag from /home/airflow/.local/lib/python3.7/site-packages/airflow/example_dags/example_branch_python_dop_operator_3.py
[2025-07-28T22:52:48.174+0000] {processor.py:753} INFO - DAG(s) dict_keys(['example_branch_dop_operator_v3']) retrieved from /home/airflow/.local/lib/python3.7/site-packages/airflow/example_dags/example_branch_python_dop_operator_3.py
[2025-07-28T22:52:48.214+0000] {logging_mixin.py:137} INFO - [2025-07-28T22:52:48.213+0000] {dag.py:2690} INFO - Sync 1 DAGs
[2025-07-28T22:52:48.257+0000] {logging_mixin.py:137} INFO - [2025-07-28T22:52:48.257+0000] {dag.py:3441} INFO - Setting next_dagrun for example_branch_dop_operator_v3 to 2025-07-28T22:51:00+00:00, run_after=2025-07-28T22:52:00+00:00
[2025-07-28T22:52:48.285+0000] {processor.py:175} INFO - Processing /home/airflow/.local/lib/python3.7/site-packages/airflow/example_dags/example_branch_python_dop_operator_3.py took 0.160 seconds
[2025-07-28T22:53:18.690+0000] {processor.py:153} INFO - Started process (PID=1196) to work on /home/airflow/.local/lib/python3.7/site-packages/airflow/example_dags/example_branch_python_dop_operator_3.py
[2025-07-28T22:53:18.691+0000] {processor.py:743} INFO - Processing file /home/airflow/.local/lib/python3.7/site-packages/airflow/example_dags/example_branch_python_dop_operator_3.py for tasks to queue
[2025-07-28T22:53:18.692+0000] {logging_mixin.py:137} INFO - [2025-07-28T22:53:18.692+0000] {dagbag.py:538} INFO - Filling up the DagBag from /home/airflow/.local/lib/python3.7/site-packages/airflow/example_dags/example_branch_python_dop_operator_3.py
[2025-07-28T22:53:18.722+0000] {processor.py:753} INFO - DAG(s) dict_keys(['example_branch_dop_operator_v3']) retrieved from /home/airflow/.local/lib/python3.7/site-packages/airflow/example_dags/example_branch_python_dop_operator_3.py
[2025-07-28T22:53:18.751+0000] {logging_mixin.py:137} INFO - [2025-07-28T22:53:18.751+0000] {dag.py:2690} INFO - Sync 1 DAGs
[2025-07-28T22:53:18.783+0000] {logging_mixin.py:137} INFO - [2025-07-28T22:53:18.783+0000] {dag.py:3441} INFO - Setting next_dagrun for example_branch_dop_operator_v3 to 2025-07-28T22:52:00+00:00, run_after=2025-07-28T22:53:00+00:00
[2025-07-28T22:53:18.811+0000] {processor.py:175} INFO - Processing /home/airflow/.local/lib/python3.7/site-packages/airflow/example_dags/example_branch_python_dop_operator_3.py took 0.126 seconds
[2025-07-28T22:53:48.992+0000] {processor.py:153} INFO - Started process (PID=1267) to work on /home/airflow/.local/lib/python3.7/site-packages/airflow/example_dags/example_branch_python_dop_operator_3.py
[2025-07-28T22:53:48.994+0000] {processor.py:743} INFO - Processing file /home/airflow/.local/lib/python3.7/site-packages/airflow/example_dags/example_branch_python_dop_operator_3.py for tasks to queue
[2025-07-28T22:53:48.997+0000] {logging_mixin.py:137} INFO - [2025-07-28T22:53:48.997+0000] {dagbag.py:538} INFO - Filling up the DagBag from /home/airflow/.local/lib/python3.7/site-packages/airflow/example_dags/example_branch_python_dop_operator_3.py
[2025-07-28T22:53:49.056+0000] {processor.py:753} INFO - DAG(s) dict_keys(['example_branch_dop_operator_v3']) retrieved from /home/airflow/.local/lib/python3.7/site-packages/airflow/example_dags/example_branch_python_dop_operator_3.py
[2025-07-28T22:53:49.130+0000] {logging_mixin.py:137} INFO - [2025-07-28T22:53:49.130+0000] {dag.py:2690} INFO - Sync 1 DAGs
[2025-07-28T22:53:49.189+0000] {logging_mixin.py:137} INFO - [2025-07-28T22:53:49.189+0000] {dag.py:3441} INFO - Setting next_dagrun for example_branch_dop_operator_v3 to 2025-07-28T22:52:00+00:00, run_after=2025-07-28T22:53:00+00:00
[2025-07-28T22:53:49.223+0000] {processor.py:175} INFO - Processing /home/airflow/.local/lib/python3.7/site-packages/airflow/example_dags/example_branch_python_dop_operator_3.py took 0.238 seconds
[2025-07-28T22:54:21.272+0000] {processor.py:153} INFO - Started process (PID=1346) to work on /home/airflow/.local/lib/python3.7/site-packages/airflow/example_dags/example_branch_python_dop_operator_3.py
[2025-07-28T22:54:21.274+0000] {processor.py:743} INFO - Processing file /home/airflow/.local/lib/python3.7/site-packages/airflow/example_dags/example_branch_python_dop_operator_3.py for tasks to queue
[2025-07-28T22:54:21.288+0000] {logging_mixin.py:137} INFO - [2025-07-28T22:54:21.281+0000] {dagbag.py:538} INFO - Filling up the DagBag from /home/airflow/.local/lib/python3.7/site-packages/airflow/example_dags/example_branch_python_dop_operator_3.py
[2025-07-28T22:54:21.406+0000] {processor.py:753} INFO - DAG(s) dict_keys(['example_branch_dop_operator_v3']) retrieved from /home/airflow/.local/lib/python3.7/site-packages/airflow/example_dags/example_branch_python_dop_operator_3.py
[2025-07-28T22:54:21.563+0000] {logging_mixin.py:137} INFO - [2025-07-28T22:54:21.562+0000] {dag.py:2690} INFO - Sync 1 DAGs
[2025-07-28T22:54:21.698+0000] {logging_mixin.py:137} INFO - [2025-07-28T22:54:21.698+0000] {dag.py:3441} INFO - Setting next_dagrun for example_branch_dop_operator_v3 to 2025-07-28T22:53:00+00:00, run_after=2025-07-28T22:54:00+00:00
[2025-07-28T22:54:21.765+0000] {processor.py:175} INFO - Processing /home/airflow/.local/lib/python3.7/site-packages/airflow/example_dags/example_branch_python_dop_operator_3.py took 0.507 seconds
[2025-07-28T22:54:52.280+0000] {processor.py:153} INFO - Started process (PID=1416) to work on /home/airflow/.local/lib/python3.7/site-packages/airflow/example_dags/example_branch_python_dop_operator_3.py
[2025-07-28T22:54:52.283+0000] {processor.py:743} INFO - Processing file /home/airflow/.local/lib/python3.7/site-packages/airflow/example_dags/example_branch_python_dop_operator_3.py for tasks to queue
[2025-07-28T22:54:52.285+0000] {logging_mixin.py:137} INFO - [2025-07-28T22:54:52.285+0000] {dagbag.py:538} INFO - Filling up the DagBag from /home/airflow/.local/lib/python3.7/site-packages/airflow/example_dags/example_branch_python_dop_operator_3.py
[2025-07-28T22:54:52.364+0000] {processor.py:753} INFO - DAG(s) dict_keys(['example_branch_dop_operator_v3']) retrieved from /home/airflow/.local/lib/python3.7/site-packages/airflow/example_dags/example_branch_python_dop_operator_3.py
[2025-07-28T22:54:52.459+0000] {logging_mixin.py:137} INFO - [2025-07-28T22:54:52.459+0000] {dag.py:2690} INFO - Sync 1 DAGs
[2025-07-28T22:54:52.584+0000] {logging_mixin.py:137} INFO - [2025-07-28T22:54:52.583+0000] {dag.py:3441} INFO - Setting next_dagrun for example_branch_dop_operator_v3 to 2025-07-28T22:53:00+00:00, run_after=2025-07-28T22:54:00+00:00
[2025-07-28T22:54:52.655+0000] {processor.py:175} INFO - Processing /home/airflow/.local/lib/python3.7/site-packages/airflow/example_dags/example_branch_python_dop_operator_3.py took 0.391 seconds
[2025-07-28T22:55:23.059+0000] {processor.py:153} INFO - Started process (PID=1497) to work on /home/airflow/.local/lib/python3.7/site-packages/airflow/example_dags/example_branch_python_dop_operator_3.py
[2025-07-28T22:55:23.060+0000] {processor.py:743} INFO - Processing file /home/airflow/.local/lib/python3.7/site-packages/airflow/example_dags/example_branch_python_dop_operator_3.py for tasks to queue
[2025-07-28T22:55:23.062+0000] {logging_mixin.py:137} INFO - [2025-07-28T22:55:23.062+0000] {dagbag.py:538} INFO - Filling up the DagBag from /home/airflow/.local/lib/python3.7/site-packages/airflow/example_dags/example_branch_python_dop_operator_3.py
[2025-07-28T22:55:23.111+0000] {processor.py:753} INFO - DAG(s) dict_keys(['example_branch_dop_operator_v3']) retrieved from /home/airflow/.local/lib/python3.7/site-packages/airflow/example_dags/example_branch_python_dop_operator_3.py
[2025-07-28T22:55:23.176+0000] {logging_mixin.py:137} INFO - [2025-07-28T22:55:23.176+0000] {dag.py:2690} INFO - Sync 1 DAGs
[2025-07-28T22:55:23.242+0000] {logging_mixin.py:137} INFO - [2025-07-28T22:55:23.241+0000] {dag.py:3441} INFO - Setting next_dagrun for example_branch_dop_operator_v3 to 2025-07-28T22:54:00+00:00, run_after=2025-07-28T22:55:00+00:00
[2025-07-28T22:55:23.279+0000] {processor.py:175} INFO - Processing /home/airflow/.local/lib/python3.7/site-packages/airflow/example_dags/example_branch_python_dop_operator_3.py took 0.226 seconds
[2025-07-28T22:55:53.453+0000] {processor.py:153} INFO - Started process (PID=1568) to work on /home/airflow/.local/lib/python3.7/site-packages/airflow/example_dags/example_branch_python_dop_operator_3.py
[2025-07-28T22:55:53.456+0000] {processor.py:743} INFO - Processing file /home/airflow/.local/lib/python3.7/site-packages/airflow/example_dags/example_branch_python_dop_operator_3.py for tasks to queue
[2025-07-28T22:55:53.457+0000] {logging_mixin.py:137} INFO - [2025-07-28T22:55:53.457+0000] {dagbag.py:538} INFO - Filling up the DagBag from /home/airflow/.local/lib/python3.7/site-packages/airflow/example_dags/example_branch_python_dop_operator_3.py
[2025-07-28T22:55:53.505+0000] {processor.py:753} INFO - DAG(s) dict_keys(['example_branch_dop_operator_v3']) retrieved from /home/airflow/.local/lib/python3.7/site-packages/airflow/example_dags/example_branch_python_dop_operator_3.py
[2025-07-28T22:55:53.559+0000] {logging_mixin.py:137} INFO - [2025-07-28T22:55:53.559+0000] {dag.py:2690} INFO - Sync 1 DAGs
[2025-07-28T22:55:53.611+0000] {logging_mixin.py:137} INFO - [2025-07-28T22:55:53.611+0000] {dag.py:3441} INFO - Setting next_dagrun for example_branch_dop_operator_v3 to 2025-07-28T22:54:00+00:00, run_after=2025-07-28T22:55:00+00:00
[2025-07-28T22:55:53.651+0000] {processor.py:175} INFO - Processing /home/airflow/.local/lib/python3.7/site-packages/airflow/example_dags/example_branch_python_dop_operator_3.py took 0.203 seconds
[2025-07-28T22:56:24.430+0000] {processor.py:153} INFO - Started process (PID=1639) to work on /home/airflow/.local/lib/python3.7/site-packages/airflow/example_dags/example_branch_python_dop_operator_3.py
[2025-07-28T22:56:24.432+0000] {processor.py:743} INFO - Processing file /home/airflow/.local/lib/python3.7/site-packages/airflow/example_dags/example_branch_python_dop_operator_3.py for tasks to queue
[2025-07-28T22:56:24.433+0000] {logging_mixin.py:137} INFO - [2025-07-28T22:56:24.433+0000] {dagbag.py:538} INFO - Filling up the DagBag from /home/airflow/.local/lib/python3.7/site-packages/airflow/example_dags/example_branch_python_dop_operator_3.py
[2025-07-28T22:56:24.474+0000] {processor.py:753} INFO - DAG(s) dict_keys(['example_branch_dop_operator_v3']) retrieved from /home/airflow/.local/lib/python3.7/site-packages/airflow/example_dags/example_branch_python_dop_operator_3.py
[2025-07-28T22:56:24.515+0000] {logging_mixin.py:137} INFO - [2025-07-28T22:56:24.514+0000] {dag.py:2690} INFO - Sync 1 DAGs
[2025-07-28T22:56:24.556+0000] {logging_mixin.py:137} INFO - [2025-07-28T22:56:24.555+0000] {dag.py:3441} INFO - Setting next_dagrun for example_branch_dop_operator_v3 to 2025-07-28T22:55:00+00:00, run_after=2025-07-28T22:56:00+00:00
[2025-07-28T22:56:24.589+0000] {processor.py:175} INFO - Processing /home/airflow/.local/lib/python3.7/site-packages/airflow/example_dags/example_branch_python_dop_operator_3.py took 0.165 seconds
[2025-07-28T22:56:55.213+0000] {processor.py:153} INFO - Started process (PID=1711) to work on /home/airflow/.local/lib/python3.7/site-packages/airflow/example_dags/example_branch_python_dop_operator_3.py
[2025-07-28T22:56:55.215+0000] {processor.py:743} INFO - Processing file /home/airflow/.local/lib/python3.7/site-packages/airflow/example_dags/example_branch_python_dop_operator_3.py for tasks to queue
[2025-07-28T22:56:55.216+0000] {logging_mixin.py:137} INFO - [2025-07-28T22:56:55.216+0000] {dagbag.py:538} INFO - Filling up the DagBag from /home/airflow/.local/lib/python3.7/site-packages/airflow/example_dags/example_branch_python_dop_operator_3.py
[2025-07-28T22:56:55.266+0000] {processor.py:753} INFO - DAG(s) dict_keys(['example_branch_dop_operator_v3']) retrieved from /home/airflow/.local/lib/python3.7/site-packages/airflow/example_dags/example_branch_python_dop_operator_3.py
[2025-07-28T22:56:55.326+0000] {logging_mixin.py:137} INFO - [2025-07-28T22:56:55.325+0000] {dag.py:2690} INFO - Sync 1 DAGs
[2025-07-28T22:56:55.386+0000] {logging_mixin.py:137} INFO - [2025-07-28T22:56:55.386+0000] {dag.py:3441} INFO - Setting next_dagrun for example_branch_dop_operator_v3 to 2025-07-28T22:55:00+00:00, run_after=2025-07-28T22:56:00+00:00
[2025-07-28T22:56:55.446+0000] {processor.py:175} INFO - Processing /home/airflow/.local/lib/python3.7/site-packages/airflow/example_dags/example_branch_python_dop_operator_3.py took 0.240 seconds
[2025-07-28T22:57:26.357+0000] {processor.py:153} INFO - Started process (PID=1782) to work on /home/airflow/.local/lib/python3.7/site-packages/airflow/example_dags/example_branch_python_dop_operator_3.py
[2025-07-28T22:57:26.358+0000] {processor.py:743} INFO - Processing file /home/airflow/.local/lib/python3.7/site-packages/airflow/example_dags/example_branch_python_dop_operator_3.py for tasks to queue
[2025-07-28T22:57:26.359+0000] {logging_mixin.py:137} INFO - [2025-07-28T22:57:26.359+0000] {dagbag.py:538} INFO - Filling up the DagBag from /home/airflow/.local/lib/python3.7/site-packages/airflow/example_dags/example_branch_python_dop_operator_3.py
[2025-07-28T22:57:26.382+0000] {processor.py:753} INFO - DAG(s) dict_keys(['example_branch_dop_operator_v3']) retrieved from /home/airflow/.local/lib/python3.7/site-packages/airflow/example_dags/example_branch_python_dop_operator_3.py
[2025-07-28T22:57:26.413+0000] {logging_mixin.py:137} INFO - [2025-07-28T22:57:26.413+0000] {dag.py:2690} INFO - Sync 1 DAGs
[2025-07-28T22:57:26.439+0000] {logging_mixin.py:137} INFO - [2025-07-28T22:57:26.439+0000] {dag.py:3441} INFO - Setting next_dagrun for example_branch_dop_operator_v3 to 2025-07-28T22:56:00+00:00, run_after=2025-07-28T22:57:00+00:00
[2025-07-28T22:57:26.461+0000] {processor.py:175} INFO - Processing /home/airflow/.local/lib/python3.7/site-packages/airflow/example_dags/example_branch_python_dop_operator_3.py took 0.109 seconds
[2025-07-28T22:57:56.931+0000] {processor.py:153} INFO - Started process (PID=1869) to work on /home/airflow/.local/lib/python3.7/site-packages/airflow/example_dags/example_branch_python_dop_operator_3.py
[2025-07-28T22:57:56.936+0000] {processor.py:743} INFO - Processing file /home/airflow/.local/lib/python3.7/site-packages/airflow/example_dags/example_branch_python_dop_operator_3.py for tasks to queue
[2025-07-28T22:57:56.939+0000] {logging_mixin.py:137} INFO - [2025-07-28T22:57:56.939+0000] {dagbag.py:538} INFO - Filling up the DagBag from /home/airflow/.local/lib/python3.7/site-packages/airflow/example_dags/example_branch_python_dop_operator_3.py
[2025-07-28T22:57:56.995+0000] {processor.py:753} INFO - DAG(s) dict_keys(['example_branch_dop_operator_v3']) retrieved from /home/airflow/.local/lib/python3.7/site-packages/airflow/example_dags/example_branch_python_dop_operator_3.py
[2025-07-28T22:57:57.038+0000] {logging_mixin.py:137} INFO - [2025-07-28T22:57:57.038+0000] {dag.py:2690} INFO - Sync 1 DAGs
[2025-07-28T22:57:57.086+0000] {logging_mixin.py:137} INFO - [2025-07-28T22:57:57.086+0000] {dag.py:3441} INFO - Setting next_dagrun for example_branch_dop_operator_v3 to 2025-07-28T22:56:00+00:00, run_after=2025-07-28T22:57:00+00:00
[2025-07-28T22:57:57.119+0000] {processor.py:175} INFO - Processing /home/airflow/.local/lib/python3.7/site-packages/airflow/example_dags/example_branch_python_dop_operator_3.py took 0.206 seconds
[2025-07-28T22:58:27.256+0000] {processor.py:153} INFO - Started process (PID=1940) to work on /home/airflow/.local/lib/python3.7/site-packages/airflow/example_dags/example_branch_python_dop_operator_3.py
[2025-07-28T22:58:27.257+0000] {processor.py:743} INFO - Processing file /home/airflow/.local/lib/python3.7/site-packages/airflow/example_dags/example_branch_python_dop_operator_3.py for tasks to queue
[2025-07-28T22:58:27.258+0000] {logging_mixin.py:137} INFO - [2025-07-28T22:58:27.258+0000] {dagbag.py:538} INFO - Filling up the DagBag from /home/airflow/.local/lib/python3.7/site-packages/airflow/example_dags/example_branch_python_dop_operator_3.py
[2025-07-28T22:58:27.286+0000] {processor.py:753} INFO - DAG(s) dict_keys(['example_branch_dop_operator_v3']) retrieved from /home/airflow/.local/lib/python3.7/site-packages/airflow/example_dags/example_branch_python_dop_operator_3.py
[2025-07-28T22:58:27.320+0000] {logging_mixin.py:137} INFO - [2025-07-28T22:58:27.320+0000] {dag.py:2690} INFO - Sync 1 DAGs
[2025-07-28T22:58:27.352+0000] {logging_mixin.py:137} INFO - [2025-07-28T22:58:27.352+0000] {dag.py:3441} INFO - Setting next_dagrun for example_branch_dop_operator_v3 to 2025-07-28T22:57:00+00:00, run_after=2025-07-28T22:58:00+00:00
[2025-07-28T22:58:27.375+0000] {processor.py:175} INFO - Processing /home/airflow/.local/lib/python3.7/site-packages/airflow/example_dags/example_branch_python_dop_operator_3.py took 0.122 seconds
[2025-07-28T22:58:57.964+0000] {processor.py:153} INFO - Started process (PID=2011) to work on /home/airflow/.local/lib/python3.7/site-packages/airflow/example_dags/example_branch_python_dop_operator_3.py
[2025-07-28T22:58:57.965+0000] {processor.py:743} INFO - Processing file /home/airflow/.local/lib/python3.7/site-packages/airflow/example_dags/example_branch_python_dop_operator_3.py for tasks to queue
[2025-07-28T22:58:57.966+0000] {logging_mixin.py:137} INFO - [2025-07-28T22:58:57.966+0000] {dagbag.py:538} INFO - Filling up the DagBag from /home/airflow/.local/lib/python3.7/site-packages/airflow/example_dags/example_branch_python_dop_operator_3.py
[2025-07-28T22:58:57.994+0000] {processor.py:753} INFO - DAG(s) dict_keys(['example_branch_dop_operator_v3']) retrieved from /home/airflow/.local/lib/python3.7/site-packages/airflow/example_dags/example_branch_python_dop_operator_3.py
[2025-07-28T22:58:58.029+0000] {logging_mixin.py:137} INFO - [2025-07-28T22:58:58.029+0000] {dag.py:2690} INFO - Sync 1 DAGs
[2025-07-28T22:58:58.082+0000] {logging_mixin.py:137} INFO - [2025-07-28T22:58:58.082+0000] {dag.py:3441} INFO - Setting next_dagrun for example_branch_dop_operator_v3 to 2025-07-28T22:57:00+00:00, run_after=2025-07-28T22:58:00+00:00
[2025-07-28T22:58:58.119+0000] {processor.py:175} INFO - Processing /home/airflow/.local/lib/python3.7/site-packages/airflow/example_dags/example_branch_python_dop_operator_3.py took 0.160 seconds
[2025-07-28T22:59:28.518+0000] {processor.py:153} INFO - Started process (PID=2098) to work on /home/airflow/.local/lib/python3.7/site-packages/airflow/example_dags/example_branch_python_dop_operator_3.py
[2025-07-28T22:59:28.568+0000] {processor.py:743} INFO - Processing file /home/airflow/.local/lib/python3.7/site-packages/airflow/example_dags/example_branch_python_dop_operator_3.py for tasks to queue
[2025-07-28T22:59:28.571+0000] {logging_mixin.py:137} INFO - [2025-07-28T22:59:28.570+0000] {dagbag.py:538} INFO - Filling up the DagBag from /home/airflow/.local/lib/python3.7/site-packages/airflow/example_dags/example_branch_python_dop_operator_3.py
[2025-07-28T22:59:28.613+0000] {processor.py:753} INFO - DAG(s) dict_keys(['example_branch_dop_operator_v3']) retrieved from /home/airflow/.local/lib/python3.7/site-packages/airflow/example_dags/example_branch_python_dop_operator_3.py
[2025-07-28T22:59:28.665+0000] {logging_mixin.py:137} INFO - [2025-07-28T22:59:28.665+0000] {dag.py:2690} INFO - Sync 1 DAGs
[2025-07-28T22:59:28.705+0000] {logging_mixin.py:137} INFO - [2025-07-28T22:59:28.705+0000] {dag.py:3441} INFO - Setting next_dagrun for example_branch_dop_operator_v3 to 2025-07-28T22:58:00+00:00, run_after=2025-07-28T22:59:00+00:00
[2025-07-28T22:59:28.728+0000] {processor.py:175} INFO - Processing /home/airflow/.local/lib/python3.7/site-packages/airflow/example_dags/example_branch_python_dop_operator_3.py took 0.217 seconds
[2025-07-28T22:59:58.840+0000] {processor.py:153} INFO - Started process (PID=2170) to work on /home/airflow/.local/lib/python3.7/site-packages/airflow/example_dags/example_branch_python_dop_operator_3.py
[2025-07-28T22:59:58.841+0000] {processor.py:743} INFO - Processing file /home/airflow/.local/lib/python3.7/site-packages/airflow/example_dags/example_branch_python_dop_operator_3.py for tasks to queue
[2025-07-28T22:59:58.842+0000] {logging_mixin.py:137} INFO - [2025-07-28T22:59:58.842+0000] {dagbag.py:538} INFO - Filling up the DagBag from /home/airflow/.local/lib/python3.7/site-packages/airflow/example_dags/example_branch_python_dop_operator_3.py
[2025-07-28T22:59:58.864+0000] {processor.py:753} INFO - DAG(s) dict_keys(['example_branch_dop_operator_v3']) retrieved from /home/airflow/.local/lib/python3.7/site-packages/airflow/example_dags/example_branch_python_dop_operator_3.py
[2025-07-28T22:59:58.891+0000] {logging_mixin.py:137} INFO - [2025-07-28T22:59:58.891+0000] {dag.py:2690} INFO - Sync 1 DAGs
[2025-07-28T22:59:58.920+0000] {logging_mixin.py:137} INFO - [2025-07-28T22:59:58.920+0000] {dag.py:3441} INFO - Setting next_dagrun for example_branch_dop_operator_v3 to 2025-07-28T22:58:00+00:00, run_after=2025-07-28T22:59:00+00:00
[2025-07-28T22:59:58.942+0000] {processor.py:175} INFO - Processing /home/airflow/.local/lib/python3.7/site-packages/airflow/example_dags/example_branch_python_dop_operator_3.py took 0.107 seconds
[2025-07-28T23:00:29.896+0000] {processor.py:153} INFO - Started process (PID=2257) to work on /home/airflow/.local/lib/python3.7/site-packages/airflow/example_dags/example_branch_python_dop_operator_3.py
[2025-07-28T23:00:29.897+0000] {processor.py:743} INFO - Processing file /home/airflow/.local/lib/python3.7/site-packages/airflow/example_dags/example_branch_python_dop_operator_3.py for tasks to queue
[2025-07-28T23:00:29.898+0000] {logging_mixin.py:137} INFO - [2025-07-28T23:00:29.898+0000] {dagbag.py:538} INFO - Filling up the DagBag from /home/airflow/.local/lib/python3.7/site-packages/airflow/example_dags/example_branch_python_dop_operator_3.py
[2025-07-28T23:00:29.932+0000] {processor.py:753} INFO - DAG(s) dict_keys(['example_branch_dop_operator_v3']) retrieved from /home/airflow/.local/lib/python3.7/site-packages/airflow/example_dags/example_branch_python_dop_operator_3.py
[2025-07-28T23:00:29.973+0000] {logging_mixin.py:137} INFO - [2025-07-28T23:00:29.973+0000] {dag.py:2690} INFO - Sync 1 DAGs
[2025-07-28T23:00:30.027+0000] {logging_mixin.py:137} INFO - [2025-07-28T23:00:30.027+0000] {dag.py:3441} INFO - Setting next_dagrun for example_branch_dop_operator_v3 to 2025-07-28T22:59:00+00:00, run_after=2025-07-28T23:00:00+00:00
[2025-07-28T23:00:30.068+0000] {processor.py:175} INFO - Processing /home/airflow/.local/lib/python3.7/site-packages/airflow/example_dags/example_branch_python_dop_operator_3.py took 0.176 seconds
[2025-07-28T23:01:00.617+0000] {processor.py:153} INFO - Started process (PID=2328) to work on /home/airflow/.local/lib/python3.7/site-packages/airflow/example_dags/example_branch_python_dop_operator_3.py
[2025-07-28T23:01:00.619+0000] {processor.py:743} INFO - Processing file /home/airflow/.local/lib/python3.7/site-packages/airflow/example_dags/example_branch_python_dop_operator_3.py for tasks to queue
[2025-07-28T23:01:00.621+0000] {logging_mixin.py:137} INFO - [2025-07-28T23:01:00.621+0000] {dagbag.py:538} INFO - Filling up the DagBag from /home/airflow/.local/lib/python3.7/site-packages/airflow/example_dags/example_branch_python_dop_operator_3.py
[2025-07-28T23:01:00.696+0000] {processor.py:753} INFO - DAG(s) dict_keys(['example_branch_dop_operator_v3']) retrieved from /home/airflow/.local/lib/python3.7/site-packages/airflow/example_dags/example_branch_python_dop_operator_3.py
[2025-07-28T23:01:00.756+0000] {logging_mixin.py:137} INFO - [2025-07-28T23:01:00.755+0000] {dag.py:2690} INFO - Sync 1 DAGs
[2025-07-28T23:01:00.816+0000] {logging_mixin.py:137} INFO - [2025-07-28T23:01:00.815+0000] {dag.py:3441} INFO - Setting next_dagrun for example_branch_dop_operator_v3 to 2025-07-28T23:00:00+00:00, run_after=2025-07-28T23:01:00+00:00
[2025-07-28T23:01:00.841+0000] {processor.py:175} INFO - Processing /home/airflow/.local/lib/python3.7/site-packages/airflow/example_dags/example_branch_python_dop_operator_3.py took 0.237 seconds
[2025-07-28T23:01:31.171+0000] {processor.py:153} INFO - Started process (PID=2400) to work on /home/airflow/.local/lib/python3.7/site-packages/airflow/example_dags/example_branch_python_dop_operator_3.py
[2025-07-28T23:01:31.173+0000] {processor.py:743} INFO - Processing file /home/airflow/.local/lib/python3.7/site-packages/airflow/example_dags/example_branch_python_dop_operator_3.py for tasks to queue
[2025-07-28T23:01:31.174+0000] {logging_mixin.py:137} INFO - [2025-07-28T23:01:31.174+0000] {dagbag.py:538} INFO - Filling up the DagBag from /home/airflow/.local/lib/python3.7/site-packages/airflow/example_dags/example_branch_python_dop_operator_3.py
[2025-07-28T23:01:31.199+0000] {processor.py:753} INFO - DAG(s) dict_keys(['example_branch_dop_operator_v3']) retrieved from /home/airflow/.local/lib/python3.7/site-packages/airflow/example_dags/example_branch_python_dop_operator_3.py
[2025-07-28T23:01:31.239+0000] {logging_mixin.py:137} INFO - [2025-07-28T23:01:31.238+0000] {dag.py:2690} INFO - Sync 1 DAGs
[2025-07-28T23:01:31.279+0000] {logging_mixin.py:137} INFO - [2025-07-28T23:01:31.279+0000] {dag.py:3441} INFO - Setting next_dagrun for example_branch_dop_operator_v3 to 2025-07-28T23:00:00+00:00, run_after=2025-07-28T23:01:00+00:00
[2025-07-28T23:01:31.308+0000] {processor.py:175} INFO - Processing /home/airflow/.local/lib/python3.7/site-packages/airflow/example_dags/example_branch_python_dop_operator_3.py took 0.142 seconds
[2025-07-28T23:02:01.589+0000] {processor.py:153} INFO - Started process (PID=2487) to work on /home/airflow/.local/lib/python3.7/site-packages/airflow/example_dags/example_branch_python_dop_operator_3.py
[2025-07-28T23:02:01.590+0000] {processor.py:743} INFO - Processing file /home/airflow/.local/lib/python3.7/site-packages/airflow/example_dags/example_branch_python_dop_operator_3.py for tasks to queue
[2025-07-28T23:02:01.591+0000] {logging_mixin.py:137} INFO - [2025-07-28T23:02:01.591+0000] {dagbag.py:538} INFO - Filling up the DagBag from /home/airflow/.local/lib/python3.7/site-packages/airflow/example_dags/example_branch_python_dop_operator_3.py
[2025-07-28T23:02:01.618+0000] {processor.py:753} INFO - DAG(s) dict_keys(['example_branch_dop_operator_v3']) retrieved from /home/airflow/.local/lib/python3.7/site-packages/airflow/example_dags/example_branch_python_dop_operator_3.py
[2025-07-28T23:02:01.648+0000] {logging_mixin.py:137} INFO - [2025-07-28T23:02:01.648+0000] {dag.py:2690} INFO - Sync 1 DAGs
[2025-07-28T23:02:01.677+0000] {logging_mixin.py:137} INFO - [2025-07-28T23:02:01.677+0000] {dag.py:3441} INFO - Setting next_dagrun for example_branch_dop_operator_v3 to 2025-07-28T23:01:00+00:00, run_after=2025-07-28T23:02:00+00:00
[2025-07-28T23:02:01.700+0000] {processor.py:175} INFO - Processing /home/airflow/.local/lib/python3.7/site-packages/airflow/example_dags/example_branch_python_dop_operator_3.py took 0.116 seconds
[2025-07-28T23:02:31.925+0000] {processor.py:153} INFO - Started process (PID=2558) to work on /home/airflow/.local/lib/python3.7/site-packages/airflow/example_dags/example_branch_python_dop_operator_3.py
[2025-07-28T23:02:31.926+0000] {processor.py:743} INFO - Processing file /home/airflow/.local/lib/python3.7/site-packages/airflow/example_dags/example_branch_python_dop_operator_3.py for tasks to queue
[2025-07-28T23:02:31.928+0000] {logging_mixin.py:137} INFO - [2025-07-28T23:02:31.927+0000] {dagbag.py:538} INFO - Filling up the DagBag from /home/airflow/.local/lib/python3.7/site-packages/airflow/example_dags/example_branch_python_dop_operator_3.py
[2025-07-28T23:02:31.961+0000] {processor.py:753} INFO - DAG(s) dict_keys(['example_branch_dop_operator_v3']) retrieved from /home/airflow/.local/lib/python3.7/site-packages/airflow/example_dags/example_branch_python_dop_operator_3.py
[2025-07-28T23:02:31.981+0000] {logging_mixin.py:137} INFO - [2025-07-28T23:02:31.981+0000] {dag.py:2690} INFO - Sync 1 DAGs
[2025-07-28T23:02:32.014+0000] {logging_mixin.py:137} INFO - [2025-07-28T23:02:32.014+0000] {dag.py:3441} INFO - Setting next_dagrun for example_branch_dop_operator_v3 to 2025-07-28T23:01:00+00:00, run_after=2025-07-28T23:02:00+00:00
[2025-07-28T23:02:32.037+0000] {processor.py:175} INFO - Processing /home/airflow/.local/lib/python3.7/site-packages/airflow/example_dags/example_branch_python_dop_operator_3.py took 0.116 seconds
[2025-07-28T23:03:03.008+0000] {processor.py:153} INFO - Started process (PID=2637) to work on /home/airflow/.local/lib/python3.7/site-packages/airflow/example_dags/example_branch_python_dop_operator_3.py
[2025-07-28T23:03:03.009+0000] {processor.py:743} INFO - Processing file /home/airflow/.local/lib/python3.7/site-packages/airflow/example_dags/example_branch_python_dop_operator_3.py for tasks to queue
[2025-07-28T23:03:03.011+0000] {logging_mixin.py:137} INFO - [2025-07-28T23:03:03.011+0000] {dagbag.py:538} INFO - Filling up the DagBag from /home/airflow/.local/lib/python3.7/site-packages/airflow/example_dags/example_branch_python_dop_operator_3.py
[2025-07-28T23:03:03.057+0000] {processor.py:753} INFO - DAG(s) dict_keys(['example_branch_dop_operator_v3']) retrieved from /home/airflow/.local/lib/python3.7/site-packages/airflow/example_dags/example_branch_python_dop_operator_3.py
[2025-07-28T23:03:03.082+0000] {logging_mixin.py:137} INFO - [2025-07-28T23:03:03.082+0000] {dag.py:2690} INFO - Sync 1 DAGs
[2025-07-28T23:03:03.121+0000] {logging_mixin.py:137} INFO - [2025-07-28T23:03:03.121+0000] {dag.py:3441} INFO - Setting next_dagrun for example_branch_dop_operator_v3 to 2025-07-28T23:02:00+00:00, run_after=2025-07-28T23:03:00+00:00
[2025-07-28T23:03:03.149+0000] {processor.py:175} INFO - Processing /home/airflow/.local/lib/python3.7/site-packages/airflow/example_dags/example_branch_python_dop_operator_3.py took 0.146 seconds
[2025-07-28T23:03:33.303+0000] {processor.py:153} INFO - Started process (PID=2715) to work on /home/airflow/.local/lib/python3.7/site-packages/airflow/example_dags/example_branch_python_dop_operator_3.py
[2025-07-28T23:03:33.304+0000] {processor.py:743} INFO - Processing file /home/airflow/.local/lib/python3.7/site-packages/airflow/example_dags/example_branch_python_dop_operator_3.py for tasks to queue
[2025-07-28T23:03:33.307+0000] {logging_mixin.py:137} INFO - [2025-07-28T23:03:33.307+0000] {dagbag.py:538} INFO - Filling up the DagBag from /home/airflow/.local/lib/python3.7/site-packages/airflow/example_dags/example_branch_python_dop_operator_3.py
[2025-07-28T23:03:33.345+0000] {processor.py:753} INFO - DAG(s) dict_keys(['example_branch_dop_operator_v3']) retrieved from /home/airflow/.local/lib/python3.7/site-packages/airflow/example_dags/example_branch_python_dop_operator_3.py
[2025-07-28T23:03:33.373+0000] {logging_mixin.py:137} INFO - [2025-07-28T23:03:33.373+0000] {dag.py:2690} INFO - Sync 1 DAGs
[2025-07-28T23:03:33.430+0000] {logging_mixin.py:137} INFO - [2025-07-28T23:03:33.430+0000] {dag.py:3441} INFO - Setting next_dagrun for example_branch_dop_operator_v3 to 2025-07-28T23:02:00+00:00, run_after=2025-07-28T23:03:00+00:00
[2025-07-28T23:03:33.463+0000] {processor.py:175} INFO - Processing /home/airflow/.local/lib/python3.7/site-packages/airflow/example_dags/example_branch_python_dop_operator_3.py took 0.164 seconds
[2025-07-28T23:04:03.934+0000] {processor.py:153} INFO - Started process (PID=2786) to work on /home/airflow/.local/lib/python3.7/site-packages/airflow/example_dags/example_branch_python_dop_operator_3.py
[2025-07-28T23:04:03.936+0000] {processor.py:743} INFO - Processing file /home/airflow/.local/lib/python3.7/site-packages/airflow/example_dags/example_branch_python_dop_operator_3.py for tasks to queue
[2025-07-28T23:04:03.937+0000] {logging_mixin.py:137} INFO - [2025-07-28T23:04:03.937+0000] {dagbag.py:538} INFO - Filling up the DagBag from /home/airflow/.local/lib/python3.7/site-packages/airflow/example_dags/example_branch_python_dop_operator_3.py
[2025-07-28T23:04:03.960+0000] {processor.py:753} INFO - DAG(s) dict_keys(['example_branch_dop_operator_v3']) retrieved from /home/airflow/.local/lib/python3.7/site-packages/airflow/example_dags/example_branch_python_dop_operator_3.py
[2025-07-28T23:04:03.990+0000] {logging_mixin.py:137} INFO - [2025-07-28T23:04:03.989+0000] {dag.py:2690} INFO - Sync 1 DAGs
[2025-07-28T23:04:04.025+0000] {logging_mixin.py:137} INFO - [2025-07-28T23:04:04.025+0000] {dag.py:3441} INFO - Setting next_dagrun for example_branch_dop_operator_v3 to 2025-07-28T23:03:00+00:00, run_after=2025-07-28T23:04:00+00:00
[2025-07-28T23:04:04.046+0000] {processor.py:175} INFO - Processing /home/airflow/.local/lib/python3.7/site-packages/airflow/example_dags/example_branch_python_dop_operator_3.py took 0.115 seconds
[2025-07-28T23:04:34.887+0000] {processor.py:153} INFO - Started process (PID=2872) to work on /home/airflow/.local/lib/python3.7/site-packages/airflow/example_dags/example_branch_python_dop_operator_3.py
[2025-07-28T23:04:34.895+0000] {processor.py:743} INFO - Processing file /home/airflow/.local/lib/python3.7/site-packages/airflow/example_dags/example_branch_python_dop_operator_3.py for tasks to queue
[2025-07-28T23:04:34.904+0000] {logging_mixin.py:137} INFO - [2025-07-28T23:04:34.904+0000] {dagbag.py:538} INFO - Filling up the DagBag from /home/airflow/.local/lib/python3.7/site-packages/airflow/example_dags/example_branch_python_dop_operator_3.py
[2025-07-28T23:04:34.959+0000] {processor.py:753} INFO - DAG(s) dict_keys(['example_branch_dop_operator_v3']) retrieved from /home/airflow/.local/lib/python3.7/site-packages/airflow/example_dags/example_branch_python_dop_operator_3.py
[2025-07-28T23:04:35.007+0000] {logging_mixin.py:137} INFO - [2025-07-28T23:04:35.007+0000] {dag.py:2690} INFO - Sync 1 DAGs
[2025-07-28T23:04:35.077+0000] {logging_mixin.py:137} INFO - [2025-07-28T23:04:35.076+0000] {dag.py:3441} INFO - Setting next_dagrun for example_branch_dop_operator_v3 to 2025-07-28T23:03:00+00:00, run_after=2025-07-28T23:04:00+00:00
[2025-07-28T23:04:35.127+0000] {processor.py:175} INFO - Processing /home/airflow/.local/lib/python3.7/site-packages/airflow/example_dags/example_branch_python_dop_operator_3.py took 0.249 seconds
[2025-07-28T23:05:05.537+0000] {processor.py:153} INFO - Started process (PID=2944) to work on /home/airflow/.local/lib/python3.7/site-packages/airflow/example_dags/example_branch_python_dop_operator_3.py
[2025-07-28T23:05:05.538+0000] {processor.py:743} INFO - Processing file /home/airflow/.local/lib/python3.7/site-packages/airflow/example_dags/example_branch_python_dop_operator_3.py for tasks to queue
[2025-07-28T23:05:05.539+0000] {logging_mixin.py:137} INFO - [2025-07-28T23:05:05.539+0000] {dagbag.py:538} INFO - Filling up the DagBag from /home/airflow/.local/lib/python3.7/site-packages/airflow/example_dags/example_branch_python_dop_operator_3.py
[2025-07-28T23:05:05.573+0000] {processor.py:753} INFO - DAG(s) dict_keys(['example_branch_dop_operator_v3']) retrieved from /home/airflow/.local/lib/python3.7/site-packages/airflow/example_dags/example_branch_python_dop_operator_3.py
[2025-07-28T23:05:05.615+0000] {logging_mixin.py:137} INFO - [2025-07-28T23:05:05.615+0000] {dag.py:2690} INFO - Sync 1 DAGs
[2025-07-28T23:05:05.673+0000] {logging_mixin.py:137} INFO - [2025-07-28T23:05:05.673+0000] {dag.py:3441} INFO - Setting next_dagrun for example_branch_dop_operator_v3 to 2025-07-28T23:04:00+00:00, run_after=2025-07-28T23:05:00+00:00
[2025-07-28T23:05:05.713+0000] {processor.py:175} INFO - Processing /home/airflow/.local/lib/python3.7/site-packages/airflow/example_dags/example_branch_python_dop_operator_3.py took 0.181 seconds
[2025-07-28T23:05:36.368+0000] {processor.py:153} INFO - Started process (PID=3015) to work on /home/airflow/.local/lib/python3.7/site-packages/airflow/example_dags/example_branch_python_dop_operator_3.py
[2025-07-28T23:05:36.370+0000] {processor.py:743} INFO - Processing file /home/airflow/.local/lib/python3.7/site-packages/airflow/example_dags/example_branch_python_dop_operator_3.py for tasks to queue
[2025-07-28T23:05:36.370+0000] {logging_mixin.py:137} INFO - [2025-07-28T23:05:36.370+0000] {dagbag.py:538} INFO - Filling up the DagBag from /home/airflow/.local/lib/python3.7/site-packages/airflow/example_dags/example_branch_python_dop_operator_3.py
[2025-07-28T23:05:36.406+0000] {processor.py:753} INFO - DAG(s) dict_keys(['example_branch_dop_operator_v3']) retrieved from /home/airflow/.local/lib/python3.7/site-packages/airflow/example_dags/example_branch_python_dop_operator_3.py
[2025-07-28T23:05:36.439+0000] {logging_mixin.py:137} INFO - [2025-07-28T23:05:36.439+0000] {dag.py:2690} INFO - Sync 1 DAGs
[2025-07-28T23:05:36.466+0000] {logging_mixin.py:137} INFO - [2025-07-28T23:05:36.466+0000] {dag.py:3441} INFO - Setting next_dagrun for example_branch_dop_operator_v3 to 2025-07-28T23:04:00+00:00, run_after=2025-07-28T23:05:00+00:00
[2025-07-28T23:05:36.486+0000] {processor.py:175} INFO - Processing /home/airflow/.local/lib/python3.7/site-packages/airflow/example_dags/example_branch_python_dop_operator_3.py took 0.121 seconds
[2025-07-28T23:06:06.896+0000] {processor.py:153} INFO - Started process (PID=3103) to work on /home/airflow/.local/lib/python3.7/site-packages/airflow/example_dags/example_branch_python_dop_operator_3.py
[2025-07-28T23:06:06.897+0000] {processor.py:743} INFO - Processing file /home/airflow/.local/lib/python3.7/site-packages/airflow/example_dags/example_branch_python_dop_operator_3.py for tasks to queue
[2025-07-28T23:06:06.898+0000] {logging_mixin.py:137} INFO - [2025-07-28T23:06:06.898+0000] {dagbag.py:538} INFO - Filling up the DagBag from /home/airflow/.local/lib/python3.7/site-packages/airflow/example_dags/example_branch_python_dop_operator_3.py
[2025-07-28T23:06:06.930+0000] {processor.py:753} INFO - DAG(s) dict_keys(['example_branch_dop_operator_v3']) retrieved from /home/airflow/.local/lib/python3.7/site-packages/airflow/example_dags/example_branch_python_dop_operator_3.py
[2025-07-28T23:06:06.962+0000] {logging_mixin.py:137} INFO - [2025-07-28T23:06:06.961+0000] {dag.py:2690} INFO - Sync 1 DAGs
[2025-07-28T23:06:06.991+0000] {logging_mixin.py:137} INFO - [2025-07-28T23:06:06.991+0000] {dag.py:3441} INFO - Setting next_dagrun for example_branch_dop_operator_v3 to 2025-07-28T23:05:00+00:00, run_after=2025-07-28T23:06:00+00:00
[2025-07-28T23:06:07.015+0000] {processor.py:175} INFO - Processing /home/airflow/.local/lib/python3.7/site-packages/airflow/example_dags/example_branch_python_dop_operator_3.py took 0.127 seconds
[2025-07-28T23:06:37.219+0000] {processor.py:153} INFO - Started process (PID=3175) to work on /home/airflow/.local/lib/python3.7/site-packages/airflow/example_dags/example_branch_python_dop_operator_3.py
[2025-07-28T23:06:37.220+0000] {processor.py:743} INFO - Processing file /home/airflow/.local/lib/python3.7/site-packages/airflow/example_dags/example_branch_python_dop_operator_3.py for tasks to queue
[2025-07-28T23:06:37.221+0000] {logging_mixin.py:137} INFO - [2025-07-28T23:06:37.221+0000] {dagbag.py:538} INFO - Filling up the DagBag from /home/airflow/.local/lib/python3.7/site-packages/airflow/example_dags/example_branch_python_dop_operator_3.py
[2025-07-28T23:06:37.244+0000] {processor.py:753} INFO - DAG(s) dict_keys(['example_branch_dop_operator_v3']) retrieved from /home/airflow/.local/lib/python3.7/site-packages/airflow/example_dags/example_branch_python_dop_operator_3.py
[2025-07-28T23:06:37.270+0000] {logging_mixin.py:137} INFO - [2025-07-28T23:06:37.270+0000] {dag.py:2690} INFO - Sync 1 DAGs
[2025-07-28T23:06:37.295+0000] {logging_mixin.py:137} INFO - [2025-07-28T23:06:37.295+0000] {dag.py:3441} INFO - Setting next_dagrun for example_branch_dop_operator_v3 to 2025-07-28T23:05:00+00:00, run_after=2025-07-28T23:06:00+00:00
[2025-07-28T23:06:37.316+0000] {processor.py:175} INFO - Processing /home/airflow/.local/lib/python3.7/site-packages/airflow/example_dags/example_branch_python_dop_operator_3.py took 0.103 seconds
