[2025-07-28T22:45:39.768+0000] {processor.py:153} INFO - Started process (PID=76) to work on /home/airflow/.local/lib/python3.7/site-packages/airflow/example_dags/example_xcom.py
[2025-07-28T22:45:39.771+0000] {processor.py:743} INFO - Processing file /home/airflow/.local/lib/python3.7/site-packages/airflow/example_dags/example_xcom.py for tasks to queue
[2025-07-28T22:45:39.773+0000] {logging_mixin.py:137} INFO - [2025-07-28T22:45:39.773+0000] {dagbag.py:538} INFO - Filling up the DagBag from /home/airflow/.local/lib/python3.7/site-packages/airflow/example_dags/example_xcom.py
[2025-07-28T22:45:39.815+0000] {processor.py:753} INFO - DAG(s) dict_keys(['example_xcom']) retrieved from /home/airflow/.local/lib/python3.7/site-packages/airflow/example_dags/example_xcom.py
[2025-07-28T22:45:39.994+0000] {logging_mixin.py:137} INFO - [2025-07-28T22:45:39.994+0000] {manager.py:504} INFO - Created Permission View: can delete on DAG:example_xcom
[2025-07-28T22:45:40.007+0000] {logging_mixin.py:137} INFO - [2025-07-28T22:45:40.007+0000] {manager.py:504} INFO - Created Permission View: can read on DAG:example_xcom
[2025-07-28T22:45:40.017+0000] {logging_mixin.py:137} INFO - [2025-07-28T22:45:40.017+0000] {manager.py:504} INFO - Created Permission View: can edit on DAG:example_xcom
[2025-07-28T22:45:40.018+0000] {logging_mixin.py:137} INFO - [2025-07-28T22:45:40.017+0000] {dag.py:2690} INFO - Sync 1 DAGs
[2025-07-28T22:45:40.037+0000] {logging_mixin.py:137} INFO - [2025-07-28T22:45:40.037+0000] {dag.py:2711} INFO - Creating ORM DAG for example_xcom
[2025-07-28T22:45:40.055+0000] {logging_mixin.py:137} INFO - [2025-07-28T22:45:40.055+0000] {dag.py:3441} INFO - Setting next_dagrun for example_xcom to 2021-01-01T00:00:00+00:00, run_after=2021-01-01T00:00:00+00:00
[2025-07-28T22:45:40.100+0000] {processor.py:175} INFO - Processing /home/airflow/.local/lib/python3.7/site-packages/airflow/example_dags/example_xcom.py took 0.339 seconds
[2025-07-28T22:46:10.782+0000] {processor.py:153} INFO - Started process (PID=147) to work on /home/airflow/.local/lib/python3.7/site-packages/airflow/example_dags/example_xcom.py
[2025-07-28T22:46:10.784+0000] {processor.py:743} INFO - Processing file /home/airflow/.local/lib/python3.7/site-packages/airflow/example_dags/example_xcom.py for tasks to queue
[2025-07-28T22:46:10.786+0000] {logging_mixin.py:137} INFO - [2025-07-28T22:46:10.786+0000] {dagbag.py:538} INFO - Filling up the DagBag from /home/airflow/.local/lib/python3.7/site-packages/airflow/example_dags/example_xcom.py
[2025-07-28T22:46:10.884+0000] {processor.py:753} INFO - DAG(s) dict_keys(['example_xcom']) retrieved from /home/airflow/.local/lib/python3.7/site-packages/airflow/example_dags/example_xcom.py
[2025-07-28T22:46:10.920+0000] {logging_mixin.py:137} INFO - [2025-07-28T22:46:10.919+0000] {dag.py:2690} INFO - Sync 1 DAGs
[2025-07-28T22:46:10.997+0000] {logging_mixin.py:137} INFO - [2025-07-28T22:46:10.997+0000] {dag.py:3441} INFO - Setting next_dagrun for example_xcom to 2021-01-01T00:00:00+00:00, run_after=2021-01-01T00:00:00+00:00
[2025-07-28T22:46:11.055+0000] {processor.py:175} INFO - Processing /home/airflow/.local/lib/python3.7/site-packages/airflow/example_dags/example_xcom.py took 0.284 seconds
[2025-07-28T22:46:41.617+0000] {processor.py:153} INFO - Started process (PID=217) to work on /home/airflow/.local/lib/python3.7/site-packages/airflow/example_dags/example_xcom.py
[2025-07-28T22:46:41.619+0000] {processor.py:743} INFO - Processing file /home/airflow/.local/lib/python3.7/site-packages/airflow/example_dags/example_xcom.py for tasks to queue
[2025-07-28T22:46:41.622+0000] {logging_mixin.py:137} INFO - [2025-07-28T22:46:41.621+0000] {dagbag.py:538} INFO - Filling up the DagBag from /home/airflow/.local/lib/python3.7/site-packages/airflow/example_dags/example_xcom.py
[2025-07-28T22:46:41.664+0000] {processor.py:753} INFO - DAG(s) dict_keys(['example_xcom']) retrieved from /home/airflow/.local/lib/python3.7/site-packages/airflow/example_dags/example_xcom.py
[2025-07-28T22:46:41.729+0000] {logging_mixin.py:137} INFO - [2025-07-28T22:46:41.729+0000] {dag.py:2690} INFO - Sync 1 DAGs
[2025-07-28T22:46:41.818+0000] {logging_mixin.py:137} INFO - [2025-07-28T22:46:41.818+0000] {dag.py:3441} INFO - Setting next_dagrun for example_xcom to 2021-01-01T00:00:00+00:00, run_after=2021-01-01T00:00:00+00:00
[2025-07-28T22:46:41.891+0000] {processor.py:175} INFO - Processing /home/airflow/.local/lib/python3.7/site-packages/airflow/example_dags/example_xcom.py took 0.278 seconds
[2025-07-28T22:47:12.446+0000] {processor.py:153} INFO - Started process (PID=295) to work on /home/airflow/.local/lib/python3.7/site-packages/airflow/example_dags/example_xcom.py
[2025-07-28T22:47:12.448+0000] {processor.py:743} INFO - Processing file /home/airflow/.local/lib/python3.7/site-packages/airflow/example_dags/example_xcom.py for tasks to queue
[2025-07-28T22:47:12.453+0000] {logging_mixin.py:137} INFO - [2025-07-28T22:47:12.453+0000] {dagbag.py:538} INFO - Filling up the DagBag from /home/airflow/.local/lib/python3.7/site-packages/airflow/example_dags/example_xcom.py
[2025-07-28T22:47:12.504+0000] {processor.py:753} INFO - DAG(s) dict_keys(['example_xcom']) retrieved from /home/airflow/.local/lib/python3.7/site-packages/airflow/example_dags/example_xcom.py
[2025-07-28T22:47:12.593+0000] {logging_mixin.py:137} INFO - [2025-07-28T22:47:12.593+0000] {dag.py:2690} INFO - Sync 1 DAGs
[2025-07-28T22:47:12.674+0000] {logging_mixin.py:137} INFO - [2025-07-28T22:47:12.673+0000] {dag.py:3441} INFO - Setting next_dagrun for example_xcom to 2021-01-01T00:00:00+00:00, run_after=2021-01-01T00:00:00+00:00
[2025-07-28T22:47:12.744+0000] {processor.py:175} INFO - Processing /home/airflow/.local/lib/python3.7/site-packages/airflow/example_dags/example_xcom.py took 0.303 seconds
[2025-07-28T22:47:42.970+0000] {processor.py:153} INFO - Started process (PID=375) to work on /home/airflow/.local/lib/python3.7/site-packages/airflow/example_dags/example_xcom.py
[2025-07-28T22:47:42.981+0000] {processor.py:743} INFO - Processing file /home/airflow/.local/lib/python3.7/site-packages/airflow/example_dags/example_xcom.py for tasks to queue
[2025-07-28T22:47:42.984+0000] {logging_mixin.py:137} INFO - [2025-07-28T22:47:42.983+0000] {dagbag.py:538} INFO - Filling up the DagBag from /home/airflow/.local/lib/python3.7/site-packages/airflow/example_dags/example_xcom.py
[2025-07-28T22:47:43.103+0000] {processor.py:753} INFO - DAG(s) dict_keys(['example_xcom']) retrieved from /home/airflow/.local/lib/python3.7/site-packages/airflow/example_dags/example_xcom.py
[2025-07-28T22:47:43.174+0000] {logging_mixin.py:137} INFO - [2025-07-28T22:47:43.174+0000] {dag.py:2690} INFO - Sync 1 DAGs
[2025-07-28T22:47:43.241+0000] {logging_mixin.py:137} INFO - [2025-07-28T22:47:43.240+0000] {dag.py:3441} INFO - Setting next_dagrun for example_xcom to 2021-01-01T00:00:00+00:00, run_after=2021-01-01T00:00:00+00:00
[2025-07-28T22:47:43.291+0000] {processor.py:175} INFO - Processing /home/airflow/.local/lib/python3.7/site-packages/airflow/example_dags/example_xcom.py took 0.340 seconds
[2025-07-28T22:48:13.912+0000] {processor.py:153} INFO - Started process (PID=445) to work on /home/airflow/.local/lib/python3.7/site-packages/airflow/example_dags/example_xcom.py
[2025-07-28T22:48:13.914+0000] {processor.py:743} INFO - Processing file /home/airflow/.local/lib/python3.7/site-packages/airflow/example_dags/example_xcom.py for tasks to queue
[2025-07-28T22:48:13.918+0000] {logging_mixin.py:137} INFO - [2025-07-28T22:48:13.918+0000] {dagbag.py:538} INFO - Filling up the DagBag from /home/airflow/.local/lib/python3.7/site-packages/airflow/example_dags/example_xcom.py
[2025-07-28T22:48:14.012+0000] {processor.py:753} INFO - DAG(s) dict_keys(['example_xcom']) retrieved from /home/airflow/.local/lib/python3.7/site-packages/airflow/example_dags/example_xcom.py
[2025-07-28T22:48:14.091+0000] {logging_mixin.py:137} INFO - [2025-07-28T22:48:14.091+0000] {dag.py:2690} INFO - Sync 1 DAGs
[2025-07-28T22:48:14.151+0000] {logging_mixin.py:137} INFO - [2025-07-28T22:48:14.150+0000] {dag.py:3441} INFO - Setting next_dagrun for example_xcom to 2021-01-01T00:00:00+00:00, run_after=2021-01-01T00:00:00+00:00
[2025-07-28T22:48:14.235+0000] {processor.py:175} INFO - Processing /home/airflow/.local/lib/python3.7/site-packages/airflow/example_dags/example_xcom.py took 0.333 seconds
[2025-07-28T22:48:44.304+0000] {processor.py:153} INFO - Started process (PID=516) to work on /home/airflow/.local/lib/python3.7/site-packages/airflow/example_dags/example_xcom.py
[2025-07-28T22:48:44.307+0000] {processor.py:743} INFO - Processing file /home/airflow/.local/lib/python3.7/site-packages/airflow/example_dags/example_xcom.py for tasks to queue
[2025-07-28T22:48:44.309+0000] {logging_mixin.py:137} INFO - [2025-07-28T22:48:44.309+0000] {dagbag.py:538} INFO - Filling up the DagBag from /home/airflow/.local/lib/python3.7/site-packages/airflow/example_dags/example_xcom.py
[2025-07-28T22:48:44.346+0000] {processor.py:753} INFO - DAG(s) dict_keys(['example_xcom']) retrieved from /home/airflow/.local/lib/python3.7/site-packages/airflow/example_dags/example_xcom.py
[2025-07-28T22:48:44.413+0000] {logging_mixin.py:137} INFO - [2025-07-28T22:48:44.413+0000] {dag.py:2690} INFO - Sync 1 DAGs
[2025-07-28T22:48:44.471+0000] {logging_mixin.py:137} INFO - [2025-07-28T22:48:44.470+0000] {dag.py:3441} INFO - Setting next_dagrun for example_xcom to 2021-01-01T00:00:00+00:00, run_after=2021-01-01T00:00:00+00:00
[2025-07-28T22:48:44.501+0000] {processor.py:175} INFO - Processing /home/airflow/.local/lib/python3.7/site-packages/airflow/example_dags/example_xcom.py took 0.203 seconds
[2025-07-28T22:49:15.027+0000] {processor.py:153} INFO - Started process (PID=587) to work on /home/airflow/.local/lib/python3.7/site-packages/airflow/example_dags/example_xcom.py
[2025-07-28T22:49:15.029+0000] {processor.py:743} INFO - Processing file /home/airflow/.local/lib/python3.7/site-packages/airflow/example_dags/example_xcom.py for tasks to queue
[2025-07-28T22:49:15.031+0000] {logging_mixin.py:137} INFO - [2025-07-28T22:49:15.030+0000] {dagbag.py:538} INFO - Filling up the DagBag from /home/airflow/.local/lib/python3.7/site-packages/airflow/example_dags/example_xcom.py
[2025-07-28T22:49:15.093+0000] {processor.py:753} INFO - DAG(s) dict_keys(['example_xcom']) retrieved from /home/airflow/.local/lib/python3.7/site-packages/airflow/example_dags/example_xcom.py
[2025-07-28T22:49:15.172+0000] {logging_mixin.py:137} INFO - [2025-07-28T22:49:15.170+0000] {dag.py:2690} INFO - Sync 1 DAGs
[2025-07-28T22:49:15.259+0000] {logging_mixin.py:137} INFO - [2025-07-28T22:49:15.259+0000] {dag.py:3441} INFO - Setting next_dagrun for example_xcom to 2021-01-01T00:00:00+00:00, run_after=2021-01-01T00:00:00+00:00
[2025-07-28T22:49:15.313+0000] {processor.py:175} INFO - Processing /home/airflow/.local/lib/python3.7/site-packages/airflow/example_dags/example_xcom.py took 0.293 seconds
[2025-07-28T22:49:45.586+0000] {processor.py:153} INFO - Started process (PID=658) to work on /home/airflow/.local/lib/python3.7/site-packages/airflow/example_dags/example_xcom.py
[2025-07-28T22:49:45.587+0000] {processor.py:743} INFO - Processing file /home/airflow/.local/lib/python3.7/site-packages/airflow/example_dags/example_xcom.py for tasks to queue
[2025-07-28T22:49:45.589+0000] {logging_mixin.py:137} INFO - [2025-07-28T22:49:45.588+0000] {dagbag.py:538} INFO - Filling up the DagBag from /home/airflow/.local/lib/python3.7/site-packages/airflow/example_dags/example_xcom.py
[2025-07-28T22:49:45.627+0000] {processor.py:753} INFO - DAG(s) dict_keys(['example_xcom']) retrieved from /home/airflow/.local/lib/python3.7/site-packages/airflow/example_dags/example_xcom.py
[2025-07-28T22:49:45.670+0000] {logging_mixin.py:137} INFO - [2025-07-28T22:49:45.669+0000] {dag.py:2690} INFO - Sync 1 DAGs
[2025-07-28T22:49:45.715+0000] {logging_mixin.py:137} INFO - [2025-07-28T22:49:45.714+0000] {dag.py:3441} INFO - Setting next_dagrun for example_xcom to 2021-01-01T00:00:00+00:00, run_after=2021-01-01T00:00:00+00:00
[2025-07-28T22:49:45.746+0000] {processor.py:175} INFO - Processing /home/airflow/.local/lib/python3.7/site-packages/airflow/example_dags/example_xcom.py took 0.165 seconds
[2025-07-28T22:50:16.287+0000] {processor.py:153} INFO - Started process (PID=745) to work on /home/airflow/.local/lib/python3.7/site-packages/airflow/example_dags/example_xcom.py
[2025-07-28T22:50:16.292+0000] {processor.py:743} INFO - Processing file /home/airflow/.local/lib/python3.7/site-packages/airflow/example_dags/example_xcom.py for tasks to queue
[2025-07-28T22:50:16.294+0000] {logging_mixin.py:137} INFO - [2025-07-28T22:50:16.294+0000] {dagbag.py:538} INFO - Filling up the DagBag from /home/airflow/.local/lib/python3.7/site-packages/airflow/example_dags/example_xcom.py
[2025-07-28T22:50:16.342+0000] {processor.py:753} INFO - DAG(s) dict_keys(['example_xcom']) retrieved from /home/airflow/.local/lib/python3.7/site-packages/airflow/example_dags/example_xcom.py
[2025-07-28T22:50:16.393+0000] {logging_mixin.py:137} INFO - [2025-07-28T22:50:16.392+0000] {dag.py:2690} INFO - Sync 1 DAGs
[2025-07-28T22:50:16.447+0000] {logging_mixin.py:137} INFO - [2025-07-28T22:50:16.447+0000] {dag.py:3441} INFO - Setting next_dagrun for example_xcom to 2021-01-01T00:00:00+00:00, run_after=2021-01-01T00:00:00+00:00
[2025-07-28T22:50:16.493+0000] {processor.py:175} INFO - Processing /home/airflow/.local/lib/python3.7/site-packages/airflow/example_dags/example_xcom.py took 0.212 seconds
[2025-07-28T22:50:47.140+0000] {processor.py:153} INFO - Started process (PID=816) to work on /home/airflow/.local/lib/python3.7/site-packages/airflow/example_dags/example_xcom.py
[2025-07-28T22:50:47.142+0000] {processor.py:743} INFO - Processing file /home/airflow/.local/lib/python3.7/site-packages/airflow/example_dags/example_xcom.py for tasks to queue
[2025-07-28T22:50:47.143+0000] {logging_mixin.py:137} INFO - [2025-07-28T22:50:47.143+0000] {dagbag.py:538} INFO - Filling up the DagBag from /home/airflow/.local/lib/python3.7/site-packages/airflow/example_dags/example_xcom.py
[2025-07-28T22:50:47.176+0000] {processor.py:753} INFO - DAG(s) dict_keys(['example_xcom']) retrieved from /home/airflow/.local/lib/python3.7/site-packages/airflow/example_dags/example_xcom.py
[2025-07-28T22:50:47.211+0000] {logging_mixin.py:137} INFO - [2025-07-28T22:50:47.211+0000] {dag.py:2690} INFO - Sync 1 DAGs
[2025-07-28T22:50:47.252+0000] {logging_mixin.py:137} INFO - [2025-07-28T22:50:47.252+0000] {dag.py:3441} INFO - Setting next_dagrun for example_xcom to 2021-01-01T00:00:00+00:00, run_after=2021-01-01T00:00:00+00:00
[2025-07-28T22:50:47.283+0000] {processor.py:175} INFO - Processing /home/airflow/.local/lib/python3.7/site-packages/airflow/example_dags/example_xcom.py took 0.150 seconds
[2025-07-28T22:51:17.992+0000] {processor.py:153} INFO - Started process (PID=887) to work on /home/airflow/.local/lib/python3.7/site-packages/airflow/example_dags/example_xcom.py
[2025-07-28T22:51:17.994+0000] {processor.py:743} INFO - Processing file /home/airflow/.local/lib/python3.7/site-packages/airflow/example_dags/example_xcom.py for tasks to queue
[2025-07-28T22:51:17.995+0000] {logging_mixin.py:137} INFO - [2025-07-28T22:51:17.994+0000] {dagbag.py:538} INFO - Filling up the DagBag from /home/airflow/.local/lib/python3.7/site-packages/airflow/example_dags/example_xcom.py
[2025-07-28T22:51:18.024+0000] {processor.py:753} INFO - DAG(s) dict_keys(['example_xcom']) retrieved from /home/airflow/.local/lib/python3.7/site-packages/airflow/example_dags/example_xcom.py
[2025-07-28T22:51:18.061+0000] {logging_mixin.py:137} INFO - [2025-07-28T22:51:18.061+0000] {dag.py:2690} INFO - Sync 1 DAGs
[2025-07-28T22:51:18.090+0000] {logging_mixin.py:137} INFO - [2025-07-28T22:51:18.090+0000] {dag.py:3441} INFO - Setting next_dagrun for example_xcom to 2021-01-01T00:00:00+00:00, run_after=2021-01-01T00:00:00+00:00
[2025-07-28T22:51:18.118+0000] {processor.py:175} INFO - Processing /home/airflow/.local/lib/python3.7/site-packages/airflow/example_dags/example_xcom.py took 0.131 seconds
[2025-07-28T22:51:48.239+0000] {processor.py:153} INFO - Started process (PID=974) to work on /home/airflow/.local/lib/python3.7/site-packages/airflow/example_dags/example_xcom.py
[2025-07-28T22:51:48.241+0000] {processor.py:743} INFO - Processing file /home/airflow/.local/lib/python3.7/site-packages/airflow/example_dags/example_xcom.py for tasks to queue
[2025-07-28T22:51:48.242+0000] {logging_mixin.py:137} INFO - [2025-07-28T22:51:48.242+0000] {dagbag.py:538} INFO - Filling up the DagBag from /home/airflow/.local/lib/python3.7/site-packages/airflow/example_dags/example_xcom.py
[2025-07-28T22:51:48.278+0000] {processor.py:753} INFO - DAG(s) dict_keys(['example_xcom']) retrieved from /home/airflow/.local/lib/python3.7/site-packages/airflow/example_dags/example_xcom.py
[2025-07-28T22:51:48.316+0000] {logging_mixin.py:137} INFO - [2025-07-28T22:51:48.316+0000] {dag.py:2690} INFO - Sync 1 DAGs
[2025-07-28T22:51:48.348+0000] {logging_mixin.py:137} INFO - [2025-07-28T22:51:48.347+0000] {dag.py:3441} INFO - Setting next_dagrun for example_xcom to 2021-01-01T00:00:00+00:00, run_after=2021-01-01T00:00:00+00:00
[2025-07-28T22:51:48.376+0000] {processor.py:175} INFO - Processing /home/airflow/.local/lib/python3.7/site-packages/airflow/example_dags/example_xcom.py took 0.141 seconds
[2025-07-28T22:52:18.924+0000] {processor.py:153} INFO - Started process (PID=1045) to work on /home/airflow/.local/lib/python3.7/site-packages/airflow/example_dags/example_xcom.py
[2025-07-28T22:52:18.926+0000] {processor.py:743} INFO - Processing file /home/airflow/.local/lib/python3.7/site-packages/airflow/example_dags/example_xcom.py for tasks to queue
[2025-07-28T22:52:18.927+0000] {logging_mixin.py:137} INFO - [2025-07-28T22:52:18.926+0000] {dagbag.py:538} INFO - Filling up the DagBag from /home/airflow/.local/lib/python3.7/site-packages/airflow/example_dags/example_xcom.py
[2025-07-28T22:52:18.953+0000] {processor.py:753} INFO - DAG(s) dict_keys(['example_xcom']) retrieved from /home/airflow/.local/lib/python3.7/site-packages/airflow/example_dags/example_xcom.py
[2025-07-28T22:52:18.992+0000] {logging_mixin.py:137} INFO - [2025-07-28T22:52:18.992+0000] {dag.py:2690} INFO - Sync 1 DAGs
[2025-07-28T22:52:19.033+0000] {logging_mixin.py:137} INFO - [2025-07-28T22:52:19.033+0000] {dag.py:3441} INFO - Setting next_dagrun for example_xcom to 2021-01-01T00:00:00+00:00, run_after=2021-01-01T00:00:00+00:00
[2025-07-28T22:52:19.068+0000] {processor.py:175} INFO - Processing /home/airflow/.local/lib/python3.7/site-packages/airflow/example_dags/example_xcom.py took 0.149 seconds
[2025-07-28T22:52:49.913+0000] {processor.py:153} INFO - Started process (PID=1132) to work on /home/airflow/.local/lib/python3.7/site-packages/airflow/example_dags/example_xcom.py
[2025-07-28T22:52:49.915+0000] {processor.py:743} INFO - Processing file /home/airflow/.local/lib/python3.7/site-packages/airflow/example_dags/example_xcom.py for tasks to queue
[2025-07-28T22:52:49.916+0000] {logging_mixin.py:137} INFO - [2025-07-28T22:52:49.916+0000] {dagbag.py:538} INFO - Filling up the DagBag from /home/airflow/.local/lib/python3.7/site-packages/airflow/example_dags/example_xcom.py
[2025-07-28T22:52:49.950+0000] {processor.py:753} INFO - DAG(s) dict_keys(['example_xcom']) retrieved from /home/airflow/.local/lib/python3.7/site-packages/airflow/example_dags/example_xcom.py
[2025-07-28T22:52:49.997+0000] {logging_mixin.py:137} INFO - [2025-07-28T22:52:49.996+0000] {dag.py:2690} INFO - Sync 1 DAGs
[2025-07-28T22:52:50.040+0000] {logging_mixin.py:137} INFO - [2025-07-28T22:52:50.039+0000] {dag.py:3441} INFO - Setting next_dagrun for example_xcom to 2021-01-01T00:00:00+00:00, run_after=2021-01-01T00:00:00+00:00
[2025-07-28T22:52:50.070+0000] {processor.py:175} INFO - Processing /home/airflow/.local/lib/python3.7/site-packages/airflow/example_dags/example_xcom.py took 0.164 seconds
[2025-07-28T22:53:20.363+0000] {processor.py:153} INFO - Started process (PID=1203) to work on /home/airflow/.local/lib/python3.7/site-packages/airflow/example_dags/example_xcom.py
[2025-07-28T22:53:20.364+0000] {processor.py:743} INFO - Processing file /home/airflow/.local/lib/python3.7/site-packages/airflow/example_dags/example_xcom.py for tasks to queue
[2025-07-28T22:53:20.365+0000] {logging_mixin.py:137} INFO - [2025-07-28T22:53:20.365+0000] {dagbag.py:538} INFO - Filling up the DagBag from /home/airflow/.local/lib/python3.7/site-packages/airflow/example_dags/example_xcom.py
[2025-07-28T22:53:20.406+0000] {processor.py:753} INFO - DAG(s) dict_keys(['example_xcom']) retrieved from /home/airflow/.local/lib/python3.7/site-packages/airflow/example_dags/example_xcom.py
[2025-07-28T22:53:20.446+0000] {logging_mixin.py:137} INFO - [2025-07-28T22:53:20.446+0000] {dag.py:2690} INFO - Sync 1 DAGs
[2025-07-28T22:53:20.475+0000] {logging_mixin.py:137} INFO - [2025-07-28T22:53:20.475+0000] {dag.py:3441} INFO - Setting next_dagrun for example_xcom to 2021-01-01T00:00:00+00:00, run_after=2021-01-01T00:00:00+00:00
[2025-07-28T22:53:20.507+0000] {processor.py:175} INFO - Processing /home/airflow/.local/lib/python3.7/site-packages/airflow/example_dags/example_xcom.py took 0.149 seconds
[2025-07-28T22:53:52.069+0000] {processor.py:153} INFO - Started process (PID=1283) to work on /home/airflow/.local/lib/python3.7/site-packages/airflow/example_dags/example_xcom.py
[2025-07-28T22:53:52.077+0000] {processor.py:743} INFO - Processing file /home/airflow/.local/lib/python3.7/site-packages/airflow/example_dags/example_xcom.py for tasks to queue
[2025-07-28T22:53:52.082+0000] {logging_mixin.py:137} INFO - [2025-07-28T22:53:52.082+0000] {dagbag.py:538} INFO - Filling up the DagBag from /home/airflow/.local/lib/python3.7/site-packages/airflow/example_dags/example_xcom.py
[2025-07-28T22:53:52.228+0000] {processor.py:753} INFO - DAG(s) dict_keys(['example_xcom']) retrieved from /home/airflow/.local/lib/python3.7/site-packages/airflow/example_dags/example_xcom.py
[2025-07-28T22:53:52.366+0000] {logging_mixin.py:137} INFO - [2025-07-28T22:53:52.364+0000] {dag.py:2690} INFO - Sync 1 DAGs
[2025-07-28T22:53:52.461+0000] {logging_mixin.py:137} INFO - [2025-07-28T22:53:52.461+0000] {dag.py:3441} INFO - Setting next_dagrun for example_xcom to 2021-01-01T00:00:00+00:00, run_after=2021-01-01T00:00:00+00:00
[2025-07-28T22:53:52.538+0000] {processor.py:175} INFO - Processing /home/airflow/.local/lib/python3.7/site-packages/airflow/example_dags/example_xcom.py took 0.498 seconds
[2025-07-28T22:54:23.926+0000] {processor.py:153} INFO - Started process (PID=1353) to work on /home/airflow/.local/lib/python3.7/site-packages/airflow/example_dags/example_xcom.py
[2025-07-28T22:54:23.939+0000] {processor.py:743} INFO - Processing file /home/airflow/.local/lib/python3.7/site-packages/airflow/example_dags/example_xcom.py for tasks to queue
[2025-07-28T22:54:23.956+0000] {logging_mixin.py:137} INFO - [2025-07-28T22:54:23.955+0000] {dagbag.py:538} INFO - Filling up the DagBag from /home/airflow/.local/lib/python3.7/site-packages/airflow/example_dags/example_xcom.py
[2025-07-28T22:54:24.032+0000] {processor.py:753} INFO - DAG(s) dict_keys(['example_xcom']) retrieved from /home/airflow/.local/lib/python3.7/site-packages/airflow/example_dags/example_xcom.py
[2025-07-28T22:54:24.100+0000] {logging_mixin.py:137} INFO - [2025-07-28T22:54:24.100+0000] {dag.py:2690} INFO - Sync 1 DAGs
[2025-07-28T22:54:24.197+0000] {logging_mixin.py:137} INFO - [2025-07-28T22:54:24.196+0000] {dag.py:3441} INFO - Setting next_dagrun for example_xcom to 2021-01-01T00:00:00+00:00, run_after=2021-01-01T00:00:00+00:00
[2025-07-28T22:54:24.310+0000] {processor.py:175} INFO - Processing /home/airflow/.local/lib/python3.7/site-packages/airflow/example_dags/example_xcom.py took 0.405 seconds
[2025-07-28T22:54:54.942+0000] {processor.py:153} INFO - Started process (PID=1432) to work on /home/airflow/.local/lib/python3.7/site-packages/airflow/example_dags/example_xcom.py
[2025-07-28T22:54:54.944+0000] {processor.py:743} INFO - Processing file /home/airflow/.local/lib/python3.7/site-packages/airflow/example_dags/example_xcom.py for tasks to queue
[2025-07-28T22:54:54.946+0000] {logging_mixin.py:137} INFO - [2025-07-28T22:54:54.945+0000] {dagbag.py:538} INFO - Filling up the DagBag from /home/airflow/.local/lib/python3.7/site-packages/airflow/example_dags/example_xcom.py
[2025-07-28T22:54:55.010+0000] {processor.py:753} INFO - DAG(s) dict_keys(['example_xcom']) retrieved from /home/airflow/.local/lib/python3.7/site-packages/airflow/example_dags/example_xcom.py
[2025-07-28T22:54:55.089+0000] {logging_mixin.py:137} INFO - [2025-07-28T22:54:55.088+0000] {dag.py:2690} INFO - Sync 1 DAGs
[2025-07-28T22:54:55.182+0000] {logging_mixin.py:137} INFO - [2025-07-28T22:54:55.182+0000] {dag.py:3441} INFO - Setting next_dagrun for example_xcom to 2021-01-01T00:00:00+00:00, run_after=2021-01-01T00:00:00+00:00
[2025-07-28T22:54:55.243+0000] {processor.py:175} INFO - Processing /home/airflow/.local/lib/python3.7/site-packages/airflow/example_dags/example_xcom.py took 0.309 seconds
[2025-07-28T22:55:25.945+0000] {processor.py:153} INFO - Started process (PID=1504) to work on /home/airflow/.local/lib/python3.7/site-packages/airflow/example_dags/example_xcom.py
[2025-07-28T22:55:25.947+0000] {processor.py:743} INFO - Processing file /home/airflow/.local/lib/python3.7/site-packages/airflow/example_dags/example_xcom.py for tasks to queue
[2025-07-28T22:55:25.948+0000] {logging_mixin.py:137} INFO - [2025-07-28T22:55:25.948+0000] {dagbag.py:538} INFO - Filling up the DagBag from /home/airflow/.local/lib/python3.7/site-packages/airflow/example_dags/example_xcom.py
[2025-07-28T22:55:25.983+0000] {processor.py:753} INFO - DAG(s) dict_keys(['example_xcom']) retrieved from /home/airflow/.local/lib/python3.7/site-packages/airflow/example_dags/example_xcom.py
[2025-07-28T22:55:26.033+0000] {logging_mixin.py:137} INFO - [2025-07-28T22:55:26.033+0000] {dag.py:2690} INFO - Sync 1 DAGs
[2025-07-28T22:55:26.076+0000] {logging_mixin.py:137} INFO - [2025-07-28T22:55:26.076+0000] {dag.py:3441} INFO - Setting next_dagrun for example_xcom to 2021-01-01T00:00:00+00:00, run_after=2021-01-01T00:00:00+00:00
[2025-07-28T22:55:26.110+0000] {processor.py:175} INFO - Processing /home/airflow/.local/lib/python3.7/site-packages/airflow/example_dags/example_xcom.py took 0.169 seconds
[2025-07-28T22:55:56.238+0000] {processor.py:153} INFO - Started process (PID=1575) to work on /home/airflow/.local/lib/python3.7/site-packages/airflow/example_dags/example_xcom.py
[2025-07-28T22:55:56.240+0000] {processor.py:743} INFO - Processing file /home/airflow/.local/lib/python3.7/site-packages/airflow/example_dags/example_xcom.py for tasks to queue
[2025-07-28T22:55:56.241+0000] {logging_mixin.py:137} INFO - [2025-07-28T22:55:56.240+0000] {dagbag.py:538} INFO - Filling up the DagBag from /home/airflow/.local/lib/python3.7/site-packages/airflow/example_dags/example_xcom.py
[2025-07-28T22:55:56.273+0000] {processor.py:753} INFO - DAG(s) dict_keys(['example_xcom']) retrieved from /home/airflow/.local/lib/python3.7/site-packages/airflow/example_dags/example_xcom.py
[2025-07-28T22:55:56.304+0000] {logging_mixin.py:137} INFO - [2025-07-28T22:55:56.304+0000] {dag.py:2690} INFO - Sync 1 DAGs
[2025-07-28T22:55:56.336+0000] {logging_mixin.py:137} INFO - [2025-07-28T22:55:56.336+0000] {dag.py:3441} INFO - Setting next_dagrun for example_xcom to 2021-01-01T00:00:00+00:00, run_after=2021-01-01T00:00:00+00:00
[2025-07-28T22:55:56.367+0000] {processor.py:175} INFO - Processing /home/airflow/.local/lib/python3.7/site-packages/airflow/example_dags/example_xcom.py took 0.134 seconds
[2025-07-28T22:56:26.571+0000] {processor.py:153} INFO - Started process (PID=1646) to work on /home/airflow/.local/lib/python3.7/site-packages/airflow/example_dags/example_xcom.py
[2025-07-28T22:56:26.572+0000] {processor.py:743} INFO - Processing file /home/airflow/.local/lib/python3.7/site-packages/airflow/example_dags/example_xcom.py for tasks to queue
[2025-07-28T22:56:26.573+0000] {logging_mixin.py:137} INFO - [2025-07-28T22:56:26.573+0000] {dagbag.py:538} INFO - Filling up the DagBag from /home/airflow/.local/lib/python3.7/site-packages/airflow/example_dags/example_xcom.py
[2025-07-28T22:56:26.618+0000] {processor.py:753} INFO - DAG(s) dict_keys(['example_xcom']) retrieved from /home/airflow/.local/lib/python3.7/site-packages/airflow/example_dags/example_xcom.py
[2025-07-28T22:56:26.671+0000] {logging_mixin.py:137} INFO - [2025-07-28T22:56:26.671+0000] {dag.py:2690} INFO - Sync 1 DAGs
[2025-07-28T22:56:26.721+0000] {logging_mixin.py:137} INFO - [2025-07-28T22:56:26.721+0000] {dag.py:3441} INFO - Setting next_dagrun for example_xcom to 2021-01-01T00:00:00+00:00, run_after=2021-01-01T00:00:00+00:00
[2025-07-28T22:56:26.754+0000] {processor.py:175} INFO - Processing /home/airflow/.local/lib/python3.7/site-packages/airflow/example_dags/example_xcom.py took 0.187 seconds
[2025-07-28T22:56:57.056+0000] {processor.py:153} INFO - Started process (PID=1718) to work on /home/airflow/.local/lib/python3.7/site-packages/airflow/example_dags/example_xcom.py
[2025-07-28T22:56:57.058+0000] {processor.py:743} INFO - Processing file /home/airflow/.local/lib/python3.7/site-packages/airflow/example_dags/example_xcom.py for tasks to queue
[2025-07-28T22:56:57.061+0000] {logging_mixin.py:137} INFO - [2025-07-28T22:56:57.061+0000] {dagbag.py:538} INFO - Filling up the DagBag from /home/airflow/.local/lib/python3.7/site-packages/airflow/example_dags/example_xcom.py
[2025-07-28T22:56:57.087+0000] {processor.py:753} INFO - DAG(s) dict_keys(['example_xcom']) retrieved from /home/airflow/.local/lib/python3.7/site-packages/airflow/example_dags/example_xcom.py
[2025-07-28T22:56:57.121+0000] {logging_mixin.py:137} INFO - [2025-07-28T22:56:57.121+0000] {dag.py:2690} INFO - Sync 1 DAGs
[2025-07-28T22:56:57.157+0000] {logging_mixin.py:137} INFO - [2025-07-28T22:56:57.157+0000] {dag.py:3441} INFO - Setting next_dagrun for example_xcom to 2021-01-01T00:00:00+00:00, run_after=2021-01-01T00:00:00+00:00
[2025-07-28T22:56:57.181+0000] {processor.py:175} INFO - Processing /home/airflow/.local/lib/python3.7/site-packages/airflow/example_dags/example_xcom.py took 0.129 seconds
[2025-07-28T22:57:28.125+0000] {processor.py:153} INFO - Started process (PID=1798) to work on /home/airflow/.local/lib/python3.7/site-packages/airflow/example_dags/example_xcom.py
[2025-07-28T22:57:28.126+0000] {processor.py:743} INFO - Processing file /home/airflow/.local/lib/python3.7/site-packages/airflow/example_dags/example_xcom.py for tasks to queue
[2025-07-28T22:57:28.127+0000] {logging_mixin.py:137} INFO - [2025-07-28T22:57:28.127+0000] {dagbag.py:538} INFO - Filling up the DagBag from /home/airflow/.local/lib/python3.7/site-packages/airflow/example_dags/example_xcom.py
[2025-07-28T22:57:28.172+0000] {processor.py:753} INFO - DAG(s) dict_keys(['example_xcom']) retrieved from /home/airflow/.local/lib/python3.7/site-packages/airflow/example_dags/example_xcom.py
[2025-07-28T22:57:28.214+0000] {logging_mixin.py:137} INFO - [2025-07-28T22:57:28.214+0000] {dag.py:2690} INFO - Sync 1 DAGs
[2025-07-28T22:57:28.265+0000] {logging_mixin.py:137} INFO - [2025-07-28T22:57:28.265+0000] {dag.py:3441} INFO - Setting next_dagrun for example_xcom to 2021-01-01T00:00:00+00:00, run_after=2021-01-01T00:00:00+00:00
[2025-07-28T22:57:28.304+0000] {processor.py:175} INFO - Processing /home/airflow/.local/lib/python3.7/site-packages/airflow/example_dags/example_xcom.py took 0.189 seconds
[2025-07-28T22:57:58.554+0000] {processor.py:153} INFO - Started process (PID=1876) to work on /home/airflow/.local/lib/python3.7/site-packages/airflow/example_dags/example_xcom.py
[2025-07-28T22:57:58.555+0000] {processor.py:743} INFO - Processing file /home/airflow/.local/lib/python3.7/site-packages/airflow/example_dags/example_xcom.py for tasks to queue
[2025-07-28T22:57:58.556+0000] {logging_mixin.py:137} INFO - [2025-07-28T22:57:58.556+0000] {dagbag.py:538} INFO - Filling up the DagBag from /home/airflow/.local/lib/python3.7/site-packages/airflow/example_dags/example_xcom.py
[2025-07-28T22:57:58.589+0000] {processor.py:753} INFO - DAG(s) dict_keys(['example_xcom']) retrieved from /home/airflow/.local/lib/python3.7/site-packages/airflow/example_dags/example_xcom.py
[2025-07-28T22:57:58.622+0000] {logging_mixin.py:137} INFO - [2025-07-28T22:57:58.622+0000] {dag.py:2690} INFO - Sync 1 DAGs
[2025-07-28T22:57:58.649+0000] {logging_mixin.py:137} INFO - [2025-07-28T22:57:58.649+0000] {dag.py:3441} INFO - Setting next_dagrun for example_xcom to 2021-01-01T00:00:00+00:00, run_after=2021-01-01T00:00:00+00:00
[2025-07-28T22:57:58.675+0000] {processor.py:175} INFO - Processing /home/airflow/.local/lib/python3.7/site-packages/airflow/example_dags/example_xcom.py took 0.125 seconds
[2025-07-28T22:58:29.174+0000] {processor.py:153} INFO - Started process (PID=1947) to work on /home/airflow/.local/lib/python3.7/site-packages/airflow/example_dags/example_xcom.py
[2025-07-28T22:58:29.175+0000] {processor.py:743} INFO - Processing file /home/airflow/.local/lib/python3.7/site-packages/airflow/example_dags/example_xcom.py for tasks to queue
[2025-07-28T22:58:29.177+0000] {logging_mixin.py:137} INFO - [2025-07-28T22:58:29.176+0000] {dagbag.py:538} INFO - Filling up the DagBag from /home/airflow/.local/lib/python3.7/site-packages/airflow/example_dags/example_xcom.py
[2025-07-28T22:58:29.215+0000] {processor.py:753} INFO - DAG(s) dict_keys(['example_xcom']) retrieved from /home/airflow/.local/lib/python3.7/site-packages/airflow/example_dags/example_xcom.py
[2025-07-28T22:58:29.256+0000] {logging_mixin.py:137} INFO - [2025-07-28T22:58:29.256+0000] {dag.py:2690} INFO - Sync 1 DAGs
[2025-07-28T22:58:29.294+0000] {logging_mixin.py:137} INFO - [2025-07-28T22:58:29.294+0000] {dag.py:3441} INFO - Setting next_dagrun for example_xcom to 2021-01-01T00:00:00+00:00, run_after=2021-01-01T00:00:00+00:00
[2025-07-28T22:58:29.322+0000] {processor.py:175} INFO - Processing /home/airflow/.local/lib/python3.7/site-packages/airflow/example_dags/example_xcom.py took 0.153 seconds
[2025-07-28T22:58:59.622+0000] {processor.py:153} INFO - Started process (PID=2027) to work on /home/airflow/.local/lib/python3.7/site-packages/airflow/example_dags/example_xcom.py
[2025-07-28T22:58:59.625+0000] {processor.py:743} INFO - Processing file /home/airflow/.local/lib/python3.7/site-packages/airflow/example_dags/example_xcom.py for tasks to queue
[2025-07-28T22:58:59.626+0000] {logging_mixin.py:137} INFO - [2025-07-28T22:58:59.626+0000] {dagbag.py:538} INFO - Filling up the DagBag from /home/airflow/.local/lib/python3.7/site-packages/airflow/example_dags/example_xcom.py
[2025-07-28T22:58:59.669+0000] {processor.py:753} INFO - DAG(s) dict_keys(['example_xcom']) retrieved from /home/airflow/.local/lib/python3.7/site-packages/airflow/example_dags/example_xcom.py
[2025-07-28T22:58:59.710+0000] {logging_mixin.py:137} INFO - [2025-07-28T22:58:59.710+0000] {dag.py:2690} INFO - Sync 1 DAGs
[2025-07-28T22:58:59.757+0000] {logging_mixin.py:137} INFO - [2025-07-28T22:58:59.756+0000] {dag.py:3441} INFO - Setting next_dagrun for example_xcom to 2021-01-01T00:00:00+00:00, run_after=2021-01-01T00:00:00+00:00
[2025-07-28T22:58:59.788+0000] {processor.py:175} INFO - Processing /home/airflow/.local/lib/python3.7/site-packages/airflow/example_dags/example_xcom.py took 0.171 seconds
[2025-07-28T22:59:30.335+0000] {processor.py:153} INFO - Started process (PID=2105) to work on /home/airflow/.local/lib/python3.7/site-packages/airflow/example_dags/example_xcom.py
[2025-07-28T22:59:30.337+0000] {processor.py:743} INFO - Processing file /home/airflow/.local/lib/python3.7/site-packages/airflow/example_dags/example_xcom.py for tasks to queue
[2025-07-28T22:59:30.339+0000] {logging_mixin.py:137} INFO - [2025-07-28T22:59:30.339+0000] {dagbag.py:538} INFO - Filling up the DagBag from /home/airflow/.local/lib/python3.7/site-packages/airflow/example_dags/example_xcom.py
[2025-07-28T22:59:30.367+0000] {processor.py:753} INFO - DAG(s) dict_keys(['example_xcom']) retrieved from /home/airflow/.local/lib/python3.7/site-packages/airflow/example_dags/example_xcom.py
[2025-07-28T22:59:30.402+0000] {logging_mixin.py:137} INFO - [2025-07-28T22:59:30.402+0000] {dag.py:2690} INFO - Sync 1 DAGs
[2025-07-28T22:59:30.429+0000] {logging_mixin.py:137} INFO - [2025-07-28T22:59:30.429+0000] {dag.py:3441} INFO - Setting next_dagrun for example_xcom to 2021-01-01T00:00:00+00:00, run_after=2021-01-01T00:00:00+00:00
[2025-07-28T22:59:30.456+0000] {processor.py:175} INFO - Processing /home/airflow/.local/lib/python3.7/site-packages/airflow/example_dags/example_xcom.py took 0.124 seconds
[2025-07-28T23:00:01.756+0000] {processor.py:153} INFO - Started process (PID=2177) to work on /home/airflow/.local/lib/python3.7/site-packages/airflow/example_dags/example_xcom.py
[2025-07-28T23:00:01.758+0000] {processor.py:743} INFO - Processing file /home/airflow/.local/lib/python3.7/site-packages/airflow/example_dags/example_xcom.py for tasks to queue
[2025-07-28T23:00:01.758+0000] {logging_mixin.py:137} INFO - [2025-07-28T23:00:01.758+0000] {dagbag.py:538} INFO - Filling up the DagBag from /home/airflow/.local/lib/python3.7/site-packages/airflow/example_dags/example_xcom.py
[2025-07-28T23:00:01.796+0000] {processor.py:753} INFO - DAG(s) dict_keys(['example_xcom']) retrieved from /home/airflow/.local/lib/python3.7/site-packages/airflow/example_dags/example_xcom.py
[2025-07-28T23:00:01.840+0000] {logging_mixin.py:137} INFO - [2025-07-28T23:00:01.840+0000] {dag.py:2690} INFO - Sync 1 DAGs
[2025-07-28T23:00:01.872+0000] {logging_mixin.py:137} INFO - [2025-07-28T23:00:01.872+0000] {dag.py:3441} INFO - Setting next_dagrun for example_xcom to 2021-01-01T00:00:00+00:00, run_after=2021-01-01T00:00:00+00:00
[2025-07-28T23:00:01.896+0000] {processor.py:175} INFO - Processing /home/airflow/.local/lib/python3.7/site-packages/airflow/example_dags/example_xcom.py took 0.145 seconds
[2025-07-28T23:00:32.642+0000] {processor.py:153} INFO - Started process (PID=2264) to work on /home/airflow/.local/lib/python3.7/site-packages/airflow/example_dags/example_xcom.py
[2025-07-28T23:00:32.644+0000] {processor.py:743} INFO - Processing file /home/airflow/.local/lib/python3.7/site-packages/airflow/example_dags/example_xcom.py for tasks to queue
[2025-07-28T23:00:32.645+0000] {logging_mixin.py:137} INFO - [2025-07-28T23:00:32.645+0000] {dagbag.py:538} INFO - Filling up the DagBag from /home/airflow/.local/lib/python3.7/site-packages/airflow/example_dags/example_xcom.py
[2025-07-28T23:00:32.684+0000] {processor.py:753} INFO - DAG(s) dict_keys(['example_xcom']) retrieved from /home/airflow/.local/lib/python3.7/site-packages/airflow/example_dags/example_xcom.py
[2025-07-28T23:00:32.726+0000] {logging_mixin.py:137} INFO - [2025-07-28T23:00:32.726+0000] {dag.py:2690} INFO - Sync 1 DAGs
[2025-07-28T23:00:32.768+0000] {logging_mixin.py:137} INFO - [2025-07-28T23:00:32.768+0000] {dag.py:3441} INFO - Setting next_dagrun for example_xcom to 2021-01-01T00:00:00+00:00, run_after=2021-01-01T00:00:00+00:00
[2025-07-28T23:00:32.796+0000] {processor.py:175} INFO - Processing /home/airflow/.local/lib/python3.7/site-packages/airflow/example_dags/example_xcom.py took 0.158 seconds
[2025-07-28T23:01:04.078+0000] {processor.py:153} INFO - Started process (PID=2335) to work on /home/airflow/.local/lib/python3.7/site-packages/airflow/example_dags/example_xcom.py
[2025-07-28T23:01:04.086+0000] {processor.py:743} INFO - Processing file /home/airflow/.local/lib/python3.7/site-packages/airflow/example_dags/example_xcom.py for tasks to queue
[2025-07-28T23:01:04.088+0000] {logging_mixin.py:137} INFO - [2025-07-28T23:01:04.087+0000] {dagbag.py:538} INFO - Filling up the DagBag from /home/airflow/.local/lib/python3.7/site-packages/airflow/example_dags/example_xcom.py
[2025-07-28T23:01:04.181+0000] {processor.py:753} INFO - DAG(s) dict_keys(['example_xcom']) retrieved from /home/airflow/.local/lib/python3.7/site-packages/airflow/example_dags/example_xcom.py
[2025-07-28T23:01:04.272+0000] {logging_mixin.py:137} INFO - [2025-07-28T23:01:04.271+0000] {dag.py:2690} INFO - Sync 1 DAGs
[2025-07-28T23:01:04.340+0000] {logging_mixin.py:137} INFO - [2025-07-28T23:01:04.339+0000] {dag.py:3441} INFO - Setting next_dagrun for example_xcom to 2021-01-01T00:00:00+00:00, run_after=2021-01-01T00:00:00+00:00
[2025-07-28T23:01:04.427+0000] {processor.py:175} INFO - Processing /home/airflow/.local/lib/python3.7/site-packages/airflow/example_dags/example_xcom.py took 0.366 seconds
[2025-07-28T23:01:34.935+0000] {processor.py:153} INFO - Started process (PID=2423) to work on /home/airflow/.local/lib/python3.7/site-packages/airflow/example_dags/example_xcom.py
[2025-07-28T23:01:34.937+0000] {processor.py:743} INFO - Processing file /home/airflow/.local/lib/python3.7/site-packages/airflow/example_dags/example_xcom.py for tasks to queue
[2025-07-28T23:01:34.941+0000] {logging_mixin.py:137} INFO - [2025-07-28T23:01:34.940+0000] {dagbag.py:538} INFO - Filling up the DagBag from /home/airflow/.local/lib/python3.7/site-packages/airflow/example_dags/example_xcom.py
[2025-07-28T23:01:34.981+0000] {processor.py:753} INFO - DAG(s) dict_keys(['example_xcom']) retrieved from /home/airflow/.local/lib/python3.7/site-packages/airflow/example_dags/example_xcom.py
[2025-07-28T23:01:35.024+0000] {logging_mixin.py:137} INFO - [2025-07-28T23:01:35.024+0000] {dag.py:2690} INFO - Sync 1 DAGs
[2025-07-28T23:01:35.064+0000] {logging_mixin.py:137} INFO - [2025-07-28T23:01:35.063+0000] {dag.py:3441} INFO - Setting next_dagrun for example_xcom to 2021-01-01T00:00:00+00:00, run_after=2021-01-01T00:00:00+00:00
[2025-07-28T23:01:35.099+0000] {processor.py:175} INFO - Processing /home/airflow/.local/lib/python3.7/site-packages/airflow/example_dags/example_xcom.py took 0.169 seconds
[2025-07-28T23:02:05.390+0000] {processor.py:153} INFO - Started process (PID=2494) to work on /home/airflow/.local/lib/python3.7/site-packages/airflow/example_dags/example_xcom.py
[2025-07-28T23:02:05.392+0000] {processor.py:743} INFO - Processing file /home/airflow/.local/lib/python3.7/site-packages/airflow/example_dags/example_xcom.py for tasks to queue
[2025-07-28T23:02:05.394+0000] {logging_mixin.py:137} INFO - [2025-07-28T23:02:05.393+0000] {dagbag.py:538} INFO - Filling up the DagBag from /home/airflow/.local/lib/python3.7/site-packages/airflow/example_dags/example_xcom.py
[2025-07-28T23:02:05.437+0000] {processor.py:753} INFO - DAG(s) dict_keys(['example_xcom']) retrieved from /home/airflow/.local/lib/python3.7/site-packages/airflow/example_dags/example_xcom.py
[2025-07-28T23:02:05.484+0000] {logging_mixin.py:137} INFO - [2025-07-28T23:02:05.484+0000] {dag.py:2690} INFO - Sync 1 DAGs
[2025-07-28T23:02:05.526+0000] {logging_mixin.py:137} INFO - [2025-07-28T23:02:05.525+0000] {dag.py:3441} INFO - Setting next_dagrun for example_xcom to 2021-01-01T00:00:00+00:00, run_after=2021-01-01T00:00:00+00:00
[2025-07-28T23:02:05.561+0000] {processor.py:175} INFO - Processing /home/airflow/.local/lib/python3.7/site-packages/airflow/example_dags/example_xcom.py took 0.177 seconds
[2025-07-28T23:02:35.689+0000] {processor.py:153} INFO - Started process (PID=2571) to work on /home/airflow/.local/lib/python3.7/site-packages/airflow/example_dags/example_xcom.py
[2025-07-28T23:02:35.691+0000] {processor.py:743} INFO - Processing file /home/airflow/.local/lib/python3.7/site-packages/airflow/example_dags/example_xcom.py for tasks to queue
[2025-07-28T23:02:35.692+0000] {logging_mixin.py:137} INFO - [2025-07-28T23:02:35.692+0000] {dagbag.py:538} INFO - Filling up the DagBag from /home/airflow/.local/lib/python3.7/site-packages/airflow/example_dags/example_xcom.py
[2025-07-28T23:02:35.763+0000] {processor.py:753} INFO - DAG(s) dict_keys(['example_xcom']) retrieved from /home/airflow/.local/lib/python3.7/site-packages/airflow/example_dags/example_xcom.py
[2025-07-28T23:02:35.784+0000] {logging_mixin.py:137} INFO - [2025-07-28T23:02:35.784+0000] {dag.py:2690} INFO - Sync 1 DAGs
[2025-07-28T23:02:35.819+0000] {logging_mixin.py:137} INFO - [2025-07-28T23:02:35.819+0000] {dag.py:3441} INFO - Setting next_dagrun for example_xcom to 2021-01-01T00:00:00+00:00, run_after=2021-01-01T00:00:00+00:00
[2025-07-28T23:02:35.847+0000] {processor.py:175} INFO - Processing /home/airflow/.local/lib/python3.7/site-packages/airflow/example_dags/example_xcom.py took 0.168 seconds
[2025-07-28T23:03:06.652+0000] {processor.py:153} INFO - Started process (PID=2651) to work on /home/airflow/.local/lib/python3.7/site-packages/airflow/example_dags/example_xcom.py
[2025-07-28T23:03:06.654+0000] {processor.py:743} INFO - Processing file /home/airflow/.local/lib/python3.7/site-packages/airflow/example_dags/example_xcom.py for tasks to queue
[2025-07-28T23:03:06.655+0000] {logging_mixin.py:137} INFO - [2025-07-28T23:03:06.655+0000] {dagbag.py:538} INFO - Filling up the DagBag from /home/airflow/.local/lib/python3.7/site-packages/airflow/example_dags/example_xcom.py
[2025-07-28T23:03:06.686+0000] {processor.py:753} INFO - DAG(s) dict_keys(['example_xcom']) retrieved from /home/airflow/.local/lib/python3.7/site-packages/airflow/example_dags/example_xcom.py
[2025-07-28T23:03:06.704+0000] {logging_mixin.py:137} INFO - [2025-07-28T23:03:06.704+0000] {dag.py:2690} INFO - Sync 1 DAGs
[2025-07-28T23:03:06.736+0000] {logging_mixin.py:137} INFO - [2025-07-28T23:03:06.735+0000] {dag.py:3441} INFO - Setting next_dagrun for example_xcom to 2021-01-01T00:00:00+00:00, run_after=2021-01-01T00:00:00+00:00
[2025-07-28T23:03:06.758+0000] {processor.py:175} INFO - Processing /home/airflow/.local/lib/python3.7/site-packages/airflow/example_dags/example_xcom.py took 0.110 seconds
[2025-07-28T23:03:37.108+0000] {processor.py:153} INFO - Started process (PID=2722) to work on /home/airflow/.local/lib/python3.7/site-packages/airflow/example_dags/example_xcom.py
[2025-07-28T23:03:37.110+0000] {processor.py:743} INFO - Processing file /home/airflow/.local/lib/python3.7/site-packages/airflow/example_dags/example_xcom.py for tasks to queue
[2025-07-28T23:03:37.113+0000] {logging_mixin.py:137} INFO - [2025-07-28T23:03:37.112+0000] {dagbag.py:538} INFO - Filling up the DagBag from /home/airflow/.local/lib/python3.7/site-packages/airflow/example_dags/example_xcom.py
[2025-07-28T23:03:37.151+0000] {processor.py:753} INFO - DAG(s) dict_keys(['example_xcom']) retrieved from /home/airflow/.local/lib/python3.7/site-packages/airflow/example_dags/example_xcom.py
[2025-07-28T23:03:37.177+0000] {logging_mixin.py:137} INFO - [2025-07-28T23:03:37.176+0000] {dag.py:2690} INFO - Sync 1 DAGs
[2025-07-28T23:03:37.223+0000] {logging_mixin.py:137} INFO - [2025-07-28T23:03:37.223+0000] {dag.py:3441} INFO - Setting next_dagrun for example_xcom to 2021-01-01T00:00:00+00:00, run_after=2021-01-01T00:00:00+00:00
[2025-07-28T23:03:37.253+0000] {processor.py:175} INFO - Processing /home/airflow/.local/lib/python3.7/site-packages/airflow/example_dags/example_xcom.py took 0.152 seconds
[2025-07-28T23:04:08.132+0000] {processor.py:153} INFO - Started process (PID=2810) to work on /home/airflow/.local/lib/python3.7/site-packages/airflow/example_dags/example_xcom.py
[2025-07-28T23:04:08.137+0000] {processor.py:743} INFO - Processing file /home/airflow/.local/lib/python3.7/site-packages/airflow/example_dags/example_xcom.py for tasks to queue
[2025-07-28T23:04:08.141+0000] {logging_mixin.py:137} INFO - [2025-07-28T23:04:08.141+0000] {dagbag.py:538} INFO - Filling up the DagBag from /home/airflow/.local/lib/python3.7/site-packages/airflow/example_dags/example_xcom.py
[2025-07-28T23:04:08.209+0000] {processor.py:753} INFO - DAG(s) dict_keys(['example_xcom']) retrieved from /home/airflow/.local/lib/python3.7/site-packages/airflow/example_dags/example_xcom.py
[2025-07-28T23:04:08.268+0000] {logging_mixin.py:137} INFO - [2025-07-28T23:04:08.267+0000] {dag.py:2690} INFO - Sync 1 DAGs
[2025-07-28T23:04:08.347+0000] {logging_mixin.py:137} INFO - [2025-07-28T23:04:08.346+0000] {dag.py:3441} INFO - Setting next_dagrun for example_xcom to 2021-01-01T00:00:00+00:00, run_after=2021-01-01T00:00:00+00:00
[2025-07-28T23:04:08.416+0000] {processor.py:175} INFO - Processing /home/airflow/.local/lib/python3.7/site-packages/airflow/example_dags/example_xcom.py took 0.291 seconds
[2025-07-28T23:04:38.733+0000] {processor.py:153} INFO - Started process (PID=2879) to work on /home/airflow/.local/lib/python3.7/site-packages/airflow/example_dags/example_xcom.py
[2025-07-28T23:04:38.734+0000] {processor.py:743} INFO - Processing file /home/airflow/.local/lib/python3.7/site-packages/airflow/example_dags/example_xcom.py for tasks to queue
[2025-07-28T23:04:38.736+0000] {logging_mixin.py:137} INFO - [2025-07-28T23:04:38.735+0000] {dagbag.py:538} INFO - Filling up the DagBag from /home/airflow/.local/lib/python3.7/site-packages/airflow/example_dags/example_xcom.py
[2025-07-28T23:04:38.761+0000] {processor.py:753} INFO - DAG(s) dict_keys(['example_xcom']) retrieved from /home/airflow/.local/lib/python3.7/site-packages/airflow/example_dags/example_xcom.py
[2025-07-28T23:04:38.796+0000] {logging_mixin.py:137} INFO - [2025-07-28T23:04:38.796+0000] {dag.py:2690} INFO - Sync 1 DAGs
[2025-07-28T23:04:38.826+0000] {logging_mixin.py:137} INFO - [2025-07-28T23:04:38.826+0000] {dag.py:3441} INFO - Setting next_dagrun for example_xcom to 2021-01-01T00:00:00+00:00, run_after=2021-01-01T00:00:00+00:00
[2025-07-28T23:04:38.855+0000] {processor.py:175} INFO - Processing /home/airflow/.local/lib/python3.7/site-packages/airflow/example_dags/example_xcom.py took 0.127 seconds
[2025-07-28T23:05:09.123+0000] {processor.py:153} INFO - Started process (PID=2950) to work on /home/airflow/.local/lib/python3.7/site-packages/airflow/example_dags/example_xcom.py
[2025-07-28T23:05:09.126+0000] {processor.py:743} INFO - Processing file /home/airflow/.local/lib/python3.7/site-packages/airflow/example_dags/example_xcom.py for tasks to queue
[2025-07-28T23:05:09.128+0000] {logging_mixin.py:137} INFO - [2025-07-28T23:05:09.127+0000] {dagbag.py:538} INFO - Filling up the DagBag from /home/airflow/.local/lib/python3.7/site-packages/airflow/example_dags/example_xcom.py
[2025-07-28T23:05:09.156+0000] {processor.py:753} INFO - DAG(s) dict_keys(['example_xcom']) retrieved from /home/airflow/.local/lib/python3.7/site-packages/airflow/example_dags/example_xcom.py
[2025-07-28T23:05:09.195+0000] {logging_mixin.py:137} INFO - [2025-07-28T23:05:09.195+0000] {dag.py:2690} INFO - Sync 1 DAGs
[2025-07-28T23:05:09.220+0000] {logging_mixin.py:137} INFO - [2025-07-28T23:05:09.220+0000] {dag.py:3441} INFO - Setting next_dagrun for example_xcom to 2021-01-01T00:00:00+00:00, run_after=2021-01-01T00:00:00+00:00
[2025-07-28T23:05:09.241+0000] {processor.py:175} INFO - Processing /home/airflow/.local/lib/python3.7/site-packages/airflow/example_dags/example_xcom.py took 0.122 seconds
[2025-07-28T23:05:40.109+0000] {processor.py:153} INFO - Started process (PID=3038) to work on /home/airflow/.local/lib/python3.7/site-packages/airflow/example_dags/example_xcom.py
[2025-07-28T23:05:40.111+0000] {processor.py:743} INFO - Processing file /home/airflow/.local/lib/python3.7/site-packages/airflow/example_dags/example_xcom.py for tasks to queue
[2025-07-28T23:05:40.112+0000] {logging_mixin.py:137} INFO - [2025-07-28T23:05:40.112+0000] {dagbag.py:538} INFO - Filling up the DagBag from /home/airflow/.local/lib/python3.7/site-packages/airflow/example_dags/example_xcom.py
[2025-07-28T23:05:40.149+0000] {processor.py:753} INFO - DAG(s) dict_keys(['example_xcom']) retrieved from /home/airflow/.local/lib/python3.7/site-packages/airflow/example_dags/example_xcom.py
[2025-07-28T23:05:40.185+0000] {logging_mixin.py:137} INFO - [2025-07-28T23:05:40.185+0000] {dag.py:2690} INFO - Sync 1 DAGs
[2025-07-28T23:05:40.222+0000] {logging_mixin.py:137} INFO - [2025-07-28T23:05:40.222+0000] {dag.py:3441} INFO - Setting next_dagrun for example_xcom to 2021-01-01T00:00:00+00:00, run_after=2021-01-01T00:00:00+00:00
[2025-07-28T23:05:40.277+0000] {processor.py:175} INFO - Processing /home/airflow/.local/lib/python3.7/site-packages/airflow/example_dags/example_xcom.py took 0.174 seconds
[2025-07-28T23:06:10.544+0000] {processor.py:153} INFO - Started process (PID=3110) to work on /home/airflow/.local/lib/python3.7/site-packages/airflow/example_dags/example_xcom.py
[2025-07-28T23:06:10.545+0000] {processor.py:743} INFO - Processing file /home/airflow/.local/lib/python3.7/site-packages/airflow/example_dags/example_xcom.py for tasks to queue
[2025-07-28T23:06:10.546+0000] {logging_mixin.py:137} INFO - [2025-07-28T23:06:10.546+0000] {dagbag.py:538} INFO - Filling up the DagBag from /home/airflow/.local/lib/python3.7/site-packages/airflow/example_dags/example_xcom.py
[2025-07-28T23:06:10.566+0000] {processor.py:753} INFO - DAG(s) dict_keys(['example_xcom']) retrieved from /home/airflow/.local/lib/python3.7/site-packages/airflow/example_dags/example_xcom.py
[2025-07-28T23:06:10.591+0000] {logging_mixin.py:137} INFO - [2025-07-28T23:06:10.591+0000] {dag.py:2690} INFO - Sync 1 DAGs
[2025-07-28T23:06:10.612+0000] {logging_mixin.py:137} INFO - [2025-07-28T23:06:10.612+0000] {dag.py:3441} INFO - Setting next_dagrun for example_xcom to 2021-01-01T00:00:00+00:00, run_after=2021-01-01T00:00:00+00:00
[2025-07-28T23:06:10.634+0000] {processor.py:175} INFO - Processing /home/airflow/.local/lib/python3.7/site-packages/airflow/example_dags/example_xcom.py took 0.093 seconds
[2025-07-28T23:06:40.949+0000] {processor.py:153} INFO - Started process (PID=3182) to work on /home/airflow/.local/lib/python3.7/site-packages/airflow/example_dags/example_xcom.py
[2025-07-28T23:06:40.951+0000] {processor.py:743} INFO - Processing file /home/airflow/.local/lib/python3.7/site-packages/airflow/example_dags/example_xcom.py for tasks to queue
[2025-07-28T23:06:40.952+0000] {logging_mixin.py:137} INFO - [2025-07-28T23:06:40.952+0000] {dagbag.py:538} INFO - Filling up the DagBag from /home/airflow/.local/lib/python3.7/site-packages/airflow/example_dags/example_xcom.py
[2025-07-28T23:06:40.984+0000] {processor.py:753} INFO - DAG(s) dict_keys(['example_xcom']) retrieved from /home/airflow/.local/lib/python3.7/site-packages/airflow/example_dags/example_xcom.py
[2025-07-28T23:06:41.015+0000] {logging_mixin.py:137} INFO - [2025-07-28T23:06:41.015+0000] {dag.py:2690} INFO - Sync 1 DAGs
[2025-07-28T23:06:41.048+0000] {logging_mixin.py:137} INFO - [2025-07-28T23:06:41.047+0000] {dag.py:3441} INFO - Setting next_dagrun for example_xcom to 2021-01-01T00:00:00+00:00, run_after=2021-01-01T00:00:00+00:00
[2025-07-28T23:06:41.073+0000] {processor.py:175} INFO - Processing /home/airflow/.local/lib/python3.7/site-packages/airflow/example_dags/example_xcom.py took 0.128 seconds
