[2025-07-28T22:45:35.212+0000] {processor.py:153} INFO - Started process (PID=58) to work on /home/airflow/.local/lib/python3.7/site-packages/airflow/example_dags/example_branch_day_of_week_operator.py
[2025-07-28T22:45:35.214+0000] {processor.py:743} INFO - Processing file /home/airflow/.local/lib/python3.7/site-packages/airflow/example_dags/example_branch_day_of_week_operator.py for tasks to queue
[2025-07-28T22:45:35.216+0000] {logging_mixin.py:137} INFO - [2025-07-28T22:45:35.216+0000] {dagbag.py:538} INFO - Filling up the DagBag from /home/airflow/.local/lib/python3.7/site-packages/airflow/example_dags/example_branch_day_of_week_operator.py
[2025-07-28T22:45:35.250+0000] {processor.py:753} INFO - DAG(s) dict_keys(['example_weekday_branch_operator']) retrieved from /home/airflow/.local/lib/python3.7/site-packages/airflow/example_dags/example_branch_day_of_week_operator.py
[2025-07-28T22:45:35.530+0000] {logging_mixin.py:137} INFO - [2025-07-28T22:45:35.529+0000] {manager.py:504} INFO - Created Permission View: can delete on DAG:example_weekday_branch_operator
[2025-07-28T22:45:35.553+0000] {logging_mixin.py:137} INFO - [2025-07-28T22:45:35.553+0000] {manager.py:504} INFO - Created Permission View: can read on DAG:example_weekday_branch_operator
[2025-07-28T22:45:35.569+0000] {logging_mixin.py:137} INFO - [2025-07-28T22:45:35.569+0000] {manager.py:504} INFO - Created Permission View: can edit on DAG:example_weekday_branch_operator
[2025-07-28T22:45:35.570+0000] {logging_mixin.py:137} INFO - [2025-07-28T22:45:35.570+0000] {dag.py:2690} INFO - Sync 1 DAGs
[2025-07-28T22:45:35.608+0000] {logging_mixin.py:137} INFO - [2025-07-28T22:45:35.608+0000] {dag.py:2711} INFO - Creating ORM DAG for example_weekday_branch_operator
[2025-07-28T22:45:35.634+0000] {logging_mixin.py:137} INFO - [2025-07-28T22:45:35.634+0000] {dag.py:3441} INFO - Setting next_dagrun for example_weekday_branch_operator to 2025-07-27T00:00:00+00:00, run_after=2025-07-28T00:00:00+00:00
[2025-07-28T22:45:35.671+0000] {processor.py:175} INFO - Processing /home/airflow/.local/lib/python3.7/site-packages/airflow/example_dags/example_branch_day_of_week_operator.py took 0.466 seconds
[2025-07-28T22:46:05.758+0000] {processor.py:153} INFO - Started process (PID=129) to work on /home/airflow/.local/lib/python3.7/site-packages/airflow/example_dags/example_branch_day_of_week_operator.py
[2025-07-28T22:46:05.760+0000] {processor.py:743} INFO - Processing file /home/airflow/.local/lib/python3.7/site-packages/airflow/example_dags/example_branch_day_of_week_operator.py for tasks to queue
[2025-07-28T22:46:05.762+0000] {logging_mixin.py:137} INFO - [2025-07-28T22:46:05.762+0000] {dagbag.py:538} INFO - Filling up the DagBag from /home/airflow/.local/lib/python3.7/site-packages/airflow/example_dags/example_branch_day_of_week_operator.py
[2025-07-28T22:46:05.786+0000] {processor.py:753} INFO - DAG(s) dict_keys(['example_weekday_branch_operator']) retrieved from /home/airflow/.local/lib/python3.7/site-packages/airflow/example_dags/example_branch_day_of_week_operator.py
[2025-07-28T22:46:05.805+0000] {logging_mixin.py:137} INFO - [2025-07-28T22:46:05.805+0000] {dag.py:2690} INFO - Sync 1 DAGs
[2025-07-28T22:46:05.849+0000] {logging_mixin.py:137} INFO - [2025-07-28T22:46:05.849+0000] {dag.py:3441} INFO - Setting next_dagrun for example_weekday_branch_operator to 2025-07-27T00:00:00+00:00, run_after=2025-07-28T00:00:00+00:00
[2025-07-28T22:46:05.878+0000] {processor.py:175} INFO - Processing /home/airflow/.local/lib/python3.7/site-packages/airflow/example_dags/example_branch_day_of_week_operator.py took 0.125 seconds
[2025-07-28T22:46:36.738+0000] {processor.py:153} INFO - Started process (PID=199) to work on /home/airflow/.local/lib/python3.7/site-packages/airflow/example_dags/example_branch_day_of_week_operator.py
[2025-07-28T22:46:36.741+0000] {processor.py:743} INFO - Processing file /home/airflow/.local/lib/python3.7/site-packages/airflow/example_dags/example_branch_day_of_week_operator.py for tasks to queue
[2025-07-28T22:46:36.743+0000] {logging_mixin.py:137} INFO - [2025-07-28T22:46:36.743+0000] {dagbag.py:538} INFO - Filling up the DagBag from /home/airflow/.local/lib/python3.7/site-packages/airflow/example_dags/example_branch_day_of_week_operator.py
[2025-07-28T22:46:36.781+0000] {processor.py:753} INFO - DAG(s) dict_keys(['example_weekday_branch_operator']) retrieved from /home/airflow/.local/lib/python3.7/site-packages/airflow/example_dags/example_branch_day_of_week_operator.py
[2025-07-28T22:46:36.833+0000] {logging_mixin.py:137} INFO - [2025-07-28T22:46:36.833+0000] {dag.py:2690} INFO - Sync 1 DAGs
[2025-07-28T22:46:36.882+0000] {logging_mixin.py:137} INFO - [2025-07-28T22:46:36.882+0000] {dag.py:3441} INFO - Setting next_dagrun for example_weekday_branch_operator to 2025-07-27T00:00:00+00:00, run_after=2025-07-28T00:00:00+00:00
[2025-07-28T22:46:36.918+0000] {processor.py:175} INFO - Processing /home/airflow/.local/lib/python3.7/site-packages/airflow/example_dags/example_branch_day_of_week_operator.py took 0.190 seconds
[2025-07-28T22:47:07.857+0000] {processor.py:153} INFO - Started process (PID=270) to work on /home/airflow/.local/lib/python3.7/site-packages/airflow/example_dags/example_branch_day_of_week_operator.py
[2025-07-28T22:47:07.858+0000] {processor.py:743} INFO - Processing file /home/airflow/.local/lib/python3.7/site-packages/airflow/example_dags/example_branch_day_of_week_operator.py for tasks to queue
[2025-07-28T22:47:07.860+0000] {logging_mixin.py:137} INFO - [2025-07-28T22:47:07.860+0000] {dagbag.py:538} INFO - Filling up the DagBag from /home/airflow/.local/lib/python3.7/site-packages/airflow/example_dags/example_branch_day_of_week_operator.py
[2025-07-28T22:47:07.890+0000] {processor.py:753} INFO - DAG(s) dict_keys(['example_weekday_branch_operator']) retrieved from /home/airflow/.local/lib/python3.7/site-packages/airflow/example_dags/example_branch_day_of_week_operator.py
[2025-07-28T22:47:07.929+0000] {logging_mixin.py:137} INFO - [2025-07-28T22:47:07.929+0000] {dag.py:2690} INFO - Sync 1 DAGs
[2025-07-28T22:47:07.977+0000] {logging_mixin.py:137} INFO - [2025-07-28T22:47:07.977+0000] {dag.py:3441} INFO - Setting next_dagrun for example_weekday_branch_operator to 2025-07-27T00:00:00+00:00, run_after=2025-07-28T00:00:00+00:00
[2025-07-28T22:47:08.009+0000] {processor.py:175} INFO - Processing /home/airflow/.local/lib/python3.7/site-packages/airflow/example_dags/example_branch_day_of_week_operator.py took 0.158 seconds
[2025-07-28T22:47:38.096+0000] {processor.py:153} INFO - Started process (PID=341) to work on /home/airflow/.local/lib/python3.7/site-packages/airflow/example_dags/example_branch_day_of_week_operator.py
[2025-07-28T22:47:38.117+0000] {processor.py:743} INFO - Processing file /home/airflow/.local/lib/python3.7/site-packages/airflow/example_dags/example_branch_day_of_week_operator.py for tasks to queue
[2025-07-28T22:47:38.129+0000] {logging_mixin.py:137} INFO - [2025-07-28T22:47:38.128+0000] {dagbag.py:538} INFO - Filling up the DagBag from /home/airflow/.local/lib/python3.7/site-packages/airflow/example_dags/example_branch_day_of_week_operator.py
[2025-07-28T22:47:38.175+0000] {processor.py:753} INFO - DAG(s) dict_keys(['example_weekday_branch_operator']) retrieved from /home/airflow/.local/lib/python3.7/site-packages/airflow/example_dags/example_branch_day_of_week_operator.py
[2025-07-28T22:47:38.225+0000] {logging_mixin.py:137} INFO - [2025-07-28T22:47:38.225+0000] {dag.py:2690} INFO - Sync 1 DAGs
[2025-07-28T22:47:38.265+0000] {logging_mixin.py:137} INFO - [2025-07-28T22:47:38.265+0000] {dag.py:3441} INFO - Setting next_dagrun for example_weekday_branch_operator to 2025-07-27T00:00:00+00:00, run_after=2025-07-28T00:00:00+00:00
[2025-07-28T22:47:38.303+0000] {processor.py:175} INFO - Processing /home/airflow/.local/lib/python3.7/site-packages/airflow/example_dags/example_branch_day_of_week_operator.py took 0.214 seconds
[2025-07-28T22:48:08.616+0000] {processor.py:153} INFO - Started process (PID=412) to work on /home/airflow/.local/lib/python3.7/site-packages/airflow/example_dags/example_branch_day_of_week_operator.py
[2025-07-28T22:48:08.617+0000] {processor.py:743} INFO - Processing file /home/airflow/.local/lib/python3.7/site-packages/airflow/example_dags/example_branch_day_of_week_operator.py for tasks to queue
[2025-07-28T22:48:08.618+0000] {logging_mixin.py:137} INFO - [2025-07-28T22:48:08.618+0000] {dagbag.py:538} INFO - Filling up the DagBag from /home/airflow/.local/lib/python3.7/site-packages/airflow/example_dags/example_branch_day_of_week_operator.py
[2025-07-28T22:48:08.649+0000] {processor.py:753} INFO - DAG(s) dict_keys(['example_weekday_branch_operator']) retrieved from /home/airflow/.local/lib/python3.7/site-packages/airflow/example_dags/example_branch_day_of_week_operator.py
[2025-07-28T22:48:08.709+0000] {logging_mixin.py:137} INFO - [2025-07-28T22:48:08.708+0000] {dag.py:2690} INFO - Sync 1 DAGs
[2025-07-28T22:48:08.759+0000] {logging_mixin.py:137} INFO - [2025-07-28T22:48:08.759+0000] {dag.py:3441} INFO - Setting next_dagrun for example_weekday_branch_operator to 2025-07-27T00:00:00+00:00, run_after=2025-07-28T00:00:00+00:00
[2025-07-28T22:48:08.790+0000] {processor.py:175} INFO - Processing /home/airflow/.local/lib/python3.7/site-packages/airflow/example_dags/example_branch_day_of_week_operator.py took 0.179 seconds
[2025-07-28T22:48:39.050+0000] {processor.py:153} INFO - Started process (PID=489) to work on /home/airflow/.local/lib/python3.7/site-packages/airflow/example_dags/example_branch_day_of_week_operator.py
[2025-07-28T22:48:39.052+0000] {processor.py:743} INFO - Processing file /home/airflow/.local/lib/python3.7/site-packages/airflow/example_dags/example_branch_day_of_week_operator.py for tasks to queue
[2025-07-28T22:48:39.057+0000] {logging_mixin.py:137} INFO - [2025-07-28T22:48:39.057+0000] {dagbag.py:538} INFO - Filling up the DagBag from /home/airflow/.local/lib/python3.7/site-packages/airflow/example_dags/example_branch_day_of_week_operator.py
[2025-07-28T22:48:39.087+0000] {processor.py:753} INFO - DAG(s) dict_keys(['example_weekday_branch_operator']) retrieved from /home/airflow/.local/lib/python3.7/site-packages/airflow/example_dags/example_branch_day_of_week_operator.py
[2025-07-28T22:48:39.146+0000] {logging_mixin.py:137} INFO - [2025-07-28T22:48:39.146+0000] {dag.py:2690} INFO - Sync 1 DAGs
[2025-07-28T22:48:39.190+0000] {logging_mixin.py:137} INFO - [2025-07-28T22:48:39.188+0000] {dag.py:3441} INFO - Setting next_dagrun for example_weekday_branch_operator to 2025-07-27T00:00:00+00:00, run_after=2025-07-28T00:00:00+00:00
[2025-07-28T22:48:39.225+0000] {processor.py:175} INFO - Processing /home/airflow/.local/lib/python3.7/site-packages/airflow/example_dags/example_branch_day_of_week_operator.py took 0.180 seconds
[2025-07-28T22:49:09.569+0000] {processor.py:153} INFO - Started process (PID=569) to work on /home/airflow/.local/lib/python3.7/site-packages/airflow/example_dags/example_branch_day_of_week_operator.py
[2025-07-28T22:49:09.573+0000] {processor.py:743} INFO - Processing file /home/airflow/.local/lib/python3.7/site-packages/airflow/example_dags/example_branch_day_of_week_operator.py for tasks to queue
[2025-07-28T22:49:09.574+0000] {logging_mixin.py:137} INFO - [2025-07-28T22:49:09.574+0000] {dagbag.py:538} INFO - Filling up the DagBag from /home/airflow/.local/lib/python3.7/site-packages/airflow/example_dags/example_branch_day_of_week_operator.py
[2025-07-28T22:49:09.604+0000] {processor.py:753} INFO - DAG(s) dict_keys(['example_weekday_branch_operator']) retrieved from /home/airflow/.local/lib/python3.7/site-packages/airflow/example_dags/example_branch_day_of_week_operator.py
[2025-07-28T22:49:09.660+0000] {logging_mixin.py:137} INFO - [2025-07-28T22:49:09.659+0000] {dag.py:2690} INFO - Sync 1 DAGs
[2025-07-28T22:49:09.713+0000] {logging_mixin.py:137} INFO - [2025-07-28T22:49:09.712+0000] {dag.py:3441} INFO - Setting next_dagrun for example_weekday_branch_operator to 2025-07-27T00:00:00+00:00, run_after=2025-07-28T00:00:00+00:00
[2025-07-28T22:49:09.756+0000] {processor.py:175} INFO - Processing /home/airflow/.local/lib/python3.7/site-packages/airflow/example_dags/example_branch_day_of_week_operator.py took 0.193 seconds
[2025-07-28T22:49:40.560+0000] {processor.py:153} INFO - Started process (PID=640) to work on /home/airflow/.local/lib/python3.7/site-packages/airflow/example_dags/example_branch_day_of_week_operator.py
[2025-07-28T22:49:40.561+0000] {processor.py:743} INFO - Processing file /home/airflow/.local/lib/python3.7/site-packages/airflow/example_dags/example_branch_day_of_week_operator.py for tasks to queue
[2025-07-28T22:49:40.564+0000] {logging_mixin.py:137} INFO - [2025-07-28T22:49:40.563+0000] {dagbag.py:538} INFO - Filling up the DagBag from /home/airflow/.local/lib/python3.7/site-packages/airflow/example_dags/example_branch_day_of_week_operator.py
[2025-07-28T22:49:40.614+0000] {processor.py:753} INFO - DAG(s) dict_keys(['example_weekday_branch_operator']) retrieved from /home/airflow/.local/lib/python3.7/site-packages/airflow/example_dags/example_branch_day_of_week_operator.py
[2025-07-28T22:49:40.692+0000] {logging_mixin.py:137} INFO - [2025-07-28T22:49:40.692+0000] {dag.py:2690} INFO - Sync 1 DAGs
[2025-07-28T22:49:40.745+0000] {logging_mixin.py:137} INFO - [2025-07-28T22:49:40.745+0000] {dag.py:3441} INFO - Setting next_dagrun for example_weekday_branch_operator to 2025-07-27T00:00:00+00:00, run_after=2025-07-28T00:00:00+00:00
[2025-07-28T22:49:40.773+0000] {processor.py:175} INFO - Processing /home/airflow/.local/lib/python3.7/site-packages/airflow/example_dags/example_branch_day_of_week_operator.py took 0.219 seconds
[2025-07-28T22:50:11.774+0000] {processor.py:153} INFO - Started process (PID=711) to work on /home/airflow/.local/lib/python3.7/site-packages/airflow/example_dags/example_branch_day_of_week_operator.py
[2025-07-28T22:50:11.777+0000] {processor.py:743} INFO - Processing file /home/airflow/.local/lib/python3.7/site-packages/airflow/example_dags/example_branch_day_of_week_operator.py for tasks to queue
[2025-07-28T22:50:11.779+0000] {logging_mixin.py:137} INFO - [2025-07-28T22:50:11.779+0000] {dagbag.py:538} INFO - Filling up the DagBag from /home/airflow/.local/lib/python3.7/site-packages/airflow/example_dags/example_branch_day_of_week_operator.py
[2025-07-28T22:50:11.807+0000] {processor.py:753} INFO - DAG(s) dict_keys(['example_weekday_branch_operator']) retrieved from /home/airflow/.local/lib/python3.7/site-packages/airflow/example_dags/example_branch_day_of_week_operator.py
[2025-07-28T22:50:11.871+0000] {logging_mixin.py:137} INFO - [2025-07-28T22:50:11.871+0000] {dag.py:2690} INFO - Sync 1 DAGs
[2025-07-28T22:50:11.958+0000] {logging_mixin.py:137} INFO - [2025-07-28T22:50:11.957+0000] {dag.py:3441} INFO - Setting next_dagrun for example_weekday_branch_operator to 2025-07-27T00:00:00+00:00, run_after=2025-07-28T00:00:00+00:00
[2025-07-28T22:50:12.020+0000] {processor.py:175} INFO - Processing /home/airflow/.local/lib/python3.7/site-packages/airflow/example_dags/example_branch_day_of_week_operator.py took 0.254 seconds
[2025-07-28T22:50:42.242+0000] {processor.py:153} INFO - Started process (PID=798) to work on /home/airflow/.local/lib/python3.7/site-packages/airflow/example_dags/example_branch_day_of_week_operator.py
[2025-07-28T22:50:42.244+0000] {processor.py:743} INFO - Processing file /home/airflow/.local/lib/python3.7/site-packages/airflow/example_dags/example_branch_day_of_week_operator.py for tasks to queue
[2025-07-28T22:50:42.245+0000] {logging_mixin.py:137} INFO - [2025-07-28T22:50:42.245+0000] {dagbag.py:538} INFO - Filling up the DagBag from /home/airflow/.local/lib/python3.7/site-packages/airflow/example_dags/example_branch_day_of_week_operator.py
[2025-07-28T22:50:42.276+0000] {processor.py:753} INFO - DAG(s) dict_keys(['example_weekday_branch_operator']) retrieved from /home/airflow/.local/lib/python3.7/site-packages/airflow/example_dags/example_branch_day_of_week_operator.py
[2025-07-28T22:50:42.330+0000] {logging_mixin.py:137} INFO - [2025-07-28T22:50:42.330+0000] {dag.py:2690} INFO - Sync 1 DAGs
[2025-07-28T22:50:42.376+0000] {logging_mixin.py:137} INFO - [2025-07-28T22:50:42.376+0000] {dag.py:3441} INFO - Setting next_dagrun for example_weekday_branch_operator to 2025-07-27T00:00:00+00:00, run_after=2025-07-28T00:00:00+00:00
[2025-07-28T22:50:42.410+0000] {processor.py:175} INFO - Processing /home/airflow/.local/lib/python3.7/site-packages/airflow/example_dags/example_branch_day_of_week_operator.py took 0.176 seconds
[2025-07-28T22:51:13.281+0000] {processor.py:153} INFO - Started process (PID=869) to work on /home/airflow/.local/lib/python3.7/site-packages/airflow/example_dags/example_branch_day_of_week_operator.py
[2025-07-28T22:51:13.282+0000] {processor.py:743} INFO - Processing file /home/airflow/.local/lib/python3.7/site-packages/airflow/example_dags/example_branch_day_of_week_operator.py for tasks to queue
[2025-07-28T22:51:13.283+0000] {logging_mixin.py:137} INFO - [2025-07-28T22:51:13.283+0000] {dagbag.py:538} INFO - Filling up the DagBag from /home/airflow/.local/lib/python3.7/site-packages/airflow/example_dags/example_branch_day_of_week_operator.py
[2025-07-28T22:51:13.309+0000] {processor.py:753} INFO - DAG(s) dict_keys(['example_weekday_branch_operator']) retrieved from /home/airflow/.local/lib/python3.7/site-packages/airflow/example_dags/example_branch_day_of_week_operator.py
[2025-07-28T22:51:13.347+0000] {logging_mixin.py:137} INFO - [2025-07-28T22:51:13.347+0000] {dag.py:2690} INFO - Sync 1 DAGs
[2025-07-28T22:51:13.384+0000] {logging_mixin.py:137} INFO - [2025-07-28T22:51:13.384+0000] {dag.py:3441} INFO - Setting next_dagrun for example_weekday_branch_operator to 2025-07-27T00:00:00+00:00, run_after=2025-07-28T00:00:00+00:00
[2025-07-28T22:51:13.415+0000] {processor.py:175} INFO - Processing /home/airflow/.local/lib/python3.7/site-packages/airflow/example_dags/example_branch_day_of_week_operator.py took 0.137 seconds
[2025-07-28T22:51:43.909+0000] {processor.py:153} INFO - Started process (PID=949) to work on /home/airflow/.local/lib/python3.7/site-packages/airflow/example_dags/example_branch_day_of_week_operator.py
[2025-07-28T22:51:43.910+0000] {processor.py:743} INFO - Processing file /home/airflow/.local/lib/python3.7/site-packages/airflow/example_dags/example_branch_day_of_week_operator.py for tasks to queue
[2025-07-28T22:51:43.913+0000] {logging_mixin.py:137} INFO - [2025-07-28T22:51:43.913+0000] {dagbag.py:538} INFO - Filling up the DagBag from /home/airflow/.local/lib/python3.7/site-packages/airflow/example_dags/example_branch_day_of_week_operator.py
[2025-07-28T22:51:43.940+0000] {processor.py:753} INFO - DAG(s) dict_keys(['example_weekday_branch_operator']) retrieved from /home/airflow/.local/lib/python3.7/site-packages/airflow/example_dags/example_branch_day_of_week_operator.py
[2025-07-28T22:51:43.992+0000] {logging_mixin.py:137} INFO - [2025-07-28T22:51:43.992+0000] {dag.py:2690} INFO - Sync 1 DAGs
[2025-07-28T22:51:44.040+0000] {logging_mixin.py:137} INFO - [2025-07-28T22:51:44.040+0000] {dag.py:3441} INFO - Setting next_dagrun for example_weekday_branch_operator to 2025-07-27T00:00:00+00:00, run_after=2025-07-28T00:00:00+00:00
[2025-07-28T22:51:44.084+0000] {processor.py:175} INFO - Processing /home/airflow/.local/lib/python3.7/site-packages/airflow/example_dags/example_branch_day_of_week_operator.py took 0.182 seconds
[2025-07-28T22:52:14.380+0000] {processor.py:153} INFO - Started process (PID=1027) to work on /home/airflow/.local/lib/python3.7/site-packages/airflow/example_dags/example_branch_day_of_week_operator.py
[2025-07-28T22:52:14.381+0000] {processor.py:743} INFO - Processing file /home/airflow/.local/lib/python3.7/site-packages/airflow/example_dags/example_branch_day_of_week_operator.py for tasks to queue
[2025-07-28T22:52:14.382+0000] {logging_mixin.py:137} INFO - [2025-07-28T22:52:14.382+0000] {dagbag.py:538} INFO - Filling up the DagBag from /home/airflow/.local/lib/python3.7/site-packages/airflow/example_dags/example_branch_day_of_week_operator.py
[2025-07-28T22:52:14.399+0000] {processor.py:753} INFO - DAG(s) dict_keys(['example_weekday_branch_operator']) retrieved from /home/airflow/.local/lib/python3.7/site-packages/airflow/example_dags/example_branch_day_of_week_operator.py
[2025-07-28T22:52:14.433+0000] {logging_mixin.py:137} INFO - [2025-07-28T22:52:14.433+0000] {dag.py:2690} INFO - Sync 1 DAGs
[2025-07-28T22:52:14.466+0000] {logging_mixin.py:137} INFO - [2025-07-28T22:52:14.466+0000] {dag.py:3441} INFO - Setting next_dagrun for example_weekday_branch_operator to 2025-07-27T00:00:00+00:00, run_after=2025-07-28T00:00:00+00:00
[2025-07-28T22:52:14.492+0000] {processor.py:175} INFO - Processing /home/airflow/.local/lib/python3.7/site-packages/airflow/example_dags/example_branch_day_of_week_operator.py took 0.116 seconds
[2025-07-28T22:52:44.895+0000] {processor.py:153} INFO - Started process (PID=1098) to work on /home/airflow/.local/lib/python3.7/site-packages/airflow/example_dags/example_branch_day_of_week_operator.py
[2025-07-28T22:52:44.897+0000] {processor.py:743} INFO - Processing file /home/airflow/.local/lib/python3.7/site-packages/airflow/example_dags/example_branch_day_of_week_operator.py for tasks to queue
[2025-07-28T22:52:44.899+0000] {logging_mixin.py:137} INFO - [2025-07-28T22:52:44.899+0000] {dagbag.py:538} INFO - Filling up the DagBag from /home/airflow/.local/lib/python3.7/site-packages/airflow/example_dags/example_branch_day_of_week_operator.py
[2025-07-28T22:52:44.936+0000] {processor.py:753} INFO - DAG(s) dict_keys(['example_weekday_branch_operator']) retrieved from /home/airflow/.local/lib/python3.7/site-packages/airflow/example_dags/example_branch_day_of_week_operator.py
[2025-07-28T22:52:45.009+0000] {logging_mixin.py:137} INFO - [2025-07-28T22:52:45.009+0000] {dag.py:2690} INFO - Sync 1 DAGs
[2025-07-28T22:52:45.107+0000] {logging_mixin.py:137} INFO - [2025-07-28T22:52:45.106+0000] {dag.py:3441} INFO - Setting next_dagrun for example_weekday_branch_operator to 2025-07-27T00:00:00+00:00, run_after=2025-07-28T00:00:00+00:00
[2025-07-28T22:52:45.176+0000] {processor.py:175} INFO - Processing /home/airflow/.local/lib/python3.7/site-packages/airflow/example_dags/example_branch_day_of_week_operator.py took 0.290 seconds
[2025-07-28T22:53:15.966+0000] {processor.py:153} INFO - Started process (PID=1185) to work on /home/airflow/.local/lib/python3.7/site-packages/airflow/example_dags/example_branch_day_of_week_operator.py
[2025-07-28T22:53:15.967+0000] {processor.py:743} INFO - Processing file /home/airflow/.local/lib/python3.7/site-packages/airflow/example_dags/example_branch_day_of_week_operator.py for tasks to queue
[2025-07-28T22:53:15.968+0000] {logging_mixin.py:137} INFO - [2025-07-28T22:53:15.968+0000] {dagbag.py:538} INFO - Filling up the DagBag from /home/airflow/.local/lib/python3.7/site-packages/airflow/example_dags/example_branch_day_of_week_operator.py
[2025-07-28T22:53:15.988+0000] {processor.py:753} INFO - DAG(s) dict_keys(['example_weekday_branch_operator']) retrieved from /home/airflow/.local/lib/python3.7/site-packages/airflow/example_dags/example_branch_day_of_week_operator.py
[2025-07-28T22:53:16.024+0000] {logging_mixin.py:137} INFO - [2025-07-28T22:53:16.023+0000] {dag.py:2690} INFO - Sync 1 DAGs
[2025-07-28T22:53:16.055+0000] {logging_mixin.py:137} INFO - [2025-07-28T22:53:16.055+0000] {dag.py:3441} INFO - Setting next_dagrun for example_weekday_branch_operator to 2025-07-27T00:00:00+00:00, run_after=2025-07-28T00:00:00+00:00
[2025-07-28T22:53:16.083+0000] {processor.py:175} INFO - Processing /home/airflow/.local/lib/python3.7/site-packages/airflow/example_dags/example_branch_day_of_week_operator.py took 0.120 seconds
[2025-07-28T22:53:46.907+0000] {processor.py:153} INFO - Started process (PID=1256) to work on /home/airflow/.local/lib/python3.7/site-packages/airflow/example_dags/example_branch_day_of_week_operator.py
[2025-07-28T22:53:46.908+0000] {processor.py:743} INFO - Processing file /home/airflow/.local/lib/python3.7/site-packages/airflow/example_dags/example_branch_day_of_week_operator.py for tasks to queue
[2025-07-28T22:53:46.910+0000] {logging_mixin.py:137} INFO - [2025-07-28T22:53:46.910+0000] {dagbag.py:538} INFO - Filling up the DagBag from /home/airflow/.local/lib/python3.7/site-packages/airflow/example_dags/example_branch_day_of_week_operator.py
[2025-07-28T22:53:46.931+0000] {processor.py:753} INFO - DAG(s) dict_keys(['example_weekday_branch_operator']) retrieved from /home/airflow/.local/lib/python3.7/site-packages/airflow/example_dags/example_branch_day_of_week_operator.py
[2025-07-28T22:53:46.970+0000] {logging_mixin.py:137} INFO - [2025-07-28T22:53:46.970+0000] {dag.py:2690} INFO - Sync 1 DAGs
[2025-07-28T22:53:47.011+0000] {logging_mixin.py:137} INFO - [2025-07-28T22:53:47.011+0000] {dag.py:3441} INFO - Setting next_dagrun for example_weekday_branch_operator to 2025-07-27T00:00:00+00:00, run_after=2025-07-28T00:00:00+00:00
[2025-07-28T22:53:47.044+0000] {processor.py:175} INFO - Processing /home/airflow/.local/lib/python3.7/site-packages/airflow/example_dags/example_branch_day_of_week_operator.py took 0.145 seconds
[2025-07-28T22:54:17.501+0000] {processor.py:153} INFO - Started process (PID=1327) to work on /home/airflow/.local/lib/python3.7/site-packages/airflow/example_dags/example_branch_day_of_week_operator.py
[2025-07-28T22:54:17.509+0000] {processor.py:743} INFO - Processing file /home/airflow/.local/lib/python3.7/site-packages/airflow/example_dags/example_branch_day_of_week_operator.py for tasks to queue
[2025-07-28T22:54:17.514+0000] {logging_mixin.py:137} INFO - [2025-07-28T22:54:17.514+0000] {dagbag.py:538} INFO - Filling up the DagBag from /home/airflow/.local/lib/python3.7/site-packages/airflow/example_dags/example_branch_day_of_week_operator.py
[2025-07-28T22:54:17.582+0000] {processor.py:753} INFO - DAG(s) dict_keys(['example_weekday_branch_operator']) retrieved from /home/airflow/.local/lib/python3.7/site-packages/airflow/example_dags/example_branch_day_of_week_operator.py
[2025-07-28T22:54:17.693+0000] {logging_mixin.py:137} INFO - [2025-07-28T22:54:17.693+0000] {dag.py:2690} INFO - Sync 1 DAGs
[2025-07-28T22:54:17.790+0000] {logging_mixin.py:137} INFO - [2025-07-28T22:54:17.790+0000] {dag.py:3441} INFO - Setting next_dagrun for example_weekday_branch_operator to 2025-07-27T00:00:00+00:00, run_after=2025-07-28T00:00:00+00:00
[2025-07-28T22:54:17.935+0000] {processor.py:175} INFO - Processing /home/airflow/.local/lib/python3.7/site-packages/airflow/example_dags/example_branch_day_of_week_operator.py took 0.457 seconds
[2025-07-28T22:54:48.032+0000] {processor.py:153} INFO - Started process (PID=1398) to work on /home/airflow/.local/lib/python3.7/site-packages/airflow/example_dags/example_branch_day_of_week_operator.py
[2025-07-28T22:54:48.034+0000] {processor.py:743} INFO - Processing file /home/airflow/.local/lib/python3.7/site-packages/airflow/example_dags/example_branch_day_of_week_operator.py for tasks to queue
[2025-07-28T22:54:48.036+0000] {logging_mixin.py:137} INFO - [2025-07-28T22:54:48.035+0000] {dagbag.py:538} INFO - Filling up the DagBag from /home/airflow/.local/lib/python3.7/site-packages/airflow/example_dags/example_branch_day_of_week_operator.py
[2025-07-28T22:54:48.085+0000] {processor.py:753} INFO - DAG(s) dict_keys(['example_weekday_branch_operator']) retrieved from /home/airflow/.local/lib/python3.7/site-packages/airflow/example_dags/example_branch_day_of_week_operator.py
[2025-07-28T22:54:48.160+0000] {logging_mixin.py:137} INFO - [2025-07-28T22:54:48.159+0000] {dag.py:2690} INFO - Sync 1 DAGs
[2025-07-28T22:54:48.263+0000] {logging_mixin.py:137} INFO - [2025-07-28T22:54:48.263+0000] {dag.py:3441} INFO - Setting next_dagrun for example_weekday_branch_operator to 2025-07-27T00:00:00+00:00, run_after=2025-07-28T00:00:00+00:00
[2025-07-28T22:54:48.356+0000] {processor.py:175} INFO - Processing /home/airflow/.local/lib/python3.7/site-packages/airflow/example_dags/example_branch_day_of_week_operator.py took 0.326 seconds
[2025-07-28T22:55:18.916+0000] {processor.py:153} INFO - Started process (PID=1469) to work on /home/airflow/.local/lib/python3.7/site-packages/airflow/example_dags/example_branch_day_of_week_operator.py
[2025-07-28T22:55:18.917+0000] {processor.py:743} INFO - Processing file /home/airflow/.local/lib/python3.7/site-packages/airflow/example_dags/example_branch_day_of_week_operator.py for tasks to queue
[2025-07-28T22:55:18.918+0000] {logging_mixin.py:137} INFO - [2025-07-28T22:55:18.918+0000] {dagbag.py:538} INFO - Filling up the DagBag from /home/airflow/.local/lib/python3.7/site-packages/airflow/example_dags/example_branch_day_of_week_operator.py
[2025-07-28T22:55:18.933+0000] {processor.py:753} INFO - DAG(s) dict_keys(['example_weekday_branch_operator']) retrieved from /home/airflow/.local/lib/python3.7/site-packages/airflow/example_dags/example_branch_day_of_week_operator.py
[2025-07-28T22:55:18.965+0000] {logging_mixin.py:137} INFO - [2025-07-28T22:55:18.965+0000] {dag.py:2690} INFO - Sync 1 DAGs
[2025-07-28T22:55:18.992+0000] {logging_mixin.py:137} INFO - [2025-07-28T22:55:18.992+0000] {dag.py:3441} INFO - Setting next_dagrun for example_weekday_branch_operator to 2025-07-27T00:00:00+00:00, run_after=2025-07-28T00:00:00+00:00
[2025-07-28T22:55:19.013+0000] {processor.py:175} INFO - Processing /home/airflow/.local/lib/python3.7/site-packages/airflow/example_dags/example_branch_day_of_week_operator.py took 0.100 seconds
[2025-07-28T22:55:49.242+0000] {processor.py:153} INFO - Started process (PID=1557) to work on /home/airflow/.local/lib/python3.7/site-packages/airflow/example_dags/example_branch_day_of_week_operator.py
[2025-07-28T22:55:49.243+0000] {processor.py:743} INFO - Processing file /home/airflow/.local/lib/python3.7/site-packages/airflow/example_dags/example_branch_day_of_week_operator.py for tasks to queue
[2025-07-28T22:55:49.244+0000] {logging_mixin.py:137} INFO - [2025-07-28T22:55:49.244+0000] {dagbag.py:538} INFO - Filling up the DagBag from /home/airflow/.local/lib/python3.7/site-packages/airflow/example_dags/example_branch_day_of_week_operator.py
[2025-07-28T22:55:49.265+0000] {processor.py:753} INFO - DAG(s) dict_keys(['example_weekday_branch_operator']) retrieved from /home/airflow/.local/lib/python3.7/site-packages/airflow/example_dags/example_branch_day_of_week_operator.py
[2025-07-28T22:55:49.305+0000] {logging_mixin.py:137} INFO - [2025-07-28T22:55:49.305+0000] {dag.py:2690} INFO - Sync 1 DAGs
[2025-07-28T22:55:49.346+0000] {logging_mixin.py:137} INFO - [2025-07-28T22:55:49.346+0000] {dag.py:3441} INFO - Setting next_dagrun for example_weekday_branch_operator to 2025-07-27T00:00:00+00:00, run_after=2025-07-28T00:00:00+00:00
[2025-07-28T22:55:49.377+0000] {processor.py:175} INFO - Processing /home/airflow/.local/lib/python3.7/site-packages/airflow/example_dags/example_branch_day_of_week_operator.py took 0.140 seconds
[2025-07-28T22:56:20.645+0000] {processor.py:153} INFO - Started process (PID=1628) to work on /home/airflow/.local/lib/python3.7/site-packages/airflow/example_dags/example_branch_day_of_week_operator.py
[2025-07-28T22:56:20.647+0000] {processor.py:743} INFO - Processing file /home/airflow/.local/lib/python3.7/site-packages/airflow/example_dags/example_branch_day_of_week_operator.py for tasks to queue
[2025-07-28T22:56:20.649+0000] {logging_mixin.py:137} INFO - [2025-07-28T22:56:20.649+0000] {dagbag.py:538} INFO - Filling up the DagBag from /home/airflow/.local/lib/python3.7/site-packages/airflow/example_dags/example_branch_day_of_week_operator.py
[2025-07-28T22:56:20.694+0000] {processor.py:753} INFO - DAG(s) dict_keys(['example_weekday_branch_operator']) retrieved from /home/airflow/.local/lib/python3.7/site-packages/airflow/example_dags/example_branch_day_of_week_operator.py
[2025-07-28T22:56:20.754+0000] {logging_mixin.py:137} INFO - [2025-07-28T22:56:20.754+0000] {dag.py:2690} INFO - Sync 1 DAGs
[2025-07-28T22:56:20.850+0000] {logging_mixin.py:137} INFO - [2025-07-28T22:56:20.849+0000] {dag.py:3441} INFO - Setting next_dagrun for example_weekday_branch_operator to 2025-07-27T00:00:00+00:00, run_after=2025-07-28T00:00:00+00:00
[2025-07-28T22:56:20.923+0000] {processor.py:175} INFO - Processing /home/airflow/.local/lib/python3.7/site-packages/airflow/example_dags/example_branch_day_of_week_operator.py took 0.286 seconds
[2025-07-28T22:56:51.058+0000] {processor.py:153} INFO - Started process (PID=1700) to work on /home/airflow/.local/lib/python3.7/site-packages/airflow/example_dags/example_branch_day_of_week_operator.py
[2025-07-28T22:56:51.060+0000] {processor.py:743} INFO - Processing file /home/airflow/.local/lib/python3.7/site-packages/airflow/example_dags/example_branch_day_of_week_operator.py for tasks to queue
[2025-07-28T22:56:51.061+0000] {logging_mixin.py:137} INFO - [2025-07-28T22:56:51.061+0000] {dagbag.py:538} INFO - Filling up the DagBag from /home/airflow/.local/lib/python3.7/site-packages/airflow/example_dags/example_branch_day_of_week_operator.py
[2025-07-28T22:56:51.079+0000] {processor.py:753} INFO - DAG(s) dict_keys(['example_weekday_branch_operator']) retrieved from /home/airflow/.local/lib/python3.7/site-packages/airflow/example_dags/example_branch_day_of_week_operator.py
[2025-07-28T22:56:51.110+0000] {logging_mixin.py:137} INFO - [2025-07-28T22:56:51.110+0000] {dag.py:2690} INFO - Sync 1 DAGs
[2025-07-28T22:56:51.142+0000] {logging_mixin.py:137} INFO - [2025-07-28T22:56:51.142+0000] {dag.py:3441} INFO - Setting next_dagrun for example_weekday_branch_operator to 2025-07-27T00:00:00+00:00, run_after=2025-07-28T00:00:00+00:00
[2025-07-28T22:56:51.165+0000] {processor.py:175} INFO - Processing /home/airflow/.local/lib/python3.7/site-packages/airflow/example_dags/example_branch_day_of_week_operator.py took 0.113 seconds
[2025-07-28T22:57:21.324+0000] {processor.py:153} INFO - Started process (PID=1771) to work on /home/airflow/.local/lib/python3.7/site-packages/airflow/example_dags/example_branch_day_of_week_operator.py
[2025-07-28T22:57:21.326+0000] {processor.py:743} INFO - Processing file /home/airflow/.local/lib/python3.7/site-packages/airflow/example_dags/example_branch_day_of_week_operator.py for tasks to queue
[2025-07-28T22:57:21.327+0000] {logging_mixin.py:137} INFO - [2025-07-28T22:57:21.326+0000] {dagbag.py:538} INFO - Filling up the DagBag from /home/airflow/.local/lib/python3.7/site-packages/airflow/example_dags/example_branch_day_of_week_operator.py
[2025-07-28T22:57:21.342+0000] {processor.py:753} INFO - DAG(s) dict_keys(['example_weekday_branch_operator']) retrieved from /home/airflow/.local/lib/python3.7/site-packages/airflow/example_dags/example_branch_day_of_week_operator.py
[2025-07-28T22:57:21.371+0000] {logging_mixin.py:137} INFO - [2025-07-28T22:57:21.371+0000] {dag.py:2690} INFO - Sync 1 DAGs
[2025-07-28T22:57:21.400+0000] {logging_mixin.py:137} INFO - [2025-07-28T22:57:21.400+0000] {dag.py:3441} INFO - Setting next_dagrun for example_weekday_branch_operator to 2025-07-27T00:00:00+00:00, run_after=2025-07-28T00:00:00+00:00
[2025-07-28T22:57:21.428+0000] {processor.py:175} INFO - Processing /home/airflow/.local/lib/python3.7/site-packages/airflow/example_dags/example_branch_day_of_week_operator.py took 0.109 seconds
[2025-07-28T22:57:51.713+0000] {processor.py:153} INFO - Started process (PID=1842) to work on /home/airflow/.local/lib/python3.7/site-packages/airflow/example_dags/example_branch_day_of_week_operator.py
[2025-07-28T22:57:51.715+0000] {processor.py:743} INFO - Processing file /home/airflow/.local/lib/python3.7/site-packages/airflow/example_dags/example_branch_day_of_week_operator.py for tasks to queue
[2025-07-28T22:57:51.717+0000] {logging_mixin.py:137} INFO - [2025-07-28T22:57:51.717+0000] {dagbag.py:538} INFO - Filling up the DagBag from /home/airflow/.local/lib/python3.7/site-packages/airflow/example_dags/example_branch_day_of_week_operator.py
[2025-07-28T22:57:51.736+0000] {processor.py:753} INFO - DAG(s) dict_keys(['example_weekday_branch_operator']) retrieved from /home/airflow/.local/lib/python3.7/site-packages/airflow/example_dags/example_branch_day_of_week_operator.py
[2025-07-28T22:57:51.770+0000] {logging_mixin.py:137} INFO - [2025-07-28T22:57:51.770+0000] {dag.py:2690} INFO - Sync 1 DAGs
[2025-07-28T22:57:51.801+0000] {logging_mixin.py:137} INFO - [2025-07-28T22:57:51.801+0000] {dag.py:3441} INFO - Setting next_dagrun for example_weekday_branch_operator to 2025-07-27T00:00:00+00:00, run_after=2025-07-28T00:00:00+00:00
[2025-07-28T22:57:51.826+0000] {processor.py:175} INFO - Processing /home/airflow/.local/lib/python3.7/site-packages/airflow/example_dags/example_branch_day_of_week_operator.py took 0.117 seconds
[2025-07-28T22:58:23.002+0000] {processor.py:153} INFO - Started process (PID=1929) to work on /home/airflow/.local/lib/python3.7/site-packages/airflow/example_dags/example_branch_day_of_week_operator.py
[2025-07-28T22:58:23.004+0000] {processor.py:743} INFO - Processing file /home/airflow/.local/lib/python3.7/site-packages/airflow/example_dags/example_branch_day_of_week_operator.py for tasks to queue
[2025-07-28T22:58:23.006+0000] {logging_mixin.py:137} INFO - [2025-07-28T22:58:23.006+0000] {dagbag.py:538} INFO - Filling up the DagBag from /home/airflow/.local/lib/python3.7/site-packages/airflow/example_dags/example_branch_day_of_week_operator.py
[2025-07-28T22:58:23.036+0000] {processor.py:753} INFO - DAG(s) dict_keys(['example_weekday_branch_operator']) retrieved from /home/airflow/.local/lib/python3.7/site-packages/airflow/example_dags/example_branch_day_of_week_operator.py
[2025-07-28T22:58:23.098+0000] {logging_mixin.py:137} INFO - [2025-07-28T22:58:23.096+0000] {dag.py:2690} INFO - Sync 1 DAGs
[2025-07-28T22:58:23.139+0000] {logging_mixin.py:137} INFO - [2025-07-28T22:58:23.139+0000] {dag.py:3441} INFO - Setting next_dagrun for example_weekday_branch_operator to 2025-07-27T00:00:00+00:00, run_after=2025-07-28T00:00:00+00:00
[2025-07-28T22:58:23.165+0000] {processor.py:175} INFO - Processing /home/airflow/.local/lib/python3.7/site-packages/airflow/example_dags/example_branch_day_of_week_operator.py took 0.175 seconds
[2025-07-28T22:58:53.904+0000] {processor.py:153} INFO - Started process (PID=2000) to work on /home/airflow/.local/lib/python3.7/site-packages/airflow/example_dags/example_branch_day_of_week_operator.py
[2025-07-28T22:58:53.905+0000] {processor.py:743} INFO - Processing file /home/airflow/.local/lib/python3.7/site-packages/airflow/example_dags/example_branch_day_of_week_operator.py for tasks to queue
[2025-07-28T22:58:53.906+0000] {logging_mixin.py:137} INFO - [2025-07-28T22:58:53.906+0000] {dagbag.py:538} INFO - Filling up the DagBag from /home/airflow/.local/lib/python3.7/site-packages/airflow/example_dags/example_branch_day_of_week_operator.py
[2025-07-28T22:58:53.921+0000] {processor.py:753} INFO - DAG(s) dict_keys(['example_weekday_branch_operator']) retrieved from /home/airflow/.local/lib/python3.7/site-packages/airflow/example_dags/example_branch_day_of_week_operator.py
[2025-07-28T22:58:53.951+0000] {logging_mixin.py:137} INFO - [2025-07-28T22:58:53.951+0000] {dag.py:2690} INFO - Sync 1 DAGs
[2025-07-28T22:58:53.976+0000] {logging_mixin.py:137} INFO - [2025-07-28T22:58:53.976+0000] {dag.py:3441} INFO - Setting next_dagrun for example_weekday_branch_operator to 2025-07-27T00:00:00+00:00, run_after=2025-07-28T00:00:00+00:00
[2025-07-28T22:58:53.999+0000] {processor.py:175} INFO - Processing /home/airflow/.local/lib/python3.7/site-packages/airflow/example_dags/example_branch_day_of_week_operator.py took 0.099 seconds
[2025-07-28T22:59:24.248+0000] {processor.py:153} INFO - Started process (PID=2071) to work on /home/airflow/.local/lib/python3.7/site-packages/airflow/example_dags/example_branch_day_of_week_operator.py
[2025-07-28T22:59:24.249+0000] {processor.py:743} INFO - Processing file /home/airflow/.local/lib/python3.7/site-packages/airflow/example_dags/example_branch_day_of_week_operator.py for tasks to queue
[2025-07-28T22:59:24.252+0000] {logging_mixin.py:137} INFO - [2025-07-28T22:59:24.251+0000] {dagbag.py:538} INFO - Filling up the DagBag from /home/airflow/.local/lib/python3.7/site-packages/airflow/example_dags/example_branch_day_of_week_operator.py
[2025-07-28T22:59:24.284+0000] {processor.py:753} INFO - DAG(s) dict_keys(['example_weekday_branch_operator']) retrieved from /home/airflow/.local/lib/python3.7/site-packages/airflow/example_dags/example_branch_day_of_week_operator.py
[2025-07-28T22:59:24.326+0000] {logging_mixin.py:137} INFO - [2025-07-28T22:59:24.326+0000] {dag.py:2690} INFO - Sync 1 DAGs
[2025-07-28T22:59:24.364+0000] {logging_mixin.py:137} INFO - [2025-07-28T22:59:24.363+0000] {dag.py:3441} INFO - Setting next_dagrun for example_weekday_branch_operator to 2025-07-27T00:00:00+00:00, run_after=2025-07-28T00:00:00+00:00
[2025-07-28T22:59:24.390+0000] {processor.py:175} INFO - Processing /home/airflow/.local/lib/python3.7/site-packages/airflow/example_dags/example_branch_day_of_week_operator.py took 0.147 seconds
[2025-07-28T22:59:54.633+0000] {processor.py:153} INFO - Started process (PID=2159) to work on /home/airflow/.local/lib/python3.7/site-packages/airflow/example_dags/example_branch_day_of_week_operator.py
[2025-07-28T22:59:54.635+0000] {processor.py:743} INFO - Processing file /home/airflow/.local/lib/python3.7/site-packages/airflow/example_dags/example_branch_day_of_week_operator.py for tasks to queue
[2025-07-28T22:59:54.636+0000] {logging_mixin.py:137} INFO - [2025-07-28T22:59:54.636+0000] {dagbag.py:538} INFO - Filling up the DagBag from /home/airflow/.local/lib/python3.7/site-packages/airflow/example_dags/example_branch_day_of_week_operator.py
[2025-07-28T22:59:54.654+0000] {processor.py:753} INFO - DAG(s) dict_keys(['example_weekday_branch_operator']) retrieved from /home/airflow/.local/lib/python3.7/site-packages/airflow/example_dags/example_branch_day_of_week_operator.py
[2025-07-28T22:59:54.683+0000] {logging_mixin.py:137} INFO - [2025-07-28T22:59:54.683+0000] {dag.py:2690} INFO - Sync 1 DAGs
[2025-07-28T22:59:54.713+0000] {logging_mixin.py:137} INFO - [2025-07-28T22:59:54.713+0000] {dag.py:3441} INFO - Setting next_dagrun for example_weekday_branch_operator to 2025-07-27T00:00:00+00:00, run_after=2025-07-28T00:00:00+00:00
[2025-07-28T22:59:54.737+0000] {processor.py:175} INFO - Processing /home/airflow/.local/lib/python3.7/site-packages/airflow/example_dags/example_branch_day_of_week_operator.py took 0.108 seconds
[2025-07-28T23:00:24.902+0000] {processor.py:153} INFO - Started process (PID=2230) to work on /home/airflow/.local/lib/python3.7/site-packages/airflow/example_dags/example_branch_day_of_week_operator.py
[2025-07-28T23:00:24.903+0000] {processor.py:743} INFO - Processing file /home/airflow/.local/lib/python3.7/site-packages/airflow/example_dags/example_branch_day_of_week_operator.py for tasks to queue
[2025-07-28T23:00:24.903+0000] {logging_mixin.py:137} INFO - [2025-07-28T23:00:24.903+0000] {dagbag.py:538} INFO - Filling up the DagBag from /home/airflow/.local/lib/python3.7/site-packages/airflow/example_dags/example_branch_day_of_week_operator.py
[2025-07-28T23:00:24.923+0000] {processor.py:753} INFO - DAG(s) dict_keys(['example_weekday_branch_operator']) retrieved from /home/airflow/.local/lib/python3.7/site-packages/airflow/example_dags/example_branch_day_of_week_operator.py
[2025-07-28T23:00:24.952+0000] {logging_mixin.py:137} INFO - [2025-07-28T23:00:24.952+0000] {dag.py:2690} INFO - Sync 1 DAGs
[2025-07-28T23:00:24.979+0000] {logging_mixin.py:137} INFO - [2025-07-28T23:00:24.979+0000] {dag.py:3441} INFO - Setting next_dagrun for example_weekday_branch_operator to 2025-07-27T00:00:00+00:00, run_after=2025-07-28T00:00:00+00:00
[2025-07-28T23:00:25.004+0000] {processor.py:175} INFO - Processing /home/airflow/.local/lib/python3.7/site-packages/airflow/example_dags/example_branch_day_of_week_operator.py took 0.106 seconds
[2025-07-28T23:00:55.491+0000] {processor.py:153} INFO - Started process (PID=2317) to work on /home/airflow/.local/lib/python3.7/site-packages/airflow/example_dags/example_branch_day_of_week_operator.py
[2025-07-28T23:00:55.495+0000] {processor.py:743} INFO - Processing file /home/airflow/.local/lib/python3.7/site-packages/airflow/example_dags/example_branch_day_of_week_operator.py for tasks to queue
[2025-07-28T23:00:55.501+0000] {logging_mixin.py:137} INFO - [2025-07-28T23:00:55.498+0000] {dagbag.py:538} INFO - Filling up the DagBag from /home/airflow/.local/lib/python3.7/site-packages/airflow/example_dags/example_branch_day_of_week_operator.py
[2025-07-28T23:00:55.540+0000] {processor.py:753} INFO - DAG(s) dict_keys(['example_weekday_branch_operator']) retrieved from /home/airflow/.local/lib/python3.7/site-packages/airflow/example_dags/example_branch_day_of_week_operator.py
[2025-07-28T23:00:55.588+0000] {logging_mixin.py:137} INFO - [2025-07-28T23:00:55.588+0000] {dag.py:2690} INFO - Sync 1 DAGs
[2025-07-28T23:00:55.640+0000] {logging_mixin.py:137} INFO - [2025-07-28T23:00:55.640+0000] {dag.py:3441} INFO - Setting next_dagrun for example_weekday_branch_operator to 2025-07-27T00:00:00+00:00, run_after=2025-07-28T00:00:00+00:00
[2025-07-28T23:00:55.679+0000] {processor.py:175} INFO - Processing /home/airflow/.local/lib/python3.7/site-packages/airflow/example_dags/example_branch_day_of_week_operator.py took 0.201 seconds
[2025-07-28T23:01:25.824+0000] {processor.py:153} INFO - Started process (PID=2389) to work on /home/airflow/.local/lib/python3.7/site-packages/airflow/example_dags/example_branch_day_of_week_operator.py
[2025-07-28T23:01:25.827+0000] {processor.py:743} INFO - Processing file /home/airflow/.local/lib/python3.7/site-packages/airflow/example_dags/example_branch_day_of_week_operator.py for tasks to queue
[2025-07-28T23:01:25.830+0000] {logging_mixin.py:137} INFO - [2025-07-28T23:01:25.829+0000] {dagbag.py:538} INFO - Filling up the DagBag from /home/airflow/.local/lib/python3.7/site-packages/airflow/example_dags/example_branch_day_of_week_operator.py
[2025-07-28T23:01:25.876+0000] {processor.py:753} INFO - DAG(s) dict_keys(['example_weekday_branch_operator']) retrieved from /home/airflow/.local/lib/python3.7/site-packages/airflow/example_dags/example_branch_day_of_week_operator.py
[2025-07-28T23:01:25.919+0000] {logging_mixin.py:137} INFO - [2025-07-28T23:01:25.919+0000] {dag.py:2690} INFO - Sync 1 DAGs
[2025-07-28T23:01:25.980+0000] {logging_mixin.py:137} INFO - [2025-07-28T23:01:25.980+0000] {dag.py:3441} INFO - Setting next_dagrun for example_weekday_branch_operator to 2025-07-27T00:00:00+00:00, run_after=2025-07-28T00:00:00+00:00
[2025-07-28T23:01:26.018+0000] {processor.py:175} INFO - Processing /home/airflow/.local/lib/python3.7/site-packages/airflow/example_dags/example_branch_day_of_week_operator.py took 0.198 seconds
[2025-07-28T23:01:56.341+0000] {processor.py:153} INFO - Started process (PID=2460) to work on /home/airflow/.local/lib/python3.7/site-packages/airflow/example_dags/example_branch_day_of_week_operator.py
[2025-07-28T23:01:56.342+0000] {processor.py:743} INFO - Processing file /home/airflow/.local/lib/python3.7/site-packages/airflow/example_dags/example_branch_day_of_week_operator.py for tasks to queue
[2025-07-28T23:01:56.345+0000] {logging_mixin.py:137} INFO - [2025-07-28T23:01:56.345+0000] {dagbag.py:538} INFO - Filling up the DagBag from /home/airflow/.local/lib/python3.7/site-packages/airflow/example_dags/example_branch_day_of_week_operator.py
[2025-07-28T23:01:56.376+0000] {processor.py:753} INFO - DAG(s) dict_keys(['example_weekday_branch_operator']) retrieved from /home/airflow/.local/lib/python3.7/site-packages/airflow/example_dags/example_branch_day_of_week_operator.py
[2025-07-28T23:01:56.412+0000] {logging_mixin.py:137} INFO - [2025-07-28T23:01:56.412+0000] {dag.py:2690} INFO - Sync 1 DAGs
[2025-07-28T23:01:56.453+0000] {logging_mixin.py:137} INFO - [2025-07-28T23:01:56.453+0000] {dag.py:3441} INFO - Setting next_dagrun for example_weekday_branch_operator to 2025-07-27T00:00:00+00:00, run_after=2025-07-28T00:00:00+00:00
[2025-07-28T23:01:56.490+0000] {processor.py:175} INFO - Processing /home/airflow/.local/lib/python3.7/site-packages/airflow/example_dags/example_branch_day_of_week_operator.py took 0.156 seconds
[2025-07-28T23:02:27.160+0000] {processor.py:153} INFO - Started process (PID=2547) to work on /home/airflow/.local/lib/python3.7/site-packages/airflow/example_dags/example_branch_day_of_week_operator.py
[2025-07-28T23:02:27.162+0000] {processor.py:743} INFO - Processing file /home/airflow/.local/lib/python3.7/site-packages/airflow/example_dags/example_branch_day_of_week_operator.py for tasks to queue
[2025-07-28T23:02:27.163+0000] {logging_mixin.py:137} INFO - [2025-07-28T23:02:27.163+0000] {dagbag.py:538} INFO - Filling up the DagBag from /home/airflow/.local/lib/python3.7/site-packages/airflow/example_dags/example_branch_day_of_week_operator.py
[2025-07-28T23:02:27.184+0000] {processor.py:753} INFO - DAG(s) dict_keys(['example_weekday_branch_operator']) retrieved from /home/airflow/.local/lib/python3.7/site-packages/airflow/example_dags/example_branch_day_of_week_operator.py
[2025-07-28T23:02:27.203+0000] {logging_mixin.py:137} INFO - [2025-07-28T23:02:27.203+0000] {dag.py:2690} INFO - Sync 1 DAGs
[2025-07-28T23:02:27.241+0000] {logging_mixin.py:137} INFO - [2025-07-28T23:02:27.240+0000] {dag.py:3441} INFO - Setting next_dagrun for example_weekday_branch_operator to 2025-07-27T00:00:00+00:00, run_after=2025-07-28T00:00:00+00:00
[2025-07-28T23:02:27.273+0000] {processor.py:175} INFO - Processing /home/airflow/.local/lib/python3.7/site-packages/airflow/example_dags/example_branch_day_of_week_operator.py took 0.117 seconds
[2025-07-28T23:02:57.988+0000] {processor.py:153} INFO - Started process (PID=2617) to work on /home/airflow/.local/lib/python3.7/site-packages/airflow/example_dags/example_branch_day_of_week_operator.py
[2025-07-28T23:02:57.989+0000] {processor.py:743} INFO - Processing file /home/airflow/.local/lib/python3.7/site-packages/airflow/example_dags/example_branch_day_of_week_operator.py for tasks to queue
[2025-07-28T23:02:57.990+0000] {logging_mixin.py:137} INFO - [2025-07-28T23:02:57.990+0000] {dagbag.py:538} INFO - Filling up the DagBag from /home/airflow/.local/lib/python3.7/site-packages/airflow/example_dags/example_branch_day_of_week_operator.py
[2025-07-28T23:02:58.009+0000] {processor.py:753} INFO - DAG(s) dict_keys(['example_weekday_branch_operator']) retrieved from /home/airflow/.local/lib/python3.7/site-packages/airflow/example_dags/example_branch_day_of_week_operator.py
[2025-07-28T23:02:58.025+0000] {logging_mixin.py:137} INFO - [2025-07-28T23:02:58.025+0000] {dag.py:2690} INFO - Sync 1 DAGs
[2025-07-28T23:02:58.053+0000] {logging_mixin.py:137} INFO - [2025-07-28T23:02:58.053+0000] {dag.py:3441} INFO - Setting next_dagrun for example_weekday_branch_operator to 2025-07-27T00:00:00+00:00, run_after=2025-07-28T00:00:00+00:00
[2025-07-28T23:02:58.075+0000] {processor.py:175} INFO - Processing /home/airflow/.local/lib/python3.7/site-packages/airflow/example_dags/example_branch_day_of_week_operator.py took 0.091 seconds
[2025-07-28T23:03:28.805+0000] {processor.py:153} INFO - Started process (PID=2697) to work on /home/airflow/.local/lib/python3.7/site-packages/airflow/example_dags/example_branch_day_of_week_operator.py
[2025-07-28T23:03:28.811+0000] {processor.py:743} INFO - Processing file /home/airflow/.local/lib/python3.7/site-packages/airflow/example_dags/example_branch_day_of_week_operator.py for tasks to queue
[2025-07-28T23:03:28.813+0000] {logging_mixin.py:137} INFO - [2025-07-28T23:03:28.813+0000] {dagbag.py:538} INFO - Filling up the DagBag from /home/airflow/.local/lib/python3.7/site-packages/airflow/example_dags/example_branch_day_of_week_operator.py
[2025-07-28T23:03:28.855+0000] {processor.py:753} INFO - DAG(s) dict_keys(['example_weekday_branch_operator']) retrieved from /home/airflow/.local/lib/python3.7/site-packages/airflow/example_dags/example_branch_day_of_week_operator.py
[2025-07-28T23:03:28.887+0000] {logging_mixin.py:137} INFO - [2025-07-28T23:03:28.886+0000] {dag.py:2690} INFO - Sync 1 DAGs
[2025-07-28T23:03:28.953+0000] {logging_mixin.py:137} INFO - [2025-07-28T23:03:28.953+0000] {dag.py:3441} INFO - Setting next_dagrun for example_weekday_branch_operator to 2025-07-27T00:00:00+00:00, run_after=2025-07-28T00:00:00+00:00
[2025-07-28T23:03:29.000+0000] {processor.py:175} INFO - Processing /home/airflow/.local/lib/python3.7/site-packages/airflow/example_dags/example_branch_day_of_week_operator.py took 0.203 seconds
[2025-07-28T23:03:59.721+0000] {processor.py:153} INFO - Started process (PID=2775) to work on /home/airflow/.local/lib/python3.7/site-packages/airflow/example_dags/example_branch_day_of_week_operator.py
[2025-07-28T23:03:59.724+0000] {processor.py:743} INFO - Processing file /home/airflow/.local/lib/python3.7/site-packages/airflow/example_dags/example_branch_day_of_week_operator.py for tasks to queue
[2025-07-28T23:03:59.726+0000] {logging_mixin.py:137} INFO - [2025-07-28T23:03:59.726+0000] {dagbag.py:538} INFO - Filling up the DagBag from /home/airflow/.local/lib/python3.7/site-packages/airflow/example_dags/example_branch_day_of_week_operator.py
[2025-07-28T23:03:59.750+0000] {processor.py:753} INFO - DAG(s) dict_keys(['example_weekday_branch_operator']) retrieved from /home/airflow/.local/lib/python3.7/site-packages/airflow/example_dags/example_branch_day_of_week_operator.py
[2025-07-28T23:03:59.792+0000] {logging_mixin.py:137} INFO - [2025-07-28T23:03:59.792+0000] {dag.py:2690} INFO - Sync 1 DAGs
[2025-07-28T23:03:59.828+0000] {logging_mixin.py:137} INFO - [2025-07-28T23:03:59.828+0000] {dag.py:3441} INFO - Setting next_dagrun for example_weekday_branch_operator to 2025-07-27T00:00:00+00:00, run_after=2025-07-28T00:00:00+00:00
[2025-07-28T23:03:59.856+0000] {processor.py:175} INFO - Processing /home/airflow/.local/lib/python3.7/site-packages/airflow/example_dags/example_branch_day_of_week_operator.py took 0.143 seconds
[2025-07-28T23:04:30.677+0000] {processor.py:153} INFO - Started process (PID=2846) to work on /home/airflow/.local/lib/python3.7/site-packages/airflow/example_dags/example_branch_day_of_week_operator.py
[2025-07-28T23:04:30.678+0000] {processor.py:743} INFO - Processing file /home/airflow/.local/lib/python3.7/site-packages/airflow/example_dags/example_branch_day_of_week_operator.py for tasks to queue
[2025-07-28T23:04:30.679+0000] {logging_mixin.py:137} INFO - [2025-07-28T23:04:30.679+0000] {dagbag.py:538} INFO - Filling up the DagBag from /home/airflow/.local/lib/python3.7/site-packages/airflow/example_dags/example_branch_day_of_week_operator.py
[2025-07-28T23:04:30.697+0000] {processor.py:753} INFO - DAG(s) dict_keys(['example_weekday_branch_operator']) retrieved from /home/airflow/.local/lib/python3.7/site-packages/airflow/example_dags/example_branch_day_of_week_operator.py
[2025-07-28T23:04:30.728+0000] {logging_mixin.py:137} INFO - [2025-07-28T23:04:30.728+0000] {dag.py:2690} INFO - Sync 1 DAGs
[2025-07-28T23:04:30.754+0000] {logging_mixin.py:137} INFO - [2025-07-28T23:04:30.754+0000] {dag.py:3441} INFO - Setting next_dagrun for example_weekday_branch_operator to 2025-07-27T00:00:00+00:00, run_after=2025-07-28T00:00:00+00:00
[2025-07-28T23:04:30.776+0000] {processor.py:175} INFO - Processing /home/airflow/.local/lib/python3.7/site-packages/airflow/example_dags/example_branch_day_of_week_operator.py took 0.103 seconds
[2025-07-28T23:05:01.159+0000] {processor.py:153} INFO - Started process (PID=2932) to work on /home/airflow/.local/lib/python3.7/site-packages/airflow/example_dags/example_branch_day_of_week_operator.py
[2025-07-28T23:05:01.160+0000] {processor.py:743} INFO - Processing file /home/airflow/.local/lib/python3.7/site-packages/airflow/example_dags/example_branch_day_of_week_operator.py for tasks to queue
[2025-07-28T23:05:01.162+0000] {logging_mixin.py:137} INFO - [2025-07-28T23:05:01.162+0000] {dagbag.py:538} INFO - Filling up the DagBag from /home/airflow/.local/lib/python3.7/site-packages/airflow/example_dags/example_branch_day_of_week_operator.py
[2025-07-28T23:05:01.192+0000] {processor.py:753} INFO - DAG(s) dict_keys(['example_weekday_branch_operator']) retrieved from /home/airflow/.local/lib/python3.7/site-packages/airflow/example_dags/example_branch_day_of_week_operator.py
[2025-07-28T23:05:01.235+0000] {logging_mixin.py:137} INFO - [2025-07-28T23:05:01.235+0000] {dag.py:2690} INFO - Sync 1 DAGs
[2025-07-28T23:05:01.278+0000] {logging_mixin.py:137} INFO - [2025-07-28T23:05:01.277+0000] {dag.py:3441} INFO - Setting next_dagrun for example_weekday_branch_operator to 2025-07-27T00:00:00+00:00, run_after=2025-07-28T00:00:00+00:00
[2025-07-28T23:05:01.308+0000] {processor.py:175} INFO - Processing /home/airflow/.local/lib/python3.7/site-packages/airflow/example_dags/example_branch_day_of_week_operator.py took 0.154 seconds
[2025-07-28T23:05:31.381+0000] {processor.py:153} INFO - Started process (PID=3003) to work on /home/airflow/.local/lib/python3.7/site-packages/airflow/example_dags/example_branch_day_of_week_operator.py
[2025-07-28T23:05:31.382+0000] {processor.py:743} INFO - Processing file /home/airflow/.local/lib/python3.7/site-packages/airflow/example_dags/example_branch_day_of_week_operator.py for tasks to queue
[2025-07-28T23:05:31.383+0000] {logging_mixin.py:137} INFO - [2025-07-28T23:05:31.383+0000] {dagbag.py:538} INFO - Filling up the DagBag from /home/airflow/.local/lib/python3.7/site-packages/airflow/example_dags/example_branch_day_of_week_operator.py
[2025-07-28T23:05:31.404+0000] {processor.py:753} INFO - DAG(s) dict_keys(['example_weekday_branch_operator']) retrieved from /home/airflow/.local/lib/python3.7/site-packages/airflow/example_dags/example_branch_day_of_week_operator.py
[2025-07-28T23:05:31.431+0000] {logging_mixin.py:137} INFO - [2025-07-28T23:05:31.431+0000] {dag.py:2690} INFO - Sync 1 DAGs
[2025-07-28T23:05:31.456+0000] {logging_mixin.py:137} INFO - [2025-07-28T23:05:31.456+0000] {dag.py:3441} INFO - Setting next_dagrun for example_weekday_branch_operator to 2025-07-27T00:00:00+00:00, run_after=2025-07-28T00:00:00+00:00
[2025-07-28T23:05:31.477+0000] {processor.py:175} INFO - Processing /home/airflow/.local/lib/python3.7/site-packages/airflow/example_dags/example_branch_day_of_week_operator.py took 0.099 seconds
[2025-07-28T23:06:02.199+0000] {processor.py:153} INFO - Started process (PID=3075) to work on /home/airflow/.local/lib/python3.7/site-packages/airflow/example_dags/example_branch_day_of_week_operator.py
[2025-07-28T23:06:02.200+0000] {processor.py:743} INFO - Processing file /home/airflow/.local/lib/python3.7/site-packages/airflow/example_dags/example_branch_day_of_week_operator.py for tasks to queue
[2025-07-28T23:06:02.201+0000] {logging_mixin.py:137} INFO - [2025-07-28T23:06:02.201+0000] {dagbag.py:538} INFO - Filling up the DagBag from /home/airflow/.local/lib/python3.7/site-packages/airflow/example_dags/example_branch_day_of_week_operator.py
[2025-07-28T23:06:02.216+0000] {processor.py:753} INFO - DAG(s) dict_keys(['example_weekday_branch_operator']) retrieved from /home/airflow/.local/lib/python3.7/site-packages/airflow/example_dags/example_branch_day_of_week_operator.py
[2025-07-28T23:06:02.244+0000] {logging_mixin.py:137} INFO - [2025-07-28T23:06:02.244+0000] {dag.py:2690} INFO - Sync 1 DAGs
[2025-07-28T23:06:02.269+0000] {logging_mixin.py:137} INFO - [2025-07-28T23:06:02.269+0000] {dag.py:3441} INFO - Setting next_dagrun for example_weekday_branch_operator to 2025-07-27T00:00:00+00:00, run_after=2025-07-28T00:00:00+00:00
[2025-07-28T23:06:02.290+0000] {processor.py:175} INFO - Processing /home/airflow/.local/lib/python3.7/site-packages/airflow/example_dags/example_branch_day_of_week_operator.py took 0.095 seconds
[2025-07-28T23:06:32.421+0000] {processor.py:153} INFO - Started process (PID=3163) to work on /home/airflow/.local/lib/python3.7/site-packages/airflow/example_dags/example_branch_day_of_week_operator.py
[2025-07-28T23:06:32.423+0000] {processor.py:743} INFO - Processing file /home/airflow/.local/lib/python3.7/site-packages/airflow/example_dags/example_branch_day_of_week_operator.py for tasks to queue
[2025-07-28T23:06:32.424+0000] {logging_mixin.py:137} INFO - [2025-07-28T23:06:32.424+0000] {dagbag.py:538} INFO - Filling up the DagBag from /home/airflow/.local/lib/python3.7/site-packages/airflow/example_dags/example_branch_day_of_week_operator.py
[2025-07-28T23:06:32.441+0000] {processor.py:753} INFO - DAG(s) dict_keys(['example_weekday_branch_operator']) retrieved from /home/airflow/.local/lib/python3.7/site-packages/airflow/example_dags/example_branch_day_of_week_operator.py
[2025-07-28T23:06:32.469+0000] {logging_mixin.py:137} INFO - [2025-07-28T23:06:32.469+0000] {dag.py:2690} INFO - Sync 1 DAGs
[2025-07-28T23:06:32.492+0000] {logging_mixin.py:137} INFO - [2025-07-28T23:06:32.491+0000] {dag.py:3441} INFO - Setting next_dagrun for example_weekday_branch_operator to 2025-07-27T00:00:00+00:00, run_after=2025-07-28T00:00:00+00:00
[2025-07-28T23:06:32.512+0000] {processor.py:175} INFO - Processing /home/airflow/.local/lib/python3.7/site-packages/airflow/example_dags/example_branch_day_of_week_operator.py took 0.095 seconds
