[2025-07-28T22:45:38.844+0000] {processor.py:153} INFO - Started process (PID=72) to work on /home/airflow/.local/lib/python3.7/site-packages/airflow/example_dags/example_sla_dag.py
[2025-07-28T22:45:38.846+0000] {processor.py:743} INFO - Processing file /home/airflow/.local/lib/python3.7/site-packages/airflow/example_dags/example_sla_dag.py for tasks to queue
[2025-07-28T22:45:38.848+0000] {logging_mixin.py:137} INFO - [2025-07-28T22:45:38.847+0000] {dagbag.py:538} INFO - Filling up the DagBag from /home/airflow/.local/lib/python3.7/site-packages/airflow/example_dags/example_sla_dag.py
[2025-07-28T22:45:38.900+0000] {processor.py:753} INFO - DAG(s) dict_keys(['example_sla_dag']) retrieved from /home/airflow/.local/lib/python3.7/site-packages/airflow/example_dags/example_sla_dag.py
[2025-07-28T22:45:39.133+0000] {logging_mixin.py:137} INFO - [2025-07-28T22:45:39.132+0000] {manager.py:504} INFO - Created Permission View: can delete on DAG:example_sla_dag
[2025-07-28T22:45:39.154+0000] {logging_mixin.py:137} INFO - [2025-07-28T22:45:39.154+0000] {manager.py:504} INFO - Created Permission View: can read on DAG:example_sla_dag
[2025-07-28T22:45:39.172+0000] {logging_mixin.py:137} INFO - [2025-07-28T22:45:39.172+0000] {manager.py:504} INFO - Created Permission View: can edit on DAG:example_sla_dag
[2025-07-28T22:45:39.173+0000] {logging_mixin.py:137} INFO - [2025-07-28T22:45:39.173+0000] {dag.py:2690} INFO - Sync 1 DAGs
[2025-07-28T22:45:39.206+0000] {logging_mixin.py:137} INFO - [2025-07-28T22:45:39.206+0000] {dag.py:2711} INFO - Creating ORM DAG for example_sla_dag
[2025-07-28T22:45:39.241+0000] {logging_mixin.py:137} INFO - [2025-07-28T22:45:39.241+0000] {dag.py:3441} INFO - Setting next_dagrun for example_sla_dag to 2025-07-28T22:42:00+00:00, run_after=2025-07-28T22:44:00+00:00
[2025-07-28T22:45:39.284+0000] {processor.py:175} INFO - Processing /home/airflow/.local/lib/python3.7/site-packages/airflow/example_dags/example_sla_dag.py took 0.448 seconds
[2025-07-28T22:46:09.781+0000] {processor.py:153} INFO - Started process (PID=143) to work on /home/airflow/.local/lib/python3.7/site-packages/airflow/example_dags/example_sla_dag.py
[2025-07-28T22:46:09.785+0000] {processor.py:743} INFO - Processing file /home/airflow/.local/lib/python3.7/site-packages/airflow/example_dags/example_sla_dag.py for tasks to queue
[2025-07-28T22:46:09.788+0000] {logging_mixin.py:137} INFO - [2025-07-28T22:46:09.788+0000] {dagbag.py:538} INFO - Filling up the DagBag from /home/airflow/.local/lib/python3.7/site-packages/airflow/example_dags/example_sla_dag.py
[2025-07-28T22:46:09.910+0000] {processor.py:753} INFO - DAG(s) dict_keys(['example_sla_dag']) retrieved from /home/airflow/.local/lib/python3.7/site-packages/airflow/example_dags/example_sla_dag.py
[2025-07-28T22:46:09.971+0000] {logging_mixin.py:137} INFO - [2025-07-28T22:46:09.971+0000] {dag.py:2690} INFO - Sync 1 DAGs
[2025-07-28T22:46:10.141+0000] {logging_mixin.py:137} INFO - [2025-07-28T22:46:10.131+0000] {dag.py:3441} INFO - Setting next_dagrun for example_sla_dag to 2025-07-28T22:44:00+00:00, run_after=2025-07-28T22:46:00+00:00
[2025-07-28T22:46:10.232+0000] {processor.py:175} INFO - Processing /home/airflow/.local/lib/python3.7/site-packages/airflow/example_dags/example_sla_dag.py took 0.464 seconds
[2025-07-28T22:46:41.167+0000] {processor.py:153} INFO - Started process (PID=213) to work on /home/airflow/.local/lib/python3.7/site-packages/airflow/example_dags/example_sla_dag.py
[2025-07-28T22:46:41.169+0000] {processor.py:743} INFO - Processing file /home/airflow/.local/lib/python3.7/site-packages/airflow/example_dags/example_sla_dag.py for tasks to queue
[2025-07-28T22:46:41.171+0000] {logging_mixin.py:137} INFO - [2025-07-28T22:46:41.171+0000] {dagbag.py:538} INFO - Filling up the DagBag from /home/airflow/.local/lib/python3.7/site-packages/airflow/example_dags/example_sla_dag.py
[2025-07-28T22:46:41.215+0000] {processor.py:753} INFO - DAG(s) dict_keys(['example_sla_dag']) retrieved from /home/airflow/.local/lib/python3.7/site-packages/airflow/example_dags/example_sla_dag.py
[2025-07-28T22:46:41.260+0000] {logging_mixin.py:137} INFO - [2025-07-28T22:46:41.260+0000] {dag.py:2690} INFO - Sync 1 DAGs
[2025-07-28T22:46:41.314+0000] {logging_mixin.py:137} INFO - [2025-07-28T22:46:41.314+0000] {dag.py:3441} INFO - Setting next_dagrun for example_sla_dag to 2025-07-28T22:44:00+00:00, run_after=2025-07-28T22:46:00+00:00
[2025-07-28T22:46:41.348+0000] {processor.py:175} INFO - Processing /home/airflow/.local/lib/python3.7/site-packages/airflow/example_dags/example_sla_dag.py took 0.185 seconds
[2025-07-28T22:47:11.515+0000] {processor.py:153} INFO - Started process (PID=284) to work on /home/airflow/.local/lib/python3.7/site-packages/airflow/example_dags/example_sla_dag.py
[2025-07-28T22:47:11.522+0000] {processor.py:743} INFO - Processing file /home/airflow/.local/lib/python3.7/site-packages/airflow/example_dags/example_sla_dag.py for tasks to queue
[2025-07-28T22:47:11.524+0000] {logging_mixin.py:137} INFO - [2025-07-28T22:47:11.524+0000] {dagbag.py:538} INFO - Filling up the DagBag from /home/airflow/.local/lib/python3.7/site-packages/airflow/example_dags/example_sla_dag.py
[2025-07-28T22:47:11.572+0000] {processor.py:753} INFO - DAG(s) dict_keys(['example_sla_dag']) retrieved from /home/airflow/.local/lib/python3.7/site-packages/airflow/example_dags/example_sla_dag.py
[2025-07-28T22:47:11.614+0000] {logging_mixin.py:137} INFO - [2025-07-28T22:47:11.613+0000] {dag.py:2690} INFO - Sync 1 DAGs
[2025-07-28T22:47:11.661+0000] {logging_mixin.py:137} INFO - [2025-07-28T22:47:11.661+0000] {dag.py:3441} INFO - Setting next_dagrun for example_sla_dag to 2025-07-28T22:44:00+00:00, run_after=2025-07-28T22:46:00+00:00
[2025-07-28T22:47:11.704+0000] {processor.py:175} INFO - Processing /home/airflow/.local/lib/python3.7/site-packages/airflow/example_dags/example_sla_dag.py took 0.198 seconds
[2025-07-28T22:47:42.144+0000] {processor.py:153} INFO - Started process (PID=364) to work on /home/airflow/.local/lib/python3.7/site-packages/airflow/example_dags/example_sla_dag.py
[2025-07-28T22:47:42.146+0000] {processor.py:743} INFO - Processing file /home/airflow/.local/lib/python3.7/site-packages/airflow/example_dags/example_sla_dag.py for tasks to queue
[2025-07-28T22:47:42.148+0000] {logging_mixin.py:137} INFO - [2025-07-28T22:47:42.148+0000] {dagbag.py:538} INFO - Filling up the DagBag from /home/airflow/.local/lib/python3.7/site-packages/airflow/example_dags/example_sla_dag.py
[2025-07-28T22:47:42.210+0000] {processor.py:753} INFO - DAG(s) dict_keys(['example_sla_dag']) retrieved from /home/airflow/.local/lib/python3.7/site-packages/airflow/example_dags/example_sla_dag.py
[2025-07-28T22:47:42.280+0000] {logging_mixin.py:137} INFO - [2025-07-28T22:47:42.280+0000] {dag.py:2690} INFO - Sync 1 DAGs
[2025-07-28T22:47:42.347+0000] {logging_mixin.py:137} INFO - [2025-07-28T22:47:42.347+0000] {dag.py:3441} INFO - Setting next_dagrun for example_sla_dag to 2025-07-28T22:44:00+00:00, run_after=2025-07-28T22:46:00+00:00
[2025-07-28T22:47:42.400+0000] {processor.py:175} INFO - Processing /home/airflow/.local/lib/python3.7/site-packages/airflow/example_dags/example_sla_dag.py took 0.265 seconds
[2025-07-28T22:48:12.914+0000] {processor.py:153} INFO - Started process (PID=441) to work on /home/airflow/.local/lib/python3.7/site-packages/airflow/example_dags/example_sla_dag.py
[2025-07-28T22:48:12.916+0000] {processor.py:743} INFO - Processing file /home/airflow/.local/lib/python3.7/site-packages/airflow/example_dags/example_sla_dag.py for tasks to queue
[2025-07-28T22:48:12.918+0000] {logging_mixin.py:137} INFO - [2025-07-28T22:48:12.918+0000] {dagbag.py:538} INFO - Filling up the DagBag from /home/airflow/.local/lib/python3.7/site-packages/airflow/example_dags/example_sla_dag.py
[2025-07-28T22:48:13.068+0000] {processor.py:753} INFO - DAG(s) dict_keys(['example_sla_dag']) retrieved from /home/airflow/.local/lib/python3.7/site-packages/airflow/example_dags/example_sla_dag.py
[2025-07-28T22:48:13.179+0000] {logging_mixin.py:137} INFO - [2025-07-28T22:48:13.179+0000] {dag.py:2690} INFO - Sync 1 DAGs
[2025-07-28T22:48:13.280+0000] {logging_mixin.py:137} INFO - [2025-07-28T22:48:13.280+0000] {dag.py:3441} INFO - Setting next_dagrun for example_sla_dag to 2025-07-28T22:46:00+00:00, run_after=2025-07-28T22:48:00+00:00
[2025-07-28T22:48:13.336+0000] {processor.py:175} INFO - Processing /home/airflow/.local/lib/python3.7/site-packages/airflow/example_dags/example_sla_dag.py took 0.433 seconds
[2025-07-28T22:48:43.731+0000] {processor.py:153} INFO - Started process (PID=512) to work on /home/airflow/.local/lib/python3.7/site-packages/airflow/example_dags/example_sla_dag.py
[2025-07-28T22:48:43.732+0000] {processor.py:743} INFO - Processing file /home/airflow/.local/lib/python3.7/site-packages/airflow/example_dags/example_sla_dag.py for tasks to queue
[2025-07-28T22:48:43.734+0000] {logging_mixin.py:137} INFO - [2025-07-28T22:48:43.734+0000] {dagbag.py:538} INFO - Filling up the DagBag from /home/airflow/.local/lib/python3.7/site-packages/airflow/example_dags/example_sla_dag.py
[2025-07-28T22:48:43.811+0000] {processor.py:753} INFO - DAG(s) dict_keys(['example_sla_dag']) retrieved from /home/airflow/.local/lib/python3.7/site-packages/airflow/example_dags/example_sla_dag.py
[2025-07-28T22:48:43.911+0000] {logging_mixin.py:137} INFO - [2025-07-28T22:48:43.911+0000] {dag.py:2690} INFO - Sync 1 DAGs
[2025-07-28T22:48:43.959+0000] {logging_mixin.py:137} INFO - [2025-07-28T22:48:43.959+0000] {dag.py:3441} INFO - Setting next_dagrun for example_sla_dag to 2025-07-28T22:46:00+00:00, run_after=2025-07-28T22:48:00+00:00
[2025-07-28T22:48:43.993+0000] {processor.py:175} INFO - Processing /home/airflow/.local/lib/python3.7/site-packages/airflow/example_dags/example_sla_dag.py took 0.274 seconds
[2025-07-28T22:49:14.260+0000] {processor.py:153} INFO - Started process (PID=583) to work on /home/airflow/.local/lib/python3.7/site-packages/airflow/example_dags/example_sla_dag.py
[2025-07-28T22:49:14.269+0000] {processor.py:743} INFO - Processing file /home/airflow/.local/lib/python3.7/site-packages/airflow/example_dags/example_sla_dag.py for tasks to queue
[2025-07-28T22:49:14.294+0000] {logging_mixin.py:137} INFO - [2025-07-28T22:49:14.293+0000] {dagbag.py:538} INFO - Filling up the DagBag from /home/airflow/.local/lib/python3.7/site-packages/airflow/example_dags/example_sla_dag.py
[2025-07-28T22:49:14.384+0000] {processor.py:753} INFO - DAG(s) dict_keys(['example_sla_dag']) retrieved from /home/airflow/.local/lib/python3.7/site-packages/airflow/example_dags/example_sla_dag.py
[2025-07-28T22:49:14.477+0000] {logging_mixin.py:137} INFO - [2025-07-28T22:49:14.475+0000] {dag.py:2690} INFO - Sync 1 DAGs
[2025-07-28T22:49:14.578+0000] {logging_mixin.py:137} INFO - [2025-07-28T22:49:14.578+0000] {dag.py:3441} INFO - Setting next_dagrun for example_sla_dag to 2025-07-28T22:46:00+00:00, run_after=2025-07-28T22:48:00+00:00
[2025-07-28T22:49:14.651+0000] {processor.py:175} INFO - Processing /home/airflow/.local/lib/python3.7/site-packages/airflow/example_dags/example_sla_dag.py took 0.402 seconds
[2025-07-28T22:49:45.193+0000] {processor.py:153} INFO - Started process (PID=654) to work on /home/airflow/.local/lib/python3.7/site-packages/airflow/example_dags/example_sla_dag.py
[2025-07-28T22:49:45.195+0000] {processor.py:743} INFO - Processing file /home/airflow/.local/lib/python3.7/site-packages/airflow/example_dags/example_sla_dag.py for tasks to queue
[2025-07-28T22:49:45.198+0000] {logging_mixin.py:137} INFO - [2025-07-28T22:49:45.198+0000] {dagbag.py:538} INFO - Filling up the DagBag from /home/airflow/.local/lib/python3.7/site-packages/airflow/example_dags/example_sla_dag.py
[2025-07-28T22:49:45.240+0000] {processor.py:753} INFO - DAG(s) dict_keys(['example_sla_dag']) retrieved from /home/airflow/.local/lib/python3.7/site-packages/airflow/example_dags/example_sla_dag.py
[2025-07-28T22:49:45.276+0000] {logging_mixin.py:137} INFO - [2025-07-28T22:49:45.276+0000] {dag.py:2690} INFO - Sync 1 DAGs
[2025-07-28T22:49:45.317+0000] {logging_mixin.py:137} INFO - [2025-07-28T22:49:45.317+0000] {dag.py:3441} INFO - Setting next_dagrun for example_sla_dag to 2025-07-28T22:46:00+00:00, run_after=2025-07-28T22:48:00+00:00
[2025-07-28T22:49:45.344+0000] {processor.py:175} INFO - Processing /home/airflow/.local/lib/python3.7/site-packages/airflow/example_dags/example_sla_dag.py took 0.158 seconds
[2025-07-28T22:50:15.836+0000] {processor.py:153} INFO - Started process (PID=741) to work on /home/airflow/.local/lib/python3.7/site-packages/airflow/example_dags/example_sla_dag.py
[2025-07-28T22:50:15.838+0000] {processor.py:743} INFO - Processing file /home/airflow/.local/lib/python3.7/site-packages/airflow/example_dags/example_sla_dag.py for tasks to queue
[2025-07-28T22:50:15.840+0000] {logging_mixin.py:137} INFO - [2025-07-28T22:50:15.840+0000] {dagbag.py:538} INFO - Filling up the DagBag from /home/airflow/.local/lib/python3.7/site-packages/airflow/example_dags/example_sla_dag.py
[2025-07-28T22:50:15.894+0000] {processor.py:753} INFO - DAG(s) dict_keys(['example_sla_dag']) retrieved from /home/airflow/.local/lib/python3.7/site-packages/airflow/example_dags/example_sla_dag.py
[2025-07-28T22:50:15.938+0000] {logging_mixin.py:137} INFO - [2025-07-28T22:50:15.937+0000] {dag.py:2690} INFO - Sync 1 DAGs
[2025-07-28T22:50:15.992+0000] {logging_mixin.py:137} INFO - [2025-07-28T22:50:15.991+0000] {dag.py:3441} INFO - Setting next_dagrun for example_sla_dag to 2025-07-28T22:48:00+00:00, run_after=2025-07-28T22:50:00+00:00
[2025-07-28T22:50:16.031+0000] {processor.py:175} INFO - Processing /home/airflow/.local/lib/python3.7/site-packages/airflow/example_dags/example_sla_dag.py took 0.202 seconds
[2025-07-28T22:50:46.795+0000] {processor.py:153} INFO - Started process (PID=812) to work on /home/airflow/.local/lib/python3.7/site-packages/airflow/example_dags/example_sla_dag.py
[2025-07-28T22:50:46.798+0000] {processor.py:743} INFO - Processing file /home/airflow/.local/lib/python3.7/site-packages/airflow/example_dags/example_sla_dag.py for tasks to queue
[2025-07-28T22:50:46.800+0000] {logging_mixin.py:137} INFO - [2025-07-28T22:50:46.800+0000] {dagbag.py:538} INFO - Filling up the DagBag from /home/airflow/.local/lib/python3.7/site-packages/airflow/example_dags/example_sla_dag.py
[2025-07-28T22:50:46.845+0000] {processor.py:753} INFO - DAG(s) dict_keys(['example_sla_dag']) retrieved from /home/airflow/.local/lib/python3.7/site-packages/airflow/example_dags/example_sla_dag.py
[2025-07-28T22:50:46.880+0000] {logging_mixin.py:137} INFO - [2025-07-28T22:50:46.880+0000] {dag.py:2690} INFO - Sync 1 DAGs
[2025-07-28T22:50:46.914+0000] {logging_mixin.py:137} INFO - [2025-07-28T22:50:46.914+0000] {dag.py:3441} INFO - Setting next_dagrun for example_sla_dag to 2025-07-28T22:48:00+00:00, run_after=2025-07-28T22:50:00+00:00
[2025-07-28T22:50:46.938+0000] {processor.py:175} INFO - Processing /home/airflow/.local/lib/python3.7/site-packages/airflow/example_dags/example_sla_dag.py took 0.147 seconds
[2025-07-28T22:51:17.618+0000] {processor.py:153} INFO - Started process (PID=883) to work on /home/airflow/.local/lib/python3.7/site-packages/airflow/example_dags/example_sla_dag.py
[2025-07-28T22:51:17.620+0000] {processor.py:743} INFO - Processing file /home/airflow/.local/lib/python3.7/site-packages/airflow/example_dags/example_sla_dag.py for tasks to queue
[2025-07-28T22:51:17.621+0000] {logging_mixin.py:137} INFO - [2025-07-28T22:51:17.620+0000] {dagbag.py:538} INFO - Filling up the DagBag from /home/airflow/.local/lib/python3.7/site-packages/airflow/example_dags/example_sla_dag.py
[2025-07-28T22:51:17.653+0000] {processor.py:753} INFO - DAG(s) dict_keys(['example_sla_dag']) retrieved from /home/airflow/.local/lib/python3.7/site-packages/airflow/example_dags/example_sla_dag.py
[2025-07-28T22:51:17.688+0000] {logging_mixin.py:137} INFO - [2025-07-28T22:51:17.688+0000] {dag.py:2690} INFO - Sync 1 DAGs
[2025-07-28T22:51:17.725+0000] {logging_mixin.py:137} INFO - [2025-07-28T22:51:17.725+0000] {dag.py:3441} INFO - Setting next_dagrun for example_sla_dag to 2025-07-28T22:48:00+00:00, run_after=2025-07-28T22:50:00+00:00
[2025-07-28T22:51:17.757+0000] {processor.py:175} INFO - Processing /home/airflow/.local/lib/python3.7/site-packages/airflow/example_dags/example_sla_dag.py took 0.142 seconds
[2025-07-28T22:51:47.886+0000] {processor.py:153} INFO - Started process (PID=970) to work on /home/airflow/.local/lib/python3.7/site-packages/airflow/example_dags/example_sla_dag.py
[2025-07-28T22:51:47.888+0000] {processor.py:743} INFO - Processing file /home/airflow/.local/lib/python3.7/site-packages/airflow/example_dags/example_sla_dag.py for tasks to queue
[2025-07-28T22:51:47.890+0000] {logging_mixin.py:137} INFO - [2025-07-28T22:51:47.890+0000] {dagbag.py:538} INFO - Filling up the DagBag from /home/airflow/.local/lib/python3.7/site-packages/airflow/example_dags/example_sla_dag.py
[2025-07-28T22:51:47.919+0000] {processor.py:753} INFO - DAG(s) dict_keys(['example_sla_dag']) retrieved from /home/airflow/.local/lib/python3.7/site-packages/airflow/example_dags/example_sla_dag.py
[2025-07-28T22:51:47.958+0000] {logging_mixin.py:137} INFO - [2025-07-28T22:51:47.957+0000] {dag.py:2690} INFO - Sync 1 DAGs
[2025-07-28T22:51:47.993+0000] {logging_mixin.py:137} INFO - [2025-07-28T22:51:47.993+0000] {dag.py:3441} INFO - Setting next_dagrun for example_sla_dag to 2025-07-28T22:48:00+00:00, run_after=2025-07-28T22:50:00+00:00
[2025-07-28T22:51:48.025+0000] {processor.py:175} INFO - Processing /home/airflow/.local/lib/python3.7/site-packages/airflow/example_dags/example_sla_dag.py took 0.147 seconds
[2025-07-28T22:52:18.572+0000] {processor.py:153} INFO - Started process (PID=1041) to work on /home/airflow/.local/lib/python3.7/site-packages/airflow/example_dags/example_sla_dag.py
[2025-07-28T22:52:18.574+0000] {processor.py:743} INFO - Processing file /home/airflow/.local/lib/python3.7/site-packages/airflow/example_dags/example_sla_dag.py for tasks to queue
[2025-07-28T22:52:18.575+0000] {logging_mixin.py:137} INFO - [2025-07-28T22:52:18.575+0000] {dagbag.py:538} INFO - Filling up the DagBag from /home/airflow/.local/lib/python3.7/site-packages/airflow/example_dags/example_sla_dag.py
[2025-07-28T22:52:18.607+0000] {processor.py:753} INFO - DAG(s) dict_keys(['example_sla_dag']) retrieved from /home/airflow/.local/lib/python3.7/site-packages/airflow/example_dags/example_sla_dag.py
[2025-07-28T22:52:18.640+0000] {logging_mixin.py:137} INFO - [2025-07-28T22:52:18.639+0000] {dag.py:2690} INFO - Sync 1 DAGs
[2025-07-28T22:52:18.674+0000] {logging_mixin.py:137} INFO - [2025-07-28T22:52:18.674+0000] {dag.py:3441} INFO - Setting next_dagrun for example_sla_dag to 2025-07-28T22:50:00+00:00, run_after=2025-07-28T22:52:00+00:00
[2025-07-28T22:52:18.700+0000] {processor.py:175} INFO - Processing /home/airflow/.local/lib/python3.7/site-packages/airflow/example_dags/example_sla_dag.py took 0.133 seconds
[2025-07-28T22:52:49.529+0000] {processor.py:153} INFO - Started process (PID=1128) to work on /home/airflow/.local/lib/python3.7/site-packages/airflow/example_dags/example_sla_dag.py
[2025-07-28T22:52:49.531+0000] {processor.py:743} INFO - Processing file /home/airflow/.local/lib/python3.7/site-packages/airflow/example_dags/example_sla_dag.py for tasks to queue
[2025-07-28T22:52:49.532+0000] {logging_mixin.py:137} INFO - [2025-07-28T22:52:49.532+0000] {dagbag.py:538} INFO - Filling up the DagBag from /home/airflow/.local/lib/python3.7/site-packages/airflow/example_dags/example_sla_dag.py
[2025-07-28T22:52:49.566+0000] {processor.py:753} INFO - DAG(s) dict_keys(['example_sla_dag']) retrieved from /home/airflow/.local/lib/python3.7/site-packages/airflow/example_dags/example_sla_dag.py
[2025-07-28T22:52:49.606+0000] {logging_mixin.py:137} INFO - [2025-07-28T22:52:49.606+0000] {dag.py:2690} INFO - Sync 1 DAGs
[2025-07-28T22:52:49.645+0000] {logging_mixin.py:137} INFO - [2025-07-28T22:52:49.644+0000] {dag.py:3441} INFO - Setting next_dagrun for example_sla_dag to 2025-07-28T22:50:00+00:00, run_after=2025-07-28T22:52:00+00:00
[2025-07-28T22:52:49.684+0000] {processor.py:175} INFO - Processing /home/airflow/.local/lib/python3.7/site-packages/airflow/example_dags/example_sla_dag.py took 0.161 seconds
[2025-07-28T22:53:20.011+0000] {processor.py:153} INFO - Started process (PID=1199) to work on /home/airflow/.local/lib/python3.7/site-packages/airflow/example_dags/example_sla_dag.py
[2025-07-28T22:53:20.012+0000] {processor.py:743} INFO - Processing file /home/airflow/.local/lib/python3.7/site-packages/airflow/example_dags/example_sla_dag.py for tasks to queue
[2025-07-28T22:53:20.013+0000] {logging_mixin.py:137} INFO - [2025-07-28T22:53:20.013+0000] {dagbag.py:538} INFO - Filling up the DagBag from /home/airflow/.local/lib/python3.7/site-packages/airflow/example_dags/example_sla_dag.py
[2025-07-28T22:53:20.044+0000] {processor.py:753} INFO - DAG(s) dict_keys(['example_sla_dag']) retrieved from /home/airflow/.local/lib/python3.7/site-packages/airflow/example_dags/example_sla_dag.py
[2025-07-28T22:53:20.084+0000] {logging_mixin.py:137} INFO - [2025-07-28T22:53:20.084+0000] {dag.py:2690} INFO - Sync 1 DAGs
[2025-07-28T22:53:20.117+0000] {logging_mixin.py:137} INFO - [2025-07-28T22:53:20.117+0000] {dag.py:3441} INFO - Setting next_dagrun for example_sla_dag to 2025-07-28T22:50:00+00:00, run_after=2025-07-28T22:52:00+00:00
[2025-07-28T22:53:20.144+0000] {processor.py:175} INFO - Processing /home/airflow/.local/lib/python3.7/site-packages/airflow/example_dags/example_sla_dag.py took 0.137 seconds
[2025-07-28T22:53:50.543+0000] {processor.py:153} INFO - Started process (PID=1277) to work on /home/airflow/.local/lib/python3.7/site-packages/airflow/example_dags/example_sla_dag.py
[2025-07-28T22:53:50.546+0000] {processor.py:743} INFO - Processing file /home/airflow/.local/lib/python3.7/site-packages/airflow/example_dags/example_sla_dag.py for tasks to queue
[2025-07-28T22:53:50.549+0000] {logging_mixin.py:137} INFO - [2025-07-28T22:53:50.548+0000] {dagbag.py:538} INFO - Filling up the DagBag from /home/airflow/.local/lib/python3.7/site-packages/airflow/example_dags/example_sla_dag.py
[2025-07-28T22:53:50.619+0000] {processor.py:753} INFO - DAG(s) dict_keys(['example_sla_dag']) retrieved from /home/airflow/.local/lib/python3.7/site-packages/airflow/example_dags/example_sla_dag.py
[2025-07-28T22:53:50.753+0000] {logging_mixin.py:137} INFO - [2025-07-28T22:53:50.745+0000] {dag.py:2690} INFO - Sync 1 DAGs
[2025-07-28T22:53:50.881+0000] {logging_mixin.py:137} INFO - [2025-07-28T22:53:50.880+0000] {dag.py:3441} INFO - Setting next_dagrun for example_sla_dag to 2025-07-28T22:50:00+00:00, run_after=2025-07-28T22:52:00+00:00
[2025-07-28T22:53:50.960+0000] {processor.py:175} INFO - Processing /home/airflow/.local/lib/python3.7/site-packages/airflow/example_dags/example_sla_dag.py took 0.435 seconds
[2025-07-28T22:54:22.344+0000] {processor.py:153} INFO - Started process (PID=1349) to work on /home/airflow/.local/lib/python3.7/site-packages/airflow/example_dags/example_sla_dag.py
[2025-07-28T22:54:22.348+0000] {processor.py:743} INFO - Processing file /home/airflow/.local/lib/python3.7/site-packages/airflow/example_dags/example_sla_dag.py for tasks to queue
[2025-07-28T22:54:22.379+0000] {logging_mixin.py:137} INFO - [2025-07-28T22:54:22.379+0000] {dagbag.py:538} INFO - Filling up the DagBag from /home/airflow/.local/lib/python3.7/site-packages/airflow/example_dags/example_sla_dag.py
[2025-07-28T22:54:22.539+0000] {processor.py:753} INFO - DAG(s) dict_keys(['example_sla_dag']) retrieved from /home/airflow/.local/lib/python3.7/site-packages/airflow/example_dags/example_sla_dag.py
[2025-07-28T22:54:22.691+0000] {logging_mixin.py:137} INFO - [2025-07-28T22:54:22.690+0000] {dag.py:2690} INFO - Sync 1 DAGs
[2025-07-28T22:54:22.875+0000] {logging_mixin.py:137} INFO - [2025-07-28T22:54:22.871+0000] {dag.py:3441} INFO - Setting next_dagrun for example_sla_dag to 2025-07-28T22:52:00+00:00, run_after=2025-07-28T22:54:00+00:00
[2025-07-28T22:54:23.091+0000] {processor.py:175} INFO - Processing /home/airflow/.local/lib/python3.7/site-packages/airflow/example_dags/example_sla_dag.py took 0.761 seconds
[2025-07-28T22:54:54.079+0000] {processor.py:153} INFO - Started process (PID=1421) to work on /home/airflow/.local/lib/python3.7/site-packages/airflow/example_dags/example_sla_dag.py
[2025-07-28T22:54:54.081+0000] {processor.py:743} INFO - Processing file /home/airflow/.local/lib/python3.7/site-packages/airflow/example_dags/example_sla_dag.py for tasks to queue
[2025-07-28T22:54:54.083+0000] {logging_mixin.py:137} INFO - [2025-07-28T22:54:54.083+0000] {dagbag.py:538} INFO - Filling up the DagBag from /home/airflow/.local/lib/python3.7/site-packages/airflow/example_dags/example_sla_dag.py
[2025-07-28T22:54:54.129+0000] {processor.py:753} INFO - DAG(s) dict_keys(['example_sla_dag']) retrieved from /home/airflow/.local/lib/python3.7/site-packages/airflow/example_dags/example_sla_dag.py
[2025-07-28T22:54:54.189+0000] {logging_mixin.py:137} INFO - [2025-07-28T22:54:54.189+0000] {dag.py:2690} INFO - Sync 1 DAGs
[2025-07-28T22:54:54.274+0000] {logging_mixin.py:137} INFO - [2025-07-28T22:54:54.274+0000] {dag.py:3441} INFO - Setting next_dagrun for example_sla_dag to 2025-07-28T22:52:00+00:00, run_after=2025-07-28T22:54:00+00:00
[2025-07-28T22:54:54.315+0000] {processor.py:175} INFO - Processing /home/airflow/.local/lib/python3.7/site-packages/airflow/example_dags/example_sla_dag.py took 0.243 seconds
[2025-07-28T22:55:24.588+0000] {processor.py:153} INFO - Started process (PID=1500) to work on /home/airflow/.local/lib/python3.7/site-packages/airflow/example_dags/example_sla_dag.py
[2025-07-28T22:55:24.589+0000] {processor.py:743} INFO - Processing file /home/airflow/.local/lib/python3.7/site-packages/airflow/example_dags/example_sla_dag.py for tasks to queue
[2025-07-28T22:55:24.590+0000] {logging_mixin.py:137} INFO - [2025-07-28T22:55:24.590+0000] {dagbag.py:538} INFO - Filling up the DagBag from /home/airflow/.local/lib/python3.7/site-packages/airflow/example_dags/example_sla_dag.py
[2025-07-28T22:55:24.616+0000] {processor.py:753} INFO - DAG(s) dict_keys(['example_sla_dag']) retrieved from /home/airflow/.local/lib/python3.7/site-packages/airflow/example_dags/example_sla_dag.py
[2025-07-28T22:55:24.650+0000] {logging_mixin.py:137} INFO - [2025-07-28T22:55:24.650+0000] {dag.py:2690} INFO - Sync 1 DAGs
[2025-07-28T22:55:24.684+0000] {logging_mixin.py:137} INFO - [2025-07-28T22:55:24.684+0000] {dag.py:3441} INFO - Setting next_dagrun for example_sla_dag to 2025-07-28T22:52:00+00:00, run_after=2025-07-28T22:54:00+00:00
[2025-07-28T22:55:24.716+0000] {processor.py:175} INFO - Processing /home/airflow/.local/lib/python3.7/site-packages/airflow/example_dags/example_sla_dag.py took 0.133 seconds
[2025-07-28T22:55:54.869+0000] {processor.py:153} INFO - Started process (PID=1571) to work on /home/airflow/.local/lib/python3.7/site-packages/airflow/example_dags/example_sla_dag.py
[2025-07-28T22:55:54.870+0000] {processor.py:743} INFO - Processing file /home/airflow/.local/lib/python3.7/site-packages/airflow/example_dags/example_sla_dag.py for tasks to queue
[2025-07-28T22:55:54.871+0000] {logging_mixin.py:137} INFO - [2025-07-28T22:55:54.871+0000] {dagbag.py:538} INFO - Filling up the DagBag from /home/airflow/.local/lib/python3.7/site-packages/airflow/example_dags/example_sla_dag.py
[2025-07-28T22:55:54.899+0000] {processor.py:753} INFO - DAG(s) dict_keys(['example_sla_dag']) retrieved from /home/airflow/.local/lib/python3.7/site-packages/airflow/example_dags/example_sla_dag.py
[2025-07-28T22:55:54.930+0000] {logging_mixin.py:137} INFO - [2025-07-28T22:55:54.929+0000] {dag.py:2690} INFO - Sync 1 DAGs
[2025-07-28T22:55:54.962+0000] {logging_mixin.py:137} INFO - [2025-07-28T22:55:54.962+0000] {dag.py:3441} INFO - Setting next_dagrun for example_sla_dag to 2025-07-28T22:52:00+00:00, run_after=2025-07-28T22:54:00+00:00
[2025-07-28T22:55:55.005+0000] {processor.py:175} INFO - Processing /home/airflow/.local/lib/python3.7/site-packages/airflow/example_dags/example_sla_dag.py took 0.140 seconds
[2025-07-28T22:56:25.660+0000] {processor.py:153} INFO - Started process (PID=1642) to work on /home/airflow/.local/lib/python3.7/site-packages/airflow/example_dags/example_sla_dag.py
[2025-07-28T22:56:25.662+0000] {processor.py:743} INFO - Processing file /home/airflow/.local/lib/python3.7/site-packages/airflow/example_dags/example_sla_dag.py for tasks to queue
[2025-07-28T22:56:25.664+0000] {logging_mixin.py:137} INFO - [2025-07-28T22:56:25.664+0000] {dagbag.py:538} INFO - Filling up the DagBag from /home/airflow/.local/lib/python3.7/site-packages/airflow/example_dags/example_sla_dag.py
[2025-07-28T22:56:25.730+0000] {processor.py:753} INFO - DAG(s) dict_keys(['example_sla_dag']) retrieved from /home/airflow/.local/lib/python3.7/site-packages/airflow/example_dags/example_sla_dag.py
[2025-07-28T22:56:25.804+0000] {logging_mixin.py:137} INFO - [2025-07-28T22:56:25.803+0000] {dag.py:2690} INFO - Sync 1 DAGs
[2025-07-28T22:56:25.880+0000] {logging_mixin.py:137} INFO - [2025-07-28T22:56:25.879+0000] {dag.py:3441} INFO - Setting next_dagrun for example_sla_dag to 2025-07-28T22:54:00+00:00, run_after=2025-07-28T22:56:00+00:00
[2025-07-28T22:56:25.949+0000] {processor.py:175} INFO - Processing /home/airflow/.local/lib/python3.7/site-packages/airflow/example_dags/example_sla_dag.py took 0.296 seconds
[2025-07-28T22:56:56.729+0000] {processor.py:153} INFO - Started process (PID=1714) to work on /home/airflow/.local/lib/python3.7/site-packages/airflow/example_dags/example_sla_dag.py
[2025-07-28T22:56:56.730+0000] {processor.py:743} INFO - Processing file /home/airflow/.local/lib/python3.7/site-packages/airflow/example_dags/example_sla_dag.py for tasks to queue
[2025-07-28T22:56:56.731+0000] {logging_mixin.py:137} INFO - [2025-07-28T22:56:56.730+0000] {dagbag.py:538} INFO - Filling up the DagBag from /home/airflow/.local/lib/python3.7/site-packages/airflow/example_dags/example_sla_dag.py
[2025-07-28T22:56:56.764+0000] {processor.py:753} INFO - DAG(s) dict_keys(['example_sla_dag']) retrieved from /home/airflow/.local/lib/python3.7/site-packages/airflow/example_dags/example_sla_dag.py
[2025-07-28T22:56:56.796+0000] {logging_mixin.py:137} INFO - [2025-07-28T22:56:56.796+0000] {dag.py:2690} INFO - Sync 1 DAGs
[2025-07-28T22:56:56.831+0000] {logging_mixin.py:137} INFO - [2025-07-28T22:56:56.831+0000] {dag.py:3441} INFO - Setting next_dagrun for example_sla_dag to 2025-07-28T22:54:00+00:00, run_after=2025-07-28T22:56:00+00:00
[2025-07-28T22:56:56.854+0000] {processor.py:175} INFO - Processing /home/airflow/.local/lib/python3.7/site-packages/airflow/example_dags/example_sla_dag.py took 0.130 seconds
[2025-07-28T22:57:27.687+0000] {processor.py:153} INFO - Started process (PID=1794) to work on /home/airflow/.local/lib/python3.7/site-packages/airflow/example_dags/example_sla_dag.py
[2025-07-28T22:57:27.689+0000] {processor.py:743} INFO - Processing file /home/airflow/.local/lib/python3.7/site-packages/airflow/example_dags/example_sla_dag.py for tasks to queue
[2025-07-28T22:57:27.690+0000] {logging_mixin.py:137} INFO - [2025-07-28T22:57:27.690+0000] {dagbag.py:538} INFO - Filling up the DagBag from /home/airflow/.local/lib/python3.7/site-packages/airflow/example_dags/example_sla_dag.py
[2025-07-28T22:57:27.727+0000] {processor.py:753} INFO - DAG(s) dict_keys(['example_sla_dag']) retrieved from /home/airflow/.local/lib/python3.7/site-packages/airflow/example_dags/example_sla_dag.py
[2025-07-28T22:57:27.773+0000] {logging_mixin.py:137} INFO - [2025-07-28T22:57:27.773+0000] {dag.py:2690} INFO - Sync 1 DAGs
[2025-07-28T22:57:27.814+0000] {logging_mixin.py:137} INFO - [2025-07-28T22:57:27.813+0000] {dag.py:3441} INFO - Setting next_dagrun for example_sla_dag to 2025-07-28T22:54:00+00:00, run_after=2025-07-28T22:56:00+00:00
[2025-07-28T22:57:27.845+0000] {processor.py:175} INFO - Processing /home/airflow/.local/lib/python3.7/site-packages/airflow/example_dags/example_sla_dag.py took 0.164 seconds
[2025-07-28T22:57:58.201+0000] {processor.py:153} INFO - Started process (PID=1872) to work on /home/airflow/.local/lib/python3.7/site-packages/airflow/example_dags/example_sla_dag.py
[2025-07-28T22:57:58.202+0000] {processor.py:743} INFO - Processing file /home/airflow/.local/lib/python3.7/site-packages/airflow/example_dags/example_sla_dag.py for tasks to queue
[2025-07-28T22:57:58.203+0000] {logging_mixin.py:137} INFO - [2025-07-28T22:57:58.203+0000] {dagbag.py:538} INFO - Filling up the DagBag from /home/airflow/.local/lib/python3.7/site-packages/airflow/example_dags/example_sla_dag.py
[2025-07-28T22:57:58.236+0000] {processor.py:753} INFO - DAG(s) dict_keys(['example_sla_dag']) retrieved from /home/airflow/.local/lib/python3.7/site-packages/airflow/example_dags/example_sla_dag.py
[2025-07-28T22:57:58.269+0000] {logging_mixin.py:137} INFO - [2025-07-28T22:57:58.269+0000] {dag.py:2690} INFO - Sync 1 DAGs
[2025-07-28T22:57:58.303+0000] {logging_mixin.py:137} INFO - [2025-07-28T22:57:58.303+0000] {dag.py:3441} INFO - Setting next_dagrun for example_sla_dag to 2025-07-28T22:54:00+00:00, run_after=2025-07-28T22:56:00+00:00
[2025-07-28T22:57:58.331+0000] {processor.py:175} INFO - Processing /home/airflow/.local/lib/python3.7/site-packages/airflow/example_dags/example_sla_dag.py took 0.135 seconds
[2025-07-28T22:58:28.649+0000] {processor.py:153} INFO - Started process (PID=1943) to work on /home/airflow/.local/lib/python3.7/site-packages/airflow/example_dags/example_sla_dag.py
[2025-07-28T22:58:28.651+0000] {processor.py:743} INFO - Processing file /home/airflow/.local/lib/python3.7/site-packages/airflow/example_dags/example_sla_dag.py for tasks to queue
[2025-07-28T22:58:28.652+0000] {logging_mixin.py:137} INFO - [2025-07-28T22:58:28.652+0000] {dagbag.py:538} INFO - Filling up the DagBag from /home/airflow/.local/lib/python3.7/site-packages/airflow/example_dags/example_sla_dag.py
[2025-07-28T22:58:28.685+0000] {processor.py:753} INFO - DAG(s) dict_keys(['example_sla_dag']) retrieved from /home/airflow/.local/lib/python3.7/site-packages/airflow/example_dags/example_sla_dag.py
[2025-07-28T22:58:28.735+0000] {logging_mixin.py:137} INFO - [2025-07-28T22:58:28.735+0000] {dag.py:2690} INFO - Sync 1 DAGs
[2025-07-28T22:58:28.783+0000] {logging_mixin.py:137} INFO - [2025-07-28T22:58:28.783+0000] {dag.py:3441} INFO - Setting next_dagrun for example_sla_dag to 2025-07-28T22:56:00+00:00, run_after=2025-07-28T22:58:00+00:00
[2025-07-28T22:58:28.817+0000] {processor.py:175} INFO - Processing /home/airflow/.local/lib/python3.7/site-packages/airflow/example_dags/example_sla_dag.py took 0.175 seconds
[2025-07-28T22:58:59.192+0000] {processor.py:153} INFO - Started process (PID=2023) to work on /home/airflow/.local/lib/python3.7/site-packages/airflow/example_dags/example_sla_dag.py
[2025-07-28T22:58:59.195+0000] {processor.py:743} INFO - Processing file /home/airflow/.local/lib/python3.7/site-packages/airflow/example_dags/example_sla_dag.py for tasks to queue
[2025-07-28T22:58:59.197+0000] {logging_mixin.py:137} INFO - [2025-07-28T22:58:59.197+0000] {dagbag.py:538} INFO - Filling up the DagBag from /home/airflow/.local/lib/python3.7/site-packages/airflow/example_dags/example_sla_dag.py
[2025-07-28T22:58:59.240+0000] {processor.py:753} INFO - DAG(s) dict_keys(['example_sla_dag']) retrieved from /home/airflow/.local/lib/python3.7/site-packages/airflow/example_dags/example_sla_dag.py
[2025-07-28T22:58:59.291+0000] {logging_mixin.py:137} INFO - [2025-07-28T22:58:59.291+0000] {dag.py:2690} INFO - Sync 1 DAGs
[2025-07-28T22:58:59.334+0000] {logging_mixin.py:137} INFO - [2025-07-28T22:58:59.334+0000] {dag.py:3441} INFO - Setting next_dagrun for example_sla_dag to 2025-07-28T22:56:00+00:00, run_after=2025-07-28T22:58:00+00:00
[2025-07-28T22:58:59.362+0000] {processor.py:175} INFO - Processing /home/airflow/.local/lib/python3.7/site-packages/airflow/example_dags/example_sla_dag.py took 0.178 seconds
[2025-07-28T22:59:29.951+0000] {processor.py:153} INFO - Started process (PID=2101) to work on /home/airflow/.local/lib/python3.7/site-packages/airflow/example_dags/example_sla_dag.py
[2025-07-28T22:59:29.952+0000] {processor.py:743} INFO - Processing file /home/airflow/.local/lib/python3.7/site-packages/airflow/example_dags/example_sla_dag.py for tasks to queue
[2025-07-28T22:59:29.956+0000] {logging_mixin.py:137} INFO - [2025-07-28T22:59:29.955+0000] {dagbag.py:538} INFO - Filling up the DagBag from /home/airflow/.local/lib/python3.7/site-packages/airflow/example_dags/example_sla_dag.py
[2025-07-28T22:59:29.990+0000] {processor.py:753} INFO - DAG(s) dict_keys(['example_sla_dag']) retrieved from /home/airflow/.local/lib/python3.7/site-packages/airflow/example_dags/example_sla_dag.py
[2025-07-28T22:59:30.026+0000] {logging_mixin.py:137} INFO - [2025-07-28T22:59:30.026+0000] {dag.py:2690} INFO - Sync 1 DAGs
[2025-07-28T22:59:30.062+0000] {logging_mixin.py:137} INFO - [2025-07-28T22:59:30.062+0000] {dag.py:3441} INFO - Setting next_dagrun for example_sla_dag to 2025-07-28T22:56:00+00:00, run_after=2025-07-28T22:58:00+00:00
[2025-07-28T22:59:30.094+0000] {processor.py:175} INFO - Processing /home/airflow/.local/lib/python3.7/site-packages/airflow/example_dags/example_sla_dag.py took 0.148 seconds
[2025-07-28T23:00:01.164+0000] {processor.py:153} INFO - Started process (PID=2173) to work on /home/airflow/.local/lib/python3.7/site-packages/airflow/example_dags/example_sla_dag.py
[2025-07-28T23:00:01.170+0000] {processor.py:743} INFO - Processing file /home/airflow/.local/lib/python3.7/site-packages/airflow/example_dags/example_sla_dag.py for tasks to queue
[2025-07-28T23:00:01.173+0000] {logging_mixin.py:137} INFO - [2025-07-28T23:00:01.172+0000] {dagbag.py:538} INFO - Filling up the DagBag from /home/airflow/.local/lib/python3.7/site-packages/airflow/example_dags/example_sla_dag.py
[2025-07-28T23:00:01.230+0000] {processor.py:753} INFO - DAG(s) dict_keys(['example_sla_dag']) retrieved from /home/airflow/.local/lib/python3.7/site-packages/airflow/example_dags/example_sla_dag.py
[2025-07-28T23:00:01.286+0000] {logging_mixin.py:137} INFO - [2025-07-28T23:00:01.286+0000] {dag.py:2690} INFO - Sync 1 DAGs
[2025-07-28T23:00:01.351+0000] {logging_mixin.py:137} INFO - [2025-07-28T23:00:01.350+0000] {dag.py:3441} INFO - Setting next_dagrun for example_sla_dag to 2025-07-28T22:58:00+00:00, run_after=2025-07-28T23:00:00+00:00
[2025-07-28T23:00:01.423+0000] {processor.py:175} INFO - Processing /home/airflow/.local/lib/python3.7/site-packages/airflow/example_dags/example_sla_dag.py took 0.266 seconds
[2025-07-28T23:00:32.183+0000] {processor.py:153} INFO - Started process (PID=2260) to work on /home/airflow/.local/lib/python3.7/site-packages/airflow/example_dags/example_sla_dag.py
[2025-07-28T23:00:32.184+0000] {processor.py:743} INFO - Processing file /home/airflow/.local/lib/python3.7/site-packages/airflow/example_dags/example_sla_dag.py for tasks to queue
[2025-07-28T23:00:32.185+0000] {logging_mixin.py:137} INFO - [2025-07-28T23:00:32.185+0000] {dagbag.py:538} INFO - Filling up the DagBag from /home/airflow/.local/lib/python3.7/site-packages/airflow/example_dags/example_sla_dag.py
[2025-07-28T23:00:32.217+0000] {processor.py:753} INFO - DAG(s) dict_keys(['example_sla_dag']) retrieved from /home/airflow/.local/lib/python3.7/site-packages/airflow/example_dags/example_sla_dag.py
[2025-07-28T23:00:32.251+0000] {logging_mixin.py:137} INFO - [2025-07-28T23:00:32.251+0000] {dag.py:2690} INFO - Sync 1 DAGs
[2025-07-28T23:00:32.283+0000] {logging_mixin.py:137} INFO - [2025-07-28T23:00:32.283+0000] {dag.py:3441} INFO - Setting next_dagrun for example_sla_dag to 2025-07-28T22:58:00+00:00, run_after=2025-07-28T23:00:00+00:00
[2025-07-28T23:00:32.310+0000] {processor.py:175} INFO - Processing /home/airflow/.local/lib/python3.7/site-packages/airflow/example_dags/example_sla_dag.py took 0.132 seconds
[2025-07-28T23:01:03.252+0000] {processor.py:153} INFO - Started process (PID=2331) to work on /home/airflow/.local/lib/python3.7/site-packages/airflow/example_dags/example_sla_dag.py
[2025-07-28T23:01:03.254+0000] {processor.py:743} INFO - Processing file /home/airflow/.local/lib/python3.7/site-packages/airflow/example_dags/example_sla_dag.py for tasks to queue
[2025-07-28T23:01:03.262+0000] {logging_mixin.py:137} INFO - [2025-07-28T23:01:03.261+0000] {dagbag.py:538} INFO - Filling up the DagBag from /home/airflow/.local/lib/python3.7/site-packages/airflow/example_dags/example_sla_dag.py
[2025-07-28T23:01:03.337+0000] {processor.py:753} INFO - DAG(s) dict_keys(['example_sla_dag']) retrieved from /home/airflow/.local/lib/python3.7/site-packages/airflow/example_dags/example_sla_dag.py
[2025-07-28T23:01:03.425+0000] {logging_mixin.py:137} INFO - [2025-07-28T23:01:03.425+0000] {dag.py:2690} INFO - Sync 1 DAGs
[2025-07-28T23:01:03.522+0000] {logging_mixin.py:137} INFO - [2025-07-28T23:01:03.521+0000] {dag.py:3441} INFO - Setting next_dagrun for example_sla_dag to 2025-07-28T22:58:00+00:00, run_after=2025-07-28T23:00:00+00:00
[2025-07-28T23:01:03.584+0000] {processor.py:175} INFO - Processing /home/airflow/.local/lib/python3.7/site-packages/airflow/example_dags/example_sla_dag.py took 0.346 seconds
[2025-07-28T23:01:34.553+0000] {processor.py:153} INFO - Started process (PID=2419) to work on /home/airflow/.local/lib/python3.7/site-packages/airflow/example_dags/example_sla_dag.py
[2025-07-28T23:01:34.556+0000] {processor.py:743} INFO - Processing file /home/airflow/.local/lib/python3.7/site-packages/airflow/example_dags/example_sla_dag.py for tasks to queue
[2025-07-28T23:01:34.558+0000] {logging_mixin.py:137} INFO - [2025-07-28T23:01:34.558+0000] {dagbag.py:538} INFO - Filling up the DagBag from /home/airflow/.local/lib/python3.7/site-packages/airflow/example_dags/example_sla_dag.py
[2025-07-28T23:01:34.590+0000] {processor.py:753} INFO - DAG(s) dict_keys(['example_sla_dag']) retrieved from /home/airflow/.local/lib/python3.7/site-packages/airflow/example_dags/example_sla_dag.py
[2025-07-28T23:01:34.626+0000] {logging_mixin.py:137} INFO - [2025-07-28T23:01:34.626+0000] {dag.py:2690} INFO - Sync 1 DAGs
[2025-07-28T23:01:34.679+0000] {logging_mixin.py:137} INFO - [2025-07-28T23:01:34.679+0000] {dag.py:3441} INFO - Setting next_dagrun for example_sla_dag to 2025-07-28T22:58:00+00:00, run_after=2025-07-28T23:00:00+00:00
[2025-07-28T23:01:34.703+0000] {processor.py:175} INFO - Processing /home/airflow/.local/lib/python3.7/site-packages/airflow/example_dags/example_sla_dag.py took 0.153 seconds
[2025-07-28T23:02:04.934+0000] {processor.py:153} INFO - Started process (PID=2490) to work on /home/airflow/.local/lib/python3.7/site-packages/airflow/example_dags/example_sla_dag.py
[2025-07-28T23:02:04.936+0000] {processor.py:743} INFO - Processing file /home/airflow/.local/lib/python3.7/site-packages/airflow/example_dags/example_sla_dag.py for tasks to queue
[2025-07-28T23:02:04.937+0000] {logging_mixin.py:137} INFO - [2025-07-28T23:02:04.937+0000] {dagbag.py:538} INFO - Filling up the DagBag from /home/airflow/.local/lib/python3.7/site-packages/airflow/example_dags/example_sla_dag.py
[2025-07-28T23:02:04.976+0000] {processor.py:753} INFO - DAG(s) dict_keys(['example_sla_dag']) retrieved from /home/airflow/.local/lib/python3.7/site-packages/airflow/example_dags/example_sla_dag.py
[2025-07-28T23:02:05.019+0000] {logging_mixin.py:137} INFO - [2025-07-28T23:02:05.018+0000] {dag.py:2690} INFO - Sync 1 DAGs
[2025-07-28T23:02:05.066+0000] {logging_mixin.py:137} INFO - [2025-07-28T23:02:05.066+0000] {dag.py:3441} INFO - Setting next_dagrun for example_sla_dag to 2025-07-28T23:00:00+00:00, run_after=2025-07-28T23:02:00+00:00
[2025-07-28T23:02:05.106+0000] {processor.py:175} INFO - Processing /home/airflow/.local/lib/python3.7/site-packages/airflow/example_dags/example_sla_dag.py took 0.176 seconds
[2025-07-28T23:02:35.234+0000] {processor.py:153} INFO - Started process (PID=2561) to work on /home/airflow/.local/lib/python3.7/site-packages/airflow/example_dags/example_sla_dag.py
[2025-07-28T23:02:35.236+0000] {processor.py:743} INFO - Processing file /home/airflow/.local/lib/python3.7/site-packages/airflow/example_dags/example_sla_dag.py for tasks to queue
[2025-07-28T23:02:35.238+0000] {logging_mixin.py:137} INFO - [2025-07-28T23:02:35.238+0000] {dagbag.py:538} INFO - Filling up the DagBag from /home/airflow/.local/lib/python3.7/site-packages/airflow/example_dags/example_sla_dag.py
[2025-07-28T23:02:35.276+0000] {processor.py:753} INFO - DAG(s) dict_keys(['example_sla_dag']) retrieved from /home/airflow/.local/lib/python3.7/site-packages/airflow/example_dags/example_sla_dag.py
[2025-07-28T23:02:35.303+0000] {logging_mixin.py:137} INFO - [2025-07-28T23:02:35.303+0000] {dag.py:2690} INFO - Sync 1 DAGs
[2025-07-28T23:02:35.352+0000] {logging_mixin.py:137} INFO - [2025-07-28T23:02:35.352+0000] {dag.py:3441} INFO - Setting next_dagrun for example_sla_dag to 2025-07-28T23:00:00+00:00, run_after=2025-07-28T23:02:00+00:00
[2025-07-28T23:02:35.406+0000] {processor.py:175} INFO - Processing /home/airflow/.local/lib/python3.7/site-packages/airflow/example_dags/example_sla_dag.py took 0.179 seconds
[2025-07-28T23:03:06.383+0000] {processor.py:153} INFO - Started process (PID=2647) to work on /home/airflow/.local/lib/python3.7/site-packages/airflow/example_dags/example_sla_dag.py
[2025-07-28T23:03:06.384+0000] {processor.py:743} INFO - Processing file /home/airflow/.local/lib/python3.7/site-packages/airflow/example_dags/example_sla_dag.py for tasks to queue
[2025-07-28T23:03:06.385+0000] {logging_mixin.py:137} INFO - [2025-07-28T23:03:06.385+0000] {dagbag.py:538} INFO - Filling up the DagBag from /home/airflow/.local/lib/python3.7/site-packages/airflow/example_dags/example_sla_dag.py
[2025-07-28T23:03:06.408+0000] {processor.py:753} INFO - DAG(s) dict_keys(['example_sla_dag']) retrieved from /home/airflow/.local/lib/python3.7/site-packages/airflow/example_dags/example_sla_dag.py
[2025-07-28T23:03:06.423+0000] {logging_mixin.py:137} INFO - [2025-07-28T23:03:06.423+0000] {dag.py:2690} INFO - Sync 1 DAGs
[2025-07-28T23:03:06.454+0000] {logging_mixin.py:137} INFO - [2025-07-28T23:03:06.454+0000] {dag.py:3441} INFO - Setting next_dagrun for example_sla_dag to 2025-07-28T23:00:00+00:00, run_after=2025-07-28T23:02:00+00:00
[2025-07-28T23:03:06.480+0000] {processor.py:175} INFO - Processing /home/airflow/.local/lib/python3.7/site-packages/airflow/example_dags/example_sla_dag.py took 0.100 seconds
[2025-07-28T23:03:36.564+0000] {processor.py:153} INFO - Started process (PID=2718) to work on /home/airflow/.local/lib/python3.7/site-packages/airflow/example_dags/example_sla_dag.py
[2025-07-28T23:03:36.566+0000] {processor.py:743} INFO - Processing file /home/airflow/.local/lib/python3.7/site-packages/airflow/example_dags/example_sla_dag.py for tasks to queue
[2025-07-28T23:03:36.568+0000] {logging_mixin.py:137} INFO - [2025-07-28T23:03:36.568+0000] {dagbag.py:538} INFO - Filling up the DagBag from /home/airflow/.local/lib/python3.7/site-packages/airflow/example_dags/example_sla_dag.py
[2025-07-28T23:03:36.619+0000] {processor.py:753} INFO - DAG(s) dict_keys(['example_sla_dag']) retrieved from /home/airflow/.local/lib/python3.7/site-packages/airflow/example_dags/example_sla_dag.py
[2025-07-28T23:03:36.652+0000] {logging_mixin.py:137} INFO - [2025-07-28T23:03:36.652+0000] {dag.py:2690} INFO - Sync 1 DAGs
[2025-07-28T23:03:36.709+0000] {logging_mixin.py:137} INFO - [2025-07-28T23:03:36.709+0000] {dag.py:3441} INFO - Setting next_dagrun for example_sla_dag to 2025-07-28T23:00:00+00:00, run_after=2025-07-28T23:02:00+00:00
[2025-07-28T23:03:36.744+0000] {processor.py:175} INFO - Processing /home/airflow/.local/lib/python3.7/site-packages/airflow/example_dags/example_sla_dag.py took 0.187 seconds
[2025-07-28T23:04:07.295+0000] {processor.py:153} INFO - Started process (PID=2798) to work on /home/airflow/.local/lib/python3.7/site-packages/airflow/example_dags/example_sla_dag.py
[2025-07-28T23:04:07.298+0000] {processor.py:743} INFO - Processing file /home/airflow/.local/lib/python3.7/site-packages/airflow/example_dags/example_sla_dag.py for tasks to queue
[2025-07-28T23:04:07.300+0000] {logging_mixin.py:137} INFO - [2025-07-28T23:04:07.300+0000] {dagbag.py:538} INFO - Filling up the DagBag from /home/airflow/.local/lib/python3.7/site-packages/airflow/example_dags/example_sla_dag.py
[2025-07-28T23:04:07.380+0000] {processor.py:753} INFO - DAG(s) dict_keys(['example_sla_dag']) retrieved from /home/airflow/.local/lib/python3.7/site-packages/airflow/example_dags/example_sla_dag.py
[2025-07-28T23:04:07.535+0000] {logging_mixin.py:137} INFO - [2025-07-28T23:04:07.535+0000] {dag.py:2690} INFO - Sync 1 DAGs
[2025-07-28T23:04:07.631+0000] {logging_mixin.py:137} INFO - [2025-07-28T23:04:07.630+0000] {dag.py:3441} INFO - Setting next_dagrun for example_sla_dag to 2025-07-28T23:02:00+00:00, run_after=2025-07-28T23:04:00+00:00
[2025-07-28T23:04:07.688+0000] {processor.py:175} INFO - Processing /home/airflow/.local/lib/python3.7/site-packages/airflow/example_dags/example_sla_dag.py took 0.405 seconds
[2025-07-28T23:04:38.255+0000] {processor.py:153} INFO - Started process (PID=2875) to work on /home/airflow/.local/lib/python3.7/site-packages/airflow/example_dags/example_sla_dag.py
[2025-07-28T23:04:38.257+0000] {processor.py:743} INFO - Processing file /home/airflow/.local/lib/python3.7/site-packages/airflow/example_dags/example_sla_dag.py for tasks to queue
[2025-07-28T23:04:38.258+0000] {logging_mixin.py:137} INFO - [2025-07-28T23:04:38.258+0000] {dagbag.py:538} INFO - Filling up the DagBag from /home/airflow/.local/lib/python3.7/site-packages/airflow/example_dags/example_sla_dag.py
[2025-07-28T23:04:38.289+0000] {processor.py:753} INFO - DAG(s) dict_keys(['example_sla_dag']) retrieved from /home/airflow/.local/lib/python3.7/site-packages/airflow/example_dags/example_sla_dag.py
[2025-07-28T23:04:38.324+0000] {logging_mixin.py:137} INFO - [2025-07-28T23:04:38.324+0000] {dag.py:2690} INFO - Sync 1 DAGs
[2025-07-28T23:04:38.359+0000] {logging_mixin.py:137} INFO - [2025-07-28T23:04:38.359+0000] {dag.py:3441} INFO - Setting next_dagrun for example_sla_dag to 2025-07-28T23:02:00+00:00, run_after=2025-07-28T23:04:00+00:00
[2025-07-28T23:04:38.398+0000] {processor.py:175} INFO - Processing /home/airflow/.local/lib/python3.7/site-packages/airflow/example_dags/example_sla_dag.py took 0.146 seconds
[2025-07-28T23:05:08.761+0000] {processor.py:153} INFO - Started process (PID=2946) to work on /home/airflow/.local/lib/python3.7/site-packages/airflow/example_dags/example_sla_dag.py
[2025-07-28T23:05:08.762+0000] {processor.py:743} INFO - Processing file /home/airflow/.local/lib/python3.7/site-packages/airflow/example_dags/example_sla_dag.py for tasks to queue
[2025-07-28T23:05:08.764+0000] {logging_mixin.py:137} INFO - [2025-07-28T23:05:08.763+0000] {dagbag.py:538} INFO - Filling up the DagBag from /home/airflow/.local/lib/python3.7/site-packages/airflow/example_dags/example_sla_dag.py
[2025-07-28T23:05:08.789+0000] {processor.py:753} INFO - DAG(s) dict_keys(['example_sla_dag']) retrieved from /home/airflow/.local/lib/python3.7/site-packages/airflow/example_dags/example_sla_dag.py
[2025-07-28T23:05:08.822+0000] {logging_mixin.py:137} INFO - [2025-07-28T23:05:08.822+0000] {dag.py:2690} INFO - Sync 1 DAGs
[2025-07-28T23:05:08.858+0000] {logging_mixin.py:137} INFO - [2025-07-28T23:05:08.858+0000] {dag.py:3441} INFO - Setting next_dagrun for example_sla_dag to 2025-07-28T23:02:00+00:00, run_after=2025-07-28T23:04:00+00:00
[2025-07-28T23:05:08.885+0000] {processor.py:175} INFO - Processing /home/airflow/.local/lib/python3.7/site-packages/airflow/example_dags/example_sla_dag.py took 0.128 seconds
[2025-07-28T23:05:39.678+0000] {processor.py:153} INFO - Started process (PID=3034) to work on /home/airflow/.local/lib/python3.7/site-packages/airflow/example_dags/example_sla_dag.py
[2025-07-28T23:05:39.680+0000] {processor.py:743} INFO - Processing file /home/airflow/.local/lib/python3.7/site-packages/airflow/example_dags/example_sla_dag.py for tasks to queue
[2025-07-28T23:05:39.681+0000] {logging_mixin.py:137} INFO - [2025-07-28T23:05:39.681+0000] {dagbag.py:538} INFO - Filling up the DagBag from /home/airflow/.local/lib/python3.7/site-packages/airflow/example_dags/example_sla_dag.py
[2025-07-28T23:05:39.719+0000] {processor.py:753} INFO - DAG(s) dict_keys(['example_sla_dag']) retrieved from /home/airflow/.local/lib/python3.7/site-packages/airflow/example_dags/example_sla_dag.py
[2025-07-28T23:05:39.764+0000] {logging_mixin.py:137} INFO - [2025-07-28T23:05:39.763+0000] {dag.py:2690} INFO - Sync 1 DAGs
[2025-07-28T23:05:39.824+0000] {logging_mixin.py:137} INFO - [2025-07-28T23:05:39.824+0000] {dag.py:3441} INFO - Setting next_dagrun for example_sla_dag to 2025-07-28T23:02:00+00:00, run_after=2025-07-28T23:04:00+00:00
[2025-07-28T23:05:39.879+0000] {processor.py:175} INFO - Processing /home/airflow/.local/lib/python3.7/site-packages/airflow/example_dags/example_sla_dag.py took 0.204 seconds
[2025-07-28T23:06:10.259+0000] {processor.py:153} INFO - Started process (PID=3106) to work on /home/airflow/.local/lib/python3.7/site-packages/airflow/example_dags/example_sla_dag.py
[2025-07-28T23:06:10.260+0000] {processor.py:743} INFO - Processing file /home/airflow/.local/lib/python3.7/site-packages/airflow/example_dags/example_sla_dag.py for tasks to queue
[2025-07-28T23:06:10.260+0000] {logging_mixin.py:137} INFO - [2025-07-28T23:06:10.260+0000] {dagbag.py:538} INFO - Filling up the DagBag from /home/airflow/.local/lib/python3.7/site-packages/airflow/example_dags/example_sla_dag.py
[2025-07-28T23:06:10.282+0000] {processor.py:753} INFO - DAG(s) dict_keys(['example_sla_dag']) retrieved from /home/airflow/.local/lib/python3.7/site-packages/airflow/example_dags/example_sla_dag.py
[2025-07-28T23:06:10.308+0000] {logging_mixin.py:137} INFO - [2025-07-28T23:06:10.308+0000] {dag.py:2690} INFO - Sync 1 DAGs
[2025-07-28T23:06:10.333+0000] {logging_mixin.py:137} INFO - [2025-07-28T23:06:10.333+0000] {dag.py:3441} INFO - Setting next_dagrun for example_sla_dag to 2025-07-28T23:04:00+00:00, run_after=2025-07-28T23:06:00+00:00
[2025-07-28T23:06:10.359+0000] {processor.py:175} INFO - Processing /home/airflow/.local/lib/python3.7/site-packages/airflow/example_dags/example_sla_dag.py took 0.103 seconds
[2025-07-28T23:06:40.514+0000] {processor.py:153} INFO - Started process (PID=3178) to work on /home/airflow/.local/lib/python3.7/site-packages/airflow/example_dags/example_sla_dag.py
[2025-07-28T23:06:40.516+0000] {processor.py:743} INFO - Processing file /home/airflow/.local/lib/python3.7/site-packages/airflow/example_dags/example_sla_dag.py for tasks to queue
[2025-07-28T23:06:40.518+0000] {logging_mixin.py:137} INFO - [2025-07-28T23:06:40.517+0000] {dagbag.py:538} INFO - Filling up the DagBag from /home/airflow/.local/lib/python3.7/site-packages/airflow/example_dags/example_sla_dag.py
[2025-07-28T23:06:40.553+0000] {processor.py:753} INFO - DAG(s) dict_keys(['example_sla_dag']) retrieved from /home/airflow/.local/lib/python3.7/site-packages/airflow/example_dags/example_sla_dag.py
[2025-07-28T23:06:40.599+0000] {logging_mixin.py:137} INFO - [2025-07-28T23:06:40.599+0000] {dag.py:2690} INFO - Sync 1 DAGs
[2025-07-28T23:06:40.638+0000] {logging_mixin.py:137} INFO - [2025-07-28T23:06:40.638+0000] {dag.py:3441} INFO - Setting next_dagrun for example_sla_dag to 2025-07-28T23:04:00+00:00, run_after=2025-07-28T23:06:00+00:00
[2025-07-28T23:06:40.669+0000] {processor.py:175} INFO - Processing /home/airflow/.local/lib/python3.7/site-packages/airflow/example_dags/example_sla_dag.py took 0.162 seconds
