[2025-07-28T22:45:35.330+0000] {processor.py:153} INFO - Started process (PID=59) to work on /home/airflow/.local/lib/python3.7/site-packages/airflow/example_dags/example_task_group_decorator.py
[2025-07-28T22:45:35.332+0000] {processor.py:743} INFO - Processing file /home/airflow/.local/lib/python3.7/site-packages/airflow/example_dags/example_task_group_decorator.py for tasks to queue
[2025-07-28T22:45:35.334+0000] {logging_mixin.py:137} INFO - [2025-07-28T22:45:35.334+0000] {dagbag.py:538} INFO - Filling up the DagBag from /home/airflow/.local/lib/python3.7/site-packages/airflow/example_dags/example_task_group_decorator.py
[2025-07-28T22:45:35.404+0000] {processor.py:753} INFO - DAG(s) dict_keys(['example_task_group_decorator']) retrieved from /home/airflow/.local/lib/python3.7/site-packages/airflow/example_dags/example_task_group_decorator.py
[2025-07-28T22:45:35.677+0000] {logging_mixin.py:137} INFO - [2025-07-28T22:45:35.676+0000] {manager.py:504} INFO - Created Permission View: can delete on DAG:example_task_group_decorator
[2025-07-28T22:45:35.698+0000] {logging_mixin.py:137} INFO - [2025-07-28T22:45:35.698+0000] {manager.py:504} INFO - Created Permission View: can read on DAG:example_task_group_decorator
[2025-07-28T22:45:35.714+0000] {logging_mixin.py:137} INFO - [2025-07-28T22:45:35.714+0000] {manager.py:504} INFO - Created Permission View: can edit on DAG:example_task_group_decorator
[2025-07-28T22:45:35.715+0000] {logging_mixin.py:137} INFO - [2025-07-28T22:45:35.715+0000] {dag.py:2690} INFO - Sync 1 DAGs
[2025-07-28T22:45:35.740+0000] {logging_mixin.py:137} INFO - [2025-07-28T22:45:35.740+0000] {dag.py:2711} INFO - Creating ORM DAG for example_task_group_decorator
[2025-07-28T22:45:35.764+0000] {logging_mixin.py:137} INFO - [2025-07-28T22:45:35.764+0000] {dag.py:3441} INFO - Setting next_dagrun for example_task_group_decorator to 2025-07-27T22:45:35.764166+00:00, run_after=2025-07-28T22:45:35.764166+00:00
[2025-07-28T22:45:35.804+0000] {processor.py:175} INFO - Processing /home/airflow/.local/lib/python3.7/site-packages/airflow/example_dags/example_task_group_decorator.py took 0.484 seconds
[2025-07-28T22:46:05.929+0000] {processor.py:153} INFO - Started process (PID=130) to work on /home/airflow/.local/lib/python3.7/site-packages/airflow/example_dags/example_task_group_decorator.py
[2025-07-28T22:46:05.931+0000] {processor.py:743} INFO - Processing file /home/airflow/.local/lib/python3.7/site-packages/airflow/example_dags/example_task_group_decorator.py for tasks to queue
[2025-07-28T22:46:05.932+0000] {logging_mixin.py:137} INFO - [2025-07-28T22:46:05.932+0000] {dagbag.py:538} INFO - Filling up the DagBag from /home/airflow/.local/lib/python3.7/site-packages/airflow/example_dags/example_task_group_decorator.py
[2025-07-28T22:46:05.982+0000] {processor.py:753} INFO - DAG(s) dict_keys(['example_task_group_decorator']) retrieved from /home/airflow/.local/lib/python3.7/site-packages/airflow/example_dags/example_task_group_decorator.py
[2025-07-28T22:46:06.004+0000] {logging_mixin.py:137} INFO - [2025-07-28T22:46:06.004+0000] {dag.py:2690} INFO - Sync 1 DAGs
[2025-07-28T22:46:06.052+0000] {logging_mixin.py:137} INFO - [2025-07-28T22:46:06.052+0000] {dag.py:3441} INFO - Setting next_dagrun for example_task_group_decorator to 2025-07-27T22:46:06.052354+00:00, run_after=2025-07-28T22:46:06.052354+00:00
[2025-07-28T22:46:06.082+0000] {processor.py:175} INFO - Processing /home/airflow/.local/lib/python3.7/site-packages/airflow/example_dags/example_task_group_decorator.py took 0.158 seconds
[2025-07-28T22:46:36.978+0000] {processor.py:153} INFO - Started process (PID=200) to work on /home/airflow/.local/lib/python3.7/site-packages/airflow/example_dags/example_task_group_decorator.py
[2025-07-28T22:46:36.980+0000] {processor.py:743} INFO - Processing file /home/airflow/.local/lib/python3.7/site-packages/airflow/example_dags/example_task_group_decorator.py for tasks to queue
[2025-07-28T22:46:36.981+0000] {logging_mixin.py:137} INFO - [2025-07-28T22:46:36.981+0000] {dagbag.py:538} INFO - Filling up the DagBag from /home/airflow/.local/lib/python3.7/site-packages/airflow/example_dags/example_task_group_decorator.py
[2025-07-28T22:46:37.034+0000] {processor.py:753} INFO - DAG(s) dict_keys(['example_task_group_decorator']) retrieved from /home/airflow/.local/lib/python3.7/site-packages/airflow/example_dags/example_task_group_decorator.py
[2025-07-28T22:46:37.079+0000] {logging_mixin.py:137} INFO - [2025-07-28T22:46:37.079+0000] {dag.py:2690} INFO - Sync 1 DAGs
[2025-07-28T22:46:37.124+0000] {logging_mixin.py:137} INFO - [2025-07-28T22:46:37.124+0000] {dag.py:3441} INFO - Setting next_dagrun for example_task_group_decorator to 2025-07-27T22:46:37.123768+00:00, run_after=2025-07-28T22:46:37.123768+00:00
[2025-07-28T22:46:37.159+0000] {processor.py:175} INFO - Processing /home/airflow/.local/lib/python3.7/site-packages/airflow/example_dags/example_task_group_decorator.py took 0.188 seconds
[2025-07-28T22:47:08.070+0000] {processor.py:153} INFO - Started process (PID=271) to work on /home/airflow/.local/lib/python3.7/site-packages/airflow/example_dags/example_task_group_decorator.py
[2025-07-28T22:47:08.072+0000] {processor.py:743} INFO - Processing file /home/airflow/.local/lib/python3.7/site-packages/airflow/example_dags/example_task_group_decorator.py for tasks to queue
[2025-07-28T22:47:08.074+0000] {logging_mixin.py:137} INFO - [2025-07-28T22:47:08.073+0000] {dagbag.py:538} INFO - Filling up the DagBag from /home/airflow/.local/lib/python3.7/site-packages/airflow/example_dags/example_task_group_decorator.py
[2025-07-28T22:47:08.137+0000] {processor.py:753} INFO - DAG(s) dict_keys(['example_task_group_decorator']) retrieved from /home/airflow/.local/lib/python3.7/site-packages/airflow/example_dags/example_task_group_decorator.py
[2025-07-28T22:47:08.190+0000] {logging_mixin.py:137} INFO - [2025-07-28T22:47:08.190+0000] {dag.py:2690} INFO - Sync 1 DAGs
[2025-07-28T22:47:08.240+0000] {logging_mixin.py:137} INFO - [2025-07-28T22:47:08.240+0000] {dag.py:3441} INFO - Setting next_dagrun for example_task_group_decorator to 2025-07-27T22:47:08.240324+00:00, run_after=2025-07-28T22:47:08.240324+00:00
[2025-07-28T22:47:08.287+0000] {processor.py:175} INFO - Processing /home/airflow/.local/lib/python3.7/site-packages/airflow/example_dags/example_task_group_decorator.py took 0.226 seconds
[2025-07-28T22:47:38.361+0000] {processor.py:153} INFO - Started process (PID=342) to work on /home/airflow/.local/lib/python3.7/site-packages/airflow/example_dags/example_task_group_decorator.py
[2025-07-28T22:47:38.363+0000] {processor.py:743} INFO - Processing file /home/airflow/.local/lib/python3.7/site-packages/airflow/example_dags/example_task_group_decorator.py for tasks to queue
[2025-07-28T22:47:38.364+0000] {logging_mixin.py:137} INFO - [2025-07-28T22:47:38.364+0000] {dagbag.py:538} INFO - Filling up the DagBag from /home/airflow/.local/lib/python3.7/site-packages/airflow/example_dags/example_task_group_decorator.py
[2025-07-28T22:47:38.408+0000] {processor.py:753} INFO - DAG(s) dict_keys(['example_task_group_decorator']) retrieved from /home/airflow/.local/lib/python3.7/site-packages/airflow/example_dags/example_task_group_decorator.py
[2025-07-28T22:47:38.479+0000] {logging_mixin.py:137} INFO - [2025-07-28T22:47:38.478+0000] {dag.py:2690} INFO - Sync 1 DAGs
[2025-07-28T22:47:38.518+0000] {logging_mixin.py:137} INFO - [2025-07-28T22:47:38.518+0000] {dag.py:3441} INFO - Setting next_dagrun for example_task_group_decorator to 2025-07-27T22:47:38.517901+00:00, run_after=2025-07-28T22:47:38.517901+00:00
[2025-07-28T22:47:38.548+0000] {processor.py:175} INFO - Processing /home/airflow/.local/lib/python3.7/site-packages/airflow/example_dags/example_task_group_decorator.py took 0.191 seconds
[2025-07-28T22:48:08.852+0000] {processor.py:153} INFO - Started process (PID=413) to work on /home/airflow/.local/lib/python3.7/site-packages/airflow/example_dags/example_task_group_decorator.py
[2025-07-28T22:48:08.853+0000] {processor.py:743} INFO - Processing file /home/airflow/.local/lib/python3.7/site-packages/airflow/example_dags/example_task_group_decorator.py for tasks to queue
[2025-07-28T22:48:08.856+0000] {logging_mixin.py:137} INFO - [2025-07-28T22:48:08.856+0000] {dagbag.py:538} INFO - Filling up the DagBag from /home/airflow/.local/lib/python3.7/site-packages/airflow/example_dags/example_task_group_decorator.py
[2025-07-28T22:48:08.906+0000] {processor.py:753} INFO - DAG(s) dict_keys(['example_task_group_decorator']) retrieved from /home/airflow/.local/lib/python3.7/site-packages/airflow/example_dags/example_task_group_decorator.py
[2025-07-28T22:48:08.952+0000] {logging_mixin.py:137} INFO - [2025-07-28T22:48:08.952+0000] {dag.py:2690} INFO - Sync 1 DAGs
[2025-07-28T22:48:08.999+0000] {logging_mixin.py:137} INFO - [2025-07-28T22:48:08.999+0000] {dag.py:3441} INFO - Setting next_dagrun for example_task_group_decorator to 2025-07-27T22:48:08.998953+00:00, run_after=2025-07-28T22:48:08.998953+00:00
[2025-07-28T22:48:09.034+0000] {processor.py:175} INFO - Processing /home/airflow/.local/lib/python3.7/site-packages/airflow/example_dags/example_task_group_decorator.py took 0.187 seconds
[2025-07-28T22:48:39.291+0000] {processor.py:153} INFO - Started process (PID=490) to work on /home/airflow/.local/lib/python3.7/site-packages/airflow/example_dags/example_task_group_decorator.py
[2025-07-28T22:48:39.292+0000] {processor.py:743} INFO - Processing file /home/airflow/.local/lib/python3.7/site-packages/airflow/example_dags/example_task_group_decorator.py for tasks to queue
[2025-07-28T22:48:39.294+0000] {logging_mixin.py:137} INFO - [2025-07-28T22:48:39.293+0000] {dagbag.py:538} INFO - Filling up the DagBag from /home/airflow/.local/lib/python3.7/site-packages/airflow/example_dags/example_task_group_decorator.py
[2025-07-28T22:48:39.340+0000] {processor.py:753} INFO - DAG(s) dict_keys(['example_task_group_decorator']) retrieved from /home/airflow/.local/lib/python3.7/site-packages/airflow/example_dags/example_task_group_decorator.py
[2025-07-28T22:48:39.396+0000] {logging_mixin.py:137} INFO - [2025-07-28T22:48:39.396+0000] {dag.py:2690} INFO - Sync 1 DAGs
[2025-07-28T22:48:39.484+0000] {logging_mixin.py:137} INFO - [2025-07-28T22:48:39.484+0000] {dag.py:3441} INFO - Setting next_dagrun for example_task_group_decorator to 2025-07-27T22:48:39.483622+00:00, run_after=2025-07-28T22:48:39.483622+00:00
[2025-07-28T22:48:39.524+0000] {processor.py:175} INFO - Processing /home/airflow/.local/lib/python3.7/site-packages/airflow/example_dags/example_task_group_decorator.py took 0.242 seconds
[2025-07-28T22:49:09.585+0000] {processor.py:153} INFO - Started process (PID=570) to work on /home/airflow/.local/lib/python3.7/site-packages/airflow/example_dags/example_task_group_decorator.py
[2025-07-28T22:49:09.587+0000] {processor.py:743} INFO - Processing file /home/airflow/.local/lib/python3.7/site-packages/airflow/example_dags/example_task_group_decorator.py for tasks to queue
[2025-07-28T22:49:09.590+0000] {logging_mixin.py:137} INFO - [2025-07-28T22:49:09.590+0000] {dagbag.py:538} INFO - Filling up the DagBag from /home/airflow/.local/lib/python3.7/site-packages/airflow/example_dags/example_task_group_decorator.py
[2025-07-28T22:49:09.645+0000] {processor.py:753} INFO - DAG(s) dict_keys(['example_task_group_decorator']) retrieved from /home/airflow/.local/lib/python3.7/site-packages/airflow/example_dags/example_task_group_decorator.py
[2025-07-28T22:49:09.695+0000] {logging_mixin.py:137} INFO - [2025-07-28T22:49:09.695+0000] {dag.py:2690} INFO - Sync 1 DAGs
[2025-07-28T22:49:09.745+0000] {logging_mixin.py:137} INFO - [2025-07-28T22:49:09.745+0000] {dag.py:3441} INFO - Setting next_dagrun for example_task_group_decorator to 2025-07-27T22:49:09.744783+00:00, run_after=2025-07-28T22:49:09.744783+00:00
[2025-07-28T22:49:09.790+0000] {processor.py:175} INFO - Processing /home/airflow/.local/lib/python3.7/site-packages/airflow/example_dags/example_task_group_decorator.py took 0.210 seconds
[2025-07-28T22:49:40.560+0000] {processor.py:153} INFO - Started process (PID=641) to work on /home/airflow/.local/lib/python3.7/site-packages/airflow/example_dags/example_task_group_decorator.py
[2025-07-28T22:49:40.561+0000] {processor.py:743} INFO - Processing file /home/airflow/.local/lib/python3.7/site-packages/airflow/example_dags/example_task_group_decorator.py for tasks to queue
[2025-07-28T22:49:40.562+0000] {logging_mixin.py:137} INFO - [2025-07-28T22:49:40.562+0000] {dagbag.py:538} INFO - Filling up the DagBag from /home/airflow/.local/lib/python3.7/site-packages/airflow/example_dags/example_task_group_decorator.py
[2025-07-28T22:49:40.668+0000] {processor.py:753} INFO - DAG(s) dict_keys(['example_task_group_decorator']) retrieved from /home/airflow/.local/lib/python3.7/site-packages/airflow/example_dags/example_task_group_decorator.py
[2025-07-28T22:49:40.725+0000] {logging_mixin.py:137} INFO - [2025-07-28T22:49:40.725+0000] {dag.py:2690} INFO - Sync 1 DAGs
[2025-07-28T22:49:40.760+0000] {logging_mixin.py:137} INFO - [2025-07-28T22:49:40.760+0000] {dag.py:3441} INFO - Setting next_dagrun for example_task_group_decorator to 2025-07-27T22:49:40.760535+00:00, run_after=2025-07-28T22:49:40.760535+00:00
[2025-07-28T22:49:40.790+0000] {processor.py:175} INFO - Processing /home/airflow/.local/lib/python3.7/site-packages/airflow/example_dags/example_task_group_decorator.py took 0.236 seconds
[2025-07-28T22:50:11.774+0000] {processor.py:153} INFO - Started process (PID=712) to work on /home/airflow/.local/lib/python3.7/site-packages/airflow/example_dags/example_task_group_decorator.py
[2025-07-28T22:50:11.777+0000] {processor.py:743} INFO - Processing file /home/airflow/.local/lib/python3.7/site-packages/airflow/example_dags/example_task_group_decorator.py for tasks to queue
[2025-07-28T22:50:11.779+0000] {logging_mixin.py:137} INFO - [2025-07-28T22:50:11.779+0000] {dagbag.py:538} INFO - Filling up the DagBag from /home/airflow/.local/lib/python3.7/site-packages/airflow/example_dags/example_task_group_decorator.py
[2025-07-28T22:50:11.840+0000] {processor.py:753} INFO - DAG(s) dict_keys(['example_task_group_decorator']) retrieved from /home/airflow/.local/lib/python3.7/site-packages/airflow/example_dags/example_task_group_decorator.py
[2025-07-28T22:50:11.926+0000] {logging_mixin.py:137} INFO - [2025-07-28T22:50:11.925+0000] {dag.py:2690} INFO - Sync 1 DAGs
[2025-07-28T22:50:12.020+0000] {logging_mixin.py:137} INFO - [2025-07-28T22:50:12.020+0000] {dag.py:3441} INFO - Setting next_dagrun for example_task_group_decorator to 2025-07-27T22:50:12.019610+00:00, run_after=2025-07-28T22:50:12.019610+00:00
[2025-07-28T22:50:12.111+0000] {processor.py:175} INFO - Processing /home/airflow/.local/lib/python3.7/site-packages/airflow/example_dags/example_task_group_decorator.py took 0.343 seconds
[2025-07-28T22:50:42.244+0000] {processor.py:153} INFO - Started process (PID=799) to work on /home/airflow/.local/lib/python3.7/site-packages/airflow/example_dags/example_task_group_decorator.py
[2025-07-28T22:50:42.245+0000] {processor.py:743} INFO - Processing file /home/airflow/.local/lib/python3.7/site-packages/airflow/example_dags/example_task_group_decorator.py for tasks to queue
[2025-07-28T22:50:42.246+0000] {logging_mixin.py:137} INFO - [2025-07-28T22:50:42.246+0000] {dagbag.py:538} INFO - Filling up the DagBag from /home/airflow/.local/lib/python3.7/site-packages/airflow/example_dags/example_task_group_decorator.py
[2025-07-28T22:50:42.298+0000] {processor.py:753} INFO - DAG(s) dict_keys(['example_task_group_decorator']) retrieved from /home/airflow/.local/lib/python3.7/site-packages/airflow/example_dags/example_task_group_decorator.py
[2025-07-28T22:50:42.359+0000] {logging_mixin.py:137} INFO - [2025-07-28T22:50:42.359+0000] {dag.py:2690} INFO - Sync 1 DAGs
[2025-07-28T22:50:42.400+0000] {logging_mixin.py:137} INFO - [2025-07-28T22:50:42.400+0000] {dag.py:3441} INFO - Setting next_dagrun for example_task_group_decorator to 2025-07-27T22:50:42.400205+00:00, run_after=2025-07-28T22:50:42.400205+00:00
[2025-07-28T22:50:42.445+0000] {processor.py:175} INFO - Processing /home/airflow/.local/lib/python3.7/site-packages/airflow/example_dags/example_task_group_decorator.py took 0.211 seconds
[2025-07-28T22:51:13.283+0000] {processor.py:153} INFO - Started process (PID=870) to work on /home/airflow/.local/lib/python3.7/site-packages/airflow/example_dags/example_task_group_decorator.py
[2025-07-28T22:51:13.284+0000] {processor.py:743} INFO - Processing file /home/airflow/.local/lib/python3.7/site-packages/airflow/example_dags/example_task_group_decorator.py for tasks to queue
[2025-07-28T22:51:13.285+0000] {logging_mixin.py:137} INFO - [2025-07-28T22:51:13.285+0000] {dagbag.py:538} INFO - Filling up the DagBag from /home/airflow/.local/lib/python3.7/site-packages/airflow/example_dags/example_task_group_decorator.py
[2025-07-28T22:51:13.324+0000] {processor.py:753} INFO - DAG(s) dict_keys(['example_task_group_decorator']) retrieved from /home/airflow/.local/lib/python3.7/site-packages/airflow/example_dags/example_task_group_decorator.py
[2025-07-28T22:51:13.358+0000] {logging_mixin.py:137} INFO - [2025-07-28T22:51:13.358+0000] {dag.py:2690} INFO - Sync 1 DAGs
[2025-07-28T22:51:13.392+0000] {logging_mixin.py:137} INFO - [2025-07-28T22:51:13.392+0000] {dag.py:3441} INFO - Setting next_dagrun for example_task_group_decorator to 2025-07-27T22:51:13.391968+00:00, run_after=2025-07-28T22:51:13.391968+00:00
[2025-07-28T22:51:13.416+0000] {processor.py:175} INFO - Processing /home/airflow/.local/lib/python3.7/site-packages/airflow/example_dags/example_task_group_decorator.py took 0.139 seconds
[2025-07-28T22:51:43.910+0000] {processor.py:153} INFO - Started process (PID=950) to work on /home/airflow/.local/lib/python3.7/site-packages/airflow/example_dags/example_task_group_decorator.py
[2025-07-28T22:51:43.912+0000] {processor.py:743} INFO - Processing file /home/airflow/.local/lib/python3.7/site-packages/airflow/example_dags/example_task_group_decorator.py for tasks to queue
[2025-07-28T22:51:43.914+0000] {logging_mixin.py:137} INFO - [2025-07-28T22:51:43.913+0000] {dagbag.py:538} INFO - Filling up the DagBag from /home/airflow/.local/lib/python3.7/site-packages/airflow/example_dags/example_task_group_decorator.py
[2025-07-28T22:51:43.968+0000] {processor.py:753} INFO - DAG(s) dict_keys(['example_task_group_decorator']) retrieved from /home/airflow/.local/lib/python3.7/site-packages/airflow/example_dags/example_task_group_decorator.py
[2025-07-28T22:51:44.019+0000] {logging_mixin.py:137} INFO - [2025-07-28T22:51:44.019+0000] {dag.py:2690} INFO - Sync 1 DAGs
[2025-07-28T22:51:44.066+0000] {logging_mixin.py:137} INFO - [2025-07-28T22:51:44.065+0000] {dag.py:3441} INFO - Setting next_dagrun for example_task_group_decorator to 2025-07-27T22:51:44.065520+00:00, run_after=2025-07-28T22:51:44.065520+00:00
[2025-07-28T22:51:44.119+0000] {processor.py:175} INFO - Processing /home/airflow/.local/lib/python3.7/site-packages/airflow/example_dags/example_task_group_decorator.py took 0.216 seconds
[2025-07-28T22:52:14.379+0000] {processor.py:153} INFO - Started process (PID=1028) to work on /home/airflow/.local/lib/python3.7/site-packages/airflow/example_dags/example_task_group_decorator.py
[2025-07-28T22:52:14.380+0000] {processor.py:743} INFO - Processing file /home/airflow/.local/lib/python3.7/site-packages/airflow/example_dags/example_task_group_decorator.py for tasks to queue
[2025-07-28T22:52:14.381+0000] {logging_mixin.py:137} INFO - [2025-07-28T22:52:14.381+0000] {dagbag.py:538} INFO - Filling up the DagBag from /home/airflow/.local/lib/python3.7/site-packages/airflow/example_dags/example_task_group_decorator.py
[2025-07-28T22:52:14.415+0000] {processor.py:753} INFO - DAG(s) dict_keys(['example_task_group_decorator']) retrieved from /home/airflow/.local/lib/python3.7/site-packages/airflow/example_dags/example_task_group_decorator.py
[2025-07-28T22:52:14.448+0000] {logging_mixin.py:137} INFO - [2025-07-28T22:52:14.448+0000] {dag.py:2690} INFO - Sync 1 DAGs
[2025-07-28T22:52:14.477+0000] {logging_mixin.py:137} INFO - [2025-07-28T22:52:14.477+0000] {dag.py:3441} INFO - Setting next_dagrun for example_task_group_decorator to 2025-07-27T22:52:14.477214+00:00, run_after=2025-07-28T22:52:14.477214+00:00
[2025-07-28T22:52:14.504+0000] {processor.py:175} INFO - Processing /home/airflow/.local/lib/python3.7/site-packages/airflow/example_dags/example_task_group_decorator.py took 0.129 seconds
[2025-07-28T22:52:44.895+0000] {processor.py:153} INFO - Started process (PID=1099) to work on /home/airflow/.local/lib/python3.7/site-packages/airflow/example_dags/example_task_group_decorator.py
[2025-07-28T22:52:44.897+0000] {processor.py:743} INFO - Processing file /home/airflow/.local/lib/python3.7/site-packages/airflow/example_dags/example_task_group_decorator.py for tasks to queue
[2025-07-28T22:52:44.899+0000] {logging_mixin.py:137} INFO - [2025-07-28T22:52:44.899+0000] {dagbag.py:538} INFO - Filling up the DagBag from /home/airflow/.local/lib/python3.7/site-packages/airflow/example_dags/example_task_group_decorator.py
[2025-07-28T22:52:44.982+0000] {processor.py:753} INFO - DAG(s) dict_keys(['example_task_group_decorator']) retrieved from /home/airflow/.local/lib/python3.7/site-packages/airflow/example_dags/example_task_group_decorator.py
[2025-07-28T22:52:45.074+0000] {logging_mixin.py:137} INFO - [2025-07-28T22:52:45.073+0000] {dag.py:2690} INFO - Sync 1 DAGs
[2025-07-28T22:52:45.151+0000] {logging_mixin.py:137} INFO - [2025-07-28T22:52:45.151+0000] {dag.py:3441} INFO - Setting next_dagrun for example_task_group_decorator to 2025-07-27T22:52:45.150817+00:00, run_after=2025-07-28T22:52:45.150817+00:00
[2025-07-28T22:52:45.224+0000] {processor.py:175} INFO - Processing /home/airflow/.local/lib/python3.7/site-packages/airflow/example_dags/example_task_group_decorator.py took 0.338 seconds
[2025-07-28T22:53:15.966+0000] {processor.py:153} INFO - Started process (PID=1186) to work on /home/airflow/.local/lib/python3.7/site-packages/airflow/example_dags/example_task_group_decorator.py
[2025-07-28T22:53:15.967+0000] {processor.py:743} INFO - Processing file /home/airflow/.local/lib/python3.7/site-packages/airflow/example_dags/example_task_group_decorator.py for tasks to queue
[2025-07-28T22:53:15.968+0000] {logging_mixin.py:137} INFO - [2025-07-28T22:53:15.968+0000] {dagbag.py:538} INFO - Filling up the DagBag from /home/airflow/.local/lib/python3.7/site-packages/airflow/example_dags/example_task_group_decorator.py
[2025-07-28T22:53:16.002+0000] {processor.py:753} INFO - DAG(s) dict_keys(['example_task_group_decorator']) retrieved from /home/airflow/.local/lib/python3.7/site-packages/airflow/example_dags/example_task_group_decorator.py
[2025-07-28T22:53:16.036+0000] {logging_mixin.py:137} INFO - [2025-07-28T22:53:16.036+0000] {dag.py:2690} INFO - Sync 1 DAGs
[2025-07-28T22:53:16.070+0000] {logging_mixin.py:137} INFO - [2025-07-28T22:53:16.069+0000] {dag.py:3441} INFO - Setting next_dagrun for example_task_group_decorator to 2025-07-27T22:53:16.069634+00:00, run_after=2025-07-28T22:53:16.069634+00:00
[2025-07-28T22:53:16.098+0000] {processor.py:175} INFO - Processing /home/airflow/.local/lib/python3.7/site-packages/airflow/example_dags/example_task_group_decorator.py took 0.135 seconds
[2025-07-28T22:53:46.907+0000] {processor.py:153} INFO - Started process (PID=1257) to work on /home/airflow/.local/lib/python3.7/site-packages/airflow/example_dags/example_task_group_decorator.py
[2025-07-28T22:53:46.909+0000] {processor.py:743} INFO - Processing file /home/airflow/.local/lib/python3.7/site-packages/airflow/example_dags/example_task_group_decorator.py for tasks to queue
[2025-07-28T22:53:46.910+0000] {logging_mixin.py:137} INFO - [2025-07-28T22:53:46.910+0000] {dagbag.py:538} INFO - Filling up the DagBag from /home/airflow/.local/lib/python3.7/site-packages/airflow/example_dags/example_task_group_decorator.py
[2025-07-28T22:53:46.952+0000] {processor.py:753} INFO - DAG(s) dict_keys(['example_task_group_decorator']) retrieved from /home/airflow/.local/lib/python3.7/site-packages/airflow/example_dags/example_task_group_decorator.py
[2025-07-28T22:53:46.992+0000] {logging_mixin.py:137} INFO - [2025-07-28T22:53:46.992+0000] {dag.py:2690} INFO - Sync 1 DAGs
[2025-07-28T22:53:47.028+0000] {logging_mixin.py:137} INFO - [2025-07-28T22:53:47.028+0000] {dag.py:3441} INFO - Setting next_dagrun for example_task_group_decorator to 2025-07-27T22:53:47.028382+00:00, run_after=2025-07-28T22:53:47.028382+00:00
[2025-07-28T22:53:47.064+0000] {processor.py:175} INFO - Processing /home/airflow/.local/lib/python3.7/site-packages/airflow/example_dags/example_task_group_decorator.py took 0.164 seconds
[2025-07-28T22:54:17.570+0000] {processor.py:153} INFO - Started process (PID=1328) to work on /home/airflow/.local/lib/python3.7/site-packages/airflow/example_dags/example_task_group_decorator.py
[2025-07-28T22:54:17.573+0000] {processor.py:743} INFO - Processing file /home/airflow/.local/lib/python3.7/site-packages/airflow/example_dags/example_task_group_decorator.py for tasks to queue
[2025-07-28T22:54:17.575+0000] {logging_mixin.py:137} INFO - [2025-07-28T22:54:17.575+0000] {dagbag.py:538} INFO - Filling up the DagBag from /home/airflow/.local/lib/python3.7/site-packages/airflow/example_dags/example_task_group_decorator.py
[2025-07-28T22:54:17.706+0000] {processor.py:753} INFO - DAG(s) dict_keys(['example_task_group_decorator']) retrieved from /home/airflow/.local/lib/python3.7/site-packages/airflow/example_dags/example_task_group_decorator.py
[2025-07-28T22:54:17.805+0000] {logging_mixin.py:137} INFO - [2025-07-28T22:54:17.804+0000] {dag.py:2690} INFO - Sync 1 DAGs
[2025-07-28T22:54:17.997+0000] {logging_mixin.py:137} INFO - [2025-07-28T22:54:17.997+0000] {dag.py:3441} INFO - Setting next_dagrun for example_task_group_decorator to 2025-07-27T22:54:17.996692+00:00, run_after=2025-07-28T22:54:17.996692+00:00
[2025-07-28T22:54:18.111+0000] {processor.py:175} INFO - Processing /home/airflow/.local/lib/python3.7/site-packages/airflow/example_dags/example_task_group_decorator.py took 0.557 seconds
[2025-07-28T22:54:48.444+0000] {processor.py:153} INFO - Started process (PID=1399) to work on /home/airflow/.local/lib/python3.7/site-packages/airflow/example_dags/example_task_group_decorator.py
[2025-07-28T22:54:48.446+0000] {processor.py:743} INFO - Processing file /home/airflow/.local/lib/python3.7/site-packages/airflow/example_dags/example_task_group_decorator.py for tasks to queue
[2025-07-28T22:54:48.448+0000] {logging_mixin.py:137} INFO - [2025-07-28T22:54:48.447+0000] {dagbag.py:538} INFO - Filling up the DagBag from /home/airflow/.local/lib/python3.7/site-packages/airflow/example_dags/example_task_group_decorator.py
[2025-07-28T22:54:48.530+0000] {processor.py:753} INFO - DAG(s) dict_keys(['example_task_group_decorator']) retrieved from /home/airflow/.local/lib/python3.7/site-packages/airflow/example_dags/example_task_group_decorator.py
[2025-07-28T22:54:48.591+0000] {logging_mixin.py:137} INFO - [2025-07-28T22:54:48.591+0000] {dag.py:2690} INFO - Sync 1 DAGs
[2025-07-28T22:54:48.645+0000] {logging_mixin.py:137} INFO - [2025-07-28T22:54:48.644+0000] {dag.py:3441} INFO - Setting next_dagrun for example_task_group_decorator to 2025-07-27T22:54:48.644316+00:00, run_after=2025-07-28T22:54:48.644316+00:00
[2025-07-28T22:54:48.687+0000] {processor.py:175} INFO - Processing /home/airflow/.local/lib/python3.7/site-packages/airflow/example_dags/example_task_group_decorator.py took 0.254 seconds
[2025-07-28T22:55:19.059+0000] {processor.py:153} INFO - Started process (PID=1470) to work on /home/airflow/.local/lib/python3.7/site-packages/airflow/example_dags/example_task_group_decorator.py
[2025-07-28T22:55:19.061+0000] {processor.py:743} INFO - Processing file /home/airflow/.local/lib/python3.7/site-packages/airflow/example_dags/example_task_group_decorator.py for tasks to queue
[2025-07-28T22:55:19.062+0000] {logging_mixin.py:137} INFO - [2025-07-28T22:55:19.062+0000] {dagbag.py:538} INFO - Filling up the DagBag from /home/airflow/.local/lib/python3.7/site-packages/airflow/example_dags/example_task_group_decorator.py
[2025-07-28T22:55:19.094+0000] {processor.py:753} INFO - DAG(s) dict_keys(['example_task_group_decorator']) retrieved from /home/airflow/.local/lib/python3.7/site-packages/airflow/example_dags/example_task_group_decorator.py
[2025-07-28T22:55:19.124+0000] {logging_mixin.py:137} INFO - [2025-07-28T22:55:19.124+0000] {dag.py:2690} INFO - Sync 1 DAGs
[2025-07-28T22:55:19.148+0000] {logging_mixin.py:137} INFO - [2025-07-28T22:55:19.148+0000] {dag.py:3441} INFO - Setting next_dagrun for example_task_group_decorator to 2025-07-27T22:55:19.147842+00:00, run_after=2025-07-28T22:55:19.147842+00:00
[2025-07-28T22:55:19.171+0000] {processor.py:175} INFO - Processing /home/airflow/.local/lib/python3.7/site-packages/airflow/example_dags/example_task_group_decorator.py took 0.116 seconds
[2025-07-28T22:55:49.437+0000] {processor.py:153} INFO - Started process (PID=1558) to work on /home/airflow/.local/lib/python3.7/site-packages/airflow/example_dags/example_task_group_decorator.py
[2025-07-28T22:55:49.439+0000] {processor.py:743} INFO - Processing file /home/airflow/.local/lib/python3.7/site-packages/airflow/example_dags/example_task_group_decorator.py for tasks to queue
[2025-07-28T22:55:49.441+0000] {logging_mixin.py:137} INFO - [2025-07-28T22:55:49.440+0000] {dagbag.py:538} INFO - Filling up the DagBag from /home/airflow/.local/lib/python3.7/site-packages/airflow/example_dags/example_task_group_decorator.py
[2025-07-28T22:55:49.491+0000] {processor.py:753} INFO - DAG(s) dict_keys(['example_task_group_decorator']) retrieved from /home/airflow/.local/lib/python3.7/site-packages/airflow/example_dags/example_task_group_decorator.py
[2025-07-28T22:55:49.543+0000] {logging_mixin.py:137} INFO - [2025-07-28T22:55:49.542+0000] {dag.py:2690} INFO - Sync 1 DAGs
[2025-07-28T22:55:49.596+0000] {logging_mixin.py:137} INFO - [2025-07-28T22:55:49.596+0000] {dag.py:3441} INFO - Setting next_dagrun for example_task_group_decorator to 2025-07-27T22:55:49.595602+00:00, run_after=2025-07-28T22:55:49.595602+00:00
[2025-07-28T22:55:49.635+0000] {processor.py:175} INFO - Processing /home/airflow/.local/lib/python3.7/site-packages/airflow/example_dags/example_task_group_decorator.py took 0.204 seconds
[2025-07-28T22:56:21.054+0000] {processor.py:153} INFO - Started process (PID=1629) to work on /home/airflow/.local/lib/python3.7/site-packages/airflow/example_dags/example_task_group_decorator.py
[2025-07-28T22:56:21.058+0000] {processor.py:743} INFO - Processing file /home/airflow/.local/lib/python3.7/site-packages/airflow/example_dags/example_task_group_decorator.py for tasks to queue
[2025-07-28T22:56:21.060+0000] {logging_mixin.py:137} INFO - [2025-07-28T22:56:21.059+0000] {dagbag.py:538} INFO - Filling up the DagBag from /home/airflow/.local/lib/python3.7/site-packages/airflow/example_dags/example_task_group_decorator.py
[2025-07-28T22:56:21.133+0000] {processor.py:753} INFO - DAG(s) dict_keys(['example_task_group_decorator']) retrieved from /home/airflow/.local/lib/python3.7/site-packages/airflow/example_dags/example_task_group_decorator.py
[2025-07-28T22:56:21.215+0000] {logging_mixin.py:137} INFO - [2025-07-28T22:56:21.215+0000] {dag.py:2690} INFO - Sync 1 DAGs
[2025-07-28T22:56:21.275+0000] {logging_mixin.py:137} INFO - [2025-07-28T22:56:21.275+0000] {dag.py:3441} INFO - Setting next_dagrun for example_task_group_decorator to 2025-07-27T22:56:21.274822+00:00, run_after=2025-07-28T22:56:21.274822+00:00
[2025-07-28T22:56:21.330+0000] {processor.py:175} INFO - Processing /home/airflow/.local/lib/python3.7/site-packages/airflow/example_dags/example_task_group_decorator.py took 0.292 seconds
[2025-07-28T22:56:52.065+0000] {processor.py:153} INFO - Started process (PID=1701) to work on /home/airflow/.local/lib/python3.7/site-packages/airflow/example_dags/example_task_group_decorator.py
[2025-07-28T22:56:52.066+0000] {processor.py:743} INFO - Processing file /home/airflow/.local/lib/python3.7/site-packages/airflow/example_dags/example_task_group_decorator.py for tasks to queue
[2025-07-28T22:56:52.068+0000] {logging_mixin.py:137} INFO - [2025-07-28T22:56:52.067+0000] {dagbag.py:538} INFO - Filling up the DagBag from /home/airflow/.local/lib/python3.7/site-packages/airflow/example_dags/example_task_group_decorator.py
[2025-07-28T22:56:52.100+0000] {processor.py:753} INFO - DAG(s) dict_keys(['example_task_group_decorator']) retrieved from /home/airflow/.local/lib/python3.7/site-packages/airflow/example_dags/example_task_group_decorator.py
[2025-07-28T22:56:52.133+0000] {logging_mixin.py:137} INFO - [2025-07-28T22:56:52.133+0000] {dag.py:2690} INFO - Sync 1 DAGs
[2025-07-28T22:56:52.166+0000] {logging_mixin.py:137} INFO - [2025-07-28T22:56:52.165+0000] {dag.py:3441} INFO - Setting next_dagrun for example_task_group_decorator to 2025-07-27T22:56:52.165574+00:00, run_after=2025-07-28T22:56:52.165574+00:00
[2025-07-28T22:56:52.223+0000] {processor.py:175} INFO - Processing /home/airflow/.local/lib/python3.7/site-packages/airflow/example_dags/example_task_group_decorator.py took 0.162 seconds
[2025-07-28T22:57:22.369+0000] {processor.py:153} INFO - Started process (PID=1772) to work on /home/airflow/.local/lib/python3.7/site-packages/airflow/example_dags/example_task_group_decorator.py
[2025-07-28T22:57:22.372+0000] {processor.py:743} INFO - Processing file /home/airflow/.local/lib/python3.7/site-packages/airflow/example_dags/example_task_group_decorator.py for tasks to queue
[2025-07-28T22:57:22.374+0000] {logging_mixin.py:137} INFO - [2025-07-28T22:57:22.373+0000] {dagbag.py:538} INFO - Filling up the DagBag from /home/airflow/.local/lib/python3.7/site-packages/airflow/example_dags/example_task_group_decorator.py
[2025-07-28T22:57:22.438+0000] {processor.py:753} INFO - DAG(s) dict_keys(['example_task_group_decorator']) retrieved from /home/airflow/.local/lib/python3.7/site-packages/airflow/example_dags/example_task_group_decorator.py
[2025-07-28T22:57:22.500+0000] {logging_mixin.py:137} INFO - [2025-07-28T22:57:22.500+0000] {dag.py:2690} INFO - Sync 1 DAGs
[2025-07-28T22:57:22.537+0000] {logging_mixin.py:137} INFO - [2025-07-28T22:57:22.537+0000] {dag.py:3441} INFO - Setting next_dagrun for example_task_group_decorator to 2025-07-27T22:57:22.536692+00:00, run_after=2025-07-28T22:57:22.536692+00:00
[2025-07-28T22:57:22.564+0000] {processor.py:175} INFO - Processing /home/airflow/.local/lib/python3.7/site-packages/airflow/example_dags/example_task_group_decorator.py took 0.202 seconds
[2025-07-28T22:57:52.732+0000] {processor.py:153} INFO - Started process (PID=1843) to work on /home/airflow/.local/lib/python3.7/site-packages/airflow/example_dags/example_task_group_decorator.py
[2025-07-28T22:57:52.734+0000] {processor.py:743} INFO - Processing file /home/airflow/.local/lib/python3.7/site-packages/airflow/example_dags/example_task_group_decorator.py for tasks to queue
[2025-07-28T22:57:52.735+0000] {logging_mixin.py:137} INFO - [2025-07-28T22:57:52.735+0000] {dagbag.py:538} INFO - Filling up the DagBag from /home/airflow/.local/lib/python3.7/site-packages/airflow/example_dags/example_task_group_decorator.py
[2025-07-28T22:57:52.776+0000] {processor.py:753} INFO - DAG(s) dict_keys(['example_task_group_decorator']) retrieved from /home/airflow/.local/lib/python3.7/site-packages/airflow/example_dags/example_task_group_decorator.py
[2025-07-28T22:57:52.818+0000] {logging_mixin.py:137} INFO - [2025-07-28T22:57:52.817+0000] {dag.py:2690} INFO - Sync 1 DAGs
[2025-07-28T22:57:52.854+0000] {logging_mixin.py:137} INFO - [2025-07-28T22:57:52.854+0000] {dag.py:3441} INFO - Setting next_dagrun for example_task_group_decorator to 2025-07-27T22:57:52.853656+00:00, run_after=2025-07-28T22:57:52.853656+00:00
[2025-07-28T22:57:52.880+0000] {processor.py:175} INFO - Processing /home/airflow/.local/lib/python3.7/site-packages/airflow/example_dags/example_task_group_decorator.py took 0.152 seconds
[2025-07-28T22:58:23.035+0000] {processor.py:153} INFO - Started process (PID=1930) to work on /home/airflow/.local/lib/python3.7/site-packages/airflow/example_dags/example_task_group_decorator.py
[2025-07-28T22:58:23.036+0000] {processor.py:743} INFO - Processing file /home/airflow/.local/lib/python3.7/site-packages/airflow/example_dags/example_task_group_decorator.py for tasks to queue
[2025-07-28T22:58:23.037+0000] {logging_mixin.py:137} INFO - [2025-07-28T22:58:23.037+0000] {dagbag.py:538} INFO - Filling up the DagBag from /home/airflow/.local/lib/python3.7/site-packages/airflow/example_dags/example_task_group_decorator.py
[2025-07-28T22:58:23.111+0000] {processor.py:753} INFO - DAG(s) dict_keys(['example_task_group_decorator']) retrieved from /home/airflow/.local/lib/python3.7/site-packages/airflow/example_dags/example_task_group_decorator.py
[2025-07-28T22:58:23.152+0000] {logging_mixin.py:137} INFO - [2025-07-28T22:58:23.152+0000] {dag.py:2690} INFO - Sync 1 DAGs
[2025-07-28T22:58:23.188+0000] {logging_mixin.py:137} INFO - [2025-07-28T22:58:23.187+0000] {dag.py:3441} INFO - Setting next_dagrun for example_task_group_decorator to 2025-07-27T22:58:23.187644+00:00, run_after=2025-07-28T22:58:23.187644+00:00
[2025-07-28T22:58:23.217+0000] {processor.py:175} INFO - Processing /home/airflow/.local/lib/python3.7/site-packages/airflow/example_dags/example_task_group_decorator.py took 0.188 seconds
[2025-07-28T22:58:54.035+0000] {processor.py:153} INFO - Started process (PID=2001) to work on /home/airflow/.local/lib/python3.7/site-packages/airflow/example_dags/example_task_group_decorator.py
[2025-07-28T22:58:54.036+0000] {processor.py:743} INFO - Processing file /home/airflow/.local/lib/python3.7/site-packages/airflow/example_dags/example_task_group_decorator.py for tasks to queue
[2025-07-28T22:58:54.037+0000] {logging_mixin.py:137} INFO - [2025-07-28T22:58:54.036+0000] {dagbag.py:538} INFO - Filling up the DagBag from /home/airflow/.local/lib/python3.7/site-packages/airflow/example_dags/example_task_group_decorator.py
[2025-07-28T22:58:54.069+0000] {processor.py:753} INFO - DAG(s) dict_keys(['example_task_group_decorator']) retrieved from /home/airflow/.local/lib/python3.7/site-packages/airflow/example_dags/example_task_group_decorator.py
[2025-07-28T22:58:54.100+0000] {logging_mixin.py:137} INFO - [2025-07-28T22:58:54.100+0000] {dag.py:2690} INFO - Sync 1 DAGs
[2025-07-28T22:58:54.129+0000] {logging_mixin.py:137} INFO - [2025-07-28T22:58:54.129+0000] {dag.py:3441} INFO - Setting next_dagrun for example_task_group_decorator to 2025-07-27T22:58:54.128850+00:00, run_after=2025-07-28T22:58:54.128850+00:00
[2025-07-28T22:58:54.156+0000] {processor.py:175} INFO - Processing /home/airflow/.local/lib/python3.7/site-packages/airflow/example_dags/example_task_group_decorator.py took 0.125 seconds
[2025-07-28T22:59:24.274+0000] {processor.py:153} INFO - Started process (PID=2072) to work on /home/airflow/.local/lib/python3.7/site-packages/airflow/example_dags/example_task_group_decorator.py
[2025-07-28T22:59:24.276+0000] {processor.py:743} INFO - Processing file /home/airflow/.local/lib/python3.7/site-packages/airflow/example_dags/example_task_group_decorator.py for tasks to queue
[2025-07-28T22:59:24.278+0000] {logging_mixin.py:137} INFO - [2025-07-28T22:59:24.277+0000] {dagbag.py:538} INFO - Filling up the DagBag from /home/airflow/.local/lib/python3.7/site-packages/airflow/example_dags/example_task_group_decorator.py
[2025-07-28T22:59:24.326+0000] {processor.py:753} INFO - DAG(s) dict_keys(['example_task_group_decorator']) retrieved from /home/airflow/.local/lib/python3.7/site-packages/airflow/example_dags/example_task_group_decorator.py
[2025-07-28T22:59:24.363+0000] {logging_mixin.py:137} INFO - [2025-07-28T22:59:24.363+0000] {dag.py:2690} INFO - Sync 1 DAGs
[2025-07-28T22:59:24.397+0000] {logging_mixin.py:137} INFO - [2025-07-28T22:59:24.396+0000] {dag.py:3441} INFO - Setting next_dagrun for example_task_group_decorator to 2025-07-27T22:59:24.396628+00:00, run_after=2025-07-28T22:59:24.396628+00:00
[2025-07-28T22:59:24.429+0000] {processor.py:175} INFO - Processing /home/airflow/.local/lib/python3.7/site-packages/airflow/example_dags/example_task_group_decorator.py took 0.161 seconds
[2025-07-28T22:59:54.779+0000] {processor.py:153} INFO - Started process (PID=2160) to work on /home/airflow/.local/lib/python3.7/site-packages/airflow/example_dags/example_task_group_decorator.py
[2025-07-28T22:59:54.781+0000] {processor.py:743} INFO - Processing file /home/airflow/.local/lib/python3.7/site-packages/airflow/example_dags/example_task_group_decorator.py for tasks to queue
[2025-07-28T22:59:54.782+0000] {logging_mixin.py:137} INFO - [2025-07-28T22:59:54.781+0000] {dagbag.py:538} INFO - Filling up the DagBag from /home/airflow/.local/lib/python3.7/site-packages/airflow/example_dags/example_task_group_decorator.py
[2025-07-28T22:59:54.839+0000] {processor.py:753} INFO - DAG(s) dict_keys(['example_task_group_decorator']) retrieved from /home/airflow/.local/lib/python3.7/site-packages/airflow/example_dags/example_task_group_decorator.py
[2025-07-28T22:59:54.883+0000] {logging_mixin.py:137} INFO - [2025-07-28T22:59:54.883+0000] {dag.py:2690} INFO - Sync 1 DAGs
[2025-07-28T22:59:54.929+0000] {logging_mixin.py:137} INFO - [2025-07-28T22:59:54.929+0000] {dag.py:3441} INFO - Setting next_dagrun for example_task_group_decorator to 2025-07-27T22:59:54.928709+00:00, run_after=2025-07-28T22:59:54.928709+00:00
[2025-07-28T22:59:54.958+0000] {processor.py:175} INFO - Processing /home/airflow/.local/lib/python3.7/site-packages/airflow/example_dags/example_task_group_decorator.py took 0.182 seconds
[2025-07-28T23:00:25.043+0000] {processor.py:153} INFO - Started process (PID=2231) to work on /home/airflow/.local/lib/python3.7/site-packages/airflow/example_dags/example_task_group_decorator.py
[2025-07-28T23:00:25.045+0000] {processor.py:743} INFO - Processing file /home/airflow/.local/lib/python3.7/site-packages/airflow/example_dags/example_task_group_decorator.py for tasks to queue
[2025-07-28T23:00:25.046+0000] {logging_mixin.py:137} INFO - [2025-07-28T23:00:25.046+0000] {dagbag.py:538} INFO - Filling up the DagBag from /home/airflow/.local/lib/python3.7/site-packages/airflow/example_dags/example_task_group_decorator.py
[2025-07-28T23:00:25.092+0000] {processor.py:753} INFO - DAG(s) dict_keys(['example_task_group_decorator']) retrieved from /home/airflow/.local/lib/python3.7/site-packages/airflow/example_dags/example_task_group_decorator.py
[2025-07-28T23:00:25.149+0000] {logging_mixin.py:137} INFO - [2025-07-28T23:00:25.149+0000] {dag.py:2690} INFO - Sync 1 DAGs
[2025-07-28T23:00:25.188+0000] {logging_mixin.py:137} INFO - [2025-07-28T23:00:25.187+0000] {dag.py:3441} INFO - Setting next_dagrun for example_task_group_decorator to 2025-07-27T23:00:25.187696+00:00, run_after=2025-07-28T23:00:25.187696+00:00
[2025-07-28T23:00:25.218+0000] {processor.py:175} INFO - Processing /home/airflow/.local/lib/python3.7/site-packages/airflow/example_dags/example_task_group_decorator.py took 0.177 seconds
[2025-07-28T23:00:55.537+0000] {processor.py:153} INFO - Started process (PID=2318) to work on /home/airflow/.local/lib/python3.7/site-packages/airflow/example_dags/example_task_group_decorator.py
[2025-07-28T23:00:55.538+0000] {processor.py:743} INFO - Processing file /home/airflow/.local/lib/python3.7/site-packages/airflow/example_dags/example_task_group_decorator.py for tasks to queue
[2025-07-28T23:00:55.539+0000] {logging_mixin.py:137} INFO - [2025-07-28T23:00:55.539+0000] {dagbag.py:538} INFO - Filling up the DagBag from /home/airflow/.local/lib/python3.7/site-packages/airflow/example_dags/example_task_group_decorator.py
[2025-07-28T23:00:55.588+0000] {processor.py:753} INFO - DAG(s) dict_keys(['example_task_group_decorator']) retrieved from /home/airflow/.local/lib/python3.7/site-packages/airflow/example_dags/example_task_group_decorator.py
[2025-07-28T23:00:55.637+0000] {logging_mixin.py:137} INFO - [2025-07-28T23:00:55.637+0000] {dag.py:2690} INFO - Sync 1 DAGs
[2025-07-28T23:00:55.678+0000] {logging_mixin.py:137} INFO - [2025-07-28T23:00:55.678+0000] {dag.py:3441} INFO - Setting next_dagrun for example_task_group_decorator to 2025-07-27T23:00:55.677497+00:00, run_after=2025-07-28T23:00:55.677497+00:00
[2025-07-28T23:00:55.725+0000] {processor.py:175} INFO - Processing /home/airflow/.local/lib/python3.7/site-packages/airflow/example_dags/example_task_group_decorator.py took 0.195 seconds
[2025-07-28T23:01:26.085+0000] {processor.py:153} INFO - Started process (PID=2390) to work on /home/airflow/.local/lib/python3.7/site-packages/airflow/example_dags/example_task_group_decorator.py
[2025-07-28T23:01:26.101+0000] {processor.py:743} INFO - Processing file /home/airflow/.local/lib/python3.7/site-packages/airflow/example_dags/example_task_group_decorator.py for tasks to queue
[2025-07-28T23:01:26.134+0000] {logging_mixin.py:137} INFO - [2025-07-28T23:01:26.133+0000] {dagbag.py:538} INFO - Filling up the DagBag from /home/airflow/.local/lib/python3.7/site-packages/airflow/example_dags/example_task_group_decorator.py
[2025-07-28T23:01:26.201+0000] {processor.py:753} INFO - DAG(s) dict_keys(['example_task_group_decorator']) retrieved from /home/airflow/.local/lib/python3.7/site-packages/airflow/example_dags/example_task_group_decorator.py
[2025-07-28T23:01:26.262+0000] {logging_mixin.py:137} INFO - [2025-07-28T23:01:26.262+0000] {dag.py:2690} INFO - Sync 1 DAGs
[2025-07-28T23:01:26.298+0000] {logging_mixin.py:137} INFO - [2025-07-28T23:01:26.298+0000] {dag.py:3441} INFO - Setting next_dagrun for example_task_group_decorator to 2025-07-27T23:01:26.297811+00:00, run_after=2025-07-28T23:01:26.297811+00:00
[2025-07-28T23:01:26.325+0000] {processor.py:175} INFO - Processing /home/airflow/.local/lib/python3.7/site-packages/airflow/example_dags/example_task_group_decorator.py took 0.248 seconds
[2025-07-28T23:01:56.371+0000] {processor.py:153} INFO - Started process (PID=2461) to work on /home/airflow/.local/lib/python3.7/site-packages/airflow/example_dags/example_task_group_decorator.py
[2025-07-28T23:01:56.372+0000] {processor.py:743} INFO - Processing file /home/airflow/.local/lib/python3.7/site-packages/airflow/example_dags/example_task_group_decorator.py for tasks to queue
[2025-07-28T23:01:56.374+0000] {logging_mixin.py:137} INFO - [2025-07-28T23:01:56.373+0000] {dagbag.py:538} INFO - Filling up the DagBag from /home/airflow/.local/lib/python3.7/site-packages/airflow/example_dags/example_task_group_decorator.py
[2025-07-28T23:01:56.419+0000] {processor.py:753} INFO - DAG(s) dict_keys(['example_task_group_decorator']) retrieved from /home/airflow/.local/lib/python3.7/site-packages/airflow/example_dags/example_task_group_decorator.py
[2025-07-28T23:01:56.464+0000] {logging_mixin.py:137} INFO - [2025-07-28T23:01:56.464+0000] {dag.py:2690} INFO - Sync 1 DAGs
[2025-07-28T23:01:56.520+0000] {logging_mixin.py:137} INFO - [2025-07-28T23:01:56.520+0000] {dag.py:3441} INFO - Setting next_dagrun for example_task_group_decorator to 2025-07-27T23:01:56.519730+00:00, run_after=2025-07-28T23:01:56.519730+00:00
[2025-07-28T23:01:56.565+0000] {processor.py:175} INFO - Processing /home/airflow/.local/lib/python3.7/site-packages/airflow/example_dags/example_task_group_decorator.py took 0.200 seconds
[2025-07-28T23:02:27.176+0000] {processor.py:153} INFO - Started process (PID=2548) to work on /home/airflow/.local/lib/python3.7/site-packages/airflow/example_dags/example_task_group_decorator.py
[2025-07-28T23:02:27.178+0000] {processor.py:743} INFO - Processing file /home/airflow/.local/lib/python3.7/site-packages/airflow/example_dags/example_task_group_decorator.py for tasks to queue
[2025-07-28T23:02:27.179+0000] {logging_mixin.py:137} INFO - [2025-07-28T23:02:27.179+0000] {dagbag.py:538} INFO - Filling up the DagBag from /home/airflow/.local/lib/python3.7/site-packages/airflow/example_dags/example_task_group_decorator.py
[2025-07-28T23:02:27.212+0000] {processor.py:753} INFO - DAG(s) dict_keys(['example_task_group_decorator']) retrieved from /home/airflow/.local/lib/python3.7/site-packages/airflow/example_dags/example_task_group_decorator.py
[2025-07-28T23:02:27.232+0000] {logging_mixin.py:137} INFO - [2025-07-28T23:02:27.232+0000] {dag.py:2690} INFO - Sync 1 DAGs
[2025-07-28T23:02:27.269+0000] {logging_mixin.py:137} INFO - [2025-07-28T23:02:27.269+0000] {dag.py:3441} INFO - Setting next_dagrun for example_task_group_decorator to 2025-07-27T23:02:27.269197+00:00, run_after=2025-07-28T23:02:27.269197+00:00
[2025-07-28T23:02:27.309+0000] {processor.py:175} INFO - Processing /home/airflow/.local/lib/python3.7/site-packages/airflow/example_dags/example_task_group_decorator.py took 0.137 seconds
[2025-07-28T23:02:58.117+0000] {processor.py:153} INFO - Started process (PID=2618) to work on /home/airflow/.local/lib/python3.7/site-packages/airflow/example_dags/example_task_group_decorator.py
[2025-07-28T23:02:58.118+0000] {processor.py:743} INFO - Processing file /home/airflow/.local/lib/python3.7/site-packages/airflow/example_dags/example_task_group_decorator.py for tasks to queue
[2025-07-28T23:02:58.119+0000] {logging_mixin.py:137} INFO - [2025-07-28T23:02:58.119+0000] {dagbag.py:538} INFO - Filling up the DagBag from /home/airflow/.local/lib/python3.7/site-packages/airflow/example_dags/example_task_group_decorator.py
[2025-07-28T23:02:58.156+0000] {processor.py:753} INFO - DAG(s) dict_keys(['example_task_group_decorator']) retrieved from /home/airflow/.local/lib/python3.7/site-packages/airflow/example_dags/example_task_group_decorator.py
[2025-07-28T23:02:58.173+0000] {logging_mixin.py:137} INFO - [2025-07-28T23:02:58.173+0000] {dag.py:2690} INFO - Sync 1 DAGs
[2025-07-28T23:02:58.209+0000] {logging_mixin.py:137} INFO - [2025-07-28T23:02:58.209+0000] {dag.py:3441} INFO - Setting next_dagrun for example_task_group_decorator to 2025-07-27T23:02:58.209038+00:00, run_after=2025-07-28T23:02:58.209038+00:00
[2025-07-28T23:02:58.237+0000] {processor.py:175} INFO - Processing /home/airflow/.local/lib/python3.7/site-packages/airflow/example_dags/example_task_group_decorator.py took 0.124 seconds
[2025-07-28T23:03:28.838+0000] {processor.py:153} INFO - Started process (PID=2698) to work on /home/airflow/.local/lib/python3.7/site-packages/airflow/example_dags/example_task_group_decorator.py
[2025-07-28T23:03:28.840+0000] {processor.py:743} INFO - Processing file /home/airflow/.local/lib/python3.7/site-packages/airflow/example_dags/example_task_group_decorator.py for tasks to queue
[2025-07-28T23:03:28.843+0000] {logging_mixin.py:137} INFO - [2025-07-28T23:03:28.842+0000] {dagbag.py:538} INFO - Filling up the DagBag from /home/airflow/.local/lib/python3.7/site-packages/airflow/example_dags/example_task_group_decorator.py
[2025-07-28T23:03:28.917+0000] {processor.py:753} INFO - DAG(s) dict_keys(['example_task_group_decorator']) retrieved from /home/airflow/.local/lib/python3.7/site-packages/airflow/example_dags/example_task_group_decorator.py
[2025-07-28T23:03:28.948+0000] {logging_mixin.py:137} INFO - [2025-07-28T23:03:28.948+0000] {dag.py:2690} INFO - Sync 1 DAGs
[2025-07-28T23:03:29.001+0000] {logging_mixin.py:137} INFO - [2025-07-28T23:03:29.001+0000] {dag.py:3441} INFO - Setting next_dagrun for example_task_group_decorator to 2025-07-27T23:03:29.001133+00:00, run_after=2025-07-28T23:03:29.001133+00:00
[2025-07-28T23:03:29.049+0000] {processor.py:175} INFO - Processing /home/airflow/.local/lib/python3.7/site-packages/airflow/example_dags/example_task_group_decorator.py took 0.219 seconds
[2025-07-28T23:03:59.904+0000] {processor.py:153} INFO - Started process (PID=2776) to work on /home/airflow/.local/lib/python3.7/site-packages/airflow/example_dags/example_task_group_decorator.py
[2025-07-28T23:03:59.906+0000] {processor.py:743} INFO - Processing file /home/airflow/.local/lib/python3.7/site-packages/airflow/example_dags/example_task_group_decorator.py for tasks to queue
[2025-07-28T23:03:59.907+0000] {logging_mixin.py:137} INFO - [2025-07-28T23:03:59.907+0000] {dagbag.py:538} INFO - Filling up the DagBag from /home/airflow/.local/lib/python3.7/site-packages/airflow/example_dags/example_task_group_decorator.py
[2025-07-28T23:03:59.950+0000] {processor.py:753} INFO - DAG(s) dict_keys(['example_task_group_decorator']) retrieved from /home/airflow/.local/lib/python3.7/site-packages/airflow/example_dags/example_task_group_decorator.py
[2025-07-28T23:03:59.990+0000] {logging_mixin.py:137} INFO - [2025-07-28T23:03:59.990+0000] {dag.py:2690} INFO - Sync 1 DAGs
[2025-07-28T23:04:00.040+0000] {logging_mixin.py:137} INFO - [2025-07-28T23:04:00.040+0000] {dag.py:3441} INFO - Setting next_dagrun for example_task_group_decorator to 2025-07-27T23:04:00.039863+00:00, run_after=2025-07-28T23:04:00.039863+00:00
[2025-07-28T23:04:00.069+0000] {processor.py:175} INFO - Processing /home/airflow/.local/lib/python3.7/site-packages/airflow/example_dags/example_task_group_decorator.py took 0.171 seconds
[2025-07-28T23:04:30.815+0000] {processor.py:153} INFO - Started process (PID=2847) to work on /home/airflow/.local/lib/python3.7/site-packages/airflow/example_dags/example_task_group_decorator.py
[2025-07-28T23:04:30.818+0000] {processor.py:743} INFO - Processing file /home/airflow/.local/lib/python3.7/site-packages/airflow/example_dags/example_task_group_decorator.py for tasks to queue
[2025-07-28T23:04:30.820+0000] {logging_mixin.py:137} INFO - [2025-07-28T23:04:30.819+0000] {dagbag.py:538} INFO - Filling up the DagBag from /home/airflow/.local/lib/python3.7/site-packages/airflow/example_dags/example_task_group_decorator.py
[2025-07-28T23:04:30.859+0000] {processor.py:753} INFO - DAG(s) dict_keys(['example_task_group_decorator']) retrieved from /home/airflow/.local/lib/python3.7/site-packages/airflow/example_dags/example_task_group_decorator.py
[2025-07-28T23:04:30.903+0000] {logging_mixin.py:137} INFO - [2025-07-28T23:04:30.903+0000] {dag.py:2690} INFO - Sync 1 DAGs
[2025-07-28T23:04:30.938+0000] {logging_mixin.py:137} INFO - [2025-07-28T23:04:30.938+0000] {dag.py:3441} INFO - Setting next_dagrun for example_task_group_decorator to 2025-07-27T23:04:30.937838+00:00, run_after=2025-07-28T23:04:30.937838+00:00
[2025-07-28T23:04:30.971+0000] {processor.py:175} INFO - Processing /home/airflow/.local/lib/python3.7/site-packages/airflow/example_dags/example_task_group_decorator.py took 0.161 seconds
[2025-07-28T23:05:01.360+0000] {processor.py:153} INFO - Started process (PID=2933) to work on /home/airflow/.local/lib/python3.7/site-packages/airflow/example_dags/example_task_group_decorator.py
[2025-07-28T23:05:01.362+0000] {processor.py:743} INFO - Processing file /home/airflow/.local/lib/python3.7/site-packages/airflow/example_dags/example_task_group_decorator.py for tasks to queue
[2025-07-28T23:05:01.365+0000] {logging_mixin.py:137} INFO - [2025-07-28T23:05:01.365+0000] {dagbag.py:538} INFO - Filling up the DagBag from /home/airflow/.local/lib/python3.7/site-packages/airflow/example_dags/example_task_group_decorator.py
[2025-07-28T23:05:01.415+0000] {processor.py:753} INFO - DAG(s) dict_keys(['example_task_group_decorator']) retrieved from /home/airflow/.local/lib/python3.7/site-packages/airflow/example_dags/example_task_group_decorator.py
[2025-07-28T23:05:01.470+0000] {logging_mixin.py:137} INFO - [2025-07-28T23:05:01.470+0000] {dag.py:2690} INFO - Sync 1 DAGs
[2025-07-28T23:05:01.520+0000] {logging_mixin.py:137} INFO - [2025-07-28T23:05:01.519+0000] {dag.py:3441} INFO - Setting next_dagrun for example_task_group_decorator to 2025-07-27T23:05:01.519542+00:00, run_after=2025-07-28T23:05:01.519542+00:00
[2025-07-28T23:05:01.551+0000] {processor.py:175} INFO - Processing /home/airflow/.local/lib/python3.7/site-packages/airflow/example_dags/example_task_group_decorator.py took 0.196 seconds
[2025-07-28T23:05:32.383+0000] {processor.py:153} INFO - Started process (PID=3004) to work on /home/airflow/.local/lib/python3.7/site-packages/airflow/example_dags/example_task_group_decorator.py
[2025-07-28T23:05:32.384+0000] {processor.py:743} INFO - Processing file /home/airflow/.local/lib/python3.7/site-packages/airflow/example_dags/example_task_group_decorator.py for tasks to queue
[2025-07-28T23:05:32.385+0000] {logging_mixin.py:137} INFO - [2025-07-28T23:05:32.385+0000] {dagbag.py:538} INFO - Filling up the DagBag from /home/airflow/.local/lib/python3.7/site-packages/airflow/example_dags/example_task_group_decorator.py
[2025-07-28T23:05:32.413+0000] {processor.py:753} INFO - DAG(s) dict_keys(['example_task_group_decorator']) retrieved from /home/airflow/.local/lib/python3.7/site-packages/airflow/example_dags/example_task_group_decorator.py
[2025-07-28T23:05:32.443+0000] {logging_mixin.py:137} INFO - [2025-07-28T23:05:32.443+0000] {dag.py:2690} INFO - Sync 1 DAGs
[2025-07-28T23:05:32.469+0000] {logging_mixin.py:137} INFO - [2025-07-28T23:05:32.468+0000] {dag.py:3441} INFO - Setting next_dagrun for example_task_group_decorator to 2025-07-27T23:05:32.468629+00:00, run_after=2025-07-28T23:05:32.468629+00:00
[2025-07-28T23:05:32.492+0000] {processor.py:175} INFO - Processing /home/airflow/.local/lib/python3.7/site-packages/airflow/example_dags/example_task_group_decorator.py took 0.112 seconds
[2025-07-28T23:06:03.240+0000] {processor.py:153} INFO - Started process (PID=3076) to work on /home/airflow/.local/lib/python3.7/site-packages/airflow/example_dags/example_task_group_decorator.py
[2025-07-28T23:06:03.245+0000] {processor.py:743} INFO - Processing file /home/airflow/.local/lib/python3.7/site-packages/airflow/example_dags/example_task_group_decorator.py for tasks to queue
[2025-07-28T23:06:03.249+0000] {logging_mixin.py:137} INFO - [2025-07-28T23:06:03.247+0000] {dagbag.py:538} INFO - Filling up the DagBag from /home/airflow/.local/lib/python3.7/site-packages/airflow/example_dags/example_task_group_decorator.py
[2025-07-28T23:06:03.327+0000] {processor.py:753} INFO - DAG(s) dict_keys(['example_task_group_decorator']) retrieved from /home/airflow/.local/lib/python3.7/site-packages/airflow/example_dags/example_task_group_decorator.py
[2025-07-28T23:06:03.383+0000] {logging_mixin.py:137} INFO - [2025-07-28T23:06:03.383+0000] {dag.py:2690} INFO - Sync 1 DAGs
[2025-07-28T23:06:03.430+0000] {logging_mixin.py:137} INFO - [2025-07-28T23:06:03.430+0000] {dag.py:3441} INFO - Setting next_dagrun for example_task_group_decorator to 2025-07-27T23:06:03.429955+00:00, run_after=2025-07-28T23:06:03.429955+00:00
[2025-07-28T23:06:03.473+0000] {processor.py:175} INFO - Processing /home/airflow/.local/lib/python3.7/site-packages/airflow/example_dags/example_task_group_decorator.py took 0.245 seconds
[2025-07-28T23:06:33.568+0000] {processor.py:153} INFO - Started process (PID=3164) to work on /home/airflow/.local/lib/python3.7/site-packages/airflow/example_dags/example_task_group_decorator.py
[2025-07-28T23:06:33.570+0000] {processor.py:743} INFO - Processing file /home/airflow/.local/lib/python3.7/site-packages/airflow/example_dags/example_task_group_decorator.py for tasks to queue
[2025-07-28T23:06:33.571+0000] {logging_mixin.py:137} INFO - [2025-07-28T23:06:33.571+0000] {dagbag.py:538} INFO - Filling up the DagBag from /home/airflow/.local/lib/python3.7/site-packages/airflow/example_dags/example_task_group_decorator.py
[2025-07-28T23:06:33.596+0000] {processor.py:753} INFO - DAG(s) dict_keys(['example_task_group_decorator']) retrieved from /home/airflow/.local/lib/python3.7/site-packages/airflow/example_dags/example_task_group_decorator.py
[2025-07-28T23:06:33.623+0000] {logging_mixin.py:137} INFO - [2025-07-28T23:06:33.622+0000] {dag.py:2690} INFO - Sync 1 DAGs
[2025-07-28T23:06:33.647+0000] {logging_mixin.py:137} INFO - [2025-07-28T23:06:33.647+0000] {dag.py:3441} INFO - Setting next_dagrun for example_task_group_decorator to 2025-07-27T23:06:33.647150+00:00, run_after=2025-07-28T23:06:33.647150+00:00
[2025-07-28T23:06:33.670+0000] {processor.py:175} INFO - Processing /home/airflow/.local/lib/python3.7/site-packages/airflow/example_dags/example_task_group_decorator.py took 0.105 seconds
