[2025-07-28T22:45:33.655+0000] {processor.py:153} INFO - Started process (PID=53) to work on /home/airflow/.local/lib/python3.7/site-packages/airflow/example_dags/example_skip_dag.py
[2025-07-28T22:45:33.657+0000] {processor.py:743} INFO - Processing file /home/airflow/.local/lib/python3.7/site-packages/airflow/example_dags/example_skip_dag.py for tasks to queue
[2025-07-28T22:45:33.664+0000] {logging_mixin.py:137} INFO - [2025-07-28T22:45:33.664+0000] {dagbag.py:538} INFO - Filling up the DagBag from /home/airflow/.local/lib/python3.7/site-packages/airflow/example_dags/example_skip_dag.py
[2025-07-28T22:45:33.737+0000] {processor.py:753} INFO - DAG(s) dict_keys(['example_skip_dag']) retrieved from /home/airflow/.local/lib/python3.7/site-packages/airflow/example_dags/example_skip_dag.py
[2025-07-28T22:45:34.225+0000] {logging_mixin.py:137} INFO - [2025-07-28T22:45:34.224+0000] {manager.py:504} INFO - Created Permission View: can delete on DAG:example_skip_dag
[2025-07-28T22:45:34.242+0000] {logging_mixin.py:137} INFO - [2025-07-28T22:45:34.241+0000] {manager.py:504} INFO - Created Permission View: can read on DAG:example_skip_dag
[2025-07-28T22:45:34.255+0000] {logging_mixin.py:137} INFO - [2025-07-28T22:45:34.255+0000] {manager.py:504} INFO - Created Permission View: can edit on DAG:example_skip_dag
[2025-07-28T22:45:34.256+0000] {logging_mixin.py:137} INFO - [2025-07-28T22:45:34.256+0000] {dag.py:2690} INFO - Sync 1 DAGs
[2025-07-28T22:45:34.286+0000] {logging_mixin.py:137} INFO - [2025-07-28T22:45:34.286+0000] {dag.py:2711} INFO - Creating ORM DAG for example_skip_dag
[2025-07-28T22:45:34.312+0000] {logging_mixin.py:137} INFO - [2025-07-28T22:45:34.312+0000] {dag.py:3441} INFO - Setting next_dagrun for example_skip_dag to 2025-07-27T22:45:34.311851+00:00, run_after=2025-07-28T22:45:34.311851+00:00
[2025-07-28T22:45:34.348+0000] {processor.py:175} INFO - Processing /home/airflow/.local/lib/python3.7/site-packages/airflow/example_dags/example_skip_dag.py took 0.699 seconds
[2025-07-28T22:46:05.174+0000] {processor.py:153} INFO - Started process (PID=124) to work on /home/airflow/.local/lib/python3.7/site-packages/airflow/example_dags/example_skip_dag.py
[2025-07-28T22:46:05.178+0000] {processor.py:743} INFO - Processing file /home/airflow/.local/lib/python3.7/site-packages/airflow/example_dags/example_skip_dag.py for tasks to queue
[2025-07-28T22:46:05.181+0000] {logging_mixin.py:137} INFO - [2025-07-28T22:46:05.180+0000] {dagbag.py:538} INFO - Filling up the DagBag from /home/airflow/.local/lib/python3.7/site-packages/airflow/example_dags/example_skip_dag.py
[2025-07-28T22:46:05.224+0000] {processor.py:753} INFO - DAG(s) dict_keys(['example_skip_dag']) retrieved from /home/airflow/.local/lib/python3.7/site-packages/airflow/example_dags/example_skip_dag.py
[2025-07-28T22:46:05.254+0000] {logging_mixin.py:137} INFO - [2025-07-28T22:46:05.253+0000] {dag.py:2690} INFO - Sync 1 DAGs
[2025-07-28T22:46:05.300+0000] {logging_mixin.py:137} INFO - [2025-07-28T22:46:05.300+0000] {dag.py:3441} INFO - Setting next_dagrun for example_skip_dag to 2025-07-27T22:46:05.300393+00:00, run_after=2025-07-28T22:46:05.300393+00:00
[2025-07-28T22:46:05.336+0000] {processor.py:175} INFO - Processing /home/airflow/.local/lib/python3.7/site-packages/airflow/example_dags/example_skip_dag.py took 0.169 seconds
[2025-07-28T22:46:35.586+0000] {processor.py:153} INFO - Started process (PID=194) to work on /home/airflow/.local/lib/python3.7/site-packages/airflow/example_dags/example_skip_dag.py
[2025-07-28T22:46:35.595+0000] {processor.py:743} INFO - Processing file /home/airflow/.local/lib/python3.7/site-packages/airflow/example_dags/example_skip_dag.py for tasks to queue
[2025-07-28T22:46:35.600+0000] {logging_mixin.py:137} INFO - [2025-07-28T22:46:35.600+0000] {dagbag.py:538} INFO - Filling up the DagBag from /home/airflow/.local/lib/python3.7/site-packages/airflow/example_dags/example_skip_dag.py
[2025-07-28T22:46:35.660+0000] {processor.py:753} INFO - DAG(s) dict_keys(['example_skip_dag']) retrieved from /home/airflow/.local/lib/python3.7/site-packages/airflow/example_dags/example_skip_dag.py
[2025-07-28T22:46:35.755+0000] {logging_mixin.py:137} INFO - [2025-07-28T22:46:35.755+0000] {dag.py:2690} INFO - Sync 1 DAGs
[2025-07-28T22:46:35.851+0000] {logging_mixin.py:137} INFO - [2025-07-28T22:46:35.851+0000] {dag.py:3441} INFO - Setting next_dagrun for example_skip_dag to 2025-07-27T22:46:35.850984+00:00, run_after=2025-07-28T22:46:35.850984+00:00
[2025-07-28T22:46:35.920+0000] {processor.py:175} INFO - Processing /home/airflow/.local/lib/python3.7/site-packages/airflow/example_dags/example_skip_dag.py took 0.343 seconds
[2025-07-28T22:47:06.907+0000] {processor.py:153} INFO - Started process (PID=265) to work on /home/airflow/.local/lib/python3.7/site-packages/airflow/example_dags/example_skip_dag.py
[2025-07-28T22:47:06.909+0000] {processor.py:743} INFO - Processing file /home/airflow/.local/lib/python3.7/site-packages/airflow/example_dags/example_skip_dag.py for tasks to queue
[2025-07-28T22:47:06.910+0000] {logging_mixin.py:137} INFO - [2025-07-28T22:47:06.910+0000] {dagbag.py:538} INFO - Filling up the DagBag from /home/airflow/.local/lib/python3.7/site-packages/airflow/example_dags/example_skip_dag.py
[2025-07-28T22:47:06.946+0000] {processor.py:753} INFO - DAG(s) dict_keys(['example_skip_dag']) retrieved from /home/airflow/.local/lib/python3.7/site-packages/airflow/example_dags/example_skip_dag.py
[2025-07-28T22:47:07.025+0000] {logging_mixin.py:137} INFO - [2025-07-28T22:47:07.025+0000] {dag.py:2690} INFO - Sync 1 DAGs
[2025-07-28T22:47:07.087+0000] {logging_mixin.py:137} INFO - [2025-07-28T22:47:07.087+0000] {dag.py:3441} INFO - Setting next_dagrun for example_skip_dag to 2025-07-27T22:47:07.086916+00:00, run_after=2025-07-28T22:47:07.086916+00:00
[2025-07-28T22:47:07.159+0000] {processor.py:175} INFO - Processing /home/airflow/.local/lib/python3.7/site-packages/airflow/example_dags/example_skip_dag.py took 0.266 seconds
[2025-07-28T22:47:37.302+0000] {processor.py:153} INFO - Started process (PID=336) to work on /home/airflow/.local/lib/python3.7/site-packages/airflow/example_dags/example_skip_dag.py
[2025-07-28T22:47:37.303+0000] {processor.py:743} INFO - Processing file /home/airflow/.local/lib/python3.7/site-packages/airflow/example_dags/example_skip_dag.py for tasks to queue
[2025-07-28T22:47:37.305+0000] {logging_mixin.py:137} INFO - [2025-07-28T22:47:37.305+0000] {dagbag.py:538} INFO - Filling up the DagBag from /home/airflow/.local/lib/python3.7/site-packages/airflow/example_dags/example_skip_dag.py
[2025-07-28T22:47:37.334+0000] {processor.py:753} INFO - DAG(s) dict_keys(['example_skip_dag']) retrieved from /home/airflow/.local/lib/python3.7/site-packages/airflow/example_dags/example_skip_dag.py
[2025-07-28T22:47:37.375+0000] {logging_mixin.py:137} INFO - [2025-07-28T22:47:37.375+0000] {dag.py:2690} INFO - Sync 1 DAGs
[2025-07-28T22:47:37.419+0000] {logging_mixin.py:137} INFO - [2025-07-28T22:47:37.419+0000] {dag.py:3441} INFO - Setting next_dagrun for example_skip_dag to 2025-07-27T22:47:37.418902+00:00, run_after=2025-07-28T22:47:37.418902+00:00
[2025-07-28T22:47:37.453+0000] {processor.py:175} INFO - Processing /home/airflow/.local/lib/python3.7/site-packages/airflow/example_dags/example_skip_dag.py took 0.162 seconds
[2025-07-28T22:48:07.953+0000] {processor.py:153} INFO - Started process (PID=407) to work on /home/airflow/.local/lib/python3.7/site-packages/airflow/example_dags/example_skip_dag.py
[2025-07-28T22:48:07.957+0000] {processor.py:743} INFO - Processing file /home/airflow/.local/lib/python3.7/site-packages/airflow/example_dags/example_skip_dag.py for tasks to queue
[2025-07-28T22:48:07.961+0000] {logging_mixin.py:137} INFO - [2025-07-28T22:48:07.960+0000] {dagbag.py:538} INFO - Filling up the DagBag from /home/airflow/.local/lib/python3.7/site-packages/airflow/example_dags/example_skip_dag.py
[2025-07-28T22:48:07.987+0000] {processor.py:753} INFO - DAG(s) dict_keys(['example_skip_dag']) retrieved from /home/airflow/.local/lib/python3.7/site-packages/airflow/example_dags/example_skip_dag.py
[2025-07-28T22:48:08.045+0000] {logging_mixin.py:137} INFO - [2025-07-28T22:48:08.045+0000] {dag.py:2690} INFO - Sync 1 DAGs
[2025-07-28T22:48:08.100+0000] {logging_mixin.py:137} INFO - [2025-07-28T22:48:08.100+0000] {dag.py:3441} INFO - Setting next_dagrun for example_skip_dag to 2025-07-27T22:48:08.100173+00:00, run_after=2025-07-28T22:48:08.100173+00:00
[2025-07-28T22:48:08.139+0000] {processor.py:175} INFO - Processing /home/airflow/.local/lib/python3.7/site-packages/airflow/example_dags/example_skip_dag.py took 0.191 seconds
[2025-07-28T22:48:38.395+0000] {processor.py:153} INFO - Started process (PID=477) to work on /home/airflow/.local/lib/python3.7/site-packages/airflow/example_dags/example_skip_dag.py
[2025-07-28T22:48:38.397+0000] {processor.py:743} INFO - Processing file /home/airflow/.local/lib/python3.7/site-packages/airflow/example_dags/example_skip_dag.py for tasks to queue
[2025-07-28T22:48:38.398+0000] {logging_mixin.py:137} INFO - [2025-07-28T22:48:38.398+0000] {dagbag.py:538} INFO - Filling up the DagBag from /home/airflow/.local/lib/python3.7/site-packages/airflow/example_dags/example_skip_dag.py
[2025-07-28T22:48:38.426+0000] {processor.py:753} INFO - DAG(s) dict_keys(['example_skip_dag']) retrieved from /home/airflow/.local/lib/python3.7/site-packages/airflow/example_dags/example_skip_dag.py
[2025-07-28T22:48:38.481+0000] {logging_mixin.py:137} INFO - [2025-07-28T22:48:38.480+0000] {dag.py:2690} INFO - Sync 1 DAGs
[2025-07-28T22:48:38.528+0000] {logging_mixin.py:137} INFO - [2025-07-28T22:48:38.528+0000] {dag.py:3441} INFO - Setting next_dagrun for example_skip_dag to 2025-07-27T22:48:38.527839+00:00, run_after=2025-07-28T22:48:38.527839+00:00
[2025-07-28T22:48:38.562+0000] {processor.py:175} INFO - Processing /home/airflow/.local/lib/python3.7/site-packages/airflow/example_dags/example_skip_dag.py took 0.178 seconds
[2025-07-28T22:49:08.846+0000] {processor.py:153} INFO - Started process (PID=564) to work on /home/airflow/.local/lib/python3.7/site-packages/airflow/example_dags/example_skip_dag.py
[2025-07-28T22:49:08.849+0000] {processor.py:743} INFO - Processing file /home/airflow/.local/lib/python3.7/site-packages/airflow/example_dags/example_skip_dag.py for tasks to queue
[2025-07-28T22:49:08.851+0000] {logging_mixin.py:137} INFO - [2025-07-28T22:49:08.851+0000] {dagbag.py:538} INFO - Filling up the DagBag from /home/airflow/.local/lib/python3.7/site-packages/airflow/example_dags/example_skip_dag.py
[2025-07-28T22:49:08.876+0000] {processor.py:753} INFO - DAG(s) dict_keys(['example_skip_dag']) retrieved from /home/airflow/.local/lib/python3.7/site-packages/airflow/example_dags/example_skip_dag.py
[2025-07-28T22:49:08.923+0000] {logging_mixin.py:137} INFO - [2025-07-28T22:49:08.923+0000] {dag.py:2690} INFO - Sync 1 DAGs
[2025-07-28T22:49:08.965+0000] {logging_mixin.py:137} INFO - [2025-07-28T22:49:08.965+0000] {dag.py:3441} INFO - Setting next_dagrun for example_skip_dag to 2025-07-27T22:49:08.964953+00:00, run_after=2025-07-28T22:49:08.964953+00:00
[2025-07-28T22:49:09.012+0000] {processor.py:175} INFO - Processing /home/airflow/.local/lib/python3.7/site-packages/airflow/example_dags/example_skip_dag.py took 0.171 seconds
[2025-07-28T22:49:39.167+0000] {processor.py:153} INFO - Started process (PID=635) to work on /home/airflow/.local/lib/python3.7/site-packages/airflow/example_dags/example_skip_dag.py
[2025-07-28T22:49:39.168+0000] {processor.py:743} INFO - Processing file /home/airflow/.local/lib/python3.7/site-packages/airflow/example_dags/example_skip_dag.py for tasks to queue
[2025-07-28T22:49:39.169+0000] {logging_mixin.py:137} INFO - [2025-07-28T22:49:39.169+0000] {dagbag.py:538} INFO - Filling up the DagBag from /home/airflow/.local/lib/python3.7/site-packages/airflow/example_dags/example_skip_dag.py
[2025-07-28T22:49:39.191+0000] {processor.py:753} INFO - DAG(s) dict_keys(['example_skip_dag']) retrieved from /home/airflow/.local/lib/python3.7/site-packages/airflow/example_dags/example_skip_dag.py
[2025-07-28T22:49:39.227+0000] {logging_mixin.py:137} INFO - [2025-07-28T22:49:39.226+0000] {dag.py:2690} INFO - Sync 1 DAGs
[2025-07-28T22:49:39.261+0000] {logging_mixin.py:137} INFO - [2025-07-28T22:49:39.261+0000] {dag.py:3441} INFO - Setting next_dagrun for example_skip_dag to 2025-07-27T22:49:39.260916+00:00, run_after=2025-07-28T22:49:39.260916+00:00
[2025-07-28T22:49:39.294+0000] {processor.py:175} INFO - Processing /home/airflow/.local/lib/python3.7/site-packages/airflow/example_dags/example_skip_dag.py took 0.133 seconds
[2025-07-28T22:50:09.353+0000] {processor.py:153} INFO - Started process (PID=706) to work on /home/airflow/.local/lib/python3.7/site-packages/airflow/example_dags/example_skip_dag.py
[2025-07-28T22:50:09.356+0000] {processor.py:743} INFO - Processing file /home/airflow/.local/lib/python3.7/site-packages/airflow/example_dags/example_skip_dag.py for tasks to queue
[2025-07-28T22:50:09.357+0000] {logging_mixin.py:137} INFO - [2025-07-28T22:50:09.357+0000] {dagbag.py:538} INFO - Filling up the DagBag from /home/airflow/.local/lib/python3.7/site-packages/airflow/example_dags/example_skip_dag.py
[2025-07-28T22:50:09.374+0000] {processor.py:753} INFO - DAG(s) dict_keys(['example_skip_dag']) retrieved from /home/airflow/.local/lib/python3.7/site-packages/airflow/example_dags/example_skip_dag.py
[2025-07-28T22:50:09.409+0000] {logging_mixin.py:137} INFO - [2025-07-28T22:50:09.408+0000] {dag.py:2690} INFO - Sync 1 DAGs
[2025-07-28T22:50:09.440+0000] {logging_mixin.py:137} INFO - [2025-07-28T22:50:09.440+0000] {dag.py:3441} INFO - Setting next_dagrun for example_skip_dag to 2025-07-27T22:50:09.439653+00:00, run_after=2025-07-28T22:50:09.439653+00:00
[2025-07-28T22:50:09.474+0000] {processor.py:175} INFO - Processing /home/airflow/.local/lib/python3.7/site-packages/airflow/example_dags/example_skip_dag.py took 0.124 seconds
[2025-07-28T22:50:40.279+0000] {processor.py:153} INFO - Started process (PID=784) to work on /home/airflow/.local/lib/python3.7/site-packages/airflow/example_dags/example_skip_dag.py
[2025-07-28T22:50:40.280+0000] {processor.py:743} INFO - Processing file /home/airflow/.local/lib/python3.7/site-packages/airflow/example_dags/example_skip_dag.py for tasks to queue
[2025-07-28T22:50:40.281+0000] {logging_mixin.py:137} INFO - [2025-07-28T22:50:40.281+0000] {dagbag.py:538} INFO - Filling up the DagBag from /home/airflow/.local/lib/python3.7/site-packages/airflow/example_dags/example_skip_dag.py
[2025-07-28T22:50:40.301+0000] {processor.py:753} INFO - DAG(s) dict_keys(['example_skip_dag']) retrieved from /home/airflow/.local/lib/python3.7/site-packages/airflow/example_dags/example_skip_dag.py
[2025-07-28T22:50:40.337+0000] {logging_mixin.py:137} INFO - [2025-07-28T22:50:40.337+0000] {dag.py:2690} INFO - Sync 1 DAGs
[2025-07-28T22:50:40.379+0000] {logging_mixin.py:137} INFO - [2025-07-28T22:50:40.379+0000] {dag.py:3441} INFO - Setting next_dagrun for example_skip_dag to 2025-07-27T22:50:40.379170+00:00, run_after=2025-07-28T22:50:40.379170+00:00
[2025-07-28T22:50:40.429+0000] {processor.py:175} INFO - Processing /home/airflow/.local/lib/python3.7/site-packages/airflow/example_dags/example_skip_dag.py took 0.155 seconds
[2025-07-28T22:51:11.045+0000] {processor.py:153} INFO - Started process (PID=864) to work on /home/airflow/.local/lib/python3.7/site-packages/airflow/example_dags/example_skip_dag.py
[2025-07-28T22:51:11.046+0000] {processor.py:743} INFO - Processing file /home/airflow/.local/lib/python3.7/site-packages/airflow/example_dags/example_skip_dag.py for tasks to queue
[2025-07-28T22:51:11.047+0000] {logging_mixin.py:137} INFO - [2025-07-28T22:51:11.047+0000] {dagbag.py:538} INFO - Filling up the DagBag from /home/airflow/.local/lib/python3.7/site-packages/airflow/example_dags/example_skip_dag.py
[2025-07-28T22:51:11.062+0000] {processor.py:753} INFO - DAG(s) dict_keys(['example_skip_dag']) retrieved from /home/airflow/.local/lib/python3.7/site-packages/airflow/example_dags/example_skip_dag.py
[2025-07-28T22:51:11.093+0000] {logging_mixin.py:137} INFO - [2025-07-28T22:51:11.093+0000] {dag.py:2690} INFO - Sync 1 DAGs
[2025-07-28T22:51:11.119+0000] {logging_mixin.py:137} INFO - [2025-07-28T22:51:11.119+0000] {dag.py:3441} INFO - Setting next_dagrun for example_skip_dag to 2025-07-27T22:51:11.119521+00:00, run_after=2025-07-28T22:51:11.119521+00:00
[2025-07-28T22:51:11.145+0000] {processor.py:175} INFO - Processing /home/airflow/.local/lib/python3.7/site-packages/airflow/example_dags/example_skip_dag.py took 0.103 seconds
[2025-07-28T22:51:41.624+0000] {processor.py:153} INFO - Started process (PID=935) to work on /home/airflow/.local/lib/python3.7/site-packages/airflow/example_dags/example_skip_dag.py
[2025-07-28T22:51:41.625+0000] {processor.py:743} INFO - Processing file /home/airflow/.local/lib/python3.7/site-packages/airflow/example_dags/example_skip_dag.py for tasks to queue
[2025-07-28T22:51:41.626+0000] {logging_mixin.py:137} INFO - [2025-07-28T22:51:41.626+0000] {dagbag.py:538} INFO - Filling up the DagBag from /home/airflow/.local/lib/python3.7/site-packages/airflow/example_dags/example_skip_dag.py
[2025-07-28T22:51:41.643+0000] {processor.py:753} INFO - DAG(s) dict_keys(['example_skip_dag']) retrieved from /home/airflow/.local/lib/python3.7/site-packages/airflow/example_dags/example_skip_dag.py
[2025-07-28T22:51:41.679+0000] {logging_mixin.py:137} INFO - [2025-07-28T22:51:41.679+0000] {dag.py:2690} INFO - Sync 1 DAGs
[2025-07-28T22:51:41.714+0000] {logging_mixin.py:137} INFO - [2025-07-28T22:51:41.714+0000] {dag.py:3441} INFO - Setting next_dagrun for example_skip_dag to 2025-07-27T22:51:41.713539+00:00, run_after=2025-07-28T22:51:41.713539+00:00
[2025-07-28T22:51:41.750+0000] {processor.py:175} INFO - Processing /home/airflow/.local/lib/python3.7/site-packages/airflow/example_dags/example_skip_dag.py took 0.131 seconds
[2025-07-28T22:52:12.113+0000] {processor.py:153} INFO - Started process (PID=1022) to work on /home/airflow/.local/lib/python3.7/site-packages/airflow/example_dags/example_skip_dag.py
[2025-07-28T22:52:12.115+0000] {processor.py:743} INFO - Processing file /home/airflow/.local/lib/python3.7/site-packages/airflow/example_dags/example_skip_dag.py for tasks to queue
[2025-07-28T22:52:12.117+0000] {logging_mixin.py:137} INFO - [2025-07-28T22:52:12.116+0000] {dagbag.py:538} INFO - Filling up the DagBag from /home/airflow/.local/lib/python3.7/site-packages/airflow/example_dags/example_skip_dag.py
[2025-07-28T22:52:12.147+0000] {processor.py:753} INFO - DAG(s) dict_keys(['example_skip_dag']) retrieved from /home/airflow/.local/lib/python3.7/site-packages/airflow/example_dags/example_skip_dag.py
[2025-07-28T22:52:12.183+0000] {logging_mixin.py:137} INFO - [2025-07-28T22:52:12.182+0000] {dag.py:2690} INFO - Sync 1 DAGs
[2025-07-28T22:52:12.212+0000] {logging_mixin.py:137} INFO - [2025-07-28T22:52:12.212+0000] {dag.py:3441} INFO - Setting next_dagrun for example_skip_dag to 2025-07-27T22:52:12.212283+00:00, run_after=2025-07-28T22:52:12.212283+00:00
[2025-07-28T22:52:12.246+0000] {processor.py:175} INFO - Processing /home/airflow/.local/lib/python3.7/site-packages/airflow/example_dags/example_skip_dag.py took 0.143 seconds
[2025-07-28T22:52:42.876+0000] {processor.py:153} INFO - Started process (PID=1093) to work on /home/airflow/.local/lib/python3.7/site-packages/airflow/example_dags/example_skip_dag.py
[2025-07-28T22:52:42.878+0000] {processor.py:743} INFO - Processing file /home/airflow/.local/lib/python3.7/site-packages/airflow/example_dags/example_skip_dag.py for tasks to queue
[2025-07-28T22:52:42.879+0000] {logging_mixin.py:137} INFO - [2025-07-28T22:52:42.879+0000] {dagbag.py:538} INFO - Filling up the DagBag from /home/airflow/.local/lib/python3.7/site-packages/airflow/example_dags/example_skip_dag.py
[2025-07-28T22:52:42.910+0000] {processor.py:753} INFO - DAG(s) dict_keys(['example_skip_dag']) retrieved from /home/airflow/.local/lib/python3.7/site-packages/airflow/example_dags/example_skip_dag.py
[2025-07-28T22:52:42.958+0000] {logging_mixin.py:137} INFO - [2025-07-28T22:52:42.957+0000] {dag.py:2690} INFO - Sync 1 DAGs
[2025-07-28T22:52:43.012+0000] {logging_mixin.py:137} INFO - [2025-07-28T22:52:43.012+0000] {dag.py:3441} INFO - Setting next_dagrun for example_skip_dag to 2025-07-27T22:52:43.012195+00:00, run_after=2025-07-28T22:52:43.012195+00:00
[2025-07-28T22:52:43.053+0000] {processor.py:175} INFO - Processing /home/airflow/.local/lib/python3.7/site-packages/airflow/example_dags/example_skip_dag.py took 0.184 seconds
[2025-07-28T22:53:13.512+0000] {processor.py:153} INFO - Started process (PID=1180) to work on /home/airflow/.local/lib/python3.7/site-packages/airflow/example_dags/example_skip_dag.py
[2025-07-28T22:53:13.514+0000] {processor.py:743} INFO - Processing file /home/airflow/.local/lib/python3.7/site-packages/airflow/example_dags/example_skip_dag.py for tasks to queue
[2025-07-28T22:53:13.515+0000] {logging_mixin.py:137} INFO - [2025-07-28T22:53:13.515+0000] {dagbag.py:538} INFO - Filling up the DagBag from /home/airflow/.local/lib/python3.7/site-packages/airflow/example_dags/example_skip_dag.py
[2025-07-28T22:53:13.535+0000] {processor.py:753} INFO - DAG(s) dict_keys(['example_skip_dag']) retrieved from /home/airflow/.local/lib/python3.7/site-packages/airflow/example_dags/example_skip_dag.py
[2025-07-28T22:53:13.576+0000] {logging_mixin.py:137} INFO - [2025-07-28T22:53:13.576+0000] {dag.py:2690} INFO - Sync 1 DAGs
[2025-07-28T22:53:13.620+0000] {logging_mixin.py:137} INFO - [2025-07-28T22:53:13.620+0000] {dag.py:3441} INFO - Setting next_dagrun for example_skip_dag to 2025-07-27T22:53:13.619854+00:00, run_after=2025-07-28T22:53:13.619854+00:00
[2025-07-28T22:53:13.664+0000] {processor.py:175} INFO - Processing /home/airflow/.local/lib/python3.7/site-packages/airflow/example_dags/example_skip_dag.py took 0.156 seconds
[2025-07-28T22:53:44.587+0000] {processor.py:153} INFO - Started process (PID=1251) to work on /home/airflow/.local/lib/python3.7/site-packages/airflow/example_dags/example_skip_dag.py
[2025-07-28T22:53:44.590+0000] {processor.py:743} INFO - Processing file /home/airflow/.local/lib/python3.7/site-packages/airflow/example_dags/example_skip_dag.py for tasks to queue
[2025-07-28T22:53:44.591+0000] {logging_mixin.py:137} INFO - [2025-07-28T22:53:44.591+0000] {dagbag.py:538} INFO - Filling up the DagBag from /home/airflow/.local/lib/python3.7/site-packages/airflow/example_dags/example_skip_dag.py
[2025-07-28T22:53:44.611+0000] {processor.py:753} INFO - DAG(s) dict_keys(['example_skip_dag']) retrieved from /home/airflow/.local/lib/python3.7/site-packages/airflow/example_dags/example_skip_dag.py
[2025-07-28T22:53:44.649+0000] {logging_mixin.py:137} INFO - [2025-07-28T22:53:44.649+0000] {dag.py:2690} INFO - Sync 1 DAGs
[2025-07-28T22:53:44.689+0000] {logging_mixin.py:137} INFO - [2025-07-28T22:53:44.688+0000] {dag.py:3441} INFO - Setting next_dagrun for example_skip_dag to 2025-07-27T22:53:44.688255+00:00, run_after=2025-07-28T22:53:44.688255+00:00
[2025-07-28T22:53:44.719+0000] {processor.py:175} INFO - Processing /home/airflow/.local/lib/python3.7/site-packages/airflow/example_dags/example_skip_dag.py took 0.135 seconds
[2025-07-28T22:54:15.732+0000] {processor.py:153} INFO - Started process (PID=1322) to work on /home/airflow/.local/lib/python3.7/site-packages/airflow/example_dags/example_skip_dag.py
[2025-07-28T22:54:15.740+0000] {processor.py:743} INFO - Processing file /home/airflow/.local/lib/python3.7/site-packages/airflow/example_dags/example_skip_dag.py for tasks to queue
[2025-07-28T22:54:15.744+0000] {logging_mixin.py:137} INFO - [2025-07-28T22:54:15.743+0000] {dagbag.py:538} INFO - Filling up the DagBag from /home/airflow/.local/lib/python3.7/site-packages/airflow/example_dags/example_skip_dag.py
[2025-07-28T22:54:15.806+0000] {processor.py:753} INFO - DAG(s) dict_keys(['example_skip_dag']) retrieved from /home/airflow/.local/lib/python3.7/site-packages/airflow/example_dags/example_skip_dag.py
[2025-07-28T22:54:15.959+0000] {logging_mixin.py:137} INFO - [2025-07-28T22:54:15.959+0000] {dag.py:2690} INFO - Sync 1 DAGs
[2025-07-28T22:54:16.115+0000] {logging_mixin.py:137} INFO - [2025-07-28T22:54:16.115+0000] {dag.py:3441} INFO - Setting next_dagrun for example_skip_dag to 2025-07-27T22:54:16.114134+00:00, run_after=2025-07-28T22:54:16.114134+00:00
[2025-07-28T22:54:16.311+0000] {processor.py:175} INFO - Processing /home/airflow/.local/lib/python3.7/site-packages/airflow/example_dags/example_skip_dag.py took 0.595 seconds
[2025-07-28T22:54:46.934+0000] {processor.py:153} INFO - Started process (PID=1393) to work on /home/airflow/.local/lib/python3.7/site-packages/airflow/example_dags/example_skip_dag.py
[2025-07-28T22:54:46.936+0000] {processor.py:743} INFO - Processing file /home/airflow/.local/lib/python3.7/site-packages/airflow/example_dags/example_skip_dag.py for tasks to queue
[2025-07-28T22:54:46.937+0000] {logging_mixin.py:137} INFO - [2025-07-28T22:54:46.937+0000] {dagbag.py:538} INFO - Filling up the DagBag from /home/airflow/.local/lib/python3.7/site-packages/airflow/example_dags/example_skip_dag.py
[2025-07-28T22:54:46.985+0000] {processor.py:753} INFO - DAG(s) dict_keys(['example_skip_dag']) retrieved from /home/airflow/.local/lib/python3.7/site-packages/airflow/example_dags/example_skip_dag.py
[2025-07-28T22:54:47.052+0000] {logging_mixin.py:137} INFO - [2025-07-28T22:54:47.051+0000] {dag.py:2690} INFO - Sync 1 DAGs
[2025-07-28T22:54:47.130+0000] {logging_mixin.py:137} INFO - [2025-07-28T22:54:47.130+0000] {dag.py:3441} INFO - Setting next_dagrun for example_skip_dag to 2025-07-27T22:54:47.129793+00:00, run_after=2025-07-28T22:54:47.129793+00:00
[2025-07-28T22:54:47.187+0000] {processor.py:175} INFO - Processing /home/airflow/.local/lib/python3.7/site-packages/airflow/example_dags/example_skip_dag.py took 0.262 seconds
[2025-07-28T22:55:17.589+0000] {processor.py:153} INFO - Started process (PID=1464) to work on /home/airflow/.local/lib/python3.7/site-packages/airflow/example_dags/example_skip_dag.py
[2025-07-28T22:55:17.591+0000] {processor.py:743} INFO - Processing file /home/airflow/.local/lib/python3.7/site-packages/airflow/example_dags/example_skip_dag.py for tasks to queue
[2025-07-28T22:55:17.592+0000] {logging_mixin.py:137} INFO - [2025-07-28T22:55:17.592+0000] {dagbag.py:538} INFO - Filling up the DagBag from /home/airflow/.local/lib/python3.7/site-packages/airflow/example_dags/example_skip_dag.py
[2025-07-28T22:55:17.609+0000] {processor.py:753} INFO - DAG(s) dict_keys(['example_skip_dag']) retrieved from /home/airflow/.local/lib/python3.7/site-packages/airflow/example_dags/example_skip_dag.py
[2025-07-28T22:55:17.644+0000] {logging_mixin.py:137} INFO - [2025-07-28T22:55:17.644+0000] {dag.py:2690} INFO - Sync 1 DAGs
[2025-07-28T22:55:17.677+0000] {logging_mixin.py:137} INFO - [2025-07-28T22:55:17.677+0000] {dag.py:3441} INFO - Setting next_dagrun for example_skip_dag to 2025-07-27T22:55:17.677284+00:00, run_after=2025-07-28T22:55:17.677284+00:00
[2025-07-28T22:55:17.707+0000] {processor.py:175} INFO - Processing /home/airflow/.local/lib/python3.7/site-packages/airflow/example_dags/example_skip_dag.py took 0.123 seconds
[2025-07-28T22:55:48.559+0000] {processor.py:153} INFO - Started process (PID=1545) to work on /home/airflow/.local/lib/python3.7/site-packages/airflow/example_dags/example_skip_dag.py
[2025-07-28T22:55:48.561+0000] {processor.py:743} INFO - Processing file /home/airflow/.local/lib/python3.7/site-packages/airflow/example_dags/example_skip_dag.py for tasks to queue
[2025-07-28T22:55:48.562+0000] {logging_mixin.py:137} INFO - [2025-07-28T22:55:48.562+0000] {dagbag.py:538} INFO - Filling up the DagBag from /home/airflow/.local/lib/python3.7/site-packages/airflow/example_dags/example_skip_dag.py
[2025-07-28T22:55:48.590+0000] {processor.py:753} INFO - DAG(s) dict_keys(['example_skip_dag']) retrieved from /home/airflow/.local/lib/python3.7/site-packages/airflow/example_dags/example_skip_dag.py
[2025-07-28T22:55:48.634+0000] {logging_mixin.py:137} INFO - [2025-07-28T22:55:48.633+0000] {dag.py:2690} INFO - Sync 1 DAGs
[2025-07-28T22:55:48.676+0000] {logging_mixin.py:137} INFO - [2025-07-28T22:55:48.676+0000] {dag.py:3441} INFO - Setting next_dagrun for example_skip_dag to 2025-07-27T22:55:48.676277+00:00, run_after=2025-07-28T22:55:48.676277+00:00
[2025-07-28T22:55:48.707+0000] {processor.py:175} INFO - Processing /home/airflow/.local/lib/python3.7/site-packages/airflow/example_dags/example_skip_dag.py took 0.156 seconds
[2025-07-28T22:56:18.943+0000] {processor.py:153} INFO - Started process (PID=1623) to work on /home/airflow/.local/lib/python3.7/site-packages/airflow/example_dags/example_skip_dag.py
[2025-07-28T22:56:18.947+0000] {processor.py:743} INFO - Processing file /home/airflow/.local/lib/python3.7/site-packages/airflow/example_dags/example_skip_dag.py for tasks to queue
[2025-07-28T22:56:18.949+0000] {logging_mixin.py:137} INFO - [2025-07-28T22:56:18.948+0000] {dagbag.py:538} INFO - Filling up the DagBag from /home/airflow/.local/lib/python3.7/site-packages/airflow/example_dags/example_skip_dag.py
[2025-07-28T22:56:19.009+0000] {processor.py:753} INFO - DAG(s) dict_keys(['example_skip_dag']) retrieved from /home/airflow/.local/lib/python3.7/site-packages/airflow/example_dags/example_skip_dag.py
[2025-07-28T22:56:19.137+0000] {logging_mixin.py:137} INFO - [2025-07-28T22:56:19.136+0000] {dag.py:2690} INFO - Sync 1 DAGs
[2025-07-28T22:56:19.322+0000] {logging_mixin.py:137} INFO - [2025-07-28T22:56:19.321+0000] {dag.py:3441} INFO - Setting next_dagrun for example_skip_dag to 2025-07-27T22:56:19.321303+00:00, run_after=2025-07-28T22:56:19.321303+00:00
[2025-07-28T22:56:19.406+0000] {processor.py:175} INFO - Processing /home/airflow/.local/lib/python3.7/site-packages/airflow/example_dags/example_skip_dag.py took 0.479 seconds
[2025-07-28T22:56:50.361+0000] {processor.py:153} INFO - Started process (PID=1695) to work on /home/airflow/.local/lib/python3.7/site-packages/airflow/example_dags/example_skip_dag.py
[2025-07-28T22:56:50.362+0000] {processor.py:743} INFO - Processing file /home/airflow/.local/lib/python3.7/site-packages/airflow/example_dags/example_skip_dag.py for tasks to queue
[2025-07-28T22:56:50.364+0000] {logging_mixin.py:137} INFO - [2025-07-28T22:56:50.363+0000] {dagbag.py:538} INFO - Filling up the DagBag from /home/airflow/.local/lib/python3.7/site-packages/airflow/example_dags/example_skip_dag.py
[2025-07-28T22:56:50.382+0000] {processor.py:753} INFO - DAG(s) dict_keys(['example_skip_dag']) retrieved from /home/airflow/.local/lib/python3.7/site-packages/airflow/example_dags/example_skip_dag.py
[2025-07-28T22:56:50.422+0000] {logging_mixin.py:137} INFO - [2025-07-28T22:56:50.422+0000] {dag.py:2690} INFO - Sync 1 DAGs
[2025-07-28T22:56:50.459+0000] {logging_mixin.py:137} INFO - [2025-07-28T22:56:50.458+0000] {dag.py:3441} INFO - Setting next_dagrun for example_skip_dag to 2025-07-27T22:56:50.457972+00:00, run_after=2025-07-28T22:56:50.457972+00:00
[2025-07-28T22:56:50.498+0000] {processor.py:175} INFO - Processing /home/airflow/.local/lib/python3.7/site-packages/airflow/example_dags/example_skip_dag.py took 0.143 seconds
[2025-07-28T22:57:20.703+0000] {processor.py:153} INFO - Started process (PID=1766) to work on /home/airflow/.local/lib/python3.7/site-packages/airflow/example_dags/example_skip_dag.py
[2025-07-28T22:57:20.705+0000] {processor.py:743} INFO - Processing file /home/airflow/.local/lib/python3.7/site-packages/airflow/example_dags/example_skip_dag.py for tasks to queue
[2025-07-28T22:57:20.706+0000] {logging_mixin.py:137} INFO - [2025-07-28T22:57:20.706+0000] {dagbag.py:538} INFO - Filling up the DagBag from /home/airflow/.local/lib/python3.7/site-packages/airflow/example_dags/example_skip_dag.py
[2025-07-28T22:57:20.724+0000] {processor.py:753} INFO - DAG(s) dict_keys(['example_skip_dag']) retrieved from /home/airflow/.local/lib/python3.7/site-packages/airflow/example_dags/example_skip_dag.py
[2025-07-28T22:57:20.761+0000] {logging_mixin.py:137} INFO - [2025-07-28T22:57:20.761+0000] {dag.py:2690} INFO - Sync 1 DAGs
[2025-07-28T22:57:20.792+0000] {logging_mixin.py:137} INFO - [2025-07-28T22:57:20.792+0000] {dag.py:3441} INFO - Setting next_dagrun for example_skip_dag to 2025-07-27T22:57:20.792113+00:00, run_after=2025-07-28T22:57:20.792113+00:00
[2025-07-28T22:57:20.828+0000] {processor.py:175} INFO - Processing /home/airflow/.local/lib/python3.7/site-packages/airflow/example_dags/example_skip_dag.py took 0.130 seconds
[2025-07-28T22:57:51.091+0000] {processor.py:153} INFO - Started process (PID=1837) to work on /home/airflow/.local/lib/python3.7/site-packages/airflow/example_dags/example_skip_dag.py
[2025-07-28T22:57:51.093+0000] {processor.py:743} INFO - Processing file /home/airflow/.local/lib/python3.7/site-packages/airflow/example_dags/example_skip_dag.py for tasks to queue
[2025-07-28T22:57:51.094+0000] {logging_mixin.py:137} INFO - [2025-07-28T22:57:51.094+0000] {dagbag.py:538} INFO - Filling up the DagBag from /home/airflow/.local/lib/python3.7/site-packages/airflow/example_dags/example_skip_dag.py
[2025-07-28T22:57:51.124+0000] {processor.py:753} INFO - DAG(s) dict_keys(['example_skip_dag']) retrieved from /home/airflow/.local/lib/python3.7/site-packages/airflow/example_dags/example_skip_dag.py
[2025-07-28T22:57:51.176+0000] {logging_mixin.py:137} INFO - [2025-07-28T22:57:51.176+0000] {dag.py:2690} INFO - Sync 1 DAGs
[2025-07-28T22:57:51.233+0000] {logging_mixin.py:137} INFO - [2025-07-28T22:57:51.232+0000] {dag.py:3441} INFO - Setting next_dagrun for example_skip_dag to 2025-07-27T22:57:51.231945+00:00, run_after=2025-07-28T22:57:51.231945+00:00
[2025-07-28T22:57:51.270+0000] {processor.py:175} INFO - Processing /home/airflow/.local/lib/python3.7/site-packages/airflow/example_dags/example_skip_dag.py took 0.186 seconds
[2025-07-28T22:58:22.039+0000] {processor.py:153} INFO - Started process (PID=1924) to work on /home/airflow/.local/lib/python3.7/site-packages/airflow/example_dags/example_skip_dag.py
[2025-07-28T22:58:22.040+0000] {processor.py:743} INFO - Processing file /home/airflow/.local/lib/python3.7/site-packages/airflow/example_dags/example_skip_dag.py for tasks to queue
[2025-07-28T22:58:22.041+0000] {logging_mixin.py:137} INFO - [2025-07-28T22:58:22.041+0000] {dagbag.py:538} INFO - Filling up the DagBag from /home/airflow/.local/lib/python3.7/site-packages/airflow/example_dags/example_skip_dag.py
[2025-07-28T22:58:22.070+0000] {processor.py:753} INFO - DAG(s) dict_keys(['example_skip_dag']) retrieved from /home/airflow/.local/lib/python3.7/site-packages/airflow/example_dags/example_skip_dag.py
[2025-07-28T22:58:22.129+0000] {logging_mixin.py:137} INFO - [2025-07-28T22:58:22.128+0000] {dag.py:2690} INFO - Sync 1 DAGs
[2025-07-28T22:58:22.173+0000] {logging_mixin.py:137} INFO - [2025-07-28T22:58:22.173+0000] {dag.py:3441} INFO - Setting next_dagrun for example_skip_dag to 2025-07-27T22:58:22.172768+00:00, run_after=2025-07-28T22:58:22.172768+00:00
[2025-07-28T22:58:22.217+0000] {processor.py:175} INFO - Processing /home/airflow/.local/lib/python3.7/site-packages/airflow/example_dags/example_skip_dag.py took 0.183 seconds
[2025-07-28T22:58:52.543+0000] {processor.py:153} INFO - Started process (PID=1995) to work on /home/airflow/.local/lib/python3.7/site-packages/airflow/example_dags/example_skip_dag.py
[2025-07-28T22:58:52.545+0000] {processor.py:743} INFO - Processing file /home/airflow/.local/lib/python3.7/site-packages/airflow/example_dags/example_skip_dag.py for tasks to queue
[2025-07-28T22:58:52.546+0000] {logging_mixin.py:137} INFO - [2025-07-28T22:58:52.546+0000] {dagbag.py:538} INFO - Filling up the DagBag from /home/airflow/.local/lib/python3.7/site-packages/airflow/example_dags/example_skip_dag.py
[2025-07-28T22:58:52.568+0000] {processor.py:753} INFO - DAG(s) dict_keys(['example_skip_dag']) retrieved from /home/airflow/.local/lib/python3.7/site-packages/airflow/example_dags/example_skip_dag.py
[2025-07-28T22:58:52.613+0000] {logging_mixin.py:137} INFO - [2025-07-28T22:58:52.613+0000] {dag.py:2690} INFO - Sync 1 DAGs
[2025-07-28T22:58:52.658+0000] {logging_mixin.py:137} INFO - [2025-07-28T22:58:52.657+0000] {dag.py:3441} INFO - Setting next_dagrun for example_skip_dag to 2025-07-27T22:58:52.656905+00:00, run_after=2025-07-28T22:58:52.656905+00:00
[2025-07-28T22:58:52.702+0000] {processor.py:175} INFO - Processing /home/airflow/.local/lib/python3.7/site-packages/airflow/example_dags/example_skip_dag.py took 0.165 seconds
[2025-07-28T22:59:22.905+0000] {processor.py:153} INFO - Started process (PID=2066) to work on /home/airflow/.local/lib/python3.7/site-packages/airflow/example_dags/example_skip_dag.py
[2025-07-28T22:59:22.907+0000] {processor.py:743} INFO - Processing file /home/airflow/.local/lib/python3.7/site-packages/airflow/example_dags/example_skip_dag.py for tasks to queue
[2025-07-28T22:59:22.908+0000] {logging_mixin.py:137} INFO - [2025-07-28T22:59:22.908+0000] {dagbag.py:538} INFO - Filling up the DagBag from /home/airflow/.local/lib/python3.7/site-packages/airflow/example_dags/example_skip_dag.py
[2025-07-28T22:59:22.930+0000] {processor.py:753} INFO - DAG(s) dict_keys(['example_skip_dag']) retrieved from /home/airflow/.local/lib/python3.7/site-packages/airflow/example_dags/example_skip_dag.py
[2025-07-28T22:59:22.968+0000] {logging_mixin.py:137} INFO - [2025-07-28T22:59:22.968+0000] {dag.py:2690} INFO - Sync 1 DAGs
[2025-07-28T22:59:22.998+0000] {logging_mixin.py:137} INFO - [2025-07-28T22:59:22.998+0000] {dag.py:3441} INFO - Setting next_dagrun for example_skip_dag to 2025-07-27T22:59:22.998168+00:00, run_after=2025-07-28T22:59:22.998168+00:00
[2025-07-28T22:59:23.024+0000] {processor.py:175} INFO - Processing /home/airflow/.local/lib/python3.7/site-packages/airflow/example_dags/example_skip_dag.py took 0.124 seconds
[2025-07-28T22:59:53.281+0000] {processor.py:153} INFO - Started process (PID=2154) to work on /home/airflow/.local/lib/python3.7/site-packages/airflow/example_dags/example_skip_dag.py
[2025-07-28T22:59:53.283+0000] {processor.py:743} INFO - Processing file /home/airflow/.local/lib/python3.7/site-packages/airflow/example_dags/example_skip_dag.py for tasks to queue
[2025-07-28T22:59:53.284+0000] {logging_mixin.py:137} INFO - [2025-07-28T22:59:53.284+0000] {dagbag.py:538} INFO - Filling up the DagBag from /home/airflow/.local/lib/python3.7/site-packages/airflow/example_dags/example_skip_dag.py
[2025-07-28T22:59:53.302+0000] {processor.py:753} INFO - DAG(s) dict_keys(['example_skip_dag']) retrieved from /home/airflow/.local/lib/python3.7/site-packages/airflow/example_dags/example_skip_dag.py
[2025-07-28T22:59:53.332+0000] {logging_mixin.py:137} INFO - [2025-07-28T22:59:53.332+0000] {dag.py:2690} INFO - Sync 1 DAGs
[2025-07-28T22:59:53.360+0000] {logging_mixin.py:137} INFO - [2025-07-28T22:59:53.359+0000] {dag.py:3441} INFO - Setting next_dagrun for example_skip_dag to 2025-07-27T22:59:53.359602+00:00, run_after=2025-07-28T22:59:53.359602+00:00
[2025-07-28T22:59:53.385+0000] {processor.py:175} INFO - Processing /home/airflow/.local/lib/python3.7/site-packages/airflow/example_dags/example_skip_dag.py took 0.107 seconds
[2025-07-28T23:00:24.425+0000] {processor.py:153} INFO - Started process (PID=2225) to work on /home/airflow/.local/lib/python3.7/site-packages/airflow/example_dags/example_skip_dag.py
[2025-07-28T23:00:24.426+0000] {processor.py:743} INFO - Processing file /home/airflow/.local/lib/python3.7/site-packages/airflow/example_dags/example_skip_dag.py for tasks to queue
[2025-07-28T23:00:24.427+0000] {logging_mixin.py:137} INFO - [2025-07-28T23:00:24.427+0000] {dagbag.py:538} INFO - Filling up the DagBag from /home/airflow/.local/lib/python3.7/site-packages/airflow/example_dags/example_skip_dag.py
[2025-07-28T23:00:24.441+0000] {processor.py:753} INFO - DAG(s) dict_keys(['example_skip_dag']) retrieved from /home/airflow/.local/lib/python3.7/site-packages/airflow/example_dags/example_skip_dag.py
[2025-07-28T23:00:24.471+0000] {logging_mixin.py:137} INFO - [2025-07-28T23:00:24.471+0000] {dag.py:2690} INFO - Sync 1 DAGs
[2025-07-28T23:00:24.498+0000] {logging_mixin.py:137} INFO - [2025-07-28T23:00:24.498+0000] {dag.py:3441} INFO - Setting next_dagrun for example_skip_dag to 2025-07-27T23:00:24.497754+00:00, run_after=2025-07-28T23:00:24.497754+00:00
[2025-07-28T23:00:24.533+0000] {processor.py:175} INFO - Processing /home/airflow/.local/lib/python3.7/site-packages/airflow/example_dags/example_skip_dag.py took 0.112 seconds
[2025-07-28T23:00:54.883+0000] {processor.py:153} INFO - Started process (PID=2312) to work on /home/airflow/.local/lib/python3.7/site-packages/airflow/example_dags/example_skip_dag.py
[2025-07-28T23:00:54.884+0000] {processor.py:743} INFO - Processing file /home/airflow/.local/lib/python3.7/site-packages/airflow/example_dags/example_skip_dag.py for tasks to queue
[2025-07-28T23:00:54.885+0000] {logging_mixin.py:137} INFO - [2025-07-28T23:00:54.885+0000] {dagbag.py:538} INFO - Filling up the DagBag from /home/airflow/.local/lib/python3.7/site-packages/airflow/example_dags/example_skip_dag.py
[2025-07-28T23:00:54.912+0000] {processor.py:753} INFO - DAG(s) dict_keys(['example_skip_dag']) retrieved from /home/airflow/.local/lib/python3.7/site-packages/airflow/example_dags/example_skip_dag.py
[2025-07-28T23:00:54.957+0000] {logging_mixin.py:137} INFO - [2025-07-28T23:00:54.957+0000] {dag.py:2690} INFO - Sync 1 DAGs
[2025-07-28T23:00:54.998+0000] {logging_mixin.py:137} INFO - [2025-07-28T23:00:54.998+0000] {dag.py:3441} INFO - Setting next_dagrun for example_skip_dag to 2025-07-27T23:00:54.998083+00:00, run_after=2025-07-28T23:00:54.998083+00:00
[2025-07-28T23:00:55.033+0000] {processor.py:175} INFO - Processing /home/airflow/.local/lib/python3.7/site-packages/airflow/example_dags/example_skip_dag.py took 0.155 seconds
[2025-07-28T23:01:25.329+0000] {processor.py:153} INFO - Started process (PID=2384) to work on /home/airflow/.local/lib/python3.7/site-packages/airflow/example_dags/example_skip_dag.py
[2025-07-28T23:01:25.331+0000] {processor.py:743} INFO - Processing file /home/airflow/.local/lib/python3.7/site-packages/airflow/example_dags/example_skip_dag.py for tasks to queue
[2025-07-28T23:01:25.332+0000] {logging_mixin.py:137} INFO - [2025-07-28T23:01:25.331+0000] {dagbag.py:538} INFO - Filling up the DagBag from /home/airflow/.local/lib/python3.7/site-packages/airflow/example_dags/example_skip_dag.py
[2025-07-28T23:01:25.352+0000] {processor.py:753} INFO - DAG(s) dict_keys(['example_skip_dag']) retrieved from /home/airflow/.local/lib/python3.7/site-packages/airflow/example_dags/example_skip_dag.py
[2025-07-28T23:01:25.393+0000] {logging_mixin.py:137} INFO - [2025-07-28T23:01:25.393+0000] {dag.py:2690} INFO - Sync 1 DAGs
[2025-07-28T23:01:25.425+0000] {logging_mixin.py:137} INFO - [2025-07-28T23:01:25.425+0000] {dag.py:3441} INFO - Setting next_dagrun for example_skip_dag to 2025-07-27T23:01:25.424702+00:00, run_after=2025-07-28T23:01:25.424702+00:00
[2025-07-28T23:01:25.450+0000] {processor.py:175} INFO - Processing /home/airflow/.local/lib/python3.7/site-packages/airflow/example_dags/example_skip_dag.py took 0.126 seconds
[2025-07-28T23:01:55.649+0000] {processor.py:153} INFO - Started process (PID=2455) to work on /home/airflow/.local/lib/python3.7/site-packages/airflow/example_dags/example_skip_dag.py
[2025-07-28T23:01:55.650+0000] {processor.py:743} INFO - Processing file /home/airflow/.local/lib/python3.7/site-packages/airflow/example_dags/example_skip_dag.py for tasks to queue
[2025-07-28T23:01:55.652+0000] {logging_mixin.py:137} INFO - [2025-07-28T23:01:55.652+0000] {dagbag.py:538} INFO - Filling up the DagBag from /home/airflow/.local/lib/python3.7/site-packages/airflow/example_dags/example_skip_dag.py
[2025-07-28T23:01:55.683+0000] {processor.py:753} INFO - DAG(s) dict_keys(['example_skip_dag']) retrieved from /home/airflow/.local/lib/python3.7/site-packages/airflow/example_dags/example_skip_dag.py
[2025-07-28T23:01:55.748+0000] {logging_mixin.py:137} INFO - [2025-07-28T23:01:55.748+0000] {dag.py:2690} INFO - Sync 1 DAGs
[2025-07-28T23:01:55.807+0000] {logging_mixin.py:137} INFO - [2025-07-28T23:01:55.807+0000] {dag.py:3441} INFO - Setting next_dagrun for example_skip_dag to 2025-07-27T23:01:55.806746+00:00, run_after=2025-07-28T23:01:55.806746+00:00
[2025-07-28T23:01:55.852+0000] {processor.py:175} INFO - Processing /home/airflow/.local/lib/python3.7/site-packages/airflow/example_dags/example_skip_dag.py took 0.209 seconds
[2025-07-28T23:02:26.733+0000] {processor.py:153} INFO - Started process (PID=2542) to work on /home/airflow/.local/lib/python3.7/site-packages/airflow/example_dags/example_skip_dag.py
[2025-07-28T23:02:26.736+0000] {processor.py:743} INFO - Processing file /home/airflow/.local/lib/python3.7/site-packages/airflow/example_dags/example_skip_dag.py for tasks to queue
[2025-07-28T23:02:26.738+0000] {logging_mixin.py:137} INFO - [2025-07-28T23:02:26.738+0000] {dagbag.py:538} INFO - Filling up the DagBag from /home/airflow/.local/lib/python3.7/site-packages/airflow/example_dags/example_skip_dag.py
[2025-07-28T23:02:26.758+0000] {processor.py:753} INFO - DAG(s) dict_keys(['example_skip_dag']) retrieved from /home/airflow/.local/lib/python3.7/site-packages/airflow/example_dags/example_skip_dag.py
[2025-07-28T23:02:26.776+0000] {logging_mixin.py:137} INFO - [2025-07-28T23:02:26.776+0000] {dag.py:2690} INFO - Sync 1 DAGs
[2025-07-28T23:02:26.810+0000] {logging_mixin.py:137} INFO - [2025-07-28T23:02:26.810+0000] {dag.py:3441} INFO - Setting next_dagrun for example_skip_dag to 2025-07-27T23:02:26.810041+00:00, run_after=2025-07-28T23:02:26.810041+00:00
[2025-07-28T23:02:26.840+0000] {processor.py:175} INFO - Processing /home/airflow/.local/lib/python3.7/site-packages/airflow/example_dags/example_skip_dag.py took 0.112 seconds
[2025-07-28T23:02:57.367+0000] {processor.py:153} INFO - Started process (PID=2612) to work on /home/airflow/.local/lib/python3.7/site-packages/airflow/example_dags/example_skip_dag.py
[2025-07-28T23:02:57.369+0000] {processor.py:743} INFO - Processing file /home/airflow/.local/lib/python3.7/site-packages/airflow/example_dags/example_skip_dag.py for tasks to queue
[2025-07-28T23:02:57.370+0000] {logging_mixin.py:137} INFO - [2025-07-28T23:02:57.370+0000] {dagbag.py:538} INFO - Filling up the DagBag from /home/airflow/.local/lib/python3.7/site-packages/airflow/example_dags/example_skip_dag.py
[2025-07-28T23:02:57.415+0000] {processor.py:753} INFO - DAG(s) dict_keys(['example_skip_dag']) retrieved from /home/airflow/.local/lib/python3.7/site-packages/airflow/example_dags/example_skip_dag.py
[2025-07-28T23:02:57.441+0000] {logging_mixin.py:137} INFO - [2025-07-28T23:02:57.440+0000] {dag.py:2690} INFO - Sync 1 DAGs
[2025-07-28T23:02:57.521+0000] {logging_mixin.py:137} INFO - [2025-07-28T23:02:57.521+0000] {dag.py:3441} INFO - Setting next_dagrun for example_skip_dag to 2025-07-27T23:02:57.521105+00:00, run_after=2025-07-28T23:02:57.521105+00:00
[2025-07-28T23:02:57.579+0000] {processor.py:175} INFO - Processing /home/airflow/.local/lib/python3.7/site-packages/airflow/example_dags/example_skip_dag.py took 0.223 seconds
[2025-07-28T23:03:27.952+0000] {processor.py:153} INFO - Started process (PID=2690) to work on /home/airflow/.local/lib/python3.7/site-packages/airflow/example_dags/example_skip_dag.py
[2025-07-28T23:03:27.954+0000] {processor.py:743} INFO - Processing file /home/airflow/.local/lib/python3.7/site-packages/airflow/example_dags/example_skip_dag.py for tasks to queue
[2025-07-28T23:03:27.956+0000] {logging_mixin.py:137} INFO - [2025-07-28T23:03:27.955+0000] {dagbag.py:538} INFO - Filling up the DagBag from /home/airflow/.local/lib/python3.7/site-packages/airflow/example_dags/example_skip_dag.py
[2025-07-28T23:03:27.987+0000] {processor.py:753} INFO - DAG(s) dict_keys(['example_skip_dag']) retrieved from /home/airflow/.local/lib/python3.7/site-packages/airflow/example_dags/example_skip_dag.py
[2025-07-28T23:03:28.035+0000] {logging_mixin.py:137} INFO - [2025-07-28T23:03:28.035+0000] {dag.py:2690} INFO - Sync 1 DAGs
[2025-07-28T23:03:28.240+0000] {logging_mixin.py:137} INFO - [2025-07-28T23:03:28.239+0000] {dag.py:3441} INFO - Setting next_dagrun for example_skip_dag to 2025-07-27T23:03:28.239331+00:00, run_after=2025-07-28T23:03:28.239331+00:00
[2025-07-28T23:03:28.283+0000] {processor.py:175} INFO - Processing /home/airflow/.local/lib/python3.7/site-packages/airflow/example_dags/example_skip_dag.py took 0.336 seconds
[2025-07-28T23:03:59.003+0000] {processor.py:153} INFO - Started process (PID=2770) to work on /home/airflow/.local/lib/python3.7/site-packages/airflow/example_dags/example_skip_dag.py
[2025-07-28T23:03:59.009+0000] {processor.py:743} INFO - Processing file /home/airflow/.local/lib/python3.7/site-packages/airflow/example_dags/example_skip_dag.py for tasks to queue
[2025-07-28T23:03:59.011+0000] {logging_mixin.py:137} INFO - [2025-07-28T23:03:59.011+0000] {dagbag.py:538} INFO - Filling up the DagBag from /home/airflow/.local/lib/python3.7/site-packages/airflow/example_dags/example_skip_dag.py
[2025-07-28T23:03:59.044+0000] {processor.py:753} INFO - DAG(s) dict_keys(['example_skip_dag']) retrieved from /home/airflow/.local/lib/python3.7/site-packages/airflow/example_dags/example_skip_dag.py
[2025-07-28T23:03:59.103+0000] {logging_mixin.py:137} INFO - [2025-07-28T23:03:59.103+0000] {dag.py:2690} INFO - Sync 1 DAGs
[2025-07-28T23:03:59.165+0000] {logging_mixin.py:137} INFO - [2025-07-28T23:03:59.165+0000] {dag.py:3441} INFO - Setting next_dagrun for example_skip_dag to 2025-07-27T23:03:59.164538+00:00, run_after=2025-07-28T23:03:59.164538+00:00
[2025-07-28T23:03:59.206+0000] {processor.py:175} INFO - Processing /home/airflow/.local/lib/python3.7/site-packages/airflow/example_dags/example_skip_dag.py took 0.209 seconds
[2025-07-28T23:04:29.354+0000] {processor.py:153} INFO - Started process (PID=2841) to work on /home/airflow/.local/lib/python3.7/site-packages/airflow/example_dags/example_skip_dag.py
[2025-07-28T23:04:29.355+0000] {processor.py:743} INFO - Processing file /home/airflow/.local/lib/python3.7/site-packages/airflow/example_dags/example_skip_dag.py for tasks to queue
[2025-07-28T23:04:29.356+0000] {logging_mixin.py:137} INFO - [2025-07-28T23:04:29.356+0000] {dagbag.py:538} INFO - Filling up the DagBag from /home/airflow/.local/lib/python3.7/site-packages/airflow/example_dags/example_skip_dag.py
[2025-07-28T23:04:29.374+0000] {processor.py:753} INFO - DAG(s) dict_keys(['example_skip_dag']) retrieved from /home/airflow/.local/lib/python3.7/site-packages/airflow/example_dags/example_skip_dag.py
[2025-07-28T23:04:29.405+0000] {logging_mixin.py:137} INFO - [2025-07-28T23:04:29.404+0000] {dag.py:2690} INFO - Sync 1 DAGs
[2025-07-28T23:04:29.431+0000] {logging_mixin.py:137} INFO - [2025-07-28T23:04:29.431+0000] {dag.py:3441} INFO - Setting next_dagrun for example_skip_dag to 2025-07-27T23:04:29.431230+00:00, run_after=2025-07-28T23:04:29.431230+00:00
[2025-07-28T23:04:29.458+0000] {processor.py:175} INFO - Processing /home/airflow/.local/lib/python3.7/site-packages/airflow/example_dags/example_skip_dag.py took 0.108 seconds
[2025-07-28T23:04:59.647+0000] {processor.py:153} INFO - Started process (PID=2918) to work on /home/airflow/.local/lib/python3.7/site-packages/airflow/example_dags/example_skip_dag.py
[2025-07-28T23:04:59.648+0000] {processor.py:743} INFO - Processing file /home/airflow/.local/lib/python3.7/site-packages/airflow/example_dags/example_skip_dag.py for tasks to queue
[2025-07-28T23:04:59.649+0000] {logging_mixin.py:137} INFO - [2025-07-28T23:04:59.649+0000] {dagbag.py:538} INFO - Filling up the DagBag from /home/airflow/.local/lib/python3.7/site-packages/airflow/example_dags/example_skip_dag.py
[2025-07-28T23:04:59.679+0000] {processor.py:753} INFO - DAG(s) dict_keys(['example_skip_dag']) retrieved from /home/airflow/.local/lib/python3.7/site-packages/airflow/example_dags/example_skip_dag.py
[2025-07-28T23:04:59.726+0000] {logging_mixin.py:137} INFO - [2025-07-28T23:04:59.725+0000] {dag.py:2690} INFO - Sync 1 DAGs
[2025-07-28T23:04:59.761+0000] {logging_mixin.py:137} INFO - [2025-07-28T23:04:59.761+0000] {dag.py:3441} INFO - Setting next_dagrun for example_skip_dag to 2025-07-27T23:04:59.760799+00:00, run_after=2025-07-28T23:04:59.760799+00:00
[2025-07-28T23:04:59.805+0000] {processor.py:175} INFO - Processing /home/airflow/.local/lib/python3.7/site-packages/airflow/example_dags/example_skip_dag.py took 0.162 seconds
[2025-07-28T23:05:30.054+0000] {processor.py:153} INFO - Started process (PID=2998) to work on /home/airflow/.local/lib/python3.7/site-packages/airflow/example_dags/example_skip_dag.py
[2025-07-28T23:05:30.055+0000] {processor.py:743} INFO - Processing file /home/airflow/.local/lib/python3.7/site-packages/airflow/example_dags/example_skip_dag.py for tasks to queue
[2025-07-28T23:05:30.056+0000] {logging_mixin.py:137} INFO - [2025-07-28T23:05:30.056+0000] {dagbag.py:538} INFO - Filling up the DagBag from /home/airflow/.local/lib/python3.7/site-packages/airflow/example_dags/example_skip_dag.py
[2025-07-28T23:05:30.075+0000] {processor.py:753} INFO - DAG(s) dict_keys(['example_skip_dag']) retrieved from /home/airflow/.local/lib/python3.7/site-packages/airflow/example_dags/example_skip_dag.py
[2025-07-28T23:05:30.105+0000] {logging_mixin.py:137} INFO - [2025-07-28T23:05:30.104+0000] {dag.py:2690} INFO - Sync 1 DAGs
[2025-07-28T23:05:30.129+0000] {logging_mixin.py:137} INFO - [2025-07-28T23:05:30.129+0000] {dag.py:3441} INFO - Setting next_dagrun for example_skip_dag to 2025-07-27T23:05:30.129601+00:00, run_after=2025-07-28T23:05:30.129601+00:00
[2025-07-28T23:05:30.162+0000] {processor.py:175} INFO - Processing /home/airflow/.local/lib/python3.7/site-packages/airflow/example_dags/example_skip_dag.py took 0.111 seconds
[2025-07-28T23:06:00.917+0000] {processor.py:153} INFO - Started process (PID=3070) to work on /home/airflow/.local/lib/python3.7/site-packages/airflow/example_dags/example_skip_dag.py
[2025-07-28T23:06:00.918+0000] {processor.py:743} INFO - Processing file /home/airflow/.local/lib/python3.7/site-packages/airflow/example_dags/example_skip_dag.py for tasks to queue
[2025-07-28T23:06:00.919+0000] {logging_mixin.py:137} INFO - [2025-07-28T23:06:00.919+0000] {dagbag.py:538} INFO - Filling up the DagBag from /home/airflow/.local/lib/python3.7/site-packages/airflow/example_dags/example_skip_dag.py
[2025-07-28T23:06:00.934+0000] {processor.py:753} INFO - DAG(s) dict_keys(['example_skip_dag']) retrieved from /home/airflow/.local/lib/python3.7/site-packages/airflow/example_dags/example_skip_dag.py
[2025-07-28T23:06:00.963+0000] {logging_mixin.py:137} INFO - [2025-07-28T23:06:00.963+0000] {dag.py:2690} INFO - Sync 1 DAGs
[2025-07-28T23:06:00.987+0000] {logging_mixin.py:137} INFO - [2025-07-28T23:06:00.987+0000] {dag.py:3441} INFO - Setting next_dagrun for example_skip_dag to 2025-07-27T23:06:00.987403+00:00, run_after=2025-07-28T23:06:00.987403+00:00
[2025-07-28T23:06:01.010+0000] {processor.py:175} INFO - Processing /home/airflow/.local/lib/python3.7/site-packages/airflow/example_dags/example_skip_dag.py took 0.097 seconds
[2025-07-28T23:06:31.071+0000] {processor.py:153} INFO - Started process (PID=3158) to work on /home/airflow/.local/lib/python3.7/site-packages/airflow/example_dags/example_skip_dag.py
[2025-07-28T23:06:31.074+0000] {processor.py:743} INFO - Processing file /home/airflow/.local/lib/python3.7/site-packages/airflow/example_dags/example_skip_dag.py for tasks to queue
[2025-07-28T23:06:31.075+0000] {logging_mixin.py:137} INFO - [2025-07-28T23:06:31.075+0000] {dagbag.py:538} INFO - Filling up the DagBag from /home/airflow/.local/lib/python3.7/site-packages/airflow/example_dags/example_skip_dag.py
[2025-07-28T23:06:31.097+0000] {processor.py:753} INFO - DAG(s) dict_keys(['example_skip_dag']) retrieved from /home/airflow/.local/lib/python3.7/site-packages/airflow/example_dags/example_skip_dag.py
[2025-07-28T23:06:31.141+0000] {logging_mixin.py:137} INFO - [2025-07-28T23:06:31.141+0000] {dag.py:2690} INFO - Sync 1 DAGs
[2025-07-28T23:06:31.179+0000] {logging_mixin.py:137} INFO - [2025-07-28T23:06:31.178+0000] {dag.py:3441} INFO - Setting next_dagrun for example_skip_dag to 2025-07-27T23:06:31.178513+00:00, run_after=2025-07-28T23:06:31.178513+00:00
[2025-07-28T23:06:31.209+0000] {processor.py:175} INFO - Processing /home/airflow/.local/lib/python3.7/site-packages/airflow/example_dags/example_skip_dag.py took 0.144 seconds
