[2025-07-28T22:45:34.907+0000] {processor.py:153} INFO - Started process (PID=57) to work on /home/airflow/.local/lib/python3.7/site-packages/airflow/example_dags/tutorial_dag.py
[2025-07-28T22:45:34.909+0000] {processor.py:743} INFO - Processing file /home/airflow/.local/lib/python3.7/site-packages/airflow/example_dags/tutorial_dag.py for tasks to queue
[2025-07-28T22:45:34.910+0000] {logging_mixin.py:137} INFO - [2025-07-28T22:45:34.910+0000] {dagbag.py:538} INFO - Filling up the DagBag from /home/airflow/.local/lib/python3.7/site-packages/airflow/example_dags/tutorial_dag.py
[2025-07-28T22:45:34.933+0000] {processor.py:753} INFO - DAG(s) dict_keys(['tutorial_dag']) retrieved from /home/airflow/.local/lib/python3.7/site-packages/airflow/example_dags/tutorial_dag.py
[2025-07-28T22:45:35.151+0000] {logging_mixin.py:137} INFO - [2025-07-28T22:45:35.151+0000] {manager.py:504} INFO - Created Permission View: can delete on DAG:tutorial_dag
[2025-07-28T22:45:35.172+0000] {logging_mixin.py:137} INFO - [2025-07-28T22:45:35.172+0000] {manager.py:504} INFO - Created Permission View: can read on DAG:tutorial_dag
[2025-07-28T22:45:35.190+0000] {logging_mixin.py:137} INFO - [2025-07-28T22:45:35.189+0000] {manager.py:504} INFO - Created Permission View: can edit on DAG:tutorial_dag
[2025-07-28T22:45:35.191+0000] {logging_mixin.py:137} INFO - [2025-07-28T22:45:35.190+0000] {dag.py:2690} INFO - Sync 1 DAGs
[2025-07-28T22:45:35.213+0000] {logging_mixin.py:137} INFO - [2025-07-28T22:45:35.213+0000] {dag.py:2711} INFO - Creating ORM DAG for tutorial_dag
[2025-07-28T22:45:35.235+0000] {logging_mixin.py:137} INFO - [2025-07-28T22:45:35.234+0000] {dag.py:3441} INFO - Setting next_dagrun for tutorial_dag to None, run_after=None
[2025-07-28T22:45:35.269+0000] {processor.py:175} INFO - Processing /home/airflow/.local/lib/python3.7/site-packages/airflow/example_dags/tutorial_dag.py took 0.367 seconds
[2025-07-28T22:46:05.577+0000] {processor.py:153} INFO - Started process (PID=128) to work on /home/airflow/.local/lib/python3.7/site-packages/airflow/example_dags/tutorial_dag.py
[2025-07-28T22:46:05.579+0000] {processor.py:743} INFO - Processing file /home/airflow/.local/lib/python3.7/site-packages/airflow/example_dags/tutorial_dag.py for tasks to queue
[2025-07-28T22:46:05.580+0000] {logging_mixin.py:137} INFO - [2025-07-28T22:46:05.580+0000] {dagbag.py:538} INFO - Filling up the DagBag from /home/airflow/.local/lib/python3.7/site-packages/airflow/example_dags/tutorial_dag.py
[2025-07-28T22:46:05.603+0000] {processor.py:753} INFO - DAG(s) dict_keys(['tutorial_dag']) retrieved from /home/airflow/.local/lib/python3.7/site-packages/airflow/example_dags/tutorial_dag.py
[2025-07-28T22:46:05.628+0000] {logging_mixin.py:137} INFO - [2025-07-28T22:46:05.628+0000] {dag.py:2690} INFO - Sync 1 DAGs
[2025-07-28T22:46:05.669+0000] {logging_mixin.py:137} INFO - [2025-07-28T22:46:05.669+0000] {dag.py:3441} INFO - Setting next_dagrun for tutorial_dag to None, run_after=None
[2025-07-28T22:46:05.701+0000] {processor.py:175} INFO - Processing /home/airflow/.local/lib/python3.7/site-packages/airflow/example_dags/tutorial_dag.py took 0.129 seconds
[2025-07-28T22:46:36.454+0000] {processor.py:153} INFO - Started process (PID=198) to work on /home/airflow/.local/lib/python3.7/site-packages/airflow/example_dags/tutorial_dag.py
[2025-07-28T22:46:36.457+0000] {processor.py:743} INFO - Processing file /home/airflow/.local/lib/python3.7/site-packages/airflow/example_dags/tutorial_dag.py for tasks to queue
[2025-07-28T22:46:36.460+0000] {logging_mixin.py:137} INFO - [2025-07-28T22:46:36.460+0000] {dagbag.py:538} INFO - Filling up the DagBag from /home/airflow/.local/lib/python3.7/site-packages/airflow/example_dags/tutorial_dag.py
[2025-07-28T22:46:36.495+0000] {processor.py:753} INFO - DAG(s) dict_keys(['tutorial_dag']) retrieved from /home/airflow/.local/lib/python3.7/site-packages/airflow/example_dags/tutorial_dag.py
[2025-07-28T22:46:36.560+0000] {logging_mixin.py:137} INFO - [2025-07-28T22:46:36.560+0000] {dag.py:2690} INFO - Sync 1 DAGs
[2025-07-28T22:46:36.620+0000] {logging_mixin.py:137} INFO - [2025-07-28T22:46:36.620+0000] {dag.py:3441} INFO - Setting next_dagrun for tutorial_dag to None, run_after=None
[2025-07-28T22:46:36.665+0000] {processor.py:175} INFO - Processing /home/airflow/.local/lib/python3.7/site-packages/airflow/example_dags/tutorial_dag.py took 0.220 seconds
[2025-07-28T22:47:07.580+0000] {processor.py:153} INFO - Started process (PID=269) to work on /home/airflow/.local/lib/python3.7/site-packages/airflow/example_dags/tutorial_dag.py
[2025-07-28T22:47:07.582+0000] {processor.py:743} INFO - Processing file /home/airflow/.local/lib/python3.7/site-packages/airflow/example_dags/tutorial_dag.py for tasks to queue
[2025-07-28T22:47:07.584+0000] {logging_mixin.py:137} INFO - [2025-07-28T22:47:07.584+0000] {dagbag.py:538} INFO - Filling up the DagBag from /home/airflow/.local/lib/python3.7/site-packages/airflow/example_dags/tutorial_dag.py
[2025-07-28T22:47:07.610+0000] {processor.py:753} INFO - DAG(s) dict_keys(['tutorial_dag']) retrieved from /home/airflow/.local/lib/python3.7/site-packages/airflow/example_dags/tutorial_dag.py
[2025-07-28T22:47:07.670+0000] {logging_mixin.py:137} INFO - [2025-07-28T22:47:07.670+0000] {dag.py:2690} INFO - Sync 1 DAGs
[2025-07-28T22:47:07.736+0000] {logging_mixin.py:137} INFO - [2025-07-28T22:47:07.736+0000] {dag.py:3441} INFO - Setting next_dagrun for tutorial_dag to None, run_after=None
[2025-07-28T22:47:07.777+0000] {processor.py:175} INFO - Processing /home/airflow/.local/lib/python3.7/site-packages/airflow/example_dags/tutorial_dag.py took 0.204 seconds
[2025-07-28T22:47:38.070+0000] {processor.py:153} INFO - Started process (PID=340) to work on /home/airflow/.local/lib/python3.7/site-packages/airflow/example_dags/tutorial_dag.py
[2025-07-28T22:47:38.073+0000] {processor.py:743} INFO - Processing file /home/airflow/.local/lib/python3.7/site-packages/airflow/example_dags/tutorial_dag.py for tasks to queue
[2025-07-28T22:47:38.075+0000] {logging_mixin.py:137} INFO - [2025-07-28T22:47:38.075+0000] {dagbag.py:538} INFO - Filling up the DagBag from /home/airflow/.local/lib/python3.7/site-packages/airflow/example_dags/tutorial_dag.py
[2025-07-28T22:47:38.119+0000] {processor.py:753} INFO - DAG(s) dict_keys(['tutorial_dag']) retrieved from /home/airflow/.local/lib/python3.7/site-packages/airflow/example_dags/tutorial_dag.py
[2025-07-28T22:47:38.192+0000] {logging_mixin.py:137} INFO - [2025-07-28T22:47:38.192+0000] {dag.py:2690} INFO - Sync 1 DAGs
[2025-07-28T22:47:38.233+0000] {logging_mixin.py:137} INFO - [2025-07-28T22:47:38.233+0000] {dag.py:3441} INFO - Setting next_dagrun for tutorial_dag to None, run_after=None
[2025-07-28T22:47:38.264+0000] {processor.py:175} INFO - Processing /home/airflow/.local/lib/python3.7/site-packages/airflow/example_dags/tutorial_dag.py took 0.199 seconds
[2025-07-28T22:48:08.442+0000] {processor.py:153} INFO - Started process (PID=411) to work on /home/airflow/.local/lib/python3.7/site-packages/airflow/example_dags/tutorial_dag.py
[2025-07-28T22:48:08.444+0000] {processor.py:743} INFO - Processing file /home/airflow/.local/lib/python3.7/site-packages/airflow/example_dags/tutorial_dag.py for tasks to queue
[2025-07-28T22:48:08.445+0000] {logging_mixin.py:137} INFO - [2025-07-28T22:48:08.445+0000] {dagbag.py:538} INFO - Filling up the DagBag from /home/airflow/.local/lib/python3.7/site-packages/airflow/example_dags/tutorial_dag.py
[2025-07-28T22:48:08.461+0000] {processor.py:753} INFO - DAG(s) dict_keys(['tutorial_dag']) retrieved from /home/airflow/.local/lib/python3.7/site-packages/airflow/example_dags/tutorial_dag.py
[2025-07-28T22:48:08.494+0000] {logging_mixin.py:137} INFO - [2025-07-28T22:48:08.494+0000] {dag.py:2690} INFO - Sync 1 DAGs
[2025-07-28T22:48:08.520+0000] {logging_mixin.py:137} INFO - [2025-07-28T22:48:08.520+0000] {dag.py:3441} INFO - Setting next_dagrun for tutorial_dag to None, run_after=None
[2025-07-28T22:48:08.551+0000] {processor.py:175} INFO - Processing /home/airflow/.local/lib/python3.7/site-packages/airflow/example_dags/tutorial_dag.py took 0.114 seconds
[2025-07-28T22:48:39.051+0000] {processor.py:153} INFO - Started process (PID=488) to work on /home/airflow/.local/lib/python3.7/site-packages/airflow/example_dags/tutorial_dag.py
[2025-07-28T22:48:39.052+0000] {processor.py:743} INFO - Processing file /home/airflow/.local/lib/python3.7/site-packages/airflow/example_dags/tutorial_dag.py for tasks to queue
[2025-07-28T22:48:39.058+0000] {logging_mixin.py:137} INFO - [2025-07-28T22:48:39.058+0000] {dagbag.py:538} INFO - Filling up the DagBag from /home/airflow/.local/lib/python3.7/site-packages/airflow/example_dags/tutorial_dag.py
[2025-07-28T22:48:39.083+0000] {processor.py:753} INFO - DAG(s) dict_keys(['tutorial_dag']) retrieved from /home/airflow/.local/lib/python3.7/site-packages/airflow/example_dags/tutorial_dag.py
[2025-07-28T22:48:39.137+0000] {logging_mixin.py:137} INFO - [2025-07-28T22:48:39.137+0000] {dag.py:2690} INFO - Sync 1 DAGs
[2025-07-28T22:48:39.181+0000] {logging_mixin.py:137} INFO - [2025-07-28T22:48:39.181+0000] {dag.py:3441} INFO - Setting next_dagrun for tutorial_dag to None, run_after=None
[2025-07-28T22:48:39.220+0000] {processor.py:175} INFO - Processing /home/airflow/.local/lib/python3.7/site-packages/airflow/example_dags/tutorial_dag.py took 0.175 seconds
[2025-07-28T22:49:09.302+0000] {processor.py:153} INFO - Started process (PID=568) to work on /home/airflow/.local/lib/python3.7/site-packages/airflow/example_dags/tutorial_dag.py
[2025-07-28T22:49:09.306+0000] {processor.py:743} INFO - Processing file /home/airflow/.local/lib/python3.7/site-packages/airflow/example_dags/tutorial_dag.py for tasks to queue
[2025-07-28T22:49:09.310+0000] {logging_mixin.py:137} INFO - [2025-07-28T22:49:09.309+0000] {dagbag.py:538} INFO - Filling up the DagBag from /home/airflow/.local/lib/python3.7/site-packages/airflow/example_dags/tutorial_dag.py
[2025-07-28T22:49:09.331+0000] {processor.py:753} INFO - DAG(s) dict_keys(['tutorial_dag']) retrieved from /home/airflow/.local/lib/python3.7/site-packages/airflow/example_dags/tutorial_dag.py
[2025-07-28T22:49:09.406+0000] {logging_mixin.py:137} INFO - [2025-07-28T22:49:09.405+0000] {dag.py:2690} INFO - Sync 1 DAGs
[2025-07-28T22:49:09.468+0000] {logging_mixin.py:137} INFO - [2025-07-28T22:49:09.468+0000] {dag.py:3441} INFO - Setting next_dagrun for tutorial_dag to None, run_after=None
[2025-07-28T22:49:09.507+0000] {processor.py:175} INFO - Processing /home/airflow/.local/lib/python3.7/site-packages/airflow/example_dags/tutorial_dag.py took 0.213 seconds
[2025-07-28T22:49:40.364+0000] {processor.py:153} INFO - Started process (PID=639) to work on /home/airflow/.local/lib/python3.7/site-packages/airflow/example_dags/tutorial_dag.py
[2025-07-28T22:49:40.367+0000] {processor.py:743} INFO - Processing file /home/airflow/.local/lib/python3.7/site-packages/airflow/example_dags/tutorial_dag.py for tasks to queue
[2025-07-28T22:49:40.368+0000] {logging_mixin.py:137} INFO - [2025-07-28T22:49:40.368+0000] {dagbag.py:538} INFO - Filling up the DagBag from /home/airflow/.local/lib/python3.7/site-packages/airflow/example_dags/tutorial_dag.py
[2025-07-28T22:49:40.392+0000] {processor.py:753} INFO - DAG(s) dict_keys(['tutorial_dag']) retrieved from /home/airflow/.local/lib/python3.7/site-packages/airflow/example_dags/tutorial_dag.py
[2025-07-28T22:49:40.434+0000] {logging_mixin.py:137} INFO - [2025-07-28T22:49:40.434+0000] {dag.py:2690} INFO - Sync 1 DAGs
[2025-07-28T22:49:40.468+0000] {logging_mixin.py:137} INFO - [2025-07-28T22:49:40.468+0000] {dag.py:3441} INFO - Setting next_dagrun for tutorial_dag to None, run_after=None
[2025-07-28T22:49:40.494+0000] {processor.py:175} INFO - Processing /home/airflow/.local/lib/python3.7/site-packages/airflow/example_dags/tutorial_dag.py took 0.136 seconds
[2025-07-28T22:50:10.584+0000] {processor.py:153} INFO - Started process (PID=710) to work on /home/airflow/.local/lib/python3.7/site-packages/airflow/example_dags/tutorial_dag.py
[2025-07-28T22:50:10.585+0000] {processor.py:743} INFO - Processing file /home/airflow/.local/lib/python3.7/site-packages/airflow/example_dags/tutorial_dag.py for tasks to queue
[2025-07-28T22:50:10.586+0000] {logging_mixin.py:137} INFO - [2025-07-28T22:50:10.586+0000] {dagbag.py:538} INFO - Filling up the DagBag from /home/airflow/.local/lib/python3.7/site-packages/airflow/example_dags/tutorial_dag.py
[2025-07-28T22:50:10.607+0000] {processor.py:753} INFO - DAG(s) dict_keys(['tutorial_dag']) retrieved from /home/airflow/.local/lib/python3.7/site-packages/airflow/example_dags/tutorial_dag.py
[2025-07-28T22:50:10.646+0000] {logging_mixin.py:137} INFO - [2025-07-28T22:50:10.646+0000] {dag.py:2690} INFO - Sync 1 DAGs
[2025-07-28T22:50:10.682+0000] {logging_mixin.py:137} INFO - [2025-07-28T22:50:10.682+0000] {dag.py:3441} INFO - Setting next_dagrun for tutorial_dag to None, run_after=None
[2025-07-28T22:50:10.710+0000] {processor.py:175} INFO - Processing /home/airflow/.local/lib/python3.7/site-packages/airflow/example_dags/tutorial_dag.py took 0.129 seconds
[2025-07-28T22:50:41.867+0000] {processor.py:153} INFO - Started process (PID=797) to work on /home/airflow/.local/lib/python3.7/site-packages/airflow/example_dags/tutorial_dag.py
[2025-07-28T22:50:41.879+0000] {processor.py:743} INFO - Processing file /home/airflow/.local/lib/python3.7/site-packages/airflow/example_dags/tutorial_dag.py for tasks to queue
[2025-07-28T22:50:41.882+0000] {logging_mixin.py:137} INFO - [2025-07-28T22:50:41.882+0000] {dagbag.py:538} INFO - Filling up the DagBag from /home/airflow/.local/lib/python3.7/site-packages/airflow/example_dags/tutorial_dag.py
[2025-07-28T22:50:41.930+0000] {processor.py:753} INFO - DAG(s) dict_keys(['tutorial_dag']) retrieved from /home/airflow/.local/lib/python3.7/site-packages/airflow/example_dags/tutorial_dag.py
[2025-07-28T22:50:42.013+0000] {logging_mixin.py:137} INFO - [2025-07-28T22:50:42.012+0000] {dag.py:2690} INFO - Sync 1 DAGs
[2025-07-28T22:50:42.091+0000] {logging_mixin.py:137} INFO - [2025-07-28T22:50:42.087+0000] {dag.py:3441} INFO - Setting next_dagrun for tutorial_dag to None, run_after=None
[2025-07-28T22:50:42.164+0000] {processor.py:175} INFO - Processing /home/airflow/.local/lib/python3.7/site-packages/airflow/example_dags/tutorial_dag.py took 0.303 seconds
[2025-07-28T22:51:12.251+0000] {processor.py:153} INFO - Started process (PID=868) to work on /home/airflow/.local/lib/python3.7/site-packages/airflow/example_dags/tutorial_dag.py
[2025-07-28T22:51:12.252+0000] {processor.py:743} INFO - Processing file /home/airflow/.local/lib/python3.7/site-packages/airflow/example_dags/tutorial_dag.py for tasks to queue
[2025-07-28T22:51:12.253+0000] {logging_mixin.py:137} INFO - [2025-07-28T22:51:12.253+0000] {dagbag.py:538} INFO - Filling up the DagBag from /home/airflow/.local/lib/python3.7/site-packages/airflow/example_dags/tutorial_dag.py
[2025-07-28T22:51:12.266+0000] {processor.py:753} INFO - DAG(s) dict_keys(['tutorial_dag']) retrieved from /home/airflow/.local/lib/python3.7/site-packages/airflow/example_dags/tutorial_dag.py
[2025-07-28T22:51:12.295+0000] {logging_mixin.py:137} INFO - [2025-07-28T22:51:12.295+0000] {dag.py:2690} INFO - Sync 1 DAGs
[2025-07-28T22:51:12.319+0000] {logging_mixin.py:137} INFO - [2025-07-28T22:51:12.319+0000] {dag.py:3441} INFO - Setting next_dagrun for tutorial_dag to None, run_after=None
[2025-07-28T22:51:12.345+0000] {processor.py:175} INFO - Processing /home/airflow/.local/lib/python3.7/site-packages/airflow/example_dags/tutorial_dag.py took 0.098 seconds
[2025-07-28T22:51:42.887+0000] {processor.py:153} INFO - Started process (PID=939) to work on /home/airflow/.local/lib/python3.7/site-packages/airflow/example_dags/tutorial_dag.py
[2025-07-28T22:51:42.889+0000] {processor.py:743} INFO - Processing file /home/airflow/.local/lib/python3.7/site-packages/airflow/example_dags/tutorial_dag.py for tasks to queue
[2025-07-28T22:51:42.890+0000] {logging_mixin.py:137} INFO - [2025-07-28T22:51:42.890+0000] {dagbag.py:538} INFO - Filling up the DagBag from /home/airflow/.local/lib/python3.7/site-packages/airflow/example_dags/tutorial_dag.py
[2025-07-28T22:51:42.905+0000] {processor.py:753} INFO - DAG(s) dict_keys(['tutorial_dag']) retrieved from /home/airflow/.local/lib/python3.7/site-packages/airflow/example_dags/tutorial_dag.py
[2025-07-28T22:51:42.942+0000] {logging_mixin.py:137} INFO - [2025-07-28T22:51:42.942+0000] {dag.py:2690} INFO - Sync 1 DAGs
[2025-07-28T22:51:42.975+0000] {logging_mixin.py:137} INFO - [2025-07-28T22:51:42.975+0000] {dag.py:3441} INFO - Setting next_dagrun for tutorial_dag to None, run_after=None
[2025-07-28T22:51:43.001+0000] {processor.py:175} INFO - Processing /home/airflow/.local/lib/python3.7/site-packages/airflow/example_dags/tutorial_dag.py took 0.118 seconds
[2025-07-28T22:52:13.337+0000] {processor.py:153} INFO - Started process (PID=1026) to work on /home/airflow/.local/lib/python3.7/site-packages/airflow/example_dags/tutorial_dag.py
[2025-07-28T22:52:13.340+0000] {processor.py:743} INFO - Processing file /home/airflow/.local/lib/python3.7/site-packages/airflow/example_dags/tutorial_dag.py for tasks to queue
[2025-07-28T22:52:13.341+0000] {logging_mixin.py:137} INFO - [2025-07-28T22:52:13.341+0000] {dagbag.py:538} INFO - Filling up the DagBag from /home/airflow/.local/lib/python3.7/site-packages/airflow/example_dags/tutorial_dag.py
[2025-07-28T22:52:13.356+0000] {processor.py:753} INFO - DAG(s) dict_keys(['tutorial_dag']) retrieved from /home/airflow/.local/lib/python3.7/site-packages/airflow/example_dags/tutorial_dag.py
[2025-07-28T22:52:13.385+0000] {logging_mixin.py:137} INFO - [2025-07-28T22:52:13.384+0000] {dag.py:2690} INFO - Sync 1 DAGs
[2025-07-28T22:52:13.410+0000] {logging_mixin.py:137} INFO - [2025-07-28T22:52:13.409+0000] {dag.py:3441} INFO - Setting next_dagrun for tutorial_dag to None, run_after=None
[2025-07-28T22:52:13.431+0000] {processor.py:175} INFO - Processing /home/airflow/.local/lib/python3.7/site-packages/airflow/example_dags/tutorial_dag.py took 0.098 seconds
[2025-07-28T22:52:44.625+0000] {processor.py:153} INFO - Started process (PID=1097) to work on /home/airflow/.local/lib/python3.7/site-packages/airflow/example_dags/tutorial_dag.py
[2025-07-28T22:52:44.627+0000] {processor.py:743} INFO - Processing file /home/airflow/.local/lib/python3.7/site-packages/airflow/example_dags/tutorial_dag.py for tasks to queue
[2025-07-28T22:52:44.629+0000] {logging_mixin.py:137} INFO - [2025-07-28T22:52:44.629+0000] {dagbag.py:538} INFO - Filling up the DagBag from /home/airflow/.local/lib/python3.7/site-packages/airflow/example_dags/tutorial_dag.py
[2025-07-28T22:52:44.660+0000] {processor.py:753} INFO - DAG(s) dict_keys(['tutorial_dag']) retrieved from /home/airflow/.local/lib/python3.7/site-packages/airflow/example_dags/tutorial_dag.py
[2025-07-28T22:52:44.715+0000] {logging_mixin.py:137} INFO - [2025-07-28T22:52:44.714+0000] {dag.py:2690} INFO - Sync 1 DAGs
[2025-07-28T22:52:44.770+0000] {logging_mixin.py:137} INFO - [2025-07-28T22:52:44.770+0000] {dag.py:3441} INFO - Setting next_dagrun for tutorial_dag to None, run_after=None
[2025-07-28T22:52:44.824+0000] {processor.py:175} INFO - Processing /home/airflow/.local/lib/python3.7/site-packages/airflow/example_dags/tutorial_dag.py took 0.209 seconds
[2025-07-28T22:53:14.942+0000] {processor.py:153} INFO - Started process (PID=1184) to work on /home/airflow/.local/lib/python3.7/site-packages/airflow/example_dags/tutorial_dag.py
[2025-07-28T22:53:14.944+0000] {processor.py:743} INFO - Processing file /home/airflow/.local/lib/python3.7/site-packages/airflow/example_dags/tutorial_dag.py for tasks to queue
[2025-07-28T22:53:14.945+0000] {logging_mixin.py:137} INFO - [2025-07-28T22:53:14.945+0000] {dagbag.py:538} INFO - Filling up the DagBag from /home/airflow/.local/lib/python3.7/site-packages/airflow/example_dags/tutorial_dag.py
[2025-07-28T22:53:14.961+0000] {processor.py:753} INFO - DAG(s) dict_keys(['tutorial_dag']) retrieved from /home/airflow/.local/lib/python3.7/site-packages/airflow/example_dags/tutorial_dag.py
[2025-07-28T22:53:14.999+0000] {logging_mixin.py:137} INFO - [2025-07-28T22:53:14.998+0000] {dag.py:2690} INFO - Sync 1 DAGs
[2025-07-28T22:53:15.027+0000] {logging_mixin.py:137} INFO - [2025-07-28T22:53:15.027+0000] {dag.py:3441} INFO - Setting next_dagrun for tutorial_dag to None, run_after=None
[2025-07-28T22:53:15.054+0000] {processor.py:175} INFO - Processing /home/airflow/.local/lib/python3.7/site-packages/airflow/example_dags/tutorial_dag.py took 0.117 seconds
[2025-07-28T22:53:45.858+0000] {processor.py:153} INFO - Started process (PID=1255) to work on /home/airflow/.local/lib/python3.7/site-packages/airflow/example_dags/tutorial_dag.py
[2025-07-28T22:53:45.860+0000] {processor.py:743} INFO - Processing file /home/airflow/.local/lib/python3.7/site-packages/airflow/example_dags/tutorial_dag.py for tasks to queue
[2025-07-28T22:53:45.861+0000] {logging_mixin.py:137} INFO - [2025-07-28T22:53:45.861+0000] {dagbag.py:538} INFO - Filling up the DagBag from /home/airflow/.local/lib/python3.7/site-packages/airflow/example_dags/tutorial_dag.py
[2025-07-28T22:53:45.887+0000] {processor.py:753} INFO - DAG(s) dict_keys(['tutorial_dag']) retrieved from /home/airflow/.local/lib/python3.7/site-packages/airflow/example_dags/tutorial_dag.py
[2025-07-28T22:53:45.932+0000] {logging_mixin.py:137} INFO - [2025-07-28T22:53:45.932+0000] {dag.py:2690} INFO - Sync 1 DAGs
[2025-07-28T22:53:45.974+0000] {logging_mixin.py:137} INFO - [2025-07-28T22:53:45.974+0000] {dag.py:3441} INFO - Setting next_dagrun for tutorial_dag to None, run_after=None
[2025-07-28T22:53:46.000+0000] {processor.py:175} INFO - Processing /home/airflow/.local/lib/python3.7/site-packages/airflow/example_dags/tutorial_dag.py took 0.150 seconds
[2025-07-28T22:54:17.073+0000] {processor.py:153} INFO - Started process (PID=1326) to work on /home/airflow/.local/lib/python3.7/site-packages/airflow/example_dags/tutorial_dag.py
[2025-07-28T22:54:17.078+0000] {processor.py:743} INFO - Processing file /home/airflow/.local/lib/python3.7/site-packages/airflow/example_dags/tutorial_dag.py for tasks to queue
[2025-07-28T22:54:17.086+0000] {logging_mixin.py:137} INFO - [2025-07-28T22:54:17.086+0000] {dagbag.py:538} INFO - Filling up the DagBag from /home/airflow/.local/lib/python3.7/site-packages/airflow/example_dags/tutorial_dag.py
[2025-07-28T22:54:17.151+0000] {processor.py:753} INFO - DAG(s) dict_keys(['tutorial_dag']) retrieved from /home/airflow/.local/lib/python3.7/site-packages/airflow/example_dags/tutorial_dag.py
[2025-07-28T22:54:17.259+0000] {logging_mixin.py:137} INFO - [2025-07-28T22:54:17.259+0000] {dag.py:2690} INFO - Sync 1 DAGs
[2025-07-28T22:54:17.388+0000] {logging_mixin.py:137} INFO - [2025-07-28T22:54:17.388+0000] {dag.py:3441} INFO - Setting next_dagrun for tutorial_dag to None, run_after=None
[2025-07-28T22:54:17.462+0000] {processor.py:175} INFO - Processing /home/airflow/.local/lib/python3.7/site-packages/airflow/example_dags/tutorial_dag.py took 0.398 seconds
[2025-07-28T22:54:48.029+0000] {processor.py:153} INFO - Started process (PID=1397) to work on /home/airflow/.local/lib/python3.7/site-packages/airflow/example_dags/tutorial_dag.py
[2025-07-28T22:54:48.035+0000] {processor.py:743} INFO - Processing file /home/airflow/.local/lib/python3.7/site-packages/airflow/example_dags/tutorial_dag.py for tasks to queue
[2025-07-28T22:54:48.040+0000] {logging_mixin.py:137} INFO - [2025-07-28T22:54:48.038+0000] {dagbag.py:538} INFO - Filling up the DagBag from /home/airflow/.local/lib/python3.7/site-packages/airflow/example_dags/tutorial_dag.py
[2025-07-28T22:54:48.085+0000] {processor.py:753} INFO - DAG(s) dict_keys(['tutorial_dag']) retrieved from /home/airflow/.local/lib/python3.7/site-packages/airflow/example_dags/tutorial_dag.py
[2025-07-28T22:54:48.160+0000] {logging_mixin.py:137} INFO - [2025-07-28T22:54:48.159+0000] {dag.py:2690} INFO - Sync 1 DAGs
[2025-07-28T22:54:48.252+0000] {logging_mixin.py:137} INFO - [2025-07-28T22:54:48.251+0000] {dag.py:3441} INFO - Setting next_dagrun for tutorial_dag to None, run_after=None
[2025-07-28T22:54:48.332+0000] {processor.py:175} INFO - Processing /home/airflow/.local/lib/python3.7/site-packages/airflow/example_dags/tutorial_dag.py took 0.305 seconds
[2025-07-28T22:55:18.757+0000] {processor.py:153} INFO - Started process (PID=1468) to work on /home/airflow/.local/lib/python3.7/site-packages/airflow/example_dags/tutorial_dag.py
[2025-07-28T22:55:18.758+0000] {processor.py:743} INFO - Processing file /home/airflow/.local/lib/python3.7/site-packages/airflow/example_dags/tutorial_dag.py for tasks to queue
[2025-07-28T22:55:18.759+0000] {logging_mixin.py:137} INFO - [2025-07-28T22:55:18.758+0000] {dagbag.py:538} INFO - Filling up the DagBag from /home/airflow/.local/lib/python3.7/site-packages/airflow/example_dags/tutorial_dag.py
[2025-07-28T22:55:18.774+0000] {processor.py:753} INFO - DAG(s) dict_keys(['tutorial_dag']) retrieved from /home/airflow/.local/lib/python3.7/site-packages/airflow/example_dags/tutorial_dag.py
[2025-07-28T22:55:18.806+0000] {logging_mixin.py:137} INFO - [2025-07-28T22:55:18.806+0000] {dag.py:2690} INFO - Sync 1 DAGs
[2025-07-28T22:55:18.835+0000] {logging_mixin.py:137} INFO - [2025-07-28T22:55:18.834+0000] {dag.py:3441} INFO - Setting next_dagrun for tutorial_dag to None, run_after=None
[2025-07-28T22:55:18.861+0000] {processor.py:175} INFO - Processing /home/airflow/.local/lib/python3.7/site-packages/airflow/example_dags/tutorial_dag.py took 0.108 seconds
[2025-07-28T22:55:49.002+0000] {processor.py:153} INFO - Started process (PID=1556) to work on /home/airflow/.local/lib/python3.7/site-packages/airflow/example_dags/tutorial_dag.py
[2025-07-28T22:55:49.004+0000] {processor.py:743} INFO - Processing file /home/airflow/.local/lib/python3.7/site-packages/airflow/example_dags/tutorial_dag.py for tasks to queue
[2025-07-28T22:55:49.005+0000] {logging_mixin.py:137} INFO - [2025-07-28T22:55:49.005+0000] {dagbag.py:538} INFO - Filling up the DagBag from /home/airflow/.local/lib/python3.7/site-packages/airflow/example_dags/tutorial_dag.py
[2025-07-28T22:55:49.032+0000] {processor.py:753} INFO - DAG(s) dict_keys(['tutorial_dag']) retrieved from /home/airflow/.local/lib/python3.7/site-packages/airflow/example_dags/tutorial_dag.py
[2025-07-28T22:55:49.104+0000] {logging_mixin.py:137} INFO - [2025-07-28T22:55:49.104+0000] {dag.py:2690} INFO - Sync 1 DAGs
[2025-07-28T22:55:49.151+0000] {logging_mixin.py:137} INFO - [2025-07-28T22:55:49.151+0000] {dag.py:3441} INFO - Setting next_dagrun for tutorial_dag to None, run_after=None
[2025-07-28T22:55:49.186+0000] {processor.py:175} INFO - Processing /home/airflow/.local/lib/python3.7/site-packages/airflow/example_dags/tutorial_dag.py took 0.192 seconds
[2025-07-28T22:56:20.187+0000] {processor.py:153} INFO - Started process (PID=1627) to work on /home/airflow/.local/lib/python3.7/site-packages/airflow/example_dags/tutorial_dag.py
[2025-07-28T22:56:20.189+0000] {processor.py:743} INFO - Processing file /home/airflow/.local/lib/python3.7/site-packages/airflow/example_dags/tutorial_dag.py for tasks to queue
[2025-07-28T22:56:20.192+0000] {logging_mixin.py:137} INFO - [2025-07-28T22:56:20.191+0000] {dagbag.py:538} INFO - Filling up the DagBag from /home/airflow/.local/lib/python3.7/site-packages/airflow/example_dags/tutorial_dag.py
[2025-07-28T22:56:20.246+0000] {processor.py:753} INFO - DAG(s) dict_keys(['tutorial_dag']) retrieved from /home/airflow/.local/lib/python3.7/site-packages/airflow/example_dags/tutorial_dag.py
[2025-07-28T22:56:20.357+0000] {logging_mixin.py:137} INFO - [2025-07-28T22:56:20.356+0000] {dag.py:2690} INFO - Sync 1 DAGs
[2025-07-28T22:56:20.468+0000] {logging_mixin.py:137} INFO - [2025-07-28T22:56:20.468+0000] {dag.py:3441} INFO - Setting next_dagrun for tutorial_dag to None, run_after=None
[2025-07-28T22:56:20.531+0000] {processor.py:175} INFO - Processing /home/airflow/.local/lib/python3.7/site-packages/airflow/example_dags/tutorial_dag.py took 0.352 seconds
[2025-07-28T22:56:50.893+0000] {processor.py:153} INFO - Started process (PID=1699) to work on /home/airflow/.local/lib/python3.7/site-packages/airflow/example_dags/tutorial_dag.py
[2025-07-28T22:56:50.895+0000] {processor.py:743} INFO - Processing file /home/airflow/.local/lib/python3.7/site-packages/airflow/example_dags/tutorial_dag.py for tasks to queue
[2025-07-28T22:56:50.896+0000] {logging_mixin.py:137} INFO - [2025-07-28T22:56:50.896+0000] {dagbag.py:538} INFO - Filling up the DagBag from /home/airflow/.local/lib/python3.7/site-packages/airflow/example_dags/tutorial_dag.py
[2025-07-28T22:56:50.911+0000] {processor.py:753} INFO - DAG(s) dict_keys(['tutorial_dag']) retrieved from /home/airflow/.local/lib/python3.7/site-packages/airflow/example_dags/tutorial_dag.py
[2025-07-28T22:56:50.949+0000] {logging_mixin.py:137} INFO - [2025-07-28T22:56:50.949+0000] {dag.py:2690} INFO - Sync 1 DAGs
[2025-07-28T22:56:50.980+0000] {logging_mixin.py:137} INFO - [2025-07-28T22:56:50.980+0000] {dag.py:3441} INFO - Setting next_dagrun for tutorial_dag to None, run_after=None
[2025-07-28T22:56:51.006+0000] {processor.py:175} INFO - Processing /home/airflow/.local/lib/python3.7/site-packages/airflow/example_dags/tutorial_dag.py took 0.117 seconds
[2025-07-28T22:57:21.188+0000] {processor.py:153} INFO - Started process (PID=1770) to work on /home/airflow/.local/lib/python3.7/site-packages/airflow/example_dags/tutorial_dag.py
[2025-07-28T22:57:21.189+0000] {processor.py:743} INFO - Processing file /home/airflow/.local/lib/python3.7/site-packages/airflow/example_dags/tutorial_dag.py for tasks to queue
[2025-07-28T22:57:21.190+0000] {logging_mixin.py:137} INFO - [2025-07-28T22:57:21.190+0000] {dagbag.py:538} INFO - Filling up the DagBag from /home/airflow/.local/lib/python3.7/site-packages/airflow/example_dags/tutorial_dag.py
[2025-07-28T22:57:21.204+0000] {processor.py:753} INFO - DAG(s) dict_keys(['tutorial_dag']) retrieved from /home/airflow/.local/lib/python3.7/site-packages/airflow/example_dags/tutorial_dag.py
[2025-07-28T22:57:21.236+0000] {logging_mixin.py:137} INFO - [2025-07-28T22:57:21.235+0000] {dag.py:2690} INFO - Sync 1 DAGs
[2025-07-28T22:57:21.261+0000] {logging_mixin.py:137} INFO - [2025-07-28T22:57:21.261+0000] {dag.py:3441} INFO - Setting next_dagrun for tutorial_dag to None, run_after=None
[2025-07-28T22:57:21.282+0000] {processor.py:175} INFO - Processing /home/airflow/.local/lib/python3.7/site-packages/airflow/example_dags/tutorial_dag.py took 0.100 seconds
[2025-07-28T22:57:51.528+0000] {processor.py:153} INFO - Started process (PID=1841) to work on /home/airflow/.local/lib/python3.7/site-packages/airflow/example_dags/tutorial_dag.py
[2025-07-28T22:57:51.530+0000] {processor.py:743} INFO - Processing file /home/airflow/.local/lib/python3.7/site-packages/airflow/example_dags/tutorial_dag.py for tasks to queue
[2025-07-28T22:57:51.530+0000] {logging_mixin.py:137} INFO - [2025-07-28T22:57:51.530+0000] {dagbag.py:538} INFO - Filling up the DagBag from /home/airflow/.local/lib/python3.7/site-packages/airflow/example_dags/tutorial_dag.py
[2025-07-28T22:57:51.550+0000] {processor.py:753} INFO - DAG(s) dict_keys(['tutorial_dag']) retrieved from /home/airflow/.local/lib/python3.7/site-packages/airflow/example_dags/tutorial_dag.py
[2025-07-28T22:57:51.597+0000] {logging_mixin.py:137} INFO - [2025-07-28T22:57:51.597+0000] {dag.py:2690} INFO - Sync 1 DAGs
[2025-07-28T22:57:51.635+0000] {logging_mixin.py:137} INFO - [2025-07-28T22:57:51.635+0000] {dag.py:3441} INFO - Setting next_dagrun for tutorial_dag to None, run_after=None
[2025-07-28T22:57:51.662+0000] {processor.py:175} INFO - Processing /home/airflow/.local/lib/python3.7/site-packages/airflow/example_dags/tutorial_dag.py took 0.140 seconds
[2025-07-28T22:58:22.694+0000] {processor.py:153} INFO - Started process (PID=1928) to work on /home/airflow/.local/lib/python3.7/site-packages/airflow/example_dags/tutorial_dag.py
[2025-07-28T22:58:22.695+0000] {processor.py:743} INFO - Processing file /home/airflow/.local/lib/python3.7/site-packages/airflow/example_dags/tutorial_dag.py for tasks to queue
[2025-07-28T22:58:22.697+0000] {logging_mixin.py:137} INFO - [2025-07-28T22:58:22.697+0000] {dagbag.py:538} INFO - Filling up the DagBag from /home/airflow/.local/lib/python3.7/site-packages/airflow/example_dags/tutorial_dag.py
[2025-07-28T22:58:22.721+0000] {processor.py:753} INFO - DAG(s) dict_keys(['tutorial_dag']) retrieved from /home/airflow/.local/lib/python3.7/site-packages/airflow/example_dags/tutorial_dag.py
[2025-07-28T22:58:22.804+0000] {logging_mixin.py:137} INFO - [2025-07-28T22:58:22.804+0000] {dag.py:2690} INFO - Sync 1 DAGs
[2025-07-28T22:58:22.887+0000] {logging_mixin.py:137} INFO - [2025-07-28T22:58:22.886+0000] {dag.py:3441} INFO - Setting next_dagrun for tutorial_dag to None, run_after=None
[2025-07-28T22:58:22.945+0000] {processor.py:175} INFO - Processing /home/airflow/.local/lib/python3.7/site-packages/airflow/example_dags/tutorial_dag.py took 0.256 seconds
[2025-07-28T22:58:53.762+0000] {processor.py:153} INFO - Started process (PID=1999) to work on /home/airflow/.local/lib/python3.7/site-packages/airflow/example_dags/tutorial_dag.py
[2025-07-28T22:58:53.763+0000] {processor.py:743} INFO - Processing file /home/airflow/.local/lib/python3.7/site-packages/airflow/example_dags/tutorial_dag.py for tasks to queue
[2025-07-28T22:58:53.764+0000] {logging_mixin.py:137} INFO - [2025-07-28T22:58:53.764+0000] {dagbag.py:538} INFO - Filling up the DagBag from /home/airflow/.local/lib/python3.7/site-packages/airflow/example_dags/tutorial_dag.py
[2025-07-28T22:58:53.779+0000] {processor.py:753} INFO - DAG(s) dict_keys(['tutorial_dag']) retrieved from /home/airflow/.local/lib/python3.7/site-packages/airflow/example_dags/tutorial_dag.py
[2025-07-28T22:58:53.814+0000] {logging_mixin.py:137} INFO - [2025-07-28T22:58:53.814+0000] {dag.py:2690} INFO - Sync 1 DAGs
[2025-07-28T22:58:53.840+0000] {logging_mixin.py:137} INFO - [2025-07-28T22:58:53.840+0000] {dag.py:3441} INFO - Setting next_dagrun for tutorial_dag to None, run_after=None
[2025-07-28T22:58:53.865+0000] {processor.py:175} INFO - Processing /home/airflow/.local/lib/python3.7/site-packages/airflow/example_dags/tutorial_dag.py took 0.107 seconds
[2025-07-28T22:59:24.081+0000] {processor.py:153} INFO - Started process (PID=2070) to work on /home/airflow/.local/lib/python3.7/site-packages/airflow/example_dags/tutorial_dag.py
[2025-07-28T22:59:24.082+0000] {processor.py:743} INFO - Processing file /home/airflow/.local/lib/python3.7/site-packages/airflow/example_dags/tutorial_dag.py for tasks to queue
[2025-07-28T22:59:24.084+0000] {logging_mixin.py:137} INFO - [2025-07-28T22:59:24.083+0000] {dagbag.py:538} INFO - Filling up the DagBag from /home/airflow/.local/lib/python3.7/site-packages/airflow/example_dags/tutorial_dag.py
[2025-07-28T22:59:24.099+0000] {processor.py:753} INFO - DAG(s) dict_keys(['tutorial_dag']) retrieved from /home/airflow/.local/lib/python3.7/site-packages/airflow/example_dags/tutorial_dag.py
[2025-07-28T22:59:24.133+0000] {logging_mixin.py:137} INFO - [2025-07-28T22:59:24.133+0000] {dag.py:2690} INFO - Sync 1 DAGs
[2025-07-28T22:59:24.168+0000] {logging_mixin.py:137} INFO - [2025-07-28T22:59:24.168+0000] {dag.py:3441} INFO - Setting next_dagrun for tutorial_dag to None, run_after=None
[2025-07-28T22:59:24.199+0000] {processor.py:175} INFO - Processing /home/airflow/.local/lib/python3.7/site-packages/airflow/example_dags/tutorial_dag.py took 0.122 seconds
[2025-07-28T22:59:54.435+0000] {processor.py:153} INFO - Started process (PID=2158) to work on /home/airflow/.local/lib/python3.7/site-packages/airflow/example_dags/tutorial_dag.py
[2025-07-28T22:59:54.438+0000] {processor.py:743} INFO - Processing file /home/airflow/.local/lib/python3.7/site-packages/airflow/example_dags/tutorial_dag.py for tasks to queue
[2025-07-28T22:59:54.441+0000] {logging_mixin.py:137} INFO - [2025-07-28T22:59:54.440+0000] {dagbag.py:538} INFO - Filling up the DagBag from /home/airflow/.local/lib/python3.7/site-packages/airflow/example_dags/tutorial_dag.py
[2025-07-28T22:59:54.462+0000] {processor.py:753} INFO - DAG(s) dict_keys(['tutorial_dag']) retrieved from /home/airflow/.local/lib/python3.7/site-packages/airflow/example_dags/tutorial_dag.py
[2025-07-28T22:59:54.506+0000] {logging_mixin.py:137} INFO - [2025-07-28T22:59:54.504+0000] {dag.py:2690} INFO - Sync 1 DAGs
[2025-07-28T22:59:54.536+0000] {logging_mixin.py:137} INFO - [2025-07-28T22:59:54.536+0000] {dag.py:3441} INFO - Setting next_dagrun for tutorial_dag to None, run_after=None
[2025-07-28T22:59:54.585+0000] {processor.py:175} INFO - Processing /home/airflow/.local/lib/python3.7/site-packages/airflow/example_dags/tutorial_dag.py took 0.156 seconds
[2025-07-28T23:00:24.741+0000] {processor.py:153} INFO - Started process (PID=2229) to work on /home/airflow/.local/lib/python3.7/site-packages/airflow/example_dags/tutorial_dag.py
[2025-07-28T23:00:24.742+0000] {processor.py:743} INFO - Processing file /home/airflow/.local/lib/python3.7/site-packages/airflow/example_dags/tutorial_dag.py for tasks to queue
[2025-07-28T23:00:24.744+0000] {logging_mixin.py:137} INFO - [2025-07-28T23:00:24.743+0000] {dagbag.py:538} INFO - Filling up the DagBag from /home/airflow/.local/lib/python3.7/site-packages/airflow/example_dags/tutorial_dag.py
[2025-07-28T23:00:24.758+0000] {processor.py:753} INFO - DAG(s) dict_keys(['tutorial_dag']) retrieved from /home/airflow/.local/lib/python3.7/site-packages/airflow/example_dags/tutorial_dag.py
[2025-07-28T23:00:24.791+0000] {logging_mixin.py:137} INFO - [2025-07-28T23:00:24.791+0000] {dag.py:2690} INFO - Sync 1 DAGs
[2025-07-28T23:00:24.822+0000] {logging_mixin.py:137} INFO - [2025-07-28T23:00:24.822+0000] {dag.py:3441} INFO - Setting next_dagrun for tutorial_dag to None, run_after=None
[2025-07-28T23:00:24.852+0000] {processor.py:175} INFO - Processing /home/airflow/.local/lib/python3.7/site-packages/airflow/example_dags/tutorial_dag.py took 0.115 seconds
[2025-07-28T23:00:55.284+0000] {processor.py:153} INFO - Started process (PID=2316) to work on /home/airflow/.local/lib/python3.7/site-packages/airflow/example_dags/tutorial_dag.py
[2025-07-28T23:00:55.286+0000] {processor.py:743} INFO - Processing file /home/airflow/.local/lib/python3.7/site-packages/airflow/example_dags/tutorial_dag.py for tasks to queue
[2025-07-28T23:00:55.287+0000] {logging_mixin.py:137} INFO - [2025-07-28T23:00:55.287+0000] {dagbag.py:538} INFO - Filling up the DagBag from /home/airflow/.local/lib/python3.7/site-packages/airflow/example_dags/tutorial_dag.py
[2025-07-28T23:00:55.304+0000] {processor.py:753} INFO - DAG(s) dict_keys(['tutorial_dag']) retrieved from /home/airflow/.local/lib/python3.7/site-packages/airflow/example_dags/tutorial_dag.py
[2025-07-28T23:00:55.355+0000] {logging_mixin.py:137} INFO - [2025-07-28T23:00:55.354+0000] {dag.py:2690} INFO - Sync 1 DAGs
[2025-07-28T23:00:55.394+0000] {logging_mixin.py:137} INFO - [2025-07-28T23:00:55.394+0000] {dag.py:3441} INFO - Setting next_dagrun for tutorial_dag to None, run_after=None
[2025-07-28T23:00:55.437+0000] {processor.py:175} INFO - Processing /home/airflow/.local/lib/python3.7/site-packages/airflow/example_dags/tutorial_dag.py took 0.158 seconds
[2025-07-28T23:01:25.662+0000] {processor.py:153} INFO - Started process (PID=2388) to work on /home/airflow/.local/lib/python3.7/site-packages/airflow/example_dags/tutorial_dag.py
[2025-07-28T23:01:25.663+0000] {processor.py:743} INFO - Processing file /home/airflow/.local/lib/python3.7/site-packages/airflow/example_dags/tutorial_dag.py for tasks to queue
[2025-07-28T23:01:25.664+0000] {logging_mixin.py:137} INFO - [2025-07-28T23:01:25.664+0000] {dagbag.py:538} INFO - Filling up the DagBag from /home/airflow/.local/lib/python3.7/site-packages/airflow/example_dags/tutorial_dag.py
[2025-07-28T23:01:25.681+0000] {processor.py:753} INFO - DAG(s) dict_keys(['tutorial_dag']) retrieved from /home/airflow/.local/lib/python3.7/site-packages/airflow/example_dags/tutorial_dag.py
[2025-07-28T23:01:25.712+0000] {logging_mixin.py:137} INFO - [2025-07-28T23:01:25.712+0000] {dag.py:2690} INFO - Sync 1 DAGs
[2025-07-28T23:01:25.743+0000] {logging_mixin.py:137} INFO - [2025-07-28T23:01:25.743+0000] {dag.py:3441} INFO - Setting next_dagrun for tutorial_dag to None, run_after=None
[2025-07-28T23:01:25.774+0000] {processor.py:175} INFO - Processing /home/airflow/.local/lib/python3.7/site-packages/airflow/example_dags/tutorial_dag.py took 0.116 seconds
[2025-07-28T23:01:56.149+0000] {processor.py:153} INFO - Started process (PID=2459) to work on /home/airflow/.local/lib/python3.7/site-packages/airflow/example_dags/tutorial_dag.py
[2025-07-28T23:01:56.151+0000] {processor.py:743} INFO - Processing file /home/airflow/.local/lib/python3.7/site-packages/airflow/example_dags/tutorial_dag.py for tasks to queue
[2025-07-28T23:01:56.153+0000] {logging_mixin.py:137} INFO - [2025-07-28T23:01:56.153+0000] {dagbag.py:538} INFO - Filling up the DagBag from /home/airflow/.local/lib/python3.7/site-packages/airflow/example_dags/tutorial_dag.py
[2025-07-28T23:01:56.180+0000] {processor.py:753} INFO - DAG(s) dict_keys(['tutorial_dag']) retrieved from /home/airflow/.local/lib/python3.7/site-packages/airflow/example_dags/tutorial_dag.py
[2025-07-28T23:01:56.233+0000] {logging_mixin.py:137} INFO - [2025-07-28T23:01:56.233+0000] {dag.py:2690} INFO - Sync 1 DAGs
[2025-07-28T23:01:56.270+0000] {logging_mixin.py:137} INFO - [2025-07-28T23:01:56.270+0000] {dag.py:3441} INFO - Setting next_dagrun for tutorial_dag to None, run_after=None
[2025-07-28T23:01:56.298+0000] {processor.py:175} INFO - Processing /home/airflow/.local/lib/python3.7/site-packages/airflow/example_dags/tutorial_dag.py took 0.154 seconds
[2025-07-28T23:02:27.024+0000] {processor.py:153} INFO - Started process (PID=2546) to work on /home/airflow/.local/lib/python3.7/site-packages/airflow/example_dags/tutorial_dag.py
[2025-07-28T23:02:27.025+0000] {processor.py:743} INFO - Processing file /home/airflow/.local/lib/python3.7/site-packages/airflow/example_dags/tutorial_dag.py for tasks to queue
[2025-07-28T23:02:27.026+0000] {logging_mixin.py:137} INFO - [2025-07-28T23:02:27.026+0000] {dagbag.py:538} INFO - Filling up the DagBag from /home/airflow/.local/lib/python3.7/site-packages/airflow/example_dags/tutorial_dag.py
[2025-07-28T23:02:27.041+0000] {processor.py:753} INFO - DAG(s) dict_keys(['tutorial_dag']) retrieved from /home/airflow/.local/lib/python3.7/site-packages/airflow/example_dags/tutorial_dag.py
[2025-07-28T23:02:27.059+0000] {logging_mixin.py:137} INFO - [2025-07-28T23:02:27.059+0000] {dag.py:2690} INFO - Sync 1 DAGs
[2025-07-28T23:02:27.090+0000] {logging_mixin.py:137} INFO - [2025-07-28T23:02:27.090+0000] {dag.py:3441} INFO - Setting next_dagrun for tutorial_dag to None, run_after=None
[2025-07-28T23:02:27.116+0000] {processor.py:175} INFO - Processing /home/airflow/.local/lib/python3.7/site-packages/airflow/example_dags/tutorial_dag.py took 0.095 seconds
[2025-07-28T23:02:57.806+0000] {processor.py:153} INFO - Started process (PID=2616) to work on /home/airflow/.local/lib/python3.7/site-packages/airflow/example_dags/tutorial_dag.py
[2025-07-28T23:02:57.807+0000] {processor.py:743} INFO - Processing file /home/airflow/.local/lib/python3.7/site-packages/airflow/example_dags/tutorial_dag.py for tasks to queue
[2025-07-28T23:02:57.809+0000] {logging_mixin.py:137} INFO - [2025-07-28T23:02:57.809+0000] {dagbag.py:538} INFO - Filling up the DagBag from /home/airflow/.local/lib/python3.7/site-packages/airflow/example_dags/tutorial_dag.py
[2025-07-28T23:02:57.833+0000] {processor.py:753} INFO - DAG(s) dict_keys(['tutorial_dag']) retrieved from /home/airflow/.local/lib/python3.7/site-packages/airflow/example_dags/tutorial_dag.py
[2025-07-28T23:02:57.854+0000] {logging_mixin.py:137} INFO - [2025-07-28T23:02:57.853+0000] {dag.py:2690} INFO - Sync 1 DAGs
[2025-07-28T23:02:57.905+0000] {logging_mixin.py:137} INFO - [2025-07-28T23:02:57.905+0000] {dag.py:3441} INFO - Setting next_dagrun for tutorial_dag to None, run_after=None
[2025-07-28T23:02:57.933+0000] {processor.py:175} INFO - Processing /home/airflow/.local/lib/python3.7/site-packages/airflow/example_dags/tutorial_dag.py took 0.133 seconds
[2025-07-28T23:03:28.584+0000] {processor.py:153} INFO - Started process (PID=2696) to work on /home/airflow/.local/lib/python3.7/site-packages/airflow/example_dags/tutorial_dag.py
[2025-07-28T23:03:28.585+0000] {processor.py:743} INFO - Processing file /home/airflow/.local/lib/python3.7/site-packages/airflow/example_dags/tutorial_dag.py for tasks to queue
[2025-07-28T23:03:28.586+0000] {logging_mixin.py:137} INFO - [2025-07-28T23:03:28.586+0000] {dagbag.py:538} INFO - Filling up the DagBag from /home/airflow/.local/lib/python3.7/site-packages/airflow/example_dags/tutorial_dag.py
[2025-07-28T23:03:28.610+0000] {processor.py:753} INFO - DAG(s) dict_keys(['tutorial_dag']) retrieved from /home/airflow/.local/lib/python3.7/site-packages/airflow/example_dags/tutorial_dag.py
[2025-07-28T23:03:28.637+0000] {logging_mixin.py:137} INFO - [2025-07-28T23:03:28.636+0000] {dag.py:2690} INFO - Sync 1 DAGs
[2025-07-28T23:03:28.702+0000] {logging_mixin.py:137} INFO - [2025-07-28T23:03:28.702+0000] {dag.py:3441} INFO - Setting next_dagrun for tutorial_dag to None, run_after=None
[2025-07-28T23:03:28.743+0000] {processor.py:175} INFO - Processing /home/airflow/.local/lib/python3.7/site-packages/airflow/example_dags/tutorial_dag.py took 0.164 seconds
[2025-07-28T23:03:59.467+0000] {processor.py:153} INFO - Started process (PID=2774) to work on /home/airflow/.local/lib/python3.7/site-packages/airflow/example_dags/tutorial_dag.py
[2025-07-28T23:03:59.470+0000] {processor.py:743} INFO - Processing file /home/airflow/.local/lib/python3.7/site-packages/airflow/example_dags/tutorial_dag.py for tasks to queue
[2025-07-28T23:03:59.471+0000] {logging_mixin.py:137} INFO - [2025-07-28T23:03:59.471+0000] {dagbag.py:538} INFO - Filling up the DagBag from /home/airflow/.local/lib/python3.7/site-packages/airflow/example_dags/tutorial_dag.py
[2025-07-28T23:03:59.493+0000] {processor.py:753} INFO - DAG(s) dict_keys(['tutorial_dag']) retrieved from /home/airflow/.local/lib/python3.7/site-packages/airflow/example_dags/tutorial_dag.py
[2025-07-28T23:03:59.551+0000] {logging_mixin.py:137} INFO - [2025-07-28T23:03:59.550+0000] {dag.py:2690} INFO - Sync 1 DAGs
[2025-07-28T23:03:59.600+0000] {logging_mixin.py:137} INFO - [2025-07-28T23:03:59.600+0000] {dag.py:3441} INFO - Setting next_dagrun for tutorial_dag to None, run_after=None
[2025-07-28T23:03:59.649+0000] {processor.py:175} INFO - Processing /home/airflow/.local/lib/python3.7/site-packages/airflow/example_dags/tutorial_dag.py took 0.185 seconds
[2025-07-28T23:04:30.512+0000] {processor.py:153} INFO - Started process (PID=2845) to work on /home/airflow/.local/lib/python3.7/site-packages/airflow/example_dags/tutorial_dag.py
[2025-07-28T23:04:30.513+0000] {processor.py:743} INFO - Processing file /home/airflow/.local/lib/python3.7/site-packages/airflow/example_dags/tutorial_dag.py for tasks to queue
[2025-07-28T23:04:30.514+0000] {logging_mixin.py:137} INFO - [2025-07-28T23:04:30.514+0000] {dagbag.py:538} INFO - Filling up the DagBag from /home/airflow/.local/lib/python3.7/site-packages/airflow/example_dags/tutorial_dag.py
[2025-07-28T23:04:30.531+0000] {processor.py:753} INFO - DAG(s) dict_keys(['tutorial_dag']) retrieved from /home/airflow/.local/lib/python3.7/site-packages/airflow/example_dags/tutorial_dag.py
[2025-07-28T23:04:30.561+0000] {logging_mixin.py:137} INFO - [2025-07-28T23:04:30.561+0000] {dag.py:2690} INFO - Sync 1 DAGs
[2025-07-28T23:04:30.591+0000] {logging_mixin.py:137} INFO - [2025-07-28T23:04:30.591+0000] {dag.py:3441} INFO - Setting next_dagrun for tutorial_dag to None, run_after=None
[2025-07-28T23:04:30.630+0000] {processor.py:175} INFO - Processing /home/airflow/.local/lib/python3.7/site-packages/airflow/example_dags/tutorial_dag.py took 0.122 seconds
[2025-07-28T23:05:00.916+0000] {processor.py:153} INFO - Started process (PID=2931) to work on /home/airflow/.local/lib/python3.7/site-packages/airflow/example_dags/tutorial_dag.py
[2025-07-28T23:05:00.918+0000] {processor.py:743} INFO - Processing file /home/airflow/.local/lib/python3.7/site-packages/airflow/example_dags/tutorial_dag.py for tasks to queue
[2025-07-28T23:05:00.920+0000] {logging_mixin.py:137} INFO - [2025-07-28T23:05:00.919+0000] {dagbag.py:538} INFO - Filling up the DagBag from /home/airflow/.local/lib/python3.7/site-packages/airflow/example_dags/tutorial_dag.py
[2025-07-28T23:05:00.947+0000] {processor.py:753} INFO - DAG(s) dict_keys(['tutorial_dag']) retrieved from /home/airflow/.local/lib/python3.7/site-packages/airflow/example_dags/tutorial_dag.py
[2025-07-28T23:05:01.004+0000] {logging_mixin.py:137} INFO - [2025-07-28T23:05:01.003+0000] {dag.py:2690} INFO - Sync 1 DAGs
[2025-07-28T23:05:01.054+0000] {logging_mixin.py:137} INFO - [2025-07-28T23:05:01.054+0000] {dag.py:3441} INFO - Setting next_dagrun for tutorial_dag to None, run_after=None
[2025-07-28T23:05:01.105+0000] {processor.py:175} INFO - Processing /home/airflow/.local/lib/python3.7/site-packages/airflow/example_dags/tutorial_dag.py took 0.197 seconds
[2025-07-28T23:05:31.217+0000] {processor.py:153} INFO - Started process (PID=3002) to work on /home/airflow/.local/lib/python3.7/site-packages/airflow/example_dags/tutorial_dag.py
[2025-07-28T23:05:31.218+0000] {processor.py:743} INFO - Processing file /home/airflow/.local/lib/python3.7/site-packages/airflow/example_dags/tutorial_dag.py for tasks to queue
[2025-07-28T23:05:31.219+0000] {logging_mixin.py:137} INFO - [2025-07-28T23:05:31.219+0000] {dagbag.py:538} INFO - Filling up the DagBag from /home/airflow/.local/lib/python3.7/site-packages/airflow/example_dags/tutorial_dag.py
[2025-07-28T23:05:31.234+0000] {processor.py:753} INFO - DAG(s) dict_keys(['tutorial_dag']) retrieved from /home/airflow/.local/lib/python3.7/site-packages/airflow/example_dags/tutorial_dag.py
[2025-07-28T23:05:31.266+0000] {logging_mixin.py:137} INFO - [2025-07-28T23:05:31.265+0000] {dag.py:2690} INFO - Sync 1 DAGs
[2025-07-28T23:05:31.306+0000] {logging_mixin.py:137} INFO - [2025-07-28T23:05:31.306+0000] {dag.py:3441} INFO - Setting next_dagrun for tutorial_dag to None, run_after=None
[2025-07-28T23:05:31.341+0000] {processor.py:175} INFO - Processing /home/airflow/.local/lib/python3.7/site-packages/airflow/example_dags/tutorial_dag.py took 0.128 seconds
[2025-07-28T23:06:02.057+0000] {processor.py:153} INFO - Started process (PID=3074) to work on /home/airflow/.local/lib/python3.7/site-packages/airflow/example_dags/tutorial_dag.py
[2025-07-28T23:06:02.059+0000] {processor.py:743} INFO - Processing file /home/airflow/.local/lib/python3.7/site-packages/airflow/example_dags/tutorial_dag.py for tasks to queue
[2025-07-28T23:06:02.060+0000] {logging_mixin.py:137} INFO - [2025-07-28T23:06:02.060+0000] {dagbag.py:538} INFO - Filling up the DagBag from /home/airflow/.local/lib/python3.7/site-packages/airflow/example_dags/tutorial_dag.py
[2025-07-28T23:06:02.074+0000] {processor.py:753} INFO - DAG(s) dict_keys(['tutorial_dag']) retrieved from /home/airflow/.local/lib/python3.7/site-packages/airflow/example_dags/tutorial_dag.py
[2025-07-28T23:06:02.108+0000] {logging_mixin.py:137} INFO - [2025-07-28T23:06:02.108+0000] {dag.py:2690} INFO - Sync 1 DAGs
[2025-07-28T23:06:02.139+0000] {logging_mixin.py:137} INFO - [2025-07-28T23:06:02.139+0000] {dag.py:3441} INFO - Setting next_dagrun for tutorial_dag to None, run_after=None
[2025-07-28T23:06:02.162+0000] {processor.py:175} INFO - Processing /home/airflow/.local/lib/python3.7/site-packages/airflow/example_dags/tutorial_dag.py took 0.108 seconds
[2025-07-28T23:06:32.266+0000] {processor.py:153} INFO - Started process (PID=3162) to work on /home/airflow/.local/lib/python3.7/site-packages/airflow/example_dags/tutorial_dag.py
[2025-07-28T23:06:32.267+0000] {processor.py:743} INFO - Processing file /home/airflow/.local/lib/python3.7/site-packages/airflow/example_dags/tutorial_dag.py for tasks to queue
[2025-07-28T23:06:32.268+0000] {logging_mixin.py:137} INFO - [2025-07-28T23:06:32.268+0000] {dagbag.py:538} INFO - Filling up the DagBag from /home/airflow/.local/lib/python3.7/site-packages/airflow/example_dags/tutorial_dag.py
[2025-07-28T23:06:32.281+0000] {processor.py:753} INFO - DAG(s) dict_keys(['tutorial_dag']) retrieved from /home/airflow/.local/lib/python3.7/site-packages/airflow/example_dags/tutorial_dag.py
[2025-07-28T23:06:32.313+0000] {logging_mixin.py:137} INFO - [2025-07-28T23:06:32.313+0000] {dag.py:2690} INFO - Sync 1 DAGs
[2025-07-28T23:06:32.340+0000] {logging_mixin.py:137} INFO - [2025-07-28T23:06:32.340+0000] {dag.py:3441} INFO - Setting next_dagrun for tutorial_dag to None, run_after=None
[2025-07-28T23:06:32.366+0000] {processor.py:175} INFO - Processing /home/airflow/.local/lib/python3.7/site-packages/airflow/example_dags/tutorial_dag.py took 0.103 seconds
