[2025-07-28T22:45:40.729+0000] {processor.py:153} INFO - Started process (PID=81) to work on /home/airflow/.local/lib/python3.7/site-packages/airflow/example_dags/tutorial_taskflow_api.py
[2025-07-28T22:45:40.732+0000] {processor.py:743} INFO - Processing file /home/airflow/.local/lib/python3.7/site-packages/airflow/example_dags/tutorial_taskflow_api.py for tasks to queue
[2025-07-28T22:45:40.734+0000] {logging_mixin.py:137} INFO - [2025-07-28T22:45:40.733+0000] {dagbag.py:538} INFO - Filling up the DagBag from /home/airflow/.local/lib/python3.7/site-packages/airflow/example_dags/tutorial_taskflow_api.py
[2025-07-28T22:45:40.783+0000] {processor.py:753} INFO - DAG(s) dict_keys(['tutorial_taskflow_api']) retrieved from /home/airflow/.local/lib/python3.7/site-packages/airflow/example_dags/tutorial_taskflow_api.py
[2025-07-28T22:45:41.007+0000] {logging_mixin.py:137} INFO - [2025-07-28T22:45:41.006+0000] {manager.py:504} INFO - Created Permission View: can delete on DAG:tutorial_taskflow_api
[2025-07-28T22:45:41.027+0000] {logging_mixin.py:137} INFO - [2025-07-28T22:45:41.027+0000] {manager.py:504} INFO - Created Permission View: can read on DAG:tutorial_taskflow_api
[2025-07-28T22:45:41.040+0000] {logging_mixin.py:137} INFO - [2025-07-28T22:45:41.040+0000] {manager.py:504} INFO - Created Permission View: can edit on DAG:tutorial_taskflow_api
[2025-07-28T22:45:41.041+0000] {logging_mixin.py:137} INFO - [2025-07-28T22:45:41.041+0000] {dag.py:2690} INFO - Sync 1 DAGs
[2025-07-28T22:45:41.069+0000] {logging_mixin.py:137} INFO - [2025-07-28T22:45:41.069+0000] {dag.py:2711} INFO - Creating ORM DAG for tutorial_taskflow_api
[2025-07-28T22:45:41.091+0000] {logging_mixin.py:137} INFO - [2025-07-28T22:45:41.090+0000] {dag.py:3441} INFO - Setting next_dagrun for tutorial_taskflow_api to None, run_after=None
[2025-07-28T22:45:41.123+0000] {processor.py:175} INFO - Processing /home/airflow/.local/lib/python3.7/site-packages/airflow/example_dags/tutorial_taskflow_api.py took 0.400 seconds
[2025-07-28T22:46:12.149+0000] {processor.py:153} INFO - Started process (PID=152) to work on /home/airflow/.local/lib/python3.7/site-packages/airflow/example_dags/tutorial_taskflow_api.py
[2025-07-28T22:46:12.165+0000] {processor.py:743} INFO - Processing file /home/airflow/.local/lib/python3.7/site-packages/airflow/example_dags/tutorial_taskflow_api.py for tasks to queue
[2025-07-28T22:46:12.172+0000] {logging_mixin.py:137} INFO - [2025-07-28T22:46:12.171+0000] {dagbag.py:538} INFO - Filling up the DagBag from /home/airflow/.local/lib/python3.7/site-packages/airflow/example_dags/tutorial_taskflow_api.py
[2025-07-28T22:46:12.352+0000] {processor.py:753} INFO - DAG(s) dict_keys(['tutorial_taskflow_api']) retrieved from /home/airflow/.local/lib/python3.7/site-packages/airflow/example_dags/tutorial_taskflow_api.py
[2025-07-28T22:46:12.418+0000] {logging_mixin.py:137} INFO - [2025-07-28T22:46:12.418+0000] {dag.py:2690} INFO - Sync 1 DAGs
[2025-07-28T22:46:12.533+0000] {logging_mixin.py:137} INFO - [2025-07-28T22:46:12.532+0000] {dag.py:3441} INFO - Setting next_dagrun for tutorial_taskflow_api to None, run_after=None
[2025-07-28T22:46:12.728+0000] {processor.py:175} INFO - Processing /home/airflow/.local/lib/python3.7/site-packages/airflow/example_dags/tutorial_taskflow_api.py took 0.606 seconds
[2025-07-28T22:46:43.483+0000] {processor.py:153} INFO - Started process (PID=222) to work on /home/airflow/.local/lib/python3.7/site-packages/airflow/example_dags/tutorial_taskflow_api.py
[2025-07-28T22:46:43.485+0000] {processor.py:743} INFO - Processing file /home/airflow/.local/lib/python3.7/site-packages/airflow/example_dags/tutorial_taskflow_api.py for tasks to queue
[2025-07-28T22:46:43.488+0000] {logging_mixin.py:137} INFO - [2025-07-28T22:46:43.487+0000] {dagbag.py:538} INFO - Filling up the DagBag from /home/airflow/.local/lib/python3.7/site-packages/airflow/example_dags/tutorial_taskflow_api.py
[2025-07-28T22:46:43.529+0000] {processor.py:753} INFO - DAG(s) dict_keys(['tutorial_taskflow_api']) retrieved from /home/airflow/.local/lib/python3.7/site-packages/airflow/example_dags/tutorial_taskflow_api.py
[2025-07-28T22:46:43.581+0000] {logging_mixin.py:137} INFO - [2025-07-28T22:46:43.581+0000] {dag.py:2690} INFO - Sync 1 DAGs
[2025-07-28T22:46:43.695+0000] {logging_mixin.py:137} INFO - [2025-07-28T22:46:43.695+0000] {dag.py:3441} INFO - Setting next_dagrun for tutorial_taskflow_api to None, run_after=None
[2025-07-28T22:46:43.743+0000] {processor.py:175} INFO - Processing /home/airflow/.local/lib/python3.7/site-packages/airflow/example_dags/tutorial_taskflow_api.py took 0.265 seconds
[2025-07-28T22:47:14.520+0000] {processor.py:153} INFO - Started process (PID=302) to work on /home/airflow/.local/lib/python3.7/site-packages/airflow/example_dags/tutorial_taskflow_api.py
[2025-07-28T22:47:14.522+0000] {processor.py:743} INFO - Processing file /home/airflow/.local/lib/python3.7/site-packages/airflow/example_dags/tutorial_taskflow_api.py for tasks to queue
[2025-07-28T22:47:14.523+0000] {logging_mixin.py:137} INFO - [2025-07-28T22:47:14.523+0000] {dagbag.py:538} INFO - Filling up the DagBag from /home/airflow/.local/lib/python3.7/site-packages/airflow/example_dags/tutorial_taskflow_api.py
[2025-07-28T22:47:14.581+0000] {processor.py:753} INFO - DAG(s) dict_keys(['tutorial_taskflow_api']) retrieved from /home/airflow/.local/lib/python3.7/site-packages/airflow/example_dags/tutorial_taskflow_api.py
[2025-07-28T22:47:14.671+0000] {logging_mixin.py:137} INFO - [2025-07-28T22:47:14.671+0000] {dag.py:2690} INFO - Sync 1 DAGs
[2025-07-28T22:47:14.724+0000] {logging_mixin.py:137} INFO - [2025-07-28T22:47:14.723+0000] {dag.py:3441} INFO - Setting next_dagrun for tutorial_taskflow_api to None, run_after=None
[2025-07-28T22:47:14.781+0000] {processor.py:175} INFO - Processing /home/airflow/.local/lib/python3.7/site-packages/airflow/example_dags/tutorial_taskflow_api.py took 0.265 seconds
[2025-07-28T22:47:45.019+0000] {processor.py:153} INFO - Started process (PID=380) to work on /home/airflow/.local/lib/python3.7/site-packages/airflow/example_dags/tutorial_taskflow_api.py
[2025-07-28T22:47:45.021+0000] {processor.py:743} INFO - Processing file /home/airflow/.local/lib/python3.7/site-packages/airflow/example_dags/tutorial_taskflow_api.py for tasks to queue
[2025-07-28T22:47:45.025+0000] {logging_mixin.py:137} INFO - [2025-07-28T22:47:45.025+0000] {dagbag.py:538} INFO - Filling up the DagBag from /home/airflow/.local/lib/python3.7/site-packages/airflow/example_dags/tutorial_taskflow_api.py
[2025-07-28T22:47:45.087+0000] {processor.py:753} INFO - DAG(s) dict_keys(['tutorial_taskflow_api']) retrieved from /home/airflow/.local/lib/python3.7/site-packages/airflow/example_dags/tutorial_taskflow_api.py
[2025-07-28T22:47:45.168+0000] {logging_mixin.py:137} INFO - [2025-07-28T22:47:45.168+0000] {dag.py:2690} INFO - Sync 1 DAGs
[2025-07-28T22:47:45.259+0000] {logging_mixin.py:137} INFO - [2025-07-28T22:47:45.258+0000] {dag.py:3441} INFO - Setting next_dagrun for tutorial_taskflow_api to None, run_after=None
[2025-07-28T22:47:45.313+0000] {processor.py:175} INFO - Processing /home/airflow/.local/lib/python3.7/site-packages/airflow/example_dags/tutorial_taskflow_api.py took 0.307 seconds
[2025-07-28T22:48:15.812+0000] {processor.py:153} INFO - Started process (PID=450) to work on /home/airflow/.local/lib/python3.7/site-packages/airflow/example_dags/tutorial_taskflow_api.py
[2025-07-28T22:48:15.814+0000] {processor.py:743} INFO - Processing file /home/airflow/.local/lib/python3.7/site-packages/airflow/example_dags/tutorial_taskflow_api.py for tasks to queue
[2025-07-28T22:48:15.816+0000] {logging_mixin.py:137} INFO - [2025-07-28T22:48:15.816+0000] {dagbag.py:538} INFO - Filling up the DagBag from /home/airflow/.local/lib/python3.7/site-packages/airflow/example_dags/tutorial_taskflow_api.py
[2025-07-28T22:48:15.886+0000] {processor.py:753} INFO - DAG(s) dict_keys(['tutorial_taskflow_api']) retrieved from /home/airflow/.local/lib/python3.7/site-packages/airflow/example_dags/tutorial_taskflow_api.py
[2025-07-28T22:48:15.945+0000] {logging_mixin.py:137} INFO - [2025-07-28T22:48:15.945+0000] {dag.py:2690} INFO - Sync 1 DAGs
[2025-07-28T22:48:15.991+0000] {logging_mixin.py:137} INFO - [2025-07-28T22:48:15.991+0000] {dag.py:3441} INFO - Setting next_dagrun for tutorial_taskflow_api to None, run_after=None
[2025-07-28T22:48:16.052+0000] {processor.py:175} INFO - Processing /home/airflow/.local/lib/python3.7/site-packages/airflow/example_dags/tutorial_taskflow_api.py took 0.250 seconds
[2025-07-28T22:48:46.178+0000] {processor.py:153} INFO - Started process (PID=521) to work on /home/airflow/.local/lib/python3.7/site-packages/airflow/example_dags/tutorial_taskflow_api.py
[2025-07-28T22:48:46.179+0000] {processor.py:743} INFO - Processing file /home/airflow/.local/lib/python3.7/site-packages/airflow/example_dags/tutorial_taskflow_api.py for tasks to queue
[2025-07-28T22:48:46.180+0000] {logging_mixin.py:137} INFO - [2025-07-28T22:48:46.180+0000] {dagbag.py:538} INFO - Filling up the DagBag from /home/airflow/.local/lib/python3.7/site-packages/airflow/example_dags/tutorial_taskflow_api.py
[2025-07-28T22:48:46.210+0000] {processor.py:753} INFO - DAG(s) dict_keys(['tutorial_taskflow_api']) retrieved from /home/airflow/.local/lib/python3.7/site-packages/airflow/example_dags/tutorial_taskflow_api.py
[2025-07-28T22:48:46.251+0000] {logging_mixin.py:137} INFO - [2025-07-28T22:48:46.250+0000] {dag.py:2690} INFO - Sync 1 DAGs
[2025-07-28T22:48:46.285+0000] {logging_mixin.py:137} INFO - [2025-07-28T22:48:46.285+0000] {dag.py:3441} INFO - Setting next_dagrun for tutorial_taskflow_api to None, run_after=None
[2025-07-28T22:48:46.326+0000] {processor.py:175} INFO - Processing /home/airflow/.local/lib/python3.7/site-packages/airflow/example_dags/tutorial_taskflow_api.py took 0.152 seconds
[2025-07-28T22:49:16.745+0000] {processor.py:153} INFO - Started process (PID=592) to work on /home/airflow/.local/lib/python3.7/site-packages/airflow/example_dags/tutorial_taskflow_api.py
[2025-07-28T22:49:16.747+0000] {processor.py:743} INFO - Processing file /home/airflow/.local/lib/python3.7/site-packages/airflow/example_dags/tutorial_taskflow_api.py for tasks to queue
[2025-07-28T22:49:16.748+0000] {logging_mixin.py:137} INFO - [2025-07-28T22:49:16.748+0000] {dagbag.py:538} INFO - Filling up the DagBag from /home/airflow/.local/lib/python3.7/site-packages/airflow/example_dags/tutorial_taskflow_api.py
[2025-07-28T22:49:16.778+0000] {processor.py:753} INFO - DAG(s) dict_keys(['tutorial_taskflow_api']) retrieved from /home/airflow/.local/lib/python3.7/site-packages/airflow/example_dags/tutorial_taskflow_api.py
[2025-07-28T22:49:16.815+0000] {logging_mixin.py:137} INFO - [2025-07-28T22:49:16.815+0000] {dag.py:2690} INFO - Sync 1 DAGs
[2025-07-28T22:49:16.852+0000] {logging_mixin.py:137} INFO - [2025-07-28T22:49:16.852+0000] {dag.py:3441} INFO - Setting next_dagrun for tutorial_taskflow_api to None, run_after=None
[2025-07-28T22:49:16.892+0000] {processor.py:175} INFO - Processing /home/airflow/.local/lib/python3.7/site-packages/airflow/example_dags/tutorial_taskflow_api.py took 0.151 seconds
[2025-07-28T22:49:47.047+0000] {processor.py:153} INFO - Started process (PID=663) to work on /home/airflow/.local/lib/python3.7/site-packages/airflow/example_dags/tutorial_taskflow_api.py
[2025-07-28T22:49:47.049+0000] {processor.py:743} INFO - Processing file /home/airflow/.local/lib/python3.7/site-packages/airflow/example_dags/tutorial_taskflow_api.py for tasks to queue
[2025-07-28T22:49:47.050+0000] {logging_mixin.py:137} INFO - [2025-07-28T22:49:47.049+0000] {dagbag.py:538} INFO - Filling up the DagBag from /home/airflow/.local/lib/python3.7/site-packages/airflow/example_dags/tutorial_taskflow_api.py
[2025-07-28T22:49:47.076+0000] {processor.py:753} INFO - DAG(s) dict_keys(['tutorial_taskflow_api']) retrieved from /home/airflow/.local/lib/python3.7/site-packages/airflow/example_dags/tutorial_taskflow_api.py
[2025-07-28T22:49:47.109+0000] {logging_mixin.py:137} INFO - [2025-07-28T22:49:47.109+0000] {dag.py:2690} INFO - Sync 1 DAGs
[2025-07-28T22:49:47.138+0000] {logging_mixin.py:137} INFO - [2025-07-28T22:49:47.138+0000] {dag.py:3441} INFO - Setting next_dagrun for tutorial_taskflow_api to None, run_after=None
[2025-07-28T22:49:47.167+0000] {processor.py:175} INFO - Processing /home/airflow/.local/lib/python3.7/site-packages/airflow/example_dags/tutorial_taskflow_api.py took 0.124 seconds
[2025-07-28T22:50:17.954+0000] {processor.py:153} INFO - Started process (PID=750) to work on /home/airflow/.local/lib/python3.7/site-packages/airflow/example_dags/tutorial_taskflow_api.py
[2025-07-28T22:50:17.956+0000] {processor.py:743} INFO - Processing file /home/airflow/.local/lib/python3.7/site-packages/airflow/example_dags/tutorial_taskflow_api.py for tasks to queue
[2025-07-28T22:50:17.958+0000] {logging_mixin.py:137} INFO - [2025-07-28T22:50:17.957+0000] {dagbag.py:538} INFO - Filling up the DagBag from /home/airflow/.local/lib/python3.7/site-packages/airflow/example_dags/tutorial_taskflow_api.py
[2025-07-28T22:50:17.983+0000] {processor.py:753} INFO - DAG(s) dict_keys(['tutorial_taskflow_api']) retrieved from /home/airflow/.local/lib/python3.7/site-packages/airflow/example_dags/tutorial_taskflow_api.py
[2025-07-28T22:50:18.016+0000] {logging_mixin.py:137} INFO - [2025-07-28T22:50:18.016+0000] {dag.py:2690} INFO - Sync 1 DAGs
[2025-07-28T22:50:18.047+0000] {logging_mixin.py:137} INFO - [2025-07-28T22:50:18.047+0000] {dag.py:3441} INFO - Setting next_dagrun for tutorial_taskflow_api to None, run_after=None
[2025-07-28T22:50:18.079+0000] {processor.py:175} INFO - Processing /home/airflow/.local/lib/python3.7/site-packages/airflow/example_dags/tutorial_taskflow_api.py took 0.129 seconds
[2025-07-28T22:50:48.695+0000] {processor.py:153} INFO - Started process (PID=821) to work on /home/airflow/.local/lib/python3.7/site-packages/airflow/example_dags/tutorial_taskflow_api.py
[2025-07-28T22:50:48.696+0000] {processor.py:743} INFO - Processing file /home/airflow/.local/lib/python3.7/site-packages/airflow/example_dags/tutorial_taskflow_api.py for tasks to queue
[2025-07-28T22:50:48.697+0000] {logging_mixin.py:137} INFO - [2025-07-28T22:50:48.697+0000] {dagbag.py:538} INFO - Filling up the DagBag from /home/airflow/.local/lib/python3.7/site-packages/airflow/example_dags/tutorial_taskflow_api.py
[2025-07-28T22:50:48.727+0000] {processor.py:753} INFO - DAG(s) dict_keys(['tutorial_taskflow_api']) retrieved from /home/airflow/.local/lib/python3.7/site-packages/airflow/example_dags/tutorial_taskflow_api.py
[2025-07-28T22:50:48.776+0000] {logging_mixin.py:137} INFO - [2025-07-28T22:50:48.776+0000] {dag.py:2690} INFO - Sync 1 DAGs
[2025-07-28T22:50:48.858+0000] {logging_mixin.py:137} INFO - [2025-07-28T22:50:48.857+0000] {dag.py:3441} INFO - Setting next_dagrun for tutorial_taskflow_api to None, run_after=None
[2025-07-28T22:50:48.883+0000] {processor.py:175} INFO - Processing /home/airflow/.local/lib/python3.7/site-packages/airflow/example_dags/tutorial_taskflow_api.py took 0.193 seconds
[2025-07-28T22:51:19.489+0000] {processor.py:153} INFO - Started process (PID=901) to work on /home/airflow/.local/lib/python3.7/site-packages/airflow/example_dags/tutorial_taskflow_api.py
[2025-07-28T22:51:19.490+0000] {processor.py:743} INFO - Processing file /home/airflow/.local/lib/python3.7/site-packages/airflow/example_dags/tutorial_taskflow_api.py for tasks to queue
[2025-07-28T22:51:19.491+0000] {logging_mixin.py:137} INFO - [2025-07-28T22:51:19.491+0000] {dagbag.py:538} INFO - Filling up the DagBag from /home/airflow/.local/lib/python3.7/site-packages/airflow/example_dags/tutorial_taskflow_api.py
[2025-07-28T22:51:19.517+0000] {processor.py:753} INFO - DAG(s) dict_keys(['tutorial_taskflow_api']) retrieved from /home/airflow/.local/lib/python3.7/site-packages/airflow/example_dags/tutorial_taskflow_api.py
[2025-07-28T22:51:19.558+0000] {logging_mixin.py:137} INFO - [2025-07-28T22:51:19.558+0000] {dag.py:2690} INFO - Sync 1 DAGs
[2025-07-28T22:51:19.602+0000] {logging_mixin.py:137} INFO - [2025-07-28T22:51:19.601+0000] {dag.py:3441} INFO - Setting next_dagrun for tutorial_taskflow_api to None, run_after=None
[2025-07-28T22:51:19.667+0000] {processor.py:175} INFO - Processing /home/airflow/.local/lib/python3.7/site-packages/airflow/example_dags/tutorial_taskflow_api.py took 0.183 seconds
[2025-07-28T22:51:49.938+0000] {processor.py:153} INFO - Started process (PID=979) to work on /home/airflow/.local/lib/python3.7/site-packages/airflow/example_dags/tutorial_taskflow_api.py
[2025-07-28T22:51:49.940+0000] {processor.py:743} INFO - Processing file /home/airflow/.local/lib/python3.7/site-packages/airflow/example_dags/tutorial_taskflow_api.py for tasks to queue
[2025-07-28T22:51:49.941+0000] {logging_mixin.py:137} INFO - [2025-07-28T22:51:49.941+0000] {dagbag.py:538} INFO - Filling up the DagBag from /home/airflow/.local/lib/python3.7/site-packages/airflow/example_dags/tutorial_taskflow_api.py
[2025-07-28T22:51:49.972+0000] {processor.py:753} INFO - DAG(s) dict_keys(['tutorial_taskflow_api']) retrieved from /home/airflow/.local/lib/python3.7/site-packages/airflow/example_dags/tutorial_taskflow_api.py
[2025-07-28T22:51:50.005+0000] {logging_mixin.py:137} INFO - [2025-07-28T22:51:50.003+0000] {dag.py:2690} INFO - Sync 1 DAGs
[2025-07-28T22:51:50.032+0000] {logging_mixin.py:137} INFO - [2025-07-28T22:51:50.031+0000] {dag.py:3441} INFO - Setting next_dagrun for tutorial_taskflow_api to None, run_after=None
[2025-07-28T22:51:50.058+0000] {processor.py:175} INFO - Processing /home/airflow/.local/lib/python3.7/site-packages/airflow/example_dags/tutorial_taskflow_api.py took 0.125 seconds
[2025-07-28T22:52:20.643+0000] {processor.py:153} INFO - Started process (PID=1050) to work on /home/airflow/.local/lib/python3.7/site-packages/airflow/example_dags/tutorial_taskflow_api.py
[2025-07-28T22:52:20.644+0000] {processor.py:743} INFO - Processing file /home/airflow/.local/lib/python3.7/site-packages/airflow/example_dags/tutorial_taskflow_api.py for tasks to queue
[2025-07-28T22:52:20.645+0000] {logging_mixin.py:137} INFO - [2025-07-28T22:52:20.645+0000] {dagbag.py:538} INFO - Filling up the DagBag from /home/airflow/.local/lib/python3.7/site-packages/airflow/example_dags/tutorial_taskflow_api.py
[2025-07-28T22:52:20.682+0000] {processor.py:753} INFO - DAG(s) dict_keys(['tutorial_taskflow_api']) retrieved from /home/airflow/.local/lib/python3.7/site-packages/airflow/example_dags/tutorial_taskflow_api.py
[2025-07-28T22:52:20.718+0000] {logging_mixin.py:137} INFO - [2025-07-28T22:52:20.718+0000] {dag.py:2690} INFO - Sync 1 DAGs
[2025-07-28T22:52:20.761+0000] {logging_mixin.py:137} INFO - [2025-07-28T22:52:20.761+0000] {dag.py:3441} INFO - Setting next_dagrun for tutorial_taskflow_api to None, run_after=None
[2025-07-28T22:52:20.799+0000] {processor.py:175} INFO - Processing /home/airflow/.local/lib/python3.7/site-packages/airflow/example_dags/tutorial_taskflow_api.py took 0.160 seconds
[2025-07-28T22:52:51.470+0000] {processor.py:153} INFO - Started process (PID=1137) to work on /home/airflow/.local/lib/python3.7/site-packages/airflow/example_dags/tutorial_taskflow_api.py
[2025-07-28T22:52:51.472+0000] {processor.py:743} INFO - Processing file /home/airflow/.local/lib/python3.7/site-packages/airflow/example_dags/tutorial_taskflow_api.py for tasks to queue
[2025-07-28T22:52:51.474+0000] {logging_mixin.py:137} INFO - [2025-07-28T22:52:51.473+0000] {dagbag.py:538} INFO - Filling up the DagBag from /home/airflow/.local/lib/python3.7/site-packages/airflow/example_dags/tutorial_taskflow_api.py
[2025-07-28T22:52:51.498+0000] {processor.py:753} INFO - DAG(s) dict_keys(['tutorial_taskflow_api']) retrieved from /home/airflow/.local/lib/python3.7/site-packages/airflow/example_dags/tutorial_taskflow_api.py
[2025-07-28T22:52:51.533+0000] {logging_mixin.py:137} INFO - [2025-07-28T22:52:51.533+0000] {dag.py:2690} INFO - Sync 1 DAGs
[2025-07-28T22:52:51.567+0000] {logging_mixin.py:137} INFO - [2025-07-28T22:52:51.567+0000] {dag.py:3441} INFO - Setting next_dagrun for tutorial_taskflow_api to None, run_after=None
[2025-07-28T22:52:51.598+0000] {processor.py:175} INFO - Processing /home/airflow/.local/lib/python3.7/site-packages/airflow/example_dags/tutorial_taskflow_api.py took 0.132 seconds
[2025-07-28T22:53:21.973+0000] {processor.py:153} INFO - Started process (PID=1208) to work on /home/airflow/.local/lib/python3.7/site-packages/airflow/example_dags/tutorial_taskflow_api.py
[2025-07-28T22:53:21.974+0000] {processor.py:743} INFO - Processing file /home/airflow/.local/lib/python3.7/site-packages/airflow/example_dags/tutorial_taskflow_api.py for tasks to queue
[2025-07-28T22:53:21.975+0000] {logging_mixin.py:137} INFO - [2025-07-28T22:53:21.975+0000] {dagbag.py:538} INFO - Filling up the DagBag from /home/airflow/.local/lib/python3.7/site-packages/airflow/example_dags/tutorial_taskflow_api.py
[2025-07-28T22:53:22.042+0000] {processor.py:753} INFO - DAG(s) dict_keys(['tutorial_taskflow_api']) retrieved from /home/airflow/.local/lib/python3.7/site-packages/airflow/example_dags/tutorial_taskflow_api.py
[2025-07-28T22:53:22.114+0000] {logging_mixin.py:137} INFO - [2025-07-28T22:53:22.113+0000] {dag.py:2690} INFO - Sync 1 DAGs
[2025-07-28T22:53:22.174+0000] {logging_mixin.py:137} INFO - [2025-07-28T22:53:22.173+0000] {dag.py:3441} INFO - Setting next_dagrun for tutorial_taskflow_api to None, run_after=None
[2025-07-28T22:53:22.222+0000] {processor.py:175} INFO - Processing /home/airflow/.local/lib/python3.7/site-packages/airflow/example_dags/tutorial_taskflow_api.py took 0.262 seconds
[2025-07-28T22:53:53.020+0000] {processor.py:153} INFO - Started process (PID=1288) to work on /home/airflow/.local/lib/python3.7/site-packages/airflow/example_dags/tutorial_taskflow_api.py
[2025-07-28T22:53:53.023+0000] {processor.py:743} INFO - Processing file /home/airflow/.local/lib/python3.7/site-packages/airflow/example_dags/tutorial_taskflow_api.py for tasks to queue
[2025-07-28T22:53:53.025+0000] {logging_mixin.py:137} INFO - [2025-07-28T22:53:53.025+0000] {dagbag.py:538} INFO - Filling up the DagBag from /home/airflow/.local/lib/python3.7/site-packages/airflow/example_dags/tutorial_taskflow_api.py
[2025-07-28T22:53:53.078+0000] {processor.py:753} INFO - DAG(s) dict_keys(['tutorial_taskflow_api']) retrieved from /home/airflow/.local/lib/python3.7/site-packages/airflow/example_dags/tutorial_taskflow_api.py
[2025-07-28T22:53:53.144+0000] {logging_mixin.py:137} INFO - [2025-07-28T22:53:53.144+0000] {dag.py:2690} INFO - Sync 1 DAGs
[2025-07-28T22:53:53.198+0000] {logging_mixin.py:137} INFO - [2025-07-28T22:53:53.197+0000] {dag.py:3441} INFO - Setting next_dagrun for tutorial_taskflow_api to None, run_after=None
[2025-07-28T22:53:53.242+0000] {processor.py:175} INFO - Processing /home/airflow/.local/lib/python3.7/site-packages/airflow/example_dags/tutorial_taskflow_api.py took 0.231 seconds
[2025-07-28T22:54:25.054+0000] {processor.py:153} INFO - Started process (PID=1365) to work on /home/airflow/.local/lib/python3.7/site-packages/airflow/example_dags/tutorial_taskflow_api.py
[2025-07-28T22:54:25.056+0000] {processor.py:743} INFO - Processing file /home/airflow/.local/lib/python3.7/site-packages/airflow/example_dags/tutorial_taskflow_api.py for tasks to queue
[2025-07-28T22:54:25.058+0000] {logging_mixin.py:137} INFO - [2025-07-28T22:54:25.057+0000] {dagbag.py:538} INFO - Filling up the DagBag from /home/airflow/.local/lib/python3.7/site-packages/airflow/example_dags/tutorial_taskflow_api.py
[2025-07-28T22:54:25.119+0000] {processor.py:753} INFO - DAG(s) dict_keys(['tutorial_taskflow_api']) retrieved from /home/airflow/.local/lib/python3.7/site-packages/airflow/example_dags/tutorial_taskflow_api.py
[2025-07-28T22:54:25.198+0000] {logging_mixin.py:137} INFO - [2025-07-28T22:54:25.197+0000] {dag.py:2690} INFO - Sync 1 DAGs
[2025-07-28T22:54:25.263+0000] {logging_mixin.py:137} INFO - [2025-07-28T22:54:25.263+0000] {dag.py:3441} INFO - Setting next_dagrun for tutorial_taskflow_api to None, run_after=None
[2025-07-28T22:54:25.320+0000] {processor.py:175} INFO - Processing /home/airflow/.local/lib/python3.7/site-packages/airflow/example_dags/tutorial_taskflow_api.py took 0.275 seconds
[2025-07-28T22:54:55.659+0000] {processor.py:153} INFO - Started process (PID=1437) to work on /home/airflow/.local/lib/python3.7/site-packages/airflow/example_dags/tutorial_taskflow_api.py
[2025-07-28T22:54:55.661+0000] {processor.py:743} INFO - Processing file /home/airflow/.local/lib/python3.7/site-packages/airflow/example_dags/tutorial_taskflow_api.py for tasks to queue
[2025-07-28T22:54:55.663+0000] {logging_mixin.py:137} INFO - [2025-07-28T22:54:55.663+0000] {dagbag.py:538} INFO - Filling up the DagBag from /home/airflow/.local/lib/python3.7/site-packages/airflow/example_dags/tutorial_taskflow_api.py
[2025-07-28T22:54:55.761+0000] {processor.py:753} INFO - DAG(s) dict_keys(['tutorial_taskflow_api']) retrieved from /home/airflow/.local/lib/python3.7/site-packages/airflow/example_dags/tutorial_taskflow_api.py
[2025-07-28T22:54:55.847+0000] {logging_mixin.py:137} INFO - [2025-07-28T22:54:55.847+0000] {dag.py:2690} INFO - Sync 1 DAGs
[2025-07-28T22:54:55.977+0000] {logging_mixin.py:137} INFO - [2025-07-28T22:54:55.976+0000] {dag.py:3441} INFO - Setting next_dagrun for tutorial_taskflow_api to None, run_after=None
[2025-07-28T22:54:56.046+0000] {processor.py:175} INFO - Processing /home/airflow/.local/lib/python3.7/site-packages/airflow/example_dags/tutorial_taskflow_api.py took 0.397 seconds
[2025-07-28T22:55:26.347+0000] {processor.py:153} INFO - Started process (PID=1509) to work on /home/airflow/.local/lib/python3.7/site-packages/airflow/example_dags/tutorial_taskflow_api.py
[2025-07-28T22:55:26.349+0000] {processor.py:743} INFO - Processing file /home/airflow/.local/lib/python3.7/site-packages/airflow/example_dags/tutorial_taskflow_api.py for tasks to queue
[2025-07-28T22:55:26.350+0000] {logging_mixin.py:137} INFO - [2025-07-28T22:55:26.350+0000] {dagbag.py:538} INFO - Filling up the DagBag from /home/airflow/.local/lib/python3.7/site-packages/airflow/example_dags/tutorial_taskflow_api.py
[2025-07-28T22:55:26.381+0000] {processor.py:753} INFO - DAG(s) dict_keys(['tutorial_taskflow_api']) retrieved from /home/airflow/.local/lib/python3.7/site-packages/airflow/example_dags/tutorial_taskflow_api.py
[2025-07-28T22:55:26.424+0000] {logging_mixin.py:137} INFO - [2025-07-28T22:55:26.424+0000] {dag.py:2690} INFO - Sync 1 DAGs
[2025-07-28T22:55:26.465+0000] {logging_mixin.py:137} INFO - [2025-07-28T22:55:26.464+0000] {dag.py:3441} INFO - Setting next_dagrun for tutorial_taskflow_api to None, run_after=None
[2025-07-28T22:55:26.492+0000] {processor.py:175} INFO - Processing /home/airflow/.local/lib/python3.7/site-packages/airflow/example_dags/tutorial_taskflow_api.py took 0.150 seconds
[2025-07-28T22:55:56.591+0000] {processor.py:153} INFO - Started process (PID=1580) to work on /home/airflow/.local/lib/python3.7/site-packages/airflow/example_dags/tutorial_taskflow_api.py
[2025-07-28T22:55:56.592+0000] {processor.py:743} INFO - Processing file /home/airflow/.local/lib/python3.7/site-packages/airflow/example_dags/tutorial_taskflow_api.py for tasks to queue
[2025-07-28T22:55:56.593+0000] {logging_mixin.py:137} INFO - [2025-07-28T22:55:56.593+0000] {dagbag.py:538} INFO - Filling up the DagBag from /home/airflow/.local/lib/python3.7/site-packages/airflow/example_dags/tutorial_taskflow_api.py
[2025-07-28T22:55:56.620+0000] {processor.py:753} INFO - DAG(s) dict_keys(['tutorial_taskflow_api']) retrieved from /home/airflow/.local/lib/python3.7/site-packages/airflow/example_dags/tutorial_taskflow_api.py
[2025-07-28T22:55:56.653+0000] {logging_mixin.py:137} INFO - [2025-07-28T22:55:56.653+0000] {dag.py:2690} INFO - Sync 1 DAGs
[2025-07-28T22:55:56.689+0000] {logging_mixin.py:137} INFO - [2025-07-28T22:55:56.688+0000] {dag.py:3441} INFO - Setting next_dagrun for tutorial_taskflow_api to None, run_after=None
[2025-07-28T22:55:56.717+0000] {processor.py:175} INFO - Processing /home/airflow/.local/lib/python3.7/site-packages/airflow/example_dags/tutorial_taskflow_api.py took 0.130 seconds
[2025-07-28T22:56:27.088+0000] {processor.py:153} INFO - Started process (PID=1651) to work on /home/airflow/.local/lib/python3.7/site-packages/airflow/example_dags/tutorial_taskflow_api.py
[2025-07-28T22:56:27.090+0000] {processor.py:743} INFO - Processing file /home/airflow/.local/lib/python3.7/site-packages/airflow/example_dags/tutorial_taskflow_api.py for tasks to queue
[2025-07-28T22:56:27.094+0000] {logging_mixin.py:137} INFO - [2025-07-28T22:56:27.091+0000] {dagbag.py:538} INFO - Filling up the DagBag from /home/airflow/.local/lib/python3.7/site-packages/airflow/example_dags/tutorial_taskflow_api.py
[2025-07-28T22:56:27.134+0000] {processor.py:753} INFO - DAG(s) dict_keys(['tutorial_taskflow_api']) retrieved from /home/airflow/.local/lib/python3.7/site-packages/airflow/example_dags/tutorial_taskflow_api.py
[2025-07-28T22:56:27.180+0000] {logging_mixin.py:137} INFO - [2025-07-28T22:56:27.180+0000] {dag.py:2690} INFO - Sync 1 DAGs
[2025-07-28T22:56:27.222+0000] {logging_mixin.py:137} INFO - [2025-07-28T22:56:27.222+0000] {dag.py:3441} INFO - Setting next_dagrun for tutorial_taskflow_api to None, run_after=None
[2025-07-28T22:56:27.263+0000] {processor.py:175} INFO - Processing /home/airflow/.local/lib/python3.7/site-packages/airflow/example_dags/tutorial_taskflow_api.py took 0.181 seconds
[2025-07-28T22:56:57.531+0000] {processor.py:153} INFO - Started process (PID=1723) to work on /home/airflow/.local/lib/python3.7/site-packages/airflow/example_dags/tutorial_taskflow_api.py
[2025-07-28T22:56:57.533+0000] {processor.py:743} INFO - Processing file /home/airflow/.local/lib/python3.7/site-packages/airflow/example_dags/tutorial_taskflow_api.py for tasks to queue
[2025-07-28T22:56:57.534+0000] {logging_mixin.py:137} INFO - [2025-07-28T22:56:57.534+0000] {dagbag.py:538} INFO - Filling up the DagBag from /home/airflow/.local/lib/python3.7/site-packages/airflow/example_dags/tutorial_taskflow_api.py
[2025-07-28T22:56:57.560+0000] {processor.py:753} INFO - DAG(s) dict_keys(['tutorial_taskflow_api']) retrieved from /home/airflow/.local/lib/python3.7/site-packages/airflow/example_dags/tutorial_taskflow_api.py
[2025-07-28T22:56:57.592+0000] {logging_mixin.py:137} INFO - [2025-07-28T22:56:57.592+0000] {dag.py:2690} INFO - Sync 1 DAGs
[2025-07-28T22:56:57.620+0000] {logging_mixin.py:137} INFO - [2025-07-28T22:56:57.620+0000] {dag.py:3441} INFO - Setting next_dagrun for tutorial_taskflow_api to None, run_after=None
[2025-07-28T22:56:57.648+0000] {processor.py:175} INFO - Processing /home/airflow/.local/lib/python3.7/site-packages/airflow/example_dags/tutorial_taskflow_api.py took 0.121 seconds
[2025-07-28T22:57:28.661+0000] {processor.py:153} INFO - Started process (PID=1803) to work on /home/airflow/.local/lib/python3.7/site-packages/airflow/example_dags/tutorial_taskflow_api.py
[2025-07-28T22:57:28.663+0000] {processor.py:743} INFO - Processing file /home/airflow/.local/lib/python3.7/site-packages/airflow/example_dags/tutorial_taskflow_api.py for tasks to queue
[2025-07-28T22:57:28.664+0000] {logging_mixin.py:137} INFO - [2025-07-28T22:57:28.664+0000] {dagbag.py:538} INFO - Filling up the DagBag from /home/airflow/.local/lib/python3.7/site-packages/airflow/example_dags/tutorial_taskflow_api.py
[2025-07-28T22:57:28.696+0000] {processor.py:753} INFO - DAG(s) dict_keys(['tutorial_taskflow_api']) retrieved from /home/airflow/.local/lib/python3.7/site-packages/airflow/example_dags/tutorial_taskflow_api.py
[2025-07-28T22:57:28.761+0000] {logging_mixin.py:137} INFO - [2025-07-28T22:57:28.760+0000] {dag.py:2690} INFO - Sync 1 DAGs
[2025-07-28T22:57:28.848+0000] {logging_mixin.py:137} INFO - [2025-07-28T22:57:28.848+0000] {dag.py:3441} INFO - Setting next_dagrun for tutorial_taskflow_api to None, run_after=None
[2025-07-28T22:57:28.877+0000] {processor.py:175} INFO - Processing /home/airflow/.local/lib/python3.7/site-packages/airflow/example_dags/tutorial_taskflow_api.py took 0.222 seconds
[2025-07-28T22:57:59.004+0000] {processor.py:153} INFO - Started process (PID=1881) to work on /home/airflow/.local/lib/python3.7/site-packages/airflow/example_dags/tutorial_taskflow_api.py
[2025-07-28T22:57:59.006+0000] {processor.py:743} INFO - Processing file /home/airflow/.local/lib/python3.7/site-packages/airflow/example_dags/tutorial_taskflow_api.py for tasks to queue
[2025-07-28T22:57:59.007+0000] {logging_mixin.py:137} INFO - [2025-07-28T22:57:59.007+0000] {dagbag.py:538} INFO - Filling up the DagBag from /home/airflow/.local/lib/python3.7/site-packages/airflow/example_dags/tutorial_taskflow_api.py
[2025-07-28T22:57:59.033+0000] {processor.py:753} INFO - DAG(s) dict_keys(['tutorial_taskflow_api']) retrieved from /home/airflow/.local/lib/python3.7/site-packages/airflow/example_dags/tutorial_taskflow_api.py
[2025-07-28T22:57:59.065+0000] {logging_mixin.py:137} INFO - [2025-07-28T22:57:59.064+0000] {dag.py:2690} INFO - Sync 1 DAGs
[2025-07-28T22:57:59.096+0000] {logging_mixin.py:137} INFO - [2025-07-28T22:57:59.096+0000] {dag.py:3441} INFO - Setting next_dagrun for tutorial_taskflow_api to None, run_after=None
[2025-07-28T22:57:59.125+0000] {processor.py:175} INFO - Processing /home/airflow/.local/lib/python3.7/site-packages/airflow/example_dags/tutorial_taskflow_api.py took 0.124 seconds
[2025-07-28T22:58:29.554+0000] {processor.py:153} INFO - Started process (PID=1952) to work on /home/airflow/.local/lib/python3.7/site-packages/airflow/example_dags/tutorial_taskflow_api.py
[2025-07-28T22:58:29.555+0000] {processor.py:743} INFO - Processing file /home/airflow/.local/lib/python3.7/site-packages/airflow/example_dags/tutorial_taskflow_api.py for tasks to queue
[2025-07-28T22:58:29.556+0000] {logging_mixin.py:137} INFO - [2025-07-28T22:58:29.555+0000] {dagbag.py:538} INFO - Filling up the DagBag from /home/airflow/.local/lib/python3.7/site-packages/airflow/example_dags/tutorial_taskflow_api.py
[2025-07-28T22:58:29.578+0000] {processor.py:753} INFO - DAG(s) dict_keys(['tutorial_taskflow_api']) retrieved from /home/airflow/.local/lib/python3.7/site-packages/airflow/example_dags/tutorial_taskflow_api.py
[2025-07-28T22:58:29.615+0000] {logging_mixin.py:137} INFO - [2025-07-28T22:58:29.615+0000] {dag.py:2690} INFO - Sync 1 DAGs
[2025-07-28T22:58:29.653+0000] {logging_mixin.py:137} INFO - [2025-07-28T22:58:29.653+0000] {dag.py:3441} INFO - Setting next_dagrun for tutorial_taskflow_api to None, run_after=None
[2025-07-28T22:58:29.682+0000] {processor.py:175} INFO - Processing /home/airflow/.local/lib/python3.7/site-packages/airflow/example_dags/tutorial_taskflow_api.py took 0.132 seconds
[2025-07-28T22:59:00.285+0000] {processor.py:153} INFO - Started process (PID=2039) to work on /home/airflow/.local/lib/python3.7/site-packages/airflow/example_dags/tutorial_taskflow_api.py
[2025-07-28T22:59:00.286+0000] {processor.py:743} INFO - Processing file /home/airflow/.local/lib/python3.7/site-packages/airflow/example_dags/tutorial_taskflow_api.py for tasks to queue
[2025-07-28T22:59:00.287+0000] {logging_mixin.py:137} INFO - [2025-07-28T22:59:00.287+0000] {dagbag.py:538} INFO - Filling up the DagBag from /home/airflow/.local/lib/python3.7/site-packages/airflow/example_dags/tutorial_taskflow_api.py
[2025-07-28T22:59:00.317+0000] {processor.py:753} INFO - DAG(s) dict_keys(['tutorial_taskflow_api']) retrieved from /home/airflow/.local/lib/python3.7/site-packages/airflow/example_dags/tutorial_taskflow_api.py
[2025-07-28T22:59:00.365+0000] {logging_mixin.py:137} INFO - [2025-07-28T22:59:00.365+0000] {dag.py:2690} INFO - Sync 1 DAGs
[2025-07-28T22:59:00.402+0000] {logging_mixin.py:137} INFO - [2025-07-28T22:59:00.401+0000] {dag.py:3441} INFO - Setting next_dagrun for tutorial_taskflow_api to None, run_after=None
[2025-07-28T22:59:00.482+0000] {processor.py:175} INFO - Processing /home/airflow/.local/lib/python3.7/site-packages/airflow/example_dags/tutorial_taskflow_api.py took 0.203 seconds
[2025-07-28T22:59:30.919+0000] {processor.py:153} INFO - Started process (PID=2110) to work on /home/airflow/.local/lib/python3.7/site-packages/airflow/example_dags/tutorial_taskflow_api.py
[2025-07-28T22:59:30.921+0000] {processor.py:743} INFO - Processing file /home/airflow/.local/lib/python3.7/site-packages/airflow/example_dags/tutorial_taskflow_api.py for tasks to queue
[2025-07-28T22:59:30.923+0000] {logging_mixin.py:137} INFO - [2025-07-28T22:59:30.922+0000] {dagbag.py:538} INFO - Filling up the DagBag from /home/airflow/.local/lib/python3.7/site-packages/airflow/example_dags/tutorial_taskflow_api.py
[2025-07-28T22:59:30.964+0000] {processor.py:753} INFO - DAG(s) dict_keys(['tutorial_taskflow_api']) retrieved from /home/airflow/.local/lib/python3.7/site-packages/airflow/example_dags/tutorial_taskflow_api.py
[2025-07-28T22:59:31.040+0000] {logging_mixin.py:137} INFO - [2025-07-28T22:59:31.040+0000] {dag.py:2690} INFO - Sync 1 DAGs
[2025-07-28T22:59:31.099+0000] {logging_mixin.py:137} INFO - [2025-07-28T22:59:31.099+0000] {dag.py:3441} INFO - Setting next_dagrun for tutorial_taskflow_api to None, run_after=None
[2025-07-28T22:59:31.150+0000] {processor.py:175} INFO - Processing /home/airflow/.local/lib/python3.7/site-packages/airflow/example_dags/tutorial_taskflow_api.py took 0.238 seconds
[2025-07-28T23:00:02.118+0000] {processor.py:153} INFO - Started process (PID=2182) to work on /home/airflow/.local/lib/python3.7/site-packages/airflow/example_dags/tutorial_taskflow_api.py
[2025-07-28T23:00:02.120+0000] {processor.py:743} INFO - Processing file /home/airflow/.local/lib/python3.7/site-packages/airflow/example_dags/tutorial_taskflow_api.py for tasks to queue
[2025-07-28T23:00:02.122+0000] {logging_mixin.py:137} INFO - [2025-07-28T23:00:02.121+0000] {dagbag.py:538} INFO - Filling up the DagBag from /home/airflow/.local/lib/python3.7/site-packages/airflow/example_dags/tutorial_taskflow_api.py
[2025-07-28T23:00:02.154+0000] {processor.py:753} INFO - DAG(s) dict_keys(['tutorial_taskflow_api']) retrieved from /home/airflow/.local/lib/python3.7/site-packages/airflow/example_dags/tutorial_taskflow_api.py
[2025-07-28T23:00:02.188+0000] {logging_mixin.py:137} INFO - [2025-07-28T23:00:02.188+0000] {dag.py:2690} INFO - Sync 1 DAGs
[2025-07-28T23:00:02.219+0000] {logging_mixin.py:137} INFO - [2025-07-28T23:00:02.219+0000] {dag.py:3441} INFO - Setting next_dagrun for tutorial_taskflow_api to None, run_after=None
[2025-07-28T23:00:02.248+0000] {processor.py:175} INFO - Processing /home/airflow/.local/lib/python3.7/site-packages/airflow/example_dags/tutorial_taskflow_api.py took 0.138 seconds
[2025-07-28T23:00:33.142+0000] {processor.py:153} INFO - Started process (PID=2269) to work on /home/airflow/.local/lib/python3.7/site-packages/airflow/example_dags/tutorial_taskflow_api.py
[2025-07-28T23:00:33.144+0000] {processor.py:743} INFO - Processing file /home/airflow/.local/lib/python3.7/site-packages/airflow/example_dags/tutorial_taskflow_api.py for tasks to queue
[2025-07-28T23:00:33.145+0000] {logging_mixin.py:137} INFO - [2025-07-28T23:00:33.145+0000] {dagbag.py:538} INFO - Filling up the DagBag from /home/airflow/.local/lib/python3.7/site-packages/airflow/example_dags/tutorial_taskflow_api.py
[2025-07-28T23:00:33.214+0000] {processor.py:753} INFO - DAG(s) dict_keys(['tutorial_taskflow_api']) retrieved from /home/airflow/.local/lib/python3.7/site-packages/airflow/example_dags/tutorial_taskflow_api.py
[2025-07-28T23:00:33.264+0000] {logging_mixin.py:137} INFO - [2025-07-28T23:00:33.264+0000] {dag.py:2690} INFO - Sync 1 DAGs
[2025-07-28T23:00:33.351+0000] {logging_mixin.py:137} INFO - [2025-07-28T23:00:33.351+0000] {dag.py:3441} INFO - Setting next_dagrun for tutorial_taskflow_api to None, run_after=None
[2025-07-28T23:00:33.393+0000] {processor.py:175} INFO - Processing /home/airflow/.local/lib/python3.7/site-packages/airflow/example_dags/tutorial_taskflow_api.py took 0.255 seconds
[2025-07-28T23:01:05.007+0000] {processor.py:153} INFO - Started process (PID=2340) to work on /home/airflow/.local/lib/python3.7/site-packages/airflow/example_dags/tutorial_taskflow_api.py
[2025-07-28T23:01:05.010+0000] {processor.py:743} INFO - Processing file /home/airflow/.local/lib/python3.7/site-packages/airflow/example_dags/tutorial_taskflow_api.py for tasks to queue
[2025-07-28T23:01:05.011+0000] {logging_mixin.py:137} INFO - [2025-07-28T23:01:05.011+0000] {dagbag.py:538} INFO - Filling up the DagBag from /home/airflow/.local/lib/python3.7/site-packages/airflow/example_dags/tutorial_taskflow_api.py
[2025-07-28T23:01:05.039+0000] {processor.py:753} INFO - DAG(s) dict_keys(['tutorial_taskflow_api']) retrieved from /home/airflow/.local/lib/python3.7/site-packages/airflow/example_dags/tutorial_taskflow_api.py
[2025-07-28T23:01:05.078+0000] {logging_mixin.py:137} INFO - [2025-07-28T23:01:05.077+0000] {dag.py:2690} INFO - Sync 1 DAGs
[2025-07-28T23:01:05.121+0000] {logging_mixin.py:137} INFO - [2025-07-28T23:01:05.120+0000] {dag.py:3441} INFO - Setting next_dagrun for tutorial_taskflow_api to None, run_after=None
[2025-07-28T23:01:05.150+0000] {processor.py:175} INFO - Processing /home/airflow/.local/lib/python3.7/site-packages/airflow/example_dags/tutorial_taskflow_api.py took 0.148 seconds
[2025-07-28T23:01:35.520+0000] {processor.py:153} INFO - Started process (PID=2428) to work on /home/airflow/.local/lib/python3.7/site-packages/airflow/example_dags/tutorial_taskflow_api.py
[2025-07-28T23:01:35.522+0000] {processor.py:743} INFO - Processing file /home/airflow/.local/lib/python3.7/site-packages/airflow/example_dags/tutorial_taskflow_api.py for tasks to queue
[2025-07-28T23:01:35.525+0000] {logging_mixin.py:137} INFO - [2025-07-28T23:01:35.524+0000] {dagbag.py:538} INFO - Filling up the DagBag from /home/airflow/.local/lib/python3.7/site-packages/airflow/example_dags/tutorial_taskflow_api.py
[2025-07-28T23:01:35.560+0000] {processor.py:753} INFO - DAG(s) dict_keys(['tutorial_taskflow_api']) retrieved from /home/airflow/.local/lib/python3.7/site-packages/airflow/example_dags/tutorial_taskflow_api.py
[2025-07-28T23:01:35.601+0000] {logging_mixin.py:137} INFO - [2025-07-28T23:01:35.601+0000] {dag.py:2690} INFO - Sync 1 DAGs
[2025-07-28T23:01:35.635+0000] {logging_mixin.py:137} INFO - [2025-07-28T23:01:35.635+0000] {dag.py:3441} INFO - Setting next_dagrun for tutorial_taskflow_api to None, run_after=None
[2025-07-28T23:01:35.667+0000] {processor.py:175} INFO - Processing /home/airflow/.local/lib/python3.7/site-packages/airflow/example_dags/tutorial_taskflow_api.py took 0.152 seconds
[2025-07-28T23:02:06.080+0000] {processor.py:153} INFO - Started process (PID=2499) to work on /home/airflow/.local/lib/python3.7/site-packages/airflow/example_dags/tutorial_taskflow_api.py
[2025-07-28T23:02:06.083+0000] {processor.py:743} INFO - Processing file /home/airflow/.local/lib/python3.7/site-packages/airflow/example_dags/tutorial_taskflow_api.py for tasks to queue
[2025-07-28T23:02:06.091+0000] {logging_mixin.py:137} INFO - [2025-07-28T23:02:06.091+0000] {dagbag.py:538} INFO - Filling up the DagBag from /home/airflow/.local/lib/python3.7/site-packages/airflow/example_dags/tutorial_taskflow_api.py
[2025-07-28T23:02:06.148+0000] {processor.py:753} INFO - DAG(s) dict_keys(['tutorial_taskflow_api']) retrieved from /home/airflow/.local/lib/python3.7/site-packages/airflow/example_dags/tutorial_taskflow_api.py
[2025-07-28T23:02:06.220+0000] {logging_mixin.py:137} INFO - [2025-07-28T23:02:06.220+0000] {dag.py:2690} INFO - Sync 1 DAGs
[2025-07-28T23:02:06.346+0000] {logging_mixin.py:137} INFO - [2025-07-28T23:02:06.346+0000] {dag.py:3441} INFO - Setting next_dagrun for tutorial_taskflow_api to None, run_after=None
[2025-07-28T23:02:06.392+0000] {processor.py:175} INFO - Processing /home/airflow/.local/lib/python3.7/site-packages/airflow/example_dags/tutorial_taskflow_api.py took 0.317 seconds
[2025-07-28T23:02:37.251+0000] {processor.py:153} INFO - Started process (PID=2585) to work on /home/airflow/.local/lib/python3.7/site-packages/airflow/example_dags/tutorial_taskflow_api.py
[2025-07-28T23:02:37.253+0000] {processor.py:743} INFO - Processing file /home/airflow/.local/lib/python3.7/site-packages/airflow/example_dags/tutorial_taskflow_api.py for tasks to queue
[2025-07-28T23:02:37.255+0000] {logging_mixin.py:137} INFO - [2025-07-28T23:02:37.255+0000] {dagbag.py:538} INFO - Filling up the DagBag from /home/airflow/.local/lib/python3.7/site-packages/airflow/example_dags/tutorial_taskflow_api.py
[2025-07-28T23:02:37.294+0000] {processor.py:753} INFO - DAG(s) dict_keys(['tutorial_taskflow_api']) retrieved from /home/airflow/.local/lib/python3.7/site-packages/airflow/example_dags/tutorial_taskflow_api.py
[2025-07-28T23:02:37.321+0000] {logging_mixin.py:137} INFO - [2025-07-28T23:02:37.321+0000] {dag.py:2690} INFO - Sync 1 DAGs
[2025-07-28T23:02:37.372+0000] {logging_mixin.py:137} INFO - [2025-07-28T23:02:37.372+0000] {dag.py:3441} INFO - Setting next_dagrun for tutorial_taskflow_api to None, run_after=None
[2025-07-28T23:02:37.409+0000] {processor.py:175} INFO - Processing /home/airflow/.local/lib/python3.7/site-packages/airflow/example_dags/tutorial_taskflow_api.py took 0.166 seconds
[2025-07-28T23:03:08.010+0000] {processor.py:153} INFO - Started process (PID=2656) to work on /home/airflow/.local/lib/python3.7/site-packages/airflow/example_dags/tutorial_taskflow_api.py
[2025-07-28T23:03:08.012+0000] {processor.py:743} INFO - Processing file /home/airflow/.local/lib/python3.7/site-packages/airflow/example_dags/tutorial_taskflow_api.py for tasks to queue
[2025-07-28T23:03:08.014+0000] {logging_mixin.py:137} INFO - [2025-07-28T23:03:08.013+0000] {dagbag.py:538} INFO - Filling up the DagBag from /home/airflow/.local/lib/python3.7/site-packages/airflow/example_dags/tutorial_taskflow_api.py
[2025-07-28T23:03:08.042+0000] {processor.py:753} INFO - DAG(s) dict_keys(['tutorial_taskflow_api']) retrieved from /home/airflow/.local/lib/python3.7/site-packages/airflow/example_dags/tutorial_taskflow_api.py
[2025-07-28T23:03:08.065+0000] {logging_mixin.py:137} INFO - [2025-07-28T23:03:08.065+0000] {dag.py:2690} INFO - Sync 1 DAGs
[2025-07-28T23:03:08.108+0000] {logging_mixin.py:137} INFO - [2025-07-28T23:03:08.107+0000] {dag.py:3441} INFO - Setting next_dagrun for tutorial_taskflow_api to None, run_after=None
[2025-07-28T23:03:08.147+0000] {processor.py:175} INFO - Processing /home/airflow/.local/lib/python3.7/site-packages/airflow/example_dags/tutorial_taskflow_api.py took 0.141 seconds
[2025-07-28T23:03:38.504+0000] {processor.py:153} INFO - Started process (PID=2727) to work on /home/airflow/.local/lib/python3.7/site-packages/airflow/example_dags/tutorial_taskflow_api.py
[2025-07-28T23:03:38.506+0000] {processor.py:743} INFO - Processing file /home/airflow/.local/lib/python3.7/site-packages/airflow/example_dags/tutorial_taskflow_api.py for tasks to queue
[2025-07-28T23:03:38.509+0000] {logging_mixin.py:137} INFO - [2025-07-28T23:03:38.508+0000] {dagbag.py:538} INFO - Filling up the DagBag from /home/airflow/.local/lib/python3.7/site-packages/airflow/example_dags/tutorial_taskflow_api.py
[2025-07-28T23:03:38.541+0000] {processor.py:753} INFO - DAG(s) dict_keys(['tutorial_taskflow_api']) retrieved from /home/airflow/.local/lib/python3.7/site-packages/airflow/example_dags/tutorial_taskflow_api.py
[2025-07-28T23:03:38.563+0000] {logging_mixin.py:137} INFO - [2025-07-28T23:03:38.563+0000] {dag.py:2690} INFO - Sync 1 DAGs
[2025-07-28T23:03:38.620+0000] {logging_mixin.py:137} INFO - [2025-07-28T23:03:38.619+0000] {dag.py:3441} INFO - Setting next_dagrun for tutorial_taskflow_api to None, run_after=None
[2025-07-28T23:03:38.659+0000] {processor.py:175} INFO - Processing /home/airflow/.local/lib/python3.7/site-packages/airflow/example_dags/tutorial_taskflow_api.py took 0.158 seconds
[2025-07-28T23:04:08.783+0000] {processor.py:153} INFO - Started process (PID=2814) to work on /home/airflow/.local/lib/python3.7/site-packages/airflow/example_dags/tutorial_taskflow_api.py
[2025-07-28T23:04:08.784+0000] {processor.py:743} INFO - Processing file /home/airflow/.local/lib/python3.7/site-packages/airflow/example_dags/tutorial_taskflow_api.py for tasks to queue
[2025-07-28T23:04:08.788+0000] {logging_mixin.py:137} INFO - [2025-07-28T23:04:08.788+0000] {dagbag.py:538} INFO - Filling up the DagBag from /home/airflow/.local/lib/python3.7/site-packages/airflow/example_dags/tutorial_taskflow_api.py
[2025-07-28T23:04:08.831+0000] {processor.py:753} INFO - DAG(s) dict_keys(['tutorial_taskflow_api']) retrieved from /home/airflow/.local/lib/python3.7/site-packages/airflow/example_dags/tutorial_taskflow_api.py
[2025-07-28T23:04:08.882+0000] {logging_mixin.py:137} INFO - [2025-07-28T23:04:08.882+0000] {dag.py:2690} INFO - Sync 1 DAGs
[2025-07-28T23:04:08.936+0000] {logging_mixin.py:137} INFO - [2025-07-28T23:04:08.935+0000] {dag.py:3441} INFO - Setting next_dagrun for tutorial_taskflow_api to None, run_after=None
[2025-07-28T23:04:08.970+0000] {processor.py:175} INFO - Processing /home/airflow/.local/lib/python3.7/site-packages/airflow/example_dags/tutorial_taskflow_api.py took 0.192 seconds
[2025-07-28T23:04:39.059+0000] {processor.py:153} INFO - Started process (PID=2884) to work on /home/airflow/.local/lib/python3.7/site-packages/airflow/example_dags/tutorial_taskflow_api.py
[2025-07-28T23:04:39.061+0000] {processor.py:743} INFO - Processing file /home/airflow/.local/lib/python3.7/site-packages/airflow/example_dags/tutorial_taskflow_api.py for tasks to queue
[2025-07-28T23:04:39.062+0000] {logging_mixin.py:137} INFO - [2025-07-28T23:04:39.062+0000] {dagbag.py:538} INFO - Filling up the DagBag from /home/airflow/.local/lib/python3.7/site-packages/airflow/example_dags/tutorial_taskflow_api.py
[2025-07-28T23:04:39.089+0000] {processor.py:753} INFO - DAG(s) dict_keys(['tutorial_taskflow_api']) retrieved from /home/airflow/.local/lib/python3.7/site-packages/airflow/example_dags/tutorial_taskflow_api.py
[2025-07-28T23:04:39.121+0000] {logging_mixin.py:137} INFO - [2025-07-28T23:04:39.121+0000] {dag.py:2690} INFO - Sync 1 DAGs
[2025-07-28T23:04:39.150+0000] {logging_mixin.py:137} INFO - [2025-07-28T23:04:39.150+0000] {dag.py:3441} INFO - Setting next_dagrun for tutorial_taskflow_api to None, run_after=None
[2025-07-28T23:04:39.173+0000] {processor.py:175} INFO - Processing /home/airflow/.local/lib/python3.7/site-packages/airflow/example_dags/tutorial_taskflow_api.py took 0.119 seconds
[2025-07-28T23:05:09.470+0000] {processor.py:153} INFO - Started process (PID=2955) to work on /home/airflow/.local/lib/python3.7/site-packages/airflow/example_dags/tutorial_taskflow_api.py
[2025-07-28T23:05:09.471+0000] {processor.py:743} INFO - Processing file /home/airflow/.local/lib/python3.7/site-packages/airflow/example_dags/tutorial_taskflow_api.py for tasks to queue
[2025-07-28T23:05:09.472+0000] {logging_mixin.py:137} INFO - [2025-07-28T23:05:09.472+0000] {dagbag.py:538} INFO - Filling up the DagBag from /home/airflow/.local/lib/python3.7/site-packages/airflow/example_dags/tutorial_taskflow_api.py
[2025-07-28T23:05:09.500+0000] {processor.py:753} INFO - DAG(s) dict_keys(['tutorial_taskflow_api']) retrieved from /home/airflow/.local/lib/python3.7/site-packages/airflow/example_dags/tutorial_taskflow_api.py
[2025-07-28T23:05:09.539+0000] {logging_mixin.py:137} INFO - [2025-07-28T23:05:09.539+0000] {dag.py:2690} INFO - Sync 1 DAGs
[2025-07-28T23:05:09.608+0000] {logging_mixin.py:137} INFO - [2025-07-28T23:05:09.608+0000] {dag.py:3441} INFO - Setting next_dagrun for tutorial_taskflow_api to None, run_after=None
[2025-07-28T23:05:09.640+0000] {processor.py:175} INFO - Processing /home/airflow/.local/lib/python3.7/site-packages/airflow/example_dags/tutorial_taskflow_api.py took 0.177 seconds
[2025-07-28T23:05:40.541+0000] {processor.py:153} INFO - Started process (PID=3043) to work on /home/airflow/.local/lib/python3.7/site-packages/airflow/example_dags/tutorial_taskflow_api.py
[2025-07-28T23:05:40.542+0000] {processor.py:743} INFO - Processing file /home/airflow/.local/lib/python3.7/site-packages/airflow/example_dags/tutorial_taskflow_api.py for tasks to queue
[2025-07-28T23:05:40.544+0000] {logging_mixin.py:137} INFO - [2025-07-28T23:05:40.543+0000] {dagbag.py:538} INFO - Filling up the DagBag from /home/airflow/.local/lib/python3.7/site-packages/airflow/example_dags/tutorial_taskflow_api.py
[2025-07-28T23:05:40.578+0000] {processor.py:753} INFO - DAG(s) dict_keys(['tutorial_taskflow_api']) retrieved from /home/airflow/.local/lib/python3.7/site-packages/airflow/example_dags/tutorial_taskflow_api.py
[2025-07-28T23:05:40.618+0000] {logging_mixin.py:137} INFO - [2025-07-28T23:05:40.618+0000] {dag.py:2690} INFO - Sync 1 DAGs
[2025-07-28T23:05:40.659+0000] {logging_mixin.py:137} INFO - [2025-07-28T23:05:40.659+0000] {dag.py:3441} INFO - Setting next_dagrun for tutorial_taskflow_api to None, run_after=None
[2025-07-28T23:05:40.689+0000] {processor.py:175} INFO - Processing /home/airflow/.local/lib/python3.7/site-packages/airflow/example_dags/tutorial_taskflow_api.py took 0.153 seconds
[2025-07-28T23:06:10.949+0000] {processor.py:153} INFO - Started process (PID=3115) to work on /home/airflow/.local/lib/python3.7/site-packages/airflow/example_dags/tutorial_taskflow_api.py
[2025-07-28T23:06:10.950+0000] {processor.py:743} INFO - Processing file /home/airflow/.local/lib/python3.7/site-packages/airflow/example_dags/tutorial_taskflow_api.py for tasks to queue
[2025-07-28T23:06:10.951+0000] {logging_mixin.py:137} INFO - [2025-07-28T23:06:10.951+0000] {dagbag.py:538} INFO - Filling up the DagBag from /home/airflow/.local/lib/python3.7/site-packages/airflow/example_dags/tutorial_taskflow_api.py
[2025-07-28T23:06:10.976+0000] {processor.py:753} INFO - DAG(s) dict_keys(['tutorial_taskflow_api']) retrieved from /home/airflow/.local/lib/python3.7/site-packages/airflow/example_dags/tutorial_taskflow_api.py
[2025-07-28T23:06:11.002+0000] {logging_mixin.py:137} INFO - [2025-07-28T23:06:11.002+0000] {dag.py:2690} INFO - Sync 1 DAGs
[2025-07-28T23:06:11.026+0000] {logging_mixin.py:137} INFO - [2025-07-28T23:06:11.026+0000] {dag.py:3441} INFO - Setting next_dagrun for tutorial_taskflow_api to None, run_after=None
[2025-07-28T23:06:11.048+0000] {processor.py:175} INFO - Processing /home/airflow/.local/lib/python3.7/site-packages/airflow/example_dags/tutorial_taskflow_api.py took 0.103 seconds
[2025-07-28T23:06:41.440+0000] {processor.py:153} INFO - Started process (PID=3187) to work on /home/airflow/.local/lib/python3.7/site-packages/airflow/example_dags/tutorial_taskflow_api.py
[2025-07-28T23:06:41.441+0000] {processor.py:743} INFO - Processing file /home/airflow/.local/lib/python3.7/site-packages/airflow/example_dags/tutorial_taskflow_api.py for tasks to queue
[2025-07-28T23:06:41.442+0000] {logging_mixin.py:137} INFO - [2025-07-28T23:06:41.442+0000] {dagbag.py:538} INFO - Filling up the DagBag from /home/airflow/.local/lib/python3.7/site-packages/airflow/example_dags/tutorial_taskflow_api.py
[2025-07-28T23:06:41.485+0000] {processor.py:753} INFO - DAG(s) dict_keys(['tutorial_taskflow_api']) retrieved from /home/airflow/.local/lib/python3.7/site-packages/airflow/example_dags/tutorial_taskflow_api.py
[2025-07-28T23:06:41.520+0000] {logging_mixin.py:137} INFO - [2025-07-28T23:06:41.520+0000] {dag.py:2690} INFO - Sync 1 DAGs
[2025-07-28T23:06:41.555+0000] {logging_mixin.py:137} INFO - [2025-07-28T23:06:41.555+0000] {dag.py:3441} INFO - Setting next_dagrun for tutorial_taskflow_api to None, run_after=None
[2025-07-28T23:06:41.580+0000] {processor.py:175} INFO - Processing /home/airflow/.local/lib/python3.7/site-packages/airflow/example_dags/tutorial_taskflow_api.py took 0.146 seconds
